2026-01-09 14:30:08,241 - INFO - openpose - OpenPose server started and bound to tcp://*:5555
2026-01-09 14:30:08,241 - INFO - openpose - OpenPose server started and bound to tcp://*:5556
2026-01-09 14:30:08,253 - INFO - openpose - Starting OpenPose
2026-01-09 14:30:09,023 - INFO - openpose - OpenPose initialized - waiting for turn_order
2026-01-09 14:30:22,475 - INFO - openpose - Message received: ybypbpbpy

2026-01-09 14:30:23,202 - INFO - openpose - Gaze3D frame=0 id=left label=Left person v=[-0.311, -0.115, 0.943] yaw=-18.3 pitch=6.6 cx=302.5614929199219
2026-01-09 14:30:23,202 - INFO - openpose - Gaze3D frame=0 id=right label=Right person v=[-0.449, -0.140, 0.882] yaw=-27.0 pitch=8.0 cx=453.5835876464844
2026-01-09 14:30:23,202 - INFO - openpose - Gaze PUB: people=2, frame_idx=0
2026-01-09 14:30:23,202 - INFO - openpose - Robot's turn detected
2026-01-09 14:30:24,142 - INFO - openpose - Gaze3D frame=8 id=left label=Left person v=[-0.456, 0.011, 0.890] yaw=-27.2 pitch=-0.7 cx=298.950439453125
2026-01-09 14:30:24,142 - INFO - openpose - Gaze3D frame=8 id=right label=Right person v=[-0.467, -0.193, 0.863] yaw=-28.4 pitch=11.2 cx=453.11187744140625
2026-01-09 14:30:24,142 - INFO - openpose - Gaze PUB: people=2, frame_idx=8
2026-01-09 14:30:25,022 - INFO - openpose - Gaze3D frame=16 id=left label=Left person v=[-0.456, -0.013, 0.890] yaw=-27.1 pitch=0.7 cx=298.4051818847656
2026-01-09 14:30:25,022 - INFO - openpose - Gaze3D frame=16 id=right label=Right person v=[-0.516, -0.123, 0.847] yaw=-31.4 pitch=7.1 cx=453.1857147216797
2026-01-09 14:30:25,022 - INFO - openpose - Gaze PUB: people=2, frame_idx=16
2026-01-09 14:30:25,925 - INFO - openpose - Gaze3D frame=24 id=left label=Left person v=[-0.398, 0.008, 0.917] yaw=-23.5 pitch=-0.4 cx=298.4461364746094
2026-01-09 14:30:25,925 - INFO - openpose - Gaze3D frame=24 id=right label=Right person v=[-0.424, -0.130, 0.896] yaw=-25.3 pitch=7.4 cx=452.8892822265625
2026-01-09 14:30:25,925 - INFO - openpose - Gaze PUB: people=2, frame_idx=24
2026-01-09 14:30:26,637 - INFO - openpose - Gaze3D frame=32 id=left label=Left person v=[-0.407, -0.015, 0.913] yaw=-24.0 pitch=0.8 cx=298.9964599609375
2026-01-09 14:30:26,638 - INFO - openpose - Gaze3D frame=32 id=right label=Right person v=[-0.459, -0.111, 0.881] yaw=-27.5 pitch=6.4 cx=452.5277099609375
2026-01-09 14:30:26,638 - INFO - openpose - Gaze PUB: people=2, frame_idx=32
2026-01-09 14:30:27,350 - INFO - openpose - Gaze3D frame=40 id=left label=Left person v=[-0.375, -0.059, 0.925] yaw=-22.1 pitch=3.4 cx=299.03282165527344
2026-01-09 14:30:27,351 - INFO - openpose - Gaze3D frame=40 id=right label=Right person v=[-0.417, -0.123, 0.901] yaw=-24.8 pitch=7.1 cx=452.66937255859375
2026-01-09 14:30:27,351 - INFO - openpose - Gaze PUB: people=2, frame_idx=40
2026-01-09 14:30:28,061 - INFO - openpose - Gaze3D frame=48 id=left label=Left person v=[0.059, -0.472, 0.880] yaw=3.8 pitch=28.1 cx=294.8251647949219
2026-01-09 14:30:28,061 - INFO - openpose - Gaze3D frame=48 id=right label=Right person v=[0.066, -0.413, 0.908] yaw=4.2 pitch=24.4 cx=452.5303039550781
2026-01-09 14:30:28,061 - INFO - openpose - Gaze PUB: people=2, frame_idx=48
2026-01-09 14:30:28,764 - INFO - openpose - Gaze3D frame=56 id=left label=Left person v=[-0.374, 0.024, 0.927] yaw=-22.0 pitch=-1.4 cx=296.29298400878906
2026-01-09 14:30:28,764 - INFO - openpose - Gaze3D frame=56 id=right label=Right person v=[-0.399, -0.037, 0.916] yaw=-23.5 pitch=2.1 cx=452.9320831298828
2026-01-09 14:30:28,764 - INFO - openpose - Gaze PUB: people=2, frame_idx=56
2026-01-09 14:30:29,449 - INFO - openpose - Gaze3D frame=64 id=left label=Left person v=[-0.287, 0.023, 0.958] yaw=-16.7 pitch=-1.3 cx=298.69647216796875
2026-01-09 14:30:29,449 - INFO - openpose - Gaze3D frame=64 id=right label=Right person v=[-0.302, -0.027, 0.953] yaw=-17.6 pitch=1.6 cx=453.7137756347656
2026-01-09 14:30:29,449 - INFO - openpose - Gaze PUB: people=2, frame_idx=64
2026-01-09 14:30:30,158 - INFO - openpose - Gaze3D frame=72 id=left label=Left person v=[-0.498, 0.309, 0.811] yaw=-31.5 pitch=-18.0 cx=300.82554626464844
2026-01-09 14:30:30,158 - INFO - openpose - Gaze3D frame=72 id=right label=Right person v=[-0.276, -0.060, 0.959] yaw=-16.1 pitch=3.5 cx=453.72149658203125
2026-01-09 14:30:30,158 - INFO - openpose - Gaze PUB: people=2, frame_idx=72
2026-01-09 14:30:30,862 - INFO - openpose - Gaze3D frame=80 id=left label=Left person v=[-0.447, 0.468, 0.763] yaw=-30.4 pitch=-27.9 cx=304.7941589355469
2026-01-09 14:30:30,862 - INFO - openpose - Gaze3D frame=80 id=right label=Right person v=[-0.240, 0.030, 0.970] yaw=-13.9 pitch=-1.7 cx=453.4374694824219
2026-01-09 14:30:30,862 - INFO - openpose - Gaze PUB: people=2, frame_idx=80
2026-01-09 14:30:31,526 - INFO - openpose - Gaze3D frame=88 id=left label=Left person v=[0.082, 0.718, 0.691] yaw=6.8 pitch=-45.9 cx=315.1404113769531
2026-01-09 14:30:31,527 - INFO - openpose - Gaze3D frame=88 id=right label=Right person v=[-0.424, -0.079, 0.902] yaw=-25.1 pitch=4.6 cx=453.0460205078125
2026-01-09 14:30:31,527 - INFO - openpose - Gaze PUB: people=2, frame_idx=88
2026-01-09 14:30:32,214 - INFO - openpose - Gaze3D frame=96 id=left label=Left person v=[-0.188, 0.818, 0.544] yaw=-19.1 pitch=-54.9 cx=305.7772979736328
2026-01-09 14:30:32,214 - INFO - openpose - Gaze3D frame=96 id=right label=Right person v=[-0.440, 0.063, 0.896] yaw=-26.1 pitch=-3.6 cx=453.94786071777344
2026-01-09 14:30:32,214 - INFO - openpose - Gaze PUB: people=2, frame_idx=96
2026-01-09 14:30:32,877 - INFO - openpose - Gaze3D frame=104 id=left label=Left person v=[0.060, -0.026, 0.998] yaw=3.4 pitch=1.5 cx=302.3557434082031
2026-01-09 14:30:32,877 - INFO - openpose - Gaze3D frame=104 id=right label=Right person v=[-0.352, -0.097, 0.931] yaw=-20.7 pitch=5.6 cx=453.6354675292969
2026-01-09 14:30:32,877 - INFO - openpose - Gaze PUB: people=2, frame_idx=104
2026-01-09 14:30:33,794 - INFO - openpose - Gaze3D frame=112 id=left label=Left person v=[-0.420, 0.051, 0.906] yaw=-24.9 pitch=-2.9 cx=302.70086669921875
2026-01-09 14:30:33,802 - INFO - openpose - Gaze3D frame=112 id=right label=Right person v=[-0.468, -0.003, 0.884] yaw=-27.9 pitch=0.1 cx=453.2692565917969
2026-01-09 14:30:33,802 - INFO - openpose - Gaze PUB: people=2, frame_idx=112
2026-01-09 14:30:34,753 - INFO - openpose - Gaze3D frame=120 id=None label=None v=[-0.372, -0.230, 0.899] yaw=-22.5 pitch=13.3 cx=452.5573425292969
2026-01-09 14:30:34,753 - INFO - openpose - Gaze3D frame=120 id=None label=None v=[0.005, -0.582, 0.813] yaw=0.4 pitch=35.6 cx=294.3778991699219
2026-01-09 14:30:34,753 - INFO - openpose - Gaze3D frame=120 id=None label=None v=[-0.233, -0.269, 0.935] yaw=-14.0 pitch=15.6 cx=312.6535949707031
2026-01-09 14:30:34,753 - INFO - openpose - Gaze PUB: people=3, frame_idx=120
2026-01-09 14:30:35,088 - INFO - openpose - Gaze3D frame=120 id=left label=Left person v=[-0.304, -0.417, 0.857] yaw=-19.5 pitch=24.6 cx=293.3420715332031
2026-01-09 14:30:35,089 - INFO - openpose - Gaze3D frame=120 id=left label=Left person v=[-0.185, -0.283, 0.941] yaw=-11.1 pitch=16.5 cx=312.7639617919922
2026-01-09 14:30:35,089 - INFO - openpose - Gaze3D frame=120 id=right label=Right person v=[-0.396, -0.124, 0.910] yaw=-23.5 pitch=7.1 cx=453.3919219970703
2026-01-09 14:30:35,089 - INFO - openpose - Gaze PUB: people=3, frame_idx=120
2026-01-09 14:30:37,192 - INFO - openpose - Gaze3D frame=128 id=left label=Left person v=[-0.490, -0.211, 0.846] yaw=-30.1 pitch=12.2 cx=297.5442657470703
2026-01-09 14:30:37,192 - INFO - openpose - Gaze3D frame=128 id=right label=Right person v=[-0.494, -0.192, 0.848] yaw=-30.2 pitch=11.1 cx=456.48207092285156
2026-01-09 14:30:37,192 - INFO - openpose - Gaze PUB: people=2, frame_idx=128
2026-01-09 14:30:38,727 - INFO - openpose - Gaze3D frame=136 id=None label=None v=[-0.488, -0.229, 0.842] yaw=-30.1 pitch=13.2 cx=563.5892028808594
2026-01-09 14:30:38,727 - INFO - openpose - Gaze3D frame=136 id=None label=None v=[-0.428, -0.208, 0.880] yaw=-25.9 pitch=12.0 cx=295.5498809814453
2026-01-09 14:30:38,727 - INFO - openpose - Gaze PUB: people=2, frame_idx=136
2026-01-09 14:30:38,965 - INFO - openpose - Gaze3D frame=136 id=None label=None v=[-0.421, -0.402, 0.813] yaw=-27.4 pitch=23.7 cx=564.8967590332031
2026-01-09 14:30:38,965 - INFO - openpose - Gaze3D frame=136 id=None label=None v=[-0.444, -0.223, 0.868] yaw=-27.1 pitch=12.9 cx=295.2851867675781
2026-01-09 14:30:38,965 - INFO - openpose - Gaze PUB: people=2, frame_idx=136
2026-01-09 14:30:39,218 - INFO - openpose - Gaze3D frame=136 id=left label=Left person v=[-0.424, -0.124, 0.897] yaw=-25.3 pitch=7.1 cx=295.343017578125
2026-01-09 14:30:39,218 - INFO - openpose - Gaze3D frame=136 id=right label=Right person v=[-0.441, -0.493, 0.750] yaw=-30.5 pitch=29.5 cx=552.005859375
2026-01-09 14:30:39,218 - INFO - openpose - Gaze PUB: people=2, frame_idx=136
2026-01-09 14:30:41,439 - INFO - openpose - Gaze3D frame=144 id=None label=None v=[-0.440, -0.570, 0.694] yaw=-32.3 pitch=34.7 cx=483.17877197265625
2026-01-09 14:30:41,439 - INFO - openpose - Gaze3D frame=144 id=None label=None v=[-0.607, -0.042, 0.793] yaw=-37.4 pitch=2.4 cx=298.30369567871094
2026-01-09 14:30:41,439 - INFO - openpose - Gaze3D frame=144 id=None label=None v=[-0.447, 0.545, 0.710] yaw=-32.2 pitch=-33.0 cx=105.27139663696289
2026-01-09 14:30:41,439 - INFO - openpose - Gaze PUB: people=3, frame_idx=144
2026-01-09 14:30:41,777 - INFO - openpose - Gaze3D frame=144 id=None label=None v=[-0.502, -0.527, 0.686] yaw=-36.2 pitch=31.8 cx=476.7338562011719
2026-01-09 14:30:41,778 - INFO - openpose - Gaze3D frame=144 id=None label=None v=[-0.513, -0.067, 0.856] yaw=-30.9 pitch=3.8 cx=302.9963836669922
2026-01-09 14:30:41,778 - INFO - openpose - Gaze3D frame=144 id=None label=None v=[-0.441, 0.634, 0.636] yaw=-34.8 pitch=-39.3 cx=96.98511123657227
2026-01-09 14:30:41,778 - INFO - openpose - Gaze PUB: people=3, frame_idx=144
2026-01-09 14:30:42,130 - INFO - openpose - Gaze3D frame=144 id=None label=None v=[-0.467, -0.488, 0.738] yaw=-32.4 pitch=29.2 cx=481.3695831298828
2026-01-09 14:30:42,130 - INFO - openpose - Gaze3D frame=144 id=None label=None v=[-0.552, -0.024, 0.833] yaw=-33.5 pitch=1.4 cx=304.08250427246094
2026-01-09 14:30:42,130 - INFO - openpose - Gaze3D frame=144 id=None label=None v=[-0.465, 0.564, 0.683] yaw=-34.3 pitch=-34.3 cx=103.04722213745117
2026-01-09 14:30:42,130 - INFO - openpose - Gaze PUB: people=3, frame_idx=144
2026-01-09 14:30:42,483 - INFO - openpose - Gaze3D frame=144 id=left label=Left person v=[-0.483, -0.088, 0.871] yaw=-29.0 pitch=5.1 cx=302.1628723144531
2026-01-09 14:30:42,483 - INFO - openpose - Gaze3D frame=144 id=left label=Left person v=[-0.584, 0.473, 0.660] yaw=-41.5 pitch=-28.3 cx=103.25017547607422
2026-01-09 14:30:42,483 - INFO - openpose - Gaze3D frame=144 id=right label=Right person v=[-0.454, -0.511, 0.730] yaw=-31.9 pitch=30.7 cx=485.4693908691406
2026-01-09 14:30:42,483 - INFO - openpose - Gaze PUB: people=3, frame_idx=144
2026-01-09 14:30:43,264 - INFO - openpose - Gaze3D frame=152 id=left label=Left person v=[-0.538, 0.093, 0.838] yaw=-32.7 pitch=-5.3 cx=295.1495056152344
2026-01-09 14:30:43,264 - INFO - openpose - Gaze3D frame=152 id=left label=Left person v=[-0.448, 0.601, 0.662] yaw=-34.1 pitch=-37.0 cx=101.4317626953125
2026-01-09 14:30:43,264 - INFO - openpose - Gaze3D frame=152 id=right label=Right person v=[-0.429, -0.455, 0.780] yaw=-28.8 pitch=27.1 cx=493.9605255126953
2026-01-09 14:30:43,264 - INFO - openpose - Gaze PUB: people=3, frame_idx=152
2026-01-09 14:30:43,976 - INFO - openpose - Gaze3D frame=160 id=left label=Left person v=[-0.510, 0.046, 0.859] yaw=-30.7 pitch=-2.6 cx=298.15516662597656
2026-01-09 14:30:43,976 - INFO - openpose - Gaze3D frame=160 id=right label=Right person v=[-0.496, -0.525, 0.692] yaw=-35.6 pitch=31.6 cx=497.50550842285156
2026-01-09 14:30:43,983 - INFO - openpose - Gaze PUB: people=2, frame_idx=160
2026-01-09 14:30:49,955 - INFO - openpose - Gaze3D frame=168 id=left label=Left person v=[-0.264, -0.047, 0.963] yaw=-15.3 pitch=2.7 cx=287.169677734375
2026-01-09 14:30:49,955 - INFO - openpose - Gaze3D frame=168 id=right label=Right person v=[-0.615, -0.190, 0.765] yaw=-38.8 pitch=10.9 cx=456.01951599121094
2026-01-09 14:30:49,955 - INFO - openpose - Gaze PUB: people=2, frame_idx=168
2026-01-09 14:30:52,285 - INFO - openpose - Gaze3D frame=176 id=left label=Left person v=[-0.269, 0.450, 0.852] yaw=-17.5 pitch=-26.7 cx=301.3091278076172
2026-01-09 14:30:52,285 - INFO - openpose - Gaze3D frame=176 id=right label=Right person v=[-0.496, -0.205, 0.844] yaw=-30.5 pitch=11.8 cx=461.83412170410156
2026-01-09 14:30:52,285 - INFO - openpose - Gaze PUB: people=2, frame_idx=176
2026-01-09 14:30:54,035 - INFO - openpose - Gaze3D frame=184 id=left label=Left person v=[-0.304, 0.246, 0.920] yaw=-18.3 pitch=-14.2 cx=313.81182861328125
2026-01-09 14:30:54,036 - INFO - openpose - Gaze3D frame=184 id=right label=Right person v=[-0.420, -0.235, 0.877] yaw=-25.6 pitch=13.6 cx=461.4463195800781
2026-01-09 14:30:54,036 - INFO - openpose - Gaze PUB: people=2, frame_idx=184
2026-01-09 14:30:55,198 - INFO - openpose - Gaze3D frame=192 id=left label=Left person v=[-0.427, -0.027, 0.904] yaw=-25.3 pitch=1.6 cx=295.6189880371094
2026-01-09 14:30:55,198 - INFO - openpose - Gaze3D frame=192 id=right label=Right person v=[-0.395, -0.135, 0.909] yaw=-23.5 pitch=7.8 cx=461.7815399169922
2026-01-09 14:30:55,198 - INFO - openpose - Gaze PUB: people=2, frame_idx=192
2026-01-09 14:30:58,372 - INFO - openpose - Gaze3D frame=200 id=None label=None v=[-0.478, -0.215, 0.851] yaw=-29.3 pitch=12.4 cx=461.02186584472656
2026-01-09 14:30:58,372 - INFO - openpose - Gaze3D frame=200 id=None label=None v=[-0.188, -0.567, 0.802] yaw=-13.2 pitch=34.5 cx=292.3932800292969
2026-01-09 14:30:58,373 - INFO - openpose - Gaze PUB: people=2, frame_idx=200
2026-01-09 14:30:58,629 - INFO - openpose - Gaze3D frame=200 id=None label=None v=[-0.492, -0.266, 0.829] yaw=-30.7 pitch=15.4 cx=460.90187072753906
2026-01-09 14:30:58,629 - INFO - openpose - Gaze3D frame=200 id=None label=None v=[-0.221, -0.594, 0.773] yaw=-15.9 pitch=36.5 cx=291.9112091064453
2026-01-09 14:30:58,629 - INFO - openpose - Gaze PUB: people=2, frame_idx=200
2026-01-09 14:30:58,894 - INFO - openpose - Gaze3D frame=200 id=None label=None v=[-0.549, -0.259, 0.795] yaw=-34.6 pitch=15.0 cx=459.69798278808594
2026-01-09 14:30:58,894 - INFO - openpose - Gaze3D frame=200 id=None label=None v=[-0.212, -0.574, 0.791] yaw=-15.0 pitch=35.1 cx=291.64862060546875
2026-01-09 14:30:58,894 - INFO - openpose - Gaze PUB: people=2, frame_idx=200
2026-01-09 14:30:59,141 - INFO - openpose - Gaze3D frame=200 id=left label=Left person v=[-0.195, -0.564, 0.803] yaw=-13.6 pitch=34.3 cx=291.5282745361328
2026-01-09 14:30:59,141 - INFO - openpose - Gaze3D frame=200 id=right label=Right person v=[-0.472, -0.190, 0.861] yaw=-28.8 pitch=11.0 cx=462.10789489746094
2026-01-09 14:30:59,141 - INFO - openpose - Gaze PUB: people=2, frame_idx=200
2026-01-09 14:31:00,249 - INFO - openpose - Gaze3D frame=208 id=None label=None v=[-0.373, -0.106, 0.922] yaw=-22.0 pitch=6.1 cx=461.6504821777344
2026-01-09 14:31:00,249 - INFO - openpose - Gaze3D frame=208 id=None label=None v=[-0.184, -0.665, 0.724] yaw=-14.2 pitch=41.7 cx=293.9554138183594
2026-01-09 14:31:00,249 - INFO - openpose - Gaze PUB: people=2, frame_idx=208
2026-01-09 14:31:00,496 - INFO - openpose - Gaze3D frame=208 id=left label=Left person v=[-0.204, -0.556, 0.805] yaw=-14.2 pitch=33.8 cx=294.31060791015625
2026-01-09 14:31:00,496 - INFO - openpose - Gaze3D frame=208 id=right label=Right person v=[-0.331, -0.058, 0.942] yaw=-19.4 pitch=3.3 cx=462.0264129638672
2026-01-09 14:31:00,496 - INFO - openpose - Gaze PUB: people=2, frame_idx=208
2026-01-09 14:31:01,514 - INFO - openpose - Gaze3D frame=216 id=None label=None v=[-0.439, -0.121, 0.890] yaw=-26.2 pitch=7.0 cx=461.3206481933594
2026-01-09 14:31:01,514 - INFO - openpose - Gaze3D frame=216 id=None label=None v=[-0.412, -0.155, 0.898] yaw=-24.6 pitch=8.9 cx=292.6456756591797
2026-01-09 14:31:01,514 - INFO - openpose - Gaze PUB: people=2, frame_idx=216
2026-01-09 14:31:01,761 - INFO - openpose - Gaze3D frame=216 id=left label=Left person v=[-0.413, -0.307, 0.858] yaw=-25.7 pitch=17.9 cx=293.0559539794922
2026-01-09 14:31:01,761 - INFO - openpose - Gaze3D frame=216 id=right label=Right person v=[-0.413, -0.184, 0.892] yaw=-24.9 pitch=10.6 cx=461.0900115966797
2026-01-09 14:31:01,761 - INFO - openpose - Gaze PUB: people=2, frame_idx=216
2026-01-09 14:31:01,885 - INFO - openpose - Left person: Arm EXTENDED (depth-plane)
2026-01-09 14:31:01,885 - INFO - openpose - ZMQ Message received (non-blocking): PL: Arm Extended Check
2026-01-09 14:31:01,885 - INFO - openpose - ZMQ Sending: Left: Arm Extended
2026-01-09 14:31:02,080 - INFO - openpose - Left person: Arm RETRACTED (depth-plane)
2026-01-09 14:31:02,080 - INFO - openpose - ZMQ Message received (non-blocking): PL: Arm Retracted Check
2026-01-09 14:31:02,080 - INFO - openpose - ZMQ Sending: Left: Arm Retracted
2026-01-09 14:31:02,143 - INFO - openpose - Robot's turn detected
2026-01-09 14:31:02,890 - INFO - openpose - Gaze3D frame=224 id=None label=None v=[0.176, -0.243, 0.954] yaw=10.5 pitch=14.1 cx=461.28843688964844
2026-01-09 14:31:02,890 - INFO - openpose - Gaze3D frame=224 id=None label=None v=[-0.184, -0.591, 0.785] yaw=-13.2 pitch=36.2 cx=287.95848083496094
2026-01-09 14:31:02,890 - INFO - openpose - Gaze PUB: people=2, frame_idx=224
2026-01-09 14:31:03,133 - INFO - openpose - Gaze3D frame=224 id=left label=Left person v=[-0.164, -0.585, 0.794] yaw=-11.7 pitch=35.8 cx=288.2437286376953
2026-01-09 14:31:03,133 - INFO - openpose - Gaze3D frame=224 id=right label=Right person v=[0.148, -0.180, 0.973] yaw=8.6 pitch=10.3 cx=461.26353454589844
2026-01-09 14:31:03,133 - INFO - openpose - Gaze PUB: people=2, frame_idx=224
2026-01-09 14:31:04,059 - INFO - openpose - Gaze3D frame=232 id=None label=None v=[-0.396, -0.238, 0.887] yaw=-24.1 pitch=13.8 cx=461.99034118652344
2026-01-09 14:31:04,059 - INFO - openpose - Gaze3D frame=232 id=None label=None v=[0.004, -0.274, 0.962] yaw=0.2 pitch=15.9 cx=293.8258056640625
2026-01-09 14:31:04,059 - INFO - openpose - Gaze PUB: people=2, frame_idx=232
2026-01-09 14:31:04,320 - INFO - openpose - Gaze3D frame=232 id=None label=None v=[-0.398, -0.084, 0.913] yaw=-23.6 pitch=4.8 cx=461.9049530029297
2026-01-09 14:31:04,320 - INFO - openpose - Gaze3D frame=232 id=None label=None v=[-0.089, -0.292, 0.952] yaw=-5.3 pitch=17.0 cx=294.21697998046875
2026-01-09 14:31:04,320 - INFO - openpose - Gaze PUB: people=2, frame_idx=232
2026-01-09 14:31:04,599 - INFO - openpose - Gaze3D frame=232 id=left label=Left person v=[-0.332, -0.201, 0.921] yaw=-19.8 pitch=11.6 cx=295.6682434082031
2026-01-09 14:31:04,600 - INFO - openpose - Gaze3D frame=232 id=right label=Right person v=[-0.368, -0.125, 0.921] yaw=-21.8 pitch=7.2 cx=461.4240417480469
2026-01-09 14:31:04,600 - INFO - openpose - Gaze PUB: people=2, frame_idx=232
2026-01-09 14:31:05,302 - INFO - openpose - Gaze3D frame=240 id=left label=Left person v=[-0.394, -0.225, 0.891] yaw=-23.8 pitch=13.0 cx=297.38487243652344
2026-01-09 14:31:05,302 - INFO - openpose - Gaze3D frame=240 id=right label=Right person v=[-0.389, -0.148, 0.909] yaw=-23.1 pitch=8.5 cx=463.29685974121094
2026-01-09 14:31:05,302 - INFO - openpose - Gaze PUB: people=2, frame_idx=240
2026-01-09 14:31:06,041 - INFO - openpose - Gaze3D frame=248 id=None label=None v=[-0.431, -0.234, 0.871] yaw=-26.3 pitch=13.6 cx=462.8755798339844
2026-01-09 14:31:06,041 - INFO - openpose - Gaze3D frame=248 id=None label=None v=[-0.382, -0.225, 0.896] yaw=-23.1 pitch=13.0 cx=295.4719543457031
2026-01-09 14:31:06,041 - INFO - openpose - Gaze PUB: people=2, frame_idx=248
2026-01-09 14:31:06,278 - INFO - openpose - Gaze3D frame=248 id=None label=None v=[-0.369, -0.134, 0.920] yaw=-21.9 pitch=7.7 cx=462.728271484375
2026-01-09 14:31:06,278 - INFO - openpose - Gaze3D frame=248 id=None label=None v=[-0.333, -0.214, 0.918] yaw=-19.9 pitch=12.3 cx=294.62611389160156
2026-01-09 14:31:06,278 - INFO - openpose - Gaze PUB: people=2, frame_idx=248
2026-01-09 14:31:06,528 - INFO - openpose - Gaze3D frame=248 id=left label=Left person v=[-0.400, -0.291, 0.869] yaw=-24.7 pitch=16.9 cx=294.1681823730469
2026-01-09 14:31:06,528 - INFO - openpose - Gaze3D frame=248 id=right label=Right person v=[-0.377, -0.213, 0.901] yaw=-22.7 pitch=12.3 cx=462.38356018066406
2026-01-09 14:31:06,528 - INFO - openpose - Gaze PUB: people=2, frame_idx=248
2026-01-09 14:31:07,864 - INFO - openpose - Gaze3D frame=256 id=None label=None v=[-0.369, -0.173, 0.913] yaw=-22.0 pitch=10.0 cx=456.28411865234375
2026-01-09 14:31:07,864 - INFO - openpose - Gaze3D frame=256 id=None label=None v=[-0.420, -0.255, 0.871] yaw=-25.8 pitch=14.8 cx=294.2877655029297
2026-01-09 14:31:07,865 - INFO - openpose - Gaze PUB: people=2, frame_idx=256
2026-01-09 14:31:08,126 - INFO - openpose - Gaze3D frame=256 id=None label=None v=[-0.416, -0.208, 0.885] yaw=-25.2 pitch=12.0 cx=456.5506134033203
2026-01-09 14:31:08,126 - INFO - openpose - Gaze3D frame=256 id=None label=None v=[-0.418, -0.198, 0.887] yaw=-25.2 pitch=11.4 cx=294.6364288330078
2026-01-09 14:31:08,126 - INFO - openpose - Gaze PUB: people=2, frame_idx=256
2026-01-09 14:31:08,371 - INFO - openpose - Gaze3D frame=256 id=None label=None v=[-0.451, -0.224, 0.864] yaw=-27.6 pitch=13.0 cx=457.1680145263672
2026-01-09 14:31:08,371 - INFO - openpose - Gaze3D frame=256 id=None label=None v=[-0.416, -0.285, 0.864] yaw=-25.7 pitch=16.5 cx=294.08351135253906
2026-01-09 14:31:08,371 - INFO - openpose - Gaze PUB: people=2, frame_idx=256
2026-01-09 14:31:08,604 - INFO - openpose - Gaze3D frame=256 id=None label=None v=[-0.361, -0.180, 0.915] yaw=-21.5 pitch=10.3 cx=457.5174560546875
2026-01-09 14:31:08,604 - INFO - openpose - Gaze3D frame=256 id=None label=None v=[-0.394, -0.254, 0.883] yaw=-24.1 pitch=14.7 cx=294.4096374511719
2026-01-09 14:31:08,604 - INFO - openpose - Gaze PUB: people=2, frame_idx=256
2026-01-09 14:31:08,858 - INFO - openpose - Gaze3D frame=256 id=None label=None v=[-0.421, -0.156, 0.893] yaw=-25.3 pitch=9.0 cx=458.12330627441406
2026-01-09 14:31:08,858 - INFO - openpose - Gaze3D frame=256 id=None label=None v=[-0.444, -0.276, 0.852] yaw=-27.5 pitch=16.0 cx=294.55230712890625
2026-01-09 14:31:08,858 - INFO - openpose - Gaze PUB: people=2, frame_idx=256
2026-01-09 14:31:09,128 - INFO - openpose - Gaze3D frame=256 id=left label=Left person v=[-0.306, -0.284, 0.909] yaw=-18.6 pitch=16.5 cx=293.6786804199219
2026-01-09 14:31:09,128 - INFO - openpose - Gaze3D frame=256 id=right label=Right person v=[-0.361, -0.151, 0.920] yaw=-21.4 pitch=8.7 cx=459.0516662597656
2026-01-09 14:31:09,128 - INFO - openpose - Gaze PUB: people=2, frame_idx=256
2026-01-09 14:31:10,586 - INFO - openpose - Gaze3D frame=264 id=None label=None v=[-0.452, -0.070, 0.890] yaw=-26.9 pitch=4.0 cx=463.6092987060547
2026-01-09 14:31:10,586 - INFO - openpose - Gaze3D frame=264 id=None label=None v=[-0.298, -0.248, 0.922] yaw=-17.9 pitch=14.3 cx=293.60719299316406
2026-01-09 14:31:10,586 - INFO - openpose - Gaze PUB: people=2, frame_idx=264
2026-01-09 14:31:10,859 - INFO - openpose - Gaze3D frame=264 id=left label=Left person v=[-0.323, -0.331, 0.887] yaw=-20.0 pitch=19.3 cx=292.9773712158203
2026-01-09 14:31:10,859 - INFO - openpose - Gaze3D frame=264 id=right label=Right person v=[-0.373, -0.010, 0.928] yaw=-21.9 pitch=0.6 cx=467.22247314453125
2026-01-09 14:31:10,859 - INFO - openpose - Gaze PUB: people=2, frame_idx=264
2026-01-09 14:31:11,619 - INFO - openpose - Gaze3D frame=272 id=left label=Left person v=[-0.095, -0.514, 0.853] yaw=-6.3 pitch=30.9 cx=292.92279052734375
2026-01-09 14:31:11,619 - INFO - openpose - Gaze3D frame=272 id=right label=Right person v=[-0.397, 0.058, 0.916] yaw=-23.4 pitch=-3.3 cx=475.9704284667969
2026-01-09 14:31:11,619 - INFO - openpose - Gaze PUB: people=2, frame_idx=272
2026-01-09 14:31:12,598 - INFO - openpose - Gaze3D frame=280 id=None label=None v=[-0.383, -0.717, 0.582] yaw=-33.4 pitch=45.8 cx=483.70668029785156
2026-01-09 14:31:12,599 - INFO - openpose - Gaze3D frame=280 id=None label=None v=[-0.382, -0.139, 0.914] yaw=-22.7 pitch=8.0 cx=298.70909118652344
2026-01-09 14:31:12,599 - INFO - openpose - Gaze PUB: people=2, frame_idx=280
2026-01-09 14:31:12,855 - INFO - openpose - Gaze3D frame=280 id=left label=Left person v=[-0.405, -0.260, 0.877] yaw=-24.8 pitch=15.1 cx=298.8043975830078
2026-01-09 14:31:12,856 - INFO - openpose - Gaze3D frame=280 id=right label=Right person v=[-0.508, -0.304, 0.806] yaw=-32.3 pitch=17.7 cx=478.31292724609375
2026-01-09 14:31:12,856 - INFO - openpose - Gaze PUB: people=2, frame_idx=280
2026-01-09 14:31:15,039 - INFO - openpose - Gaze3D frame=288 id=left label=Left person v=[-0.392, -0.080, 0.917] yaw=-23.2 pitch=4.6 cx=300.8609313964844
2026-01-09 14:31:15,039 - INFO - openpose - Gaze3D frame=288 id=right label=Right person v=[-0.482, -0.268, 0.834] yaw=-30.0 pitch=15.5 cx=462.66229248046875
2026-01-09 14:31:15,040 - INFO - openpose - Gaze PUB: people=2, frame_idx=288
2026-01-09 14:31:15,765 - INFO - openpose - Gaze3D frame=296 id=left label=Left person v=[-0.351, 0.006, 0.937] yaw=-20.5 pitch=-0.4 cx=301.97251892089844
2026-01-09 14:31:15,766 - INFO - openpose - Gaze3D frame=296 id=right label=Right person v=[-0.550, -0.315, 0.773] yaw=-35.4 pitch=18.4 cx=463.92347717285156
2026-01-09 14:31:15,766 - INFO - openpose - Gaze PUB: people=2, frame_idx=296
2026-01-09 14:31:16,860 - INFO - openpose - Gaze3D frame=304 id=None label=None v=[-0.601, -0.468, 0.648] yaw=-42.9 pitch=27.9 cx=463.88002014160156
2026-01-09 14:31:16,860 - INFO - openpose - Gaze3D frame=304 id=None label=None v=[-0.455, -0.208, 0.866] yaw=-27.7 pitch=12.0 cx=299.78546142578125
2026-01-09 14:31:16,861 - INFO - openpose - Gaze PUB: people=2, frame_idx=304
2026-01-09 14:31:17,105 - INFO - openpose - Gaze3D frame=304 id=None label=None v=[-0.431, -0.273, 0.860] yaw=-26.6 pitch=15.8 cx=464.29066467285156
2026-01-09 14:31:17,106 - INFO - openpose - Gaze3D frame=304 id=None label=None v=[-0.392, -0.094, 0.915] yaw=-23.2 pitch=5.4 cx=298.88829040527344
2026-01-09 14:31:17,106 - INFO - openpose - Gaze PUB: people=2, frame_idx=304
2026-01-09 14:31:17,360 - INFO - openpose - Gaze3D frame=304 id=left label=Left person v=[-0.462, 0.053, 0.885] yaw=-27.5 pitch=-3.1 cx=298.69627380371094
2026-01-09 14:31:17,361 - INFO - openpose - Gaze3D frame=304 id=right label=Right person v=[-0.387, -0.156, 0.909] yaw=-23.1 pitch=9.0 cx=463.7349548339844
2026-01-09 14:31:17,361 - INFO - openpose - Gaze PUB: people=2, frame_idx=304
2026-01-09 14:31:20,595 - INFO - openpose - Gaze3D frame=312 id=left label=Left person v=[-0.218, -0.346, 0.913] yaw=-13.4 pitch=20.2 cx=297.6283416748047
2026-01-09 14:31:20,595 - INFO - openpose - Gaze3D frame=312 id=right label=Right person v=[-0.138, -0.480, 0.867] yaw=-9.0 pitch=28.7 cx=482.52711486816406
2026-01-09 14:31:20,595 - INFO - openpose - Gaze PUB: people=2, frame_idx=312
2026-01-09 14:31:23,552 - INFO - openpose - Gaze3D frame=320 id=None label=None v=[-0.419, -0.243, 0.875] yaw=-25.6 pitch=14.0 cx=292.18115234375
2026-01-09 14:31:23,552 - INFO - openpose - Gaze3D frame=320 id=None label=None v=[-0.253, -0.899, 0.357] yaw=-35.3 pitch=64.0 cx=458.7698516845703
2026-01-09 14:31:23,552 - INFO - openpose - Gaze PUB: people=2, frame_idx=320
2026-01-09 14:31:23,810 - INFO - openpose - Gaze3D frame=320 id=None label=None v=[-0.267, -0.234, 0.935] yaw=-15.9 pitch=13.5 cx=292.7440643310547
2026-01-09 14:31:23,810 - INFO - openpose - Gaze3D frame=320 id=None label=None v=[-0.386, -0.824, 0.415] yaw=-42.9 pitch=55.5 cx=462.30308532714844
2026-01-09 14:31:23,810 - INFO - openpose - Gaze PUB: people=2, frame_idx=320
2026-01-09 14:31:24,072 - INFO - openpose - Gaze3D frame=320 id=None label=None v=[-0.310, -0.785, 0.537] yaw=-30.1 pitch=51.7 cx=462.9261169433594
2026-01-09 14:31:24,072 - INFO - openpose - Gaze3D frame=320 id=None label=None v=[-0.336, -0.334, 0.881] yaw=-20.9 pitch=19.5 cx=294.1163635253906
2026-01-09 14:31:24,072 - INFO - openpose - Gaze PUB: people=2, frame_idx=320
2026-01-09 14:31:24,327 - INFO - openpose - Gaze3D frame=320 id=left label=Left person v=[-0.266, -0.267, 0.926] yaw=-16.0 pitch=15.5 cx=295.7552185058594
2026-01-09 14:31:24,328 - INFO - openpose - Gaze3D frame=320 id=right label=Right person v=[-0.325, -0.814, 0.481] yaw=-34.1 pitch=54.5 cx=464.9208984375
2026-01-09 14:31:24,328 - INFO - openpose - Gaze PUB: people=2, frame_idx=320
2026-01-09 14:31:24,984 - INFO - openpose - Gaze3D frame=328 id=left label=Left person v=[-0.404, -0.158, 0.901] yaw=-24.2 pitch=9.1 cx=295.5666198730469
2026-01-09 14:31:24,984 - INFO - openpose - Gaze3D frame=328 id=right label=Right person v=[-0.316, -0.765, 0.560] yaw=-29.4 pitch=49.9 cx=484.10218811035156
2026-01-09 14:31:24,984 - INFO - openpose - Gaze PUB: people=2, frame_idx=328
2026-01-09 14:31:25,610 - INFO - openpose - Gaze3D frame=336 id=left label=Left person v=[-0.317, -0.301, 0.899] yaw=-19.4 pitch=17.5 cx=293.7643127441406
2026-01-09 14:31:25,611 - INFO - openpose - Gaze3D frame=336 id=right label=Right person v=[-0.498, -0.384, 0.778] yaw=-32.6 pitch=22.6 cx=478.4114990234375
2026-01-09 14:31:25,611 - INFO - openpose - Gaze PUB: people=2, frame_idx=336
2026-01-09 14:31:28,865 - INFO - openpose - Gaze3D frame=344 id=left label=Left person v=[-0.462, 0.164, 0.871] yaw=-28.0 pitch=-9.5 cx=276.41119384765625
2026-01-09 14:31:28,865 - INFO - openpose - Gaze3D frame=344 id=right label=Right person v=[-0.488, -0.142, 0.861] yaw=-29.5 pitch=8.2 cx=461.43885803222656
2026-01-09 14:31:28,865 - INFO - openpose - Gaze PUB: people=2, frame_idx=344
2026-01-09 14:31:31,437 - INFO - openpose - Gaze3D frame=352 id=left label=Left person v=[0.019, 0.710, 0.704] yaw=1.6 pitch=-45.2 cx=312.45387268066406
2026-01-09 14:31:31,437 - INFO - openpose - Gaze3D frame=352 id=right label=Right person v=[-0.514, -0.237, 0.825] yaw=-31.9 pitch=13.7 cx=462.6689910888672
2026-01-09 14:31:31,437 - INFO - openpose - Gaze PUB: people=2, frame_idx=352
2026-01-09 14:31:33,695 - INFO - openpose - Gaze3D frame=360 id=None label=None v=[-0.726, -0.207, 0.656] yaw=-47.9 pitch=12.0 cx=424.91807556152344
2026-01-09 14:31:33,695 - INFO - openpose - Gaze3D frame=360 id=None label=None v=[-0.414, -0.085, 0.906] yaw=-24.5 pitch=4.9 cx=294.1527557373047
2026-01-09 14:31:33,695 - INFO - openpose - Gaze PUB: people=2, frame_idx=360
2026-01-09 14:31:33,957 - INFO - openpose - Gaze3D frame=360 id=None label=None v=[-0.670, -0.455, 0.587] yaw=-48.8 pitch=27.0 cx=420.35133361816406
2026-01-09 14:31:33,957 - INFO - openpose - Gaze3D frame=360 id=None label=None v=[-0.471, -0.156, 0.869] yaw=-28.4 pitch=9.0 cx=292.34266662597656
2026-01-09 14:31:33,957 - INFO - openpose - Gaze PUB: people=2, frame_idx=360
2026-01-09 14:31:34,194 - INFO - openpose - Gaze3D frame=360 id=None label=None v=[-0.735, -0.049, 0.676] yaw=-47.4 pitch=2.8 cx=420.01719665527344
2026-01-09 14:31:34,194 - INFO - openpose - Gaze3D frame=360 id=None label=None v=[-0.434, -0.223, 0.873] yaw=-26.4 pitch=12.9 cx=291.79261779785156
2026-01-09 14:31:34,194 - INFO - openpose - Gaze PUB: people=2, frame_idx=360
2026-01-09 14:31:34,440 - INFO - openpose - Gaze3D frame=360 id=None label=None v=[-0.725, -0.173, 0.666] yaw=-47.4 pitch=10.0 cx=421.6149444580078
2026-01-09 14:31:34,440 - INFO - openpose - Gaze3D frame=360 id=None label=None v=[-0.425, -0.176, 0.888] yaw=-25.6 pitch=10.1 cx=291.9058380126953
2026-01-09 14:31:34,440 - INFO - openpose - Gaze PUB: people=2, frame_idx=360
2026-01-09 14:31:34,684 - INFO - openpose - Gaze3D frame=360 id=None label=None v=[-0.491, -0.135, 0.861] yaw=-29.7 pitch=7.8 cx=422.8809509277344
2026-01-09 14:31:34,684 - INFO - openpose - Gaze3D frame=360 id=None label=None v=[-0.465, -0.235, 0.853] yaw=-28.6 pitch=13.6 cx=292.4310302734375
2026-01-09 14:31:34,684 - INFO - openpose - Gaze PUB: people=2, frame_idx=360
2026-01-09 14:31:34,941 - INFO - openpose - Gaze3D frame=360 id=None label=None v=[-0.315, -0.294, 0.902] yaw=-19.2 pitch=17.1 cx=421.582275390625
2026-01-09 14:31:34,941 - INFO - openpose - Gaze3D frame=360 id=None label=None v=[-0.506, -0.161, 0.848] yaw=-30.8 pitch=9.3 cx=293.8368835449219
2026-01-09 14:31:34,941 - INFO - openpose - Gaze PUB: people=2, frame_idx=360
2026-01-09 14:31:35,203 - INFO - openpose - Gaze3D frame=360 id=None label=None v=[-0.438, -0.739, 0.512] yaw=-40.6 pitch=47.6 cx=423.1961975097656
2026-01-09 14:31:35,204 - INFO - openpose - Gaze3D frame=360 id=None label=None v=[-0.481, -0.130, 0.867] yaw=-29.0 pitch=7.5 cx=293.59498596191406
2026-01-09 14:31:35,204 - INFO - openpose - Gaze PUB: people=2, frame_idx=360
2026-01-09 14:31:35,464 - INFO - openpose - Gaze3D frame=360 id=left label=Left person v=[-0.473, -0.106, 0.874] yaw=-28.4 pitch=6.1 cx=293.33424377441406
2026-01-09 14:31:35,464 - INFO - openpose - Gaze3D frame=360 id=right label=Right person v=[-0.478, -0.686, 0.549] yaw=-41.1 pitch=43.3 cx=433.9435272216797
2026-01-09 14:31:35,464 - INFO - openpose - Gaze PUB: people=2, frame_idx=360
2026-01-09 14:31:36,778 - INFO - openpose - Gaze3D frame=368 id=None label=None v=[-0.533, -0.294, 0.794] yaw=-33.9 pitch=17.1 cx=470.0445556640625
2026-01-09 14:31:36,779 - INFO - openpose - Gaze3D frame=368 id=None label=None v=[-0.393, -0.120, 0.912] yaw=-23.3 pitch=6.9 cx=290.2820587158203
2026-01-09 14:31:36,786 - INFO - openpose - Gaze PUB: people=2, frame_idx=368
2026-01-09 14:31:37,040 - INFO - openpose - Gaze3D frame=368 id=left label=Left person v=[-0.407, -0.023, 0.913] yaw=-24.0 pitch=1.3 cx=292.1450653076172
2026-01-09 14:31:37,040 - INFO - openpose - Gaze3D frame=368 id=right label=Right person v=[-0.300, -0.351, 0.887] yaw=-18.7 pitch=20.5 cx=464.7961883544922
2026-01-09 14:31:37,040 - INFO - openpose - Gaze PUB: people=2, frame_idx=368
2026-01-09 14:31:37,850 - INFO - openpose - Gaze3D frame=376 id=None label=None v=[-0.219, -0.218, 0.951] yaw=-13.0 pitch=12.6 cx=461.0350341796875
2026-01-09 14:31:37,850 - INFO - openpose - Gaze3D frame=376 id=None label=None v=[-0.404, -0.138, 0.904] yaw=-24.1 pitch=7.9 cx=288.78224182128906
2026-01-09 14:31:37,850 - INFO - openpose - Gaze PUB: people=2, frame_idx=376
2026-01-09 14:31:38,076 - INFO - openpose - Gaze3D frame=376 id=left label=Left person v=[-0.474, 0.026, 0.880] yaw=-28.3 pitch=-1.5 cx=287.9792785644531
2026-01-09 14:31:38,077 - INFO - openpose - Gaze3D frame=376 id=right label=Right person v=[0.099, -0.213, 0.972] yaw=5.8 pitch=12.3 cx=461.5165557861328
2026-01-09 14:31:38,077 - INFO - openpose - Gaze PUB: people=2, frame_idx=376
2026-01-09 14:31:38,746 - INFO - openpose - Gaze3D frame=384 id=left label=Left person v=[-0.552, 0.388, 0.738] yaw=-36.8 pitch=-22.8 cx=286.689208984375
2026-01-09 14:31:38,746 - INFO - openpose - Gaze3D frame=384 id=right label=Right person v=[-0.461, -0.233, 0.856] yaw=-28.3 pitch=13.4 cx=462.36659240722656
2026-01-09 14:31:38,746 - INFO - openpose - Gaze PUB: people=2, frame_idx=384
2026-01-09 14:31:40,787 - INFO - openpose - Gaze3D frame=392 id=None label=None v=[-0.417, -0.247, 0.875] yaw=-25.5 pitch=14.3 cx=469.4509582519531
2026-01-09 14:31:40,787 - INFO - openpose - Gaze3D frame=392 id=None label=None v=[-0.543, 0.211, 0.813] yaw=-33.7 pitch=-12.2 cx=290.119140625
2026-01-09 14:31:40,787 - INFO - openpose - Gaze PUB: people=2, frame_idx=392
2026-01-09 14:31:41,030 - INFO - openpose - Gaze3D frame=392 id=None label=None v=[-0.453, -0.213, 0.866] yaw=-27.6 pitch=12.3 cx=472.30523681640625
2026-01-09 14:31:41,030 - INFO - openpose - Gaze3D frame=392 id=None label=None v=[-0.438, 0.633, 0.638] yaw=-34.5 pitch=-39.3 cx=290.8396911621094
2026-01-09 14:31:41,031 - INFO - openpose - Gaze PUB: people=2, frame_idx=392
2026-01-09 14:31:41,265 - INFO - openpose - Gaze3D frame=392 id=None label=None v=[-0.401, 0.470, 0.786] yaw=-27.0 pitch=-28.0 cx=296.6473693847656
2026-01-09 14:31:41,265 - INFO - openpose - Gaze3D frame=392 id=None label=None v=[-0.455, -0.453, 0.767] yaw=-30.7 pitch=26.9 cx=476.4600372314453
2026-01-09 14:31:41,265 - INFO - openpose - Gaze PUB: people=2, frame_idx=392
2026-01-09 14:31:41,509 - INFO - openpose - Gaze3D frame=392 id=None label=None v=[-0.371, -0.207, 0.905] yaw=-22.3 pitch=11.9 cx=479.99928283691406
2026-01-09 14:31:41,510 - INFO - openpose - Gaze3D frame=392 id=None label=None v=[-0.466, -0.186, 0.865] yaw=-28.3 pitch=10.7 cx=301.9368896484375
2026-01-09 14:31:41,510 - INFO - openpose - Gaze PUB: people=2, frame_idx=392
2026-01-09 14:31:41,753 - INFO - openpose - Gaze3D frame=392 id=None label=None v=[-0.409, -0.446, 0.796] yaw=-27.2 pitch=26.5 cx=486.2696228027344
2026-01-09 14:31:41,753 - INFO - openpose - Gaze3D frame=392 id=None label=None v=[-0.375, -0.231, 0.898] yaw=-22.7 pitch=13.4 cx=298.269287109375
2026-01-09 14:31:41,753 - INFO - openpose - Gaze PUB: people=2, frame_idx=392
2026-01-09 14:31:42,008 - INFO - openpose - Gaze3D frame=392 id=None label=None v=[-0.324, -0.508, 0.798] yaw=-22.1 pitch=30.5 cx=485.2486572265625
2026-01-09 14:31:42,009 - INFO - openpose - Gaze3D frame=392 id=None label=None v=[-0.331, -0.294, 0.897] yaw=-20.3 pitch=17.1 cx=295.38641357421875
2026-01-09 14:31:42,009 - INFO - openpose - Gaze PUB: people=2, frame_idx=392
2026-01-09 14:31:42,251 - INFO - openpose - Gaze3D frame=392 id=None label=None v=[-0.343, -0.666, 0.662] yaw=-27.4 pitch=41.8 cx=478.67323303222656
2026-01-09 14:31:42,251 - INFO - openpose - Gaze3D frame=392 id=None label=None v=[-0.322, -0.306, 0.896] yaw=-19.7 pitch=17.8 cx=293.60650634765625
2026-01-09 14:31:42,252 - INFO - openpose - Gaze PUB: people=2, frame_idx=392
2026-01-09 14:31:42,521 - INFO - openpose - Gaze3D frame=392 id=None label=None v=[-0.420, -0.042, 0.907] yaw=-24.8 pitch=2.4 cx=295.63189697265625
2026-01-09 14:31:42,521 - INFO - openpose - Gaze3D frame=392 id=None label=None v=[-0.220, -0.868, 0.444] yaw=-26.4 pitch=60.3 cx=480.4611053466797
2026-01-09 14:31:42,521 - INFO - openpose - Gaze PUB: people=2, frame_idx=392
2026-01-09 14:31:42,768 - INFO - openpose - Gaze3D frame=392 id=None label=None v=[-0.272, -0.824, 0.497] yaw=-28.6 pitch=55.5 cx=478.70021057128906
2026-01-09 14:31:42,768 - INFO - openpose - Gaze3D frame=392 id=None label=None v=[-0.448, -0.050, 0.892] yaw=-26.7 pitch=2.8 cx=296.9693908691406
2026-01-09 14:31:42,768 - INFO - openpose - Gaze PUB: people=2, frame_idx=392
2026-01-09 14:31:42,992 - INFO - openpose - Gaze3D frame=392 id=None label=None v=[-0.285, -0.877, 0.388] yaw=-36.3 pitch=61.2 cx=461.16619873046875
2026-01-09 14:31:42,992 - INFO - openpose - Gaze3D frame=392 id=None label=None v=[-0.200, -0.417, 0.887] yaw=-12.7 pitch=24.6 cx=298.0097198486328
2026-01-09 14:31:42,992 - INFO - openpose - Gaze PUB: people=2, frame_idx=392
2026-01-09 14:31:43,273 - INFO - openpose - Gaze3D frame=392 id=None label=None v=[-0.260, -0.908, 0.327] yaw=-38.5 pitch=65.3 cx=436.1968994140625
2026-01-09 14:31:43,273 - INFO - openpose - Gaze3D frame=392 id=None label=None v=[-0.136, -0.544, 0.828] yaw=-9.3 pitch=33.0 cx=294.7217254638672
2026-01-09 14:31:43,273 - INFO - openpose - Gaze PUB: people=2, frame_idx=392
2026-01-09 14:31:43,527 - INFO - openpose - Gaze3D frame=392 id=None label=None v=[-0.494, -0.752, 0.437] yaw=-48.6 pitch=48.7 cx=420.0315856933594
2026-01-09 14:31:43,528 - INFO - openpose - Gaze3D frame=392 id=None label=None v=[-0.130, -0.562, 0.817] yaw=-9.0 pitch=34.2 cx=293.5687713623047
2026-01-09 14:31:43,528 - INFO - openpose - Gaze PUB: people=2, frame_idx=392
2026-01-09 14:31:43,799 - INFO - openpose - Gaze3D frame=392 id=None label=None v=[-0.650, -0.229, 0.724] yaw=-41.9 pitch=13.2 cx=413.33612060546875
2026-01-09 14:31:43,799 - INFO - openpose - Gaze3D frame=392 id=None label=None v=[-0.180, -0.486, 0.855] yaw=-11.9 pitch=29.1 cx=292.6784210205078
2026-01-09 14:31:43,799 - INFO - openpose - Gaze PUB: people=2, frame_idx=392
2026-01-09 14:31:44,061 - INFO - openpose - Gaze3D frame=392 id=None label=None v=[-0.591, 0.012, 0.807] yaw=-36.2 pitch=-0.7 cx=413.2252502441406
2026-01-09 14:31:44,061 - INFO - openpose - Gaze3D frame=392 id=None label=None v=[-0.417, -0.181, 0.891] yaw=-25.1 pitch=10.4 cx=291.6520233154297
2026-01-09 14:31:44,061 - INFO - openpose - Gaze PUB: people=2, frame_idx=392
2026-01-09 14:31:44,300 - INFO - openpose - Gaze3D frame=392 id=None label=None v=[-0.674, -0.216, 0.706] yaw=-43.7 pitch=12.5 cx=413.87034606933594
2026-01-09 14:31:44,301 - INFO - openpose - Gaze3D frame=392 id=None label=None v=[-0.444, -0.156, 0.882] yaw=-26.7 pitch=9.0 cx=291.2721252441406
2026-01-09 14:31:44,301 - INFO - openpose - Gaze PUB: people=2, frame_idx=392
2026-01-09 14:31:44,526 - INFO - openpose - Gaze3D frame=392 id=None label=None v=[-0.596, -0.154, 0.788] yaw=-37.1 pitch=8.8 cx=415.2733917236328
2026-01-09 14:31:44,526 - INFO - openpose - Gaze3D frame=392 id=None label=None v=[-0.431, -0.174, 0.886] yaw=-25.9 pitch=10.0 cx=289.39820861816406
2026-01-09 14:31:44,527 - INFO - openpose - Gaze PUB: people=2, frame_idx=392
2026-01-09 14:31:44,751 - INFO - openpose - Gaze3D frame=392 id=None label=None v=[-0.547, -0.706, 0.450] yaw=-50.6 pitch=44.9 cx=417.19847106933594
2026-01-09 14:31:44,751 - INFO - openpose - Gaze3D frame=392 id=None label=None v=[-0.407, -0.143, 0.902] yaw=-24.3 pitch=8.2 cx=288.9368896484375
2026-01-09 14:31:44,752 - INFO - openpose - Gaze PUB: people=2, frame_idx=392
2026-01-09 14:31:44,983 - INFO - openpose - Gaze3D frame=392 id=left label=Left person v=[-0.429, -0.271, 0.862] yaw=-26.5 pitch=15.7 cx=289.7059631347656
2026-01-09 14:31:44,983 - INFO - openpose - Gaze3D frame=392 id=right label=Right person v=[-0.173, -0.962, 0.213] yaw=-39.2 pitch=74.1 cx=420.9310607910156
2026-01-09 14:31:44,983 - INFO - openpose - Gaze PUB: people=2, frame_idx=392
2026-01-09 14:31:50,216 - INFO - openpose - Gaze3D frame=400 id=left label=Left person v=[0.033, -0.154, 0.987] yaw=1.9 pitch=8.9 cx=296.7477569580078
2026-01-09 14:31:50,217 - INFO - openpose - Gaze3D frame=400 id=right label=Right person v=[-0.336, -0.414, 0.846] yaw=-21.7 pitch=24.4 cx=464.1881408691406
2026-01-09 14:31:50,217 - INFO - openpose - Gaze PUB: people=2, frame_idx=400
2026-01-09 14:31:50,218 - INFO - openpose - Right person: Arm EXTENDED (depth-plane)
2026-01-09 14:31:50,218 - INFO - openpose - ZMQ Message received (non-blocking): PR: Arm Extended Check
2026-01-09 14:31:50,218 - INFO - openpose - ZMQ Sending: Right: Arm Extended
2026-01-09 14:31:50,640 - INFO - openpose - Right person: Arm RETRACTED (depth-plane)
2026-01-09 14:31:50,640 - INFO - openpose - ZMQ Message received (non-blocking): PR: Arm Retracted Check
2026-01-09 14:31:50,640 - INFO - openpose - ZMQ Sending: Right: Arm Retracted
2026-01-09 14:31:52,596 - INFO - openpose - Gaze3D frame=408 id=None label=None v=[-0.440, -0.299, 0.847] yaw=-27.5 pitch=17.4 cx=461.0628662109375
2026-01-09 14:31:52,596 - INFO - openpose - Gaze3D frame=408 id=None label=None v=[-0.199, -0.455, 0.868] yaw=-12.9 pitch=27.1 cx=293.5365295410156
2026-01-09 14:31:52,596 - INFO - openpose - Gaze PUB: people=2, frame_idx=408
2026-01-09 14:31:52,833 - INFO - openpose - Gaze3D frame=408 id=None label=None v=[-0.452, -0.386, 0.804] yaw=-29.3 pitch=22.7 cx=461.33885192871094
2026-01-09 14:31:52,834 - INFO - openpose - Gaze3D frame=408 id=None label=None v=[-0.140, -0.640, 0.755] yaw=-10.5 pitch=39.8 cx=291.1478271484375
2026-01-09 14:31:52,841 - INFO - openpose - Gaze PUB: people=2, frame_idx=408
2026-01-09 14:31:53,068 - INFO - openpose - Gaze3D frame=408 id=None label=None v=[-0.498, -0.302, 0.813] yaw=-31.5 pitch=17.6 cx=461.58631896972656
2026-01-09 14:31:53,068 - INFO - openpose - Gaze3D frame=408 id=None label=None v=[-0.129, -0.746, 0.653] yaw=-11.2 pitch=48.3 cx=290.9036560058594
2026-01-09 14:31:53,068 - INFO - openpose - Gaze PUB: people=2, frame_idx=408
2026-01-09 14:31:53,307 - INFO - openpose - Gaze3D frame=408 id=None label=None v=[-0.505, -0.388, 0.771] yaw=-33.2 pitch=22.8 cx=461.31895446777344
2026-01-09 14:31:53,307 - INFO - openpose - Gaze3D frame=408 id=None label=None v=[-0.110, -0.628, 0.771] yaw=-8.1 pitch=38.9 cx=291.7864990234375
2026-01-09 14:31:53,307 - INFO - openpose - Gaze PUB: people=2, frame_idx=408
2026-01-09 14:31:53,576 - INFO - openpose - Gaze3D frame=408 id=None label=None v=[-0.570, -0.364, 0.737] yaw=-37.7 pitch=21.3 cx=461.5243682861328
2026-01-09 14:31:53,576 - INFO - openpose - Gaze3D frame=408 id=None label=None v=[-0.120, -0.693, 0.711] yaw=-9.6 pitch=43.9 cx=291.2544250488281
2026-01-09 14:31:53,576 - INFO - openpose - Gaze PUB: people=2, frame_idx=408
2026-01-09 14:31:53,822 - INFO - openpose - Gaze3D frame=408 id=None label=None v=[-0.204, -0.532, 0.822] yaw=-13.9 pitch=32.1 cx=461.3762664794922
2026-01-09 14:31:53,822 - INFO - openpose - Gaze3D frame=408 id=None label=None v=[-0.145, -0.689, 0.710] yaw=-11.6 pitch=43.6 cx=291.7884979248047
2026-01-09 14:31:53,822 - INFO - openpose - Gaze PUB: people=2, frame_idx=408
2026-01-09 14:31:54,082 - INFO - openpose - Gaze3D frame=408 id=None label=None v=[-0.089, -0.588, 0.804] yaw=-6.3 pitch=36.0 cx=461.37054443359375
2026-01-09 14:31:54,083 - INFO - openpose - Gaze3D frame=408 id=None label=None v=[-0.164, -0.696, 0.699] yaw=-13.2 pitch=44.1 cx=293.2984924316406
2026-01-09 14:31:54,083 - INFO - openpose - Gaze PUB: people=2, frame_idx=408
2026-01-09 14:31:54,339 - INFO - openpose - Gaze3D frame=408 id=None label=None v=[-0.117, -0.459, 0.881] yaw=-7.6 pitch=27.3 cx=461.129638671875
2026-01-09 14:31:54,340 - INFO - openpose - Gaze3D frame=408 id=None label=None v=[-0.127, -0.641, 0.757] yaw=-9.5 pitch=39.9 cx=291.60528564453125
2026-01-09 14:31:54,340 - INFO - openpose - Gaze PUB: people=2, frame_idx=408
2026-01-09 14:31:54,567 - INFO - openpose - Gaze3D frame=408 id=None label=None v=[-0.081, -0.484, 0.871] yaw=-5.3 pitch=28.9 cx=461.39259338378906
2026-01-09 14:31:54,567 - INFO - openpose - Gaze3D frame=408 id=None label=None v=[-0.095, -0.696, 0.712] yaw=-7.6 pitch=44.1 cx=289.4347381591797
2026-01-09 14:31:54,567 - INFO - openpose - Gaze PUB: people=2, frame_idx=408
2026-01-09 14:31:54,830 - INFO - openpose - Gaze3D frame=408 id=None label=None v=[-0.132, -0.562, 0.817] yaw=-9.2 pitch=34.2 cx=461.15777587890625
2026-01-09 14:31:54,830 - INFO - openpose - Gaze3D frame=408 id=None label=None v=[-0.073, -0.631, 0.772] yaw=-5.4 pitch=39.1 cx=289.2552490234375
2026-01-09 14:31:54,830 - INFO - openpose - Gaze PUB: people=2, frame_idx=408
2026-01-09 14:31:55,080 - INFO - openpose - Gaze3D frame=408 id=None label=None v=[-0.019, -0.718, 0.696] yaw=-1.6 pitch=45.9 cx=460.26861572265625
2026-01-09 14:31:55,080 - INFO - openpose - Gaze3D frame=408 id=None label=None v=[-0.136, -0.651, 0.746] yaw=-10.3 pitch=40.6 cx=290.3840789794922
2026-01-09 14:31:55,080 - INFO - openpose - Gaze PUB: people=2, frame_idx=408
2026-01-09 14:31:55,314 - INFO - openpose - Gaze3D frame=408 id=None label=None v=[-0.049, -0.655, 0.754] yaw=-3.7 pitch=40.9 cx=459.256103515625
2026-01-09 14:31:55,314 - INFO - openpose - Gaze3D frame=408 id=None label=None v=[-0.113, -0.648, 0.753] yaw=-8.5 pitch=40.4 cx=289.53521728515625
2026-01-09 14:31:55,314 - INFO - openpose - Gaze PUB: people=2, frame_idx=408
2026-01-09 14:31:55,550 - INFO - openpose - Gaze3D frame=408 id=None label=None v=[-0.012, -0.730, 0.684] yaw=-1.0 pitch=46.9 cx=458.7301940917969
2026-01-09 14:31:55,550 - INFO - openpose - Gaze3D frame=408 id=None label=None v=[-0.108, -0.733, 0.672] yaw=-9.1 pitch=47.1 cx=288.8573303222656
2026-01-09 14:31:55,551 - INFO - openpose - Gaze PUB: people=2, frame_idx=408
2026-01-09 14:31:55,796 - INFO - openpose - Gaze3D frame=408 id=None label=None v=[-0.011, -0.700, 0.715] yaw=-0.8 pitch=44.4 cx=458.94664001464844
2026-01-09 14:31:55,796 - INFO - openpose - Gaze3D frame=408 id=None label=None v=[-0.142, -0.662, 0.736] yaw=-10.9 pitch=41.5 cx=289.1540985107422
2026-01-09 14:31:55,796 - INFO - openpose - Gaze PUB: people=2, frame_idx=408
2026-01-09 14:31:56,064 - INFO - openpose - Gaze3D frame=408 id=None label=None v=[-0.053, -0.671, 0.740] yaw=-4.1 pitch=42.1 cx=459.15089416503906
2026-01-09 14:31:56,064 - INFO - openpose - Gaze3D frame=408 id=None label=None v=[-0.144, -0.539, 0.830] yaw=-9.8 pitch=32.6 cx=290.5309753417969
2026-01-09 14:31:56,064 - INFO - openpose - Gaze PUB: people=2, frame_idx=408
2026-01-09 14:31:56,302 - INFO - openpose - Gaze3D frame=408 id=None label=None v=[-0.012, -0.718, 0.696] yaw=-1.0 pitch=45.9 cx=459.4652099609375
2026-01-09 14:31:56,303 - INFO - openpose - Gaze3D frame=408 id=None label=None v=[-0.184, -0.638, 0.748] yaw=-13.9 pitch=39.6 cx=289.13685607910156
2026-01-09 14:31:56,303 - INFO - openpose - Gaze PUB: people=2, frame_idx=408
2026-01-09 14:31:56,552 - INFO - openpose - Gaze3D frame=408 id=None label=None v=[0.024, -0.666, 0.745] yaw=1.8 pitch=41.8 cx=459.93894958496094
2026-01-09 14:31:56,552 - INFO - openpose - Gaze3D frame=408 id=None label=None v=[-0.147, -0.727, 0.671] yaw=-12.3 pitch=46.6 cx=287.8373260498047
2026-01-09 14:31:56,552 - INFO - openpose - Gaze PUB: people=2, frame_idx=408
2026-01-09 14:31:56,813 - INFO - openpose - Gaze3D frame=408 id=None label=None v=[-0.386, -0.362, 0.848] yaw=-24.5 pitch=21.2 cx=460.33802795410156
2026-01-09 14:31:56,813 - INFO - openpose - Gaze3D frame=408 id=None label=None v=[-0.073, -0.634, 0.770] yaw=-5.4 pitch=39.4 cx=288.8955383300781
2026-01-09 14:31:56,813 - INFO - openpose - Gaze PUB: people=2, frame_idx=408
2026-01-09 14:31:57,039 - INFO - openpose - Gaze3D frame=408 id=None label=None v=[-0.429, -0.412, 0.804] yaw=-28.1 pitch=24.3 cx=460.8118896484375
2026-01-09 14:31:57,039 - INFO - openpose - Gaze3D frame=408 id=None label=None v=[-0.082, -0.594, 0.800] yaw=-5.9 pitch=36.4 cx=290.6442565917969
2026-01-09 14:31:57,039 - INFO - openpose - Gaze PUB: people=2, frame_idx=408
2026-01-09 14:31:57,282 - INFO - openpose - Gaze3D frame=408 id=left label=Left person v=[-0.068, -0.663, 0.746] yaw=-5.2 pitch=41.5 cx=291.7135925292969
2026-01-09 14:31:57,283 - INFO - openpose - Gaze3D frame=408 id=right label=Right person v=[-0.354, -0.395, 0.848] yaw=-22.7 pitch=23.3 cx=461.08197021484375
2026-01-09 14:31:57,283 - INFO - openpose - Gaze PUB: people=2, frame_idx=408
2026-01-09 14:31:58,166 - INFO - openpose - Gaze3D frame=416 id=left label=Left person v=[-0.080, -0.628, 0.774] yaw=-5.9 pitch=38.9 cx=291.40582275390625
2026-01-09 14:31:58,166 - INFO - openpose - Gaze3D frame=416 id=right label=Right person v=[-0.015, -0.701, 0.713] yaw=-1.2 pitch=44.5 cx=460.21014404296875
2026-01-09 14:31:58,166 - INFO - openpose - Gaze PUB: people=2, frame_idx=416
2026-01-09 14:31:58,907 - INFO - openpose - Gaze3D frame=424 id=left label=Left person v=[-0.066, -0.704, 0.707] yaw=-5.3 pitch=44.8 cx=290.0161437988281
2026-01-09 14:31:58,907 - INFO - openpose - Gaze3D frame=424 id=right label=Right person v=[-0.038, -0.674, 0.738] yaw=-2.9 pitch=42.4 cx=460.4580993652344
2026-01-09 14:31:58,907 - INFO - openpose - Gaze PUB: people=2, frame_idx=424
2026-01-09 14:32:00,716 - INFO - openpose - Gaze3D frame=432 id=left label=Left person v=[-0.105, -0.727, 0.678] yaw=-8.8 pitch=46.7 cx=291.1492004394531
2026-01-09 14:32:00,717 - INFO - openpose - Gaze3D frame=432 id=left label=Left person v=[-0.316, -0.076, 0.946] yaw=-18.5 pitch=4.3 cx=16.32297646999359
2026-01-09 14:32:00,717 - INFO - openpose - Gaze3D frame=432 id=right label=Right person v=[-0.020, -0.617, 0.787] yaw=-1.5 pitch=38.1 cx=460.5411071777344
2026-01-09 14:32:00,717 - INFO - openpose - Gaze PUB: people=3, frame_idx=432
2026-01-09 14:32:03,417 - INFO - openpose - Gaze3D frame=440 id=left label=Left person v=[-0.352, -0.020, 0.936] yaw=-20.6 pitch=1.2 cx=303.0671691894531
2026-01-09 14:32:03,417 - INFO - openpose - Gaze3D frame=440 id=right label=Right person v=[-0.329, -0.532, 0.780] yaw=-22.9 pitch=32.2 cx=461.9648742675781
2026-01-09 14:32:03,417 - INFO - openpose - Gaze PUB: people=2, frame_idx=440
2026-01-09 14:32:04,650 - INFO - openpose - Gaze3D frame=448 id=left label=Left person v=[-0.185, -0.616, 0.765] yaw=-13.6 pitch=38.1 cx=295.18467712402344
2026-01-09 14:32:04,650 - INFO - openpose - Gaze3D frame=448 id=left label=Left person v=[-0.009, -0.864, 0.503] yaw=-1.1 pitch=59.8 cx=356.63597106933594
2026-01-09 14:32:04,650 - INFO - openpose - Gaze3D frame=448 id=right label=Right person v=[-0.394, -0.285, 0.874] yaw=-24.3 pitch=16.6 cx=462.1128692626953
2026-01-09 14:32:04,650 - INFO - openpose - Gaze PUB: people=3, frame_idx=448
2026-01-09 14:32:07,119 - INFO - openpose - Gaze3D frame=456 id=None label=None v=[-0.072, -0.664, 0.744] yaw=-5.6 pitch=41.6 cx=459.67222595214844
2026-01-09 14:32:07,119 - INFO - openpose - Gaze3D frame=456 id=None label=None v=[-0.114, -0.633, 0.766] yaw=-8.4 pitch=39.3 cx=289.4737854003906
2026-01-09 14:32:07,119 - INFO - openpose - Gaze3D frame=456 id=None label=None v=[-0.060, -0.950, 0.307] yaw=-11.0 pitch=71.8 cx=349.9095916748047
2026-01-09 14:32:07,119 - INFO - openpose - Gaze PUB: people=3, frame_idx=456
2026-01-09 14:32:07,368 - INFO - openpose - Gaze3D frame=456 id=None label=None v=[-0.085, -0.663, 0.744] yaw=-6.5 pitch=41.5 cx=459.8304138183594
2026-01-09 14:32:07,368 - INFO - openpose - Gaze3D frame=456 id=None label=None v=[-0.091, -0.653, 0.752] yaw=-6.9 pitch=40.8 cx=289.5954132080078
2026-01-09 14:32:07,368 - INFO - openpose - Gaze PUB: people=2, frame_idx=456
2026-01-09 14:32:07,694 - INFO - openpose - Gaze3D frame=456 id=None label=None v=[-0.113, -0.620, 0.777] yaw=-8.3 pitch=38.3 cx=459.969970703125
2026-01-09 14:32:07,694 - INFO - openpose - Gaze3D frame=456 id=None label=None v=[-0.157, -0.671, 0.724] yaw=-12.2 pitch=42.2 cx=289.9706726074219
2026-01-09 14:32:07,694 - INFO - openpose - Gaze3D frame=456 id=None label=None v=[-0.081, -0.932, 0.353] yaw=-13.0 pitch=68.8 cx=351.06341552734375
2026-01-09 14:32:07,694 - INFO - openpose - Gaze PUB: people=3, frame_idx=456
2026-01-09 14:32:07,955 - INFO - openpose - Gaze3D frame=456 id=None label=None v=[-0.034, -0.624, 0.781] yaw=-2.5 pitch=38.6 cx=460.6561279296875
2026-01-09 14:32:07,955 - INFO - openpose - Gaze3D frame=456 id=None label=None v=[-0.086, -0.648, 0.757] yaw=-6.5 pitch=40.4 cx=289.55564880371094
2026-01-09 14:32:07,955 - INFO - openpose - Gaze PUB: people=2, frame_idx=456
2026-01-09 14:32:08,223 - INFO - openpose - Gaze3D frame=456 id=None label=None v=[-0.028, -0.611, 0.791] yaw=-2.1 pitch=37.7 cx=461.32568359375
2026-01-09 14:32:08,223 - INFO - openpose - Gaze3D frame=456 id=None label=None v=[-0.274, -0.510, 0.815] yaw=-18.6 pitch=30.7 cx=288.93804931640625
2026-01-09 14:32:08,223 - INFO - openpose - Gaze PUB: people=2, frame_idx=456
2026-01-09 14:32:08,489 - INFO - openpose - Gaze3D frame=456 id=None label=None v=[-0.116, -0.635, 0.764] yaw=-8.6 pitch=39.4 cx=461.3590545654297
2026-01-09 14:32:08,496 - INFO - openpose - Gaze3D frame=456 id=None label=None v=[-0.411, -0.202, 0.889] yaw=-24.8 pitch=11.6 cx=290.84478759765625
2026-01-09 14:32:08,497 - INFO - openpose - Gaze PUB: people=2, frame_idx=456
2026-01-09 14:32:08,767 - INFO - openpose - Gaze3D frame=456 id=None label=None v=[-0.052, -0.616, 0.786] yaw=-3.8 pitch=38.0 cx=461.7420654296875
2026-01-09 14:32:08,768 - INFO - openpose - Gaze3D frame=456 id=None label=None v=[-0.453, -0.136, 0.881] yaw=-27.2 pitch=7.8 cx=291.01222229003906
2026-01-09 14:32:08,768 - INFO - openpose - Gaze PUB: people=2, frame_idx=456
2026-01-09 14:32:09,106 - INFO - openpose - Gaze3D frame=456 id=None label=None v=[-0.375, -0.398, 0.837] yaw=-24.1 pitch=23.4 cx=463.1803436279297
2026-01-09 14:32:09,106 - INFO - openpose - Gaze3D frame=456 id=None label=None v=[-0.460, 0.051, 0.887] yaw=-27.4 pitch=-2.9 cx=291.9799499511719
2026-01-09 14:32:09,106 - INFO - openpose - Gaze3D frame=456 id=None label=None v=[-0.024, -0.891, 0.453] yaw=-3.1 pitch=63.0 cx=350.70684814453125
2026-01-09 14:32:09,106 - INFO - openpose - Gaze PUB: people=3, frame_idx=456
2026-01-09 14:32:09,333 - INFO - openpose - Gaze3D frame=456 id=None label=None v=[-0.058, -0.788, 0.613] yaw=-5.4 pitch=52.0 cx=463.18101501464844
2026-01-09 14:32:09,333 - INFO - openpose - Gaze3D frame=456 id=None label=None v=[-0.438, -0.307, 0.845] yaw=-27.4 pitch=17.9 cx=291.8572692871094
2026-01-09 14:32:09,333 - INFO - openpose - Gaze PUB: people=2, frame_idx=456
2026-01-09 14:32:09,584 - INFO - openpose - Gaze3D frame=456 id=left label=Left person v=[-0.475, -0.140, 0.869] yaw=-28.7 pitch=8.0 cx=290.64508056640625
2026-01-09 14:32:09,584 - INFO - openpose - Gaze3D frame=456 id=right label=Right person v=[-0.074, -0.727, 0.682] yaw=-6.2 pitch=46.7 cx=462.89064025878906
2026-01-09 14:32:09,584 - INFO - openpose - Gaze PUB: people=2, frame_idx=456
2026-01-09 14:32:18,551 - INFO - openpose - Gaze3D frame=464 id=left label=Left person v=[-0.107, -0.546, 0.831] yaw=-7.3 pitch=33.1 cx=291.883056640625
2026-01-09 14:32:18,551 - INFO - openpose - Gaze3D frame=464 id=left label=Left person v=[-0.029, -0.918, 0.395] yaw=-4.2 pitch=66.7 cx=340.7527160644531
2026-01-09 14:32:18,552 - INFO - openpose - Gaze3D frame=464 id=right label=Right person v=[-0.151, -0.663, 0.733] yaw=-11.7 pitch=41.5 cx=464.8853759765625
2026-01-09 14:32:18,552 - INFO - openpose - Gaze PUB: people=3, frame_idx=464
2026-01-09 14:32:19,308 - INFO - openpose - Gaze3D frame=472 id=None label=None v=[-0.295, -0.178, 0.939] yaw=-17.5 pitch=10.3 cx=472.8381652832031
2026-01-09 14:32:19,309 - INFO - openpose - Gaze3D frame=472 id=None label=None v=[-0.350, 0.036, 0.936] yaw=-20.5 pitch=-2.1 cx=296.5691833496094
2026-01-09 14:32:19,309 - INFO - openpose - Gaze PUB: people=2, frame_idx=472
2026-01-09 14:32:19,569 - INFO - openpose - Gaze3D frame=472 id=left label=Left person v=[-0.348, 0.165, 0.923] yaw=-20.7 pitch=-9.5 cx=297.87168884277344
2026-01-09 14:32:19,569 - INFO - openpose - Gaze3D frame=472 id=right label=Right person v=[-0.059, 0.620, 0.782] yaw=-4.3 pitch=-38.3 cx=471.2624053955078
2026-01-09 14:32:19,569 - INFO - openpose - Gaze PUB: people=2, frame_idx=472
2026-01-09 14:32:20,351 - INFO - openpose - Gaze3D frame=480 id=left label=Left person v=[-0.053, 0.784, 0.618] yaw=-4.9 pitch=-51.7 cx=306.20155334472656
2026-01-09 14:32:20,351 - INFO - openpose - Gaze3D frame=480 id=left label=Left person v=[-0.026, -0.915, 0.402] yaw=-3.7 pitch=66.2 cx=323.08551025390625
2026-01-09 14:32:20,351 - INFO - openpose - Gaze3D frame=480 id=right label=Right person v=[-0.207, 0.029, 0.978] yaw=-11.9 pitch=-1.7 cx=476.3143768310547
2026-01-09 14:32:20,351 - INFO - openpose - Gaze PUB: people=3, frame_idx=480
2026-01-09 14:32:21,385 - INFO - openpose - Gaze3D frame=488 id=None label=None v=[-0.276, -0.091, 0.957] yaw=-16.1 pitch=5.2 cx=463.8786315917969
2026-01-09 14:32:21,385 - INFO - openpose - Gaze3D frame=488 id=None label=None v=[-0.404, 0.002, 0.915] yaw=-23.8 pitch=-0.1 cx=300.41851806640625
2026-01-09 14:32:21,385 - INFO - openpose - Gaze PUB: people=2, frame_idx=488
2026-01-09 14:32:21,689 - INFO - openpose - Gaze3D frame=488 id=left label=Left person v=[-0.337, -0.110, 0.935] yaw=-19.8 pitch=6.3 cx=297.8153533935547
2026-01-09 14:32:21,689 - INFO - openpose - Gaze3D frame=488 id=left label=Left person v=[0.081, -0.522, 0.849] yaw=5.4 pitch=31.5 cx=322.9695739746094
2026-01-09 14:32:21,689 - INFO - openpose - Gaze3D frame=488 id=right label=Right person v=[-0.263, -0.081, 0.961] yaw=-15.3 pitch=4.6 cx=462.9697265625
2026-01-09 14:32:21,689 - INFO - openpose - Gaze PUB: people=3, frame_idx=488
2026-01-09 14:32:22,598 - INFO - openpose - Gaze3D frame=496 id=None label=None v=[-0.235, -0.150, 0.960] yaw=-13.7 pitch=8.7 cx=462.8973693847656
2026-01-09 14:32:22,598 - INFO - openpose - Gaze3D frame=496 id=None label=None v=[-0.071, 0.462, 0.884] yaw=-4.6 pitch=-27.5 cx=306.0013732910156
2026-01-09 14:32:22,598 - INFO - openpose - Gaze3D frame=496 id=None label=None v=[-0.007, -0.889, 0.457] yaw=-0.9 pitch=62.8 cx=322.9420623779297
2026-01-09 14:32:22,598 - INFO - openpose - Gaze PUB: people=3, frame_idx=496
2026-01-09 14:32:22,925 - INFO - openpose - Gaze3D frame=496 id=left label=Left person v=[-0.136, 0.117, 0.984] yaw=-7.9 pitch=-6.7 cx=300.7595672607422
2026-01-09 14:32:22,925 - INFO - openpose - Gaze3D frame=496 id=left label=Left person v=[0.120, -0.025, 0.992] yaw=6.9 pitch=1.5 cx=322.88368225097656
2026-01-09 14:32:22,926 - INFO - openpose - Gaze3D frame=496 id=right label=Right person v=[-0.366, -0.746, 0.557] yaw=-33.3 pitch=48.2 cx=436.21514892578125
2026-01-09 14:32:22,926 - INFO - openpose - Gaze PUB: people=3, frame_idx=496
2026-01-09 14:32:24,512 - INFO - openpose - Gaze3D frame=504 id=None label=None v=[-0.209, 0.052, 0.977] yaw=-12.1 pitch=-3.0 cx=471.0109100341797
2026-01-09 14:32:24,512 - INFO - openpose - Gaze3D frame=504 id=None label=None v=[-0.481, -0.185, 0.857] yaw=-29.3 pitch=10.7 cx=292.81610107421875
2026-01-09 14:32:24,512 - INFO - openpose - Gaze PUB: people=2, frame_idx=504
2026-01-09 14:32:24,760 - INFO - openpose - Gaze3D frame=504 id=None label=None v=[-0.207, 0.003, 0.978] yaw=-12.0 pitch=-0.2 cx=484.17372131347656
2026-01-09 14:32:24,760 - INFO - openpose - Gaze3D frame=504 id=None label=None v=[-0.444, -0.218, 0.869] yaw=-27.1 pitch=12.6 cx=293.05064392089844
2026-01-09 14:32:24,760 - INFO - openpose - Gaze PUB: people=2, frame_idx=504
2026-01-09 14:32:25,011 - INFO - openpose - Gaze3D frame=504 id=None label=None v=[-0.091, -0.071, 0.993] yaw=-5.3 pitch=4.1 cx=482.1552429199219
2026-01-09 14:32:25,012 - INFO - openpose - Gaze3D frame=504 id=None label=None v=[-0.486, -0.237, 0.841] yaw=-30.0 pitch=13.7 cx=294.0601806640625
2026-01-09 14:32:25,012 - INFO - openpose - Gaze PUB: people=2, frame_idx=504
2026-01-09 14:32:25,268 - INFO - openpose - Gaze3D frame=504 id=None label=None v=[-0.194, -0.087, 0.977] yaw=-11.2 pitch=5.0 cx=476.7371063232422
2026-01-09 14:32:25,268 - INFO - openpose - Gaze3D frame=504 id=None label=None v=[-0.080, -0.564, 0.822] yaw=-5.6 pitch=34.3 cx=292.90167236328125
2026-01-09 14:32:25,268 - INFO - openpose - Gaze PUB: people=2, frame_idx=504
2026-01-09 14:32:25,501 - INFO - openpose - Gaze3D frame=504 id=None label=None v=[-0.178, -0.418, 0.891] yaw=-11.3 pitch=24.7 cx=468.9126281738281
2026-01-09 14:32:25,501 - INFO - openpose - Gaze3D frame=504 id=None label=None v=[-0.068, -0.616, 0.784] yaw=-5.0 pitch=38.1 cx=292.2470397949219
2026-01-09 14:32:25,501 - INFO - openpose - Gaze PUB: people=2, frame_idx=504
2026-01-09 14:32:25,710 - INFO - openpose - Gaze3D frame=504 id=None label=None v=[-0.121, -0.551, 0.826] yaw=-8.4 pitch=33.4 cx=462.77960205078125
2026-01-09 14:32:25,711 - INFO - openpose - Gaze3D frame=504 id=None label=None v=[-0.278, -0.406, 0.871] yaw=-17.7 pitch=23.9 cx=292.55882263183594
2026-01-09 14:32:25,711 - INFO - openpose - Gaze PUB: people=2, frame_idx=504
2026-01-09 14:32:26,028 - INFO - openpose - Gaze3D frame=504 id=None label=None v=[-0.168, -0.622, 0.765] yaw=-12.4 pitch=38.5 cx=455.62457275390625
2026-01-09 14:32:26,028 - INFO - openpose - Gaze3D frame=504 id=None label=None v=[-0.285, -0.369, 0.885] yaw=-17.9 pitch=21.6 cx=293.4539489746094
2026-01-09 14:32:26,028 - INFO - openpose - Gaze3D frame=504 id=None label=None v=[-0.005, -0.909, 0.418] yaw=-0.7 pitch=65.3 cx=324.74632263183594
2026-01-09 14:32:26,028 - INFO - openpose - Gaze PUB: people=3, frame_idx=504
2026-01-09 14:32:26,265 - INFO - openpose - Gaze3D frame=504 id=None label=None v=[-0.118, -0.408, 0.905] yaw=-7.4 pitch=24.1 cx=443.9864807128906
2026-01-09 14:32:26,265 - INFO - openpose - Gaze3D frame=504 id=None label=None v=[-0.398, 0.144, 0.906] yaw=-23.7 pitch=-8.3 cx=296.2493591308594
2026-01-09 14:32:26,265 - INFO - openpose - Gaze PUB: people=2, frame_idx=504
2026-01-09 14:32:26,505 - INFO - openpose - Gaze3D frame=504 id=None label=None v=[-0.262, -0.167, 0.951] yaw=-15.4 pitch=9.6 cx=443.51722717285156
2026-01-09 14:32:26,505 - INFO - openpose - Gaze3D frame=504 id=None label=None v=[-0.303, 0.139, 0.943] yaw=-17.8 pitch=-8.0 cx=296.3090362548828
2026-01-09 14:32:26,505 - INFO - openpose - Gaze PUB: people=2, frame_idx=504
2026-01-09 14:32:26,753 - INFO - openpose - Gaze3D frame=504 id=None label=None v=[-0.318, -0.119, 0.941] yaw=-18.7 pitch=6.8 cx=452.77662658691406
2026-01-09 14:32:26,753 - INFO - openpose - Gaze3D frame=504 id=None label=None v=[-0.343, 0.058, 0.938] yaw=-20.1 pitch=-3.3 cx=296.88111877441406
2026-01-09 14:32:26,754 - INFO - openpose - Gaze PUB: people=2, frame_idx=504
2026-01-09 14:32:27,001 - INFO - openpose - Gaze3D frame=504 id=left label=Left person v=[-0.143, -0.489, 0.861] yaw=-9.4 pitch=29.3 cx=293.3453369140625
2026-01-09 14:32:27,001 - INFO - openpose - Gaze3D frame=504 id=right label=Right person v=[-0.125, -0.493, 0.861] yaw=-8.3 pitch=29.5 cx=459.3147277832031
2026-01-09 14:32:27,001 - INFO - openpose - Gaze PUB: people=2, frame_idx=504
2026-01-09 14:32:29,990 - INFO - openpose - Gaze3D frame=512 id=None label=None v=[-0.219, -0.529, 0.820] yaw=-15.0 pitch=32.0 cx=465.25035095214844
2026-01-09 14:32:29,990 - INFO - openpose - Gaze3D frame=512 id=None label=None v=[-0.041, -0.397, 0.917] yaw=-2.6 pitch=23.4 cx=301.1754608154297
2026-01-09 14:32:29,990 - INFO - openpose - Gaze PUB: people=2, frame_idx=512
2026-01-09 14:32:30,260 - INFO - openpose - Gaze3D frame=512 id=None label=None v=[-0.047, -0.591, 0.805] yaw=-3.4 pitch=36.2 cx=300.3621063232422
2026-01-09 14:32:30,260 - INFO - openpose - Gaze3D frame=512 id=None label=None v=[-0.145, -0.663, 0.734] yaw=-11.2 pitch=41.5 cx=467.81922912597656
2026-01-09 14:32:30,260 - INFO - openpose - Gaze PUB: people=2, frame_idx=512
2026-01-09 14:32:30,608 - INFO - openpose - Gaze3D frame=512 id=None label=None v=[-0.228, -0.581, 0.782] yaw=-16.3 pitch=35.5 cx=475.6151580810547
2026-01-09 14:32:30,608 - INFO - openpose - Gaze3D frame=512 id=None label=None v=[-0.051, -0.653, 0.755] yaw=-3.8 pitch=40.8 cx=304.18321228027344
2026-01-09 14:32:30,608 - INFO - openpose - Gaze3D frame=512 id=None label=None v=[-0.024, -0.928, 0.373] yaw=-3.7 pitch=68.1 cx=323.9955596923828
2026-01-09 14:32:30,608 - INFO - openpose - Gaze PUB: people=3, frame_idx=512
2026-01-09 14:32:30,959 - INFO - openpose - Gaze3D frame=512 id=None label=None v=[-0.222, -0.642, 0.734] yaw=-16.8 pitch=40.0 cx=477.63185119628906
2026-01-09 14:32:30,959 - INFO - openpose - Gaze3D frame=512 id=None label=None v=[-0.111, -0.414, 0.903] yaw=-7.0 pitch=24.5 cx=303.5819396972656
2026-01-09 14:32:30,959 - INFO - openpose - Gaze3D frame=512 id=None label=None v=[-0.005, -0.897, 0.443] yaw=-0.7 pitch=63.7 cx=323.9256286621094
2026-01-09 14:32:30,959 - INFO - openpose - Gaze PUB: people=3, frame_idx=512
2026-01-09 14:32:31,283 - INFO - openpose - Gaze3D frame=512 id=left label=Left person v=[-0.140, -0.647, 0.749] yaw=-10.6 pitch=40.3 cx=298.07749938964844
2026-01-09 14:32:31,283 - INFO - openpose - Gaze3D frame=512 id=left label=Left person v=[0.013, -0.938, 0.347] yaw=2.1 pitch=69.7 cx=323.9571990966797
2026-01-09 14:32:31,283 - INFO - openpose - Gaze3D frame=512 id=right label=Right person v=[-0.400, -0.420, 0.815] yaw=-26.1 pitch=24.8 cx=473.1704864501953
2026-01-09 14:32:31,283 - INFO - openpose - Gaze PUB: people=3, frame_idx=512
2026-01-09 14:32:34,610 - INFO - openpose - Gaze3D frame=520 id=left label=Left person v=[-0.415, 0.102, 0.904] yaw=-24.7 pitch=-5.9 cx=316.41514587402344
2026-01-09 14:32:34,610 - INFO - openpose - Gaze3D frame=520 id=left label=Left person v=[0.010, -0.632, 0.775] yaw=0.8 pitch=39.2 cx=309.7295227050781
2026-01-09 14:32:34,610 - INFO - openpose - Gaze3D frame=520 id=left label=Left person v=[-0.039, -0.838, 0.544] yaw=-4.1 pitch=57.0 cx=323.8572692871094
2026-01-09 14:32:34,610 - INFO - openpose - Gaze3D frame=520 id=right label=Right person v=[-0.241, -0.074, 0.968] yaw=-14.0 pitch=4.2 cx=493.0149841308594
2026-01-09 14:32:34,610 - INFO - openpose - Gaze PUB: people=4, frame_idx=520
2026-01-09 14:32:44,675 - INFO - openpose - Gaze3D frame=528 id=left label=Left person v=[-0.419, -0.056, 0.906] yaw=-24.8 pitch=3.2 cx=316.2601318359375
2026-01-09 14:32:44,675 - INFO - openpose - Gaze3D frame=528 id=right label=Right person v=[-0.314, -0.203, 0.928] yaw=-18.7 pitch=11.7 cx=460.8070373535156
2026-01-09 14:32:44,675 - INFO - openpose - Gaze PUB: people=2, frame_idx=528
2026-01-09 14:32:46,217 - INFO - openpose - Gaze3D frame=536 id=None label=None v=[-0.354, -0.241, 0.904] yaw=-21.4 pitch=13.9 cx=460.5638732910156
2026-01-09 14:32:46,217 - INFO - openpose - Gaze3D frame=536 id=None label=None v=[-0.446, -0.029, 0.895] yaw=-26.5 pitch=1.7 cx=316.69866943359375
2026-01-09 14:32:46,217 - INFO - openpose - Gaze PUB: people=2, frame_idx=536
2026-01-09 14:32:46,468 - INFO - openpose - Gaze3D frame=536 id=None label=None v=[-0.412, -0.229, 0.882] yaw=-25.0 pitch=13.3 cx=460.22630310058594
2026-01-09 14:32:46,469 - INFO - openpose - Gaze3D frame=536 id=None label=None v=[-0.446, -0.114, 0.888] yaw=-26.7 pitch=6.5 cx=315.4867401123047
2026-01-09 14:32:46,469 - INFO - openpose - Gaze PUB: people=2, frame_idx=536
2026-01-09 14:32:46,738 - INFO - openpose - Gaze3D frame=536 id=None label=None v=[-0.509, -0.248, 0.825] yaw=-31.7 pitch=14.4 cx=460.22386169433594
2026-01-09 14:32:46,739 - INFO - openpose - Gaze3D frame=536 id=None label=None v=[-0.442, -0.089, 0.893] yaw=-26.3 pitch=5.1 cx=314.72088623046875
2026-01-09 14:32:46,739 - INFO - openpose - Gaze PUB: people=2, frame_idx=536
2026-01-09 14:32:47,006 - INFO - openpose - Gaze3D frame=536 id=None label=None v=[-0.445, -0.368, 0.816] yaw=-28.6 pitch=21.6 cx=459.5966033935547
2026-01-09 14:32:47,007 - INFO - openpose - Gaze3D frame=536 id=None label=None v=[-0.500, -0.152, 0.853] yaw=-30.4 pitch=8.7 cx=313.5072937011719
2026-01-09 14:32:47,007 - INFO - openpose - Gaze PUB: people=2, frame_idx=536
2026-01-09 14:32:47,272 - INFO - openpose - Gaze3D frame=536 id=None label=None v=[-0.173, -0.143, 0.975] yaw=-10.1 pitch=8.2 cx=460.9382629394531
2026-01-09 14:32:47,272 - INFO - openpose - Gaze3D frame=536 id=None label=None v=[-0.501, -0.226, 0.836] yaw=-30.9 pitch=13.0 cx=313.2289276123047
2026-01-09 14:32:47,272 - INFO - openpose - Gaze PUB: people=2, frame_idx=536
2026-01-09 14:32:47,534 - INFO - openpose - Gaze3D frame=536 id=left label=Left person v=[-0.552, -0.087, 0.829] yaw=-33.6 pitch=5.0 cx=312.35850524902344
2026-01-09 14:32:47,534 - INFO - openpose - Gaze3D frame=536 id=right label=Right person v=[-0.289, -0.189, 0.939] yaw=-17.1 pitch=10.9 cx=460.9628143310547
2026-01-09 14:32:47,534 - INFO - openpose - Gaze PUB: people=2, frame_idx=536
2026-01-09 14:32:48,950 - INFO - openpose - Gaze3D frame=544 id=left label=Left person v=[-0.518, -0.289, 0.805] yaw=-32.8 pitch=16.8 cx=309.95066833496094
2026-01-09 14:32:48,950 - INFO - openpose - Gaze3D frame=544 id=right label=Right person v=[-0.451, -0.254, 0.856] yaw=-27.8 pitch=14.7 cx=477.6094665527344
2026-01-09 14:32:48,950 - INFO - openpose - Gaze PUB: people=2, frame_idx=544
2026-01-09 14:32:50,329 - INFO - openpose - Gaze3D frame=552 id=left label=Left person v=[-0.358, -0.107, 0.927] yaw=-21.1 pitch=6.1 cx=311.34388732910156
2026-01-09 14:32:50,330 - INFO - openpose - Gaze3D frame=552 id=right label=Right person v=[-0.397, -0.249, 0.884] yaw=-24.2 pitch=14.4 cx=492.28265380859375
2026-01-09 14:32:50,330 - INFO - openpose - Gaze PUB: people=2, frame_idx=552
2026-01-09 14:32:51,017 - INFO - openpose - Gaze3D frame=560 id=left label=Left person v=[-0.353, -0.183, 0.918] yaw=-21.0 pitch=10.6 cx=307.65599060058594
2026-01-09 14:32:51,018 - INFO - openpose - Gaze3D frame=560 id=right label=Right person v=[-0.288, -0.420, 0.861] yaw=-18.5 pitch=24.8 cx=543.4947509765625
2026-01-09 14:32:51,018 - INFO - openpose - Gaze PUB: people=2, frame_idx=560
2026-01-09 14:32:51,722 - INFO - openpose - Gaze3D frame=568 id=left label=Left person v=[-0.370, -0.255, 0.893] yaw=-22.5 pitch=14.8 cx=306.06724548339844
2026-01-09 14:32:51,722 - INFO - openpose - Gaze3D frame=568 id=right label=Right person v=[-0.412, -0.450, 0.792] yaw=-27.5 pitch=26.7 cx=539.1229553222656
2026-01-09 14:32:51,722 - INFO - openpose - Gaze PUB: people=2, frame_idx=568
2026-01-09 14:32:53,966 - INFO - openpose - Gaze3D frame=576 id=left label=Left person v=[-0.328, -0.304, 0.894] yaw=-20.2 pitch=17.7 cx=305.5133819580078
2026-01-09 14:32:53,967 - INFO - openpose - Gaze3D frame=576 id=left label=Left person v=[-0.052, -0.625, 0.779] yaw=-3.8 pitch=38.7 cx=362.8356018066406
2026-01-09 14:32:53,967 - INFO - openpose - Gaze3D frame=576 id=left label=Left person v=[-0.114, 0.649, 0.752] yaw=-8.6 pitch=-40.5 cx=30.727948665618896
2026-01-09 14:32:53,967 - INFO - openpose - Gaze3D frame=576 id=right label=Right person v=[-0.588, -0.405, 0.700] yaw=-40.0 pitch=23.9 cx=608.0455932617188
2026-01-09 14:32:53,967 - INFO - openpose - Gaze PUB: people=4, frame_idx=576
2026-01-09 14:32:54,703 - INFO - openpose - Gaze3D frame=584 id=left label=Left person v=[-0.063, 0.857, 0.511] yaw=-7.0 pitch=-59.0 cx=344.78895568847656
2026-01-09 14:32:54,703 - INFO - openpose - Gaze3D frame=584 id=right label=Right person v=[-0.657, -0.031, 0.753] yaw=-41.1 pitch=1.8 cx=601.6716613769531
2026-01-09 14:32:54,703 - INFO - openpose - Gaze PUB: people=2, frame_idx=584
2026-01-09 14:32:55,482 - INFO - openpose - Gaze3D frame=592 id=None label=None v=[-0.299, -0.790, 0.536] yaw=-29.1 pitch=52.1 cx=581.2306823730469
2026-01-09 14:32:55,482 - INFO - openpose - Gaze3D frame=592 id=None label=None v=[-0.052, 0.834, 0.549] yaw=-5.4 pitch=-56.5 cx=399.3236846923828
2026-01-09 14:32:55,482 - INFO - openpose - Gaze3D frame=592 id=None label=None v=[-0.022, -0.715, 0.699] yaw=-1.8 pitch=45.6 cx=363.5974884033203
2026-01-09 14:32:55,483 - INFO - openpose - Gaze PUB: people=3, frame_idx=592
2026-01-09 14:32:55,817 - INFO - openpose - Gaze3D frame=592 id=None label=None v=[-0.364, -0.762, 0.536] yaw=-34.1 pitch=49.6 cx=590.2916564941406
2026-01-09 14:32:55,817 - INFO - openpose - Gaze3D frame=592 id=None label=None v=[-0.047, 0.899, 0.435] yaw=-6.2 pitch=-64.0 cx=409.9306945800781
2026-01-09 14:32:55,818 - INFO - openpose - Gaze3D frame=592 id=None label=None v=[-0.036, -0.887, 0.460] yaw=-4.5 pitch=62.5 cx=365.70579528808594
2026-01-09 14:32:55,818 - INFO - openpose - Gaze PUB: people=3, frame_idx=592
2026-01-09 14:32:56,161 - INFO - openpose - Gaze3D frame=592 id=None label=None v=[-0.263, -0.886, 0.381] yaw=-34.6 pitch=62.4 cx=595.3157043457031
2026-01-09 14:32:56,161 - INFO - openpose - Gaze3D frame=592 id=None label=None v=[-0.020, 0.419, 0.908] yaw=-1.3 pitch=-24.8 cx=425.816650390625
2026-01-09 14:32:56,161 - INFO - openpose - Gaze3D frame=592 id=None label=None v=[-0.003, -0.884, 0.467] yaw=-0.4 pitch=62.1 cx=363.55076599121094
2026-01-09 14:32:56,161 - INFO - openpose - Gaze PUB: people=3, frame_idx=592
2026-01-09 14:32:56,501 - INFO - openpose - Gaze3D frame=592 id=left label=Left person v=[-0.121, 0.812, 0.571] yaw=-11.9 pitch=-54.3 cx=443.1167297363281
2026-01-09 14:32:56,501 - INFO - openpose - Gaze3D frame=592 id=left label=Left person v=[-0.035, -0.490, 0.871] yaw=-2.3 pitch=29.3 cx=356.9055633544922
2026-01-09 14:32:56,501 - INFO - openpose - Gaze3D frame=592 id=right label=Right person v=[-0.408, -0.581, 0.704] yaw=-30.1 pitch=35.5 cx=585.6431884765625
2026-01-09 14:32:56,501 - INFO - openpose - Gaze PUB: people=3, frame_idx=592
2026-01-09 14:32:56,502 - INFO - openpose - Left person: Arm EXTENDED (depth-plane)
2026-01-09 14:32:56,502 - INFO - openpose - ZMQ Message received (non-blocking): PL: Arm Extended Check
2026-01-09 14:32:56,502 - INFO - openpose - ZMQ Sending: Left: Arm Extended
2026-01-09 14:32:56,563 - INFO - openpose - Left person: Arm RETRACTED (depth-plane)
2026-01-09 14:32:56,563 - INFO - openpose - ZMQ Message received (non-blocking): PL: Arm Retracted Check
2026-01-09 14:32:56,563 - INFO - openpose - ZMQ Sending: Left: Arm Retracted
2026-01-09 14:32:57,452 - INFO - openpose - Gaze3D frame=600 id=None label=None v=[-0.308, -0.545, 0.780] yaw=-21.5 pitch=33.0 cx=545.1766510009766
2026-01-09 14:32:57,452 - INFO - openpose - Gaze3D frame=600 id=None label=None v=[-0.507, 0.029, 0.862] yaw=-30.5 pitch=-1.7 cx=419.64007568359375
2026-01-09 14:32:57,452 - INFO - openpose - Gaze PUB: people=2, frame_idx=600
2026-01-09 14:32:57,701 - INFO - openpose - Gaze3D frame=600 id=None label=None v=[-0.314, -0.699, 0.642] yaw=-26.0 pitch=44.4 cx=534.6071624755859
2026-01-09 14:32:57,701 - INFO - openpose - Gaze3D frame=600 id=None label=None v=[-0.381, -0.243, 0.892] yaw=-23.1 pitch=14.1 cx=417.19859313964844
2026-01-09 14:32:57,701 - INFO - openpose - Gaze PUB: people=2, frame_idx=600
2026-01-09 14:32:58,041 - INFO - openpose - Gaze3D frame=600 id=None label=None v=[-0.363, -0.734, 0.574] yaw=-32.3 pitch=47.3 cx=522.8630676269531
2026-01-09 14:32:58,041 - INFO - openpose - Gaze3D frame=600 id=None label=None v=[-0.375, -0.423, 0.825] yaw=-24.4 pitch=25.0 cx=402.7649383544922
2026-01-09 14:32:58,042 - INFO - openpose - Gaze3D frame=600 id=None label=None v=[-0.026, -0.959, 0.283] yaw=-5.3 pitch=73.5 cx=356.5041961669922
2026-01-09 14:32:58,042 - INFO - openpose - Gaze PUB: people=3, frame_idx=600
2026-01-09 14:32:58,298 - INFO - openpose - Gaze3D frame=600 id=None label=None v=[-0.331, -0.648, 0.686] yaw=-25.7 pitch=40.4 cx=502.4275360107422
2026-01-09 14:32:58,299 - INFO - openpose - Gaze3D frame=600 id=None label=None v=[-0.321, -0.253, 0.912] yaw=-19.4 pitch=14.7 cx=376.64703369140625
2026-01-09 14:32:58,299 - INFO - openpose - Gaze PUB: people=2, frame_idx=600
2026-01-09 14:32:58,576 - INFO - openpose - Gaze3D frame=600 id=left label=Left person v=[-0.350, -0.211, 0.913] yaw=-21.0 pitch=12.2 cx=356.3848876953125
2026-01-09 14:32:58,576 - INFO - openpose - Gaze3D frame=600 id=right label=Right person v=[-0.259, -0.811, 0.525] yaw=-26.2 pitch=54.2 cx=496.74241638183594
2026-01-09 14:32:58,576 - INFO - openpose - Gaze PUB: people=2, frame_idx=600
2026-01-09 14:33:02,570 - INFO - openpose - Gaze3D frame=608 id=left label=Left person v=[-0.622, 0.150, 0.768] yaw=-39.0 pitch=-8.6 cx=386.7300567626953
2026-01-09 14:33:02,570 - INFO - openpose - Gaze3D frame=608 id=right label=Right person v=[-0.517, -0.621, 0.589] yaw=-41.3 pitch=38.4 cx=502.13804626464844
2026-01-09 14:33:02,570 - INFO - openpose - Gaze PUB: people=2, frame_idx=608
2026-01-09 14:33:29,163 - INFO - openpose - Gaze3D frame=616 id=left label=Left person v=[-0.203, -0.892, 0.405] yaw=-26.7 pitch=63.1 cx=139.76305389404297
2026-01-09 14:33:29,163 - INFO - openpose - Gaze3D frame=616 id=right label=Right person v=[-0.227, -0.776, 0.589] yaw=-21.0 pitch=50.9 cx=549.0665893554688
2026-01-09 14:33:29,163 - INFO - openpose - Gaze PUB: people=2, frame_idx=616
2026-01-09 14:33:30,127 - INFO - openpose - Gaze3D frame=624 id=left label=Left person v=[-0.092, -0.634, 0.768] yaw=-6.8 pitch=39.4 cx=10.045334219932556
2026-01-09 14:33:30,128 - INFO - openpose - Gaze3D frame=624 id=right label=Right person v=[-0.082, -0.881, 0.467] yaw=-10.0 pitch=61.7 cx=432.06105041503906
2026-01-09 14:33:30,128 - INFO - openpose - Gaze PUB: people=2, frame_idx=624
2026-01-09 14:33:42,454 - CRITICAL - openpose - Critical error in openpose_server: need at least one array to stack
Traceback (most recent call last):
  File "openpose_server.py", line 521, in <module>
    gaze_results = gaze_pipeline.step(frame)         # same as demo.py
  File "/home/ines/Desktop/Harmony/L2CS_Net/l2cs/pipeline.py", line 93, in step
    pitch, yaw = self.predict_gaze(np.stack(face_imgs))
  File "<__array_function__ internals>", line 200, in stack
  File "/home/ines/.local/lib/python3.8/site-packages/numpy/core/shape_base.py", line 460, in stack
    raise ValueError('need at least one array to stack')
ValueError: need at least one array to stack
