2025-12-19 15:43:54,023 - INFO - openpose - OpenPose server started and bound to tcp://*:5555
2025-12-19 15:43:54,024 - INFO - openpose - OpenPose server started and bound to tcp://*:5556
2025-12-19 15:43:54,036 - INFO - openpose - Starting OpenPose
2025-12-19 15:43:54,789 - INFO - openpose - OpenPose initialized - waiting for turn_order
2025-12-19 15:44:08,541 - INFO - openpose - Message received: ybypbpbpy

2025-12-19 15:44:09,327 - INFO - openpose - Gaze3D frame=0 id=left label=Left person v=[-0.339, 0.150, 0.929] yaw=-20.1 pitch=-8.6 cx=261.6829833984375
2025-12-19 15:44:09,327 - INFO - openpose - Gaze3D frame=0 id=right label=Right person v=[-0.321, -0.026, 0.947] yaw=-18.7 pitch=1.5 cx=431.02769470214844
2025-12-19 15:44:09,327 - INFO - openpose - Gaze PUB: people=2, frame_idx=0
2025-12-19 15:44:09,328 - INFO - openpose - Robot's turn detected
2025-12-19 15:44:10,009 - INFO - openpose - Gaze3D frame=8 id=left label=Left person v=[-0.272, 0.061, 0.960] yaw=-15.8 pitch=-3.5 cx=262.13709259033203
2025-12-19 15:44:10,009 - INFO - openpose - Gaze3D frame=8 id=right label=Right person v=[-0.363, 0.006, 0.932] yaw=-21.3 pitch=-0.4 cx=431.55714416503906
2025-12-19 15:44:10,009 - INFO - openpose - Gaze PUB: people=2, frame_idx=8
2025-12-19 15:44:10,691 - INFO - openpose - Gaze3D frame=16 id=left label=Left person v=[-0.292, 0.135, 0.947] yaw=-17.2 pitch=-7.8 cx=258.6600646972656
2025-12-19 15:44:10,692 - INFO - openpose - Gaze3D frame=16 id=right label=Right person v=[-0.373, -0.372, 0.850] yaw=-23.7 pitch=21.8 cx=431.4523620605469
2025-12-19 15:44:10,692 - INFO - openpose - Gaze PUB: people=2, frame_idx=16
2025-12-19 15:44:11,397 - INFO - openpose - Gaze3D frame=24 id=left label=Left person v=[-0.387, 0.153, 0.909] yaw=-23.1 pitch=-8.8 cx=258.65123748779297
2025-12-19 15:44:11,397 - INFO - openpose - Gaze3D frame=24 id=right label=Right person v=[-0.289, 0.009, 0.957] yaw=-16.8 pitch=-0.5 cx=431.7970733642578
2025-12-19 15:44:11,398 - INFO - openpose - Gaze PUB: people=2, frame_idx=24
2025-12-19 15:44:12,093 - INFO - openpose - Gaze3D frame=32 id=left label=Left person v=[-0.377, 0.064, 0.924] yaw=-22.2 pitch=-3.7 cx=259.8261032104492
2025-12-19 15:44:12,093 - INFO - openpose - Gaze3D frame=32 id=right label=Right person v=[-0.361, -0.032, 0.932] yaw=-21.2 pitch=1.8 cx=429.36231994628906
2025-12-19 15:44:12,093 - INFO - openpose - Gaze PUB: people=2, frame_idx=32
2025-12-19 15:44:12,796 - INFO - openpose - Gaze3D frame=40 id=left label=Left person v=[-0.459, 0.180, 0.870] yaw=-27.8 pitch=-10.4 cx=260.7976760864258
2025-12-19 15:44:12,796 - INFO - openpose - Gaze3D frame=40 id=right label=Right person v=[-0.282, -0.037, 0.959] yaw=-16.4 pitch=2.1 cx=430.90704345703125
2025-12-19 15:44:12,796 - INFO - openpose - Gaze PUB: people=2, frame_idx=40
2025-12-19 15:44:13,526 - INFO - openpose - Gaze3D frame=48 id=left label=Left person v=[-0.436, 0.237, 0.868] yaw=-26.7 pitch=-13.7 cx=261.89952850341797
2025-12-19 15:44:13,526 - INFO - openpose - Gaze3D frame=48 id=right label=Right person v=[-0.348, -0.093, 0.933] yaw=-20.5 pitch=5.3 cx=431.0602569580078
2025-12-19 15:44:13,526 - INFO - openpose - Gaze PUB: people=2, frame_idx=48
2025-12-19 15:44:14,258 - INFO - openpose - Gaze3D frame=56 id=left label=Left person v=[-0.425, 0.236, 0.874] yaw=-25.9 pitch=-13.6 cx=261.79422760009766
2025-12-19 15:44:14,258 - INFO - openpose - Gaze3D frame=56 id=right label=Right person v=[-0.318, -0.098, 0.943] yaw=-18.7 pitch=5.6 cx=430.19061279296875
2025-12-19 15:44:14,258 - INFO - openpose - Gaze PUB: people=2, frame_idx=56
2025-12-19 15:44:14,909 - INFO - openpose - Gaze3D frame=64 id=left label=Left person v=[-0.408, 0.297, 0.863] yaw=-25.3 pitch=-17.3 cx=261.7757568359375
2025-12-19 15:44:14,909 - INFO - openpose - Gaze3D frame=64 id=right label=Right person v=[-0.392, -0.068, 0.918] yaw=-23.1 pitch=3.9 cx=430.75538635253906
2025-12-19 15:44:14,909 - INFO - openpose - Gaze PUB: people=2, frame_idx=64
2025-12-19 15:44:15,597 - INFO - openpose - Gaze3D frame=72 id=left label=Left person v=[-0.444, 0.218, 0.869] yaw=-27.1 pitch=-12.6 cx=261.5208206176758
2025-12-19 15:44:15,597 - INFO - openpose - Gaze3D frame=72 id=right label=Right person v=[-0.383, 0.002, 0.924] yaw=-22.5 pitch=-0.1 cx=430.9196319580078
2025-12-19 15:44:15,597 - INFO - openpose - Gaze PUB: people=2, frame_idx=72
2025-12-19 15:44:16,191 - INFO - openpose - Gaze3D frame=80 id=left label=Left person v=[-0.417, 0.225, 0.881] yaw=-25.3 pitch=-13.0 cx=261.7997741699219
2025-12-19 15:44:16,191 - INFO - openpose - Gaze3D frame=80 id=right label=Right person v=[-0.369, -0.102, 0.924] yaw=-21.8 pitch=5.9 cx=430.9205780029297
2025-12-19 15:44:16,191 - INFO - openpose - Gaze PUB: people=2, frame_idx=80
2025-12-19 15:44:16,850 - INFO - openpose - Gaze3D frame=88 id=left label=Left person v=[-0.478, 0.255, 0.841] yaw=-29.6 pitch=-14.8 cx=261.47174072265625
2025-12-19 15:44:16,850 - INFO - openpose - Gaze3D frame=88 id=right label=Right person v=[-0.378, -0.029, 0.925] yaw=-22.2 pitch=1.7 cx=431.0804901123047
2025-12-19 15:44:16,850 - INFO - openpose - Gaze PUB: people=2, frame_idx=88
2025-12-19 15:44:17,528 - INFO - openpose - Gaze3D frame=96 id=left label=Left person v=[-0.459, 0.297, 0.837] yaw=-28.7 pitch=-17.3 cx=260.96826171875
2025-12-19 15:44:17,528 - INFO - openpose - Gaze3D frame=96 id=right label=Right person v=[-0.264, -0.224, 0.938] yaw=-15.7 pitch=12.9 cx=430.92051696777344
2025-12-19 15:44:17,529 - INFO - openpose - Gaze PUB: people=2, frame_idx=96
2025-12-19 15:44:18,213 - INFO - openpose - Gaze3D frame=104 id=left label=Left person v=[-0.423, 0.274, 0.864] yaw=-26.1 pitch=-15.9 cx=262.20603942871094
2025-12-19 15:44:18,213 - INFO - openpose - Gaze3D frame=104 id=right label=Right person v=[-0.113, -0.263, 0.958] yaw=-6.7 pitch=15.2 cx=431.1416473388672
2025-12-19 15:44:18,213 - INFO - openpose - Gaze PUB: people=2, frame_idx=104
2025-12-19 15:44:18,932 - INFO - openpose - Gaze3D frame=112 id=left label=Left person v=[-0.435, 0.273, 0.858] yaw=-26.9 pitch=-15.8 cx=262.46887969970703
2025-12-19 15:44:18,932 - INFO - openpose - Gaze3D frame=112 id=right label=Right person v=[-0.383, -0.106, 0.918] yaw=-22.6 pitch=6.1 cx=431.1675262451172
2025-12-19 15:44:18,932 - INFO - openpose - Gaze PUB: people=2, frame_idx=112
2025-12-19 15:44:19,651 - INFO - openpose - Gaze3D frame=120 id=left label=Left person v=[-0.455, 0.155, 0.877] yaw=-27.4 pitch=-8.9 cx=261.11966705322266
2025-12-19 15:44:19,651 - INFO - openpose - Gaze3D frame=120 id=right label=Right person v=[-0.346, -0.089, 0.934] yaw=-20.4 pitch=5.1 cx=431.34521484375
2025-12-19 15:44:19,659 - INFO - openpose - Gaze PUB: people=2, frame_idx=120
2025-12-19 15:44:20,369 - INFO - openpose - Gaze3D frame=128 id=left label=Left person v=[-0.475, 0.348, 0.808] yaw=-30.5 pitch=-20.4 cx=261.05393981933594
2025-12-19 15:44:20,369 - INFO - openpose - Gaze3D frame=128 id=right label=Right person v=[-0.488, -0.161, 0.858] yaw=-29.6 pitch=9.3 cx=430.86265563964844
2025-12-19 15:44:20,369 - INFO - openpose - Gaze PUB: people=2, frame_idx=128
2025-12-19 15:44:21,043 - INFO - openpose - Gaze3D frame=136 id=left label=Left person v=[-0.452, 0.168, 0.876] yaw=-27.3 pitch=-9.7 cx=260.9148254394531
2025-12-19 15:44:21,043 - INFO - openpose - Gaze3D frame=136 id=right label=Right person v=[-0.403, -0.269, 0.875] yaw=-24.8 pitch=15.6 cx=429.74566650390625
2025-12-19 15:44:21,043 - INFO - openpose - Gaze PUB: people=2, frame_idx=136
2025-12-19 15:44:21,719 - INFO - openpose - Gaze3D frame=144 id=left label=Left person v=[-0.481, 0.072, 0.874] yaw=-28.8 pitch=-4.1 cx=260.02510833740234
2025-12-19 15:44:21,719 - INFO - openpose - Gaze3D frame=144 id=right label=Right person v=[-0.545, -0.206, 0.813] yaw=-33.8 pitch=11.9 cx=430.34971618652344
2025-12-19 15:44:21,719 - INFO - openpose - Gaze PUB: people=2, frame_idx=144
2025-12-19 15:44:22,349 - INFO - openpose - Gaze3D frame=152 id=left label=Left person v=[-0.473, 0.197, 0.859] yaw=-28.8 pitch=-11.4 cx=260.5565490722656
2025-12-19 15:44:22,349 - INFO - openpose - Gaze3D frame=152 id=right label=Right person v=[-0.623, -0.168, 0.764] yaw=-39.2 pitch=9.7 cx=430.5762634277344
2025-12-19 15:44:22,349 - INFO - openpose - Gaze PUB: people=2, frame_idx=152
2025-12-19 15:44:23,044 - INFO - openpose - Gaze3D frame=160 id=left label=Left person v=[-0.471, 0.159, 0.868] yaw=-28.5 pitch=-9.1 cx=261.0202331542969
2025-12-19 15:44:23,044 - INFO - openpose - Gaze3D frame=160 id=right label=Right person v=[-0.556, -0.294, 0.777] yaw=-35.6 pitch=17.1 cx=430.513916015625
2025-12-19 15:44:23,044 - INFO - openpose - Gaze PUB: people=2, frame_idx=160
2025-12-19 15:44:23,755 - INFO - openpose - Gaze3D frame=168 id=left label=Left person v=[-0.456, 0.194, 0.869] yaw=-27.7 pitch=-11.2 cx=261.52967071533203
2025-12-19 15:44:23,755 - INFO - openpose - Gaze3D frame=168 id=right label=Right person v=[-0.428, -0.191, 0.883] yaw=-25.9 pitch=11.0 cx=430.2367706298828
2025-12-19 15:44:23,755 - INFO - openpose - Gaze PUB: people=2, frame_idx=168
2025-12-19 15:44:24,449 - INFO - openpose - Gaze3D frame=176 id=left label=Left person v=[-0.470, 0.205, 0.859] yaw=-28.7 pitch=-11.8 cx=260.3494415283203
2025-12-19 15:44:24,450 - INFO - openpose - Gaze3D frame=176 id=right label=Right person v=[-0.485, -0.230, 0.844] yaw=-29.9 pitch=13.3 cx=429.93223571777344
2025-12-19 15:44:24,450 - INFO - openpose - Gaze PUB: people=2, frame_idx=176
2025-12-19 15:44:25,161 - INFO - openpose - Gaze3D frame=184 id=left label=Left person v=[-0.488, 0.204, 0.849] yaw=-29.9 pitch=-11.8 cx=260.44974517822266
2025-12-19 15:44:25,161 - INFO - openpose - Gaze3D frame=184 id=right label=Right person v=[-0.556, -0.437, 0.707] yaw=-38.2 pitch=25.9 cx=429.93756103515625
2025-12-19 15:44:25,161 - INFO - openpose - Gaze PUB: people=2, frame_idx=184
2025-12-19 15:44:25,855 - INFO - openpose - Gaze3D frame=192 id=left label=Left person v=[-0.454, 0.158, 0.877] yaw=-27.4 pitch=-9.1 cx=260.51055908203125
2025-12-19 15:44:25,855 - INFO - openpose - Gaze3D frame=192 id=right label=Right person v=[-0.541, -0.316, 0.779] yaw=-34.8 pitch=18.4 cx=430.2716064453125
2025-12-19 15:44:25,855 - INFO - openpose - Gaze PUB: people=2, frame_idx=192
2025-12-19 15:44:26,547 - INFO - openpose - Gaze3D frame=200 id=left label=Left person v=[-0.485, 0.403, 0.776] yaw=-32.0 pitch=-23.7 cx=260.66666412353516
2025-12-19 15:44:26,548 - INFO - openpose - Gaze3D frame=200 id=right label=Right person v=[-0.567, -0.232, 0.790] yaw=-35.7 pitch=13.4 cx=431.3347625732422
2025-12-19 15:44:26,548 - INFO - openpose - Gaze PUB: people=2, frame_idx=200
2025-12-19 15:44:27,303 - INFO - openpose - Gaze3D frame=208 id=left label=Left person v=[-0.474, 0.377, 0.796] yaw=-30.8 pitch=-22.2 cx=261.0287170410156
2025-12-19 15:44:27,303 - INFO - openpose - Gaze3D frame=208 id=right label=Right person v=[-0.413, -0.396, 0.820] yaw=-26.8 pitch=23.3 cx=432.18310546875
2025-12-19 15:44:27,303 - INFO - openpose - Gaze PUB: people=2, frame_idx=208
2025-12-19 15:44:28,018 - INFO - openpose - Gaze3D frame=216 id=left label=Left person v=[-0.471, 0.323, 0.821] yaw=-29.9 pitch=-18.8 cx=262.0943603515625
2025-12-19 15:44:28,018 - INFO - openpose - Gaze3D frame=216 id=right label=Right person v=[-0.492, -0.490, 0.719] yaw=-34.4 pitch=29.4 cx=426.8159484863281
2025-12-19 15:44:28,019 - INFO - openpose - Gaze PUB: people=2, frame_idx=216
2025-12-19 15:44:28,703 - INFO - openpose - Gaze3D frame=224 id=left label=Left person v=[-0.441, 0.302, 0.845] yaw=-27.6 pitch=-17.6 cx=262.6515350341797
2025-12-19 15:44:28,703 - INFO - openpose - Gaze3D frame=224 id=right label=Right person v=[-0.408, -0.513, 0.755] yaw=-28.4 pitch=30.9 cx=407.8401794433594
2025-12-19 15:44:28,703 - INFO - openpose - Gaze PUB: people=2, frame_idx=224
2025-12-19 15:44:29,430 - INFO - openpose - Gaze3D frame=232 id=left label=Left person v=[-0.405, 0.300, 0.863] yaw=-25.2 pitch=-17.5 cx=263.6733703613281
2025-12-19 15:44:29,430 - INFO - openpose - Gaze3D frame=232 id=right label=Right person v=[-0.296, -0.432, 0.852] yaw=-19.2 pitch=25.6 cx=426.5747985839844
2025-12-19 15:44:29,430 - INFO - openpose - Gaze PUB: people=2, frame_idx=232
2025-12-19 15:44:30,129 - INFO - openpose - Gaze3D frame=240 id=left label=Left person v=[-0.474, 0.310, 0.824] yaw=-29.9 pitch=-18.0 cx=264.3704528808594
2025-12-19 15:44:30,129 - INFO - openpose - Gaze3D frame=240 id=right label=Right person v=[-0.375, -0.515, 0.771] yaw=-25.9 pitch=31.0 cx=444.1610412597656
2025-12-19 15:44:30,129 - INFO - openpose - Gaze PUB: people=2, frame_idx=240
2025-12-19 15:44:30,817 - INFO - openpose - Gaze3D frame=248 id=left label=Left person v=[-0.450, 0.386, 0.805] yaw=-29.2 pitch=-22.7 cx=267.99620056152344
2025-12-19 15:44:30,817 - INFO - openpose - Gaze3D frame=248 id=right label=Right person v=[-0.388, -0.201, 0.899] yaw=-23.4 pitch=11.6 cx=443.9494934082031
2025-12-19 15:44:30,817 - INFO - openpose - Gaze PUB: people=2, frame_idx=248
2025-12-19 15:44:31,520 - INFO - openpose - Gaze3D frame=256 id=left label=Left person v=[-0.437, 0.388, 0.812] yaw=-28.3 pitch=-22.8 cx=265.9082717895508
2025-12-19 15:44:31,520 - INFO - openpose - Gaze3D frame=256 id=right label=Right person v=[-0.398, -0.147, 0.905] yaw=-23.7 pitch=8.4 cx=441.8327941894531
2025-12-19 15:44:31,520 - INFO - openpose - Gaze PUB: people=2, frame_idx=256
2025-12-19 15:44:32,170 - INFO - openpose - Gaze3D frame=264 id=left label=Left person v=[-0.396, 0.356, 0.847] yaw=-25.0 pitch=-20.9 cx=257.0327911376953
2025-12-19 15:44:32,170 - INFO - openpose - Gaze3D frame=264 id=right label=Right person v=[-0.472, -0.345, 0.812] yaw=-30.2 pitch=20.2 cx=441.10125732421875
2025-12-19 15:44:32,170 - INFO - openpose - Gaze PUB: people=2, frame_idx=264
2025-12-19 15:44:32,840 - INFO - openpose - Gaze3D frame=272 id=left label=Left person v=[-0.329, 0.279, 0.902] yaw=-20.0 pitch=-16.2 cx=241.15542602539062
2025-12-19 15:44:32,840 - INFO - openpose - Gaze3D frame=272 id=right label=Right person v=[-0.451, -0.029, 0.892] yaw=-26.8 pitch=1.7 cx=440.75123596191406
2025-12-19 15:44:32,840 - INFO - openpose - Gaze PUB: people=2, frame_idx=272
2025-12-19 15:44:33,531 - INFO - openpose - Gaze3D frame=280 id=left label=Left person v=[-0.431, 0.267, 0.862] yaw=-26.6 pitch=-15.5 cx=270.6821746826172
2025-12-19 15:44:33,531 - INFO - openpose - Gaze3D frame=280 id=right label=Right person v=[-0.321, -0.058, 0.945] yaw=-18.8 pitch=3.3 cx=443.40638732910156
2025-12-19 15:44:33,531 - INFO - openpose - Gaze PUB: people=2, frame_idx=280
2025-12-19 15:44:33,656 - INFO - openpose - Left person: Arm EXTENDED (depth-plane)
2025-12-19 15:44:33,656 - INFO - openpose - ZMQ Message received (non-blocking): PL: Arm Extended Check
2025-12-19 15:44:33,656 - INFO - openpose - ZMQ Sending: Left: Arm Extended
2025-12-19 15:44:33,719 - INFO - openpose - Left person: Arm RETRACTED (depth-plane)
2025-12-19 15:44:33,720 - INFO - openpose - ZMQ Message received (non-blocking): PL: Arm Retracted Check
2025-12-19 15:44:33,720 - INFO - openpose - ZMQ Sending: Left: Arm Retracted
2025-12-19 15:44:33,781 - INFO - openpose - Robot's turn detected
2025-12-19 15:44:34,213 - INFO - openpose - Gaze3D frame=288 id=left label=Left person v=[-0.502, 0.143, 0.853] yaw=-30.5 pitch=-8.2 cx=300.7118377685547
2025-12-19 15:44:34,213 - INFO - openpose - Gaze3D frame=288 id=right label=Right person v=[-0.254, -0.074, 0.964] yaw=-14.8 pitch=4.2 cx=445.2227478027344
2025-12-19 15:44:34,213 - INFO - openpose - Gaze PUB: people=2, frame_idx=288
2025-12-19 15:44:34,916 - INFO - openpose - Gaze3D frame=296 id=left label=Left person v=[-0.388, -0.168, 0.906] yaw=-23.2 pitch=9.7 cx=331.45880126953125
2025-12-19 15:44:34,916 - INFO - openpose - Gaze3D frame=296 id=right label=Right person v=[-0.270, -0.090, 0.959] yaw=-15.7 pitch=5.2 cx=445.3955078125
2025-12-19 15:44:34,916 - INFO - openpose - Gaze PUB: people=2, frame_idx=296
2025-12-19 15:44:35,601 - INFO - openpose - Gaze3D frame=304 id=left label=Left person v=[-0.377, -0.255, 0.891] yaw=-22.9 pitch=14.8 cx=338.233154296875
2025-12-19 15:44:35,608 - INFO - openpose - Gaze3D frame=304 id=right label=Right person v=[-0.413, -0.246, 0.877] yaw=-25.2 pitch=14.2 cx=444.6384582519531
2025-12-19 15:44:35,608 - INFO - openpose - Gaze PUB: people=2, frame_idx=304
2025-12-19 15:44:36,282 - INFO - openpose - Gaze3D frame=312 id=left label=Left person v=[-0.323, -0.520, 0.791] yaw=-22.2 pitch=31.3 cx=317.7732238769531
2025-12-19 15:44:36,282 - INFO - openpose - Gaze3D frame=312 id=right label=Right person v=[0.048, -0.313, 0.948] yaw=2.9 pitch=18.3 cx=444.4173889160156
2025-12-19 15:44:36,282 - INFO - openpose - Gaze PUB: people=2, frame_idx=312
2025-12-19 15:44:36,970 - INFO - openpose - Gaze3D frame=320 id=left label=Left person v=[-0.377, -0.039, 0.925] yaw=-22.2 pitch=2.2 cx=256.37864685058594
2025-12-19 15:44:36,970 - INFO - openpose - Gaze3D frame=320 id=right label=Right person v=[-0.170, -0.298, 0.939] yaw=-10.3 pitch=17.3 cx=441.14060974121094
2025-12-19 15:44:36,970 - INFO - openpose - Gaze PUB: people=2, frame_idx=320
2025-12-19 15:44:37,693 - INFO - openpose - Gaze3D frame=328 id=left label=Left person v=[-0.356, -0.040, 0.934] yaw=-20.9 pitch=2.3 cx=243.14739990234375
2025-12-19 15:44:37,693 - INFO - openpose - Gaze3D frame=328 id=right label=Right person v=[-0.481, -0.319, 0.817] yaw=-30.5 pitch=18.6 cx=439.51625061035156
2025-12-19 15:44:37,694 - INFO - openpose - Gaze PUB: people=2, frame_idx=328
2025-12-19 15:44:38,424 - INFO - openpose - Gaze3D frame=336 id=left label=Left person v=[-0.398, 0.354, 0.846] yaw=-25.2 pitch=-20.7 cx=264.0055923461914
2025-12-19 15:44:38,424 - INFO - openpose - Gaze3D frame=336 id=right label=Right person v=[-0.189, -0.338, 0.922] yaw=-11.6 pitch=19.8 cx=437.30992126464844
2025-12-19 15:44:38,424 - INFO - openpose - Gaze PUB: people=2, frame_idx=336
2025-12-19 15:44:39,123 - INFO - openpose - Gaze3D frame=344 id=left label=Left person v=[-0.430, 0.052, 0.901] yaw=-25.5 pitch=-3.0 cx=262.4606475830078
2025-12-19 15:44:39,123 - INFO - openpose - Gaze3D frame=344 id=right label=Right person v=[-0.327, -0.224, 0.918] yaw=-19.6 pitch=12.9 cx=438.60572814941406
2025-12-19 15:44:39,123 - INFO - openpose - Gaze PUB: people=2, frame_idx=344
2025-12-19 15:44:39,828 - INFO - openpose - Gaze3D frame=352 id=left label=Left person v=[-0.465, 0.010, 0.885] yaw=-27.7 pitch=-0.6 cx=261.75598907470703
2025-12-19 15:44:39,828 - INFO - openpose - Gaze3D frame=352 id=right label=Right person v=[-0.303, -0.251, 0.919] yaw=-18.3 pitch=14.5 cx=437.9533233642578
2025-12-19 15:44:39,828 - INFO - openpose - Gaze PUB: people=2, frame_idx=352
2025-12-19 15:44:40,531 - INFO - openpose - Gaze3D frame=360 id=left label=Left person v=[-0.462, 0.014, 0.887] yaw=-27.5 pitch=-0.8 cx=262.0389938354492
2025-12-19 15:44:40,531 - INFO - openpose - Gaze3D frame=360 id=right label=Right person v=[-0.302, -0.309, 0.902] yaw=-18.5 pitch=18.0 cx=437.7274627685547
2025-12-19 15:44:40,531 - INFO - openpose - Gaze PUB: people=2, frame_idx=360
2025-12-19 15:44:41,199 - INFO - openpose - Gaze3D frame=368 id=left label=Left person v=[-0.489, 0.214, 0.845] yaw=-30.1 pitch=-12.4 cx=262.02587890625
2025-12-19 15:44:41,200 - INFO - openpose - Gaze3D frame=368 id=right label=Right person v=[-0.359, -0.307, 0.881] yaw=-22.1 pitch=17.9 cx=437.61927795410156
2025-12-19 15:44:41,200 - INFO - openpose - Gaze PUB: people=2, frame_idx=368
2025-12-19 15:44:41,907 - INFO - openpose - Gaze3D frame=376 id=left label=Left person v=[-0.451, 0.330, 0.830] yaw=-28.5 pitch=-19.2 cx=262.22161865234375
2025-12-19 15:44:41,907 - INFO - openpose - Gaze3D frame=376 id=right label=Right person v=[-0.282, -0.210, 0.936] yaw=-16.7 pitch=12.1 cx=438.0491027832031
2025-12-19 15:44:41,907 - INFO - openpose - Gaze PUB: people=2, frame_idx=376
2025-12-19 15:44:42,619 - INFO - openpose - Gaze3D frame=384 id=left label=Left person v=[-0.438, -0.091, 0.894] yaw=-26.1 pitch=5.2 cx=260.0750732421875
2025-12-19 15:44:42,619 - INFO - openpose - Gaze3D frame=384 id=right label=Right person v=[-0.309, -0.224, 0.924] yaw=-18.5 pitch=12.9 cx=438.25390625
2025-12-19 15:44:42,619 - INFO - openpose - Gaze PUB: people=2, frame_idx=384
2025-12-19 15:44:43,326 - INFO - openpose - Gaze3D frame=392 id=left label=Left person v=[-0.495, 0.187, 0.848] yaw=-30.3 pitch=-10.8 cx=270.6181869506836
2025-12-19 15:44:43,326 - INFO - openpose - Gaze3D frame=392 id=right label=Right person v=[-0.393, -0.258, 0.882] yaw=-24.0 pitch=15.0 cx=438.67474365234375
2025-12-19 15:44:43,326 - INFO - openpose - Gaze PUB: people=2, frame_idx=392
2025-12-19 15:44:44,012 - INFO - openpose - Gaze3D frame=400 id=left label=Left person v=[-0.559, 0.209, 0.802] yaw=-34.9 pitch=-12.1 cx=269.4323959350586
2025-12-19 15:44:44,012 - INFO - openpose - Gaze3D frame=400 id=right label=Right person v=[-0.460, -0.289, 0.840] yaw=-28.7 pitch=16.8 cx=438.40997314453125
2025-12-19 15:44:44,012 - INFO - openpose - Gaze PUB: people=2, frame_idx=400
2025-12-19 15:44:44,718 - INFO - openpose - Gaze3D frame=408 id=left label=Left person v=[-0.478, 0.416, 0.774] yaw=-31.7 pitch=-24.6 cx=270.05003356933594
2025-12-19 15:44:44,719 - INFO - openpose - Gaze3D frame=408 id=right label=Right person v=[-0.394, -0.189, 0.899] yaw=-23.7 pitch=10.9 cx=438.9930114746094
2025-12-19 15:44:44,719 - INFO - openpose - Gaze PUB: people=2, frame_idx=408
2025-12-19 15:44:45,407 - INFO - openpose - Gaze3D frame=416 id=left label=Left person v=[-0.407, 0.038, 0.913] yaw=-24.0 pitch=-2.2 cx=265.1845245361328
2025-12-19 15:44:45,407 - INFO - openpose - Gaze3D frame=416 id=right label=Right person v=[-0.337, -0.312, 0.889] yaw=-20.8 pitch=18.2 cx=438.94781494140625
2025-12-19 15:44:45,407 - INFO - openpose - Gaze PUB: people=2, frame_idx=416
2025-12-19 15:44:46,095 - INFO - openpose - Gaze3D frame=424 id=left label=Left person v=[-0.477, 0.280, 0.833] yaw=-29.8 pitch=-16.3 cx=260.9626007080078
2025-12-19 15:44:46,095 - INFO - openpose - Gaze3D frame=424 id=right label=Right person v=[-0.509, -0.145, 0.849] yaw=-31.0 pitch=8.3 cx=439.16722106933594
2025-12-19 15:44:46,095 - INFO - openpose - Gaze PUB: people=2, frame_idx=424
2025-12-19 15:44:46,828 - INFO - openpose - Gaze3D frame=432 id=left label=Left person v=[-0.451, 0.523, 0.723] yaw=-31.9 pitch=-31.6 cx=261.1020965576172
2025-12-19 15:44:46,828 - INFO - openpose - Gaze3D frame=432 id=right label=Right person v=[-0.541, -0.174, 0.823] yaw=-33.3 pitch=10.0 cx=439.0495147705078
2025-12-19 15:44:46,828 - INFO - openpose - Gaze PUB: people=2, frame_idx=432
2025-12-19 15:44:47,540 - INFO - openpose - Gaze3D frame=440 id=left label=Left person v=[-0.463, 0.233, 0.855] yaw=-28.4 pitch=-13.5 cx=261.4462432861328
2025-12-19 15:44:47,540 - INFO - openpose - Gaze3D frame=440 id=right label=Right person v=[-0.547, -0.177, 0.818] yaw=-33.8 pitch=10.2 cx=439.278564453125
2025-12-19 15:44:47,540 - INFO - openpose - Gaze PUB: people=2, frame_idx=440
2025-12-19 15:44:48,213 - INFO - openpose - Gaze3D frame=448 id=left label=Left person v=[-0.437, 0.451, 0.778] yaw=-29.3 pitch=-26.8 cx=261.83912658691406
2025-12-19 15:44:48,213 - INFO - openpose - Gaze3D frame=448 id=right label=Right person v=[-0.593, -0.330, 0.734] yaw=-39.0 pitch=19.3 cx=439.4755859375
2025-12-19 15:44:48,213 - INFO - openpose - Gaze PUB: people=2, frame_idx=448
2025-12-19 15:44:48,916 - INFO - openpose - Gaze3D frame=456 id=left label=Left person v=[-0.451, 0.324, 0.831] yaw=-28.5 pitch=-18.9 cx=261.6281280517578
2025-12-19 15:44:48,916 - INFO - openpose - Gaze3D frame=456 id=right label=Right person v=[-0.535, -0.250, 0.807] yaw=-33.6 pitch=14.5 cx=439.21348571777344
2025-12-19 15:44:48,916 - INFO - openpose - Gaze PUB: people=2, frame_idx=456
2025-12-19 15:44:49,616 - INFO - openpose - Gaze3D frame=464 id=left label=Left person v=[-0.465, 0.413, 0.783] yaw=-30.7 pitch=-24.4 cx=261.8592987060547
2025-12-19 15:44:49,616 - INFO - openpose - Gaze3D frame=464 id=right label=Right person v=[-0.271, -0.442, 0.855] yaw=-17.6 pitch=26.2 cx=439.3627624511719
2025-12-19 15:44:49,616 - INFO - openpose - Gaze PUB: people=2, frame_idx=464
2025-12-19 15:44:50,306 - INFO - openpose - Gaze3D frame=472 id=left label=Left person v=[-0.433, 0.432, 0.791] yaw=-28.7 pitch=-25.6 cx=261.61956787109375
2025-12-19 15:44:50,306 - INFO - openpose - Gaze3D frame=472 id=right label=Right person v=[-0.507, -0.274, 0.817] yaw=-31.8 pitch=15.9 cx=441.02716064453125
2025-12-19 15:44:50,306 - INFO - openpose - Gaze PUB: people=2, frame_idx=472
2025-12-19 15:44:51,021 - INFO - openpose - Gaze3D frame=480 id=left label=Left person v=[-0.456, 0.346, 0.820] yaw=-29.1 pitch=-20.3 cx=261.4351348876953
2025-12-19 15:44:51,021 - INFO - openpose - Gaze3D frame=480 id=right label=Right person v=[-0.501, -0.118, 0.857] yaw=-30.3 pitch=6.8 cx=441.71107482910156
2025-12-19 15:44:51,021 - INFO - openpose - Gaze PUB: people=2, frame_idx=480
2025-12-19 15:44:51,722 - INFO - openpose - Gaze3D frame=488 id=left label=Left person v=[-0.372, 0.280, 0.885] yaw=-22.8 pitch=-16.3 cx=261.50628662109375
2025-12-19 15:44:51,722 - INFO - openpose - Gaze3D frame=488 id=right label=Right person v=[-0.440, -0.107, 0.892] yaw=-26.3 pitch=6.2 cx=440.9691619873047
2025-12-19 15:44:51,729 - INFO - openpose - Gaze PUB: people=2, frame_idx=488
2025-12-19 15:44:52,420 - INFO - openpose - Gaze3D frame=496 id=left label=Left person v=[-0.476, 0.250, 0.843] yaw=-29.4 pitch=-14.4 cx=261.0424270629883
2025-12-19 15:44:52,420 - INFO - openpose - Gaze3D frame=496 id=right label=Right person v=[-0.534, -0.016, 0.845] yaw=-32.3 pitch=0.9 cx=442.7041320800781
2025-12-19 15:44:52,420 - INFO - openpose - Gaze PUB: people=2, frame_idx=496
2025-12-19 15:44:53,124 - INFO - openpose - Gaze3D frame=504 id=left label=Left person v=[-0.450, 0.252, 0.857] yaw=-27.7 pitch=-14.6 cx=260.0331344604492
2025-12-19 15:44:53,124 - INFO - openpose - Gaze3D frame=504 id=right label=Right person v=[-0.561, -0.041, 0.827] yaw=-34.2 pitch=2.4 cx=443.8772430419922
2025-12-19 15:44:53,124 - INFO - openpose - Gaze PUB: people=2, frame_idx=504
2025-12-19 15:44:53,819 - INFO - openpose - Gaze3D frame=512 id=left label=Left person v=[-0.430, 0.323, 0.843] yaw=-27.0 pitch=-18.8 cx=258.41600036621094
2025-12-19 15:44:53,820 - INFO - openpose - Gaze3D frame=512 id=right label=Right person v=[-0.507, -0.124, 0.853] yaw=-30.7 pitch=7.1 cx=442.3450622558594
2025-12-19 15:44:53,820 - INFO - openpose - Gaze PUB: people=2, frame_idx=512
2025-12-19 15:44:53,941 - INFO - openpose - Right person: Arm EXTENDED (depth-plane)
2025-12-19 15:44:53,941 - INFO - openpose - ZMQ Message received (non-blocking): PR: Arm Extended Check
2025-12-19 15:44:53,941 - INFO - openpose - ZMQ Sending: Right: Arm Extended
2025-12-19 15:44:54,002 - INFO - openpose - Right person: Arm RETRACTED (depth-plane)
2025-12-19 15:44:54,003 - INFO - openpose - ZMQ Message received (non-blocking): PR: Arm Retracted Check
2025-12-19 15:44:54,003 - INFO - openpose - ZMQ Sending: Right: Arm Retracted
2025-12-19 15:44:54,487 - INFO - openpose - Gaze3D frame=520 id=left label=Left person v=[-0.492, 0.124, 0.862] yaw=-29.7 pitch=-7.1 cx=257.09324645996094
2025-12-19 15:44:54,488 - INFO - openpose - Gaze3D frame=520 id=right label=Right person v=[-0.484, -0.500, 0.718] yaw=-33.9 pitch=30.0 cx=423.05889892578125
2025-12-19 15:44:54,488 - INFO - openpose - Gaze PUB: people=2, frame_idx=520
2025-12-19 15:44:55,180 - INFO - openpose - Gaze3D frame=528 id=left label=Left person v=[-0.496, 0.202, 0.844] yaw=-30.4 pitch=-11.7 cx=258.90523529052734
2025-12-19 15:44:55,180 - INFO - openpose - Gaze3D frame=528 id=right label=Right person v=[-0.317, -0.779, 0.541] yaw=-30.4 pitch=51.1 cx=423.99200439453125
2025-12-19 15:44:55,180 - INFO - openpose - Gaze PUB: people=2, frame_idx=528
2025-12-19 15:44:55,887 - INFO - openpose - Gaze3D frame=536 id=left label=Left person v=[-0.454, 0.140, 0.880] yaw=-27.3 pitch=-8.0 cx=259.30674743652344
2025-12-19 15:44:55,887 - INFO - openpose - Gaze3D frame=536 id=right label=Right person v=[-0.495, -0.246, 0.834] yaw=-30.7 pitch=14.2 cx=424.2138214111328
2025-12-19 15:44:55,887 - INFO - openpose - Gaze PUB: people=2, frame_idx=536
2025-12-19 15:44:56,611 - INFO - openpose - Gaze3D frame=544 id=left label=Left person v=[-0.539, 0.397, 0.743] yaw=-36.0 pitch=-23.4 cx=260.0021514892578
2025-12-19 15:44:56,611 - INFO - openpose - Gaze3D frame=544 id=right label=Right person v=[-0.136, -0.431, 0.892] yaw=-8.7 pitch=25.6 cx=444.45184326171875
2025-12-19 15:44:56,611 - INFO - openpose - Gaze PUB: people=2, frame_idx=544
2025-12-19 15:44:57,296 - INFO - openpose - Gaze3D frame=552 id=left label=Left person v=[-0.546, 0.275, 0.791] yaw=-34.6 pitch=-15.9 cx=273.4315872192383
2025-12-19 15:44:57,297 - INFO - openpose - Gaze3D frame=552 id=right label=Right person v=[-0.400, -0.188, 0.897] yaw=-24.0 pitch=10.8 cx=446.4555969238281
2025-12-19 15:44:57,297 - INFO - openpose - Gaze PUB: people=2, frame_idx=552
2025-12-19 15:44:57,991 - INFO - openpose - Gaze3D frame=560 id=left label=Left person v=[-0.435, 0.301, 0.849] yaw=-27.1 pitch=-17.5 cx=249.1152801513672
2025-12-19 15:44:57,991 - INFO - openpose - Gaze3D frame=560 id=right label=Right person v=[-0.363, -0.180, 0.914] yaw=-21.7 pitch=10.4 cx=448.1352233886719
2025-12-19 15:44:57,991 - INFO - openpose - Gaze PUB: people=2, frame_idx=560
2025-12-19 15:44:58,113 - INFO - openpose - Left person: Arm EXTENDED (depth-plane)
2025-12-19 15:44:58,114 - INFO - openpose - ZMQ Message received (non-blocking): PL: Arm Extended Check
2025-12-19 15:44:58,114 - INFO - openpose - ZMQ Sending: Left: Arm Extended
2025-12-19 15:44:58,179 - INFO - openpose - Left person: Arm RETRACTED (depth-plane)
2025-12-19 15:44:58,179 - INFO - openpose - ZMQ Message received (non-blocking): PL: Arm Retracted Check
2025-12-19 15:44:58,180 - INFO - openpose - ZMQ Sending: Left: Arm Retracted
2025-12-19 15:44:58,670 - INFO - openpose - Gaze3D frame=568 id=left label=Left person v=[-0.437, -0.191, 0.879] yaw=-26.4 pitch=11.0 cx=298.1524200439453
2025-12-19 15:44:58,670 - INFO - openpose - Gaze3D frame=568 id=right label=Right person v=[-0.245, -0.159, 0.956] yaw=-14.4 pitch=9.1 cx=448.2581481933594
2025-12-19 15:44:58,670 - INFO - openpose - Gaze PUB: people=2, frame_idx=568
2025-12-19 15:44:59,357 - INFO - openpose - Gaze3D frame=576 id=left label=Left person v=[-0.481, -0.019, 0.876] yaw=-28.8 pitch=1.1 cx=335.0895233154297
2025-12-19 15:44:59,357 - INFO - openpose - Gaze3D frame=576 id=right label=Right person v=[-0.244, -0.224, 0.943] yaw=-14.5 pitch=13.0 cx=448.9415283203125
2025-12-19 15:44:59,357 - INFO - openpose - Gaze PUB: people=2, frame_idx=576
2025-12-19 15:45:00,033 - INFO - openpose - Gaze3D frame=584 id=left label=Left person v=[-0.402, 0.156, 0.902] yaw=-24.0 pitch=-9.0 cx=339.7537384033203
2025-12-19 15:45:00,033 - INFO - openpose - Gaze3D frame=584 id=right label=Right person v=[-0.085, -0.279, 0.957] yaw=-5.1 pitch=16.2 cx=448.96807861328125
2025-12-19 15:45:00,033 - INFO - openpose - Gaze PUB: people=2, frame_idx=584
2025-12-19 15:45:00,733 - INFO - openpose - Gaze3D frame=592 id=left label=Left person v=[-0.383, -0.410, 0.828] yaw=-24.8 pitch=24.2 cx=331.6454620361328
2025-12-19 15:45:00,733 - INFO - openpose - Gaze3D frame=592 id=right label=Right person v=[-0.355, -0.238, 0.904] yaw=-21.4 pitch=13.8 cx=449.74330139160156
2025-12-19 15:45:00,733 - INFO - openpose - Gaze PUB: people=2, frame_idx=592
2025-12-19 15:45:01,390 - INFO - openpose - Gaze3D frame=600 id=left label=Left person v=[-0.435, 0.211, 0.875] yaw=-26.4 pitch=-12.2 cx=271.5018768310547
2025-12-19 15:45:01,390 - INFO - openpose - Gaze3D frame=600 id=right label=Right person v=[-0.343, -0.168, 0.924] yaw=-20.3 pitch=9.7 cx=447.8883514404297
2025-12-19 15:45:01,390 - INFO - openpose - Gaze PUB: people=2, frame_idx=600
2025-12-19 15:45:02,066 - INFO - openpose - Gaze3D frame=608 id=left label=Left person v=[-0.477, 0.204, 0.855] yaw=-29.2 pitch=-11.8 cx=268.49119567871094
2025-12-19 15:45:02,066 - INFO - openpose - Gaze3D frame=608 id=right label=Right person v=[-0.349, -0.093, 0.932] yaw=-20.5 pitch=5.4 cx=445.22975158691406
2025-12-19 15:45:02,066 - INFO - openpose - Gaze PUB: people=2, frame_idx=608
2025-12-19 15:45:02,757 - INFO - openpose - Gaze3D frame=616 id=left label=Left person v=[-0.458, 0.321, 0.829] yaw=-28.9 pitch=-18.7 cx=269.82879638671875
2025-12-19 15:45:02,757 - INFO - openpose - Gaze3D frame=616 id=right label=Right person v=[-0.366, -0.292, 0.883] yaw=-22.5 pitch=17.0 cx=438.0709228515625
2025-12-19 15:45:02,757 - INFO - openpose - Gaze PUB: people=2, frame_idx=616
2025-12-19 15:45:03,457 - INFO - openpose - Gaze3D frame=624 id=left label=Left person v=[-0.416, 0.151, 0.897] yaw=-24.9 pitch=-8.7 cx=264.16310119628906
2025-12-19 15:45:03,457 - INFO - openpose - Gaze3D frame=624 id=right label=Right person v=[-0.518, -0.188, 0.834] yaw=-31.8 pitch=10.8 cx=428.18031311035156
2025-12-19 15:45:03,457 - INFO - openpose - Gaze PUB: people=2, frame_idx=624
2025-12-19 15:45:03,512 - INFO - openpose - Right person: Arm EXTENDED (depth-plane)
2025-12-19 15:45:03,512 - INFO - openpose - ZMQ Message received (non-blocking): PR: Arm Extended Check
2025-12-19 15:45:03,512 - INFO - openpose - ZMQ Sending: Right: Arm Extended
2025-12-19 15:45:03,571 - INFO - openpose - Right person: Arm RETRACTED (depth-plane)
2025-12-19 15:45:03,571 - INFO - openpose - ZMQ Message received (non-blocking): PR: Arm Retracted Check
2025-12-19 15:45:03,571 - INFO - openpose - ZMQ Sending: Right: Arm Retracted
2025-12-19 15:45:03,629 - INFO - openpose - Left person: Arm EXTENDED (depth-plane)
2025-12-19 15:45:03,629 - INFO - openpose - ZMQ Message received (non-blocking): PL: Arm Extended Check
2025-12-19 15:45:03,629 - INFO - openpose - ZMQ Sending: Left: Arm Extended
2025-12-19 15:45:03,691 - INFO - openpose - Left person: Arm RETRACTED (depth-plane)
2025-12-19 15:45:03,691 - INFO - openpose - ZMQ Message received (non-blocking): PL: Arm Retracted Check
2025-12-19 15:45:03,691 - INFO - openpose - ZMQ Sending: Left: Arm Retracted
2025-12-19 15:45:03,754 - INFO - openpose - Right person: Arm EXTENDED (depth-plane)
2025-12-19 15:45:03,755 - INFO - openpose - ZMQ Message received (non-blocking): PR: Arm Extended Check
2025-12-19 15:45:03,755 - INFO - openpose - ZMQ Sending: Right: Arm Extended
2025-12-19 15:45:03,817 - INFO - openpose - Right person: Arm RETRACTED (depth-plane)
2025-12-19 15:45:03,817 - INFO - openpose - ZMQ Message received (non-blocking): PR: Arm Retracted Check
2025-12-19 15:45:03,818 - INFO - openpose - ZMQ Sending: Right: Arm Retracted
2025-12-19 15:45:03,879 - INFO - openpose - Robot's turn detected
2025-12-19 15:45:04,109 - INFO - openpose - Gaze3D frame=632 id=left label=Left person v=[-0.493, 0.154, 0.856] yaw=-29.9 pitch=-8.8 cx=263.14027404785156
2025-12-19 15:45:04,109 - INFO - openpose - Gaze3D frame=632 id=right label=Right person v=[-0.467, -0.432, 0.771] yaw=-31.2 pitch=25.6 cx=421.9455261230469
2025-12-19 15:45:04,109 - INFO - openpose - Gaze PUB: people=2, frame_idx=632
2025-12-19 15:45:04,800 - INFO - openpose - Gaze3D frame=640 id=left label=Left person v=[-0.469, 0.123, 0.875] yaw=-28.2 pitch=-7.1 cx=262.6510467529297
2025-12-19 15:45:04,800 - INFO - openpose - Gaze3D frame=640 id=right label=Right person v=[-0.529, -0.385, 0.756] yaw=-35.0 pitch=22.7 cx=420.73681640625
2025-12-19 15:45:04,800 - INFO - openpose - Gaze PUB: people=2, frame_idx=640
2025-12-19 15:45:05,503 - INFO - openpose - Gaze3D frame=648 id=left label=Left person v=[-0.443, 0.192, 0.876] yaw=-26.9 pitch=-11.0 cx=262.52274322509766
2025-12-19 15:45:05,503 - INFO - openpose - Gaze3D frame=648 id=right label=Right person v=[-0.255, -0.257, 0.932] yaw=-15.3 pitch=14.9 cx=418.900390625
2025-12-19 15:45:05,503 - INFO - openpose - Gaze PUB: people=2, frame_idx=648
2025-12-19 15:45:06,198 - INFO - openpose - Gaze3D frame=656 id=left label=Left person v=[-0.515, 0.383, 0.767] yaw=-33.9 pitch=-22.5 cx=265.60389709472656
2025-12-19 15:45:06,199 - INFO - openpose - Gaze3D frame=656 id=right label=Right person v=[-0.112, -0.445, 0.889] yaw=-7.2 pitch=26.4 cx=429.42039489746094
2025-12-19 15:45:06,199 - INFO - openpose - Gaze PUB: people=2, frame_idx=656
2025-12-19 15:45:06,876 - INFO - openpose - Gaze3D frame=664 id=left label=Left person v=[-0.510, 0.207, 0.835] yaw=-31.4 pitch=-12.0 cx=275.42677307128906
2025-12-19 15:45:06,877 - INFO - openpose - Gaze3D frame=664 id=right label=Right person v=[-0.364, -0.039, 0.931] yaw=-21.4 pitch=2.3 cx=447.3509216308594
2025-12-19 15:45:06,877 - INFO - openpose - Gaze PUB: people=2, frame_idx=664
2025-12-19 15:45:07,561 - INFO - openpose - Gaze3D frame=672 id=left label=Left person v=[-0.366, -0.310, 0.877] yaw=-22.7 pitch=18.1 cx=260.84320068359375
2025-12-19 15:45:07,561 - INFO - openpose - Gaze3D frame=672 id=right label=Right person v=[-0.359, -0.077, 0.930] yaw=-21.1 pitch=4.4 cx=448.71588134765625
2025-12-19 15:45:07,561 - INFO - openpose - Gaze PUB: people=2, frame_idx=672
2025-12-19 15:45:08,259 - INFO - openpose - Gaze3D frame=680 id=left label=Left person v=[-0.416, -0.017, 0.909] yaw=-24.6 pitch=1.0 cx=302.80775451660156
2025-12-19 15:45:08,259 - INFO - openpose - Gaze3D frame=680 id=right label=Right person v=[-0.409, -0.176, 0.895] yaw=-24.6 pitch=10.1 cx=447.7545623779297
2025-12-19 15:45:08,259 - INFO - openpose - Gaze PUB: people=2, frame_idx=680
2025-12-19 15:45:08,969 - INFO - openpose - Gaze3D frame=688 id=left label=Left person v=[-0.438, 0.058, 0.897] yaw=-26.0 pitch=-3.4 cx=333.5400085449219
2025-12-19 15:45:08,969 - INFO - openpose - Gaze3D frame=688 id=right label=Right person v=[-0.208, -0.269, 0.941] yaw=-12.4 pitch=15.6 cx=447.5325469970703
2025-12-19 15:45:08,969 - INFO - openpose - Gaze PUB: people=2, frame_idx=688
2025-12-19 15:45:09,662 - INFO - openpose - Gaze3D frame=696 id=left label=Left person v=[-0.443, 0.142, 0.885] yaw=-26.6 pitch=-8.2 cx=333.0516052246094
2025-12-19 15:45:09,662 - INFO - openpose - Gaze3D frame=696 id=right label=Right person v=[-0.129, -0.379, 0.916] yaw=-8.0 pitch=22.3 cx=446.64610290527344
2025-12-19 15:45:09,662 - INFO - openpose - Gaze PUB: people=2, frame_idx=696
2025-12-19 15:45:10,374 - INFO - openpose - Gaze3D frame=704 id=left label=Left person v=[-0.528, 0.127, 0.840] yaw=-32.2 pitch=-7.3 cx=295.47386169433594
2025-12-19 15:45:10,374 - INFO - openpose - Gaze3D frame=704 id=right label=Right person v=[-0.432, -0.324, 0.842] yaw=-27.1 pitch=18.9 cx=436.1642150878906
2025-12-19 15:45:10,374 - INFO - openpose - Gaze PUB: people=2, frame_idx=704
2025-12-19 15:45:11,082 - INFO - openpose - Gaze3D frame=712 id=left label=Left person v=[-0.357, 0.175, 0.918] yaw=-21.2 pitch=-10.1 cx=249.7205352783203
2025-12-19 15:45:11,082 - INFO - openpose - Gaze3D frame=712 id=right label=Right person v=[-0.605, -0.318, 0.730] yaw=-39.7 pitch=18.5 cx=404.6674041748047
2025-12-19 15:45:11,082 - INFO - openpose - Gaze PUB: people=2, frame_idx=712
2025-12-19 15:45:11,783 - INFO - openpose - Gaze3D frame=720 id=left label=Left person v=[-0.326, 0.178, 0.928] yaw=-19.4 pitch=-10.3 cx=240.85066986083984
2025-12-19 15:45:11,783 - INFO - openpose - Gaze3D frame=720 id=right label=Right person v=[-0.605, -0.233, 0.762] yaw=-38.4 pitch=13.5 cx=402.47593688964844
2025-12-19 15:45:11,783 - INFO - openpose - Gaze PUB: people=2, frame_idx=720
2025-12-19 15:45:12,487 - INFO - openpose - Gaze3D frame=728 id=left label=Left person v=[-0.259, 0.272, 0.927] yaw=-15.6 pitch=-15.8 cx=246.4611053466797
2025-12-19 15:45:12,488 - INFO - openpose - Gaze3D frame=728 id=right label=Right person v=[-0.531, -0.467, 0.707] yaw=-36.9 pitch=27.8 cx=415.3788604736328
2025-12-19 15:45:12,488 - INFO - openpose - Gaze PUB: people=2, frame_idx=728
2025-12-19 15:45:13,186 - INFO - openpose - Gaze3D frame=736 id=left label=Left person v=[-0.313, 0.370, 0.875] yaw=-19.7 pitch=-21.7 cx=252.54853057861328
2025-12-19 15:45:13,186 - INFO - openpose - Gaze3D frame=736 id=right label=Right person v=[-0.315, 0.077, 0.946] yaw=-18.4 pitch=-4.4 cx=440.82366943359375
2025-12-19 15:45:13,186 - INFO - openpose - Gaze PUB: people=2, frame_idx=736
2025-12-19 15:45:13,841 - INFO - openpose - Gaze3D frame=744 id=left label=Left person v=[-0.310, 0.339, 0.888] yaw=-19.2 pitch=-19.8 cx=253.11068725585938
2025-12-19 15:45:13,841 - INFO - openpose - Gaze3D frame=744 id=right label=Right person v=[-0.185, 0.013, 0.983] yaw=-10.7 pitch=-0.7 cx=439.6068878173828
2025-12-19 15:45:13,849 - INFO - openpose - Gaze PUB: people=2, frame_idx=744
2025-12-19 15:45:14,488 - INFO - openpose - Gaze3D frame=752 id=left label=Left person v=[-0.223, 0.354, 0.908] yaw=-13.8 pitch=-20.7 cx=253.52468872070312
2025-12-19 15:45:14,488 - INFO - openpose - Gaze3D frame=752 id=right label=Right person v=[-0.369, -0.109, 0.923] yaw=-21.8 pitch=6.3 cx=430.21937561035156
2025-12-19 15:45:14,488 - INFO - openpose - Gaze PUB: people=2, frame_idx=752
2025-12-19 15:45:15,116 - INFO - openpose - Gaze3D frame=760 id=left label=Left person v=[-0.286, 0.262, 0.921] yaw=-17.3 pitch=-15.2 cx=253.61783599853516
2025-12-19 15:45:15,116 - INFO - openpose - Gaze3D frame=760 id=right label=Right person v=[-0.200, -0.084, 0.976] yaw=-11.6 pitch=4.8 cx=435.4770202636719
2025-12-19 15:45:15,116 - INFO - openpose - Gaze PUB: people=2, frame_idx=760
2025-12-19 15:45:15,753 - INFO - openpose - Gaze3D frame=768 id=left label=Left person v=[-0.312, 0.356, 0.881] yaw=-19.5 pitch=-20.8 cx=252.88127899169922
2025-12-19 15:45:15,753 - INFO - openpose - Gaze3D frame=768 id=right label=Right person v=[-0.301, 0.069, 0.951] yaw=-17.6 pitch=-4.0 cx=441.9826202392578
2025-12-19 15:45:15,754 - INFO - openpose - Gaze PUB: people=2, frame_idx=768
2025-12-19 15:45:16,453 - INFO - openpose - Gaze3D frame=776 id=left label=Left person v=[-0.317, 0.335, 0.887] yaw=-19.7 pitch=-19.6 cx=252.03018188476562
2025-12-19 15:45:16,453 - INFO - openpose - Gaze3D frame=776 id=right label=Right person v=[-0.351, -0.092, 0.932] yaw=-20.6 pitch=5.3 cx=443.86627197265625
2025-12-19 15:45:16,453 - INFO - openpose - Gaze PUB: people=2, frame_idx=776
2025-12-19 15:45:17,181 - INFO - openpose - Gaze3D frame=784 id=left label=Left person v=[-0.356, 0.286, 0.890] yaw=-21.8 pitch=-16.6 cx=254.12310028076172
2025-12-19 15:45:17,182 - INFO - openpose - Gaze3D frame=784 id=right label=Right person v=[-0.360, -0.062, 0.931] yaw=-21.1 pitch=3.5 cx=443.86793518066406
2025-12-19 15:45:17,182 - INFO - openpose - Gaze PUB: people=2, frame_idx=784
2025-12-19 15:45:17,871 - INFO - openpose - Gaze3D frame=792 id=left label=Left person v=[-0.418, 0.279, 0.865] yaw=-25.8 pitch=-16.2 cx=256.5465774536133
2025-12-19 15:45:17,871 - INFO - openpose - Gaze3D frame=792 id=right label=Right person v=[-0.422, -0.102, 0.901] yaw=-25.1 pitch=5.9 cx=443.3134307861328
2025-12-19 15:45:17,871 - INFO - openpose - Gaze PUB: people=2, frame_idx=792
2025-12-19 15:45:18,571 - INFO - openpose - Gaze3D frame=800 id=left label=Left person v=[-0.406, 0.284, 0.868] yaw=-25.1 pitch=-16.5 cx=254.1259536743164
2025-12-19 15:45:18,571 - INFO - openpose - Gaze3D frame=800 id=right label=Right person v=[-0.367, -0.074, 0.927] yaw=-21.6 pitch=4.2 cx=443.6157989501953
2025-12-19 15:45:18,571 - INFO - openpose - Gaze PUB: people=2, frame_idx=800
2025-12-19 15:45:19,262 - INFO - openpose - Gaze3D frame=808 id=left label=Left person v=[-0.381, 0.367, 0.849] yaw=-24.2 pitch=-21.5 cx=253.49168395996094
2025-12-19 15:45:19,262 - INFO - openpose - Gaze3D frame=808 id=right label=Right person v=[-0.388, -0.154, 0.909] yaw=-23.1 pitch=8.8 cx=444.0399932861328
2025-12-19 15:45:19,262 - INFO - openpose - Gaze PUB: people=2, frame_idx=808
2025-12-19 15:45:20,068 - INFO - openpose - Gaze3D frame=816 id=left label=Left person v=[-0.385, 0.259, 0.886] yaw=-23.5 pitch=-15.0 cx=251.67729949951172
2025-12-19 15:45:20,068 - INFO - openpose - Gaze3D frame=816 id=right label=Right person v=[-0.362, -0.118, 0.925] yaw=-21.4 pitch=6.8 cx=444.4236297607422
2025-12-19 15:45:20,068 - INFO - openpose - Gaze PUB: people=2, frame_idx=816
2025-12-19 15:45:20,069 - INFO - openpose - ZMQ Message received (non-blocking): Configuration finished
2025-12-19 15:45:20,069 - INFO - openpose - Configuration finished. Waiting for next configuration
2025-12-19 15:45:20,069 - INFO - openpose - OpenPose initialized - waiting for turn_order
