2025-12-19 15:43:56,147 - INFO - BuildTower - Pinned current thread to core 0
2025-12-19 15:43:56,147 - INFO - BuildTower - Main BuildTower thread pinned to core 0.
2025-12-19 15:43:56,299 - INFO - BuildTower - Robot parameters: robot_name=my_gen3, dof=7, gripper_present=True
2025-12-19 15:43:56,302 - INFO - BuildTower - Service initialized: /my_gen3/base/clear_faults
2025-12-19 15:43:56,304 - INFO - BuildTower - Service initialized: /my_gen3/base/read_action
2025-12-19 15:43:56,305 - INFO - BuildTower - Service initialized: /my_gen3/base/execute_action
2025-12-19 15:43:56,306 - INFO - BuildTower - Service initialized: /my_gen3/control_config/set_cartesian_reference_frame
2025-12-19 15:43:56,308 - INFO - BuildTower - Service initialized: /my_gen3/base/activate_publishing_of_action_topic
2025-12-19 15:43:56,309 - INFO - BuildTower - Service initialized: /my_gen3/base/send_gripper_command
2025-12-19 15:43:56,310 - INFO - BuildTower - OpenPoseThread started (core 1).
2025-12-19 15:43:56,310 - INFO - BuildTower - BuildTower class initialized successfully.
2025-12-19 15:43:56,310 - INFO - BuildTower - Pinned current thread to core 1
2025-12-19 15:43:56,311 - INFO - BuildTower - OpenPoseThread: Connected REQ to tcp://localhost:5555
2025-12-19 15:43:56,311 - INFO - BuildTower - ROS parameter /kortex_examples_test_results/cartesian_poses_with_notifications_python did not exist or could not be deleted.
2025-12-19 15:43:56,311 - INFO - BuildTower - Starting main robot control loop.
2025-12-19 15:43:56,311 - INFO - BuildTower - OpenPoseThread: Connected SUB to tcp://localhost:5556
2025-12-19 15:43:56,323 - INFO - BuildTower - Robot faults cleared successfully.
2025-12-19 15:43:58,849 - INFO - BuildTower - Cartesian reference frame set successfully.
2025-12-19 15:43:59,101 - INFO - BuildTower - Activating action notifications.
2025-12-19 15:43:59,106 - INFO - BuildTower - Action Notifications successfully activated.
2025-12-19 15:44:00,131 - INFO - BuildTower - Sending robot to home position.
2025-12-19 15:44:08,539 - INFO - BuildTower - User pressed Enter. Continuing with configuration 1
2025-12-19 15:44:08,539 - INFO - BuildTower - Parsing information from file: config2
2025-12-19 15:44:08,539 - INFO - BuildTower - Parsed turn_order: ybypbpbpy

2025-12-19 15:44:08,539 - INFO - BuildTower - Parsed object_order: 143

2025-12-19 15:44:08,540 - INFO - BuildTower - Sent turn_order and waiting for response from OpenPose server.
2025-12-19 15:44:08,540 - INFO - BuildTower - Sending turn order to OpenPose server: ybypbpbpy

2025-12-19 15:44:08,540 - INFO - BuildTower - OpenPoseThread: sending cmd: ybypbpbpy

2025-12-19 15:44:08,541 - INFO - BuildTower - OpenPoseThread: received reply: Order Received
2025-12-19 15:44:08,541 - INFO - BuildTower - Received reply from OpenPose server: Order Received
2025-12-19 15:44:08,542 - INFO - BuildTower - Starting mutual gaze calibration for 10.0 seconds
2025-12-19 15:44:09,417 - INFO - BuildTower - OpenPoseThread: gaze frame_idx=0 ts=2025-12-19T15:44:09.327368Z people=2
2025-12-19 15:44:09,417 - INFO - BuildTower - OpenPoseThread: Gaze3D frame=0 id=left label=Left person v=[-0.339, 0.150, 0.929] yaw=-20.1 pitch=-8.6
2025-12-19 15:44:09,417 - INFO - BuildTower - OpenPoseThread: Gaze3D frame=0 id=right label=Right person v=[-0.321, -0.026, 0.947] yaw=-18.7 pitch=1.5
2025-12-19 15:44:10,082 - INFO - BuildTower - OpenPoseThread: gaze frame_idx=8 ts=2025-12-19T15:44:10.009229Z people=2
2025-12-19 15:44:10,082 - INFO - BuildTower - OpenPoseThread: Gaze3D frame=8 id=left label=Left person v=[-0.272, 0.061, 0.960] yaw=-15.8 pitch=-3.5
2025-12-19 15:44:10,082 - INFO - BuildTower - OpenPoseThread: Gaze3D frame=8 id=right label=Right person v=[-0.363, 0.006, 0.932] yaw=-21.3 pitch=-0.4
2025-12-19 15:44:10,736 - INFO - BuildTower - OpenPoseThread: gaze frame_idx=16 ts=2025-12-19T15:44:10.691602Z people=2
2025-12-19 15:44:10,736 - INFO - BuildTower - OpenPoseThread: Gaze3D frame=16 id=left label=Left person v=[-0.292, 0.135, 0.947] yaw=-17.2 pitch=-7.8
2025-12-19 15:44:10,737 - INFO - BuildTower - OpenPoseThread: Gaze3D frame=16 id=right label=Right person v=[-0.373, -0.372, 0.850] yaw=-23.7 pitch=21.8
2025-12-19 15:44:11,398 - INFO - BuildTower - OpenPoseThread: gaze frame_idx=24 ts=2025-12-19T15:44:11.397550Z people=2
2025-12-19 15:44:11,398 - INFO - BuildTower - OpenPoseThread: Gaze3D frame=24 id=left label=Left person v=[-0.387, 0.153, 0.909] yaw=-23.1 pitch=-8.8
2025-12-19 15:44:11,398 - INFO - BuildTower - OpenPoseThread: Gaze3D frame=24 id=right label=Right person v=[-0.289, 0.009, 0.957] yaw=-16.8 pitch=-0.5
2025-12-19 15:44:12,161 - INFO - BuildTower - OpenPoseThread: gaze frame_idx=32 ts=2025-12-19T15:44:12.092821Z people=2
2025-12-19 15:44:12,161 - INFO - BuildTower - OpenPoseThread: Gaze3D frame=32 id=left label=Left person v=[-0.377, 0.064, 0.924] yaw=-22.2 pitch=-3.7
2025-12-19 15:44:12,161 - INFO - BuildTower - OpenPoseThread: Gaze3D frame=32 id=right label=Right person v=[-0.361, -0.032, 0.932] yaw=-21.2 pitch=1.8
2025-12-19 15:44:12,824 - INFO - BuildTower - OpenPoseThread: gaze frame_idx=40 ts=2025-12-19T15:44:12.796296Z people=2
2025-12-19 15:44:12,824 - INFO - BuildTower - OpenPoseThread: Gaze3D frame=40 id=left label=Left person v=[-0.459, 0.180, 0.870] yaw=-27.8 pitch=-10.4
2025-12-19 15:44:12,824 - INFO - BuildTower - OpenPoseThread: Gaze3D frame=40 id=right label=Right person v=[-0.282, -0.037, 0.959] yaw=-16.4 pitch=2.1
2025-12-19 15:44:13,588 - INFO - BuildTower - OpenPoseThread: gaze frame_idx=48 ts=2025-12-19T15:44:13.525977Z people=2
2025-12-19 15:44:13,588 - INFO - BuildTower - OpenPoseThread: Gaze3D frame=48 id=left label=Left person v=[-0.436, 0.237, 0.868] yaw=-26.7 pitch=-13.7
2025-12-19 15:44:13,589 - INFO - BuildTower - OpenPoseThread: Gaze3D frame=48 id=right label=Right person v=[-0.348, -0.093, 0.933] yaw=-20.5 pitch=5.3
2025-12-19 15:44:14,358 - INFO - BuildTower - OpenPoseThread: gaze frame_idx=56 ts=2025-12-19T15:44:14.257917Z people=2
2025-12-19 15:44:14,358 - INFO - BuildTower - OpenPoseThread: Gaze3D frame=56 id=left label=Left person v=[-0.425, 0.236, 0.874] yaw=-25.9 pitch=-13.6
2025-12-19 15:44:14,359 - INFO - BuildTower - OpenPoseThread: Gaze3D frame=56 id=right label=Right person v=[-0.318, -0.098, 0.943] yaw=-18.7 pitch=5.6
2025-12-19 15:44:14,910 - INFO - BuildTower - OpenPoseThread: gaze frame_idx=64 ts=2025-12-19T15:44:14.909157Z people=2
2025-12-19 15:44:14,910 - INFO - BuildTower - OpenPoseThread: Gaze3D frame=64 id=left label=Left person v=[-0.408, 0.297, 0.863] yaw=-25.3 pitch=-17.3
2025-12-19 15:44:14,910 - INFO - BuildTower - OpenPoseThread: Gaze3D frame=64 id=right label=Right person v=[-0.392, -0.068, 0.918] yaw=-23.1 pitch=3.9
2025-12-19 15:44:15,678 - INFO - BuildTower - OpenPoseThread: gaze frame_idx=72 ts=2025-12-19T15:44:15.597173Z people=2
2025-12-19 15:44:15,678 - INFO - BuildTower - OpenPoseThread: Gaze3D frame=72 id=left label=Left person v=[-0.444, 0.218, 0.869] yaw=-27.1 pitch=-12.6
2025-12-19 15:44:15,678 - INFO - BuildTower - OpenPoseThread: Gaze3D frame=72 id=right label=Right person v=[-0.383, 0.002, 0.924] yaw=-22.5 pitch=-0.1
2025-12-19 15:44:16,220 - INFO - BuildTower - OpenPoseThread: gaze frame_idx=80 ts=2025-12-19T15:44:16.191221Z people=2
2025-12-19 15:44:16,220 - INFO - BuildTower - OpenPoseThread: Gaze3D frame=80 id=left label=Left person v=[-0.417, 0.225, 0.881] yaw=-25.3 pitch=-13.0
2025-12-19 15:44:16,220 - INFO - BuildTower - OpenPoseThread: Gaze3D frame=80 id=right label=Right person v=[-0.369, -0.102, 0.924] yaw=-21.8 pitch=5.9
2025-12-19 15:44:16,879 - INFO - BuildTower - OpenPoseThread: gaze frame_idx=88 ts=2025-12-19T15:44:16.850170Z people=2
2025-12-19 15:44:16,879 - INFO - BuildTower - OpenPoseThread: Gaze3D frame=88 id=left label=Left person v=[-0.478, 0.255, 0.841] yaw=-29.6 pitch=-14.8
2025-12-19 15:44:16,879 - INFO - BuildTower - OpenPoseThread: Gaze3D frame=88 id=right label=Right person v=[-0.378, -0.029, 0.925] yaw=-22.2 pitch=1.7
2025-12-19 15:44:17,535 - INFO - BuildTower - OpenPoseThread: gaze frame_idx=96 ts=2025-12-19T15:44:17.528612Z people=2
2025-12-19 15:44:17,535 - INFO - BuildTower - OpenPoseThread: Gaze3D frame=96 id=left label=Left person v=[-0.459, 0.297, 0.837] yaw=-28.7 pitch=-17.3
2025-12-19 15:44:17,536 - INFO - BuildTower - OpenPoseThread: Gaze3D frame=96 id=right label=Right person v=[-0.264, -0.224, 0.938] yaw=-15.7 pitch=12.9
2025-12-19 15:44:18,302 - INFO - BuildTower - OpenPoseThread: gaze frame_idx=104 ts=2025-12-19T15:44:18.212957Z people=2
2025-12-19 15:44:18,302 - INFO - BuildTower - OpenPoseThread: Gaze3D frame=104 id=left label=Left person v=[-0.423, 0.274, 0.864] yaw=-26.1 pitch=-15.9
2025-12-19 15:44:18,302 - INFO - BuildTower - OpenPoseThread: Gaze3D frame=104 id=right label=Right person v=[-0.113, -0.263, 0.958] yaw=-6.7 pitch=15.2
2025-12-19 15:44:18,550 - INFO - BuildTower - Calibration done: yaw_bias=-22.031 deg, pitch_bias=-3.148 deg
2025-12-19 15:44:18,551 - INFO - BuildTower - Executing turn 0 out of 9.
2025-12-19 15:44:18,551 - INFO - BuildTower - Moving block from start 0.28 to target 0.307. Turn: 0, Block Shape: 1
2025-12-19 15:44:18,554 - INFO - BuildTower - Sending gripper command: value=0
2025-12-19 15:44:18,962 - INFO - BuildTower - OpenPoseThread: gaze frame_idx=112 ts=2025-12-19T15:44:18.931816Z people=2
2025-12-19 15:44:18,963 - INFO - BuildTower - OpenPoseThread: Gaze3D frame=112 id=left label=Left person v=[-0.435, 0.273, 0.858] yaw=-26.9 pitch=-15.8
2025-12-19 15:44:18,963 - INFO - BuildTower - OpenPoseThread: Gaze3D frame=112 id=right label=Right person v=[-0.383, -0.106, 0.918] yaw=-22.6 pitch=6.1
2025-12-19 15:44:19,073 - INFO - BuildTower - Gripper command 0 sent successfully.
2025-12-19 15:44:19,075 - INFO - BuildTower - Attempting to go to position: x=0.47, y=0.18, z=0.325, theta_x=100.0, theta_y=0.0, theta_z=90.0
2025-12-19 15:44:19,075 - DEBUG - BuildTower - Set speed for pose: translation=1, orientation=100
2025-12-19 15:44:19,100 - INFO - BuildTower - Pose action initiated, waiting for completion.
2025-12-19 15:44:19,738 - INFO - BuildTower - OpenPoseThread: gaze frame_idx=120 ts=2025-12-19T15:44:19.651235Z people=2
2025-12-19 15:44:19,738 - INFO - BuildTower - OpenPoseThread: Gaze3D frame=120 id=left label=Left person v=[-0.455, 0.155, 0.877] yaw=-27.4 pitch=-8.9
2025-12-19 15:44:19,738 - INFO - BuildTower - OpenPoseThread: Gaze3D frame=120 id=right label=Right person v=[-0.346, -0.089, 0.934] yaw=-20.4 pitch=5.1
2025-12-19 15:44:20,399 - INFO - BuildTower - OpenPoseThread: gaze frame_idx=128 ts=2025-12-19T15:44:20.368790Z people=2
2025-12-19 15:44:20,400 - INFO - BuildTower - OpenPoseThread: Gaze3D frame=128 id=left label=Left person v=[-0.475, 0.348, 0.808] yaw=-30.5 pitch=-20.4
2025-12-19 15:44:20,400 - INFO - BuildTower - OpenPoseThread: Gaze3D frame=128 id=right label=Right person v=[-0.488, -0.161, 0.858] yaw=-29.6 pitch=9.3
2025-12-19 15:44:21,056 - INFO - BuildTower - OpenPoseThread: gaze frame_idx=136 ts=2025-12-19T15:44:21.043319Z people=2
2025-12-19 15:44:21,056 - INFO - BuildTower - OpenPoseThread: Gaze3D frame=136 id=left label=Left person v=[-0.452, 0.168, 0.876] yaw=-27.3 pitch=-9.7
2025-12-19 15:44:21,056 - INFO - BuildTower - OpenPoseThread: Gaze3D frame=136 id=right label=Right person v=[-0.403, -0.269, 0.875] yaw=-24.8 pitch=15.6
2025-12-19 15:44:21,720 - INFO - BuildTower - OpenPoseThread: gaze frame_idx=144 ts=2025-12-19T15:44:21.719009Z people=2
2025-12-19 15:44:21,720 - INFO - BuildTower - OpenPoseThread: Gaze3D frame=144 id=left label=Left person v=[-0.481, 0.072, 0.874] yaw=-28.8 pitch=-4.1
2025-12-19 15:44:21,720 - INFO - BuildTower - OpenPoseThread: Gaze3D frame=144 id=right label=Right person v=[-0.545, -0.206, 0.813] yaw=-33.8 pitch=11.9
2025-12-19 15:44:21,735 - INFO - BuildTower - Robot action ended.
2025-12-19 15:44:21,735 - INFO - BuildTower - Attempting to go to position: x=0.47, y=0.18, z=0.28, theta_x=100.0, theta_y=0.0, theta_z=90.0
2025-12-19 15:44:21,735 - DEBUG - BuildTower - Set speed for pose: translation=1, orientation=100
2025-12-19 15:44:21,750 - INFO - BuildTower - Pose action initiated, waiting for completion.
2025-12-19 15:44:22,378 - INFO - BuildTower - OpenPoseThread: gaze frame_idx=152 ts=2025-12-19T15:44:22.348859Z people=2
2025-12-19 15:44:22,379 - INFO - BuildTower - OpenPoseThread: Gaze3D frame=152 id=left label=Left person v=[-0.473, 0.197, 0.859] yaw=-28.8 pitch=-11.4
2025-12-19 15:44:22,379 - INFO - BuildTower - OpenPoseThread: Gaze3D frame=152 id=right label=Right person v=[-0.623, -0.168, 0.764] yaw=-39.2 pitch=9.7
2025-12-19 15:44:22,466 - INFO - BuildTower - Robot action ended.
2025-12-19 15:44:22,468 - INFO - BuildTower - Sending gripper command: value=0.075
2025-12-19 15:44:22,975 - INFO - BuildTower - Gripper command 0.075 sent successfully.
2025-12-19 15:44:22,977 - INFO - BuildTower - Attempting to go to position: x=0.47, y=0.18, z=0.325, theta_x=100.0, theta_y=0.0, theta_z=90.0
2025-12-19 15:44:22,977 - DEBUG - BuildTower - Set speed for pose: translation=1, orientation=100
2025-12-19 15:44:23,001 - INFO - BuildTower - Pose action initiated, waiting for completion.
2025-12-19 15:44:23,045 - INFO - BuildTower - OpenPoseThread: gaze frame_idx=160 ts=2025-12-19T15:44:23.044152Z people=2
2025-12-19 15:44:23,045 - INFO - BuildTower - OpenPoseThread: Gaze3D frame=160 id=left label=Left person v=[-0.471, 0.159, 0.868] yaw=-28.5 pitch=-9.1
2025-12-19 15:44:23,045 - INFO - BuildTower - OpenPoseThread: Gaze3D frame=160 id=right label=Right person v=[-0.556, -0.294, 0.777] yaw=-35.6 pitch=17.1
2025-12-19 15:44:23,734 - INFO - BuildTower - Robot action ended.
2025-12-19 15:44:23,734 - INFO - BuildTower - Attempting to go to position: x=0.735, y=0.0, z=0.352, theta_x=100.0, theta_y=0.0, theta_z=90.0
2025-12-19 15:44:23,734 - DEBUG - BuildTower - Set speed for pose: translation=1, orientation=100
2025-12-19 15:44:23,756 - INFO - BuildTower - Pose action initiated, waiting for completion.
2025-12-19 15:44:23,807 - INFO - BuildTower - OpenPoseThread: gaze frame_idx=168 ts=2025-12-19T15:44:23.754746Z people=2
2025-12-19 15:44:23,807 - INFO - BuildTower - OpenPoseThread: Gaze3D frame=168 id=left label=Left person v=[-0.456, 0.194, 0.869] yaw=-27.7 pitch=-11.2
2025-12-19 15:44:23,808 - INFO - BuildTower - OpenPoseThread: Gaze3D frame=168 id=right label=Right person v=[-0.428, -0.191, 0.883] yaw=-25.9 pitch=11.0
2025-12-19 15:44:24,474 - INFO - BuildTower - OpenPoseThread: gaze frame_idx=176 ts=2025-12-19T15:44:24.449676Z people=2
2025-12-19 15:44:24,475 - INFO - BuildTower - OpenPoseThread: Gaze3D frame=176 id=left label=Left person v=[-0.470, 0.205, 0.859] yaw=-28.7 pitch=-11.8
2025-12-19 15:44:24,475 - INFO - BuildTower - OpenPoseThread: Gaze3D frame=176 id=right label=Right person v=[-0.485, -0.230, 0.844] yaw=-29.9 pitch=13.3
2025-12-19 15:44:25,242 - INFO - BuildTower - OpenPoseThread: gaze frame_idx=184 ts=2025-12-19T15:44:25.161264Z people=2
2025-12-19 15:44:25,242 - INFO - BuildTower - OpenPoseThread: Gaze3D frame=184 id=left label=Left person v=[-0.488, 0.204, 0.849] yaw=-29.9 pitch=-11.8
2025-12-19 15:44:25,242 - INFO - BuildTower - OpenPoseThread: Gaze3D frame=184 id=right label=Right person v=[-0.556, -0.437, 0.707] yaw=-38.2 pitch=25.9
2025-12-19 15:44:25,900 - INFO - BuildTower - OpenPoseThread: gaze frame_idx=192 ts=2025-12-19T15:44:25.855174Z people=2
2025-12-19 15:44:25,900 - INFO - BuildTower - OpenPoseThread: Gaze3D frame=192 id=left label=Left person v=[-0.454, 0.158, 0.877] yaw=-27.4 pitch=-9.1
2025-12-19 15:44:25,900 - INFO - BuildTower - OpenPoseThread: Gaze3D frame=192 id=right label=Right person v=[-0.541, -0.316, 0.779] yaw=-34.8 pitch=18.4
2025-12-19 15:44:26,555 - INFO - BuildTower - OpenPoseThread: gaze frame_idx=200 ts=2025-12-19T15:44:26.547654Z people=2
2025-12-19 15:44:26,556 - INFO - BuildTower - OpenPoseThread: Gaze3D frame=200 id=left label=Left person v=[-0.485, 0.403, 0.776] yaw=-32.0 pitch=-23.7
2025-12-19 15:44:26,556 - INFO - BuildTower - OpenPoseThread: Gaze3D frame=200 id=right label=Right person v=[-0.567, -0.232, 0.790] yaw=-35.7 pitch=13.4
2025-12-19 15:44:27,230 - INFO - BuildTower - Robot action ended.
2025-12-19 15:44:27,230 - INFO - BuildTower - Attempting to go to position: x=0.735, y=0.0, z=0.307, theta_x=100.0, theta_y=0.0, theta_z=90.0
2025-12-19 15:44:27,230 - DEBUG - BuildTower - Set speed for pose: translation=1, orientation=100
2025-12-19 15:44:27,254 - INFO - BuildTower - Pose action initiated, waiting for completion.
2025-12-19 15:44:27,322 - INFO - BuildTower - OpenPoseThread: gaze frame_idx=208 ts=2025-12-19T15:44:27.303104Z people=2
2025-12-19 15:44:27,322 - INFO - BuildTower - OpenPoseThread: Gaze3D frame=208 id=left label=Left person v=[-0.474, 0.377, 0.796] yaw=-30.8 pitch=-22.2
2025-12-19 15:44:27,322 - INFO - BuildTower - OpenPoseThread: Gaze3D frame=208 id=right label=Right person v=[-0.413, -0.396, 0.820] yaw=-26.8 pitch=23.3
2025-12-19 15:44:27,992 - INFO - BuildTower - Robot action ended.
2025-12-19 15:44:27,994 - INFO - BuildTower - Sending gripper command: value=0
2025-12-19 15:44:28,085 - INFO - BuildTower - OpenPoseThread: gaze frame_idx=216 ts=2025-12-19T15:44:28.018521Z people=2
2025-12-19 15:44:28,085 - INFO - BuildTower - OpenPoseThread: Gaze3D frame=216 id=left label=Left person v=[-0.471, 0.323, 0.821] yaw=-29.9 pitch=-18.8
2025-12-19 15:44:28,085 - INFO - BuildTower - OpenPoseThread: Gaze3D frame=216 id=right label=Right person v=[-0.492, -0.490, 0.719] yaw=-34.4 pitch=29.4
2025-12-19 15:44:28,499 - INFO - BuildTower - Gripper command 0 sent successfully.
2025-12-19 15:44:28,502 - INFO - BuildTower - Attempting to go to position: x=0.735, y=0.0, z=0.352, theta_x=100.0, theta_y=0.0, theta_z=90.0
2025-12-19 15:44:28,502 - DEBUG - BuildTower - Set speed for pose: translation=1, orientation=100
2025-12-19 15:44:28,527 - INFO - BuildTower - Pose action initiated, waiting for completion.
2025-12-19 15:44:28,746 - INFO - BuildTower - OpenPoseThread: gaze frame_idx=224 ts=2025-12-19T15:44:28.702877Z people=2
2025-12-19 15:44:28,746 - INFO - BuildTower - OpenPoseThread: Gaze3D frame=224 id=left label=Left person v=[-0.441, 0.302, 0.845] yaw=-27.6 pitch=-17.6
2025-12-19 15:44:28,746 - INFO - BuildTower - OpenPoseThread: Gaze3D frame=224 id=right label=Right person v=[-0.408, -0.513, 0.755] yaw=-28.4 pitch=30.9
2025-12-19 15:44:29,257 - INFO - BuildTower - Robot action ended.
2025-12-19 15:44:29,257 - INFO - BuildTower - Robot completed its turn. Robot turn count: 1
2025-12-19 15:44:29,257 - INFO - BuildTower - Executing turn 1 out of 9.
2025-12-19 15:44:29,257 - INFO - BuildTower - look_once_from_latest_gaze: target=left
2025-12-19 15:44:29,258 - INFO - BuildTower - Robot moving to look at person on the left.
2025-12-19 15:44:29,258 - INFO - BuildTower - Attempting to go to position: x=0.5, y=-0.08, z=0.5, theta_x=80, theta_y=0, theta_z=75
2025-12-19 15:44:29,258 - DEBUG - BuildTower - Set speed for pose: translation=1, orientation=100
2025-12-19 15:44:29,274 - INFO - BuildTower - Pose sent (non-blocking).
2025-12-19 15:44:29,274 - INFO - BuildTower - Sending to OpenPose (via thread): PL: Arm Extended Check
2025-12-19 15:44:29,274 - INFO - BuildTower - OpenPoseThread: sending cmd: PL: Arm Extended Check
2025-12-19 15:44:29,431 - INFO - BuildTower - OpenPoseThread: gaze frame_idx=232 ts=2025-12-19T15:44:29.430123Z people=2
2025-12-19 15:44:29,432 - INFO - BuildTower - OpenPoseThread: Gaze3D frame=232 id=left label=Left person v=[-0.405, 0.300, 0.863] yaw=-25.2 pitch=-17.5
2025-12-19 15:44:29,432 - INFO - BuildTower - OpenPoseThread: Gaze3D frame=232 id=right label=Right person v=[-0.296, -0.432, 0.852] yaw=-19.2 pitch=25.6
2025-12-19 15:44:30,130 - INFO - BuildTower - OpenPoseThread: gaze frame_idx=240 ts=2025-12-19T15:44:30.129111Z people=2
2025-12-19 15:44:30,130 - INFO - BuildTower - OpenPoseThread: Gaze3D frame=240 id=left label=Left person v=[-0.474, 0.310, 0.824] yaw=-29.9 pitch=-18.0
2025-12-19 15:44:30,130 - INFO - BuildTower - OpenPoseThread: Gaze3D frame=240 id=right label=Right person v=[-0.375, -0.515, 0.771] yaw=-25.9 pitch=31.0
2025-12-19 15:44:30,818 - INFO - BuildTower - OpenPoseThread: gaze frame_idx=248 ts=2025-12-19T15:44:30.817332Z people=2
2025-12-19 15:44:30,818 - INFO - BuildTower - OpenPoseThread: Gaze3D frame=248 id=left label=Left person v=[-0.450, 0.386, 0.805] yaw=-29.2 pitch=-22.7
2025-12-19 15:44:30,818 - INFO - BuildTower - OpenPoseThread: Gaze3D frame=248 id=right label=Right person v=[-0.388, -0.201, 0.899] yaw=-23.4 pitch=11.6
2025-12-19 15:44:31,523 - INFO - BuildTower - OpenPoseThread: gaze frame_idx=256 ts=2025-12-19T15:44:31.520298Z people=2
2025-12-19 15:44:31,524 - INFO - BuildTower - OpenPoseThread: Gaze3D frame=256 id=left label=Left person v=[-0.437, 0.388, 0.812] yaw=-28.3 pitch=-22.8
2025-12-19 15:44:31,524 - INFO - BuildTower - OpenPoseThread: Gaze3D frame=256 id=right label=Right person v=[-0.398, -0.147, 0.905] yaw=-23.7 pitch=8.4
2025-12-19 15:44:32,171 - INFO - BuildTower - OpenPoseThread: gaze frame_idx=264 ts=2025-12-19T15:44:32.170302Z people=2
2025-12-19 15:44:32,171 - INFO - BuildTower - OpenPoseThread: Gaze3D frame=264 id=left label=Left person v=[-0.396, 0.356, 0.847] yaw=-25.0 pitch=-20.9
2025-12-19 15:44:32,171 - INFO - BuildTower - OpenPoseThread: Gaze3D frame=264 id=right label=Right person v=[-0.472, -0.345, 0.812] yaw=-30.2 pitch=20.2
2025-12-19 15:44:32,841 - INFO - BuildTower - OpenPoseThread: gaze frame_idx=272 ts=2025-12-19T15:44:32.840487Z people=2
2025-12-19 15:44:32,841 - INFO - BuildTower - OpenPoseThread: Gaze3D frame=272 id=left label=Left person v=[-0.329, 0.279, 0.902] yaw=-20.0 pitch=-16.2
2025-12-19 15:44:32,841 - INFO - BuildTower - OpenPoseThread: Gaze3D frame=272 id=right label=Right person v=[-0.451, -0.029, 0.892] yaw=-26.8 pitch=1.7
2025-12-19 15:44:33,532 - INFO - BuildTower - OpenPoseThread: gaze frame_idx=280 ts=2025-12-19T15:44:33.530842Z people=2
2025-12-19 15:44:33,532 - INFO - BuildTower - OpenPoseThread: Gaze3D frame=280 id=left label=Left person v=[-0.431, 0.267, 0.862] yaw=-26.6 pitch=-15.5
2025-12-19 15:44:33,532 - INFO - BuildTower - OpenPoseThread: Gaze3D frame=280 id=right label=Right person v=[-0.321, -0.058, 0.945] yaw=-18.8 pitch=3.3
2025-12-19 15:44:33,657 - INFO - BuildTower - OpenPoseThread: received reply: Left: Arm Extended
2025-12-19 15:44:33,657 - INFO - BuildTower - look_once_from_latest_gaze: target=right
2025-12-19 15:44:33,657 - INFO - BuildTower - Robot moving to look at person on the right.
2025-12-19 15:44:33,657 - INFO - BuildTower - Attempting to go to position: x=0.5, y=0.08, z=0.5, theta_x=80, theta_y=0, theta_z=105
2025-12-19 15:44:33,658 - DEBUG - BuildTower - Set speed for pose: translation=1, orientation=100
2025-12-19 15:44:33,678 - INFO - BuildTower - Pose sent (non-blocking).
2025-12-19 15:44:33,678 - INFO - BuildTower - Sending to OpenPose (via thread): PL: Arm Retracted Check
2025-12-19 15:44:33,679 - INFO - BuildTower - OpenPoseThread: sending cmd: PL: Arm Retracted Check
2025-12-19 15:44:33,720 - INFO - BuildTower - OpenPoseThread: received reply: Left: Arm Retracted
2025-12-19 15:44:33,720 - INFO - BuildTower - Executing turn 2 out of 9.
2025-12-19 15:44:33,720 - INFO - BuildTower - Moving block from start 0.3 to target 0.387. Turn: 2, Block Shape: 4
2025-12-19 15:44:33,723 - INFO - BuildTower - Sending gripper command: value=0
2025-12-19 15:44:34,255 - INFO - BuildTower - Gripper command 0 sent successfully.
2025-12-19 15:44:34,257 - INFO - BuildTower - Attempting to go to position: x=0.3, y=0.3, z=0.345, theta_x=100.0, theta_y=0.0, theta_z=90.0
2025-12-19 15:44:34,258 - DEBUG - BuildTower - Set speed for pose: translation=1, orientation=100
2025-12-19 15:44:34,277 - INFO - BuildTower - Pose action initiated, waiting for completion.
2025-12-19 15:44:34,280 - INFO - BuildTower - OpenPoseThread: gaze frame_idx=288 ts=2025-12-19T15:44:34.213239Z people=2
2025-12-19 15:44:34,280 - INFO - BuildTower - OpenPoseThread: Gaze3D frame=288 id=left label=Left person v=[-0.502, 0.143, 0.853] yaw=-30.5 pitch=-8.2
2025-12-19 15:44:34,280 - INFO - BuildTower - OpenPoseThread: Gaze3D frame=288 id=right label=Right person v=[-0.254, -0.074, 0.964] yaw=-14.8 pitch=4.2
2025-12-19 15:44:34,947 - INFO - BuildTower - OpenPoseThread: gaze frame_idx=296 ts=2025-12-19T15:44:34.915873Z people=2
2025-12-19 15:44:34,947 - INFO - BuildTower - OpenPoseThread: Gaze3D frame=296 id=left label=Left person v=[-0.388, -0.168, 0.906] yaw=-23.2 pitch=9.7
2025-12-19 15:44:34,948 - INFO - BuildTower - OpenPoseThread: Gaze3D frame=296 id=right label=Right person v=[-0.270, -0.090, 0.959] yaw=-15.7 pitch=5.2
2025-12-19 15:44:35,609 - INFO - BuildTower - OpenPoseThread: gaze frame_idx=304 ts=2025-12-19T15:44:35.600772Z people=2
2025-12-19 15:44:35,609 - INFO - BuildTower - OpenPoseThread: Gaze3D frame=304 id=left label=Left person v=[-0.377, -0.255, 0.891] yaw=-22.9 pitch=14.8
2025-12-19 15:44:35,610 - INFO - BuildTower - OpenPoseThread: Gaze3D frame=304 id=right label=Right person v=[-0.413, -0.246, 0.877] yaw=-25.2 pitch=14.2
2025-12-19 15:44:36,372 - INFO - BuildTower - OpenPoseThread: gaze frame_idx=312 ts=2025-12-19T15:44:36.281814Z people=2
2025-12-19 15:44:36,372 - INFO - BuildTower - OpenPoseThread: Gaze3D frame=312 id=left label=Left person v=[-0.323, -0.520, 0.791] yaw=-22.2 pitch=31.3
2025-12-19 15:44:36,372 - INFO - BuildTower - OpenPoseThread: Gaze3D frame=312 id=right label=Right person v=[0.048, -0.313, 0.948] yaw=2.9 pitch=18.3
2025-12-19 15:44:37,028 - INFO - BuildTower - OpenPoseThread: gaze frame_idx=320 ts=2025-12-19T15:44:36.970339Z people=2
2025-12-19 15:44:37,028 - INFO - BuildTower - OpenPoseThread: Gaze3D frame=320 id=left label=Left person v=[-0.377, -0.039, 0.925] yaw=-22.2 pitch=2.2
2025-12-19 15:44:37,028 - INFO - BuildTower - OpenPoseThread: Gaze3D frame=320 id=right label=Right person v=[-0.170, -0.298, 0.939] yaw=-10.3 pitch=17.3
2025-12-19 15:44:37,694 - INFO - BuildTower - OpenPoseThread: gaze frame_idx=328 ts=2025-12-19T15:44:37.693559Z people=2
2025-12-19 15:44:37,695 - INFO - BuildTower - OpenPoseThread: Gaze3D frame=328 id=left label=Left person v=[-0.356, -0.040, 0.934] yaw=-20.9 pitch=2.3
2025-12-19 15:44:37,695 - INFO - BuildTower - OpenPoseThread: Gaze3D frame=328 id=right label=Right person v=[-0.481, -0.319, 0.817] yaw=-30.5 pitch=18.6
2025-12-19 15:44:38,458 - INFO - BuildTower - OpenPoseThread: gaze frame_idx=336 ts=2025-12-19T15:44:38.424169Z people=2
2025-12-19 15:44:38,458 - INFO - BuildTower - OpenPoseThread: Gaze3D frame=336 id=left label=Left person v=[-0.398, 0.354, 0.846] yaw=-25.2 pitch=-20.7
2025-12-19 15:44:38,458 - INFO - BuildTower - OpenPoseThread: Gaze3D frame=336 id=right label=Right person v=[-0.189, -0.338, 0.922] yaw=-11.6 pitch=19.8
2025-12-19 15:44:38,979 - INFO - BuildTower - Robot action ended.
2025-12-19 15:44:38,979 - INFO - BuildTower - Attempting to go to position: x=0.3, y=0.3, z=0.3, theta_x=100.0, theta_y=0.0, theta_z=90.0
2025-12-19 15:44:38,979 - DEBUG - BuildTower - Set speed for pose: translation=1, orientation=100
2025-12-19 15:44:39,003 - INFO - BuildTower - Pose action initiated, waiting for completion.
2025-12-19 15:44:39,123 - INFO - BuildTower - OpenPoseThread: gaze frame_idx=344 ts=2025-12-19T15:44:39.122936Z people=2
2025-12-19 15:44:39,124 - INFO - BuildTower - OpenPoseThread: Gaze3D frame=344 id=left label=Left person v=[-0.430, 0.052, 0.901] yaw=-25.5 pitch=-3.0
2025-12-19 15:44:39,124 - INFO - BuildTower - OpenPoseThread: Gaze3D frame=344 id=right label=Right person v=[-0.327, -0.224, 0.918] yaw=-19.6 pitch=12.9
2025-12-19 15:44:39,733 - INFO - BuildTower - Robot action ended.
2025-12-19 15:44:39,735 - INFO - BuildTower - Sending gripper command: value=0.7
2025-12-19 15:44:39,891 - INFO - BuildTower - OpenPoseThread: gaze frame_idx=352 ts=2025-12-19T15:44:39.828210Z people=2
2025-12-19 15:44:39,891 - INFO - BuildTower - OpenPoseThread: Gaze3D frame=352 id=left label=Left person v=[-0.465, 0.010, 0.885] yaw=-27.7 pitch=-0.6
2025-12-19 15:44:39,891 - INFO - BuildTower - OpenPoseThread: Gaze3D frame=352 id=right label=Right person v=[-0.303, -0.251, 0.919] yaw=-18.3 pitch=14.5
2025-12-19 15:44:40,252 - INFO - BuildTower - Gripper command 0.7 sent successfully.
2025-12-19 15:44:40,254 - INFO - BuildTower - Attempting to go to position: x=0.3, y=0.3, z=0.435, theta_x=100.0, theta_y=0.0, theta_z=90.0
2025-12-19 15:44:40,254 - DEBUG - BuildTower - Set speed for pose: translation=1, orientation=100
2025-12-19 15:44:40,277 - INFO - BuildTower - Pose action initiated, waiting for completion.
2025-12-19 15:44:40,544 - INFO - BuildTower - OpenPoseThread: gaze frame_idx=360 ts=2025-12-19T15:44:40.530904Z people=2
2025-12-19 15:44:40,544 - INFO - BuildTower - OpenPoseThread: Gaze3D frame=360 id=left label=Left person v=[-0.462, 0.014, 0.887] yaw=-27.5 pitch=-0.8
2025-12-19 15:44:40,545 - INFO - BuildTower - OpenPoseThread: Gaze3D frame=360 id=right label=Right person v=[-0.302, -0.309, 0.902] yaw=-18.5 pitch=18.0
2025-12-19 15:44:41,203 - INFO - BuildTower - OpenPoseThread: gaze frame_idx=368 ts=2025-12-19T15:44:41.199737Z people=2
2025-12-19 15:44:41,203 - INFO - BuildTower - OpenPoseThread: Gaze3D frame=368 id=left label=Left person v=[-0.489, 0.214, 0.845] yaw=-30.1 pitch=-12.4
2025-12-19 15:44:41,203 - INFO - BuildTower - OpenPoseThread: Gaze3D frame=368 id=right label=Right person v=[-0.359, -0.307, 0.881] yaw=-22.1 pitch=17.9
2025-12-19 15:44:41,909 - INFO - BuildTower - Robot action ended.
2025-12-19 15:44:41,909 - INFO - BuildTower - Attempting to go to position: x=0.735, y=0.0, z=0.432, theta_x=100.0, theta_y=0.0, theta_z=90.0
2025-12-19 15:44:41,909 - DEBUG - BuildTower - Set speed for pose: translation=1, orientation=100
2025-12-19 15:44:41,927 - INFO - BuildTower - Pose action initiated, waiting for completion.
2025-12-19 15:44:41,965 - INFO - BuildTower - OpenPoseThread: gaze frame_idx=376 ts=2025-12-19T15:44:41.907304Z people=2
2025-12-19 15:44:41,965 - INFO - BuildTower - OpenPoseThread: Gaze3D frame=376 id=left label=Left person v=[-0.451, 0.330, 0.830] yaw=-28.5 pitch=-19.2
2025-12-19 15:44:41,965 - INFO - BuildTower - OpenPoseThread: Gaze3D frame=376 id=right label=Right person v=[-0.282, -0.210, 0.936] yaw=-16.7 pitch=12.1
2025-12-19 15:44:42,624 - INFO - BuildTower - OpenPoseThread: gaze frame_idx=384 ts=2025-12-19T15:44:42.619003Z people=2
2025-12-19 15:44:42,624 - INFO - BuildTower - OpenPoseThread: Gaze3D frame=384 id=left label=Left person v=[-0.438, -0.091, 0.894] yaw=-26.1 pitch=5.2
2025-12-19 15:44:42,624 - INFO - BuildTower - OpenPoseThread: Gaze3D frame=384 id=right label=Right person v=[-0.309, -0.224, 0.924] yaw=-18.5 pitch=12.9
2025-12-19 15:44:43,392 - INFO - BuildTower - OpenPoseThread: gaze frame_idx=392 ts=2025-12-19T15:44:43.325744Z people=2
2025-12-19 15:44:43,393 - INFO - BuildTower - OpenPoseThread: Gaze3D frame=392 id=left label=Left person v=[-0.495, 0.187, 0.848] yaw=-30.3 pitch=-10.8
2025-12-19 15:44:43,393 - INFO - BuildTower - OpenPoseThread: Gaze3D frame=392 id=right label=Right person v=[-0.393, -0.258, 0.882] yaw=-24.0 pitch=15.0
2025-12-19 15:44:44,046 - INFO - BuildTower - OpenPoseThread: gaze frame_idx=400 ts=2025-12-19T15:44:44.012324Z people=2
2025-12-19 15:44:44,046 - INFO - BuildTower - OpenPoseThread: Gaze3D frame=400 id=left label=Left person v=[-0.559, 0.209, 0.802] yaw=-34.9 pitch=-12.1
2025-12-19 15:44:44,046 - INFO - BuildTower - OpenPoseThread: Gaze3D frame=400 id=right label=Right person v=[-0.460, -0.289, 0.840] yaw=-28.7 pitch=16.8
2025-12-19 15:44:44,812 - INFO - BuildTower - OpenPoseThread: gaze frame_idx=408 ts=2025-12-19T15:44:44.718705Z people=2
2025-12-19 15:44:44,812 - INFO - BuildTower - OpenPoseThread: Gaze3D frame=408 id=left label=Left person v=[-0.478, 0.416, 0.774] yaw=-31.7 pitch=-24.6
2025-12-19 15:44:44,812 - INFO - BuildTower - OpenPoseThread: Gaze3D frame=408 id=right label=Right person v=[-0.394, -0.189, 0.899] yaw=-23.7 pitch=10.9
2025-12-19 15:44:45,471 - INFO - BuildTower - OpenPoseThread: gaze frame_idx=416 ts=2025-12-19T15:44:45.406793Z people=2
2025-12-19 15:44:45,471 - INFO - BuildTower - OpenPoseThread: Gaze3D frame=416 id=left label=Left person v=[-0.407, 0.038, 0.913] yaw=-24.0 pitch=-2.2
2025-12-19 15:44:45,471 - INFO - BuildTower - OpenPoseThread: Gaze3D frame=416 id=right label=Right person v=[-0.337, -0.312, 0.889] yaw=-20.8 pitch=18.2
2025-12-19 15:44:46,128 - INFO - BuildTower - OpenPoseThread: gaze frame_idx=424 ts=2025-12-19T15:44:46.095199Z people=2
2025-12-19 15:44:46,128 - INFO - BuildTower - OpenPoseThread: Gaze3D frame=424 id=left label=Left person v=[-0.477, 0.280, 0.833] yaw=-29.8 pitch=-16.3
2025-12-19 15:44:46,128 - INFO - BuildTower - OpenPoseThread: Gaze3D frame=424 id=right label=Right person v=[-0.509, -0.145, 0.849] yaw=-31.0 pitch=8.3
2025-12-19 15:44:46,891 - INFO - BuildTower - OpenPoseThread: gaze frame_idx=432 ts=2025-12-19T15:44:46.827949Z people=2
2025-12-19 15:44:46,891 - INFO - BuildTower - OpenPoseThread: Gaze3D frame=432 id=left label=Left person v=[-0.451, 0.523, 0.723] yaw=-31.9 pitch=-31.6
2025-12-19 15:44:46,891 - INFO - BuildTower - OpenPoseThread: Gaze3D frame=432 id=right label=Right person v=[-0.541, -0.174, 0.823] yaw=-33.3 pitch=10.0
2025-12-19 15:44:47,487 - INFO - BuildTower - Robot action ended.
2025-12-19 15:44:47,487 - INFO - BuildTower - Attempting to go to position: x=0.735, y=0.0, z=0.387, theta_x=100.0, theta_y=0.0, theta_z=90.0
2025-12-19 15:44:47,487 - DEBUG - BuildTower - Set speed for pose: translation=1, orientation=100
2025-12-19 15:44:47,531 - INFO - BuildTower - Pose action initiated, waiting for completion.
2025-12-19 15:44:47,550 - INFO - BuildTower - OpenPoseThread: gaze frame_idx=440 ts=2025-12-19T15:44:47.540423Z people=2
2025-12-19 15:44:47,550 - INFO - BuildTower - OpenPoseThread: Gaze3D frame=440 id=left label=Left person v=[-0.463, 0.233, 0.855] yaw=-28.4 pitch=-13.5
2025-12-19 15:44:47,550 - INFO - BuildTower - OpenPoseThread: Gaze3D frame=440 id=right label=Right person v=[-0.547, -0.177, 0.818] yaw=-33.8 pitch=10.2
2025-12-19 15:44:48,214 - INFO - BuildTower - OpenPoseThread: gaze frame_idx=448 ts=2025-12-19T15:44:48.212874Z people=2
2025-12-19 15:44:48,214 - INFO - BuildTower - OpenPoseThread: Gaze3D frame=448 id=left label=Left person v=[-0.437, 0.451, 0.778] yaw=-29.3 pitch=-26.8
2025-12-19 15:44:48,214 - INFO - BuildTower - OpenPoseThread: Gaze3D frame=448 id=right label=Right person v=[-0.593, -0.330, 0.734] yaw=-39.0 pitch=19.3
2025-12-19 15:44:48,261 - INFO - BuildTower - Robot action ended.
2025-12-19 15:44:48,263 - INFO - BuildTower - Sending gripper command: value=0
2025-12-19 15:44:48,776 - INFO - BuildTower - Gripper command 0 sent successfully.
2025-12-19 15:44:48,779 - INFO - BuildTower - Attempting to go to position: x=0.735, y=0.0, z=0.432, theta_x=100.0, theta_y=0.0, theta_z=90.0
2025-12-19 15:44:48,779 - DEBUG - BuildTower - Set speed for pose: translation=1, orientation=100
2025-12-19 15:44:48,805 - INFO - BuildTower - Pose action initiated, waiting for completion.
2025-12-19 15:44:48,981 - INFO - BuildTower - OpenPoseThread: gaze frame_idx=456 ts=2025-12-19T15:44:48.916571Z people=2
2025-12-19 15:44:48,981 - INFO - BuildTower - OpenPoseThread: Gaze3D frame=456 id=left label=Left person v=[-0.451, 0.324, 0.831] yaw=-28.5 pitch=-18.9
2025-12-19 15:44:48,981 - INFO - BuildTower - OpenPoseThread: Gaze3D frame=456 id=right label=Right person v=[-0.535, -0.250, 0.807] yaw=-33.6 pitch=14.5
2025-12-19 15:44:49,530 - INFO - BuildTower - Robot action ended.
2025-12-19 15:44:49,531 - INFO - BuildTower - Robot completed its turn. Robot turn count: 2
2025-12-19 15:44:49,531 - INFO - BuildTower - Executing turn 3 out of 9.
2025-12-19 15:44:49,531 - INFO - BuildTower - look_once_from_latest_gaze: target=None
2025-12-19 15:44:49,531 - INFO - BuildTower - Robot moving to look at tower.
2025-12-19 15:44:49,532 - INFO - BuildTower - Attempting to go to position: x=0.5, y=0, z=0.3, theta_x=110, theta_y=0, theta_z=90
2025-12-19 15:44:49,532 - DEBUG - BuildTower - Set speed for pose: translation=1, orientation=100
2025-12-19 15:44:49,551 - INFO - BuildTower - Pose sent (non-blocking).
2025-12-19 15:44:49,551 - INFO - BuildTower - Sending to OpenPose (via thread): PR: Arm Extended Check
2025-12-19 15:44:49,555 - INFO - BuildTower - OpenPoseThread: sending cmd: PR: Arm Extended Check
2025-12-19 15:44:49,619 - INFO - BuildTower - OpenPoseThread: gaze frame_idx=464 ts=2025-12-19T15:44:49.616435Z people=2
2025-12-19 15:44:49,620 - INFO - BuildTower - OpenPoseThread: Gaze3D frame=464 id=left label=Left person v=[-0.465, 0.413, 0.783] yaw=-30.7 pitch=-24.4
2025-12-19 15:44:49,620 - INFO - BuildTower - OpenPoseThread: Gaze3D frame=464 id=right label=Right person v=[-0.271, -0.442, 0.855] yaw=-17.6 pitch=26.2
2025-12-19 15:44:50,307 - INFO - BuildTower - OpenPoseThread: gaze frame_idx=472 ts=2025-12-19T15:44:50.305856Z people=2
2025-12-19 15:44:50,307 - INFO - BuildTower - OpenPoseThread: Gaze3D frame=472 id=left label=Left person v=[-0.433, 0.432, 0.791] yaw=-28.7 pitch=-25.6
2025-12-19 15:44:50,307 - INFO - BuildTower - OpenPoseThread: Gaze3D frame=472 id=right label=Right person v=[-0.507, -0.274, 0.817] yaw=-31.8 pitch=15.9
2025-12-19 15:44:51,022 - INFO - BuildTower - OpenPoseThread: gaze frame_idx=480 ts=2025-12-19T15:44:51.021558Z people=2
2025-12-19 15:44:51,023 - INFO - BuildTower - OpenPoseThread: Gaze3D frame=480 id=left label=Left person v=[-0.456, 0.346, 0.820] yaw=-29.1 pitch=-20.3
2025-12-19 15:44:51,023 - INFO - BuildTower - OpenPoseThread: Gaze3D frame=480 id=right label=Right person v=[-0.501, -0.118, 0.857] yaw=-30.3 pitch=6.8
2025-12-19 15:44:51,730 - INFO - BuildTower - OpenPoseThread: gaze frame_idx=488 ts=2025-12-19T15:44:51.721856Z people=2
2025-12-19 15:44:51,731 - INFO - BuildTower - OpenPoseThread: Gaze3D frame=488 id=left label=Left person v=[-0.372, 0.280, 0.885] yaw=-22.8 pitch=-16.3
2025-12-19 15:44:51,731 - INFO - BuildTower - OpenPoseThread: Gaze3D frame=488 id=right label=Right person v=[-0.440, -0.107, 0.892] yaw=-26.3 pitch=6.2
2025-12-19 15:44:52,423 - INFO - BuildTower - OpenPoseThread: gaze frame_idx=496 ts=2025-12-19T15:44:52.419779Z people=2
2025-12-19 15:44:52,424 - INFO - BuildTower - OpenPoseThread: Gaze3D frame=496 id=left label=Left person v=[-0.476, 0.250, 0.843] yaw=-29.4 pitch=-14.4
2025-12-19 15:44:52,424 - INFO - BuildTower - OpenPoseThread: Gaze3D frame=496 id=right label=Right person v=[-0.534, -0.016, 0.845] yaw=-32.3 pitch=0.9
2025-12-19 15:44:53,125 - INFO - BuildTower - OpenPoseThread: gaze frame_idx=504 ts=2025-12-19T15:44:53.124197Z people=2
2025-12-19 15:44:53,126 - INFO - BuildTower - OpenPoseThread: Gaze3D frame=504 id=left label=Left person v=[-0.450, 0.252, 0.857] yaw=-27.7 pitch=-14.6
2025-12-19 15:44:53,126 - INFO - BuildTower - OpenPoseThread: Gaze3D frame=504 id=right label=Right person v=[-0.561, -0.041, 0.827] yaw=-34.2 pitch=2.4
2025-12-19 15:44:53,820 - INFO - BuildTower - OpenPoseThread: gaze frame_idx=512 ts=2025-12-19T15:44:53.819658Z people=2
2025-12-19 15:44:53,821 - INFO - BuildTower - OpenPoseThread: Gaze3D frame=512 id=left label=Left person v=[-0.430, 0.323, 0.843] yaw=-27.0 pitch=-18.8
2025-12-19 15:44:53,821 - INFO - BuildTower - OpenPoseThread: Gaze3D frame=512 id=right label=Right person v=[-0.507, -0.124, 0.853] yaw=-30.7 pitch=7.1
2025-12-19 15:44:53,941 - INFO - BuildTower - OpenPoseThread: received reply: Right: Arm Extended
2025-12-19 15:44:53,942 - INFO - BuildTower - look_once_from_latest_gaze: target=right
2025-12-19 15:44:53,942 - INFO - BuildTower - Robot moving to look at person on the right.
2025-12-19 15:44:53,942 - INFO - BuildTower - Attempting to go to position: x=0.5, y=0.08, z=0.5, theta_x=80, theta_y=0, theta_z=105
2025-12-19 15:44:53,942 - DEBUG - BuildTower - Set speed for pose: translation=1, orientation=100
2025-12-19 15:44:53,955 - INFO - BuildTower - Pose sent (non-blocking).
2025-12-19 15:44:53,955 - INFO - BuildTower - Sending to OpenPose (via thread): PR: Arm Retracted Check
2025-12-19 15:44:53,955 - INFO - BuildTower - OpenPoseThread: sending cmd: PR: Arm Retracted Check
2025-12-19 15:44:54,003 - INFO - BuildTower - OpenPoseThread: received reply: Right: Arm Retracted
2025-12-19 15:44:54,004 - INFO - BuildTower - Executing turn 4 out of 9.
2025-12-19 15:44:54,004 - INFO - BuildTower - look_once_from_latest_gaze: target=right
2025-12-19 15:44:54,004 - INFO - BuildTower - Robot moving to look at person on the right.
2025-12-19 15:44:54,004 - INFO - BuildTower - Attempting to go to position: x=0.5, y=0.08, z=0.5, theta_x=80, theta_y=0, theta_z=105
2025-12-19 15:44:54,004 - DEBUG - BuildTower - Set speed for pose: translation=1, orientation=100
2025-12-19 15:44:54,026 - INFO - BuildTower - Pose sent (non-blocking).
2025-12-19 15:44:54,026 - INFO - BuildTower - Sending to OpenPose (via thread): PL: Arm Extended Check
2025-12-19 15:44:54,026 - INFO - BuildTower - OpenPoseThread: sending cmd: PL: Arm Extended Check
2025-12-19 15:44:54,488 - INFO - BuildTower - OpenPoseThread: gaze frame_idx=520 ts=2025-12-19T15:44:54.487627Z people=2
2025-12-19 15:44:54,488 - INFO - BuildTower - OpenPoseThread: Gaze3D frame=520 id=left label=Left person v=[-0.492, 0.124, 0.862] yaw=-29.7 pitch=-7.1
2025-12-19 15:44:54,488 - INFO - BuildTower - OpenPoseThread: Gaze3D frame=520 id=right label=Right person v=[-0.484, -0.500, 0.718] yaw=-33.9 pitch=30.0
2025-12-19 15:44:55,181 - INFO - BuildTower - OpenPoseThread: gaze frame_idx=528 ts=2025-12-19T15:44:55.180200Z people=2
2025-12-19 15:44:55,181 - INFO - BuildTower - OpenPoseThread: Gaze3D frame=528 id=left label=Left person v=[-0.496, 0.202, 0.844] yaw=-30.4 pitch=-11.7
2025-12-19 15:44:55,181 - INFO - BuildTower - OpenPoseThread: Gaze3D frame=528 id=right label=Right person v=[-0.317, -0.779, 0.541] yaw=-30.4 pitch=51.1
2025-12-19 15:44:55,888 - INFO - BuildTower - OpenPoseThread: gaze frame_idx=536 ts=2025-12-19T15:44:55.886887Z people=2
2025-12-19 15:44:55,888 - INFO - BuildTower - OpenPoseThread: Gaze3D frame=536 id=left label=Left person v=[-0.454, 0.140, 0.880] yaw=-27.3 pitch=-8.0
2025-12-19 15:44:55,888 - INFO - BuildTower - OpenPoseThread: Gaze3D frame=536 id=right label=Right person v=[-0.495, -0.246, 0.834] yaw=-30.7 pitch=14.2
2025-12-19 15:44:56,611 - INFO - BuildTower - OpenPoseThread: gaze frame_idx=544 ts=2025-12-19T15:44:56.610790Z people=2
2025-12-19 15:44:56,612 - INFO - BuildTower - OpenPoseThread: Gaze3D frame=544 id=left label=Left person v=[-0.539, 0.397, 0.743] yaw=-36.0 pitch=-23.4
2025-12-19 15:44:56,612 - INFO - BuildTower - OpenPoseThread: Gaze3D frame=544 id=right label=Right person v=[-0.136, -0.431, 0.892] yaw=-8.7 pitch=25.6
2025-12-19 15:44:57,298 - INFO - BuildTower - OpenPoseThread: gaze frame_idx=552 ts=2025-12-19T15:44:57.296558Z people=2
2025-12-19 15:44:57,298 - INFO - BuildTower - OpenPoseThread: Gaze3D frame=552 id=left label=Left person v=[-0.546, 0.275, 0.791] yaw=-34.6 pitch=-15.9
2025-12-19 15:44:57,298 - INFO - BuildTower - OpenPoseThread: Gaze3D frame=552 id=right label=Right person v=[-0.400, -0.188, 0.897] yaw=-24.0 pitch=10.8
2025-12-19 15:44:57,992 - INFO - BuildTower - OpenPoseThread: gaze frame_idx=560 ts=2025-12-19T15:44:57.991033Z people=2
2025-12-19 15:44:57,992 - INFO - BuildTower - OpenPoseThread: Gaze3D frame=560 id=left label=Left person v=[-0.435, 0.301, 0.849] yaw=-27.1 pitch=-17.5
2025-12-19 15:44:57,992 - INFO - BuildTower - OpenPoseThread: Gaze3D frame=560 id=right label=Right person v=[-0.363, -0.180, 0.914] yaw=-21.7 pitch=10.4
2025-12-19 15:44:58,114 - INFO - BuildTower - OpenPoseThread: received reply: Left: Arm Extended
2025-12-19 15:44:58,115 - INFO - BuildTower - look_once_from_latest_gaze: target=right
2025-12-19 15:44:58,115 - INFO - BuildTower - Robot moving to look at person on the right.
2025-12-19 15:44:58,115 - INFO - BuildTower - Attempting to go to position: x=0.5, y=0.08, z=0.5, theta_x=80, theta_y=0, theta_z=105
2025-12-19 15:44:58,115 - DEBUG - BuildTower - Set speed for pose: translation=1, orientation=100
2025-12-19 15:44:58,126 - INFO - BuildTower - Pose sent (non-blocking).
2025-12-19 15:44:58,127 - INFO - BuildTower - Sending to OpenPose (via thread): PL: Arm Retracted Check
2025-12-19 15:44:58,127 - INFO - BuildTower - OpenPoseThread: sending cmd: PL: Arm Retracted Check
2025-12-19 15:44:58,180 - INFO - BuildTower - OpenPoseThread: received reply: Left: Arm Retracted
2025-12-19 15:44:58,181 - INFO - BuildTower - Executing turn 5 out of 9.
2025-12-19 15:44:58,182 - INFO - BuildTower - look_once_from_latest_gaze: target=right
2025-12-19 15:44:58,182 - INFO - BuildTower - Robot moving to look at person on the right.
2025-12-19 15:44:58,182 - INFO - BuildTower - Attempting to go to position: x=0.5, y=0.08, z=0.5, theta_x=80, theta_y=0, theta_z=105
2025-12-19 15:44:58,182 - DEBUG - BuildTower - Set speed for pose: translation=1, orientation=100
2025-12-19 15:44:58,202 - INFO - BuildTower - Pose sent (non-blocking).
2025-12-19 15:44:58,202 - INFO - BuildTower - Sending to OpenPose (via thread): PR: Arm Extended Check
2025-12-19 15:44:58,202 - INFO - BuildTower - OpenPoseThread: sending cmd: PR: Arm Extended Check
2025-12-19 15:44:58,671 - INFO - BuildTower - OpenPoseThread: gaze frame_idx=568 ts=2025-12-19T15:44:58.670399Z people=2
2025-12-19 15:44:58,671 - INFO - BuildTower - OpenPoseThread: Gaze3D frame=568 id=left label=Left person v=[-0.437, -0.191, 0.879] yaw=-26.4 pitch=11.0
2025-12-19 15:44:58,671 - INFO - BuildTower - OpenPoseThread: Gaze3D frame=568 id=right label=Right person v=[-0.245, -0.159, 0.956] yaw=-14.4 pitch=9.1
2025-12-19 15:44:59,358 - INFO - BuildTower - OpenPoseThread: gaze frame_idx=576 ts=2025-12-19T15:44:59.357202Z people=2
2025-12-19 15:44:59,358 - INFO - BuildTower - OpenPoseThread: Gaze3D frame=576 id=left label=Left person v=[-0.481, -0.019, 0.876] yaw=-28.8 pitch=1.1
2025-12-19 15:44:59,358 - INFO - BuildTower - OpenPoseThread: Gaze3D frame=576 id=right label=Right person v=[-0.244, -0.224, 0.943] yaw=-14.5 pitch=13.0
2025-12-19 15:45:00,035 - INFO - BuildTower - OpenPoseThread: gaze frame_idx=584 ts=2025-12-19T15:45:00.033484Z people=2
2025-12-19 15:45:00,035 - INFO - BuildTower - OpenPoseThread: Gaze3D frame=584 id=left label=Left person v=[-0.402, 0.156, 0.902] yaw=-24.0 pitch=-9.0
2025-12-19 15:45:00,035 - INFO - BuildTower - OpenPoseThread: Gaze3D frame=584 id=right label=Right person v=[-0.085, -0.279, 0.957] yaw=-5.1 pitch=16.2
2025-12-19 15:45:00,734 - INFO - BuildTower - OpenPoseThread: gaze frame_idx=592 ts=2025-12-19T15:45:00.733519Z people=2
2025-12-19 15:45:00,734 - INFO - BuildTower - OpenPoseThread: Gaze3D frame=592 id=left label=Left person v=[-0.383, -0.410, 0.828] yaw=-24.8 pitch=24.2
2025-12-19 15:45:00,735 - INFO - BuildTower - OpenPoseThread: Gaze3D frame=592 id=right label=Right person v=[-0.355, -0.238, 0.904] yaw=-21.4 pitch=13.8
2025-12-19 15:45:01,391 - INFO - BuildTower - OpenPoseThread: gaze frame_idx=600 ts=2025-12-19T15:45:01.390320Z people=2
2025-12-19 15:45:01,391 - INFO - BuildTower - OpenPoseThread: Gaze3D frame=600 id=left label=Left person v=[-0.435, 0.211, 0.875] yaw=-26.4 pitch=-12.2
2025-12-19 15:45:01,391 - INFO - BuildTower - OpenPoseThread: Gaze3D frame=600 id=right label=Right person v=[-0.343, -0.168, 0.924] yaw=-20.3 pitch=9.7
2025-12-19 15:45:02,067 - INFO - BuildTower - OpenPoseThread: gaze frame_idx=608 ts=2025-12-19T15:45:02.066371Z people=2
2025-12-19 15:45:02,067 - INFO - BuildTower - OpenPoseThread: Gaze3D frame=608 id=left label=Left person v=[-0.477, 0.204, 0.855] yaw=-29.2 pitch=-11.8
2025-12-19 15:45:02,067 - INFO - BuildTower - OpenPoseThread: Gaze3D frame=608 id=right label=Right person v=[-0.349, -0.093, 0.932] yaw=-20.5 pitch=5.4
2025-12-19 15:45:02,758 - INFO - BuildTower - OpenPoseThread: gaze frame_idx=616 ts=2025-12-19T15:45:02.757064Z people=2
2025-12-19 15:45:02,758 - INFO - BuildTower - OpenPoseThread: Gaze3D frame=616 id=left label=Left person v=[-0.458, 0.321, 0.829] yaw=-28.9 pitch=-18.7
2025-12-19 15:45:02,758 - INFO - BuildTower - OpenPoseThread: Gaze3D frame=616 id=right label=Right person v=[-0.366, -0.292, 0.883] yaw=-22.5 pitch=17.0
2025-12-19 15:45:03,458 - INFO - BuildTower - OpenPoseThread: gaze frame_idx=624 ts=2025-12-19T15:45:03.457083Z people=2
2025-12-19 15:45:03,458 - INFO - BuildTower - OpenPoseThread: Gaze3D frame=624 id=left label=Left person v=[-0.416, 0.151, 0.897] yaw=-24.9 pitch=-8.7
2025-12-19 15:45:03,458 - INFO - BuildTower - OpenPoseThread: Gaze3D frame=624 id=right label=Right person v=[-0.518, -0.188, 0.834] yaw=-31.8 pitch=10.8
2025-12-19 15:45:03,513 - INFO - BuildTower - OpenPoseThread: received reply: Right: Arm Extended
2025-12-19 15:45:03,513 - INFO - BuildTower - look_once_from_latest_gaze: target=left
2025-12-19 15:45:03,513 - INFO - BuildTower - Robot moving to look at person on the left.
2025-12-19 15:45:03,514 - INFO - BuildTower - Attempting to go to position: x=0.5, y=-0.08, z=0.5, theta_x=80, theta_y=0, theta_z=75
2025-12-19 15:45:03,514 - DEBUG - BuildTower - Set speed for pose: translation=1, orientation=100
2025-12-19 15:45:03,527 - INFO - BuildTower - Pose sent (non-blocking).
2025-12-19 15:45:03,527 - INFO - BuildTower - Sending to OpenPose (via thread): PR: Arm Retracted Check
2025-12-19 15:45:03,527 - INFO - BuildTower - OpenPoseThread: sending cmd: PR: Arm Retracted Check
2025-12-19 15:45:03,572 - INFO - BuildTower - OpenPoseThread: received reply: Right: Arm Retracted
2025-12-19 15:45:03,572 - INFO - BuildTower - Executing turn 6 out of 9.
2025-12-19 15:45:03,573 - INFO - BuildTower - look_once_from_latest_gaze: target=left
2025-12-19 15:45:03,573 - INFO - BuildTower - Robot moving to look at person on the left.
2025-12-19 15:45:03,573 - INFO - BuildTower - Attempting to go to position: x=0.5, y=-0.08, z=0.5, theta_x=80, theta_y=0, theta_z=75
2025-12-19 15:45:03,573 - DEBUG - BuildTower - Set speed for pose: translation=1, orientation=100
2025-12-19 15:45:03,581 - INFO - BuildTower - Pose sent (non-blocking).
2025-12-19 15:45:03,581 - INFO - BuildTower - Sending to OpenPose (via thread): PL: Arm Extended Check
2025-12-19 15:45:03,581 - INFO - BuildTower - OpenPoseThread: sending cmd: PL: Arm Extended Check
2025-12-19 15:45:03,630 - INFO - BuildTower - OpenPoseThread: received reply: Left: Arm Extended
2025-12-19 15:45:03,630 - INFO - BuildTower - Sending to OpenPose (via thread): PL: Arm Retracted Check
2025-12-19 15:45:03,631 - INFO - BuildTower - OpenPoseThread: sending cmd: PL: Arm Retracted Check
2025-12-19 15:45:03,692 - INFO - BuildTower - OpenPoseThread: received reply: Left: Arm Retracted
2025-12-19 15:45:03,692 - INFO - BuildTower - Executing turn 7 out of 9.
2025-12-19 15:45:03,692 - INFO - BuildTower - look_once_from_latest_gaze: target=left
2025-12-19 15:45:03,693 - INFO - BuildTower - Robot moving to look at person on the left.
2025-12-19 15:45:03,693 - INFO - BuildTower - Attempting to go to position: x=0.5, y=-0.08, z=0.5, theta_x=80, theta_y=0, theta_z=75
2025-12-19 15:45:03,693 - DEBUG - BuildTower - Set speed for pose: translation=1, orientation=100
2025-12-19 15:45:03,702 - INFO - BuildTower - Pose sent (non-blocking).
2025-12-19 15:45:03,702 - INFO - BuildTower - Sending to OpenPose (via thread): PR: Arm Extended Check
2025-12-19 15:45:03,702 - INFO - BuildTower - OpenPoseThread: sending cmd: PR: Arm Extended Check
2025-12-19 15:45:03,755 - INFO - BuildTower - OpenPoseThread: received reply: Right: Arm Extended
2025-12-19 15:45:03,755 - INFO - BuildTower - Sending to OpenPose (via thread): PR: Arm Retracted Check
2025-12-19 15:45:03,756 - INFO - BuildTower - OpenPoseThread: sending cmd: PR: Arm Retracted Check
2025-12-19 15:45:03,818 - INFO - BuildTower - OpenPoseThread: received reply: Right: Arm Retracted
2025-12-19 15:45:03,818 - INFO - BuildTower - Executing turn 8 out of 9.
2025-12-19 15:45:03,818 - INFO - BuildTower - Moving block from start 0.28 to target 0.643. Turn: 8, Block Shape: 3
2025-12-19 15:45:03,821 - INFO - BuildTower - Sending gripper command: value=0
2025-12-19 15:45:04,142 - INFO - BuildTower - OpenPoseThread: gaze frame_idx=632 ts=2025-12-19T15:45:04.109489Z people=2
2025-12-19 15:45:04,142 - INFO - BuildTower - OpenPoseThread: Gaze3D frame=632 id=left label=Left person v=[-0.493, 0.154, 0.856] yaw=-29.9 pitch=-8.8
2025-12-19 15:45:04,142 - INFO - BuildTower - OpenPoseThread: Gaze3D frame=632 id=right label=Right person v=[-0.467, -0.432, 0.771] yaw=-31.2 pitch=25.6
2025-12-19 15:45:04,327 - INFO - BuildTower - Gripper command 0 sent successfully.
2025-12-19 15:45:04,330 - INFO - BuildTower - Attempting to go to position: x=0.5, y=-0.2, z=0.325, theta_x=100.0, theta_y=0.0, theta_z=90.0
2025-12-19 15:45:04,330 - DEBUG - BuildTower - Set speed for pose: translation=1, orientation=100
2025-12-19 15:45:04,355 - INFO - BuildTower - Pose action initiated, waiting for completion.
2025-12-19 15:45:04,801 - INFO - BuildTower - OpenPoseThread: gaze frame_idx=640 ts=2025-12-19T15:45:04.800192Z people=2
2025-12-19 15:45:04,801 - INFO - BuildTower - OpenPoseThread: Gaze3D frame=640 id=left label=Left person v=[-0.469, 0.123, 0.875] yaw=-28.2 pitch=-7.1
2025-12-19 15:45:04,801 - INFO - BuildTower - OpenPoseThread: Gaze3D frame=640 id=right label=Right person v=[-0.529, -0.385, 0.756] yaw=-35.0 pitch=22.7
2025-12-19 15:45:05,568 - INFO - BuildTower - OpenPoseThread: gaze frame_idx=648 ts=2025-12-19T15:45:05.502820Z people=2
2025-12-19 15:45:05,568 - INFO - BuildTower - OpenPoseThread: Gaze3D frame=648 id=left label=Left person v=[-0.443, 0.192, 0.876] yaw=-26.9 pitch=-11.0
2025-12-19 15:45:05,568 - INFO - BuildTower - OpenPoseThread: Gaze3D frame=648 id=right label=Right person v=[-0.255, -0.257, 0.932] yaw=-15.3 pitch=14.9
2025-12-19 15:45:06,226 - INFO - BuildTower - OpenPoseThread: gaze frame_idx=656 ts=2025-12-19T15:45:06.198659Z people=2
2025-12-19 15:45:06,226 - INFO - BuildTower - OpenPoseThread: Gaze3D frame=656 id=left label=Left person v=[-0.515, 0.383, 0.767] yaw=-33.9 pitch=-22.5
2025-12-19 15:45:06,226 - INFO - BuildTower - OpenPoseThread: Gaze3D frame=656 id=right label=Right person v=[-0.112, -0.445, 0.889] yaw=-7.2 pitch=26.4
2025-12-19 15:45:06,883 - INFO - BuildTower - OpenPoseThread: gaze frame_idx=664 ts=2025-12-19T15:45:06.876701Z people=2
2025-12-19 15:45:06,883 - INFO - BuildTower - OpenPoseThread: Gaze3D frame=664 id=left label=Left person v=[-0.510, 0.207, 0.835] yaw=-31.4 pitch=-12.0
2025-12-19 15:45:06,883 - INFO - BuildTower - OpenPoseThread: Gaze3D frame=664 id=right label=Right person v=[-0.364, -0.039, 0.931] yaw=-21.4 pitch=2.3
2025-12-19 15:45:07,656 - INFO - BuildTower - OpenPoseThread: gaze frame_idx=672 ts=2025-12-19T15:45:07.560995Z people=2
2025-12-19 15:45:07,656 - INFO - BuildTower - OpenPoseThread: Gaze3D frame=672 id=left label=Left person v=[-0.366, -0.310, 0.877] yaw=-22.7 pitch=18.1
2025-12-19 15:45:07,656 - INFO - BuildTower - OpenPoseThread: Gaze3D frame=672 id=right label=Right person v=[-0.359, -0.077, 0.930] yaw=-21.1 pitch=4.4
2025-12-19 15:45:08,316 - INFO - BuildTower - OpenPoseThread: gaze frame_idx=680 ts=2025-12-19T15:45:08.258858Z people=2
2025-12-19 15:45:08,316 - INFO - BuildTower - OpenPoseThread: Gaze3D frame=680 id=left label=Left person v=[-0.416, -0.017, 0.909] yaw=-24.6 pitch=1.0
2025-12-19 15:45:08,316 - INFO - BuildTower - OpenPoseThread: Gaze3D frame=680 id=right label=Right person v=[-0.409, -0.176, 0.895] yaw=-24.6 pitch=10.1
2025-12-19 15:45:08,686 - INFO - BuildTower - Robot action ended.
2025-12-19 15:45:08,686 - INFO - BuildTower - Attempting to go to position: x=0.5, y=-0.2, z=0.28, theta_x=100.0, theta_y=0.0, theta_z=90.0
2025-12-19 15:45:08,686 - DEBUG - BuildTower - Set speed for pose: translation=1, orientation=100
2025-12-19 15:45:08,705 - INFO - BuildTower - Pose action initiated, waiting for completion.
2025-12-19 15:45:08,982 - INFO - BuildTower - OpenPoseThread: gaze frame_idx=688 ts=2025-12-19T15:45:08.968973Z people=2
2025-12-19 15:45:08,982 - INFO - BuildTower - OpenPoseThread: Gaze3D frame=688 id=left label=Left person v=[-0.438, 0.058, 0.897] yaw=-26.0 pitch=-3.4
2025-12-19 15:45:08,982 - INFO - BuildTower - OpenPoseThread: Gaze3D frame=688 id=right label=Right person v=[-0.208, -0.269, 0.941] yaw=-12.4 pitch=15.6
2025-12-19 15:45:09,438 - INFO - BuildTower - Robot action ended.
2025-12-19 15:45:09,439 - INFO - BuildTower - Sending gripper command: value=0.2
2025-12-19 15:45:09,745 - INFO - BuildTower - OpenPoseThread: gaze frame_idx=696 ts=2025-12-19T15:45:09.662487Z people=2
2025-12-19 15:45:09,745 - INFO - BuildTower - OpenPoseThread: Gaze3D frame=696 id=left label=Left person v=[-0.443, 0.142, 0.885] yaw=-26.6 pitch=-8.2
2025-12-19 15:45:09,745 - INFO - BuildTower - OpenPoseThread: Gaze3D frame=696 id=right label=Right person v=[-0.129, -0.379, 0.916] yaw=-8.0 pitch=22.3
2025-12-19 15:45:09,952 - INFO - BuildTower - Gripper command 0.2 sent successfully.
2025-12-19 15:45:09,955 - INFO - BuildTower - Attempting to go to position: x=0.5, y=-0.2, z=0.685, theta_x=100.0, theta_y=0.0, theta_z=90.0
2025-12-19 15:45:09,955 - DEBUG - BuildTower - Set speed for pose: translation=1, orientation=100
2025-12-19 15:45:09,984 - INFO - BuildTower - Pose action initiated, waiting for completion.
2025-12-19 15:45:10,404 - INFO - BuildTower - OpenPoseThread: gaze frame_idx=704 ts=2025-12-19T15:45:10.374036Z people=2
2025-12-19 15:45:10,404 - INFO - BuildTower - OpenPoseThread: Gaze3D frame=704 id=left label=Left person v=[-0.528, 0.127, 0.840] yaw=-32.2 pitch=-7.3
2025-12-19 15:45:10,404 - INFO - BuildTower - OpenPoseThread: Gaze3D frame=704 id=right label=Right person v=[-0.432, -0.324, 0.842] yaw=-27.1 pitch=18.9
2025-12-19 15:45:11,172 - INFO - BuildTower - OpenPoseThread: gaze frame_idx=712 ts=2025-12-19T15:45:11.082481Z people=2
2025-12-19 15:45:11,172 - INFO - BuildTower - OpenPoseThread: Gaze3D frame=712 id=left label=Left person v=[-0.357, 0.175, 0.918] yaw=-21.2 pitch=-10.1
2025-12-19 15:45:11,172 - INFO - BuildTower - OpenPoseThread: Gaze3D frame=712 id=right label=Right person v=[-0.605, -0.318, 0.730] yaw=-39.7 pitch=18.5
2025-12-19 15:45:11,830 - INFO - BuildTower - OpenPoseThread: gaze frame_idx=720 ts=2025-12-19T15:45:11.783338Z people=2
2025-12-19 15:45:11,830 - INFO - BuildTower - OpenPoseThread: Gaze3D frame=720 id=left label=Left person v=[-0.326, 0.178, 0.928] yaw=-19.4 pitch=-10.3
2025-12-19 15:45:11,830 - INFO - BuildTower - OpenPoseThread: Gaze3D frame=720 id=right label=Right person v=[-0.605, -0.233, 0.762] yaw=-38.4 pitch=13.5
2025-12-19 15:45:12,489 - INFO - BuildTower - OpenPoseThread: gaze frame_idx=728 ts=2025-12-19T15:45:12.487631Z people=2
2025-12-19 15:45:12,489 - INFO - BuildTower - OpenPoseThread: Gaze3D frame=728 id=left label=Left person v=[-0.259, 0.272, 0.927] yaw=-15.6 pitch=-15.8
2025-12-19 15:45:12,489 - INFO - BuildTower - OpenPoseThread: Gaze3D frame=728 id=right label=Right person v=[-0.531, -0.467, 0.707] yaw=-36.9 pitch=27.8
2025-12-19 15:45:13,251 - INFO - BuildTower - OpenPoseThread: gaze frame_idx=736 ts=2025-12-19T15:45:13.186051Z people=2
2025-12-19 15:45:13,251 - INFO - BuildTower - OpenPoseThread: Gaze3D frame=736 id=left label=Left person v=[-0.313, 0.370, 0.875] yaw=-19.7 pitch=-21.7
2025-12-19 15:45:13,252 - INFO - BuildTower - OpenPoseThread: Gaze3D frame=736 id=right label=Right person v=[-0.315, 0.077, 0.946] yaw=-18.4 pitch=-4.4
2025-12-19 15:45:13,906 - INFO - BuildTower - OpenPoseThread: gaze frame_idx=744 ts=2025-12-19T15:45:13.841133Z people=2
2025-12-19 15:45:13,906 - INFO - BuildTower - OpenPoseThread: Gaze3D frame=744 id=left label=Left person v=[-0.310, 0.339, 0.888] yaw=-19.2 pitch=-19.8
2025-12-19 15:45:13,907 - INFO - BuildTower - OpenPoseThread: Gaze3D frame=744 id=right label=Right person v=[-0.185, 0.013, 0.983] yaw=-10.7 pitch=-0.7
2025-12-19 15:45:14,308 - INFO - BuildTower - Robot action ended.
2025-12-19 15:45:14,308 - INFO - BuildTower - Attempting to go to position: x=0.737, y=0.0, z=0.6880000000000001, theta_x=100.0, theta_y=0.0, theta_z=90.0
2025-12-19 15:45:14,308 - DEBUG - BuildTower - Set speed for pose: translation=1, orientation=100
2025-12-19 15:45:14,329 - INFO - BuildTower - Pose action initiated, waiting for completion.
2025-12-19 15:45:14,561 - INFO - BuildTower - OpenPoseThread: gaze frame_idx=752 ts=2025-12-19T15:45:14.488583Z people=2
2025-12-19 15:45:14,562 - INFO - BuildTower - OpenPoseThread: Gaze3D frame=752 id=left label=Left person v=[-0.223, 0.354, 0.908] yaw=-13.8 pitch=-20.7
2025-12-19 15:45:14,562 - INFO - BuildTower - OpenPoseThread: Gaze3D frame=752 id=right label=Right person v=[-0.369, -0.109, 0.923] yaw=-21.8 pitch=6.3
2025-12-19 15:45:15,214 - INFO - BuildTower - OpenPoseThread: gaze frame_idx=760 ts=2025-12-19T15:45:15.115797Z people=2
2025-12-19 15:45:15,214 - INFO - BuildTower - OpenPoseThread: Gaze3D frame=760 id=left label=Left person v=[-0.286, 0.262, 0.921] yaw=-17.3 pitch=-15.2
2025-12-19 15:45:15,214 - INFO - BuildTower - OpenPoseThread: Gaze3D frame=760 id=right label=Right person v=[-0.200, -0.084, 0.976] yaw=-11.6 pitch=4.8
2025-12-19 15:45:15,760 - INFO - BuildTower - OpenPoseThread: gaze frame_idx=768 ts=2025-12-19T15:45:15.753596Z people=2
2025-12-19 15:45:15,761 - INFO - BuildTower - OpenPoseThread: Gaze3D frame=768 id=left label=Left person v=[-0.312, 0.356, 0.881] yaw=-19.5 pitch=-20.8
2025-12-19 15:45:15,761 - INFO - BuildTower - OpenPoseThread: Gaze3D frame=768 id=right label=Right person v=[-0.301, 0.069, 0.951] yaw=-17.6 pitch=-4.0
2025-12-19 15:45:16,533 - INFO - BuildTower - OpenPoseThread: gaze frame_idx=776 ts=2025-12-19T15:45:16.452957Z people=2
2025-12-19 15:45:16,533 - INFO - BuildTower - OpenPoseThread: Gaze3D frame=776 id=left label=Left person v=[-0.317, 0.335, 0.887] yaw=-19.7 pitch=-19.6
2025-12-19 15:45:16,533 - INFO - BuildTower - OpenPoseThread: Gaze3D frame=776 id=right label=Right person v=[-0.351, -0.092, 0.932] yaw=-20.6 pitch=5.3
2025-12-19 15:45:17,195 - INFO - BuildTower - OpenPoseThread: gaze frame_idx=784 ts=2025-12-19T15:45:17.181585Z people=2
2025-12-19 15:45:17,195 - INFO - BuildTower - OpenPoseThread: Gaze3D frame=784 id=left label=Left person v=[-0.356, 0.286, 0.890] yaw=-21.8 pitch=-16.6
2025-12-19 15:45:17,195 - INFO - BuildTower - OpenPoseThread: Gaze3D frame=784 id=right label=Right person v=[-0.360, -0.062, 0.931] yaw=-21.1 pitch=3.5
2025-12-19 15:45:17,716 - INFO - BuildTower - Robot action ended.
2025-12-19 15:45:17,716 - INFO - BuildTower - Attempting to go to position: x=0.737, y=0.0, z=0.643, theta_x=100.0, theta_y=0.0, theta_z=90.0
2025-12-19 15:45:17,716 - DEBUG - BuildTower - Set speed for pose: translation=1, orientation=100
2025-12-19 15:45:17,730 - INFO - BuildTower - Pose action initiated, waiting for completion.
2025-12-19 15:45:17,957 - INFO - BuildTower - OpenPoseThread: gaze frame_idx=792 ts=2025-12-19T15:45:17.870908Z people=2
2025-12-19 15:45:17,957 - INFO - BuildTower - OpenPoseThread: Gaze3D frame=792 id=left label=Left person v=[-0.418, 0.279, 0.865] yaw=-25.8 pitch=-16.2
2025-12-19 15:45:17,957 - INFO - BuildTower - OpenPoseThread: Gaze3D frame=792 id=right label=Right person v=[-0.422, -0.102, 0.901] yaw=-25.1 pitch=5.9
2025-12-19 15:45:18,469 - INFO - BuildTower - Robot action ended.
2025-12-19 15:45:18,471 - INFO - BuildTower - Sending gripper command: value=0
2025-12-19 15:45:18,612 - INFO - BuildTower - OpenPoseThread: gaze frame_idx=800 ts=2025-12-19T15:45:18.570930Z people=2
2025-12-19 15:45:18,612 - INFO - BuildTower - OpenPoseThread: Gaze3D frame=800 id=left label=Left person v=[-0.406, 0.284, 0.868] yaw=-25.1 pitch=-16.5
2025-12-19 15:45:18,612 - INFO - BuildTower - OpenPoseThread: Gaze3D frame=800 id=right label=Right person v=[-0.367, -0.074, 0.927] yaw=-21.6 pitch=4.2
2025-12-19 15:45:18,978 - INFO - BuildTower - Gripper command 0 sent successfully.
2025-12-19 15:45:18,988 - INFO - BuildTower - Attempting to go to position: x=0.737, y=0.0, z=0.6880000000000001, theta_x=100.0, theta_y=0.0, theta_z=90.0
2025-12-19 15:45:18,988 - DEBUG - BuildTower - Set speed for pose: translation=1, orientation=100
2025-12-19 15:45:19,005 - INFO - BuildTower - Pose action initiated, waiting for completion.
2025-12-19 15:45:19,268 - INFO - BuildTower - OpenPoseThread: gaze frame_idx=808 ts=2025-12-19T15:45:19.262062Z people=2
2025-12-19 15:45:19,268 - INFO - BuildTower - OpenPoseThread: Gaze3D frame=808 id=left label=Left person v=[-0.381, 0.367, 0.849] yaw=-24.2 pitch=-21.5
2025-12-19 15:45:19,268 - INFO - BuildTower - OpenPoseThread: Gaze3D frame=808 id=right label=Right person v=[-0.388, -0.154, 0.909] yaw=-23.1 pitch=8.8
2025-12-19 15:45:19,740 - INFO - BuildTower - Robot action ended.
2025-12-19 15:45:19,740 - INFO - BuildTower - Robot completed its turn. Robot turn count: 3
2025-12-19 15:45:19,741 - INFO - BuildTower - Configuration number 1 finished.
2025-12-19 15:45:19,741 - INFO - BuildTower - OpenPoseThread: sending cmd: Configuration finished
2025-12-19 15:45:20,069 - INFO - BuildTower - OpenPoseThread: gaze frame_idx=816 ts=2025-12-19T15:45:20.067586Z people=2
2025-12-19 15:45:20,069 - INFO - BuildTower - OpenPoseThread: Gaze3D frame=816 id=left label=Left person v=[-0.385, 0.259, 0.886] yaw=-23.5 pitch=-15.0
2025-12-19 15:45:20,069 - INFO - BuildTower - OpenPoseThread: Gaze3D frame=816 id=right label=Right person v=[-0.362, -0.118, 0.925] yaw=-21.4 pitch=6.8
2025-12-19 15:45:20,069 - INFO - BuildTower - OpenPoseThread: received reply: Received
2025-12-19 15:45:20,071 - INFO - BuildTower - Received reply from OpenPose server: Received
2025-12-19 15:45:35,258 - INFO - BuildTower - User pressed Enter. Continuing with configuration 2
