2025-11-07 16:17:18,092 - INFO - openpose - OpenPose server started and bound to tcp://*:5555
2025-11-07 16:17:18,092 - INFO - openpose - OpenPose server started and bound to tcp://*:5556
2025-11-07 16:17:18,104 - INFO - openpose - Starting OpenPose
2025-11-07 16:17:19,040 - INFO - openpose - OpenPose initialized - waiting for turn_order
2025-11-07 16:17:34,960 - INFO - openpose - Message received: ybypbpbpy

2025-11-07 16:17:35,744 - INFO - openpose - Gaze PUB: people=0, frame_idx=0
2025-11-07 16:17:35,744 - INFO - openpose - Robot's turn detected
2025-11-07 16:17:36,330 - INFO - openpose - Gaze PUB: people=0, frame_idx=6
2025-11-07 16:17:36,893 - INFO - openpose - Gaze PUB: people=0, frame_idx=12
2025-11-07 16:17:37,468 - INFO - openpose - Gaze PUB: people=0, frame_idx=18
2025-11-07 16:17:38,023 - INFO - openpose - Gaze PUB: people=0, frame_idx=24
2025-11-07 16:17:38,614 - INFO - openpose - Gaze PUB: people=0, frame_idx=30
2025-11-07 16:17:39,188 - INFO - openpose - Gaze PUB: people=0, frame_idx=36
2025-11-07 16:17:39,760 - INFO - openpose - Gaze PUB: people=0, frame_idx=42
2025-11-07 16:17:40,321 - INFO - openpose - Gaze PUB: people=0, frame_idx=48
2025-11-07 16:17:40,909 - INFO - openpose - Gaze PUB: people=0, frame_idx=54
2025-11-07 16:17:41,497 - INFO - openpose - Gaze PUB: people=0, frame_idx=60
2025-11-07 16:17:42,061 - INFO - openpose - Gaze PUB: people=0, frame_idx=66
2025-11-07 16:17:42,639 - INFO - openpose - Gaze PUB: people=0, frame_idx=72
2025-11-07 16:17:43,235 - INFO - openpose - Gaze PUB: people=0, frame_idx=78
2025-11-07 16:17:43,824 - INFO - openpose - Gaze PUB: people=0, frame_idx=84
2025-11-07 16:17:44,408 - INFO - openpose - Gaze PUB: people=0, frame_idx=90
2025-11-07 16:17:44,984 - INFO - openpose - Gaze PUB: people=0, frame_idx=96
2025-11-07 16:17:45,566 - INFO - openpose - Gaze PUB: people=0, frame_idx=102
2025-11-07 16:17:46,116 - INFO - openpose - Gaze PUB: people=0, frame_idx=108
2025-11-07 16:17:46,684 - INFO - openpose - Gaze PUB: people=0, frame_idx=114
2025-11-07 16:17:47,267 - INFO - openpose - Gaze PUB: people=0, frame_idx=120
2025-11-07 16:17:47,819 - INFO - openpose - Gaze PUB: people=0, frame_idx=126
2025-11-07 16:17:48,392 - INFO - openpose - Gaze PUB: people=0, frame_idx=132
2025-11-07 16:17:48,960 - INFO - openpose - Gaze PUB: people=0, frame_idx=138
2025-11-07 16:17:48,962 - INFO - openpose - Left person: Arm EXTENDED (depth-plane)
2025-11-07 16:17:48,962 - INFO - openpose - ZMQ Message received (non-blocking): PL: Arm Extended Check
2025-11-07 16:17:48,962 - INFO - openpose - ZMQ Sending: Left: Arm Extended
2025-11-07 16:17:49,019 - INFO - openpose - Left person: Arm RETRACTED (depth-plane)
2025-11-07 16:17:49,019 - INFO - openpose - ZMQ Message received (non-blocking): PL: Arm Retracted Check
2025-11-07 16:17:49,019 - INFO - openpose - ZMQ Sending: Left: Arm Retracted
2025-11-07 16:17:49,080 - INFO - openpose - Robot's turn detected
2025-11-07 16:17:49,540 - INFO - openpose - Gaze PUB: people=0, frame_idx=144
2025-11-07 16:17:50,083 - INFO - openpose - Gaze PUB: people=0, frame_idx=150
2025-11-07 16:17:50,661 - INFO - openpose - Gaze PUB: people=0, frame_idx=156
2025-11-07 16:17:51,241 - INFO - openpose - Gaze PUB: people=0, frame_idx=162
2025-11-07 16:17:51,807 - INFO - openpose - Gaze PUB: people=0, frame_idx=168
2025-11-07 16:17:52,374 - INFO - openpose - Gaze PUB: people=0, frame_idx=174
2025-11-07 16:17:52,971 - INFO - openpose - Gaze PUB: people=0, frame_idx=180
2025-11-07 16:17:53,602 - INFO - openpose - Gaze PUB: people=0, frame_idx=186
2025-11-07 16:17:54,160 - INFO - openpose - Gaze PUB: people=0, frame_idx=192
2025-11-07 16:17:54,719 - INFO - openpose - Gaze PUB: people=0, frame_idx=198
2025-11-07 16:17:55,269 - INFO - openpose - Gaze PUB: people=0, frame_idx=204
2025-11-07 16:17:55,846 - INFO - openpose - Gaze PUB: people=0, frame_idx=210
2025-11-07 16:17:56,407 - INFO - openpose - Gaze PUB: people=0, frame_idx=216
2025-11-07 16:17:56,987 - INFO - openpose - Gaze PUB: people=0, frame_idx=222
2025-11-07 16:17:57,580 - INFO - openpose - Gaze PUB: people=0, frame_idx=228
2025-11-07 16:17:58,127 - INFO - openpose - Gaze PUB: people=0, frame_idx=234
2025-11-07 16:17:58,692 - INFO - openpose - Gaze PUB: people=0, frame_idx=240
2025-11-07 16:17:59,264 - INFO - openpose - Gaze PUB: people=0, frame_idx=246
2025-11-07 16:17:59,824 - INFO - openpose - Gaze PUB: people=0, frame_idx=252
2025-11-07 16:18:00,396 - INFO - openpose - Gaze PUB: people=0, frame_idx=258
2025-11-07 16:18:00,996 - INFO - openpose - Gaze PUB: people=0, frame_idx=264
2025-11-07 16:18:01,523 - INFO - openpose - Gaze PUB: people=0, frame_idx=270
2025-11-07 16:18:02,073 - INFO - openpose - Gaze PUB: people=0, frame_idx=276
2025-11-07 16:18:02,643 - INFO - openpose - Gaze PUB: people=0, frame_idx=282
2025-11-07 16:18:03,201 - INFO - openpose - Gaze PUB: people=0, frame_idx=288
2025-11-07 16:18:03,737 - INFO - openpose - Gaze PUB: people=0, frame_idx=294
2025-11-07 16:18:04,301 - INFO - openpose - Gaze PUB: people=0, frame_idx=300
2025-11-07 16:18:04,910 - INFO - openpose - Gaze PUB: people=0, frame_idx=306
2025-11-07 16:18:05,481 - INFO - openpose - Gaze PUB: people=0, frame_idx=312
2025-11-07 16:18:06,066 - INFO - openpose - Gaze PUB: people=0, frame_idx=318
2025-11-07 16:18:06,641 - INFO - openpose - Gaze PUB: people=0, frame_idx=324
2025-11-07 16:18:07,227 - INFO - openpose - Gaze PUB: people=0, frame_idx=330
2025-11-07 16:18:07,762 - INFO - openpose - Gaze PUB: people=0, frame_idx=336
2025-11-07 16:18:08,334 - INFO - openpose - Gaze PUB: people=0, frame_idx=342
2025-11-07 16:18:08,911 - INFO - openpose - Gaze PUB: people=0, frame_idx=348
2025-11-07 16:18:09,506 - INFO - openpose - Gaze PUB: people=0, frame_idx=354
2025-11-07 16:18:10,108 - INFO - openpose - Gaze PUB: people=0, frame_idx=360
2025-11-07 16:18:10,687 - INFO - openpose - Gaze PUB: people=0, frame_idx=366
2025-11-07 16:18:11,254 - INFO - openpose - Gaze PUB: people=0, frame_idx=372
2025-11-07 16:18:11,841 - INFO - openpose - Gaze PUB: people=0, frame_idx=378
2025-11-07 16:18:12,383 - INFO - openpose - Gaze PUB: people=0, frame_idx=384
2025-11-07 16:18:12,961 - INFO - openpose - Gaze PUB: people=0, frame_idx=390
2025-11-07 16:18:13,546 - INFO - openpose - Gaze PUB: people=0, frame_idx=396
2025-11-07 16:18:14,139 - INFO - openpose - Gaze PUB: people=0, frame_idx=402
2025-11-07 16:18:14,251 - INFO - openpose - Right person: Arm EXTENDED (depth-plane)
2025-11-07 16:18:14,251 - INFO - openpose - ZMQ Message received (non-blocking): PR: Arm Extended Check
2025-11-07 16:18:14,251 - INFO - openpose - ZMQ Sending: Right: Arm Extended
2025-11-07 16:18:14,314 - INFO - openpose - Right person: Arm RETRACTED (depth-plane)
2025-11-07 16:18:14,315 - INFO - openpose - ZMQ Message received (non-blocking): PR: Arm Retracted Check
2025-11-07 16:18:14,315 - INFO - openpose - ZMQ Sending: Right: Arm Retracted
2025-11-07 16:18:14,679 - INFO - openpose - Gaze PUB: people=0, frame_idx=408
2025-11-07 16:18:15,245 - INFO - openpose - Gaze PUB: people=0, frame_idx=414
2025-11-07 16:18:15,820 - INFO - openpose - Gaze PUB: people=0, frame_idx=420
2025-11-07 16:18:16,384 - INFO - openpose - Gaze PUB: people=0, frame_idx=426
2025-11-07 16:18:16,914 - INFO - openpose - Gaze PUB: people=0, frame_idx=432
2025-11-07 16:18:17,466 - INFO - openpose - Gaze PUB: people=0, frame_idx=438
2025-11-07 16:18:18,041 - INFO - openpose - Gaze PUB: people=0, frame_idx=444
2025-11-07 16:18:18,618 - INFO - openpose - Gaze PUB: people=0, frame_idx=450
2025-11-07 16:18:19,208 - INFO - openpose - Gaze PUB: people=0, frame_idx=456
2025-11-07 16:18:19,792 - INFO - openpose - Gaze PUB: people=0, frame_idx=462
2025-11-07 16:18:20,360 - INFO - openpose - Gaze PUB: people=0, frame_idx=468
2025-11-07 16:18:20,940 - INFO - openpose - Gaze PUB: people=0, frame_idx=474
2025-11-07 16:18:21,006 - INFO - openpose - Left person: Arm EXTENDED (depth-plane)
2025-11-07 16:18:21,006 - INFO - openpose - ZMQ Message received (non-blocking): PL: Arm Extended Check
2025-11-07 16:18:21,007 - INFO - openpose - ZMQ Sending: Left: Arm Extended
2025-11-07 16:18:21,069 - INFO - openpose - Left person: Arm RETRACTED (depth-plane)
2025-11-07 16:18:21,069 - INFO - openpose - ZMQ Message received (non-blocking): PL: Arm Retracted Check
2025-11-07 16:18:21,069 - INFO - openpose - ZMQ Sending: Left: Arm Retracted
2025-11-07 16:18:21,506 - INFO - openpose - Gaze PUB: people=0, frame_idx=480
2025-11-07 16:18:22,028 - INFO - openpose - Gaze PUB: people=0, frame_idx=486
2025-11-07 16:18:22,591 - INFO - openpose - Gaze PUB: people=0, frame_idx=492
2025-11-07 16:18:23,169 - INFO - openpose - Gaze PUB: people=0, frame_idx=498
2025-11-07 16:18:23,739 - INFO - openpose - Gaze PUB: people=0, frame_idx=504
2025-11-07 16:18:24,315 - INFO - openpose - Gaze PUB: people=0, frame_idx=510
2025-11-07 16:18:24,881 - INFO - openpose - Gaze PUB: people=0, frame_idx=516
2025-11-07 16:18:25,458 - INFO - openpose - Gaze PUB: people=0, frame_idx=522
2025-11-07 16:18:26,025 - INFO - openpose - Gaze PUB: people=0, frame_idx=528
2025-11-07 16:18:26,586 - INFO - openpose - Gaze PUB: people=0, frame_idx=534
2025-11-07 16:18:27,144 - INFO - openpose - Gaze PUB: people=0, frame_idx=540
2025-11-07 16:18:27,715 - INFO - openpose - Gaze PUB: people=0, frame_idx=546
2025-11-07 16:18:28,299 - INFO - openpose - Gaze PUB: people=0, frame_idx=552
2025-11-07 16:18:28,300 - INFO - openpose - Right person: Arm EXTENDED (depth-plane)
2025-11-07 16:18:28,300 - INFO - openpose - ZMQ Message received (non-blocking): PR: Arm Extended Check
2025-11-07 16:18:28,300 - INFO - openpose - ZMQ Sending: Right: Arm Extended
2025-11-07 16:18:28,360 - INFO - openpose - Right person: Arm RETRACTED (depth-plane)
2025-11-07 16:18:28,360 - INFO - openpose - ZMQ Message received (non-blocking): PR: Arm Retracted Check
2025-11-07 16:18:28,360 - INFO - openpose - ZMQ Sending: Right: Arm Retracted
2025-11-07 16:18:28,888 - INFO - openpose - Gaze PUB: people=0, frame_idx=558
2025-11-07 16:18:29,463 - INFO - openpose - Gaze PUB: people=0, frame_idx=564
2025-11-07 16:18:30,028 - INFO - openpose - Gaze PUB: people=0, frame_idx=570
2025-11-07 16:18:30,597 - INFO - openpose - Gaze PUB: people=0, frame_idx=576
2025-11-07 16:18:31,165 - INFO - openpose - Gaze PUB: people=0, frame_idx=582
2025-11-07 16:18:31,725 - INFO - openpose - Gaze PUB: people=0, frame_idx=588
2025-11-07 16:18:32,302 - INFO - openpose - Gaze PUB: people=0, frame_idx=594
2025-11-07 16:18:32,865 - INFO - openpose - Gaze PUB: people=0, frame_idx=600
2025-11-07 16:18:33,432 - INFO - openpose - Gaze PUB: people=0, frame_idx=606
2025-11-07 16:18:33,616 - INFO - openpose - Left person: Arm EXTENDED (depth-plane)
2025-11-07 16:18:33,617 - INFO - openpose - ZMQ Message received (non-blocking): PL: Arm Extended Check
2025-11-07 16:18:33,617 - INFO - openpose - ZMQ Sending: Left: Arm Extended
2025-11-07 16:18:33,674 - INFO - openpose - Left person: Arm RETRACTED (depth-plane)
2025-11-07 16:18:33,674 - INFO - openpose - ZMQ Message received (non-blocking): PL: Arm Retracted Check
2025-11-07 16:18:33,674 - INFO - openpose - ZMQ Sending: Left: Arm Retracted
2025-11-07 16:18:33,985 - INFO - openpose - Gaze PUB: people=0, frame_idx=612
2025-11-07 16:18:34,565 - INFO - openpose - Gaze PUB: people=0, frame_idx=618
2025-11-07 16:18:35,114 - INFO - openpose - Gaze PUB: people=0, frame_idx=624
2025-11-07 16:18:35,663 - INFO - openpose - Gaze PUB: people=0, frame_idx=630
2025-11-07 16:18:36,224 - INFO - openpose - Gaze PUB: people=0, frame_idx=636
2025-11-07 16:18:36,801 - INFO - openpose - Gaze PUB: people=0, frame_idx=642
2025-11-07 16:18:37,344 - INFO - openpose - Gaze PUB: people=0, frame_idx=648
2025-11-07 16:18:37,867 - INFO - openpose - Gaze PUB: people=0, frame_idx=654
2025-11-07 16:18:38,436 - INFO - openpose - Gaze PUB: people=0, frame_idx=660
2025-11-07 16:18:38,494 - INFO - openpose - Right person: Arm EXTENDED (depth-plane)
2025-11-07 16:18:38,494 - INFO - openpose - ZMQ Message received (non-blocking): PR: Arm Extended Check
2025-11-07 16:18:38,494 - INFO - openpose - ZMQ Sending: Right: Arm Extended
2025-11-07 16:18:38,555 - INFO - openpose - Right person: Arm RETRACTED (depth-plane)
2025-11-07 16:18:38,556 - INFO - openpose - ZMQ Message received (non-blocking): PR: Arm Retracted Check
2025-11-07 16:18:38,556 - INFO - openpose - ZMQ Sending: Right: Arm Retracted
2025-11-07 16:18:38,621 - INFO - openpose - Robot's turn detected
2025-11-07 16:18:39,011 - INFO - openpose - Gaze PUB: people=0, frame_idx=666
2025-11-07 16:18:39,545 - INFO - openpose - Gaze PUB: people=0, frame_idx=672
2025-11-07 16:18:40,095 - INFO - openpose - Gaze PUB: people=0, frame_idx=678
2025-11-07 16:18:40,658 - INFO - openpose - Gaze PUB: people=0, frame_idx=684
2025-11-07 16:18:41,209 - INFO - openpose - Gaze PUB: people=0, frame_idx=690
2025-11-07 16:18:41,760 - INFO - openpose - Gaze PUB: people=0, frame_idx=696
2025-11-07 16:18:42,326 - INFO - openpose - Gaze PUB: people=0, frame_idx=702
2025-11-07 16:18:42,864 - INFO - openpose - Gaze PUB: people=0, frame_idx=708
2025-11-07 16:18:43,411 - INFO - openpose - Gaze PUB: people=0, frame_idx=714
2025-11-07 16:18:43,964 - INFO - openpose - Gaze PUB: people=0, frame_idx=720
2025-11-07 16:18:44,519 - INFO - openpose - Gaze PUB: people=0, frame_idx=726
2025-11-07 16:18:45,073 - INFO - openpose - Gaze PUB: people=0, frame_idx=732
2025-11-07 16:18:45,646 - INFO - openpose - Gaze PUB: people=0, frame_idx=738
2025-11-07 16:18:46,197 - INFO - openpose - Gaze PUB: people=0, frame_idx=744
2025-11-07 16:18:46,767 - INFO - openpose - Gaze PUB: people=0, frame_idx=750
2025-11-07 16:18:47,332 - INFO - openpose - Gaze PUB: people=0, frame_idx=756
2025-11-07 16:18:47,913 - INFO - openpose - Gaze PUB: people=0, frame_idx=762
2025-11-07 16:18:48,499 - INFO - openpose - Gaze PUB: people=0, frame_idx=768
2025-11-07 16:18:49,063 - INFO - openpose - Gaze PUB: people=0, frame_idx=774
2025-11-07 16:18:49,639 - INFO - openpose - Gaze PUB: people=0, frame_idx=780
2025-11-07 16:18:50,224 - INFO - openpose - Gaze PUB: people=0, frame_idx=786
2025-11-07 16:18:50,828 - INFO - openpose - Gaze PUB: people=0, frame_idx=792
2025-11-07 16:18:51,404 - INFO - openpose - Gaze PUB: people=0, frame_idx=798
2025-11-07 16:18:51,984 - INFO - openpose - Gaze PUB: people=0, frame_idx=804
2025-11-07 16:18:52,556 - INFO - openpose - Gaze PUB: people=0, frame_idx=810
2025-11-07 16:18:53,137 - INFO - openpose - Gaze PUB: people=0, frame_idx=816
2025-11-07 16:18:53,700 - INFO - openpose - Gaze PUB: people=0, frame_idx=822
2025-11-07 16:18:53,700 - INFO - openpose - ZMQ Message received (non-blocking): Configuration finished
2025-11-07 16:18:53,700 - INFO - openpose - Configuration finished. Waiting for next configuration
2025-11-07 16:18:53,700 - INFO - openpose - OpenPose initialized - waiting for turn_order
