2026-01-09 12:51:10,047 - INFO - openpose - OpenPose server started and bound to tcp://*:5555
2026-01-09 12:51:10,047 - INFO - openpose - OpenPose server started and bound to tcp://*:5556
2026-01-09 12:51:10,066 - INFO - openpose - Starting OpenPose
2026-01-09 12:51:10,826 - INFO - openpose - OpenPose initialized - waiting for turn_order
2026-01-09 12:52:35,799 - INFO - openpose - Message received: ybypbpbpy

2026-01-09 12:52:36,588 - INFO - openpose - Gaze3D frame=0 id=left label=Left person v=[-0.387, 0.135, 0.912] yaw=-23.0 pitch=-7.8 cx=301.2116241455078
2026-01-09 12:52:36,588 - INFO - openpose - Gaze3D frame=0 id=right label=Right person v=[-0.476, -0.030, 0.879] yaw=-28.4 pitch=1.7 cx=449.4396514892578
2026-01-09 12:52:36,588 - INFO - openpose - Gaze PUB: people=2, frame_idx=0
2026-01-09 12:52:36,588 - INFO - openpose - Robot's turn detected
2026-01-09 12:52:37,297 - INFO - openpose - Gaze3D frame=8 id=left label=Left person v=[-0.416, 0.165, 0.894] yaw=-24.9 pitch=-9.5 cx=300.68443298339844
2026-01-09 12:52:37,297 - INFO - openpose - Gaze3D frame=8 id=right label=Right person v=[-0.453, -0.001, 0.892] yaw=-26.9 pitch=0.1 cx=454.0370178222656
2026-01-09 12:52:37,297 - INFO - openpose - Gaze PUB: people=2, frame_idx=8
2026-01-09 12:52:38,008 - INFO - openpose - Gaze3D frame=16 id=left label=Left person v=[-0.389, 0.095, 0.917] yaw=-23.0 pitch=-5.4 cx=300.37571716308594
2026-01-09 12:52:38,009 - INFO - openpose - Gaze3D frame=16 id=right label=Right person v=[-0.394, 0.102, 0.914] yaw=-23.3 pitch=-5.8 cx=453.2508544921875
2026-01-09 12:52:38,009 - INFO - openpose - Gaze PUB: people=2, frame_idx=16
2026-01-09 12:52:38,679 - INFO - openpose - Gaze3D frame=24 id=left label=Left person v=[-0.357, 0.128, 0.925] yaw=-21.1 pitch=-7.3 cx=301.31678771972656
2026-01-09 12:52:38,679 - INFO - openpose - Gaze3D frame=24 id=right label=Right person v=[-0.450, 0.008, 0.893] yaw=-26.8 pitch=-0.5 cx=453.63185119628906
2026-01-09 12:52:38,679 - INFO - openpose - Gaze PUB: people=2, frame_idx=24
2026-01-09 12:52:39,329 - INFO - openpose - Gaze3D frame=32 id=left label=Left person v=[-0.422, 0.086, 0.903] yaw=-25.1 pitch=-4.9 cx=301.70758056640625
2026-01-09 12:52:39,329 - INFO - openpose - Gaze3D frame=32 id=right label=Right person v=[-0.463, -0.092, 0.882] yaw=-27.7 pitch=5.3 cx=452.62770080566406
2026-01-09 12:52:39,329 - INFO - openpose - Gaze PUB: people=2, frame_idx=32
2026-01-09 12:52:40,010 - INFO - openpose - Gaze3D frame=40 id=left label=Left person v=[-0.421, 0.041, 0.906] yaw=-24.9 pitch=-2.3 cx=300.42970275878906
2026-01-09 12:52:40,011 - INFO - openpose - Gaze3D frame=40 id=right label=Right person v=[-0.469, -0.056, 0.881] yaw=-28.0 pitch=3.2 cx=452.92726135253906
2026-01-09 12:52:40,011 - INFO - openpose - Gaze PUB: people=2, frame_idx=40
2026-01-09 12:52:40,196 - INFO - openpose - Left person: Arm EXTENDED (depth-plane)
2026-01-09 12:52:40,702 - INFO - openpose - Gaze3D frame=48 id=left label=Left person v=[-0.410, 0.094, 0.907] yaw=-24.3 pitch=-5.4 cx=300.9740905761719
2026-01-09 12:52:40,702 - INFO - openpose - Gaze3D frame=48 id=right label=Right person v=[-0.471, -0.108, 0.876] yaw=-28.3 pitch=6.2 cx=452.91650390625
2026-01-09 12:52:40,702 - INFO - openpose - Gaze PUB: people=2, frame_idx=48
2026-01-09 12:52:40,823 - INFO - openpose - Left person: Arm RETRACTED (depth-plane)
2026-01-09 12:52:40,886 - INFO - openpose - Robot's turn detected
2026-01-09 12:52:41,391 - INFO - openpose - Gaze3D frame=56 id=left label=Left person v=[-0.447, 0.089, 0.890] yaw=-26.6 pitch=-5.1 cx=301.81187438964844
2026-01-09 12:52:41,391 - INFO - openpose - Gaze3D frame=56 id=right label=Right person v=[-0.485, -0.200, 0.851] yaw=-29.7 pitch=11.6 cx=452.57994079589844
2026-01-09 12:52:41,391 - INFO - openpose - Gaze PUB: people=2, frame_idx=56
2026-01-09 12:52:42,074 - INFO - openpose - Gaze3D frame=64 id=left label=Left person v=[-0.423, 0.105, 0.900] yaw=-25.1 pitch=-6.0 cx=301.9815979003906
2026-01-09 12:52:42,075 - INFO - openpose - Gaze3D frame=64 id=right label=Right person v=[-0.470, -0.191, 0.862] yaw=-28.6 pitch=11.0 cx=450.306396484375
2026-01-09 12:52:42,075 - INFO - openpose - Gaze PUB: people=2, frame_idx=64
2026-01-09 12:52:42,750 - INFO - openpose - Gaze3D frame=72 id=left label=Left person v=[-0.383, 0.077, 0.920] yaw=-22.6 pitch=-4.4 cx=301.8036804199219
2026-01-09 12:52:42,750 - INFO - openpose - Gaze3D frame=72 id=right label=Right person v=[-0.509, -0.215, 0.834] yaw=-31.4 pitch=12.4 cx=450.0888671875
2026-01-09 12:52:42,750 - INFO - openpose - Gaze PUB: people=2, frame_idx=72
2026-01-09 12:52:43,433 - INFO - openpose - Gaze3D frame=80 id=left label=Left person v=[-0.410, 0.125, 0.903] yaw=-24.4 pitch=-7.2 cx=301.6391143798828
2026-01-09 12:52:43,433 - INFO - openpose - Gaze3D frame=80 id=right label=Right person v=[-0.565, -0.306, 0.766] yaw=-36.4 pitch=17.8 cx=449.8022766113281
2026-01-09 12:52:43,433 - INFO - openpose - Gaze PUB: people=2, frame_idx=80
2026-01-09 12:52:44,096 - INFO - openpose - Gaze3D frame=88 id=left label=Left person v=[-0.436, 0.194, 0.879] yaw=-26.4 pitch=-11.2 cx=301.31280517578125
2026-01-09 12:52:44,096 - INFO - openpose - Gaze3D frame=88 id=right label=Right person v=[-0.481, -0.252, 0.840] yaw=-29.8 pitch=14.6 cx=450.5437774658203
2026-01-09 12:52:44,096 - INFO - openpose - Gaze PUB: people=2, frame_idx=88
2026-01-09 12:52:44,796 - INFO - openpose - Gaze3D frame=96 id=left label=Left person v=[-0.426, 0.178, 0.887] yaw=-25.7 pitch=-10.2 cx=301.4754638671875
2026-01-09 12:52:44,796 - INFO - openpose - Gaze3D frame=96 id=right label=Right person v=[-0.507, -0.303, 0.807] yaw=-32.1 pitch=17.6 cx=450.7370300292969
2026-01-09 12:52:44,796 - INFO - openpose - Gaze PUB: people=2, frame_idx=96
2026-01-09 12:52:45,446 - INFO - openpose - Gaze3D frame=104 id=left label=Left person v=[-0.446, 0.159, 0.881] yaw=-26.8 pitch=-9.2 cx=301.17320251464844
2026-01-09 12:52:45,446 - INFO - openpose - Gaze3D frame=104 id=right label=Right person v=[-0.459, -0.198, 0.866] yaw=-27.9 pitch=11.4 cx=449.8948669433594
2026-01-09 12:52:45,446 - INFO - openpose - Gaze PUB: people=2, frame_idx=104
2026-01-09 12:52:46,104 - INFO - openpose - Gaze3D frame=112 id=left label=Left person v=[-0.287, 0.104, 0.952] yaw=-16.7 pitch=-5.9 cx=301.28321838378906
2026-01-09 12:52:46,104 - INFO - openpose - Gaze3D frame=112 id=right label=Right person v=[-0.526, -0.150, 0.837] yaw=-32.2 pitch=8.6 cx=449.80601501464844
2026-01-09 12:52:46,104 - INFO - openpose - Gaze PUB: people=2, frame_idx=112
2026-01-09 12:52:46,774 - INFO - openpose - Gaze3D frame=120 id=left label=Left person v=[-0.396, 0.141, 0.907] yaw=-23.6 pitch=-8.1 cx=300.78717041015625
2026-01-09 12:52:46,774 - INFO - openpose - Gaze3D frame=120 id=right label=Right person v=[-0.480, -0.071, 0.874] yaw=-28.8 pitch=4.1 cx=453.59442138671875
2026-01-09 12:52:46,774 - INFO - openpose - Gaze PUB: people=2, frame_idx=120
2026-01-09 12:52:47,500 - INFO - openpose - Gaze3D frame=128 id=left label=Left person v=[-0.413, 0.131, 0.901] yaw=-24.6 pitch=-7.5 cx=301.5128479003906
2026-01-09 12:52:47,500 - INFO - openpose - Gaze3D frame=128 id=right label=Right person v=[-0.513, -0.264, 0.817] yaw=-32.1 pitch=15.3 cx=449.79888916015625
2026-01-09 12:52:47,500 - INFO - openpose - Gaze PUB: people=2, frame_idx=128
2026-01-09 12:52:48,210 - INFO - openpose - Gaze3D frame=136 id=left label=Left person v=[-0.494, 0.068, 0.867] yaw=-29.7 pitch=-3.9 cx=300.9052734375
2026-01-09 12:52:48,210 - INFO - openpose - Gaze3D frame=136 id=right label=Right person v=[-0.329, -0.389, 0.861] yaw=-20.9 pitch=22.9 cx=450.0572814941406
2026-01-09 12:52:48,210 - INFO - openpose - Gaze PUB: people=2, frame_idx=136
2026-01-09 12:52:48,879 - INFO - openpose - Gaze3D frame=144 id=left label=Left person v=[-0.460, 0.076, 0.885] yaw=-27.4 pitch=-4.4 cx=300.7306365966797
2026-01-09 12:52:48,879 - INFO - openpose - Gaze3D frame=144 id=right label=Right person v=[-0.286, -0.393, 0.874] yaw=-18.1 pitch=23.1 cx=446.3153839111328
2026-01-09 12:52:48,879 - INFO - openpose - Gaze PUB: people=2, frame_idx=144
2026-01-09 12:52:49,546 - INFO - openpose - Gaze3D frame=152 id=left label=Left person v=[-0.482, 0.076, 0.873] yaw=-28.9 pitch=-4.4 cx=300.5498809814453
2026-01-09 12:52:49,546 - INFO - openpose - Gaze3D frame=152 id=right label=Right person v=[-0.293, -0.363, 0.884] yaw=-18.3 pitch=21.3 cx=447.0304870605469
2026-01-09 12:52:49,546 - INFO - openpose - Gaze PUB: people=2, frame_idx=152
2026-01-09 12:52:50,234 - INFO - openpose - Gaze3D frame=160 id=left label=Left person v=[-0.556, 0.200, 0.807] yaw=-34.6 pitch=-11.5 cx=300.5943603515625
2026-01-09 12:52:50,234 - INFO - openpose - Gaze3D frame=160 id=right label=Right person v=[-0.510, -0.174, 0.843] yaw=-31.2 pitch=10.0 cx=445.6449279785156
2026-01-09 12:52:50,234 - INFO - openpose - Gaze PUB: people=2, frame_idx=160
2026-01-09 12:52:50,905 - INFO - openpose - Gaze3D frame=168 id=left label=Left person v=[-0.721, 0.134, 0.680] yaw=-46.7 pitch=-7.7 cx=301.0576629638672
2026-01-09 12:52:50,905 - INFO - openpose - Gaze3D frame=168 id=right label=Right person v=[-0.537, -0.285, 0.794] yaw=-34.0 pitch=16.5 cx=437.3551025390625
2026-01-09 12:52:50,906 - INFO - openpose - Gaze PUB: people=2, frame_idx=168
2026-01-09 12:52:51,605 - INFO - openpose - Gaze3D frame=176 id=left label=Left person v=[-0.306, -0.166, 0.937] yaw=-18.1 pitch=9.6 cx=301.2467346191406
2026-01-09 12:52:51,605 - INFO - openpose - Gaze3D frame=176 id=right label=Right person v=[-0.559, -0.067, 0.827] yaw=-34.1 pitch=3.8 cx=443.23370361328125
2026-01-09 12:52:51,605 - INFO - openpose - Gaze PUB: people=2, frame_idx=176
2026-01-09 12:52:52,317 - INFO - openpose - Gaze3D frame=184 id=left label=Left person v=[-0.483, 0.083, 0.872] yaw=-29.0 pitch=-4.8 cx=302.9002685546875
2026-01-09 12:52:52,317 - INFO - openpose - Gaze3D frame=184 id=right label=Right person v=[-0.478, -0.041, 0.878] yaw=-28.6 pitch=2.3 cx=454.19850158691406
2026-01-09 12:52:52,318 - INFO - openpose - Gaze PUB: people=2, frame_idx=184
2026-01-09 12:52:53,008 - INFO - openpose - Gaze3D frame=192 id=left label=Left person v=[-0.453, 0.049, 0.890] yaw=-27.0 pitch=-2.8 cx=304.59063720703125
2026-01-09 12:52:53,008 - INFO - openpose - Gaze3D frame=192 id=right label=Right person v=[-0.477, -0.220, 0.851] yaw=-29.3 pitch=12.7 cx=452.0305480957031
2026-01-09 12:52:53,008 - INFO - openpose - Gaze PUB: people=2, frame_idx=192
2026-01-09 12:52:53,722 - INFO - openpose - Gaze3D frame=200 id=left label=Left person v=[-0.530, 0.136, 0.837] yaw=-32.4 pitch=-7.8 cx=304.5124816894531
2026-01-09 12:52:53,722 - INFO - openpose - Gaze3D frame=200 id=right label=Right person v=[-0.575, -0.144, 0.805] yaw=-35.5 pitch=8.3 cx=451.89019775390625
2026-01-09 12:52:53,723 - INFO - openpose - Gaze PUB: people=2, frame_idx=200
2026-01-09 12:52:54,389 - INFO - openpose - Gaze3D frame=208 id=left label=Left person v=[-0.551, 0.138, 0.823] yaw=-33.8 pitch=-7.9 cx=303.06065368652344
2026-01-09 12:52:54,389 - INFO - openpose - Gaze3D frame=208 id=right label=Right person v=[-0.586, -0.052, 0.809] yaw=-35.9 pitch=3.0 cx=452.88421630859375
2026-01-09 12:52:54,389 - INFO - openpose - Gaze PUB: people=2, frame_idx=208
2026-01-09 12:52:55,088 - INFO - openpose - Gaze3D frame=216 id=left label=Left person v=[-0.517, 0.137, 0.845] yaw=-31.4 pitch=-7.9 cx=303.9952087402344
2026-01-09 12:52:55,088 - INFO - openpose - Gaze3D frame=216 id=right label=Right person v=[-0.632, -0.093, 0.769] yaw=-39.4 pitch=5.3 cx=453.0682373046875
2026-01-09 12:52:55,088 - INFO - openpose - Gaze PUB: people=2, frame_idx=216
2026-01-09 12:52:55,762 - INFO - openpose - Gaze3D frame=224 id=left label=Left person v=[-0.502, 0.147, 0.852] yaw=-30.5 pitch=-8.5 cx=304.11317443847656
2026-01-09 12:52:55,762 - INFO - openpose - Gaze3D frame=224 id=right label=Right person v=[-0.645, -0.268, 0.715] yaw=-42.0 pitch=15.6 cx=452.9269256591797
2026-01-09 12:52:55,762 - INFO - openpose - Gaze PUB: people=2, frame_idx=224
2026-01-09 12:52:56,432 - INFO - openpose - Gaze3D frame=232 id=left label=Left person v=[-0.483, 0.172, 0.858] yaw=-29.4 pitch=-9.9 cx=303.3556365966797
2026-01-09 12:52:56,432 - INFO - openpose - Gaze3D frame=232 id=right label=Right person v=[-0.673, -0.329, 0.663] yaw=-45.4 pitch=19.2 cx=452.5697326660156
2026-01-09 12:52:56,432 - INFO - openpose - Gaze PUB: people=2, frame_idx=232
2026-01-09 12:52:56,694 - INFO - openpose - ZMQ Message received (non-blocking): PL: Arm Extended Check
2026-01-09 12:52:56,694 - INFO - openpose - ZMQ Sending: Left: Arm Extended
2026-01-09 12:52:56,756 - INFO - openpose - ZMQ Message received (non-blocking): PL: Arm Retracted Check
2026-01-09 12:52:56,756 - INFO - openpose - ZMQ Sending: Left: Arm Retracted
2026-01-09 12:52:57,146 - INFO - openpose - Gaze3D frame=240 id=left label=Left person v=[-0.483, 0.119, 0.868] yaw=-29.1 pitch=-6.8 cx=302.7640075683594
2026-01-09 12:52:57,146 - INFO - openpose - Gaze3D frame=240 id=right label=Right person v=[-0.580, -0.226, 0.783] yaw=-36.5 pitch=13.1 cx=452.33702087402344
2026-01-09 12:52:57,146 - INFO - openpose - Gaze PUB: people=2, frame_idx=240
2026-01-09 12:52:57,829 - INFO - openpose - Gaze3D frame=248 id=left label=Left person v=[-0.480, 0.197, 0.855] yaw=-29.3 pitch=-11.4 cx=302.73741149902344
2026-01-09 12:52:57,830 - INFO - openpose - Gaze3D frame=248 id=right label=Right person v=[-0.510, -0.105, 0.854] yaw=-30.9 pitch=6.0 cx=452.3025817871094
2026-01-09 12:52:57,830 - INFO - openpose - Gaze PUB: people=2, frame_idx=248
2026-01-09 12:52:58,525 - INFO - openpose - Gaze3D frame=256 id=left label=Left person v=[-0.455, 0.137, 0.880] yaw=-27.4 pitch=-7.9 cx=302.6285400390625
2026-01-09 12:52:58,525 - INFO - openpose - Gaze3D frame=256 id=right label=Right person v=[-0.499, -0.149, 0.854] yaw=-30.3 pitch=8.6 cx=451.4759521484375
2026-01-09 12:52:58,525 - INFO - openpose - Gaze PUB: people=2, frame_idx=256
2026-01-09 12:52:59,234 - INFO - openpose - Gaze3D frame=264 id=left label=Left person v=[-0.266, -0.102, 0.958] yaw=-15.5 pitch=5.8 cx=302.8455047607422
2026-01-09 12:52:59,234 - INFO - openpose - Gaze3D frame=264 id=right label=Right person v=[-0.477, -0.226, 0.849] yaw=-29.3 pitch=13.1 cx=451.24790954589844
2026-01-09 12:52:59,234 - INFO - openpose - Gaze PUB: people=2, frame_idx=264
2026-01-09 12:52:59,912 - INFO - openpose - Gaze3D frame=272 id=left label=Left person v=[-0.437, -0.059, 0.898] yaw=-26.0 pitch=3.4 cx=303.0147399902344
2026-01-09 12:52:59,912 - INFO - openpose - Gaze3D frame=272 id=right label=Right person v=[-0.352, -0.377, 0.857] yaw=-22.4 pitch=22.1 cx=450.0881042480469
2026-01-09 12:52:59,912 - INFO - openpose - Gaze PUB: people=2, frame_idx=272
2026-01-09 12:53:00,588 - INFO - openpose - Gaze3D frame=280 id=left label=Left person v=[-0.470, 0.042, 0.882] yaw=-28.1 pitch=-2.4 cx=303.0755310058594
2026-01-09 12:53:00,588 - INFO - openpose - Gaze3D frame=280 id=right label=Right person v=[-0.467, -0.276, 0.840] yaw=-29.1 pitch=16.0 cx=449.62013244628906
2026-01-09 12:53:00,588 - INFO - openpose - Gaze PUB: people=2, frame_idx=280
2026-01-09 12:53:01,246 - INFO - openpose - Gaze3D frame=288 id=left label=Left person v=[-0.450, -0.034, 0.892] yaw=-26.8 pitch=2.0 cx=302.5682067871094
2026-01-09 12:53:01,246 - INFO - openpose - Gaze3D frame=288 id=right label=Right person v=[-0.436, -0.237, 0.868] yaw=-26.7 pitch=13.7 cx=449.6849365234375
2026-01-09 12:53:01,246 - INFO - openpose - Gaze PUB: people=2, frame_idx=288
2026-01-09 12:53:01,961 - INFO - openpose - Gaze3D frame=296 id=left label=Left person v=[-0.455, -0.002, 0.890] yaw=-27.1 pitch=0.1 cx=301.90855407714844
2026-01-09 12:53:01,961 - INFO - openpose - Gaze3D frame=296 id=right label=Right person v=[-0.329, -0.497, 0.803] yaw=-22.3 pitch=29.8 cx=447.7987060546875
2026-01-09 12:53:01,961 - INFO - openpose - Gaze PUB: people=2, frame_idx=296
2026-01-09 12:53:02,643 - INFO - openpose - Gaze3D frame=304 id=left label=Left person v=[-0.464, -0.017, 0.886] yaw=-27.6 pitch=1.0 cx=301.88038635253906
2026-01-09 12:53:02,643 - INFO - openpose - Gaze3D frame=304 id=right label=Right person v=[-0.336, -0.372, 0.865] yaw=-21.2 pitch=21.9 cx=448.07293701171875
2026-01-09 12:53:02,643 - INFO - openpose - Gaze PUB: people=2, frame_idx=304
2026-01-09 12:53:03,337 - INFO - openpose - Gaze3D frame=312 id=left label=Left person v=[-0.682, -0.011, 0.732] yaw=-43.0 pitch=0.6 cx=307.3392791748047
2026-01-09 12:53:03,337 - INFO - openpose - Gaze3D frame=312 id=right label=Right person v=[-0.496, -0.572, 0.653] yaw=-37.2 pitch=34.9 cx=444.65277099609375
2026-01-09 12:53:03,337 - INFO - openpose - Gaze PUB: people=2, frame_idx=312
2026-01-09 12:53:03,989 - INFO - openpose - Gaze3D frame=320 id=left label=Left person v=[-0.376, -0.471, 0.798] yaw=-25.2 pitch=28.1 cx=345.81016540527344
2026-01-09 12:53:03,989 - INFO - openpose - Gaze3D frame=320 id=right label=Right person v=[-0.417, -0.313, 0.854] yaw=-26.0 pitch=18.2 cx=448.31016540527344
2026-01-09 12:53:03,989 - INFO - openpose - Gaze PUB: people=2, frame_idx=320
2026-01-09 12:53:04,620 - INFO - openpose - Gaze3D frame=328 id=left label=Left person v=[-0.516, 0.112, 0.849] yaw=-31.3 pitch=-6.4 cx=366.08103942871094
2026-01-09 12:53:04,620 - INFO - openpose - Gaze3D frame=328 id=right label=Right person v=[-0.628, -0.173, 0.759] yaw=-39.6 pitch=9.9 cx=452.0170135498047
2026-01-09 12:53:04,620 - INFO - openpose - Gaze PUB: people=2, frame_idx=328
2026-01-09 12:53:05,308 - INFO - openpose - Gaze3D frame=336 id=left label=Left person v=[-0.358, -0.651, 0.669] yaw=-28.1 pitch=40.6 cx=345.61163330078125
2026-01-09 12:53:05,308 - INFO - openpose - Gaze3D frame=336 id=right label=Right person v=[-0.335, -0.325, 0.884] yaw=-20.8 pitch=19.0 cx=451.4362487792969
2026-01-09 12:53:05,308 - INFO - openpose - Gaze PUB: people=2, frame_idx=336
2026-01-09 12:53:05,984 - INFO - openpose - Gaze3D frame=344 id=left label=Left person v=[-0.608, -0.127, 0.784] yaw=-37.8 pitch=7.3 cx=322.86932373046875
2026-01-09 12:53:05,984 - INFO - openpose - Gaze3D frame=344 id=right label=Right person v=[-0.365, -0.260, 0.894] yaw=-22.2 pitch=15.1 cx=449.07147216796875
2026-01-09 12:53:05,984 - INFO - openpose - Gaze PUB: people=2, frame_idx=344
2026-01-09 12:53:06,639 - INFO - openpose - Gaze3D frame=352 id=left label=Left person v=[-0.326, -0.176, 0.929] yaw=-19.3 pitch=10.1 cx=295.6655578613281
2026-01-09 12:53:06,639 - INFO - openpose - Gaze3D frame=352 id=right label=Right person v=[-0.305, -0.369, 0.878] yaw=-19.2 pitch=21.6 cx=448.8500213623047
2026-01-09 12:53:06,639 - INFO - openpose - Gaze PUB: people=2, frame_idx=352
2026-01-09 12:53:07,328 - INFO - openpose - Gaze3D frame=360 id=left label=Left person v=[-0.387, 0.045, 0.921] yaw=-22.8 pitch=-2.6 cx=306.6466369628906
2026-01-09 12:53:07,328 - INFO - openpose - Gaze3D frame=360 id=right label=Right person v=[-0.488, -0.504, 0.713] yaw=-34.4 pitch=30.3 cx=448.3501281738281
2026-01-09 12:53:07,328 - INFO - openpose - Gaze PUB: people=2, frame_idx=360
2026-01-09 12:53:08,040 - INFO - openpose - Gaze3D frame=368 id=left label=Left person v=[-0.451, 0.114, 0.885] yaw=-27.0 pitch=-6.6 cx=315.53399658203125
2026-01-09 12:53:08,041 - INFO - openpose - Gaze3D frame=368 id=right label=Right person v=[-0.646, -0.206, 0.735] yaw=-41.3 pitch=11.9 cx=447.4084930419922
2026-01-09 12:53:08,041 - INFO - openpose - Gaze PUB: people=2, frame_idx=368
2026-01-09 12:53:08,751 - INFO - openpose - Gaze3D frame=376 id=left label=Left person v=[-0.542, 0.114, 0.833] yaw=-33.1 pitch=-6.5 cx=314.5619201660156
2026-01-09 12:53:08,751 - INFO - openpose - Gaze3D frame=376 id=right label=Right person v=[-0.486, -0.433, 0.759] yaw=-32.6 pitch=25.7 cx=447.57005310058594
2026-01-09 12:53:08,751 - INFO - openpose - Gaze PUB: people=2, frame_idx=376
2026-01-09 12:53:09,447 - INFO - openpose - Gaze3D frame=384 id=left label=Left person v=[-0.128, -0.372, 0.919] yaw=-8.0 pitch=21.8 cx=315.4976348876953
2026-01-09 12:53:09,447 - INFO - openpose - Gaze3D frame=384 id=right label=Right person v=[-0.155, -0.714, 0.683] yaw=-12.8 pitch=45.5 cx=449.4852752685547
2026-01-09 12:53:09,447 - INFO - openpose - Gaze PUB: people=2, frame_idx=384
2026-01-09 12:53:10,144 - INFO - openpose - Gaze3D frame=392 id=left label=Left person v=[-0.544, -0.449, 0.709] yaw=-37.5 pitch=26.7 cx=310.9973907470703
2026-01-09 12:53:10,145 - INFO - openpose - Gaze3D frame=392 id=right label=Right person v=[-0.440, -0.252, 0.862] yaw=-27.1 pitch=14.6 cx=451.55601501464844
2026-01-09 12:53:10,145 - INFO - openpose - Gaze PUB: people=2, frame_idx=392
2026-01-09 12:53:10,810 - INFO - openpose - Gaze3D frame=400 id=left label=Left person v=[-0.543, 0.049, 0.838] yaw=-32.9 pitch=-2.8 cx=314.06251525878906
2026-01-09 12:53:10,810 - INFO - openpose - Gaze3D frame=400 id=right label=Right person v=[-0.469, -0.205, 0.859] yaw=-28.6 pitch=11.8 cx=452.4029846191406
2026-01-09 12:53:10,810 - INFO - openpose - Gaze PUB: people=2, frame_idx=400
2026-01-09 12:53:11,521 - INFO - openpose - Gaze3D frame=408 id=left label=Left person v=[-0.560, 0.013, 0.828] yaw=-34.0 pitch=-0.8 cx=313.2154998779297
2026-01-09 12:53:11,521 - INFO - openpose - Gaze3D frame=408 id=right label=Right person v=[-0.516, -0.230, 0.825] yaw=-32.0 pitch=13.3 cx=452.66973876953125
2026-01-09 12:53:11,521 - INFO - openpose - Gaze PUB: people=2, frame_idx=408
2026-01-09 12:53:12,202 - INFO - openpose - Gaze3D frame=416 id=left label=Left person v=[-0.587, 0.071, 0.806] yaw=-36.1 pitch=-4.1 cx=313.32676696777344
2026-01-09 12:53:12,202 - INFO - openpose - Gaze3D frame=416 id=right label=Right person v=[-0.590, -0.099, 0.801] yaw=-36.4 pitch=5.7 cx=453.11363220214844
2026-01-09 12:53:12,202 - INFO - openpose - Gaze PUB: people=2, frame_idx=416
2026-01-09 12:53:12,906 - INFO - openpose - Gaze3D frame=424 id=left label=Left person v=[-0.281, -0.169, 0.945] yaw=-16.6 pitch=9.8 cx=313.1084442138672
2026-01-09 12:53:12,906 - INFO - openpose - Gaze3D frame=424 id=right label=Right person v=[-0.589, -0.199, 0.783] yaw=-37.0 pitch=11.5 cx=452.89691162109375
2026-01-09 12:53:12,906 - INFO - openpose - Gaze PUB: people=2, frame_idx=424
2026-01-09 12:53:13,542 - INFO - openpose - Gaze3D frame=432 id=left label=Left person v=[-0.613, -0.029, 0.789] yaw=-37.8 pitch=1.7 cx=313.15289306640625
2026-01-09 12:53:13,542 - INFO - openpose - Gaze3D frame=432 id=right label=Right person v=[-0.491, -0.077, 0.868] yaw=-29.5 pitch=4.4 cx=452.81597900390625
2026-01-09 12:53:13,542 - INFO - openpose - Gaze PUB: people=2, frame_idx=432
2026-01-09 12:53:14,189 - INFO - openpose - Gaze3D frame=440 id=left label=Left person v=[-0.753, 0.223, 0.619] yaw=-50.6 pitch=-12.9 cx=318.1142883300781
2026-01-09 12:53:14,189 - INFO - openpose - Gaze3D frame=440 id=right label=Right person v=[-0.469, -0.170, 0.867] yaw=-28.4 pitch=9.8 cx=452.4153747558594
2026-01-09 12:53:14,189 - INFO - openpose - Gaze PUB: people=2, frame_idx=440
2026-01-09 12:53:14,890 - INFO - openpose - Gaze3D frame=448 id=left label=Left person v=[-0.699, -0.074, 0.711] yaw=-44.5 pitch=4.3 cx=321.8950653076172
2026-01-09 12:53:14,890 - INFO - openpose - Gaze3D frame=448 id=right label=Right person v=[-0.479, -0.149, 0.865] yaw=-29.0 pitch=8.6 cx=452.24066162109375
2026-01-09 12:53:14,890 - INFO - openpose - Gaze PUB: people=2, frame_idx=448
2026-01-09 12:53:15,585 - INFO - openpose - Gaze3D frame=456 id=left label=Left person v=[-0.621, 0.098, 0.777] yaw=-38.6 pitch=-5.6 cx=318.05482482910156
2026-01-09 12:53:15,585 - INFO - openpose - Gaze3D frame=456 id=right label=Right person v=[-0.461, -0.140, 0.876] yaw=-27.8 pitch=8.1 cx=452.8848876953125
2026-01-09 12:53:15,593 - INFO - openpose - Gaze PUB: people=2, frame_idx=456
2026-01-09 12:53:16,305 - INFO - openpose - Gaze3D frame=464 id=left label=Left person v=[-0.564, -0.074, 0.822] yaw=-34.5 pitch=4.2 cx=315.52777099609375
2026-01-09 12:53:16,305 - INFO - openpose - Gaze3D frame=464 id=right label=Right person v=[-0.459, -0.088, 0.884] yaw=-27.4 pitch=5.1 cx=451.87974548339844
2026-01-09 12:53:16,305 - INFO - openpose - Gaze PUB: people=2, frame_idx=464
2026-01-09 12:53:17,010 - INFO - openpose - Gaze3D frame=472 id=left label=Left person v=[-0.465, 0.078, 0.882] yaw=-27.8 pitch=-4.5 cx=315.7319641113281
2026-01-09 12:53:17,010 - INFO - openpose - Gaze3D frame=472 id=right label=Right person v=[-0.214, -0.296, 0.931] yaw=-13.0 pitch=17.2 cx=451.96812438964844
2026-01-09 12:53:17,010 - INFO - openpose - Gaze PUB: people=2, frame_idx=472
2026-01-09 12:53:17,723 - INFO - openpose - Gaze3D frame=480 id=left label=Left person v=[-0.388, 0.134, 0.912] yaw=-23.1 pitch=-7.7 cx=317.1064147949219
2026-01-09 12:53:17,724 - INFO - openpose - Gaze3D frame=480 id=right label=Right person v=[-0.466, -0.162, 0.870] yaw=-28.2 pitch=9.3 cx=462.649169921875
2026-01-09 12:53:17,724 - INFO - openpose - Gaze PUB: people=2, frame_idx=480
2026-01-09 12:53:18,049 - INFO - openpose - Right person: Arm EXTENDED (depth-plane)
2026-01-09 12:53:18,050 - INFO - openpose - ZMQ Message received (non-blocking): PR: Arm Extended Check
2026-01-09 12:53:18,050 - INFO - openpose - ZMQ Sending: Right: Arm Extended
2026-01-09 12:53:18,130 - INFO - openpose - Right person: Arm RETRACTED (depth-plane)
2026-01-09 12:53:18,131 - INFO - openpose - ZMQ Message received (non-blocking): PR: Arm Retracted Check
2026-01-09 12:53:18,131 - INFO - openpose - ZMQ Sending: Right: Arm Retracted
2026-01-09 12:53:18,453 - INFO - openpose - Gaze3D frame=488 id=left label=Left person v=[-0.405, 0.123, 0.906] yaw=-24.1 pitch=-7.0 cx=316.53114318847656
2026-01-09 12:53:18,453 - INFO - openpose - Gaze3D frame=488 id=right label=Right person v=[-0.411, -0.612, 0.676] yaw=-31.3 pitch=37.7 cx=473.1127166748047
2026-01-09 12:53:18,453 - INFO - openpose - Gaze PUB: people=2, frame_idx=488
2026-01-09 12:53:19,177 - INFO - openpose - Gaze3D frame=496 id=left label=Left person v=[-0.591, 0.169, 0.789] yaw=-36.8 pitch=-9.7 cx=314.9522399902344
2026-01-09 12:53:19,177 - INFO - openpose - Gaze3D frame=496 id=right label=Right person v=[-0.572, -0.186, 0.799] yaw=-35.6 pitch=10.7 cx=478.83416748046875
2026-01-09 12:53:19,177 - INFO - openpose - Gaze PUB: people=2, frame_idx=496
2026-01-09 12:53:19,872 - INFO - openpose - Gaze3D frame=504 id=left label=Left person v=[-0.460, 0.177, 0.870] yaw=-27.9 pitch=-10.2 cx=315.1678924560547
2026-01-09 12:53:19,872 - INFO - openpose - Gaze3D frame=504 id=right label=Right person v=[-0.470, -0.309, 0.827] yaw=-29.6 pitch=18.0 cx=494.5552062988281
2026-01-09 12:53:19,872 - INFO - openpose - Gaze PUB: people=2, frame_idx=504
2026-01-09 12:53:20,562 - INFO - openpose - Gaze3D frame=512 id=left label=Left person v=[-0.330, -0.144, 0.933] yaw=-19.5 pitch=8.3 cx=313.4238586425781
2026-01-09 12:53:20,562 - INFO - openpose - Gaze3D frame=512 id=right label=Right person v=[-0.371, -0.285, 0.884] yaw=-22.8 pitch=16.6 cx=469.00164794921875
2026-01-09 12:53:20,562 - INFO - openpose - Gaze PUB: people=2, frame_idx=512
2026-01-09 12:53:21,231 - INFO - openpose - Gaze3D frame=520 id=left label=Left person v=[-0.652, -0.106, 0.751] yaw=-41.0 pitch=6.1 cx=309.0713806152344
2026-01-09 12:53:21,231 - INFO - openpose - Gaze3D frame=520 id=right label=Right person v=[-0.429, -0.015, 0.903] yaw=-25.4 pitch=0.9 cx=456.4472961425781
2026-01-09 12:53:21,231 - INFO - openpose - Gaze PUB: people=2, frame_idx=520
2026-01-09 12:53:21,926 - INFO - openpose - Gaze3D frame=528 id=left label=Left person v=[-0.612, 0.073, 0.788] yaw=-37.8 pitch=-4.2 cx=306.3581848144531
2026-01-09 12:53:21,926 - INFO - openpose - Gaze3D frame=528 id=right label=Right person v=[-0.549, -0.276, 0.789] yaw=-34.9 pitch=16.0 cx=455.38453674316406
2026-01-09 12:53:21,926 - INFO - openpose - Gaze PUB: people=2, frame_idx=528
2026-01-09 12:53:22,600 - INFO - openpose - Gaze3D frame=536 id=left label=Left person v=[-0.416, 0.137, 0.899] yaw=-24.9 pitch=-7.9 cx=309.9239501953125
2026-01-09 12:53:22,600 - INFO - openpose - Gaze3D frame=536 id=right label=Right person v=[-0.263, -0.359, 0.895] yaw=-16.4 pitch=21.1 cx=455.17144775390625
2026-01-09 12:53:22,600 - INFO - openpose - Gaze PUB: people=2, frame_idx=536
2026-01-09 12:53:23,293 - INFO - openpose - Gaze3D frame=544 id=left label=Left person v=[-0.370, 0.115, 0.922] yaw=-21.8 pitch=-6.6 cx=311.1004180908203
2026-01-09 12:53:23,293 - INFO - openpose - Gaze3D frame=544 id=right label=Right person v=[-0.352, -0.233, 0.906] yaw=-21.2 pitch=13.5 cx=458.3990020751953
2026-01-09 12:53:23,293 - INFO - openpose - Gaze PUB: people=2, frame_idx=544
2026-01-09 12:53:23,985 - INFO - openpose - Gaze3D frame=552 id=left label=Left person v=[-0.424, 0.048, 0.904] yaw=-25.1 pitch=-2.8 cx=311.5035400390625
2026-01-09 12:53:23,986 - INFO - openpose - Gaze3D frame=552 id=right label=Right person v=[-0.410, -0.141, 0.901] yaw=-24.5 pitch=8.1 cx=458.8039093017578
2026-01-09 12:53:23,986 - INFO - openpose - Gaze PUB: people=2, frame_idx=552
2026-01-09 12:53:24,680 - INFO - openpose - Gaze3D frame=560 id=left label=Left person v=[-0.651, 0.023, 0.759] yaw=-40.6 pitch=-1.3 cx=320.0041198730469
2026-01-09 12:53:24,680 - INFO - openpose - Gaze3D frame=560 id=right label=Right person v=[-0.398, -0.111, 0.911] yaw=-23.6 pitch=6.3 cx=457.6820373535156
2026-01-09 12:53:24,680 - INFO - openpose - Gaze PUB: people=2, frame_idx=560
2026-01-09 12:53:25,367 - INFO - openpose - Gaze3D frame=568 id=left label=Left person v=[-0.333, -0.303, 0.893] yaw=-20.5 pitch=17.6 cx=336.40675354003906
2026-01-09 12:53:25,367 - INFO - openpose - Gaze3D frame=568 id=right label=Right person v=[-0.516, -0.026, 0.856] yaw=-31.1 pitch=1.5 cx=457.63780212402344
2026-01-09 12:53:25,367 - INFO - openpose - Gaze PUB: people=2, frame_idx=568
2026-01-09 12:53:26,021 - INFO - openpose - Gaze3D frame=576 id=left label=Left person v=[-0.623, 0.282, 0.729] yaw=-40.5 pitch=-16.4 cx=327.67120361328125
2026-01-09 12:53:26,021 - INFO - openpose - Gaze3D frame=576 id=right label=Right person v=[-0.525, -0.124, 0.842] yaw=-31.9 pitch=7.1 cx=457.0472717285156
2026-01-09 12:53:26,021 - INFO - openpose - Gaze PUB: people=2, frame_idx=576
2026-01-09 12:53:26,142 - INFO - openpose - Left person: Arm EXTENDED (depth-plane)
2026-01-09 12:53:26,142 - INFO - openpose - ZMQ Message received (non-blocking): PL: Arm Extended Check
2026-01-09 12:53:26,142 - INFO - openpose - ZMQ Sending: Left: Arm Extended
2026-01-09 12:53:26,713 - INFO - openpose - Gaze3D frame=584 id=left label=Left person v=[-0.752, 0.129, 0.647] yaw=-49.3 pitch=-7.4 cx=320.70143127441406
2026-01-09 12:53:26,713 - INFO - openpose - Gaze3D frame=584 id=right label=Right person v=[-0.434, -0.045, 0.900] yaw=-25.7 pitch=2.6 cx=460.3898468017578
2026-01-09 12:53:26,713 - INFO - openpose - Gaze PUB: people=2, frame_idx=584
2026-01-09 12:53:27,361 - INFO - openpose - Gaze3D frame=592 id=left label=Left person v=[-0.547, 0.462, 0.698] yaw=-38.1 pitch=-27.5 cx=342.62046813964844
2026-01-09 12:53:27,361 - INFO - openpose - Gaze3D frame=592 id=right label=Right person v=[-0.431, -0.071, 0.899] yaw=-25.6 pitch=4.1 cx=462.1295471191406
2026-01-09 12:53:27,361 - INFO - openpose - Gaze PUB: people=2, frame_idx=592
2026-01-09 12:53:28,003 - INFO - openpose - Gaze3D frame=600 id=left label=Left person v=[-0.511, 0.620, 0.596] yaw=-40.6 pitch=-38.3 cx=341.37799072265625
2026-01-09 12:53:28,003 - INFO - openpose - Gaze3D frame=600 id=right label=Right person v=[-0.116, 0.743, 0.659] yaw=-9.9 pitch=-48.0 cx=468.3628387451172
2026-01-09 12:53:28,003 - INFO - openpose - Gaze PUB: people=2, frame_idx=600
2026-01-09 12:53:28,698 - INFO - openpose - Gaze3D frame=608 id=left label=Left person v=[-0.425, 0.207, 0.881] yaw=-25.8 pitch=-11.9 cx=329.70603942871094
2026-01-09 12:53:28,698 - INFO - openpose - Gaze3D frame=608 id=right label=Right person v=[-0.445, -0.159, 0.881] yaw=-26.8 pitch=9.2 cx=455.2997741699219
2026-01-09 12:53:28,698 - INFO - openpose - Gaze PUB: people=2, frame_idx=608
2026-01-09 12:53:28,699 - INFO - openpose - Left person: Arm RETRACTED (depth-plane)
2026-01-09 12:53:28,699 - INFO - openpose - ZMQ Message received (non-blocking): PL: Arm Retracted Check
2026-01-09 12:53:28,699 - INFO - openpose - ZMQ Sending: Left: Arm Retracted
2026-01-09 12:53:29,406 - INFO - openpose - Gaze3D frame=616 id=left label=Left person v=[-0.352, 0.083, 0.932] yaw=-20.7 pitch=-4.7 cx=334.4768371582031
2026-01-09 12:53:29,406 - INFO - openpose - Gaze3D frame=616 id=right label=Right person v=[-0.306, -0.338, 0.890] yaw=-19.0 pitch=19.8 cx=454.17991638183594
2026-01-09 12:53:29,406 - INFO - openpose - Gaze PUB: people=2, frame_idx=616
2026-01-09 12:53:30,072 - INFO - openpose - Gaze3D frame=624 id=left label=Left person v=[-0.349, 0.095, 0.933] yaw=-20.5 pitch=-5.4 cx=319.77996826171875
2026-01-09 12:53:30,072 - INFO - openpose - Gaze3D frame=624 id=right label=Right person v=[-0.277, -0.353, 0.894] yaw=-17.2 pitch=20.7 cx=454.364501953125
2026-01-09 12:53:30,080 - INFO - openpose - Gaze PUB: people=2, frame_idx=624
2026-01-09 12:53:30,765 - INFO - openpose - Gaze3D frame=632 id=left label=Left person v=[-0.341, 0.083, 0.936] yaw=-20.0 pitch=-4.8 cx=316.26377868652344
2026-01-09 12:53:30,765 - INFO - openpose - Gaze3D frame=632 id=right label=Right person v=[-0.483, -0.140, 0.864] yaw=-29.2 pitch=8.0 cx=455.2664794921875
2026-01-09 12:53:30,765 - INFO - openpose - Gaze PUB: people=2, frame_idx=632
2026-01-09 12:53:31,455 - INFO - openpose - Gaze3D frame=640 id=left label=Left person v=[-0.346, -0.084, 0.934] yaw=-20.3 pitch=4.8 cx=312.82435607910156
2026-01-09 12:53:31,455 - INFO - openpose - Gaze3D frame=640 id=right label=Right person v=[-0.424, -0.336, 0.841] yaw=-26.8 pitch=19.6 cx=465.80714416503906
2026-01-09 12:53:31,455 - INFO - openpose - Gaze PUB: people=2, frame_idx=640
2026-01-09 12:53:32,151 - INFO - openpose - Gaze3D frame=648 id=left label=Left person v=[-0.500, 0.149, 0.853] yaw=-30.4 pitch=-8.6 cx=311.0091094970703
2026-01-09 12:53:32,151 - INFO - openpose - Gaze3D frame=648 id=right label=Right person v=[-0.601, -0.065, 0.796] yaw=-37.1 pitch=3.7 cx=475.580078125
2026-01-09 12:53:32,152 - INFO - openpose - Gaze PUB: people=2, frame_idx=648
2026-01-09 12:53:32,851 - INFO - openpose - Gaze3D frame=656 id=left label=Left person v=[-0.209, -0.129, 0.969] yaw=-12.2 pitch=7.4 cx=312.64068603515625
2026-01-09 12:53:32,851 - INFO - openpose - Gaze3D frame=656 id=right label=Right person v=[-0.600, -0.311, 0.737] yaw=-39.2 pitch=18.1 cx=476.9923553466797
2026-01-09 12:53:32,851 - INFO - openpose - Gaze PUB: people=2, frame_idx=656
2026-01-09 12:53:33,553 - INFO - openpose - Gaze3D frame=664 id=left label=Left person v=[-0.469, 0.068, 0.880] yaw=-28.1 pitch=-3.9 cx=314.0940704345703
2026-01-09 12:53:33,553 - INFO - openpose - Gaze3D frame=664 id=right label=Right person v=[-0.177, -0.590, 0.788] yaw=-12.7 pitch=36.1 cx=473.3175964355469
2026-01-09 12:53:33,553 - INFO - openpose - Gaze PUB: people=2, frame_idx=664
2026-01-09 12:53:34,237 - INFO - openpose - Gaze3D frame=672 id=left label=Left person v=[-0.460, 0.135, 0.878] yaw=-27.6 pitch=-7.8 cx=324.79771423339844
2026-01-09 12:53:34,237 - INFO - openpose - Gaze3D frame=672 id=right label=Right person v=[-0.344, -0.118, 0.932] yaw=-20.3 pitch=6.8 cx=455.89276123046875
2026-01-09 12:53:34,237 - INFO - openpose - Gaze PUB: people=2, frame_idx=672
2026-01-09 12:53:34,897 - INFO - openpose - Gaze3D frame=680 id=left label=Left person v=[-0.511, 0.252, 0.821] yaw=-31.9 pitch=-14.6 cx=331.3067626953125
2026-01-09 12:53:34,897 - INFO - openpose - Gaze3D frame=680 id=right label=Right person v=[-0.387, -0.049, 0.921] yaw=-22.8 pitch=2.8 cx=457.4610595703125
2026-01-09 12:53:34,897 - INFO - openpose - Gaze PUB: people=2, frame_idx=680
2026-01-09 12:53:35,561 - INFO - openpose - Gaze3D frame=688 id=left label=Left person v=[-0.373, 0.082, 0.924] yaw=-22.0 pitch=-4.7 cx=309.1641387939453
2026-01-09 12:53:35,561 - INFO - openpose - Gaze3D frame=688 id=right label=Right person v=[-0.351, -0.061, 0.934] yaw=-20.6 pitch=3.5 cx=453.24256896972656
2026-01-09 12:53:35,569 - INFO - openpose - Gaze PUB: people=2, frame_idx=688
2026-01-09 12:53:36,270 - INFO - openpose - Gaze3D frame=696 id=left label=Left person v=[-0.389, -0.045, 0.920] yaw=-22.9 pitch=2.6 cx=296.5255432128906
2026-01-09 12:53:36,271 - INFO - openpose - Gaze3D frame=696 id=right label=Right person v=[-0.290, -0.278, 0.916] yaw=-17.6 pitch=16.1 cx=453.52294921875
2026-01-09 12:53:36,271 - INFO - openpose - Gaze PUB: people=2, frame_idx=696
2026-01-09 12:53:36,968 - INFO - openpose - Gaze3D frame=704 id=left label=Left person v=[-0.654, 0.422, 0.628] yaw=-46.2 pitch=-24.9 cx=308.1280975341797
2026-01-09 12:53:36,968 - INFO - openpose - Gaze3D frame=704 id=right label=Right person v=[-0.311, -0.255, 0.916] yaw=-18.8 pitch=14.8 cx=453.5213165283203
2026-01-09 12:53:36,968 - INFO - openpose - Gaze PUB: people=2, frame_idx=704
2026-01-09 12:53:37,666 - INFO - openpose - Gaze3D frame=712 id=left label=Left person v=[-0.693, 0.242, 0.679] yaw=-45.5 pitch=-14.0 cx=311.498779296875
2026-01-09 12:53:37,666 - INFO - openpose - Gaze3D frame=712 id=right label=Right person v=[-0.322, -0.241, 0.915] yaw=-19.4 pitch=14.0 cx=453.9994354248047
2026-01-09 12:53:37,666 - INFO - openpose - Gaze PUB: people=2, frame_idx=712
2026-01-09 12:53:38,354 - INFO - openpose - Gaze3D frame=720 id=left label=Left person v=[-0.731, 0.204, 0.652] yaw=-48.3 pitch=-11.8 cx=314.28330993652344
2026-01-09 12:53:38,354 - INFO - openpose - Gaze3D frame=720 id=right label=Right person v=[-0.307, -0.225, 0.925] yaw=-18.4 pitch=13.0 cx=453.26136779785156
2026-01-09 12:53:38,354 - INFO - openpose - Gaze PUB: people=2, frame_idx=720
2026-01-09 12:53:39,046 - INFO - openpose - Gaze3D frame=728 id=left label=Left person v=[-0.519, 0.155, 0.841] yaw=-31.7 pitch=-8.9 cx=327.5665588378906
2026-01-09 12:53:39,046 - INFO - openpose - Gaze3D frame=728 id=right label=Right person v=[-0.416, -0.220, 0.882] yaw=-25.2 pitch=12.7 cx=453.7313232421875
2026-01-09 12:53:39,046 - INFO - openpose - Gaze PUB: people=2, frame_idx=728
2026-01-09 12:53:39,712 - INFO - openpose - Gaze3D frame=736 id=left label=Left person v=[-0.481, 0.045, 0.876] yaw=-28.8 pitch=-2.6 cx=325.26611328125
2026-01-09 12:53:39,713 - INFO - openpose - Gaze3D frame=736 id=right label=Right person v=[-0.471, -0.090, 0.878] yaw=-28.2 pitch=5.2 cx=457.6636657714844
2026-01-09 12:53:39,713 - INFO - openpose - Gaze PUB: people=2, frame_idx=736
2026-01-09 12:53:40,393 - INFO - openpose - Gaze3D frame=744 id=left label=Left person v=[-0.403, 0.050, 0.914] yaw=-23.8 pitch=-2.8 cx=298.3828582763672
2026-01-09 12:53:40,393 - INFO - openpose - Gaze3D frame=744 id=right label=Right person v=[-0.547, -0.296, 0.783] yaw=-34.9 pitch=17.2 cx=455.35340881347656
2026-01-09 12:53:40,393 - INFO - openpose - Gaze PUB: people=2, frame_idx=744
2026-01-09 12:53:40,515 - INFO - openpose - Right person: Arm EXTENDED (depth-plane)
2026-01-09 12:53:40,515 - INFO - openpose - ZMQ Message received (non-blocking): PR: Arm Extended Check
2026-01-09 12:53:40,515 - INFO - openpose - ZMQ Sending: Right: Arm Extended
2026-01-09 12:53:40,574 - INFO - openpose - Right person: Arm RETRACTED (depth-plane)
2026-01-09 12:53:40,574 - INFO - openpose - ZMQ Message received (non-blocking): PR: Arm Retracted Check
2026-01-09 12:53:40,575 - INFO - openpose - ZMQ Sending: Right: Arm Retracted
2026-01-09 12:53:41,088 - INFO - openpose - Gaze3D frame=752 id=left label=Left person v=[-0.378, 0.068, 0.923] yaw=-22.3 pitch=-3.9 cx=298.9752197265625
2026-01-09 12:53:41,088 - INFO - openpose - Gaze3D frame=752 id=right label=Right person v=[-0.593, -0.281, 0.755] yaw=-38.1 pitch=16.3 cx=430.07679748535156
2026-01-09 12:53:41,088 - INFO - openpose - Gaze PUB: people=2, frame_idx=752
2026-01-09 12:53:41,782 - INFO - openpose - Gaze3D frame=760 id=left label=Left person v=[-0.319, 0.117, 0.940] yaw=-18.8 pitch=-6.7 cx=301.2002868652344
2026-01-09 12:53:41,782 - INFO - openpose - Gaze3D frame=760 id=right label=Right person v=[-0.604, -0.178, 0.777] yaw=-37.8 pitch=10.3 cx=425.10736083984375
2026-01-09 12:53:41,782 - INFO - openpose - Gaze PUB: people=2, frame_idx=760
2026-01-09 12:53:42,476 - INFO - openpose - Gaze3D frame=768 id=left label=Left person v=[-0.097, -0.156, 0.983] yaw=-5.6 pitch=9.0 cx=301.57029724121094
2026-01-09 12:53:42,476 - INFO - openpose - Gaze3D frame=768 id=right label=Right person v=[-0.564, -0.154, 0.811] yaw=-34.8 pitch=8.9 cx=424.85211181640625
2026-01-09 12:53:42,476 - INFO - openpose - Gaze PUB: people=2, frame_idx=768
2026-01-09 12:53:43,136 - INFO - openpose - Gaze3D frame=776 id=left label=Left person v=[-0.354, 0.015, 0.935] yaw=-20.7 pitch=-0.9 cx=301.8415832519531
2026-01-09 12:53:43,136 - INFO - openpose - Gaze3D frame=776 id=right label=Right person v=[-0.514, -0.280, 0.810] yaw=-32.4 pitch=16.3 cx=425.10205078125
2026-01-09 12:53:43,137 - INFO - openpose - Gaze PUB: people=2, frame_idx=776
2026-01-09 12:53:43,811 - INFO - openpose - Gaze3D frame=784 id=left label=Left person v=[-0.399, 0.178, 0.899] yaw=-23.9 pitch=-10.3 cx=301.97813415527344
2026-01-09 12:53:43,811 - INFO - openpose - Gaze3D frame=784 id=right label=Right person v=[-0.376, -0.049, 0.925] yaw=-22.1 pitch=2.8 cx=451.04400634765625
2026-01-09 12:53:43,811 - INFO - openpose - Gaze PUB: people=2, frame_idx=784
2026-01-09 12:53:44,486 - INFO - openpose - Gaze3D frame=792 id=left label=Left person v=[-0.432, 0.050, 0.900] yaw=-25.7 pitch=-2.9 cx=302.8017272949219
2026-01-09 12:53:44,486 - INFO - openpose - Gaze3D frame=792 id=right label=Right person v=[-0.405, -0.064, 0.912] yaw=-24.0 pitch=3.7 cx=455.5626678466797
2026-01-09 12:53:44,486 - INFO - openpose - Gaze PUB: people=2, frame_idx=792
2026-01-09 12:53:45,192 - INFO - openpose - Gaze3D frame=800 id=left label=Left person v=[-0.426, 0.056, 0.903] yaw=-25.3 pitch=-3.2 cx=302.8462219238281
2026-01-09 12:53:45,192 - INFO - openpose - Gaze3D frame=800 id=right label=Right person v=[-0.451, -0.117, 0.885] yaw=-27.0 pitch=6.7 cx=455.17030334472656
2026-01-09 12:53:45,192 - INFO - openpose - Gaze PUB: people=2, frame_idx=800
2026-01-09 12:53:45,893 - INFO - openpose - Gaze3D frame=808 id=left label=Left person v=[-0.373, 0.038, 0.927] yaw=-21.9 pitch=-2.2 cx=302.99989318847656
2026-01-09 12:53:45,893 - INFO - openpose - Gaze3D frame=808 id=right label=Right person v=[-0.377, -0.069, 0.923] yaw=-22.2 pitch=4.0 cx=454.2788848876953
2026-01-09 12:53:45,900 - INFO - openpose - Gaze PUB: people=2, frame_idx=808
2026-01-09 12:53:46,615 - INFO - openpose - Gaze3D frame=816 id=left label=Left person v=[-0.291, 0.039, 0.956] yaw=-16.9 pitch=-2.2 cx=303.0487365722656
2026-01-09 12:53:46,615 - INFO - openpose - Gaze3D frame=816 id=right label=Right person v=[-0.393, -0.029, 0.919] yaw=-23.1 pitch=1.7 cx=453.0960998535156
2026-01-09 12:53:46,615 - INFO - openpose - Gaze PUB: people=2, frame_idx=816
2026-01-09 12:53:47,321 - INFO - openpose - Gaze3D frame=824 id=left label=Left person v=[-0.350, 0.048, 0.935] yaw=-20.5 pitch=-2.7 cx=302.67767333984375
2026-01-09 12:53:47,321 - INFO - openpose - Gaze3D frame=824 id=right label=Right person v=[-0.425, -0.009, 0.905] yaw=-25.2 pitch=0.5 cx=453.2076721191406
2026-01-09 12:53:47,321 - INFO - openpose - Gaze PUB: people=2, frame_idx=824
2026-01-09 12:53:47,995 - INFO - openpose - Gaze3D frame=832 id=left label=Left person v=[-0.312, 0.073, 0.947] yaw=-18.2 pitch=-4.2 cx=302.5557403564453
2026-01-09 12:53:47,995 - INFO - openpose - Gaze3D frame=832 id=right label=Right person v=[-0.385, 0.022, 0.923] yaw=-22.6 pitch=-1.3 cx=453.31610107421875
2026-01-09 12:53:47,995 - INFO - openpose - Gaze PUB: people=2, frame_idx=832
2026-01-09 12:53:48,683 - INFO - openpose - Gaze3D frame=840 id=left label=Left person v=[-0.350, 0.096, 0.932] yaw=-20.6 pitch=-5.5 cx=302.3605499267578
2026-01-09 12:53:48,683 - INFO - openpose - Gaze3D frame=840 id=right label=Right person v=[-0.396, -0.015, 0.918] yaw=-23.3 pitch=0.9 cx=453.24090576171875
2026-01-09 12:53:48,683 - INFO - openpose - Gaze PUB: people=2, frame_idx=840
2026-01-09 12:53:49,375 - INFO - openpose - Gaze3D frame=848 id=left label=Left person v=[-0.424, 0.062, 0.904] yaw=-25.1 pitch=-3.6 cx=304.8035125732422
2026-01-09 12:53:49,375 - INFO - openpose - Gaze3D frame=848 id=right label=Right person v=[-0.366, -0.011, 0.931] yaw=-21.4 pitch=0.6 cx=455.02976989746094
2026-01-09 12:53:49,375 - INFO - openpose - Gaze PUB: people=2, frame_idx=848
2026-01-09 12:53:50,063 - INFO - openpose - Gaze3D frame=856 id=left label=Left person v=[-0.431, 0.110, 0.896] yaw=-25.7 pitch=-6.3 cx=303.3670959472656
2026-01-09 12:53:50,063 - INFO - openpose - Gaze3D frame=856 id=right label=Right person v=[-0.393, 0.110, 0.913] yaw=-23.3 pitch=-6.3 cx=456.1335754394531
2026-01-09 12:53:50,063 - INFO - openpose - Gaze PUB: people=2, frame_idx=856
2026-01-09 12:53:50,733 - INFO - openpose - Gaze3D frame=864 id=left label=Left person v=[-0.435, 0.050, 0.899] yaw=-25.8 pitch=-2.9 cx=303.0103759765625
2026-01-09 12:53:50,733 - INFO - openpose - Gaze3D frame=864 id=right label=Right person v=[-0.420, 0.002, 0.907] yaw=-24.9 pitch=-0.1 cx=466.7807922363281
2026-01-09 12:53:50,733 - INFO - openpose - Gaze PUB: people=2, frame_idx=864
2026-01-09 12:53:51,427 - INFO - openpose - Gaze3D frame=872 id=left label=Left person v=[-0.444, 0.109, 0.889] yaw=-26.6 pitch=-6.2 cx=303.15171813964844
2026-01-09 12:53:51,427 - INFO - openpose - Gaze3D frame=872 id=right label=Right person v=[-0.448, 0.079, 0.891] yaw=-26.7 pitch=-4.5 cx=463.1737518310547
2026-01-09 12:53:51,427 - INFO - openpose - Gaze PUB: people=2, frame_idx=872
2026-01-09 12:53:52,164 - INFO - openpose - Gaze3D frame=880 id=left label=Left person v=[-0.427, 0.130, 0.895] yaw=-25.5 pitch=-7.5 cx=310.1540069580078
2026-01-09 12:53:52,164 - INFO - openpose - Gaze3D frame=880 id=right label=Right person v=[-0.415, 0.067, 0.907] yaw=-24.6 pitch=-3.8 cx=457.1859436035156
2026-01-09 12:53:52,164 - INFO - openpose - Gaze PUB: people=2, frame_idx=880
2026-01-09 12:53:52,287 - INFO - openpose - Left person: Arm EXTENDED (depth-plane)
2026-01-09 12:53:52,287 - INFO - openpose - ZMQ Message received (non-blocking): PL: Arm Extended Check
2026-01-09 12:53:52,288 - INFO - openpose - ZMQ Sending: Left: Arm Extended
2026-01-09 12:53:52,884 - INFO - openpose - Gaze3D frame=888 id=left label=Left person v=[-0.475, 0.043, 0.879] yaw=-28.4 pitch=-2.5 cx=311.1661376953125
2026-01-09 12:53:52,884 - INFO - openpose - Gaze3D frame=888 id=right label=Right person v=[-0.382, 0.107, 0.918] yaw=-22.6 pitch=-6.1 cx=457.14886474609375
2026-01-09 12:53:52,884 - INFO - openpose - Gaze PUB: people=2, frame_idx=888
2026-01-09 12:53:53,017 - INFO - openpose - Left person: Arm RETRACTED (depth-plane)
2026-01-09 12:53:53,017 - INFO - openpose - ZMQ Message received (non-blocking): PL: Arm Retracted Check
2026-01-09 12:53:53,017 - INFO - openpose - ZMQ Sending: Left: Arm Retracted
2026-01-09 12:53:53,613 - INFO - openpose - Gaze3D frame=896 id=left label=Left person v=[-0.315, 0.197, 0.928] yaw=-18.8 pitch=-11.3 cx=307.27110290527344
2026-01-09 12:53:53,613 - INFO - openpose - Gaze3D frame=896 id=right label=Right person v=[-0.463, -0.007, 0.886] yaw=-27.6 pitch=0.4 cx=458.40289306640625
2026-01-09 12:53:53,613 - INFO - openpose - Gaze PUB: people=2, frame_idx=896
2026-01-09 12:53:54,321 - INFO - openpose - Gaze3D frame=904 id=left label=Left person v=[-0.400, 0.040, 0.915] yaw=-23.6 pitch=-2.3 cx=306.28089904785156
2026-01-09 12:53:54,321 - INFO - openpose - Gaze3D frame=904 id=right label=Right person v=[-0.441, -0.227, 0.869] yaw=-26.9 pitch=13.1 cx=458.3778839111328
2026-01-09 12:53:54,321 - INFO - openpose - Gaze PUB: people=2, frame_idx=904
2026-01-09 12:53:55,001 - INFO - openpose - Gaze3D frame=912 id=left label=Left person v=[-0.582, 0.004, 0.813] yaw=-35.6 pitch=-0.2 cx=307.00193786621094
2026-01-09 12:53:55,001 - INFO - openpose - Gaze3D frame=912 id=right label=Right person v=[-0.447, 0.101, 0.889] yaw=-26.7 pitch=-5.8 cx=458.8542022705078
2026-01-09 12:53:55,001 - INFO - openpose - Gaze PUB: people=2, frame_idx=912
2026-01-09 12:53:55,659 - INFO - openpose - Gaze3D frame=920 id=left label=Left person v=[-0.431, 0.146, 0.890] yaw=-25.8 pitch=-8.4 cx=305.7497253417969
2026-01-09 12:53:55,659 - INFO - openpose - Gaze3D frame=920 id=right label=Right person v=[-0.489, 0.018, 0.872] yaw=-29.3 pitch=-1.0 cx=457.24603271484375
2026-01-09 12:53:55,659 - INFO - openpose - Gaze PUB: people=2, frame_idx=920
2026-01-09 12:53:56,346 - INFO - openpose - Gaze3D frame=928 id=left label=Left person v=[-0.358, -0.044, 0.933] yaw=-21.0 pitch=2.5 cx=307.0078887939453
2026-01-09 12:53:56,347 - INFO - openpose - Gaze3D frame=928 id=right label=Right person v=[-0.319, -0.303, 0.898] yaw=-19.6 pitch=17.6 cx=454.31640625
2026-01-09 12:53:56,347 - INFO - openpose - Gaze PUB: people=2, frame_idx=928
2026-01-09 12:53:57,015 - INFO - openpose - Gaze3D frame=936 id=left label=Left person v=[-0.181, -0.156, 0.971] yaw=-10.6 pitch=9.0 cx=302.1530303955078
2026-01-09 12:53:57,015 - INFO - openpose - Gaze3D frame=936 id=right label=Right person v=[-0.460, 0.114, 0.881] yaw=-27.6 pitch=-6.5 cx=454.1609191894531
2026-01-09 12:53:57,015 - INFO - openpose - Gaze PUB: people=2, frame_idx=936
2026-01-09 12:53:57,663 - INFO - openpose - Gaze3D frame=944 id=left label=Left person v=[-0.271, -0.180, 0.946] yaw=-16.0 pitch=10.4 cx=302.30751037597656
2026-01-09 12:53:57,664 - INFO - openpose - Gaze3D frame=944 id=right label=Right person v=[-0.498, -0.116, 0.859] yaw=-30.1 pitch=6.6 cx=453.90330505371094
2026-01-09 12:53:57,664 - INFO - openpose - Gaze PUB: people=2, frame_idx=944
2026-01-09 12:53:58,350 - INFO - openpose - Gaze3D frame=952 id=left label=Left person v=[-0.494, 0.065, 0.867] yaw=-29.7 pitch=-3.8 cx=303.0894317626953
2026-01-09 12:53:58,350 - INFO - openpose - Gaze3D frame=952 id=right label=Right person v=[-0.511, 0.090, 0.855] yaw=-30.9 pitch=-5.2 cx=453.4853210449219
2026-01-09 12:53:58,350 - INFO - openpose - Gaze PUB: people=2, frame_idx=952
2026-01-09 12:53:59,039 - INFO - openpose - Gaze3D frame=960 id=left label=Left person v=[-0.519, -0.001, 0.855] yaw=-31.3 pitch=0.0 cx=303.5091857910156
2026-01-09 12:53:59,039 - INFO - openpose - Gaze3D frame=960 id=right label=Right person v=[-0.280, -0.426, 0.860] yaw=-18.0 pitch=25.2 cx=447.0321350097656
2026-01-09 12:53:59,039 - INFO - openpose - Gaze PUB: people=2, frame_idx=960
2026-01-09 12:53:59,748 - INFO - openpose - Gaze3D frame=968 id=left label=Left person v=[-0.545, -0.074, 0.835] yaw=-33.1 pitch=4.2 cx=304.06890869140625
2026-01-09 12:53:59,748 - INFO - openpose - Gaze3D frame=968 id=right label=Right person v=[-0.115, -0.631, 0.767] yaw=-8.5 pitch=39.1 cx=409.50669860839844
2026-01-09 12:53:59,748 - INFO - openpose - Gaze PUB: people=2, frame_idx=968
2026-01-09 12:54:00,443 - INFO - openpose - Gaze3D frame=976 id=left label=Left person v=[-0.691, -0.099, 0.716] yaw=-44.0 pitch=5.7 cx=303.28900146484375
2026-01-09 12:54:00,443 - INFO - openpose - Gaze3D frame=976 id=right label=Right person v=[-0.069, -0.857, 0.511] yaw=-7.7 pitch=59.0 cx=405.6984405517578
2026-01-09 12:54:00,443 - INFO - openpose - Gaze PUB: people=2, frame_idx=976
2026-01-09 12:54:01,144 - INFO - openpose - Gaze3D frame=984 id=left label=Left person v=[-0.167, 0.007, 0.986] yaw=-9.6 pitch=-0.4 cx=291.5380096435547
2026-01-09 12:54:01,144 - INFO - openpose - Gaze3D frame=984 id=right label=Right person v=[-0.354, -0.003, 0.935] yaw=-20.7 pitch=0.2 cx=444.38482666015625
2026-01-09 12:54:01,144 - INFO - openpose - Gaze PUB: people=2, frame_idx=984
2026-01-09 12:54:01,845 - INFO - openpose - Gaze3D frame=992 id=left label=Left person v=[-0.355, 0.158, 0.921] yaw=-21.1 pitch=-9.1 cx=304.0852966308594
2026-01-09 12:54:01,845 - INFO - openpose - Gaze3D frame=992 id=right label=Right person v=[-0.084, -0.410, 0.908] yaw=-5.3 pitch=24.2 cx=418.1191864013672
2026-01-09 12:54:01,845 - INFO - openpose - Gaze PUB: people=2, frame_idx=992
2026-01-09 12:54:02,538 - INFO - openpose - Gaze3D frame=1000 id=left label=Left person v=[-0.440, 0.057, 0.896] yaw=-26.1 pitch=-3.3 cx=302.8423614501953
2026-01-09 12:54:02,538 - INFO - openpose - Gaze3D frame=1000 id=right label=Right person v=[-0.183, -0.343, 0.921] yaw=-11.2 pitch=20.1 cx=416.54054260253906
2026-01-09 12:54:02,539 - INFO - openpose - Gaze PUB: people=2, frame_idx=1000
2026-01-09 12:54:03,232 - INFO - openpose - Gaze3D frame=1008 id=left label=Left person v=[-0.280, 0.229, 0.932] yaw=-16.7 pitch=-13.3 cx=303.3201141357422
2026-01-09 12:54:03,232 - INFO - openpose - Gaze3D frame=1008 id=right label=Right person v=[-0.424, 0.059, 0.904] yaw=-25.1 pitch=-3.4 cx=440.1413116455078
2026-01-09 12:54:03,233 - INFO - openpose - Gaze PUB: people=2, frame_idx=1008
2026-01-09 12:54:03,894 - INFO - openpose - Gaze3D frame=1016 id=left label=Left person v=[-0.227, 0.048, 0.973] yaw=-13.1 pitch=-2.8 cx=303.8166809082031
2026-01-09 12:54:03,894 - INFO - openpose - Gaze3D frame=1016 id=right label=Right person v=[-0.404, 0.096, 0.910] yaw=-24.0 pitch=-5.5 cx=438.7534484863281
2026-01-09 12:54:03,894 - INFO - openpose - Gaze PUB: people=2, frame_idx=1016
2026-01-09 12:54:04,557 - INFO - openpose - Gaze3D frame=1024 id=left label=Left person v=[-0.477, -0.078, 0.875] yaw=-28.6 pitch=4.4 cx=304.7536926269531
2026-01-09 12:54:04,557 - INFO - openpose - Gaze3D frame=1024 id=right label=Right person v=[-0.482, -0.230, 0.846] yaw=-29.7 pitch=13.3 cx=439.3175964355469
2026-01-09 12:54:04,557 - INFO - openpose - Gaze PUB: people=2, frame_idx=1024
2026-01-09 12:54:05,265 - INFO - openpose - Gaze3D frame=1032 id=left label=Left person v=[-0.413, -0.005, 0.911] yaw=-24.4 pitch=0.3 cx=304.8487548828125
2026-01-09 12:54:05,265 - INFO - openpose - Gaze3D frame=1032 id=right label=Right person v=[-0.091, -0.540, 0.837] yaw=-6.2 pitch=32.7 cx=424.31756591796875
2026-01-09 12:54:05,265 - INFO - openpose - Gaze PUB: people=2, frame_idx=1032
2026-01-09 12:54:05,970 - INFO - openpose - Gaze3D frame=1040 id=left label=Left person v=[-0.245, 0.147, 0.958] yaw=-14.3 pitch=-8.5 cx=301.8183288574219
2026-01-09 12:54:05,970 - INFO - openpose - Gaze3D frame=1040 id=right label=Right person v=[-0.020, -0.532, 0.846] yaw=-1.3 pitch=32.2 cx=416.0488739013672
2026-01-09 12:54:05,970 - INFO - openpose - Gaze PUB: people=2, frame_idx=1040
2026-01-09 12:54:06,684 - INFO - openpose - Gaze3D frame=1048 id=left label=Left person v=[-0.426, 0.080, 0.901] yaw=-25.3 pitch=-4.6 cx=302.2008972167969
2026-01-09 12:54:06,684 - INFO - openpose - Gaze3D frame=1048 id=right label=Right person v=[-0.062, -0.647, 0.760] yaw=-4.6 pitch=40.3 cx=414.9420623779297
2026-01-09 12:54:06,691 - INFO - openpose - Gaze PUB: people=2, frame_idx=1048
2026-01-09 12:54:07,411 - INFO - openpose - Gaze3D frame=1056 id=left label=Left person v=[-0.464, 0.111, 0.879] yaw=-27.8 pitch=-6.4 cx=302.4994659423828
2026-01-09 12:54:07,412 - INFO - openpose - Gaze3D frame=1056 id=right label=Right person v=[-0.115, -0.510, 0.853] yaw=-7.7 pitch=30.6 cx=418.7792205810547
2026-01-09 12:54:07,412 - INFO - openpose - Gaze PUB: people=2, frame_idx=1056
2026-01-09 12:54:08,129 - INFO - openpose - Gaze3D frame=1064 id=left label=Left person v=[-0.460, 0.058, 0.886] yaw=-27.4 pitch=-3.3 cx=306.9756164550781
2026-01-09 12:54:08,129 - INFO - openpose - Gaze3D frame=1064 id=right label=Right person v=[-0.424, -0.236, 0.875] yaw=-25.8 pitch=13.6 cx=442.6168670654297
2026-01-09 12:54:08,129 - INFO - openpose - Gaze PUB: people=2, frame_idx=1064
2026-01-09 12:54:08,838 - INFO - openpose - Gaze3D frame=1072 id=left label=Left person v=[-0.534, 0.142, 0.834] yaw=-32.6 pitch=-8.2 cx=308.72389221191406
2026-01-09 12:54:08,838 - INFO - openpose - Gaze3D frame=1072 id=right label=Right person v=[-0.443, -0.249, 0.861] yaw=-27.2 pitch=14.4 cx=438.8015899658203
2026-01-09 12:54:08,838 - INFO - openpose - Gaze PUB: people=2, frame_idx=1072
2026-01-09 12:54:09,302 - INFO - openpose - Right person: Arm EXTENDED (depth-plane)
2026-01-09 12:54:09,302 - INFO - openpose - ZMQ Message received (non-blocking): PR: Arm Extended Check
2026-01-09 12:54:09,302 - INFO - openpose - ZMQ Sending: Right: Arm Extended
2026-01-09 12:54:09,560 - INFO - openpose - Gaze3D frame=1080 id=left label=Left person v=[-0.510, 0.092, 0.855] yaw=-30.8 pitch=-5.3 cx=308.3545379638672
2026-01-09 12:54:09,560 - INFO - openpose - Gaze3D frame=1080 id=right label=Right person v=[-0.437, -0.217, 0.873] yaw=-26.6 pitch=12.5 cx=441.9983367919922
2026-01-09 12:54:09,560 - INFO - openpose - Gaze PUB: people=2, frame_idx=1080
2026-01-09 12:54:09,561 - INFO - openpose - Right person: Arm RETRACTED (depth-plane)
2026-01-09 12:54:09,561 - INFO - openpose - ZMQ Message received (non-blocking): PR: Arm Retracted Check
2026-01-09 12:54:09,561 - INFO - openpose - ZMQ Sending: Right: Arm Retracted
2026-01-09 12:54:09,621 - INFO - openpose - Robot's turn detected
2026-01-09 12:54:09,685 - INFO - openpose - ZMQ Message received (non-blocking): Configuration finished
2026-01-09 12:54:09,685 - INFO - openpose - Configuration finished. Waiting for next configuration
2026-01-09 12:54:09,685 - INFO - openpose - OpenPose initialized - waiting for turn_order
