2025-11-14 10:54:23,966 - INFO - openpose - OpenPose server started and bound to tcp://*:5555
2025-11-14 10:54:23,966 - INFO - openpose - OpenPose server started and bound to tcp://*:5556
2025-11-14 10:54:23,980 - INFO - openpose - Starting OpenPose
2025-11-14 10:54:24,927 - INFO - openpose - OpenPose initialized - waiting for turn_order
2025-11-14 10:54:42,044 - INFO - openpose - Message received: ybypbpbpy

2025-11-14 10:54:42,745 - INFO - openpose - Gaze3D frame=0 id=None label=None v=[-0.450, -0.001, 0.893] yaw=-26.8 pitch=0.1 cx=301.29139709472656
2025-11-14 10:54:42,745 - INFO - openpose - Gaze PUB: people=1, frame_idx=0
2025-11-14 10:54:42,942 - INFO - openpose - Gaze3D frame=0 id=None label=None v=[-0.495, -0.128, 0.859] yaw=-30.0 pitch=7.3 cx=300.0904998779297
2025-11-14 10:54:42,942 - INFO - openpose - Gaze PUB: people=1, frame_idx=0
2025-11-14 10:54:43,129 - INFO - openpose - Gaze3D frame=0 id=None label=None v=[-0.423, -0.166, 0.891] yaw=-25.4 pitch=9.6 cx=299.3013610839844
2025-11-14 10:54:43,129 - INFO - openpose - Gaze PUB: people=1, frame_idx=0
2025-11-14 10:54:43,325 - INFO - openpose - Gaze3D frame=0 id=None label=None v=[-0.476, -0.104, 0.874] yaw=-28.6 pitch=5.9 cx=298.7877655029297
2025-11-14 10:54:43,325 - INFO - openpose - Gaze PUB: people=1, frame_idx=0
2025-11-14 10:54:43,519 - INFO - openpose - Gaze3D frame=0 id=None label=None v=[-0.426, 0.054, 0.903] yaw=-25.2 pitch=-3.1 cx=301.1405792236328
2025-11-14 10:54:43,519 - INFO - openpose - Gaze PUB: people=1, frame_idx=0
2025-11-14 10:54:43,707 - INFO - openpose - Gaze3D frame=0 id=None label=None v=[-0.400, 0.061, 0.914] yaw=-23.6 pitch=-3.5 cx=301.2543029785156
2025-11-14 10:54:43,707 - INFO - openpose - Gaze PUB: people=1, frame_idx=0
2025-11-14 10:54:43,896 - INFO - openpose - Gaze3D frame=0 id=None label=None v=[-0.456, -0.050, 0.889] yaw=-27.1 pitch=2.9 cx=296.7016296386719
2025-11-14 10:54:43,896 - INFO - openpose - Gaze PUB: people=1, frame_idx=0
2025-11-14 10:54:44,092 - INFO - openpose - Gaze3D frame=0 id=None label=None v=[-0.580, -0.200, 0.789] yaw=-36.3 pitch=11.5 cx=294.0380096435547
2025-11-14 10:54:44,092 - INFO - openpose - Gaze PUB: people=1, frame_idx=0
2025-11-14 10:54:44,287 - INFO - openpose - Gaze3D frame=0 id=None label=None v=[-0.562, -0.258, 0.786] yaw=-35.6 pitch=15.0 cx=293.347412109375
2025-11-14 10:54:44,287 - INFO - openpose - Gaze PUB: people=1, frame_idx=0
2025-11-14 10:54:44,474 - INFO - openpose - Gaze3D frame=0 id=None label=None v=[-0.556, -0.288, 0.780] yaw=-35.5 pitch=16.8 cx=293.7813720703125
2025-11-14 10:54:44,474 - INFO - openpose - Gaze PUB: people=1, frame_idx=0
2025-11-14 10:54:44,736 - INFO - openpose - Gaze3D frame=0 id=None label=None v=[-0.494, -0.236, 0.837] yaw=-30.5 pitch=13.7 cx=294.4258728027344
2025-11-14 10:54:44,736 - INFO - openpose - Gaze3D frame=0 id=None label=None v=[-0.111, 0.549, 0.828] yaw=-7.6 pitch=-33.3 cx=14.774125218391418
2025-11-14 10:54:44,736 - INFO - openpose - Gaze PUB: people=2, frame_idx=0
2025-11-14 10:54:44,978 - INFO - openpose - Gaze3D frame=0 id=None label=None v=[-0.565, -0.287, 0.774] yaw=-36.1 pitch=16.7 cx=295.1103210449219
2025-11-14 10:54:44,978 - INFO - openpose - Gaze3D frame=0 id=None label=None v=[-0.179, 0.493, 0.852] yaw=-11.9 pitch=-29.5 cx=72.57919311523438
2025-11-14 10:54:44,978 - INFO - openpose - Gaze PUB: people=2, frame_idx=0
2025-11-14 10:54:45,231 - INFO - openpose - Gaze3D frame=0 id=left label=Left person v=[-0.222, 0.789, 0.573] yaw=-21.2 pitch=-52.1 cx=107.9841194152832
2025-11-14 10:54:45,231 - INFO - openpose - Gaze3D frame=0 id=right label=Right person v=[-0.501, -0.229, 0.835] yaw=-31.0 pitch=13.2 cx=296.2231140136719
2025-11-14 10:54:45,231 - INFO - openpose - Gaze PUB: people=2, frame_idx=0
2025-11-14 10:54:45,232 - INFO - openpose - Robot's turn detected
2025-11-14 10:54:45,809 - INFO - openpose - Gaze3D frame=4 id=left label=Left person v=[-0.160, 0.202, 0.966] yaw=-9.4 pitch=-11.7 cx=111.56922912597656
2025-11-14 10:54:45,809 - INFO - openpose - Gaze3D frame=4 id=right label=Right person v=[-0.525, -0.272, 0.807] yaw=-33.0 pitch=15.8 cx=299.279541015625
2025-11-14 10:54:45,809 - INFO - openpose - Gaze PUB: people=2, frame_idx=4
2025-11-14 10:54:46,267 - INFO - openpose - Gaze3D frame=8 id=left label=Left person v=[-0.277, -0.148, 0.949] yaw=-16.3 pitch=8.5 cx=136.73845672607422
2025-11-14 10:54:46,267 - INFO - openpose - Gaze3D frame=8 id=right label=Right person v=[-0.492, -0.279, 0.825] yaw=-30.8 pitch=16.2 cx=299.27685546875
2025-11-14 10:54:46,267 - INFO - openpose - Gaze PUB: people=2, frame_idx=8
2025-11-14 10:54:46,710 - INFO - openpose - Gaze3D frame=12 id=left label=Left person v=[-0.136, 0.045, 0.990] yaw=-7.8 pitch=-2.6 cx=98.31803894042969
2025-11-14 10:54:46,710 - INFO - openpose - Gaze3D frame=12 id=right label=Right person v=[-0.412, -0.189, 0.891] yaw=-24.8 pitch=10.9 cx=298.3407897949219
2025-11-14 10:54:46,710 - INFO - openpose - Gaze PUB: people=2, frame_idx=12
2025-11-14 10:54:47,164 - INFO - openpose - Gaze3D frame=16 id=left label=Left person v=[-0.115, 0.033, 0.993] yaw=-6.6 pitch=-1.9 cx=100.57037353515625
2025-11-14 10:54:47,164 - INFO - openpose - Gaze3D frame=16 id=right label=Right person v=[-0.446, -0.196, 0.873] yaw=-27.0 pitch=11.3 cx=298.3325653076172
2025-11-14 10:54:47,164 - INFO - openpose - Gaze PUB: people=2, frame_idx=16
2025-11-14 10:54:47,626 - INFO - openpose - Gaze3D frame=20 id=left label=Left person v=[-0.241, -0.059, 0.969] yaw=-13.9 pitch=3.4 cx=137.95215225219727
2025-11-14 10:54:47,626 - INFO - openpose - Gaze3D frame=20 id=right label=Right person v=[-0.459, -0.057, 0.887] yaw=-27.4 pitch=3.3 cx=298.8518829345703
2025-11-14 10:54:47,626 - INFO - openpose - Gaze PUB: people=2, frame_idx=20
2025-11-14 10:54:48,093 - INFO - openpose - Gaze3D frame=24 id=left label=Left person v=[-0.236, 0.151, 0.960] yaw=-13.8 pitch=-8.7 cx=112.81391143798828
2025-11-14 10:54:48,093 - INFO - openpose - Gaze3D frame=24 id=right label=Right person v=[-0.223, -0.057, 0.973] yaw=-12.9 pitch=3.3 cx=301.07244873046875
2025-11-14 10:54:48,093 - INFO - openpose - Gaze PUB: people=2, frame_idx=24
2025-11-14 10:54:48,532 - INFO - openpose - Gaze3D frame=28 id=left label=Left person v=[-0.333, -0.133, 0.934] yaw=-19.6 pitch=7.6 cx=109.46383666992188
2025-11-14 10:54:48,532 - INFO - openpose - Gaze3D frame=28 id=right label=Right person v=[-0.410, -0.283, 0.867] yaw=-25.3 pitch=16.5 cx=293.7261047363281
2025-11-14 10:54:48,532 - INFO - openpose - Gaze PUB: people=2, frame_idx=28
2025-11-14 10:54:48,983 - INFO - openpose - Gaze3D frame=32 id=left label=Left person v=[-0.155, -0.290, 0.944] yaw=-9.3 pitch=16.9 cx=115.8216323852539
2025-11-14 10:54:48,983 - INFO - openpose - Gaze3D frame=32 id=right label=Right person v=[-0.313, -0.068, 0.947] yaw=-18.3 pitch=3.9 cx=299.8280487060547
2025-11-14 10:54:48,983 - INFO - openpose - Gaze PUB: people=2, frame_idx=32
2025-11-14 10:54:49,405 - INFO - openpose - Gaze3D frame=36 id=left label=Left person v=[-0.279, -0.170, 0.945] yaw=-16.5 pitch=9.8 cx=112.03093719482422
2025-11-14 10:54:49,405 - INFO - openpose - Gaze3D frame=36 id=right label=Right person v=[-0.294, -0.290, 0.911] yaw=-17.9 pitch=16.9 cx=320.27415466308594
2025-11-14 10:54:49,405 - INFO - openpose - Gaze PUB: people=2, frame_idx=36
2025-11-14 10:54:49,861 - INFO - openpose - Gaze3D frame=40 id=left label=Left person v=[-0.192, 0.105, 0.976] yaw=-11.1 pitch=-6.0 cx=117.7347526550293
2025-11-14 10:54:49,861 - INFO - openpose - Gaze3D frame=40 id=right label=Right person v=[-0.218, 0.098, 0.971] yaw=-12.7 pitch=-5.6 cx=328.5219268798828
2025-11-14 10:54:49,861 - INFO - openpose - Gaze PUB: people=2, frame_idx=40
2025-11-14 10:54:50,296 - INFO - openpose - Gaze3D frame=44 id=left label=Left person v=[-0.180, 0.672, 0.718] yaw=-14.0 pitch=-42.2 cx=123.59952926635742
2025-11-14 10:54:50,297 - INFO - openpose - Gaze3D frame=44 id=right label=Right person v=[-0.453, -0.587, 0.670] yaw=-34.1 pitch=36.0 cx=412.96458435058594
2025-11-14 10:54:50,297 - INFO - openpose - Gaze PUB: people=2, frame_idx=44
2025-11-14 10:54:50,727 - INFO - openpose - Gaze3D frame=48 id=left label=Left person v=[-0.082, 0.152, 0.985] yaw=-4.7 pitch=-8.8 cx=118.56478118896484
2025-11-14 10:54:50,727 - INFO - openpose - Gaze3D frame=48 id=right label=Right person v=[-0.281, -0.086, 0.956] yaw=-16.4 pitch=5.0 cx=406.7576141357422
2025-11-14 10:54:50,727 - INFO - openpose - Gaze PUB: people=2, frame_idx=48
2025-11-14 10:54:51,142 - INFO - openpose - Gaze3D frame=52 id=left label=Left person v=[-0.257, -0.069, 0.964] yaw=-15.0 pitch=4.0 cx=113.89913177490234
2025-11-14 10:54:51,142 - INFO - openpose - Gaze3D frame=52 id=right label=Right person v=[-0.492, -0.239, 0.837] yaw=-30.5 pitch=13.8 cx=368.96714782714844
2025-11-14 10:54:51,142 - INFO - openpose - Gaze PUB: people=2, frame_idx=52
2025-11-14 10:54:54,685 - INFO - openpose - Gaze3D frame=56 id=left label=Left person v=[-0.431, 0.218, 0.876] yaw=-26.2 pitch=-12.6 cx=117.96603012084961
2025-11-14 10:54:54,685 - INFO - openpose - Gaze3D frame=56 id=right label=Right person v=[-0.427, -0.666, 0.612] yaw=-34.9 pitch=41.8 cx=376.17652893066406
2025-11-14 10:54:54,685 - INFO - openpose - Gaze PUB: people=2, frame_idx=56
2025-11-14 10:54:55,127 - INFO - openpose - Gaze3D frame=60 id=left label=Left person v=[-0.384, 0.039, 0.923] yaw=-22.6 pitch=-2.2 cx=116.91446304321289
2025-11-14 10:54:55,128 - INFO - openpose - Gaze3D frame=60 id=right label=Right person v=[-0.294, -0.865, 0.407] yaw=-35.9 pitch=59.9 cx=427.9577941894531
2025-11-14 10:54:55,128 - INFO - openpose - Gaze PUB: people=2, frame_idx=60
2025-11-14 10:54:55,568 - INFO - openpose - Gaze3D frame=64 id=left label=Left person v=[-0.234, 0.163, 0.958] yaw=-13.7 pitch=-9.4 cx=116.41291427612305
2025-11-14 10:54:55,568 - INFO - openpose - Gaze3D frame=64 id=right label=Right person v=[-0.326, -0.733, 0.597] yaw=-28.6 pitch=47.1 cx=378.1341247558594
2025-11-14 10:54:55,568 - INFO - openpose - Gaze PUB: people=2, frame_idx=64
2025-11-14 10:54:55,990 - INFO - openpose - Gaze3D frame=68 id=left label=Left person v=[-0.290, 0.043, 0.956] yaw=-16.9 pitch=-2.5 cx=116.31296920776367
2025-11-14 10:54:55,990 - INFO - openpose - Gaze3D frame=68 id=right label=Right person v=[-0.343, -0.700, 0.627] yaw=-28.7 pitch=44.4 cx=363.71337890625
2025-11-14 10:54:55,990 - INFO - openpose - Gaze PUB: people=2, frame_idx=68
2025-11-14 10:54:56,426 - INFO - openpose - Gaze3D frame=72 id=left label=Left person v=[-0.246, 0.230, 0.942] yaw=-14.6 pitch=-13.3 cx=116.4940185546875
2025-11-14 10:54:56,426 - INFO - openpose - Gaze3D frame=72 id=right label=Right person v=[-0.468, -0.287, 0.836] yaw=-29.2 pitch=16.7 cx=359.0191650390625
2025-11-14 10:54:56,426 - INFO - openpose - Gaze PUB: people=2, frame_idx=72
2025-11-14 10:54:56,870 - INFO - openpose - Gaze3D frame=76 id=left label=Left person v=[-0.244, 0.138, 0.960] yaw=-14.3 pitch=-8.0 cx=116.40703582763672
2025-11-14 10:54:56,870 - INFO - openpose - Gaze3D frame=76 id=right label=Right person v=[-0.421, -0.186, 0.888] yaw=-25.3 pitch=10.7 cx=315.7848358154297
2025-11-14 10:54:56,871 - INFO - openpose - Gaze PUB: people=2, frame_idx=76
2025-11-14 10:54:57,307 - INFO - openpose - Gaze3D frame=80 id=left label=Left person v=[-0.201, 0.189, 0.961] yaw=-11.8 pitch=-10.9 cx=116.68540954589844
2025-11-14 10:54:57,307 - INFO - openpose - Gaze3D frame=80 id=right label=Right person v=[-0.467, -0.072, 0.881] yaw=-27.9 pitch=4.1 cx=320.48350524902344
2025-11-14 10:54:57,307 - INFO - openpose - Gaze PUB: people=2, frame_idx=80
2025-11-14 10:54:57,723 - INFO - openpose - Gaze3D frame=84 id=left label=Left person v=[-0.249, 0.157, 0.956] yaw=-14.6 pitch=-9.0 cx=116.89674758911133
2025-11-14 10:54:57,723 - INFO - openpose - Gaze3D frame=84 id=right label=Right person v=[-0.266, 0.264, 0.927] yaw=-16.0 pitch=-15.3 cx=332.8465576171875
2025-11-14 10:54:57,723 - INFO - openpose - Gaze PUB: people=2, frame_idx=84
2025-11-14 10:54:58,149 - INFO - openpose - Gaze3D frame=88 id=left label=Left person v=[-0.218, 0.080, 0.973] yaw=-12.6 pitch=-4.6 cx=116.57814025878906
2025-11-14 10:54:58,149 - INFO - openpose - Gaze3D frame=88 id=right label=Right person v=[-0.394, 0.371, 0.841] yaw=-25.1 pitch=-21.8 cx=329.5683135986328
2025-11-14 10:54:58,149 - INFO - openpose - Gaze PUB: people=2, frame_idx=88
2025-11-14 10:54:58,595 - INFO - openpose - Gaze3D frame=92 id=left label=Left person v=[-0.334, 0.096, 0.938] yaw=-19.6 pitch=-5.5 cx=116.37962341308594
2025-11-14 10:54:58,595 - INFO - openpose - Gaze3D frame=92 id=right label=Right person v=[-0.499, -0.144, 0.855] yaw=-30.3 pitch=8.3 cx=303.2565002441406
2025-11-14 10:54:58,595 - INFO - openpose - Gaze PUB: people=2, frame_idx=92
2025-11-14 10:54:59,045 - INFO - openpose - Gaze3D frame=96 id=left label=Left person v=[-0.304, 0.178, 0.936] yaw=-18.0 pitch=-10.3 cx=116.60808181762695
2025-11-14 10:54:59,045 - INFO - openpose - Gaze3D frame=96 id=right label=Right person v=[-0.409, -0.382, 0.829] yaw=-26.3 pitch=22.5 cx=303.58868408203125
2025-11-14 10:54:59,045 - INFO - openpose - Gaze PUB: people=2, frame_idx=96
2025-11-14 10:54:59,489 - INFO - openpose - Gaze3D frame=100 id=None label=None v=[-0.400, 0.048, 0.915] yaw=-23.6 pitch=-2.8 cx=116.77062225341797
2025-11-14 10:54:59,489 - INFO - openpose - Gaze3D frame=100 id=None label=None v=[-0.485, -0.577, 0.657] yaw=-36.5 pitch=35.2 cx=315.2837219238281
2025-11-14 10:54:59,489 - INFO - openpose - Gaze PUB: people=2, frame_idx=100
2025-11-14 10:54:59,744 - INFO - openpose - Gaze3D frame=100 id=left label=Left person v=[-0.323, 0.125, 0.938] yaw=-19.0 pitch=-7.2 cx=116.88431930541992
2025-11-14 10:54:59,744 - INFO - openpose - Gaze3D frame=100 id=right label=Right person v=[-0.570, -0.441, 0.693] yaw=-39.4 pitch=26.2 cx=315.4082794189453
2025-11-14 10:54:59,744 - INFO - openpose - Gaze PUB: people=2, frame_idx=100
2025-11-14 10:55:00,170 - INFO - openpose - Gaze3D frame=104 id=left label=Left person v=[-0.437, 0.083, 0.896] yaw=-26.0 pitch=-4.8 cx=116.60088348388672
2025-11-14 10:55:00,170 - INFO - openpose - Gaze3D frame=104 id=right label=Right person v=[-0.525, -0.488, 0.697] yaw=-37.0 pitch=29.2 cx=315.9549255371094
2025-11-14 10:55:00,170 - INFO - openpose - Gaze PUB: people=2, frame_idx=104
2025-11-14 10:55:00,589 - INFO - openpose - Gaze3D frame=108 id=left label=Left person v=[-0.414, 0.145, 0.899] yaw=-24.8 pitch=-8.3 cx=116.67033386230469
2025-11-14 10:55:00,589 - INFO - openpose - Gaze3D frame=108 id=right label=Right person v=[-0.516, -0.500, 0.695] yaw=-36.6 pitch=30.0 cx=317.82012939453125
2025-11-14 10:55:00,589 - INFO - openpose - Gaze PUB: people=2, frame_idx=108
2025-11-14 10:55:01,039 - INFO - openpose - Gaze3D frame=112 id=left label=Left person v=[-0.400, 0.220, 0.890] yaw=-24.2 pitch=-12.7 cx=116.78022003173828
2025-11-14 10:55:01,040 - INFO - openpose - Gaze3D frame=112 id=right label=Right person v=[-0.515, -0.551, 0.657] yaw=-38.1 pitch=33.4 cx=320.7251281738281
2025-11-14 10:55:01,040 - INFO - openpose - Gaze PUB: people=2, frame_idx=112
2025-11-14 10:55:01,479 - INFO - openpose - Gaze3D frame=116 id=left label=Left person v=[-0.447, 0.197, 0.873] yaw=-27.1 pitch=-11.4 cx=116.6595230102539
2025-11-14 10:55:01,480 - INFO - openpose - Gaze3D frame=116 id=right label=Right person v=[-0.476, -0.420, 0.773] yaw=-31.6 pitch=24.8 cx=323.6992950439453
2025-11-14 10:55:01,480 - INFO - openpose - Gaze PUB: people=2, frame_idx=116
2025-11-14 10:55:01,916 - INFO - openpose - Gaze3D frame=120 id=left label=Left person v=[-0.277, 0.040, 0.960] yaw=-16.1 pitch=-2.3 cx=116.43244171142578
2025-11-14 10:55:01,916 - INFO - openpose - Gaze3D frame=120 id=right label=Right person v=[-0.311, 0.155, 0.938] yaw=-18.3 pitch=-8.9 cx=340.5575866699219
2025-11-14 10:55:01,916 - INFO - openpose - Gaze PUB: people=2, frame_idx=120
2025-11-14 10:55:02,357 - INFO - openpose - Gaze3D frame=124 id=left label=Left person v=[-0.291, 0.151, 0.945] yaw=-17.1 pitch=-8.7 cx=116.30844497680664
2025-11-14 10:55:02,358 - INFO - openpose - Gaze3D frame=124 id=right label=Right person v=[-0.347, -0.057, 0.936] yaw=-20.3 pitch=3.3 cx=344.50413513183594
2025-11-14 10:55:02,358 - INFO - openpose - Gaze PUB: people=2, frame_idx=124
2025-11-14 10:55:02,787 - INFO - openpose - Gaze3D frame=128 id=left label=Left person v=[-0.313, 0.075, 0.947] yaw=-18.3 pitch=-4.3 cx=116.70734024047852
2025-11-14 10:55:02,788 - INFO - openpose - Gaze3D frame=128 id=right label=Right person v=[-0.502, -0.134, 0.855] yaw=-30.4 pitch=7.7 cx=326.557861328125
2025-11-14 10:55:02,788 - INFO - openpose - Gaze PUB: people=2, frame_idx=128
2025-11-14 10:55:03,247 - INFO - openpose - Gaze3D frame=132 id=left label=Left person v=[-0.253, 0.194, 0.948] yaw=-14.9 pitch=-11.2 cx=116.5456314086914
2025-11-14 10:55:03,248 - INFO - openpose - Gaze3D frame=132 id=right label=Right person v=[-0.434, -0.231, 0.871] yaw=-26.5 pitch=13.3 cx=318.11656188964844
2025-11-14 10:55:03,248 - INFO - openpose - Gaze PUB: people=2, frame_idx=132
2025-11-14 10:55:03,688 - INFO - openpose - Gaze3D frame=136 id=left label=Left person v=[-0.248, 0.080, 0.965] yaw=-14.4 pitch=-4.6 cx=116.76506042480469
2025-11-14 10:55:03,688 - INFO - openpose - Gaze3D frame=136 id=right label=Right person v=[-0.424, -0.200, 0.883] yaw=-25.6 pitch=11.5 cx=317.37139892578125
2025-11-14 10:55:03,688 - INFO - openpose - Gaze PUB: people=2, frame_idx=136
2025-11-14 10:55:04,145 - INFO - openpose - Gaze3D frame=140 id=left label=Left person v=[-0.057, 0.388, 0.920] yaw=-3.6 pitch=-22.8 cx=135.25115966796875
2025-11-14 10:55:04,145 - INFO - openpose - Gaze3D frame=140 id=right label=Right person v=[-0.550, -0.231, 0.802] yaw=-34.5 pitch=13.4 cx=317.62156677246094
2025-11-14 10:55:04,145 - INFO - openpose - Gaze PUB: people=2, frame_idx=140
2025-11-14 10:55:04,278 - INFO - openpose - Left person: Arm EXTENDED (depth-plane)
2025-11-14 10:55:04,278 - INFO - openpose - ZMQ Message received (non-blocking): PL: Arm Extended Check
2025-11-14 10:55:04,278 - INFO - openpose - ZMQ Sending: Left: Arm Extended
2025-11-14 10:55:04,343 - INFO - openpose - Left person: Arm RETRACTED (depth-plane)
2025-11-14 10:55:04,343 - INFO - openpose - ZMQ Message received (non-blocking): PL: Arm Retracted Check
2025-11-14 10:55:04,343 - INFO - openpose - ZMQ Sending: Left: Arm Retracted
2025-11-14 10:55:04,604 - INFO - openpose - Gaze3D frame=144 id=left label=Left person v=[-0.225, 0.414, 0.882] yaw=-14.3 pitch=-24.5 cx=162.58495330810547
2025-11-14 10:55:04,604 - INFO - openpose - Gaze3D frame=144 id=right label=Right person v=[-0.489, -0.219, 0.844] yaw=-30.1 pitch=12.7 cx=317.9208984375
2025-11-14 10:55:04,604 - INFO - openpose - Gaze PUB: people=2, frame_idx=144
2025-11-14 10:55:04,604 - INFO - openpose - Robot's turn detected
2025-11-14 10:55:05,159 - INFO - openpose - Gaze3D frame=148 id=None label=None v=[-0.384, -0.214, 0.898] yaw=-23.1 pitch=12.4 cx=317.90663146972656
2025-11-14 10:55:05,159 - INFO - openpose - Gaze3D frame=148 id=None label=None v=[-0.189, 0.417, 0.889] yaw=-12.0 pitch=-24.7 cx=166.48312377929688
2025-11-14 10:55:05,160 - INFO - openpose - Gaze PUB: people=2, frame_idx=148
2025-11-14 10:55:05,426 - INFO - openpose - Gaze3D frame=148 id=left label=Left person v=[-0.299, 0.441, 0.846] yaw=-19.5 pitch=-26.2 cx=155.5997314453125
2025-11-14 10:55:05,426 - INFO - openpose - Gaze3D frame=148 id=right label=Right person v=[-0.392, -0.187, 0.901] yaw=-23.5 pitch=10.8 cx=317.59716796875
2025-11-14 10:55:05,426 - INFO - openpose - Gaze PUB: people=2, frame_idx=148
2025-11-14 10:55:05,864 - INFO - openpose - Gaze3D frame=152 id=left label=Left person v=[0.336, 0.210, 0.918] yaw=20.1 pitch=-12.1 cx=122.10537719726562
2025-11-14 10:55:05,864 - INFO - openpose - Gaze3D frame=152 id=right label=Right person v=[-0.408, -0.154, 0.900] yaw=-24.4 pitch=8.8 cx=317.3004150390625
2025-11-14 10:55:05,864 - INFO - openpose - Gaze PUB: people=2, frame_idx=152
2025-11-14 10:55:06,326 - INFO - openpose - Gaze3D frame=156 id=left label=Left person v=[-0.216, -0.088, 0.972] yaw=-12.5 pitch=5.1 cx=116.13895797729492
2025-11-14 10:55:06,326 - INFO - openpose - Gaze3D frame=156 id=right label=Right person v=[-0.319, -0.262, 0.911] yaw=-19.3 pitch=15.2 cx=318.1067199707031
2025-11-14 10:55:06,326 - INFO - openpose - Gaze PUB: people=2, frame_idx=156
2025-11-14 10:55:06,777 - INFO - openpose - Gaze3D frame=160 id=left label=Left person v=[-0.177, -0.018, 0.984] yaw=-10.2 pitch=1.0 cx=117.84374237060547
2025-11-14 10:55:06,777 - INFO - openpose - Gaze3D frame=160 id=right label=Right person v=[-0.504, -0.245, 0.828] yaw=-31.3 pitch=14.2 cx=317.14622497558594
2025-11-14 10:55:06,777 - INFO - openpose - Gaze PUB: people=2, frame_idx=160
2025-11-14 10:55:07,220 - INFO - openpose - Gaze3D frame=164 id=left label=Left person v=[-0.199, 0.478, 0.856] yaw=-13.1 pitch=-28.5 cx=130.96287155151367
2025-11-14 10:55:07,220 - INFO - openpose - Gaze3D frame=164 id=right label=Right person v=[-0.501, -0.190, 0.844] yaw=-30.7 pitch=11.0 cx=316.5848846435547
2025-11-14 10:55:07,220 - INFO - openpose - Gaze PUB: people=2, frame_idx=164
2025-11-14 10:55:07,621 - INFO - openpose - Gaze3D frame=168 id=left label=Left person v=[-0.116, 0.458, 0.882] yaw=-7.5 pitch=-27.2 cx=168.44695281982422
2025-11-14 10:55:07,621 - INFO - openpose - Gaze3D frame=168 id=right label=Right person v=[-0.429, -0.218, 0.877] yaw=-26.0 pitch=12.6 cx=314.82606506347656
2025-11-14 10:55:07,621 - INFO - openpose - Gaze PUB: people=2, frame_idx=168
2025-11-14 10:55:08,045 - INFO - openpose - Gaze3D frame=172 id=left label=Left person v=[-0.250, 0.439, 0.863] yaw=-16.2 pitch=-26.0 cx=183.11376190185547
2025-11-14 10:55:08,046 - INFO - openpose - Gaze3D frame=172 id=right label=Right person v=[-0.528, -0.288, 0.799] yaw=-33.5 pitch=16.7 cx=312.03326416015625
2025-11-14 10:55:08,046 - INFO - openpose - Gaze PUB: people=2, frame_idx=172
2025-11-14 10:55:08,473 - INFO - openpose - Gaze3D frame=176 id=None label=None v=[-0.398, -0.629, 0.668] yaw=-30.8 pitch=39.0 cx=313.2299041748047
2025-11-14 10:55:08,473 - INFO - openpose - Gaze3D frame=176 id=None label=None v=[-0.299, 0.693, 0.655] yaw=-24.6 pitch=-43.9 cx=183.23212432861328
2025-11-14 10:55:08,474 - INFO - openpose - Gaze PUB: people=2, frame_idx=176
2025-11-14 10:55:08,707 - INFO - openpose - Gaze3D frame=176 id=None label=None v=[-0.490, -0.583, 0.648] yaw=-37.1 pitch=35.7 cx=315.40643310546875
2025-11-14 10:55:08,707 - INFO - openpose - Gaze3D frame=176 id=None label=None v=[-0.206, 0.570, 0.796] yaw=-14.5 pitch=-34.7 cx=194.25971221923828
2025-11-14 10:55:08,707 - INFO - openpose - Gaze PUB: people=2, frame_idx=176
2025-11-14 10:55:08,960 - INFO - openpose - Gaze3D frame=176 id=left label=Left person v=[-0.214, 0.587, 0.781] yaw=-15.4 pitch=-36.0 cx=204.32935333251953
2025-11-14 10:55:08,960 - INFO - openpose - Gaze3D frame=176 id=right label=Right person v=[-0.548, -0.369, 0.750] yaw=-36.2 pitch=21.7 cx=315.52488708496094
2025-11-14 10:55:08,960 - INFO - openpose - Gaze PUB: people=2, frame_idx=176
2025-11-14 10:55:09,377 - INFO - openpose - Gaze3D frame=180 id=left label=Left person v=[-0.198, 0.288, 0.937] yaw=-11.9 pitch=-16.7 cx=219.89976501464844
2025-11-14 10:55:09,377 - INFO - openpose - Gaze3D frame=180 id=right label=Right person v=[-0.630, -0.312, 0.711] yaw=-41.5 pitch=18.2 cx=311.104736328125
2025-11-14 10:55:09,377 - INFO - openpose - Gaze PUB: people=2, frame_idx=180
2025-11-14 10:55:09,842 - INFO - openpose - Gaze3D frame=184 id=left label=Left person v=[-0.228, 0.553, 0.801] yaw=-15.9 pitch=-33.6 cx=213.41859436035156
2025-11-14 10:55:09,843 - INFO - openpose - Gaze3D frame=184 id=right label=Right person v=[-0.652, 0.099, 0.752] yaw=-40.9 pitch=-5.7 cx=307.6523742675781
2025-11-14 10:55:09,843 - INFO - openpose - Gaze PUB: people=2, frame_idx=184
2025-11-14 10:55:10,290 - INFO - openpose - Gaze3D frame=188 id=left label=Left person v=[-0.043, 0.495, 0.868] yaw=-2.8 pitch=-29.6 cx=159.49376678466797
2025-11-14 10:55:10,290 - INFO - openpose - Gaze3D frame=188 id=right label=Right person v=[-0.681, -0.163, 0.713] yaw=-43.7 pitch=9.4 cx=307.1327362060547
2025-11-14 10:55:10,291 - INFO - openpose - Gaze PUB: people=2, frame_idx=188
2025-11-14 10:55:10,735 - INFO - openpose - Gaze3D frame=192 id=left label=Left person v=[-0.306, -0.217, 0.927] yaw=-18.3 pitch=12.5 cx=116.67473602294922
2025-11-14 10:55:10,736 - INFO - openpose - Gaze3D frame=192 id=right label=Right person v=[-0.550, -0.225, 0.804] yaw=-34.4 pitch=13.0 cx=307.2709045410156
2025-11-14 10:55:10,736 - INFO - openpose - Gaze PUB: people=2, frame_idx=192
2025-11-14 10:55:11,190 - INFO - openpose - Gaze3D frame=196 id=left label=Left person v=[-0.327, -0.257, 0.909] yaw=-19.8 pitch=14.9 cx=115.43185424804688
2025-11-14 10:55:11,190 - INFO - openpose - Gaze3D frame=196 id=right label=Right person v=[-0.594, -0.194, 0.781] yaw=-37.2 pitch=11.2 cx=311.2611999511719
2025-11-14 10:55:11,190 - INFO - openpose - Gaze PUB: people=2, frame_idx=196
2025-11-14 10:55:11,607 - INFO - openpose - Gaze3D frame=200 id=left label=Left person v=[-0.325, -0.183, 0.928] yaw=-19.3 pitch=10.6 cx=116.33313751220703
2025-11-14 10:55:11,607 - INFO - openpose - Gaze3D frame=200 id=right label=Right person v=[-0.446, -0.434, 0.782] yaw=-29.7 pitch=25.7 cx=314.465576171875
2025-11-14 10:55:11,607 - INFO - openpose - Gaze PUB: people=2, frame_idx=200
2025-11-14 10:55:12,057 - INFO - openpose - Gaze3D frame=204 id=left label=Left person v=[-0.245, -0.159, 0.956] yaw=-14.4 pitch=9.2 cx=116.87260818481445
2025-11-14 10:55:12,057 - INFO - openpose - Gaze3D frame=204 id=right label=Right person v=[-0.383, -0.449, 0.807] yaw=-25.4 pitch=26.7 cx=315.2256164550781
2025-11-14 10:55:12,058 - INFO - openpose - Gaze PUB: people=2, frame_idx=204
2025-11-14 10:55:12,490 - INFO - openpose - Gaze3D frame=208 id=left label=Left person v=[-0.196, -0.036, 0.980] yaw=-11.3 pitch=2.1 cx=117.49435424804688
2025-11-14 10:55:12,490 - INFO - openpose - Gaze3D frame=208 id=right label=Right person v=[-0.408, -0.508, 0.758] yaw=-28.3 pitch=30.6 cx=314.4288635253906
2025-11-14 10:55:12,497 - INFO - openpose - Gaze PUB: people=2, frame_idx=208
2025-11-14 10:55:12,946 - INFO - openpose - Gaze3D frame=212 id=left label=Left person v=[-0.247, -0.151, 0.957] yaw=-14.5 pitch=8.7 cx=117.4655990600586
2025-11-14 10:55:12,946 - INFO - openpose - Gaze3D frame=212 id=right label=Right person v=[-0.465, -0.367, 0.806] yaw=-30.0 pitch=21.5 cx=313.67173767089844
2025-11-14 10:55:12,946 - INFO - openpose - Gaze PUB: people=2, frame_idx=212
2025-11-14 10:55:13,379 - INFO - openpose - Gaze3D frame=216 id=left label=Left person v=[-0.151, -0.164, 0.975] yaw=-8.8 pitch=9.4 cx=117.33076858520508
2025-11-14 10:55:13,379 - INFO - openpose - Gaze3D frame=216 id=right label=Right person v=[-0.317, -0.129, 0.939] yaw=-18.7 pitch=7.4 cx=313.8424072265625
2025-11-14 10:55:13,379 - INFO - openpose - Gaze PUB: people=2, frame_idx=216
2025-11-14 10:55:13,776 - INFO - openpose - Gaze3D frame=220 id=left label=Left person v=[-0.173, -0.150, 0.973] yaw=-10.1 pitch=8.6 cx=117.49496841430664
2025-11-14 10:55:13,776 - INFO - openpose - Gaze3D frame=220 id=right label=Right person v=[-0.360, -0.130, 0.924] yaw=-21.3 pitch=7.4 cx=314.86045837402344
2025-11-14 10:55:13,776 - INFO - openpose - Gaze PUB: people=2, frame_idx=220
2025-11-14 10:55:14,216 - INFO - openpose - Gaze3D frame=224 id=left label=Left person v=[-0.333, 0.044, 0.942] yaw=-19.5 pitch=-2.5 cx=117.5763053894043
2025-11-14 10:55:14,217 - INFO - openpose - Gaze3D frame=224 id=right label=Right person v=[-0.300, -0.095, 0.949] yaw=-17.6 pitch=5.5 cx=314.0813751220703
2025-11-14 10:55:14,217 - INFO - openpose - Gaze PUB: people=2, frame_idx=224
2025-11-14 10:55:14,660 - INFO - openpose - Gaze3D frame=228 id=left label=Left person v=[-0.270, -0.069, 0.960] yaw=-15.7 pitch=4.0 cx=119.21784210205078
2025-11-14 10:55:14,660 - INFO - openpose - Gaze3D frame=228 id=right label=Right person v=[-0.404, -0.126, 0.906] yaw=-24.1 pitch=7.2 cx=313.4327697753906
2025-11-14 10:55:14,660 - INFO - openpose - Gaze PUB: people=2, frame_idx=228
2025-11-14 10:55:15,118 - INFO - openpose - Gaze3D frame=232 id=left label=Left person v=[-0.335, 0.180, 0.925] yaw=-19.9 pitch=-10.4 cx=118.21746444702148
2025-11-14 10:55:15,118 - INFO - openpose - Gaze3D frame=232 id=right label=Right person v=[-0.362, -0.103, 0.926] yaw=-21.4 pitch=5.9 cx=313.46632385253906
2025-11-14 10:55:15,118 - INFO - openpose - Gaze PUB: people=2, frame_idx=232
2025-11-14 10:55:15,568 - INFO - openpose - Gaze3D frame=236 id=left label=Left person v=[-0.341, 0.087, 0.936] yaw=-20.0 pitch=-5.0 cx=118.51622772216797
2025-11-14 10:55:15,568 - INFO - openpose - Gaze3D frame=236 id=right label=Right person v=[-0.386, -0.145, 0.911] yaw=-22.9 pitch=8.4 cx=313.7889862060547
2025-11-14 10:55:15,568 - INFO - openpose - Gaze PUB: people=2, frame_idx=236
2025-11-14 10:55:16,027 - INFO - openpose - Gaze3D frame=240 id=left label=Left person v=[-0.249, 0.052, 0.967] yaw=-14.4 pitch=-3.0 cx=119.48776626586914
2025-11-14 10:55:16,027 - INFO - openpose - Gaze3D frame=240 id=right label=Right person v=[-0.386, -0.135, 0.913] yaw=-22.9 pitch=7.7 cx=313.49554443359375
2025-11-14 10:55:16,027 - INFO - openpose - Gaze PUB: people=2, frame_idx=240
2025-11-14 10:55:16,471 - INFO - openpose - Gaze3D frame=244 id=left label=Left person v=[-0.310, -0.034, 0.950] yaw=-18.1 pitch=1.9 cx=117.49588394165039
2025-11-14 10:55:16,471 - INFO - openpose - Gaze3D frame=244 id=right label=Right person v=[-0.340, -0.110, 0.934] yaw=-20.0 pitch=6.3 cx=314.06019592285156
2025-11-14 10:55:16,471 - INFO - openpose - Gaze PUB: people=2, frame_idx=244
2025-11-14 10:55:16,935 - INFO - openpose - Gaze3D frame=248 id=left label=Left person v=[-0.327, -0.019, 0.945] yaw=-19.1 pitch=1.1 cx=118.88003158569336
2025-11-14 10:55:16,935 - INFO - openpose - Gaze3D frame=248 id=right label=Right person v=[-0.403, -0.026, 0.915] yaw=-23.8 pitch=1.5 cx=314.5128479003906
2025-11-14 10:55:16,935 - INFO - openpose - Gaze PUB: people=2, frame_idx=248
2025-11-14 10:55:17,382 - INFO - openpose - Gaze3D frame=252 id=left label=Left person v=[-0.252, -0.042, 0.967] yaw=-14.6 pitch=2.4 cx=117.91769027709961
2025-11-14 10:55:17,382 - INFO - openpose - Gaze3D frame=252 id=right label=Right person v=[-0.412, -0.011, 0.911] yaw=-24.3 pitch=0.6 cx=313.7246551513672
2025-11-14 10:55:17,382 - INFO - openpose - Gaze PUB: people=2, frame_idx=252
2025-11-14 10:55:17,835 - INFO - openpose - Gaze3D frame=256 id=left label=Left person v=[-0.283, -0.066, 0.957] yaw=-16.5 pitch=3.8 cx=118.52104949951172
2025-11-14 10:55:17,836 - INFO - openpose - Gaze3D frame=256 id=right label=Right person v=[-0.458, -0.092, 0.884] yaw=-27.4 pitch=5.3 cx=313.62059020996094
2025-11-14 10:55:17,843 - INFO - openpose - Gaze PUB: people=2, frame_idx=256
2025-11-14 10:55:18,287 - INFO - openpose - Gaze3D frame=260 id=left label=Left person v=[-0.262, 0.019, 0.965] yaw=-15.2 pitch=-1.1 cx=118.6183853149414
2025-11-14 10:55:18,287 - INFO - openpose - Gaze3D frame=260 id=right label=Right person v=[-0.461, -0.046, 0.886] yaw=-27.5 pitch=2.6 cx=314.00083923339844
2025-11-14 10:55:18,288 - INFO - openpose - Gaze PUB: people=2, frame_idx=260
2025-11-14 10:55:18,751 - INFO - openpose - Gaze3D frame=264 id=left label=Left person v=[-0.312, -0.052, 0.949] yaw=-18.2 pitch=3.0 cx=118.68037414550781
2025-11-14 10:55:18,752 - INFO - openpose - Gaze3D frame=264 id=right label=Right person v=[-0.485, -0.023, 0.874] yaw=-29.0 pitch=1.3 cx=314.1271057128906
2025-11-14 10:55:18,752 - INFO - openpose - Gaze PUB: people=2, frame_idx=264
2025-11-14 10:55:19,190 - INFO - openpose - Gaze3D frame=268 id=left label=Left person v=[-0.292, -0.059, 0.954] yaw=-17.0 pitch=3.4 cx=118.31978225708008
2025-11-14 10:55:19,190 - INFO - openpose - Gaze3D frame=268 id=right label=Right person v=[-0.409, -0.018, 0.913] yaw=-24.1 pitch=1.0 cx=314.15614318847656
2025-11-14 10:55:19,190 - INFO - openpose - Gaze PUB: people=2, frame_idx=268
2025-11-14 10:55:19,636 - INFO - openpose - Gaze3D frame=272 id=left label=Left person v=[-0.297, 0.093, 0.950] yaw=-17.4 pitch=-5.3 cx=118.5718879699707
2025-11-14 10:55:19,636 - INFO - openpose - Gaze3D frame=272 id=right label=Right person v=[-0.460, 0.105, 0.882] yaw=-27.6 pitch=-6.0 cx=314.2661437988281
2025-11-14 10:55:19,636 - INFO - openpose - Gaze PUB: people=2, frame_idx=272
2025-11-14 10:55:20,090 - INFO - openpose - Gaze3D frame=276 id=left label=Left person v=[-0.331, 0.117, 0.936] yaw=-19.4 pitch=-6.7 cx=119.51364135742188
2025-11-14 10:55:20,091 - INFO - openpose - Gaze3D frame=276 id=right label=Right person v=[-0.395, 0.172, 0.903] yaw=-23.6 pitch=-9.9 cx=313.627685546875
2025-11-14 10:55:20,091 - INFO - openpose - Gaze PUB: people=2, frame_idx=276
2025-11-14 10:55:20,552 - INFO - openpose - Gaze3D frame=280 id=left label=Left person v=[-0.419, 0.151, 0.895] yaw=-25.1 pitch=-8.7 cx=121.12610244750977
2025-11-14 10:55:20,552 - INFO - openpose - Gaze3D frame=280 id=right label=Right person v=[-0.525, -0.164, 0.835] yaw=-32.1 pitch=9.5 cx=307.3354187011719
2025-11-14 10:55:20,552 - INFO - openpose - Gaze PUB: people=2, frame_idx=280
2025-11-14 10:55:21,013 - INFO - openpose - Gaze3D frame=284 id=left label=Left person v=[-0.385, 0.151, 0.910] yaw=-22.9 pitch=-8.7 cx=121.61652374267578
2025-11-14 10:55:21,014 - INFO - openpose - Gaze3D frame=284 id=right label=Right person v=[-0.277, 0.269, 0.923] yaw=-16.7 pitch=-15.6 cx=299.2502746582031
2025-11-14 10:55:21,014 - INFO - openpose - Gaze PUB: people=2, frame_idx=284
2025-11-14 10:55:21,455 - INFO - openpose - Gaze3D frame=288 id=left label=Left person v=[-0.358, 0.246, 0.901] yaw=-21.7 pitch=-14.3 cx=122.49181365966797
2025-11-14 10:55:21,455 - INFO - openpose - Gaze3D frame=288 id=right label=Right person v=[-0.681, 0.353, 0.641] yaw=-46.7 pitch=-20.7 cx=296.97674560546875
2025-11-14 10:55:21,456 - INFO - openpose - Gaze PUB: people=2, frame_idx=288
2025-11-14 10:55:21,832 - INFO - openpose - Gaze3D frame=292 id=left label=Left person v=[-0.362, 0.236, 0.902] yaw=-21.9 pitch=-13.7 cx=122.3902587890625
2025-11-14 10:55:21,832 - INFO - openpose - Gaze PUB: people=1, frame_idx=292
2025-11-14 10:55:22,333 - INFO - openpose - Gaze3D frame=296 id=left label=Left person v=[-0.373, 0.217, 0.902] yaw=-22.5 pitch=-12.5 cx=122.37319564819336
2025-11-14 10:55:22,334 - INFO - openpose - Gaze3D frame=296 id=right label=Right person v=[-0.664, -0.327, 0.672] yaw=-44.6 pitch=19.1 cx=307.21710205078125
2025-11-14 10:55:22,334 - INFO - openpose - Gaze PUB: people=2, frame_idx=296
2025-11-14 10:55:22,783 - INFO - openpose - Gaze3D frame=300 id=left label=Left person v=[-0.310, 0.275, 0.910] yaw=-18.8 pitch=-15.9 cx=122.18251037597656
2025-11-14 10:55:22,783 - INFO - openpose - Gaze3D frame=300 id=right label=Right person v=[-0.535, -0.093, 0.839] yaw=-32.5 pitch=5.3 cx=317.7597351074219
2025-11-14 10:55:22,783 - INFO - openpose - Gaze PUB: people=2, frame_idx=300
2025-11-14 10:55:23,231 - INFO - openpose - Gaze3D frame=304 id=left label=Left person v=[-0.244, 0.535, 0.809] yaw=-16.8 pitch=-32.3 cx=124.30309677124023
2025-11-14 10:55:23,231 - INFO - openpose - Gaze3D frame=304 id=right label=Right person v=[-0.256, 0.112, 0.960] yaw=-15.0 pitch=-6.4 cx=321.5710754394531
2025-11-14 10:55:23,239 - INFO - openpose - Gaze PUB: people=2, frame_idx=304
2025-11-14 10:55:23,706 - INFO - openpose - Gaze3D frame=308 id=left label=Left person v=[-0.192, 0.589, 0.785] yaw=-13.7 pitch=-36.1 cx=125.79362106323242
2025-11-14 10:55:23,706 - INFO - openpose - Gaze3D frame=308 id=right label=Right person v=[-0.549, -0.226, 0.805] yaw=-34.3 pitch=13.1 cx=341.15745544433594
2025-11-14 10:55:23,706 - INFO - openpose - Gaze PUB: people=2, frame_idx=308
2025-11-14 10:55:24,168 - INFO - openpose - Gaze3D frame=312 id=left label=Left person v=[-0.226, 0.573, 0.788] yaw=-16.0 pitch=-35.0 cx=125.49967956542969
2025-11-14 10:55:24,168 - INFO - openpose - Gaze3D frame=312 id=right label=Right person v=[-0.449, -0.277, 0.850] yaw=-27.9 pitch=16.1 cx=345.88453674316406
2025-11-14 10:55:24,168 - INFO - openpose - Gaze PUB: people=2, frame_idx=312
2025-11-14 10:55:24,629 - INFO - openpose - Gaze3D frame=316 id=left label=Left person v=[-0.198, 0.493, 0.847] yaw=-13.1 pitch=-29.5 cx=125.4703369140625
2025-11-14 10:55:24,629 - INFO - openpose - Gaze3D frame=316 id=right label=Right person v=[-0.462, -0.161, 0.872] yaw=-27.9 pitch=9.2 cx=337.1448974609375
2025-11-14 10:55:24,629 - INFO - openpose - Gaze PUB: people=2, frame_idx=316
2025-11-14 10:55:25,062 - INFO - openpose - Gaze3D frame=320 id=left label=Left person v=[-0.292, 0.199, 0.936] yaw=-17.3 pitch=-11.5 cx=124.46879577636719
2025-11-14 10:55:25,062 - INFO - openpose - Gaze3D frame=320 id=right label=Right person v=[-0.536, -0.260, 0.803] yaw=-33.7 pitch=15.0 cx=317.6644744873047
2025-11-14 10:55:25,062 - INFO - openpose - Gaze PUB: people=2, frame_idx=320
2025-11-14 10:55:25,491 - INFO - openpose - Gaze3D frame=324 id=left label=Left person v=[-0.192, 0.664, 0.723] yaw=-14.9 pitch=-41.6 cx=124.80817413330078
2025-11-14 10:55:25,491 - INFO - openpose - Gaze3D frame=324 id=right label=Right person v=[-0.586, -0.206, 0.784] yaw=-36.8 pitch=11.9 cx=307.3660888671875
2025-11-14 10:55:25,491 - INFO - openpose - Gaze PUB: people=2, frame_idx=324
2025-11-14 10:55:25,911 - INFO - openpose - Gaze3D frame=328 id=left label=Left person v=[-0.242, 0.590, 0.770] yaw=-17.4 pitch=-36.2 cx=125.10733795166016
2025-11-14 10:55:25,911 - INFO - openpose - Gaze3D frame=328 id=right label=Right person v=[-0.507, -0.521, 0.687] yaw=-36.4 pitch=31.4 cx=303.7570037841797
2025-11-14 10:55:25,911 - INFO - openpose - Gaze PUB: people=2, frame_idx=328
2025-11-14 10:55:26,345 - INFO - openpose - Gaze3D frame=332 id=left label=Left person v=[-0.153, 0.515, 0.843] yaw=-10.3 pitch=-31.0 cx=125.17864227294922
2025-11-14 10:55:26,345 - INFO - openpose - Gaze3D frame=332 id=right label=Right person v=[-0.680, -0.327, 0.656] yaw=-46.0 pitch=19.1 cx=306.7815246582031
2025-11-14 10:55:26,345 - INFO - openpose - Gaze PUB: people=2, frame_idx=332
2025-11-14 10:55:26,779 - INFO - openpose - Gaze3D frame=336 id=left label=Left person v=[-0.179, 0.603, 0.777] yaw=-12.9 pitch=-37.1 cx=125.13498306274414
2025-11-14 10:55:26,779 - INFO - openpose - Gaze3D frame=336 id=right label=Right person v=[-0.732, -0.253, 0.633] yaw=-49.1 pitch=14.7 cx=311.2731018066406
2025-11-14 10:55:26,779 - INFO - openpose - Gaze PUB: people=2, frame_idx=336
2025-11-14 10:55:27,214 - INFO - openpose - Gaze3D frame=340 id=left label=Left person v=[-0.260, 0.526, 0.810] yaw=-17.8 pitch=-31.7 cx=124.87675094604492
2025-11-14 10:55:27,215 - INFO - openpose - Gaze3D frame=340 id=right label=Right person v=[-0.584, -0.513, 0.628] yaw=-42.9 pitch=30.9 cx=310.5964813232422
2025-11-14 10:55:27,215 - INFO - openpose - Gaze PUB: people=2, frame_idx=340
2025-11-14 10:55:27,662 - INFO - openpose - Gaze3D frame=344 id=left label=Left person v=[-0.281, 0.542, 0.792] yaw=-19.5 pitch=-32.8 cx=125.4956283569336
2025-11-14 10:55:27,662 - INFO - openpose - Gaze3D frame=344 id=right label=Right person v=[-0.604, -0.302, 0.738] yaw=-39.3 pitch=17.6 cx=308.2911682128906
2025-11-14 10:55:27,662 - INFO - openpose - Gaze PUB: people=2, frame_idx=344
2025-11-14 10:55:28,112 - INFO - openpose - Gaze3D frame=348 id=left label=Left person v=[-0.242, 0.416, 0.877] yaw=-15.4 pitch=-24.6 cx=124.69982528686523
2025-11-14 10:55:28,113 - INFO - openpose - Gaze3D frame=348 id=right label=Right person v=[-0.593, 0.577, 0.561] yaw=-46.6 pitch=-35.3 cx=312.107177734375
2025-11-14 10:55:28,113 - INFO - openpose - Gaze PUB: people=2, frame_idx=348
2025-11-14 10:55:28,567 - INFO - openpose - Gaze3D frame=352 id=left label=Left person v=[-0.329, 0.296, 0.897] yaw=-20.2 pitch=-17.2 cx=123.72137069702148
2025-11-14 10:55:28,567 - INFO - openpose - Gaze3D frame=352 id=right label=Right person v=[-0.390, -0.309, 0.867] yaw=-24.2 pitch=18.0 cx=318.70526123046875
2025-11-14 10:55:28,575 - INFO - openpose - Gaze PUB: people=2, frame_idx=352
2025-11-14 10:55:29,048 - INFO - openpose - Gaze3D frame=356 id=left label=Left person v=[-0.449, -0.114, 0.886] yaw=-26.9 pitch=6.5 cx=119.9580307006836
2025-11-14 10:55:29,048 - INFO - openpose - Gaze3D frame=356 id=right label=Right person v=[-0.451, -0.549, 0.704] yaw=-32.6 pitch=33.3 cx=326.3273620605469
2025-11-14 10:55:29,048 - INFO - openpose - Gaze PUB: people=2, frame_idx=356
2025-11-14 10:55:29,483 - INFO - openpose - Gaze3D frame=360 id=left label=Left person v=[-0.383, 0.126, 0.915] yaw=-22.7 pitch=-7.2 cx=120.89758682250977
2025-11-14 10:55:29,483 - INFO - openpose - Gaze3D frame=360 id=right label=Right person v=[-0.537, -0.553, 0.637] yaw=-40.2 pitch=33.6 cx=327.817626953125
2025-11-14 10:55:29,483 - INFO - openpose - Gaze PUB: people=2, frame_idx=360
2025-11-14 10:55:29,918 - INFO - openpose - Gaze3D frame=364 id=left label=Left person v=[-0.329, 0.107, 0.938] yaw=-19.3 pitch=-6.1 cx=120.737548828125
2025-11-14 10:55:29,918 - INFO - openpose - Gaze3D frame=364 id=right label=Right person v=[-0.498, -0.523, 0.692] yaw=-35.8 pitch=31.5 cx=328.08384704589844
2025-11-14 10:55:29,918 - INFO - openpose - Gaze PUB: people=2, frame_idx=364
2025-11-14 10:55:30,349 - INFO - openpose - Gaze3D frame=368 id=left label=Left person v=[-0.305, 0.051, 0.951] yaw=-17.8 pitch=-2.9 cx=121.61941528320312
2025-11-14 10:55:30,350 - INFO - openpose - Gaze3D frame=368 id=right label=Right person v=[-0.493, -0.403, 0.771] yaw=-32.6 pitch=23.8 cx=329.2934265136719
2025-11-14 10:55:30,350 - INFO - openpose - Gaze PUB: people=2, frame_idx=368
2025-11-14 10:55:30,806 - INFO - openpose - Gaze3D frame=372 id=left label=Left person v=[-0.412, -0.018, 0.911] yaw=-24.3 pitch=1.0 cx=121.24837875366211
2025-11-14 10:55:30,806 - INFO - openpose - Gaze3D frame=372 id=right label=Right person v=[-0.227, -0.010, 0.974] yaw=-13.1 pitch=0.5 cx=334.9193115234375
2025-11-14 10:55:30,806 - INFO - openpose - Gaze PUB: people=2, frame_idx=372
2025-11-14 10:55:31,228 - INFO - openpose - Gaze3D frame=376 id=left label=Left person v=[-0.524, 0.109, 0.844] yaw=-31.8 pitch=-6.2 cx=124.6383056640625
2025-11-14 10:55:31,228 - INFO - openpose - Gaze3D frame=376 id=right label=Right person v=[-0.498, -0.345, 0.795] yaw=-32.0 pitch=20.2 cx=329.3896179199219
2025-11-14 10:55:31,228 - INFO - openpose - Gaze PUB: people=2, frame_idx=376
2025-11-14 10:55:31,671 - INFO - openpose - Gaze3D frame=380 id=left label=Left person v=[-0.234, 0.437, 0.868] yaw=-15.1 pitch=-25.9 cx=130.11820602416992
2025-11-14 10:55:31,671 - INFO - openpose - Gaze3D frame=380 id=right label=Right person v=[-0.505, -0.069, 0.861] yaw=-30.4 pitch=4.0 cx=326.97621154785156
2025-11-14 10:55:31,671 - INFO - openpose - Gaze PUB: people=2, frame_idx=380
2025-11-14 10:55:32,119 - INFO - openpose - Gaze3D frame=384 id=left label=Left person v=[-0.198, 0.351, 0.915] yaw=-12.2 pitch=-20.6 cx=147.89041900634766
2025-11-14 10:55:32,120 - INFO - openpose - Gaze3D frame=384 id=right label=Right person v=[-0.492, -0.115, 0.863] yaw=-29.7 pitch=6.6 cx=322.36375427246094
2025-11-14 10:55:32,120 - INFO - openpose - Gaze PUB: people=2, frame_idx=384
2025-11-14 10:55:32,556 - INFO - openpose - Gaze3D frame=388 id=left label=Left person v=[-0.179, 0.505, 0.844] yaw=-12.0 pitch=-30.3 cx=178.13717651367188
2025-11-14 10:55:32,556 - INFO - openpose - Gaze3D frame=388 id=right label=Right person v=[-0.468, -0.272, 0.841] yaw=-29.1 pitch=15.8 cx=320.1497802734375
2025-11-14 10:55:32,556 - INFO - openpose - Gaze PUB: people=2, frame_idx=388
2025-11-14 10:55:33,021 - INFO - openpose - Gaze3D frame=392 id=left label=Left person v=[-0.389, 0.309, 0.868] yaw=-24.1 pitch=-18.0 cx=199.58257293701172
2025-11-14 10:55:33,021 - INFO - openpose - Gaze3D frame=392 id=right label=Right person v=[-0.474, -0.164, 0.865] yaw=-28.7 pitch=9.5 cx=322.90870666503906
2025-11-14 10:55:33,021 - INFO - openpose - Gaze PUB: people=2, frame_idx=392
2025-11-14 10:55:33,472 - INFO - openpose - Gaze3D frame=396 id=left label=Left person v=[-0.376, -0.385, 0.843] yaw=-24.0 pitch=22.6 cx=202.86112213134766
2025-11-14 10:55:33,472 - INFO - openpose - Gaze3D frame=396 id=right label=Right person v=[-0.348, 0.237, 0.907] yaw=-21.0 pitch=-13.7 cx=326.79840087890625
2025-11-14 10:55:33,472 - INFO - openpose - Gaze PUB: people=2, frame_idx=396
2025-11-14 10:55:33,945 - INFO - openpose - Gaze3D frame=400 id=left label=Left person v=[-0.497, -0.223, 0.838] yaw=-30.7 pitch=12.9 cx=202.9204330444336
2025-11-14 10:55:33,945 - INFO - openpose - Gaze3D frame=400 id=right label=Right person v=[-0.368, -0.067, 0.927] yaw=-21.7 pitch=3.8 cx=331.63128662109375
2025-11-14 10:55:33,952 - INFO - openpose - Gaze PUB: people=2, frame_idx=400
2025-11-14 10:55:34,372 - INFO - openpose - Gaze3D frame=404 id=left label=Left person v=[-0.222, 0.623, 0.750] yaw=-16.5 pitch=-38.5 cx=212.1375961303711
2025-11-14 10:55:34,372 - INFO - openpose - Gaze3D frame=404 id=right label=Right person v=[-0.395, -0.048, 0.917] yaw=-23.3 pitch=2.7 cx=330.9454040527344
2025-11-14 10:55:34,372 - INFO - openpose - Gaze PUB: people=2, frame_idx=404
2025-11-14 10:55:34,841 - INFO - openpose - Gaze3D frame=408 id=left label=Left person v=[-0.252, 0.515, 0.819] yaw=-17.1 pitch=-31.0 cx=206.39199829101562
2025-11-14 10:55:34,841 - INFO - openpose - Gaze3D frame=408 id=right label=Right person v=[-0.456, -0.062, 0.888] yaw=-27.2 pitch=3.5 cx=331.25933837890625
2025-11-14 10:55:34,841 - INFO - openpose - Gaze PUB: people=2, frame_idx=408
2025-11-14 10:55:35,296 - INFO - openpose - Gaze3D frame=412 id=left label=Left person v=[-0.095, 0.241, 0.966] yaw=-5.6 pitch=-13.9 cx=159.58951568603516
2025-11-14 10:55:35,296 - INFO - openpose - Gaze3D frame=412 id=right label=Right person v=[-0.507, -0.236, 0.829] yaw=-31.4 pitch=13.6 cx=330.739990234375
2025-11-14 10:55:35,296 - INFO - openpose - Gaze PUB: people=2, frame_idx=412
2025-11-14 10:55:35,747 - INFO - openpose - Gaze3D frame=416 id=left label=Left person v=[-0.141, 0.328, 0.934] yaw=-8.6 pitch=-19.2 cx=126.10852432250977
2025-11-14 10:55:35,748 - INFO - openpose - Gaze3D frame=416 id=right label=Right person v=[-0.531, -0.526, 0.665] yaw=-38.6 pitch=31.7 cx=325.8196563720703
2025-11-14 10:55:35,748 - INFO - openpose - Gaze PUB: people=2, frame_idx=416
2025-11-14 10:55:36,203 - INFO - openpose - Gaze3D frame=420 id=left label=Left person v=[-0.233, 0.420, 0.877] yaw=-14.9 pitch=-24.9 cx=119.65853118896484
2025-11-14 10:55:36,204 - INFO - openpose - Gaze3D frame=420 id=right label=Right person v=[-0.394, -0.372, 0.840] yaw=-25.1 pitch=21.9 cx=316.2087097167969
2025-11-14 10:55:36,204 - INFO - openpose - Gaze PUB: people=2, frame_idx=420
2025-11-14 10:55:36,645 - INFO - openpose - Gaze3D frame=424 id=left label=Left person v=[-0.193, 0.223, 0.955] yaw=-11.4 pitch=-12.9 cx=116.87664031982422
2025-11-14 10:55:36,645 - INFO - openpose - Gaze3D frame=424 id=right label=Right person v=[-0.458, -0.187, 0.869] yaw=-27.8 pitch=10.8 cx=306.5874481201172
2025-11-14 10:55:36,645 - INFO - openpose - Gaze PUB: people=2, frame_idx=424
2025-11-14 10:55:37,093 - INFO - openpose - Gaze3D frame=428 id=left label=Left person v=[-0.262, 0.245, 0.933] yaw=-15.7 pitch=-14.2 cx=112.75349807739258
2025-11-14 10:55:37,093 - INFO - openpose - Gaze3D frame=428 id=right label=Right person v=[-0.565, -0.379, 0.733] yaw=-37.6 pitch=22.3 cx=301.658447265625
2025-11-14 10:55:37,093 - INFO - openpose - Gaze PUB: people=2, frame_idx=428
2025-11-14 10:55:37,532 - INFO - openpose - Gaze3D frame=432 id=left label=Left person v=[-0.355, 0.135, 0.925] yaw=-21.0 pitch=-7.8 cx=110.65504837036133
2025-11-14 10:55:37,532 - INFO - openpose - Gaze3D frame=432 id=right label=Right person v=[-0.572, -0.424, 0.702] yaw=-39.2 pitch=25.1 cx=304.91575622558594
2025-11-14 10:55:37,532 - INFO - openpose - Gaze PUB: people=2, frame_idx=432
2025-11-14 10:55:37,646 - INFO - openpose - Right person: Arm EXTENDED (depth-plane)
2025-11-14 10:55:37,647 - INFO - openpose - ZMQ Message received (non-blocking): PR: Arm Extended Check
2025-11-14 10:55:37,647 - INFO - openpose - ZMQ Sending: Right: Arm Extended
2025-11-14 10:55:37,971 - INFO - openpose - Gaze3D frame=436 id=left label=Left person v=[-0.219, 0.214, 0.952] yaw=-12.9 pitch=-12.4 cx=100.34564208984375
2025-11-14 10:55:37,972 - INFO - openpose - Gaze3D frame=436 id=right label=Right person v=[-0.717, -0.317, 0.621] yaw=-49.1 pitch=18.5 cx=306.9554748535156
2025-11-14 10:55:37,972 - INFO - openpose - Gaze PUB: people=2, frame_idx=436
2025-11-14 10:55:38,396 - INFO - openpose - Gaze3D frame=440 id=left label=Left person v=[-0.338, 0.097, 0.936] yaw=-19.8 pitch=-5.6 cx=100.90320587158203
2025-11-14 10:55:38,396 - INFO - openpose - Gaze3D frame=440 id=right label=Right person v=[-0.689, -0.214, 0.692] yaw=-44.9 pitch=12.4 cx=309.72645568847656
2025-11-14 10:55:38,396 - INFO - openpose - Gaze PUB: people=2, frame_idx=440
2025-11-14 10:55:38,846 - INFO - openpose - Gaze3D frame=444 id=left label=Left person v=[-0.381, 0.181, 0.907] yaw=-22.8 pitch=-10.4 cx=99.0390510559082
2025-11-14 10:55:38,846 - INFO - openpose - Gaze3D frame=444 id=right label=Right person v=[-0.738, -0.300, 0.605] yaw=-50.6 pitch=17.4 cx=306.9063262939453
2025-11-14 10:55:38,846 - INFO - openpose - Gaze PUB: people=2, frame_idx=444
2025-11-14 10:55:39,305 - INFO - openpose - Gaze3D frame=448 id=left label=Left person v=[-0.298, 0.149, 0.943] yaw=-17.6 pitch=-8.5 cx=97.97916030883789
2025-11-14 10:55:39,305 - INFO - openpose - Gaze3D frame=448 id=right label=Right person v=[-0.704, -0.339, 0.624] yaw=-48.4 pitch=19.8 cx=306.18016052246094
2025-11-14 10:55:39,305 - INFO - openpose - Gaze PUB: people=2, frame_idx=448
2025-11-14 10:55:39,722 - INFO - openpose - Gaze3D frame=452 id=left label=Left person v=[-0.365, -0.039, 0.930] yaw=-21.5 pitch=2.2 cx=100.48332595825195
2025-11-14 10:55:39,722 - INFO - openpose - Gaze3D frame=452 id=right label=Right person v=[-0.691, -0.263, 0.673] yaw=-45.8 pitch=15.2 cx=307.0050811767578
2025-11-14 10:55:39,722 - INFO - openpose - Gaze PUB: people=2, frame_idx=452
2025-11-14 10:55:40,166 - INFO - openpose - Gaze3D frame=456 id=left label=Left person v=[-0.196, -0.075, 0.978] yaw=-11.4 pitch=4.3 cx=101.23437118530273
2025-11-14 10:55:40,166 - INFO - openpose - Gaze3D frame=456 id=right label=Right person v=[-0.705, -0.201, 0.681] yaw=-46.0 pitch=11.6 cx=308.03143310546875
2025-11-14 10:55:40,166 - INFO - openpose - Gaze PUB: people=2, frame_idx=456
2025-11-14 10:55:40,609 - INFO - openpose - Gaze3D frame=460 id=left label=Left person v=[-0.264, 0.187, 0.946] yaw=-15.6 pitch=-10.8 cx=110.40348815917969
2025-11-14 10:55:40,609 - INFO - openpose - Gaze3D frame=460 id=right label=Right person v=[-0.375, -0.034, 0.927] yaw=-22.0 pitch=2.0 cx=317.75306701660156
2025-11-14 10:55:40,609 - INFO - openpose - Gaze PUB: people=2, frame_idx=460
2025-11-14 10:55:40,610 - INFO - openpose - Right person: Arm RETRACTED (depth-plane)
2025-11-14 10:55:40,610 - INFO - openpose - ZMQ Message received (non-blocking): PR: Arm Retracted Check
2025-11-14 10:55:40,610 - INFO - openpose - ZMQ Sending: Right: Arm Retracted
2025-11-14 10:55:41,051 - INFO - openpose - Gaze3D frame=464 id=left label=Left person v=[-0.252, 0.297, 0.921] yaw=-15.3 pitch=-17.3 cx=138.7915267944336
2025-11-14 10:55:41,051 - INFO - openpose - Gaze3D frame=464 id=right label=Right person v=[-0.465, -0.392, 0.794] yaw=-30.3 pitch=23.1 cx=328.9574432373047
2025-11-14 10:55:41,051 - INFO - openpose - Gaze PUB: people=2, frame_idx=464
2025-11-14 10:55:41,053 - INFO - openpose - Left person: Arm EXTENDED (depth-plane)
2025-11-14 10:55:41,514 - INFO - openpose - Gaze3D frame=468 id=left label=Left person v=[-0.276, 0.167, 0.946] yaw=-16.3 pitch=-9.6 cx=172.8831787109375
2025-11-14 10:55:41,514 - INFO - openpose - Gaze3D frame=468 id=right label=Right person v=[-0.436, 0.014, 0.900] yaw=-25.8 pitch=-0.8 cx=334.88121032714844
2025-11-14 10:55:41,514 - INFO - openpose - Gaze PUB: people=2, frame_idx=468
2025-11-14 10:55:41,515 - INFO - openpose - ZMQ Message received (non-blocking): PL: Arm Extended Check
2025-11-14 10:55:41,515 - INFO - openpose - ZMQ Sending: Left: Arm Extended
2025-11-14 10:55:41,975 - INFO - openpose - Gaze3D frame=472 id=left label=Left person v=[-0.329, 0.022, 0.944] yaw=-19.2 pitch=-1.3 cx=187.54688262939453
2025-11-14 10:55:41,975 - INFO - openpose - Gaze3D frame=472 id=right label=Right person v=[-0.427, -0.073, 0.902] yaw=-25.3 pitch=4.2 cx=334.60047912597656
2025-11-14 10:55:41,975 - INFO - openpose - Gaze PUB: people=2, frame_idx=472
2025-11-14 10:55:42,419 - INFO - openpose - Gaze3D frame=476 id=left label=Left person v=[-0.354, 0.147, 0.924] yaw=-21.0 pitch=-8.4 cx=189.63770294189453
2025-11-14 10:55:42,420 - INFO - openpose - Gaze3D frame=476 id=right label=Right person v=[-0.423, -0.205, 0.883] yaw=-25.6 pitch=11.8 cx=335.20668029785156
2025-11-14 10:55:42,420 - INFO - openpose - Gaze PUB: people=2, frame_idx=476
2025-11-14 10:55:42,862 - INFO - openpose - Gaze3D frame=480 id=left label=Left person v=[-0.317, -0.222, 0.922] yaw=-19.0 pitch=12.9 cx=189.0748291015625
2025-11-14 10:55:42,862 - INFO - openpose - Gaze3D frame=480 id=right label=Right person v=[-0.391, -0.222, 0.893] yaw=-23.6 pitch=12.9 cx=334.5046844482422
2025-11-14 10:55:42,862 - INFO - openpose - Gaze PUB: people=2, frame_idx=480
2025-11-14 10:55:43,297 - INFO - openpose - Gaze3D frame=484 id=left label=Left person v=[-0.153, 0.264, 0.952] yaw=-9.1 pitch=-15.3 cx=186.6797866821289
2025-11-14 10:55:43,297 - INFO - openpose - Gaze3D frame=484 id=right label=Right person v=[-0.414, -0.073, 0.907] yaw=-24.5 pitch=4.2 cx=334.70751953125
2025-11-14 10:55:43,297 - INFO - openpose - Gaze PUB: people=2, frame_idx=484
2025-11-14 10:55:43,691 - INFO - openpose - Gaze3D frame=488 id=left label=Left person v=[0.001, 0.025, 1.000] yaw=0.1 pitch=-1.4 cx=151.41533660888672
2025-11-14 10:55:43,692 - INFO - openpose - Gaze3D frame=488 id=right label=Right person v=[-0.340, -0.130, 0.932] yaw=-20.0 pitch=7.4 cx=334.1194610595703
2025-11-14 10:55:43,692 - INFO - openpose - Gaze PUB: people=2, frame_idx=488
2025-11-14 10:55:43,693 - INFO - openpose - Left person: Arm RETRACTED (depth-plane)
2025-11-14 10:55:43,693 - INFO - openpose - ZMQ Message received (non-blocking): PL: Arm Retracted Check
2025-11-14 10:55:43,693 - INFO - openpose - ZMQ Sending: Left: Arm Retracted
2025-11-14 10:55:44,091 - INFO - openpose - Gaze3D frame=492 id=left label=Left person v=[-0.081, 0.211, 0.974] yaw=-4.8 pitch=-12.2 cx=115.68021774291992
2025-11-14 10:55:44,092 - INFO - openpose - Gaze3D frame=492 id=right label=Right person v=[-0.357, -0.187, 0.915] yaw=-21.3 pitch=10.8 cx=331.7801208496094
2025-11-14 10:55:44,092 - INFO - openpose - Gaze PUB: people=2, frame_idx=492
2025-11-14 10:55:44,499 - INFO - openpose - Gaze3D frame=496 id=left label=Left person v=[-0.133, 0.190, 0.973] yaw=-7.8 pitch=-11.0 cx=106.5446548461914
2025-11-14 10:55:44,499 - INFO - openpose - Gaze3D frame=496 id=right label=Right person v=[-0.370, -0.182, 0.911] yaw=-22.1 pitch=10.5 cx=329.75689697265625
2025-11-14 10:55:44,499 - INFO - openpose - Gaze PUB: people=2, frame_idx=496
2025-11-14 10:55:44,920 - INFO - openpose - Gaze3D frame=500 id=left label=Left person v=[-0.214, 0.256, 0.943] yaw=-12.8 pitch=-14.8 cx=111.85387420654297
2025-11-14 10:55:44,920 - INFO - openpose - Gaze3D frame=500 id=right label=Right person v=[-0.246, 0.204, 0.947] yaw=-14.6 pitch=-11.8 cx=329.7870635986328
2025-11-14 10:55:44,920 - INFO - openpose - Gaze PUB: people=2, frame_idx=500
2025-11-14 10:55:44,921 - INFO - openpose - Right person: Arm EXTENDED (depth-plane)
2025-11-14 10:55:44,921 - INFO - openpose - ZMQ Message received (non-blocking): PR: Arm Extended Check
2025-11-14 10:55:44,921 - INFO - openpose - ZMQ Sending: Right: Arm Extended
2025-11-14 10:55:44,983 - INFO - openpose - Right person: Arm RETRACTED (depth-plane)
2025-11-14 10:55:44,984 - INFO - openpose - ZMQ Message received (non-blocking): PR: Arm Retracted Check
2025-11-14 10:55:44,984 - INFO - openpose - ZMQ Sending: Right: Arm Retracted
2025-11-14 10:55:45,352 - INFO - openpose - Gaze3D frame=504 id=left label=Left person v=[0.139, 0.471, 0.871] yaw=9.1 pitch=-28.1 cx=110.8034439086914
2025-11-14 10:55:45,352 - INFO - openpose - Gaze3D frame=504 id=right label=Right person v=[-0.203, 0.333, 0.921] yaw=-12.4 pitch=-19.5 cx=313.84046936035156
2025-11-14 10:55:45,353 - INFO - openpose - Gaze PUB: people=2, frame_idx=504
2025-11-14 10:55:45,787 - INFO - openpose - Gaze3D frame=508 id=left label=Left person v=[-0.100, 0.231, 0.968] yaw=-5.9 pitch=-13.4 cx=107.56452560424805
2025-11-14 10:55:45,787 - INFO - openpose - Gaze3D frame=508 id=right label=Right person v=[-0.549, 0.221, 0.806] yaw=-34.3 pitch=-12.8 cx=312.5171813964844
2025-11-14 10:55:45,787 - INFO - openpose - Gaze PUB: people=2, frame_idx=508
2025-11-14 10:55:46,234 - INFO - openpose - Gaze3D frame=512 id=left label=Left person v=[-0.223, 0.055, 0.973] yaw=-12.9 pitch=-3.2 cx=108.04181671142578
2025-11-14 10:55:46,235 - INFO - openpose - Gaze3D frame=512 id=right label=Right person v=[-0.638, -0.139, 0.757] yaw=-40.1 pitch=8.0 cx=309.46339416503906
2025-11-14 10:55:46,235 - INFO - openpose - Gaze PUB: people=2, frame_idx=512
2025-11-14 10:55:46,688 - INFO - openpose - Gaze3D frame=516 id=left label=Left person v=[-0.271, -0.041, 0.962] yaw=-15.7 pitch=2.4 cx=107.3828239440918
2025-11-14 10:55:46,688 - INFO - openpose - Gaze3D frame=516 id=right label=Right person v=[-0.594, -0.145, 0.791] yaw=-36.9 pitch=8.4 cx=309.1747589111328
2025-11-14 10:55:46,688 - INFO - openpose - Gaze PUB: people=2, frame_idx=516
2025-11-14 10:55:47,121 - INFO - openpose - Gaze3D frame=520 id=left label=Left person v=[-0.234, -0.033, 0.972] yaw=-13.5 pitch=1.9 cx=107.17253112792969
2025-11-14 10:55:47,121 - INFO - openpose - Gaze3D frame=520 id=right label=Right person v=[-0.594, -0.212, 0.776] yaw=-37.4 pitch=12.2 cx=309.36582946777344
2025-11-14 10:55:47,121 - INFO - openpose - Gaze PUB: people=2, frame_idx=520
2025-11-14 10:55:47,536 - INFO - openpose - Gaze3D frame=524 id=left label=Left person v=[-0.257, 0.024, 0.966] yaw=-14.9 pitch=-1.4 cx=106.1602554321289
2025-11-14 10:55:47,536 - INFO - openpose - Gaze3D frame=524 id=right label=Right person v=[-0.669, 0.017, 0.743] yaw=-42.0 pitch=-1.0 cx=310.1698913574219
2025-11-14 10:55:47,536 - INFO - openpose - Gaze PUB: people=2, frame_idx=524
2025-11-14 10:55:47,960 - INFO - openpose - Gaze3D frame=528 id=left label=Left person v=[-0.238, 0.074, 0.968] yaw=-13.8 pitch=-4.3 cx=105.29391479492188
2025-11-14 10:55:47,961 - INFO - openpose - Gaze3D frame=528 id=right label=Right person v=[-0.591, -0.405, 0.698] yaw=-40.3 pitch=23.9 cx=308.56919860839844
2025-11-14 10:55:47,961 - INFO - openpose - Gaze PUB: people=2, frame_idx=528
2025-11-14 10:55:48,396 - INFO - openpose - Gaze3D frame=532 id=left label=Left person v=[-0.371, 0.041, 0.928] yaw=-21.8 pitch=-2.4 cx=104.2077407836914
2025-11-14 10:55:48,396 - INFO - openpose - Gaze3D frame=532 id=right label=Right person v=[-0.632, -0.149, 0.760] yaw=-39.7 pitch=8.6 cx=308.7666778564453
2025-11-14 10:55:48,396 - INFO - openpose - Gaze PUB: people=2, frame_idx=532
2025-11-14 10:55:48,839 - INFO - openpose - Gaze3D frame=536 id=left label=Left person v=[-0.312, 0.123, 0.942] yaw=-18.3 pitch=-7.0 cx=105.45735168457031
2025-11-14 10:55:48,839 - INFO - openpose - Gaze3D frame=536 id=right label=Right person v=[-0.651, -0.288, 0.703] yaw=-42.8 pitch=16.7 cx=308.3809051513672
2025-11-14 10:55:48,839 - INFO - openpose - Gaze PUB: people=2, frame_idx=536
2025-11-14 10:55:49,252 - INFO - openpose - Gaze3D frame=540 id=left label=Left person v=[-0.274, 0.107, 0.956] yaw=-16.0 pitch=-6.2 cx=107.32717895507812
2025-11-14 10:55:49,253 - INFO - openpose - Gaze3D frame=540 id=right label=Right person v=[-0.384, 0.238, 0.892] yaw=-23.3 pitch=-13.8 cx=315.2254180908203
2025-11-14 10:55:49,253 - INFO - openpose - Gaze PUB: people=2, frame_idx=540
2025-11-14 10:55:49,668 - INFO - openpose - Gaze3D frame=544 id=left label=Left person v=[-0.267, 0.006, 0.964] yaw=-15.5 pitch=-0.4 cx=108.31436157226562
2025-11-14 10:55:49,668 - INFO - openpose - Gaze3D frame=544 id=right label=Right person v=[-0.260, 0.020, 0.966] yaw=-15.0 pitch=-1.1 cx=321.9532012939453
2025-11-14 10:55:49,668 - INFO - openpose - Gaze PUB: people=2, frame_idx=544
2025-11-14 10:55:50,126 - INFO - openpose - Gaze3D frame=548 id=left label=Left person v=[-0.377, -0.111, 0.920] yaw=-22.3 pitch=6.4 cx=107.8095932006836
2025-11-14 10:55:50,126 - INFO - openpose - Gaze3D frame=548 id=right label=Right person v=[-0.308, -0.277, 0.910] yaw=-18.7 pitch=16.1 cx=325.1084899902344
2025-11-14 10:55:50,126 - INFO - openpose - Gaze PUB: people=2, frame_idx=548
2025-11-14 10:55:50,584 - INFO - openpose - Gaze3D frame=552 id=left label=Left person v=[-0.094, 0.004, 0.996] yaw=-5.4 pitch=-0.2 cx=107.65898132324219
2025-11-14 10:55:50,585 - INFO - openpose - Gaze3D frame=552 id=right label=Right person v=[-0.318, -0.403, 0.858] yaw=-20.3 pitch=23.8 cx=324.59429931640625
2025-11-14 10:55:50,585 - INFO - openpose - Gaze PUB: people=2, frame_idx=552
2025-11-14 10:55:51,026 - INFO - openpose - Gaze3D frame=556 id=left label=Left person v=[-0.260, 0.013, 0.966] yaw=-15.1 pitch=-0.7 cx=109.49622344970703
2025-11-14 10:55:51,027 - INFO - openpose - Gaze3D frame=556 id=right label=Right person v=[-0.338, -0.303, 0.891] yaw=-20.8 pitch=17.7 cx=321.17848205566406
2025-11-14 10:55:51,027 - INFO - openpose - Gaze PUB: people=2, frame_idx=556
2025-11-14 10:55:51,096 - INFO - openpose - Left person: Arm EXTENDED (depth-plane)
2025-11-14 10:55:51,096 - INFO - openpose - ZMQ Message received (non-blocking): PL: Arm Extended Check
2025-11-14 10:55:51,096 - INFO - openpose - ZMQ Sending: Left: Arm Extended
2025-11-14 10:55:51,157 - INFO - openpose - Left person: Arm RETRACTED (depth-plane)
2025-11-14 10:55:51,157 - INFO - openpose - ZMQ Message received (non-blocking): PL: Arm Retracted Check
2025-11-14 10:55:51,157 - INFO - openpose - ZMQ Sending: Left: Arm Retracted
2025-11-14 10:55:51,479 - INFO - openpose - Gaze3D frame=560 id=left label=Left person v=[-0.199, 0.113, 0.973] yaw=-11.6 pitch=-6.5 cx=116.26912689208984
2025-11-14 10:55:51,479 - INFO - openpose - Gaze3D frame=560 id=right label=Right person v=[-0.392, -0.300, 0.870] yaw=-24.3 pitch=17.4 cx=317.1986846923828
2025-11-14 10:55:51,479 - INFO - openpose - Gaze PUB: people=2, frame_idx=560
2025-11-14 10:55:51,934 - INFO - openpose - Gaze3D frame=564 id=left label=Left person v=[-0.198, 0.040, 0.979] yaw=-11.4 pitch=-2.3 cx=117.22941207885742
2025-11-14 10:55:51,934 - INFO - openpose - Gaze3D frame=564 id=right label=Right person v=[-0.402, -0.122, 0.907] yaw=-23.9 pitch=7.0 cx=318.9767150878906
2025-11-14 10:55:51,934 - INFO - openpose - Gaze PUB: people=2, frame_idx=564
2025-11-14 10:55:52,376 - INFO - openpose - Gaze3D frame=568 id=left label=Left person v=[-0.234, 0.053, 0.971] yaw=-13.6 pitch=-3.1 cx=110.0739860534668
2025-11-14 10:55:52,376 - INFO - openpose - Gaze3D frame=568 id=right label=Right person v=[-0.303, -0.079, 0.950] yaw=-17.7 pitch=4.5 cx=313.34913635253906
2025-11-14 10:55:52,376 - INFO - openpose - Gaze PUB: people=2, frame_idx=568
2025-11-14 10:55:52,377 - INFO - openpose - Right person: Arm EXTENDED (depth-plane)
2025-11-14 10:55:52,377 - INFO - openpose - ZMQ Message received (non-blocking): PR: Arm Extended Check
2025-11-14 10:55:52,377 - INFO - openpose - ZMQ Sending: Right: Arm Extended
2025-11-14 10:55:52,439 - INFO - openpose - Right person: Arm RETRACTED (depth-plane)
2025-11-14 10:55:52,439 - INFO - openpose - ZMQ Message received (non-blocking): PR: Arm Retracted Check
2025-11-14 10:55:52,439 - INFO - openpose - ZMQ Sending: Right: Arm Retracted
2025-11-14 10:55:52,503 - INFO - openpose - Robot's turn detected
2025-11-14 10:55:52,818 - INFO - openpose - Gaze3D frame=572 id=left label=Left person v=[-0.245, 0.009, 0.970] yaw=-14.2 pitch=-0.5 cx=111.32345199584961
2025-11-14 10:55:52,818 - INFO - openpose - Gaze3D frame=572 id=right label=Right person v=[-0.334, -0.327, 0.884] yaw=-20.7 pitch=19.1 cx=322.64154052734375
2025-11-14 10:55:52,818 - INFO - openpose - Gaze PUB: people=2, frame_idx=572
2025-11-14 10:55:53,272 - INFO - openpose - Gaze3D frame=576 id=left label=Left person v=[-0.355, 0.136, 0.925] yaw=-21.0 pitch=-7.8 cx=112.10702896118164
2025-11-14 10:55:53,272 - INFO - openpose - Gaze3D frame=576 id=right label=Right person v=[-0.326, -0.240, 0.915] yaw=-19.6 pitch=13.9 cx=320.6433410644531
2025-11-14 10:55:53,272 - INFO - openpose - Gaze PUB: people=2, frame_idx=576
2025-11-14 10:55:53,714 - INFO - openpose - Gaze3D frame=580 id=left label=Left person v=[-0.227, 0.199, 0.953] yaw=-13.4 pitch=-11.5 cx=114.48703384399414
2025-11-14 10:55:53,714 - INFO - openpose - Gaze3D frame=580 id=right label=Right person v=[-0.361, -0.233, 0.903] yaw=-21.8 pitch=13.5 cx=323.74571228027344
2025-11-14 10:55:53,714 - INFO - openpose - Gaze PUB: people=2, frame_idx=580
2025-11-14 10:55:54,174 - INFO - openpose - Gaze3D frame=584 id=left label=Left person v=[-0.221, -0.031, 0.975] yaw=-12.8 pitch=1.8 cx=109.27216720581055
2025-11-14 10:55:54,174 - INFO - openpose - Gaze3D frame=584 id=right label=Right person v=[-0.573, -0.191, 0.797] yaw=-35.7 pitch=11.0 cx=317.37037658691406
2025-11-14 10:55:54,174 - INFO - openpose - Gaze PUB: people=2, frame_idx=584
2025-11-14 10:55:54,636 - INFO - openpose - Gaze3D frame=588 id=left label=Left person v=[-0.255, 0.046, 0.966] yaw=-14.8 pitch=-2.6 cx=109.05057144165039
2025-11-14 10:55:54,636 - INFO - openpose - Gaze3D frame=588 id=right label=Right person v=[-0.276, -0.202, 0.940] yaw=-16.4 pitch=11.7 cx=323.8370056152344
2025-11-14 10:55:54,636 - INFO - openpose - Gaze PUB: people=2, frame_idx=588
2025-11-14 10:55:55,095 - INFO - openpose - Gaze3D frame=592 id=left label=Left person v=[-0.329, 0.163, 0.930] yaw=-19.5 pitch=-9.4 cx=110.79076385498047
2025-11-14 10:55:55,095 - INFO - openpose - Gaze3D frame=592 id=right label=Right person v=[-0.438, -0.428, 0.790] yaw=-29.0 pitch=25.4 cx=320.66998291015625
2025-11-14 10:55:55,103 - INFO - openpose - Gaze PUB: people=2, frame_idx=592
2025-11-14 10:55:55,548 - INFO - openpose - Gaze3D frame=596 id=left label=Left person v=[-0.284, 0.160, 0.945] yaw=-16.7 pitch=-9.2 cx=110.12056732177734
2025-11-14 10:55:55,548 - INFO - openpose - Gaze3D frame=596 id=right label=Right person v=[-0.201, -0.448, 0.871] yaw=-13.0 pitch=26.6 cx=324.50689697265625
2025-11-14 10:55:55,548 - INFO - openpose - Gaze PUB: people=2, frame_idx=596
2025-11-14 10:55:55,996 - INFO - openpose - Gaze3D frame=600 id=left label=Left person v=[-0.327, 0.175, 0.929] yaw=-19.4 pitch=-10.1 cx=110.09724807739258
2025-11-14 10:55:55,997 - INFO - openpose - Gaze3D frame=600 id=right label=Right person v=[-0.169, -0.723, 0.670] yaw=-14.2 pitch=46.3 cx=318.9808654785156
2025-11-14 10:55:55,997 - INFO - openpose - Gaze PUB: people=2, frame_idx=600
2025-11-14 10:55:56,417 - INFO - openpose - Gaze3D frame=604 id=left label=Left person v=[-0.278, 0.200, 0.939] yaw=-16.5 pitch=-11.5 cx=110.2709846496582
2025-11-14 10:55:56,417 - INFO - openpose - Gaze3D frame=604 id=right label=Right person v=[-0.336, 0.013, 0.942] yaw=-19.6 pitch=-0.8 cx=334.5697784423828
2025-11-14 10:55:56,417 - INFO - openpose - Gaze PUB: people=2, frame_idx=604
2025-11-14 10:55:56,829 - INFO - openpose - Gaze3D frame=608 id=left label=Left person v=[-0.260, 0.157, 0.953] yaw=-15.3 pitch=-9.0 cx=109.86076354980469
2025-11-14 10:55:56,830 - INFO - openpose - Gaze3D frame=608 id=right label=Right person v=[-0.353, 0.295, 0.888] yaw=-21.7 pitch=-17.1 cx=345.5152587890625
2025-11-14 10:55:56,830 - INFO - openpose - Gaze PUB: people=2, frame_idx=608
2025-11-14 10:55:57,241 - INFO - openpose - Gaze3D frame=612 id=left label=Left person v=[-0.246, 0.144, 0.959] yaw=-14.4 pitch=-8.3 cx=110.51796340942383
2025-11-14 10:55:57,242 - INFO - openpose - Gaze3D frame=612 id=right label=Right person v=[-0.301, 0.095, 0.949] yaw=-17.6 pitch=-5.4 cx=347.6369171142578
2025-11-14 10:55:57,242 - INFO - openpose - Gaze PUB: people=2, frame_idx=612
2025-11-14 10:55:57,676 - INFO - openpose - Gaze3D frame=616 id=left label=Left person v=[-0.319, 0.318, 0.893] yaw=-19.6 pitch=-18.5 cx=111.3180160522461
2025-11-14 10:55:57,677 - INFO - openpose - Gaze3D frame=616 id=right label=Right person v=[-0.310, 0.195, 0.931] yaw=-18.4 pitch=-11.2 cx=346.3525390625
2025-11-14 10:55:57,677 - INFO - openpose - Gaze PUB: people=2, frame_idx=616
2025-11-14 10:55:58,113 - INFO - openpose - Gaze3D frame=620 id=left label=Left person v=[-0.342, 0.194, 0.920] yaw=-20.4 pitch=-11.2 cx=112.0356216430664
2025-11-14 10:55:58,113 - INFO - openpose - Gaze3D frame=620 id=right label=Right person v=[-0.235, 0.053, 0.971] yaw=-13.6 pitch=-3.0 cx=345.63800048828125
2025-11-14 10:55:58,113 - INFO - openpose - Gaze PUB: people=2, frame_idx=620
2025-11-14 10:55:58,567 - INFO - openpose - Gaze3D frame=624 id=left label=Left person v=[-0.237, 0.174, 0.956] yaw=-13.9 pitch=-10.0 cx=112.31591033935547
2025-11-14 10:55:58,567 - INFO - openpose - Gaze3D frame=624 id=right label=Right person v=[-0.314, 0.224, 0.923] yaw=-18.8 pitch=-12.9 cx=345.64935302734375
2025-11-14 10:55:58,567 - INFO - openpose - Gaze PUB: people=2, frame_idx=624
2025-11-14 10:55:59,002 - INFO - openpose - Gaze3D frame=628 id=left label=Left person v=[-0.295, 0.171, 0.940] yaw=-17.4 pitch=-9.8 cx=112.41588592529297
2025-11-14 10:55:59,002 - INFO - openpose - Gaze3D frame=628 id=right label=Right person v=[-0.312, 0.386, 0.868] yaw=-19.8 pitch=-22.7 cx=348.8170471191406
2025-11-14 10:55:59,002 - INFO - openpose - Gaze PUB: people=2, frame_idx=628
2025-11-14 10:55:59,424 - INFO - openpose - Gaze3D frame=632 id=left label=Left person v=[-0.225, 0.188, 0.956] yaw=-13.3 pitch=-10.8 cx=112.30734634399414
2025-11-14 10:55:59,424 - INFO - openpose - Gaze3D frame=632 id=right label=Right person v=[-0.385, 0.417, 0.823] yaw=-25.1 pitch=-24.6 cx=351.2342071533203
2025-11-14 10:55:59,424 - INFO - openpose - Gaze PUB: people=2, frame_idx=632
2025-11-14 10:55:59,865 - INFO - openpose - Gaze3D frame=636 id=left label=Left person v=[-0.133, 0.138, 0.981] yaw=-7.7 pitch=-7.9 cx=112.42674255371094
2025-11-14 10:55:59,866 - INFO - openpose - Gaze3D frame=636 id=right label=Right person v=[-0.308, 0.296, 0.904] yaw=-18.8 pitch=-17.2 cx=426.57676696777344
2025-11-14 10:55:59,866 - INFO - openpose - Gaze PUB: people=2, frame_idx=636
2025-11-14 10:56:00,302 - INFO - openpose - Gaze3D frame=640 id=left label=Left person v=[-0.247, 0.296, 0.923] yaw=-15.0 pitch=-17.2 cx=112.13994598388672
2025-11-14 10:56:00,302 - INFO - openpose - Gaze3D frame=640 id=right label=Right person v=[-0.482, 0.150, 0.863] yaw=-29.2 pitch=-8.6 cx=464.046630859375
2025-11-14 10:56:00,302 - INFO - openpose - Gaze PUB: people=2, frame_idx=640
2025-11-14 10:56:00,719 - INFO - openpose - Gaze3D frame=644 id=left label=Left person v=[-0.245, 0.064, 0.967] yaw=-14.2 pitch=-3.7 cx=112.25439453125
2025-11-14 10:56:00,719 - INFO - openpose - Gaze3D frame=644 id=right label=Right person v=[-0.640, -0.382, 0.666] yaw=-43.9 pitch=22.5 cx=485.78749084472656
2025-11-14 10:56:00,719 - INFO - openpose - Gaze PUB: people=2, frame_idx=644
2025-11-14 10:56:01,168 - INFO - openpose - Gaze3D frame=648 id=left label=Left person v=[-0.296, 0.005, 0.955] yaw=-17.2 pitch=-0.3 cx=112.24036407470703
2025-11-14 10:56:01,168 - INFO - openpose - Gaze3D frame=648 id=right label=Right person v=[-0.583, -0.475, 0.659] yaw=-41.5 pitch=28.3 cx=571.1481018066406
2025-11-14 10:56:01,168 - INFO - openpose - Gaze PUB: people=2, frame_idx=648
2025-11-14 10:56:02,939 - INFO - openpose - Gaze3D frame=652 id=left label=Left person v=[-0.051, -0.925, 0.377] yaw=-7.7 pitch=67.7 cx=100.9703254699707
2025-11-14 10:56:02,939 - INFO - openpose - Gaze3D frame=652 id=right label=Right person v=[-0.581, -0.268, 0.769] yaw=-37.1 pitch=15.5 cx=602.2738342285156
2025-11-14 10:56:02,939 - INFO - openpose - Gaze PUB: people=2, frame_idx=652
