2025-12-19 15:36:44,247 - INFO - openpose - OpenPose server started and bound to tcp://*:5555
2025-12-19 15:36:44,248 - INFO - openpose - OpenPose server started and bound to tcp://*:5556
2025-12-19 15:36:44,260 - INFO - openpose - Starting OpenPose
2025-12-19 15:36:45,018 - INFO - openpose - OpenPose initialized - waiting for turn_order
2025-12-19 15:37:50,880 - INFO - openpose - Message received: ybypbpbpy

2025-12-19 15:37:51,632 - INFO - openpose - Gaze3D frame=0 id=left label=Left person v=[-0.403, 0.195, 0.894] yaw=-24.2 pitch=-11.3 cx=269.9012145996094
2025-12-19 15:37:51,632 - INFO - openpose - Gaze3D frame=0 id=right label=Right person v=[-0.348, -0.121, 0.930] yaw=-20.5 pitch=7.0 cx=437.28021240234375
2025-12-19 15:37:51,632 - INFO - openpose - Gaze PUB: people=2, frame_idx=0
2025-12-19 15:37:51,633 - INFO - openpose - Robot's turn detected
2025-12-19 15:37:52,357 - INFO - openpose - Gaze3D frame=8 id=left label=Left person v=[-0.456, 0.167, 0.874] yaw=-27.6 pitch=-9.6 cx=269.61766815185547
2025-12-19 15:37:52,357 - INFO - openpose - Gaze3D frame=8 id=right label=Right person v=[-0.335, -0.134, 0.933] yaw=-19.7 pitch=7.7 cx=438.8810272216797
2025-12-19 15:37:52,357 - INFO - openpose - Gaze PUB: people=2, frame_idx=8
2025-12-19 15:37:53,017 - INFO - openpose - Gaze3D frame=16 id=left label=Left person v=[-0.441, 0.167, 0.882] yaw=-26.6 pitch=-9.6 cx=277.4372100830078
2025-12-19 15:37:53,017 - INFO - openpose - Gaze3D frame=16 id=right label=Right person v=[-0.279, -0.101, 0.955] yaw=-16.3 pitch=5.8 cx=438.1572723388672
2025-12-19 15:37:53,017 - INFO - openpose - Gaze PUB: people=2, frame_idx=16
2025-12-19 15:37:53,711 - INFO - openpose - Gaze3D frame=24 id=left label=Left person v=[-0.434, 0.137, 0.890] yaw=-26.0 pitch=-7.9 cx=275.44641876220703
2025-12-19 15:37:53,712 - INFO - openpose - Gaze3D frame=24 id=right label=Right person v=[-0.335, -0.088, 0.938] yaw=-19.6 pitch=5.0 cx=437.1912536621094
2025-12-19 15:37:53,712 - INFO - openpose - Gaze PUB: people=2, frame_idx=24
2025-12-19 15:37:54,404 - INFO - openpose - Gaze3D frame=32 id=left label=Left person v=[-0.440, 0.159, 0.884] yaw=-26.5 pitch=-9.2 cx=277.04937744140625
2025-12-19 15:37:54,404 - INFO - openpose - Gaze3D frame=32 id=right label=Right person v=[-0.317, -0.110, 0.942] yaw=-18.6 pitch=6.3 cx=437.6884460449219
2025-12-19 15:37:54,405 - INFO - openpose - Gaze PUB: people=2, frame_idx=32
2025-12-19 15:37:55,116 - INFO - openpose - Gaze3D frame=40 id=left label=Left person v=[-0.460, 0.175, 0.871] yaw=-27.8 pitch=-10.1 cx=277.8555603027344
2025-12-19 15:37:55,116 - INFO - openpose - Gaze3D frame=40 id=right label=Right person v=[-0.348, -0.094, 0.933] yaw=-20.4 pitch=5.4 cx=437.69630432128906
2025-12-19 15:37:55,116 - INFO - openpose - Gaze PUB: people=2, frame_idx=40
2025-12-19 15:37:55,739 - INFO - openpose - Gaze3D frame=48 id=left label=Left person v=[-0.477, 0.065, 0.877] yaw=-28.5 pitch=-3.7 cx=279.9019470214844
2025-12-19 15:37:55,739 - INFO - openpose - Gaze3D frame=48 id=right label=Right person v=[-0.353, -0.204, 0.913] yaw=-21.1 pitch=11.8 cx=437.7281188964844
2025-12-19 15:37:55,739 - INFO - openpose - Gaze PUB: people=2, frame_idx=48
2025-12-19 15:37:56,418 - INFO - openpose - Gaze3D frame=56 id=left label=Left person v=[-0.443, 0.222, 0.869] yaw=-27.0 pitch=-12.8 cx=281.6180419921875
2025-12-19 15:37:56,418 - INFO - openpose - Gaze3D frame=56 id=right label=Right person v=[-0.349, -0.141, 0.927] yaw=-20.6 pitch=8.1 cx=438.08990478515625
2025-12-19 15:37:56,418 - INFO - openpose - Gaze PUB: people=2, frame_idx=56
2025-12-19 15:37:57,102 - INFO - openpose - Gaze3D frame=64 id=left label=Left person v=[-0.480, 0.333, 0.812] yaw=-30.6 pitch=-19.5 cx=282.16673278808594
2025-12-19 15:37:57,102 - INFO - openpose - Gaze3D frame=64 id=right label=Right person v=[-0.378, -0.142, 0.915] yaw=-22.4 pitch=8.2 cx=438.0130920410156
2025-12-19 15:37:57,102 - INFO - openpose - Gaze PUB: people=2, frame_idx=64
2025-12-19 15:37:57,834 - INFO - openpose - Gaze3D frame=72 id=left label=Left person v=[-0.480, 0.277, 0.833] yaw=-30.0 pitch=-16.1 cx=280.75135803222656
2025-12-19 15:37:57,834 - INFO - openpose - Gaze3D frame=72 id=right label=Right person v=[-0.354, -0.139, 0.925] yaw=-21.0 pitch=8.0 cx=437.85105895996094
2025-12-19 15:37:57,834 - INFO - openpose - Gaze PUB: people=2, frame_idx=72
2025-12-19 15:37:58,534 - INFO - openpose - Gaze3D frame=80 id=left label=Left person v=[-0.452, 0.136, 0.882] yaw=-27.1 pitch=-7.8 cx=278.9317626953125
2025-12-19 15:37:58,534 - INFO - openpose - Gaze3D frame=80 id=right label=Right person v=[-0.345, -0.150, 0.927] yaw=-20.4 pitch=8.6 cx=437.7421875
2025-12-19 15:37:58,534 - INFO - openpose - Gaze PUB: people=2, frame_idx=80
2025-12-19 15:37:59,223 - INFO - openpose - Gaze3D frame=88 id=left label=Left person v=[-0.493, 0.385, 0.781] yaw=-32.3 pitch=-22.6 cx=281.11541748046875
2025-12-19 15:37:59,224 - INFO - openpose - Gaze3D frame=88 id=right label=Right person v=[-0.398, -0.155, 0.904] yaw=-23.8 pitch=8.9 cx=437.71766662597656
2025-12-19 15:37:59,224 - INFO - openpose - Gaze PUB: people=2, frame_idx=88
2025-12-19 15:37:59,916 - INFO - openpose - Gaze3D frame=96 id=left label=Left person v=[-0.508, 0.179, 0.842] yaw=-31.1 pitch=-10.3 cx=280.2054901123047
2025-12-19 15:37:59,916 - INFO - openpose - Gaze3D frame=96 id=right label=Right person v=[-0.287, -0.154, 0.945] yaw=-16.9 pitch=8.8 cx=437.2327575683594
2025-12-19 15:37:59,924 - INFO - openpose - Gaze PUB: people=2, frame_idx=96
2025-12-19 15:38:00,632 - INFO - openpose - Gaze3D frame=104 id=left label=Left person v=[-0.515, 0.186, 0.837] yaw=-31.6 pitch=-10.7 cx=280.1421203613281
2025-12-19 15:38:00,632 - INFO - openpose - Gaze3D frame=104 id=right label=Right person v=[-0.366, -0.212, 0.906] yaw=-22.0 pitch=12.2 cx=437.56317138671875
2025-12-19 15:38:00,632 - INFO - openpose - Gaze PUB: people=2, frame_idx=104
2025-12-19 15:38:01,350 - INFO - openpose - Gaze3D frame=112 id=left label=Left person v=[-0.521, 0.262, 0.812] yaw=-32.7 pitch=-15.2 cx=280.57139587402344
2025-12-19 15:38:01,350 - INFO - openpose - Gaze3D frame=112 id=right label=Right person v=[-0.323, -0.156, 0.933] yaw=-19.1 pitch=9.0 cx=437.77337646484375
2025-12-19 15:38:01,350 - INFO - openpose - Gaze PUB: people=2, frame_idx=112
2025-12-19 15:38:02,010 - INFO - openpose - Gaze3D frame=120 id=left label=Left person v=[-0.492, 0.311, 0.813] yaw=-31.2 pitch=-18.1 cx=281.5433807373047
2025-12-19 15:38:02,010 - INFO - openpose - Gaze3D frame=120 id=right label=Right person v=[-0.298, -0.248, 0.922] yaw=-17.9 pitch=14.4 cx=437.9249572753906
2025-12-19 15:38:02,010 - INFO - openpose - Gaze PUB: people=2, frame_idx=120
2025-12-19 15:38:02,673 - INFO - openpose - Gaze3D frame=128 id=left label=Left person v=[-0.553, 0.207, 0.807] yaw=-34.4 pitch=-11.9 cx=279.9138488769531
2025-12-19 15:38:02,674 - INFO - openpose - Gaze3D frame=128 id=right label=Right person v=[-0.396, -0.366, 0.843] yaw=-25.2 pitch=21.4 cx=437.8517303466797
2025-12-19 15:38:02,674 - INFO - openpose - Gaze PUB: people=2, frame_idx=128
2025-12-19 15:38:03,341 - INFO - openpose - Gaze3D frame=136 id=left label=Left person v=[-0.537, 0.157, 0.829] yaw=-33.0 pitch=-9.0 cx=279.0933532714844
2025-12-19 15:38:03,342 - INFO - openpose - Gaze3D frame=136 id=right label=Right person v=[-0.381, -0.336, 0.861] yaw=-23.9 pitch=19.7 cx=437.7787170410156
2025-12-19 15:38:03,342 - INFO - openpose - Gaze PUB: people=2, frame_idx=136
2025-12-19 15:38:04,012 - INFO - openpose - Gaze3D frame=144 id=left label=Left person v=[-0.545, 0.201, 0.814] yaw=-33.8 pitch=-11.6 cx=280.85560607910156
2025-12-19 15:38:04,012 - INFO - openpose - Gaze3D frame=144 id=right label=Right person v=[-0.450, -0.309, 0.838] yaw=-28.3 pitch=18.0 cx=438.26454162597656
2025-12-19 15:38:04,012 - INFO - openpose - Gaze PUB: people=2, frame_idx=144
2025-12-19 15:38:04,721 - INFO - openpose - Gaze3D frame=152 id=left label=Left person v=[-0.550, 0.269, 0.791] yaw=-34.8 pitch=-15.6 cx=281.31871032714844
2025-12-19 15:38:04,721 - INFO - openpose - Gaze3D frame=152 id=right label=Right person v=[-0.284, -0.346, 0.894] yaw=-17.6 pitch=20.2 cx=439.0741271972656
2025-12-19 15:38:04,721 - INFO - openpose - Gaze PUB: people=2, frame_idx=152
2025-12-19 15:38:05,401 - INFO - openpose - Gaze3D frame=160 id=left label=Left person v=[-0.546, 0.183, 0.817] yaw=-33.7 pitch=-10.5 cx=279.1136169433594
2025-12-19 15:38:05,401 - INFO - openpose - Gaze3D frame=160 id=right label=Right person v=[-0.238, -0.466, 0.852] yaw=-15.6 pitch=27.8 cx=438.2428436279297
2025-12-19 15:38:05,401 - INFO - openpose - Gaze PUB: people=2, frame_idx=160
2025-12-19 15:38:06,084 - INFO - openpose - Gaze3D frame=168 id=left label=Left person v=[-0.522, 0.324, 0.789] yaw=-33.5 pitch=-18.9 cx=279.6979522705078
2025-12-19 15:38:06,084 - INFO - openpose - Gaze3D frame=168 id=right label=Right person v=[-0.388, -0.382, 0.839] yaw=-24.8 pitch=22.5 cx=440.0549621582031
2025-12-19 15:38:06,084 - INFO - openpose - Gaze PUB: people=2, frame_idx=168
2025-12-19 15:38:06,778 - INFO - openpose - Gaze3D frame=176 id=left label=Left person v=[-0.575, 0.149, 0.805] yaw=-35.5 pitch=-8.6 cx=280.0534210205078
2025-12-19 15:38:06,778 - INFO - openpose - Gaze3D frame=176 id=right label=Right person v=[-0.329, -0.172, 0.929] yaw=-19.5 pitch=9.9 cx=442.83123779296875
2025-12-19 15:38:06,778 - INFO - openpose - Gaze PUB: people=2, frame_idx=176
2025-12-19 15:38:07,493 - INFO - openpose - Gaze3D frame=184 id=left label=Left person v=[-0.483, 0.144, 0.864] yaw=-29.2 pitch=-8.3 cx=278.7509002685547
2025-12-19 15:38:07,493 - INFO - openpose - Gaze3D frame=184 id=right label=Right person v=[-0.375, -0.323, 0.869] yaw=-23.3 pitch=18.8 cx=444.58599853515625
2025-12-19 15:38:07,493 - INFO - openpose - Gaze PUB: people=2, frame_idx=184
2025-12-19 15:38:08,198 - INFO - openpose - Gaze3D frame=192 id=left label=Left person v=[-0.536, 0.219, 0.815] yaw=-33.3 pitch=-12.6 cx=278.1893615722656
2025-12-19 15:38:08,198 - INFO - openpose - Gaze3D frame=192 id=right label=Right person v=[-0.352, -0.311, 0.883] yaw=-21.8 pitch=18.1 cx=445.58705139160156
2025-12-19 15:38:08,198 - INFO - openpose - Gaze PUB: people=2, frame_idx=192
2025-12-19 15:38:08,891 - INFO - openpose - Gaze3D frame=200 id=left label=Left person v=[-0.592, 0.207, 0.779] yaw=-37.2 pitch=-12.0 cx=278.0460205078125
2025-12-19 15:38:08,891 - INFO - openpose - Gaze3D frame=200 id=right label=Right person v=[-0.473, -0.253, 0.844] yaw=-29.2 pitch=14.7 cx=445.5755310058594
2025-12-19 15:38:08,891 - INFO - openpose - Gaze PUB: people=2, frame_idx=200
2025-12-19 15:38:09,616 - INFO - openpose - Gaze3D frame=208 id=left label=Left person v=[-0.563, 0.075, 0.823] yaw=-34.4 pitch=-4.3 cx=274.96875
2025-12-19 15:38:09,616 - INFO - openpose - Gaze3D frame=208 id=right label=Right person v=[-0.402, -0.073, 0.913] yaw=-23.8 pitch=4.2 cx=445.3153839111328
2025-12-19 15:38:09,616 - INFO - openpose - Gaze PUB: people=2, frame_idx=208
2025-12-19 15:38:10,279 - INFO - openpose - Gaze3D frame=216 id=left label=Left person v=[-0.586, 0.225, 0.779] yaw=-37.0 pitch=-13.0 cx=275.46712493896484
2025-12-19 15:38:10,279 - INFO - openpose - Gaze3D frame=216 id=right label=Right person v=[-0.425, -0.350, 0.835] yaw=-27.0 pitch=20.5 cx=445.3590545654297
2025-12-19 15:38:10,279 - INFO - openpose - Gaze PUB: people=2, frame_idx=216
2025-12-19 15:38:10,991 - INFO - openpose - Gaze3D frame=224 id=left label=Left person v=[-0.597, 0.242, 0.765] yaw=-37.9 pitch=-14.0 cx=277.3434143066406
2025-12-19 15:38:10,991 - INFO - openpose - Gaze3D frame=224 id=right label=Right person v=[-0.415, -0.432, 0.800] yaw=-27.4 pitch=25.6 cx=445.16859436035156
2025-12-19 15:38:10,991 - INFO - openpose - Gaze PUB: people=2, frame_idx=224
2025-12-19 15:38:11,681 - INFO - openpose - Gaze3D frame=232 id=left label=Left person v=[-0.534, 0.273, 0.800] yaw=-33.7 pitch=-15.9 cx=277.56150817871094
2025-12-19 15:38:11,681 - INFO - openpose - Gaze3D frame=232 id=right label=Right person v=[-0.403, -0.165, 0.900] yaw=-24.1 pitch=9.5 cx=445.4069519042969
2025-12-19 15:38:11,681 - INFO - openpose - Gaze PUB: people=2, frame_idx=232
2025-12-19 15:38:12,362 - INFO - openpose - Gaze3D frame=240 id=left label=Left person v=[-0.521, 0.182, 0.834] yaw=-32.0 pitch=-10.5 cx=276.1958465576172
2025-12-19 15:38:12,362 - INFO - openpose - Gaze3D frame=240 id=right label=Right person v=[-0.404, -0.100, 0.909] yaw=-24.0 pitch=5.7 cx=445.35797119140625
2025-12-19 15:38:12,362 - INFO - openpose - Gaze PUB: people=2, frame_idx=240
2025-12-19 15:38:13,043 - INFO - openpose - Gaze3D frame=248 id=left label=Left person v=[-0.509, 0.401, 0.761] yaw=-33.8 pitch=-23.7 cx=277.27113342285156
2025-12-19 15:38:13,043 - INFO - openpose - Gaze3D frame=248 id=right label=Right person v=[-0.416, -0.120, 0.902] yaw=-24.8 pitch=6.9 cx=444.4453887939453
2025-12-19 15:38:13,043 - INFO - openpose - Gaze PUB: people=2, frame_idx=248
2025-12-19 15:38:13,739 - INFO - openpose - Gaze3D frame=256 id=left label=Left person v=[-0.486, -0.022, 0.874] yaw=-29.1 pitch=1.2 cx=275.66835021972656
2025-12-19 15:38:13,739 - INFO - openpose - Gaze3D frame=256 id=right label=Right person v=[-0.362, -0.052, 0.931] yaw=-21.2 pitch=3.0 cx=445.2957458496094
2025-12-19 15:38:13,739 - INFO - openpose - Gaze PUB: people=2, frame_idx=256
2025-12-19 15:38:14,415 - INFO - openpose - Gaze3D frame=264 id=left label=Left person v=[-0.458, 0.257, 0.851] yaw=-28.3 pitch=-14.9 cx=276.3767395019531
2025-12-19 15:38:14,415 - INFO - openpose - Gaze3D frame=264 id=right label=Right person v=[-0.284, -0.078, 0.956] yaw=-16.5 pitch=4.5 cx=445.539794921875
2025-12-19 15:38:14,415 - INFO - openpose - Gaze PUB: people=2, frame_idx=264
2025-12-19 15:38:15,120 - INFO - openpose - Gaze3D frame=272 id=left label=Left person v=[-0.441, 0.226, 0.869] yaw=-26.9 pitch=-13.1 cx=274.04676818847656
2025-12-19 15:38:15,120 - INFO - openpose - Gaze3D frame=272 id=right label=Right person v=[-0.281, -0.031, 0.959] yaw=-16.3 pitch=1.8 cx=445.55633544921875
2025-12-19 15:38:15,120 - INFO - openpose - Gaze PUB: people=2, frame_idx=272
2025-12-19 15:38:15,812 - INFO - openpose - Gaze3D frame=280 id=left label=Left person v=[-0.446, 0.127, 0.886] yaw=-26.7 pitch=-7.3 cx=264.6870574951172
2025-12-19 15:38:15,812 - INFO - openpose - Gaze3D frame=280 id=right label=Right person v=[-0.400, -0.147, 0.905] yaw=-23.8 pitch=8.4 cx=445.63690185546875
2025-12-19 15:38:15,812 - INFO - openpose - Gaze PUB: people=2, frame_idx=280
2025-12-19 15:38:16,497 - INFO - openpose - Gaze3D frame=288 id=left label=Left person v=[-0.446, 0.244, 0.861] yaw=-27.4 pitch=-14.1 cx=257.6739959716797
2025-12-19 15:38:16,497 - INFO - openpose - Gaze3D frame=288 id=right label=Right person v=[-0.207, -0.331, 0.921] yaw=-12.7 pitch=19.3 cx=445.3302459716797
2025-12-19 15:38:16,497 - INFO - openpose - Gaze PUB: people=2, frame_idx=288
2025-12-19 15:38:17,183 - INFO - openpose - Gaze3D frame=296 id=left label=Left person v=[-0.538, 0.225, 0.812] yaw=-33.5 pitch=-13.0 cx=287.4135437011719
2025-12-19 15:38:17,183 - INFO - openpose - Gaze3D frame=296 id=right label=Right person v=[-0.198, -0.328, 0.924] yaw=-12.1 pitch=19.2 cx=445.53680419921875
2025-12-19 15:38:17,183 - INFO - openpose - Gaze PUB: people=2, frame_idx=296
2025-12-19 15:38:17,863 - INFO - openpose - Gaze3D frame=304 id=left label=Left person v=[-0.474, -0.111, 0.874] yaw=-28.5 pitch=6.4 cx=339.0415344238281
2025-12-19 15:38:17,863 - INFO - openpose - Gaze3D frame=304 id=right label=Right person v=[-0.244, -0.324, 0.914] yaw=-15.0 pitch=18.9 cx=447.053955078125
2025-12-19 15:38:17,863 - INFO - openpose - Gaze PUB: people=2, frame_idx=304
2025-12-19 15:38:18,546 - INFO - openpose - Gaze3D frame=312 id=left label=Left person v=[-0.272, -0.460, 0.845] yaw=-17.8 pitch=27.4 cx=348.9281921386719
2025-12-19 15:38:18,546 - INFO - openpose - Gaze3D frame=312 id=right label=Right person v=[-0.431, -0.406, 0.806] yaw=-28.2 pitch=24.0 cx=447.14744567871094
2025-12-19 15:38:18,546 - INFO - openpose - Gaze PUB: people=2, frame_idx=312
2025-12-19 15:38:19,212 - INFO - openpose - Gaze3D frame=320 id=left label=Left person v=[-0.413, -0.357, 0.838] yaw=-26.2 pitch=20.9 cx=309.2226104736328
2025-12-19 15:38:19,212 - INFO - openpose - Gaze3D frame=320 id=right label=Right person v=[-0.109, -0.477, 0.872] yaw=-7.1 pitch=28.5 cx=447.08143615722656
2025-12-19 15:38:19,212 - INFO - openpose - Gaze PUB: people=2, frame_idx=320
2025-12-19 15:38:19,887 - INFO - openpose - Gaze3D frame=328 id=left label=Left person v=[-0.412, 0.279, 0.868] yaw=-25.4 pitch=-16.2 cx=268.69090270996094
2025-12-19 15:38:19,887 - INFO - openpose - Gaze3D frame=328 id=right label=Right person v=[-0.305, -0.138, 0.942] yaw=-17.9 pitch=7.9 cx=446.572998046875
2025-12-19 15:38:19,887 - INFO - openpose - Gaze PUB: people=2, frame_idx=328
2025-12-19 15:38:20,537 - INFO - openpose - Gaze3D frame=336 id=left label=Left person v=[-0.488, 0.320, 0.812] yaw=-31.0 pitch=-18.7 cx=281.4372863769531
2025-12-19 15:38:20,537 - INFO - openpose - Gaze3D frame=336 id=right label=Right person v=[-0.288, 0.021, 0.957] yaw=-16.8 pitch=-1.2 cx=446.46583557128906
2025-12-19 15:38:20,537 - INFO - openpose - Gaze PUB: people=2, frame_idx=336
2025-12-19 15:38:21,216 - INFO - openpose - Gaze3D frame=344 id=left label=Left person v=[-0.400, 0.189, 0.897] yaw=-24.1 pitch=-10.9 cx=290.5856475830078
2025-12-19 15:38:21,217 - INFO - openpose - Gaze3D frame=344 id=right label=Right person v=[-0.159, -0.362, 0.918] yaw=-9.8 pitch=21.2 cx=445.99208068847656
2025-12-19 15:38:21,217 - INFO - openpose - Gaze PUB: people=2, frame_idx=344
2025-12-19 15:38:21,907 - INFO - openpose - Gaze3D frame=352 id=left label=Left person v=[-0.434, 0.152, 0.888] yaw=-26.1 pitch=-8.7 cx=288.6037139892578
2025-12-19 15:38:21,907 - INFO - openpose - Gaze3D frame=352 id=right label=Right person v=[-0.391, -0.264, 0.881] yaw=-23.9 pitch=15.3 cx=443.0310363769531
2025-12-19 15:38:21,907 - INFO - openpose - Gaze PUB: people=2, frame_idx=352
2025-12-19 15:38:22,591 - INFO - openpose - Gaze3D frame=360 id=left label=Left person v=[-0.445, 0.290, 0.847] yaw=-27.7 pitch=-16.9 cx=288.41162109375
2025-12-19 15:38:22,591 - INFO - openpose - Gaze3D frame=360 id=right label=Right person v=[-0.353, -0.114, 0.929] yaw=-20.8 pitch=6.5 cx=444.3553009033203
2025-12-19 15:38:22,591 - INFO - openpose - Gaze PUB: people=2, frame_idx=360
2025-12-19 15:38:23,271 - INFO - openpose - Gaze3D frame=368 id=left label=Left person v=[-0.596, 0.184, 0.781] yaw=-37.3 pitch=-10.6 cx=286.03172302246094
2025-12-19 15:38:23,271 - INFO - openpose - Gaze3D frame=368 id=right label=Right person v=[-0.349, -0.047, 0.936] yaw=-20.5 pitch=2.7 cx=444.0479736328125
2025-12-19 15:38:23,271 - INFO - openpose - Gaze PUB: people=2, frame_idx=368
2025-12-19 15:38:23,962 - INFO - openpose - Gaze3D frame=376 id=left label=Left person v=[-0.604, 0.400, 0.689] yaw=-41.3 pitch=-23.6 cx=280.5551300048828
2025-12-19 15:38:23,962 - INFO - openpose - Gaze3D frame=376 id=right label=Right person v=[-0.309, -0.099, 0.946] yaw=-18.1 pitch=5.7 cx=443.9268341064453
2025-12-19 15:38:23,962 - INFO - openpose - Gaze PUB: people=2, frame_idx=376
2025-12-19 15:38:24,633 - INFO - openpose - Gaze3D frame=384 id=left label=Left person v=[-0.347, -0.006, 0.938] yaw=-20.3 pitch=0.3 cx=259.9096374511719
2025-12-19 15:38:24,633 - INFO - openpose - Gaze3D frame=384 id=right label=Right person v=[-0.299, -0.185, 0.936] yaw=-17.7 pitch=10.6 cx=462.0587921142578
2025-12-19 15:38:24,633 - INFO - openpose - Gaze PUB: people=2, frame_idx=384
2025-12-19 15:38:25,320 - INFO - openpose - Gaze3D frame=392 id=left label=Left person v=[-0.554, 0.205, 0.807] yaw=-34.4 pitch=-11.8 cx=282.72853088378906
2025-12-19 15:38:25,320 - INFO - openpose - Gaze3D frame=392 id=right label=Right person v=[-0.531, -0.256, 0.808] yaw=-33.3 pitch=14.8 cx=456.9427185058594
2025-12-19 15:38:25,320 - INFO - openpose - Gaze PUB: people=2, frame_idx=392
2025-12-19 15:38:25,998 - INFO - openpose - Gaze3D frame=400 id=left label=Left person v=[-0.343, -0.468, 0.814] yaw=-22.8 pitch=27.9 cx=346.91546630859375
2025-12-19 15:38:25,998 - INFO - openpose - Gaze3D frame=400 id=right label=Right person v=[-0.407, -0.141, 0.902] yaw=-24.3 pitch=8.1 cx=437.220703125
2025-12-19 15:38:25,998 - INFO - openpose - Gaze PUB: people=2, frame_idx=400
2025-12-19 15:38:26,703 - INFO - openpose - Gaze3D frame=408 id=left label=Left person v=[-0.330, -0.282, 0.901] yaw=-20.1 pitch=16.4 cx=345.5454559326172
2025-12-19 15:38:26,703 - INFO - openpose - Gaze3D frame=408 id=right label=Right person v=[-0.317, -0.220, 0.923] yaw=-18.9 pitch=12.7 cx=441.8921203613281
2025-12-19 15:38:26,703 - INFO - openpose - Gaze PUB: people=2, frame_idx=408
2025-12-19 15:38:27,394 - INFO - openpose - Gaze3D frame=416 id=left label=Left person v=[-0.418, -0.129, 0.899] yaw=-25.0 pitch=7.4 cx=310.0713348388672
2025-12-19 15:38:27,394 - INFO - openpose - Gaze3D frame=416 id=right label=Right person v=[-0.417, -0.030, 0.908] yaw=-24.7 pitch=1.7 cx=444.8818817138672
2025-12-19 15:38:27,394 - INFO - openpose - Gaze PUB: people=2, frame_idx=416
2025-12-19 15:38:28,106 - INFO - openpose - Gaze3D frame=424 id=left label=Left person v=[-0.446, 0.058, 0.893] yaw=-26.6 pitch=-3.3 cx=263.9695816040039
2025-12-19 15:38:28,106 - INFO - openpose - Gaze3D frame=424 id=right label=Right person v=[-0.489, -0.206, 0.848] yaw=-30.0 pitch=11.9 cx=400.7649841308594
2025-12-19 15:38:28,106 - INFO - openpose - Gaze PUB: people=2, frame_idx=424
2025-12-19 15:38:28,828 - INFO - openpose - Gaze3D frame=432 id=left label=Left person v=[-0.409, 0.092, 0.908] yaw=-24.3 pitch=-5.3 cx=278.00921630859375
2025-12-19 15:38:28,828 - INFO - openpose - Gaze3D frame=432 id=right label=Right person v=[-0.464, -0.265, 0.845] yaw=-28.8 pitch=15.3 cx=397.3873748779297
2025-12-19 15:38:28,828 - INFO - openpose - Gaze PUB: people=2, frame_idx=432
2025-12-19 15:38:29,550 - INFO - openpose - Gaze3D frame=440 id=left label=Left person v=[-0.389, 0.146, 0.910] yaw=-23.2 pitch=-8.4 cx=285.19163513183594
2025-12-19 15:38:29,550 - INFO - openpose - Gaze3D frame=440 id=right label=Right person v=[-0.216, -0.080, 0.973] yaw=-12.5 pitch=4.6 cx=471.04273986816406
2025-12-19 15:38:29,550 - INFO - openpose - Gaze PUB: people=2, frame_idx=440
2025-12-19 15:38:30,237 - INFO - openpose - Gaze3D frame=448 id=left label=Left person v=[-0.377, 0.135, 0.916] yaw=-22.4 pitch=-7.7 cx=286.4873504638672
2025-12-19 15:38:30,237 - INFO - openpose - Gaze3D frame=448 id=right label=Right person v=[-0.333, -0.121, 0.935] yaw=-19.6 pitch=7.0 cx=470.085693359375
2025-12-19 15:38:30,237 - INFO - openpose - Gaze PUB: people=2, frame_idx=448
2025-12-19 15:38:30,957 - INFO - openpose - Gaze3D frame=456 id=left label=Left person v=[-0.510, -0.079, 0.857] yaw=-30.8 pitch=4.6 cx=286.7135009765625
2025-12-19 15:38:30,958 - INFO - openpose - Gaze3D frame=456 id=right label=Right person v=[-0.019, -0.217, 0.976] yaw=-1.1 pitch=12.5 cx=468.77992248535156
2025-12-19 15:38:30,958 - INFO - openpose - Gaze PUB: people=2, frame_idx=456
2025-12-19 15:38:31,666 - INFO - openpose - Gaze3D frame=464 id=left label=Left person v=[-0.447, -0.071, 0.892] yaw=-26.6 pitch=4.1 cx=288.5585174560547
2025-12-19 15:38:31,666 - INFO - openpose - Gaze3D frame=464 id=right label=Right person v=[-0.220, -0.076, 0.972] yaw=-12.8 pitch=4.4 cx=467.3737030029297
2025-12-19 15:38:31,666 - INFO - openpose - Gaze PUB: people=2, frame_idx=464
2025-12-19 15:38:32,382 - INFO - openpose - Gaze3D frame=472 id=left label=Left person v=[-0.407, 0.118, 0.906] yaw=-24.2 pitch=-6.8 cx=292.6165466308594
2025-12-19 15:38:32,382 - INFO - openpose - Gaze3D frame=472 id=right label=Right person v=[-0.384, -0.013, 0.923] yaw=-22.6 pitch=0.7 cx=468.0140838623047
2025-12-19 15:38:32,383 - INFO - openpose - Gaze PUB: people=2, frame_idx=472
2025-12-19 15:38:32,628 - INFO - openpose - Left person: Arm EXTENDED (depth-plane)
2025-12-19 15:38:32,629 - INFO - openpose - ZMQ Message received (non-blocking): PL: Arm Extended Check
2025-12-19 15:38:32,629 - INFO - openpose - ZMQ Sending: Left: Arm Extended
2025-12-19 15:38:32,691 - INFO - openpose - Left person: Arm RETRACTED (depth-plane)
2025-12-19 15:38:32,691 - INFO - openpose - ZMQ Message received (non-blocking): PL: Arm Retracted Check
2025-12-19 15:38:32,691 - INFO - openpose - ZMQ Sending: Left: Arm Retracted
2025-12-19 15:38:32,759 - INFO - openpose - Robot's turn detected
2025-12-19 15:38:33,094 - INFO - openpose - Gaze3D frame=480 id=left label=Left person v=[-0.510, 0.134, 0.850] yaw=-31.0 pitch=-7.7 cx=278.6438446044922
2025-12-19 15:38:33,094 - INFO - openpose - Gaze3D frame=480 id=right label=Right person v=[-0.289, -0.199, 0.937] yaw=-17.1 pitch=11.5 cx=468.3317413330078
2025-12-19 15:38:33,094 - INFO - openpose - Gaze PUB: people=2, frame_idx=480
2025-12-19 15:38:33,798 - INFO - openpose - Gaze3D frame=488 id=left label=Left person v=[-0.477, 0.058, 0.877] yaw=-28.6 pitch=-3.3 cx=275.61102294921875
2025-12-19 15:38:33,798 - INFO - openpose - Gaze3D frame=488 id=right label=Right person v=[-0.335, -0.118, 0.935] yaw=-19.7 pitch=6.8 cx=468.4158630371094
2025-12-19 15:38:33,798 - INFO - openpose - Gaze PUB: people=2, frame_idx=488
2025-12-19 15:38:34,502 - INFO - openpose - Gaze3D frame=496 id=left label=Left person v=[-0.115, -0.319, 0.941] yaw=-7.0 pitch=18.6 cx=280.46258544921875
2025-12-19 15:38:34,503 - INFO - openpose - Gaze3D frame=496 id=right label=Right person v=[-0.361, -0.378, 0.853] yaw=-23.0 pitch=22.2 cx=459.5054931640625
2025-12-19 15:38:34,503 - INFO - openpose - Gaze PUB: people=2, frame_idx=496
2025-12-19 15:38:35,215 - INFO - openpose - Gaze3D frame=504 id=left label=Left person v=[-0.444, 0.075, 0.893] yaw=-26.4 pitch=-4.3 cx=284.44664001464844
2025-12-19 15:38:35,215 - INFO - openpose - Gaze3D frame=504 id=right label=Right person v=[-0.403, -0.331, 0.853] yaw=-25.3 pitch=19.3 cx=449.3358612060547
2025-12-19 15:38:35,215 - INFO - openpose - Gaze PUB: people=2, frame_idx=504
2025-12-19 15:38:35,867 - INFO - openpose - Gaze3D frame=512 id=left label=Left person v=[-0.351, -0.236, 0.906] yaw=-21.2 pitch=13.7 cx=265.9623336791992
2025-12-19 15:38:35,867 - INFO - openpose - Gaze3D frame=512 id=right label=Right person v=[-0.163, -0.326, 0.931] yaw=-9.9 pitch=19.0 cx=445.6663513183594
2025-12-19 15:38:35,867 - INFO - openpose - Gaze PUB: people=2, frame_idx=512
2025-12-19 15:38:36,499 - INFO - openpose - Gaze3D frame=520 id=left label=Left person v=[-0.187, -0.619, 0.763] yaw=-13.7 pitch=38.2 cx=368.94300842285156
2025-12-19 15:38:36,499 - INFO - openpose - Gaze3D frame=520 id=right label=Right person v=[-0.042, -0.105, 0.994] yaw=-2.4 pitch=6.0 cx=446.99041748046875
2025-12-19 15:38:36,499 - INFO - openpose - Gaze PUB: people=2, frame_idx=520
2025-12-19 15:38:37,147 - INFO - openpose - Gaze3D frame=528 id=left label=Left person v=[-0.062, -0.543, 0.837] yaw=-4.2 pitch=32.9 cx=378.32720947265625
2025-12-19 15:38:37,147 - INFO - openpose - Gaze3D frame=528 id=right label=Right person v=[-0.408, -0.146, 0.901] yaw=-24.3 pitch=8.4 cx=455.25469970703125
2025-12-19 15:38:37,147 - INFO - openpose - Gaze PUB: people=2, frame_idx=528
2025-12-19 15:38:37,841 - INFO - openpose - Gaze3D frame=536 id=left label=Left person v=[-0.371, -0.364, 0.854] yaw=-23.5 pitch=21.3 cx=256.6305923461914
2025-12-19 15:38:37,841 - INFO - openpose - Gaze3D frame=536 id=right label=Right person v=[-0.418, -0.474, 0.775] yaw=-28.3 pitch=28.3 cx=451.96539306640625
2025-12-19 15:38:37,841 - INFO - openpose - Gaze PUB: people=2, frame_idx=536
2025-12-19 15:38:38,547 - INFO - openpose - Gaze3D frame=544 id=left label=Left person v=[-0.477, -0.177, 0.861] yaw=-29.0 pitch=10.2 cx=232.1417999267578
2025-12-19 15:38:38,547 - INFO - openpose - Gaze3D frame=544 id=right label=Right person v=[-0.374, -0.288, 0.882] yaw=-23.0 pitch=16.7 cx=460.5447998046875
2025-12-19 15:38:38,547 - INFO - openpose - Gaze PUB: people=2, frame_idx=544
2025-12-19 15:38:39,263 - INFO - openpose - Gaze3D frame=552 id=left label=Left person v=[-0.339, -0.032, 0.940] yaw=-19.8 pitch=1.9 cx=301.6432342529297
2025-12-19 15:38:39,263 - INFO - openpose - Gaze3D frame=552 id=right label=Right person v=[-0.113, -0.298, 0.948] yaw=-6.8 pitch=17.3 cx=537.7771606445312
2025-12-19 15:38:39,263 - INFO - openpose - Gaze PUB: people=2, frame_idx=552
2025-12-19 15:38:39,966 - INFO - openpose - Gaze3D frame=560 id=left label=Left person v=[-0.251, -0.602, 0.758] yaw=-18.3 pitch=37.0 cx=339.97779846191406
2025-12-19 15:38:39,966 - INFO - openpose - Gaze3D frame=560 id=right label=Right person v=[-0.246, -0.715, 0.655] yaw=-20.6 pitch=45.6 cx=549.4592590332031
2025-12-19 15:38:39,966 - INFO - openpose - Gaze PUB: people=2, frame_idx=560
2025-12-19 15:38:40,964 - INFO - openpose - Gaze3D frame=568 id=left label=Left person v=[-0.381, -0.261, 0.887] yaw=-23.3 pitch=15.1 cx=356.2451171875
2025-12-19 15:38:40,964 - INFO - openpose - Gaze PUB: people=1, frame_idx=568
2025-12-19 15:38:41,757 - INFO - openpose - Gaze3D frame=576 id=None label=None v=[-0.478, -0.366, 0.798] yaw=-30.9 pitch=21.5 cx=344.8169860839844
2025-12-19 15:38:41,757 - INFO - openpose - Gaze PUB: people=1, frame_idx=576
2025-12-19 15:38:41,931 - INFO - openpose - Gaze3D frame=576 id=None label=None v=[-0.413, 0.274, 0.869] yaw=-25.4 pitch=-15.9 cx=350.2989044189453
2025-12-19 15:38:41,931 - INFO - openpose - Gaze PUB: people=1, frame_idx=576
2025-12-19 15:38:42,105 - INFO - openpose - Gaze3D frame=576 id=None label=None v=[-0.532, 0.247, 0.810] yaw=-33.3 pitch=-14.3 cx=349.6069030761719
2025-12-19 15:38:42,106 - INFO - openpose - Gaze PUB: people=1, frame_idx=576
2025-12-19 15:38:42,230 - CRITICAL - openpose - Critical error in openpose_server: need at least one array to stack
Traceback (most recent call last):
  File "openpose_server.py", line 521, in <module>
    gaze_results = gaze_pipeline.step(frame)         # same as demo.py
  File "/home/ines/Desktop/Harmony/L2CS_Net/l2cs/pipeline.py", line 93, in step
    pitch, yaw = self.predict_gaze(np.stack(face_imgs))
  File "<__array_function__ internals>", line 200, in stack
  File "/home/ines/.local/lib/python3.8/site-packages/numpy/core/shape_base.py", line 460, in stack
    raise ValueError('need at least one array to stack')
ValueError: need at least one array to stack
