2025-12-16 16:12:11,062 - INFO - BuildTower - Pinned current thread to core 0
2025-12-16 16:12:11,062 - INFO - BuildTower - Main BuildTower thread pinned to core 0.
2025-12-16 16:12:11,214 - INFO - BuildTower - Robot parameters: robot_name=my_gen3, dof=7, gripper_present=True
2025-12-16 16:12:11,217 - INFO - BuildTower - Service initialized: /my_gen3/base/clear_faults
2025-12-16 16:12:11,218 - INFO - BuildTower - Service initialized: /my_gen3/base/read_action
2025-12-16 16:12:11,220 - INFO - BuildTower - Service initialized: /my_gen3/base/execute_action
2025-12-16 16:12:11,221 - INFO - BuildTower - Service initialized: /my_gen3/control_config/set_cartesian_reference_frame
2025-12-16 16:12:11,223 - INFO - BuildTower - Service initialized: /my_gen3/base/activate_publishing_of_action_topic
2025-12-16 16:12:11,225 - INFO - BuildTower - Service initialized: /my_gen3/base/send_gripper_command
2025-12-16 16:12:11,225 - INFO - BuildTower - OpenPoseThread started (core 1).
2025-12-16 16:12:11,225 - INFO - BuildTower - BuildTower class initialized successfully.
2025-12-16 16:12:11,226 - INFO - BuildTower - ROS parameter /kortex_examples_test_results/cartesian_poses_with_notifications_python did not exist or could not be deleted.
2025-12-16 16:12:11,226 - INFO - BuildTower - Pinned current thread to core 1
2025-12-16 16:12:11,226 - INFO - BuildTower - Starting main robot control loop.
2025-12-16 16:12:11,227 - INFO - BuildTower - OpenPoseThread: Connected REQ to tcp://localhost:5555
2025-12-16 16:12:11,227 - INFO - BuildTower - OpenPoseThread: Connected SUB to tcp://localhost:5556
2025-12-16 16:12:11,253 - INFO - BuildTower - Robot faults cleared successfully.
2025-12-16 16:12:13,779 - INFO - BuildTower - Cartesian reference frame set successfully.
2025-12-16 16:12:14,032 - INFO - BuildTower - Activating action notifications.
2025-12-16 16:12:14,037 - INFO - BuildTower - Action Notifications successfully activated.
2025-12-16 16:12:15,056 - INFO - BuildTower - Sending robot to home position.
2025-12-16 16:12:24,675 - INFO - BuildTower - User pressed Enter. Continuing with configuration 1
2025-12-16 16:12:24,676 - INFO - BuildTower - Parsing information from file: config2
2025-12-16 16:12:24,676 - INFO - BuildTower - Parsed turn_order: ybypbpbpy

2025-12-16 16:12:24,676 - INFO - BuildTower - Parsed object_order: 143

2025-12-16 16:12:24,676 - INFO - BuildTower - Sent turn_order and waiting for response from OpenPose server.
2025-12-16 16:12:24,676 - INFO - BuildTower - Sending turn order to OpenPose server: ybypbpbpy

2025-12-16 16:12:24,677 - INFO - BuildTower - OpenPoseThread: sending cmd: ybypbpbpy

2025-12-16 16:12:24,678 - INFO - BuildTower - OpenPoseThread: received reply: Order Received
2025-12-16 16:12:24,678 - INFO - BuildTower - Received reply from OpenPose server: Order Received
2025-12-16 16:12:24,679 - INFO - BuildTower - Starting mutual gaze calibration for 10.0 seconds
2025-12-16 16:12:25,458 - INFO - BuildTower - OpenPoseThread: gaze frame_idx=0 ts=2025-12-16T16:12:25.452802Z people=2
2025-12-16 16:12:25,458 - INFO - BuildTower - OpenPoseThread: Gaze3D frame=0 id=left label=Left person v=[-0.175, -0.097, 0.980] yaw=-10.1 pitch=5.6
2025-12-16 16:12:25,458 - INFO - BuildTower - OpenPoseThread: Gaze3D frame=0 id=right label=Right person v=[-0.296, -0.015, 0.955] yaw=-17.2 pitch=0.8
2025-12-16 16:12:26,228 - INFO - BuildTower - OpenPoseThread: gaze frame_idx=8 ts=2025-12-16T16:12:26.163520Z people=2
2025-12-16 16:12:26,228 - INFO - BuildTower - OpenPoseThread: Gaze3D frame=8 id=left label=Left person v=[-0.351, -0.213, 0.912] yaw=-21.1 pitch=12.3
2025-12-16 16:12:26,228 - INFO - BuildTower - OpenPoseThread: Gaze3D frame=8 id=right label=Right person v=[-0.400, -0.061, 0.914] yaw=-23.6 pitch=3.5
2025-12-16 16:12:26,888 - INFO - BuildTower - OpenPoseThread: gaze frame_idx=16 ts=2025-12-16T16:12:26.846601Z people=2
2025-12-16 16:12:26,888 - INFO - BuildTower - OpenPoseThread: Gaze3D frame=16 id=left label=Left person v=[-0.371, -0.154, 0.916] yaw=-22.0 pitch=8.8
2025-12-16 16:12:26,888 - INFO - BuildTower - OpenPoseThread: Gaze3D frame=16 id=right label=Right person v=[-0.338, -0.118, 0.934] yaw=-19.9 pitch=6.8
2025-12-16 16:12:27,551 - INFO - BuildTower - OpenPoseThread: gaze frame_idx=24 ts=2025-12-16T16:12:27.548879Z people=2
2025-12-16 16:12:27,552 - INFO - BuildTower - OpenPoseThread: Gaze3D frame=24 id=left label=Left person v=[-0.379, -0.164, 0.911] yaw=-22.6 pitch=9.5
2025-12-16 16:12:27,552 - INFO - BuildTower - OpenPoseThread: Gaze3D frame=24 id=right label=Right person v=[-0.290, -0.149, 0.945] yaw=-17.1 pitch=8.6
2025-12-16 16:12:28,314 - INFO - BuildTower - OpenPoseThread: gaze frame_idx=32 ts=2025-12-16T16:12:28.258675Z people=2
2025-12-16 16:12:28,314 - INFO - BuildTower - OpenPoseThread: Gaze3D frame=32 id=left label=Left person v=[-0.339, -0.249, 0.907] yaw=-20.5 pitch=14.4
2025-12-16 16:12:28,314 - INFO - BuildTower - OpenPoseThread: Gaze3D frame=32 id=right label=Right person v=[-0.211, 0.055, 0.976] yaw=-12.2 pitch=-3.2
2025-12-16 16:12:28,966 - INFO - BuildTower - OpenPoseThread: gaze frame_idx=40 ts=2025-12-16T16:12:28.951419Z people=2
2025-12-16 16:12:28,966 - INFO - BuildTower - OpenPoseThread: Gaze3D frame=40 id=left label=Left person v=[-0.383, -0.122, 0.916] yaw=-22.7 pitch=7.0
2025-12-16 16:12:28,966 - INFO - BuildTower - OpenPoseThread: Gaze3D frame=40 id=right label=Right person v=[-0.307, 0.014, 0.952] yaw=-17.9 pitch=-0.8
2025-12-16 16:12:29,747 - INFO - BuildTower - OpenPoseThread: gaze frame_idx=48 ts=2025-12-16T16:12:29.647762Z people=2
2025-12-16 16:12:29,747 - INFO - BuildTower - OpenPoseThread: Gaze3D frame=48 id=left label=Left person v=[-0.321, -0.152, 0.935] yaw=-18.9 pitch=8.7
2025-12-16 16:12:29,747 - INFO - BuildTower - OpenPoseThread: Gaze3D frame=48 id=right label=Right person v=[-0.418, 0.190, 0.889] yaw=-25.2 pitch=-10.9
2025-12-16 16:12:30,403 - INFO - BuildTower - OpenPoseThread: gaze frame_idx=56 ts=2025-12-16T16:12:30.338278Z people=2
2025-12-16 16:12:30,403 - INFO - BuildTower - OpenPoseThread: Gaze3D frame=56 id=left label=Left person v=[-0.342, -0.210, 0.916] yaw=-20.5 pitch=12.1
2025-12-16 16:12:30,403 - INFO - BuildTower - OpenPoseThread: Gaze3D frame=56 id=right label=Right person v=[-0.402, 0.078, 0.913] yaw=-23.8 pitch=-4.4
2025-12-16 16:12:31,055 - INFO - BuildTower - OpenPoseThread: gaze frame_idx=64 ts=2025-12-16T16:12:31.015219Z people=2
2025-12-16 16:12:31,055 - INFO - BuildTower - OpenPoseThread: Gaze3D frame=64 id=left label=Left person v=[-0.322, -0.129, 0.938] yaw=-19.0 pitch=7.4
2025-12-16 16:12:31,055 - INFO - BuildTower - OpenPoseThread: Gaze3D frame=64 id=right label=Right person v=[-0.174, 0.102, 0.979] yaw=-10.1 pitch=-5.9
2025-12-16 16:12:31,712 - INFO - BuildTower - OpenPoseThread: gaze frame_idx=72 ts=2025-12-16T16:12:31.711681Z people=2
2025-12-16 16:12:31,713 - INFO - BuildTower - OpenPoseThread: Gaze3D frame=72 id=left label=Left person v=[-0.394, -0.111, 0.913] yaw=-23.3 pitch=6.4
2025-12-16 16:12:31,713 - INFO - BuildTower - OpenPoseThread: Gaze3D frame=72 id=right label=Right person v=[-0.297, -0.014, 0.955] yaw=-17.3 pitch=0.8
2025-12-16 16:12:32,484 - INFO - BuildTower - OpenPoseThread: gaze frame_idx=80 ts=2025-12-16T16:12:32.405243Z people=2
2025-12-16 16:12:32,484 - INFO - BuildTower - OpenPoseThread: Gaze3D frame=80 id=left label=Left person v=[-0.359, -0.102, 0.928] yaw=-21.2 pitch=5.9
2025-12-16 16:12:32,484 - INFO - BuildTower - OpenPoseThread: Gaze3D frame=80 id=right label=Right person v=[-0.196, -0.143, 0.970] yaw=-11.4 pitch=8.2
2025-12-16 16:12:33,142 - INFO - BuildTower - OpenPoseThread: gaze frame_idx=88 ts=2025-12-16T16:12:33.097136Z people=2
2025-12-16 16:12:33,142 - INFO - BuildTower - OpenPoseThread: Gaze3D frame=88 id=left label=Left person v=[-0.372, -0.091, 0.924] yaw=-21.9 pitch=5.2
2025-12-16 16:12:33,142 - INFO - BuildTower - OpenPoseThread: Gaze3D frame=88 id=right label=Right person v=[-0.287, -0.030, 0.957] yaw=-16.7 pitch=1.7
2025-12-16 16:12:33,801 - INFO - BuildTower - OpenPoseThread: gaze frame_idx=96 ts=2025-12-16T16:12:33.800440Z people=2
2025-12-16 16:12:33,801 - INFO - BuildTower - OpenPoseThread: Gaze3D frame=96 id=left label=Left person v=[-0.375, -0.064, 0.925] yaw=-22.1 pitch=3.7
2025-12-16 16:12:33,801 - INFO - BuildTower - OpenPoseThread: Gaze3D frame=96 id=right label=Right person v=[-0.306, 0.111, 0.946] yaw=-17.9 pitch=-6.3
2025-12-16 16:12:34,572 - INFO - BuildTower - OpenPoseThread: gaze frame_idx=104 ts=2025-12-16T16:12:34.494970Z people=2
2025-12-16 16:12:34,572 - INFO - BuildTower - OpenPoseThread: Gaze3D frame=104 id=left label=Left person v=[-0.341, -0.104, 0.934] yaw=-20.1 pitch=6.0
2025-12-16 16:12:34,572 - INFO - BuildTower - OpenPoseThread: Gaze3D frame=104 id=right label=Right person v=[-0.359, 0.016, 0.933] yaw=-21.0 pitch=-0.9
2025-12-16 16:12:34,679 - INFO - BuildTower - Calibration done: yaw_bias=-19.087 deg, pitch_bias=4.028 deg
2025-12-16 16:12:34,680 - INFO - BuildTower - Executing turn 0 out of 9.
2025-12-16 16:12:34,680 - INFO - BuildTower - Moving block from start 0.28 to target 0.307. Turn: 0, Block Shape: 1
2025-12-16 16:12:34,683 - INFO - BuildTower - Sending gripper command: value=0
2025-12-16 16:12:35,204 - INFO - BuildTower - Gripper command 0 sent successfully.
2025-12-16 16:12:35,206 - INFO - BuildTower - Attempting to go to position: x=0.47, y=0.18, z=0.325, theta_x=100.0, theta_y=0.0, theta_z=90.0
2025-12-16 16:12:35,206 - DEBUG - BuildTower - Set speed for pose: translation=1, orientation=100
2025-12-16 16:12:35,232 - INFO - BuildTower - Pose action initiated, waiting for completion.
2025-12-16 16:12:35,233 - INFO - BuildTower - OpenPoseThread: gaze frame_idx=112 ts=2025-12-16T16:12:35.203024Z people=2
2025-12-16 16:12:35,234 - INFO - BuildTower - OpenPoseThread: Gaze3D frame=112 id=left label=Left person v=[-0.381, -0.043, 0.924] yaw=-22.4 pitch=2.5
2025-12-16 16:12:35,234 - INFO - BuildTower - OpenPoseThread: Gaze3D frame=112 id=right label=Right person v=[-0.334, -0.094, 0.938] yaw=-19.6 pitch=5.4
2025-12-16 16:12:35,998 - INFO - BuildTower - OpenPoseThread: gaze frame_idx=120 ts=2025-12-16T16:12:35.903958Z people=2
2025-12-16 16:12:35,998 - INFO - BuildTower - OpenPoseThread: Gaze3D frame=120 id=left label=Left person v=[-0.398, -0.017, 0.917] yaw=-23.5 pitch=1.0
2025-12-16 16:12:35,998 - INFO - BuildTower - OpenPoseThread: Gaze3D frame=120 id=right label=Right person v=[-0.159, -0.455, 0.876] yaw=-10.3 pitch=27.1
2025-12-16 16:12:37,091 - INFO - BuildTower - OpenPoseThread: gaze frame_idx=128 ts=2025-12-16T16:12:37.034718Z people=2
2025-12-16 16:12:37,092 - INFO - BuildTower - OpenPoseThread: Gaze3D frame=128 id=left label=Left person v=[-0.394, -0.086, 0.915] yaw=-23.3 pitch=4.9
2025-12-16 16:12:37,092 - INFO - BuildTower - OpenPoseThread: Gaze3D frame=128 id=right label=Right person v=[-0.076, -0.774, 0.629] yaw=-6.9 pitch=50.7
2025-12-16 16:12:37,858 - INFO - BuildTower - OpenPoseThread: gaze frame_idx=136 ts=2025-12-16T16:12:37.794872Z people=2
2025-12-16 16:12:37,858 - INFO - BuildTower - OpenPoseThread: Gaze3D frame=136 id=left label=Left person v=[-0.510, -0.086, 0.856] yaw=-30.8 pitch=4.9
2025-12-16 16:12:37,858 - INFO - BuildTower - OpenPoseThread: Gaze3D frame=136 id=right label=Right person v=[-0.105, -0.795, 0.597] yaw=-10.0 pitch=52.7
2025-12-16 16:12:37,866 - INFO - BuildTower - Robot action ended.
2025-12-16 16:12:37,866 - INFO - BuildTower - Attempting to go to position: x=0.47, y=0.18, z=0.28, theta_x=100.0, theta_y=0.0, theta_z=90.0
2025-12-16 16:12:37,866 - DEBUG - BuildTower - Set speed for pose: translation=1, orientation=100
2025-12-16 16:12:37,885 - INFO - BuildTower - Pose action initiated, waiting for completion.
2025-12-16 16:12:38,510 - INFO - BuildTower - OpenPoseThread: gaze frame_idx=144 ts=2025-12-16T16:12:38.446842Z people=2
2025-12-16 16:12:38,510 - INFO - BuildTower - OpenPoseThread: Gaze3D frame=144 id=left label=Left person v=[-0.414, -0.213, 0.885] yaw=-25.0 pitch=12.3
2025-12-16 16:12:38,510 - INFO - BuildTower - OpenPoseThread: Gaze3D frame=144 id=right label=Right person v=[-0.070, -0.738, 0.672] yaw=-5.9 pitch=47.5
2025-12-16 16:12:38,613 - INFO - BuildTower - Robot action ended.
2025-12-16 16:12:38,614 - INFO - BuildTower - Sending gripper command: value=0.075
2025-12-16 16:12:39,129 - INFO - BuildTower - Gripper command 0.075 sent successfully.
2025-12-16 16:12:39,131 - INFO - BuildTower - Attempting to go to position: x=0.47, y=0.18, z=0.325, theta_x=100.0, theta_y=0.0, theta_z=90.0
2025-12-16 16:12:39,131 - DEBUG - BuildTower - Set speed for pose: translation=1, orientation=100
2025-12-16 16:12:39,156 - INFO - BuildTower - Pose action initiated, waiting for completion.
2025-12-16 16:12:39,176 - INFO - BuildTower - OpenPoseThread: gaze frame_idx=152 ts=2025-12-16T16:12:39.144646Z people=2
2025-12-16 16:12:39,176 - INFO - BuildTower - OpenPoseThread: Gaze3D frame=152 id=left label=Left person v=[-0.489, -0.145, 0.860] yaw=-29.6 pitch=8.3
2025-12-16 16:12:39,176 - INFO - BuildTower - OpenPoseThread: Gaze3D frame=152 id=right label=Right person v=[-0.335, -0.666, 0.667] yaw=-26.7 pitch=41.8
2025-12-16 16:12:39,885 - INFO - BuildTower - Robot action ended.
2025-12-16 16:12:39,886 - INFO - BuildTower - Attempting to go to position: x=0.735, y=0.0, z=0.352, theta_x=100.0, theta_y=0.0, theta_z=90.0
2025-12-16 16:12:39,886 - DEBUG - BuildTower - Set speed for pose: translation=1, orientation=100
2025-12-16 16:12:39,906 - INFO - BuildTower - Pose action initiated, waiting for completion.
2025-12-16 16:12:39,942 - INFO - BuildTower - OpenPoseThread: gaze frame_idx=160 ts=2025-12-16T16:12:39.852427Z people=2
2025-12-16 16:12:39,942 - INFO - BuildTower - OpenPoseThread: Gaze3D frame=160 id=left label=Left person v=[-0.509, -0.091, 0.856] yaw=-30.8 pitch=5.2
2025-12-16 16:12:39,942 - INFO - BuildTower - OpenPoseThread: Gaze3D frame=160 id=right label=Right person v=[-0.105, -0.768, 0.632] yaw=-9.5 pitch=50.2
2025-12-16 16:12:40,594 - INFO - BuildTower - OpenPoseThread: gaze frame_idx=168 ts=2025-12-16T16:12:40.538346Z people=2
2025-12-16 16:12:40,594 - INFO - BuildTower - OpenPoseThread: Gaze3D frame=168 id=left label=Left person v=[-0.464, -0.059, 0.884] yaw=-27.7 pitch=3.4
2025-12-16 16:12:40,594 - INFO - BuildTower - OpenPoseThread: Gaze3D frame=168 id=right label=Right person v=[-0.119, -0.541, 0.832] yaw=-8.1 pitch=32.8
2025-12-16 16:12:41,252 - INFO - BuildTower - OpenPoseThread: gaze frame_idx=176 ts=2025-12-16T16:12:41.225433Z people=2
2025-12-16 16:12:41,252 - INFO - BuildTower - OpenPoseThread: Gaze3D frame=176 id=left label=Left person v=[-0.485, -0.134, 0.864] yaw=-29.3 pitch=7.7
2025-12-16 16:12:41,252 - INFO - BuildTower - OpenPoseThread: Gaze3D frame=176 id=right label=Right person v=[-0.547, -0.327, 0.771] yaw=-35.3 pitch=19.1
2025-12-16 16:12:41,904 - INFO - BuildTower - OpenPoseThread: gaze frame_idx=184 ts=2025-12-16T16:12:41.896937Z people=2
2025-12-16 16:12:41,904 - INFO - BuildTower - OpenPoseThread: Gaze3D frame=184 id=left label=Left person v=[-0.507, -0.037, 0.861] yaw=-30.5 pitch=2.1
2025-12-16 16:12:41,904 - INFO - BuildTower - OpenPoseThread: Gaze3D frame=184 id=right label=Right person v=[-0.532, -0.123, 0.838] yaw=-32.4 pitch=7.1
2025-12-16 16:12:42,667 - INFO - BuildTower - OpenPoseThread: gaze frame_idx=192 ts=2025-12-16T16:12:42.587517Z people=2
2025-12-16 16:12:42,667 - INFO - BuildTower - OpenPoseThread: Gaze3D frame=192 id=left label=Left person v=[-0.482, 0.016, 0.876] yaw=-28.8 pitch=-0.9
2025-12-16 16:12:42,667 - INFO - BuildTower - OpenPoseThread: Gaze3D frame=192 id=right label=Right person v=[-0.480, 0.423, 0.769] yaw=-32.0 pitch=-25.0
2025-12-16 16:12:43,330 - INFO - BuildTower - OpenPoseThread: gaze frame_idx=200 ts=2025-12-16T16:12:43.281076Z people=2
2025-12-16 16:12:43,330 - INFO - BuildTower - OpenPoseThread: Gaze3D frame=200 id=left label=Left person v=[-0.531, 0.109, 0.840] yaw=-32.3 pitch=-6.3
2025-12-16 16:12:43,330 - INFO - BuildTower - OpenPoseThread: Gaze3D frame=200 id=right label=Right person v=[-0.448, 0.088, 0.890] yaw=-26.7 pitch=-5.0
2025-12-16 16:12:43,383 - INFO - BuildTower - Robot action ended.
2025-12-16 16:12:43,384 - INFO - BuildTower - Attempting to go to position: x=0.735, y=0.0, z=0.307, theta_x=100.0, theta_y=0.0, theta_z=90.0
2025-12-16 16:12:43,384 - DEBUG - BuildTower - Set speed for pose: translation=1, orientation=100
2025-12-16 16:12:43,406 - INFO - BuildTower - Pose action initiated, waiting for completion.
2025-12-16 16:12:43,995 - INFO - BuildTower - OpenPoseThread: gaze frame_idx=208 ts=2025-12-16T16:12:43.985815Z people=2
2025-12-16 16:12:43,995 - INFO - BuildTower - OpenPoseThread: Gaze3D frame=208 id=left label=Left person v=[-0.535, 0.017, 0.845] yaw=-32.3 pitch=-1.0
2025-12-16 16:12:43,995 - INFO - BuildTower - OpenPoseThread: Gaze3D frame=208 id=right label=Right person v=[-0.070, -0.025, 0.997] yaw=-4.0 pitch=1.4
2025-12-16 16:12:44,133 - INFO - BuildTower - Robot action ended.
2025-12-16 16:12:44,135 - INFO - BuildTower - Sending gripper command: value=0
2025-12-16 16:12:44,659 - INFO - BuildTower - Gripper command 0 sent successfully.
2025-12-16 16:12:44,661 - INFO - BuildTower - Attempting to go to position: x=0.735, y=0.0, z=0.352, theta_x=100.0, theta_y=0.0, theta_z=90.0
2025-12-16 16:12:44,661 - DEBUG - BuildTower - Set speed for pose: translation=1, orientation=100
2025-12-16 16:12:44,681 - INFO - BuildTower - Pose action initiated, waiting for completion.
2025-12-16 16:12:44,758 - INFO - BuildTower - OpenPoseThread: gaze frame_idx=216 ts=2025-12-16T16:12:44.688792Z people=2
2025-12-16 16:12:44,758 - INFO - BuildTower - OpenPoseThread: Gaze3D frame=216 id=left label=Left person v=[-0.545, 0.084, 0.834] yaw=-33.2 pitch=-4.8
2025-12-16 16:12:44,758 - INFO - BuildTower - OpenPoseThread: Gaze3D frame=216 id=right label=Right person v=[-0.212, -0.680, 0.702] yaw=-16.8 pitch=42.8
2025-12-16 16:12:45,410 - INFO - BuildTower - Robot action ended.
2025-12-16 16:12:45,411 - INFO - BuildTower - Robot completed its turn. Robot turn count: 1
2025-12-16 16:12:45,411 - INFO - BuildTower - OpenPoseThread: gaze frame_idx=224 ts=2025-12-16T16:12:45.339866Z people=2
2025-12-16 16:12:45,411 - INFO - BuildTower - Executing turn 1 out of 9.
2025-12-16 16:12:45,411 - INFO - BuildTower - OpenPoseThread: Gaze3D frame=224 id=left label=Left person v=[-0.535, 0.075, 0.842] yaw=-32.4 pitch=-4.3
2025-12-16 16:12:45,412 - INFO - BuildTower - OpenPoseThread: Gaze3D frame=224 id=right label=Right person v=[-0.178, -0.674, 0.717] yaw=-13.9 pitch=42.4
2025-12-16 16:12:45,436 - INFO - BuildTower - Sending robot to home position.
2025-12-16 16:12:46,059 - INFO - BuildTower - Sending to OpenPose (via thread): PL: Arm Extended Check
2025-12-16 16:12:46,059 - INFO - BuildTower - OpenPoseThread: sending cmd: PL: Arm Extended Check
2025-12-16 16:12:46,060 - INFO - BuildTower - OpenPoseThread: gaze frame_idx=232 ts=2025-12-16T16:12:46.013674Z people=2
2025-12-16 16:12:46,060 - INFO - BuildTower - OpenPoseThread: Gaze3D frame=232 id=left label=Left person v=[-0.542, 0.098, 0.835] yaw=-33.0 pitch=-5.6
2025-12-16 16:12:46,060 - INFO - BuildTower - OpenPoseThread: Gaze3D frame=232 id=right label=Right person v=[-0.145, -0.526, 0.838] yaw=-9.8 pitch=31.7
2025-12-16 16:12:46,689 - INFO - BuildTower - OpenPoseThread: gaze frame_idx=240 ts=2025-12-16T16:12:46.688026Z people=2
2025-12-16 16:12:46,689 - INFO - BuildTower - OpenPoseThread: Gaze3D frame=240 id=left label=Left person v=[-0.537, 0.061, 0.842] yaw=-32.5 pitch=-3.5
2025-12-16 16:12:46,689 - INFO - BuildTower - OpenPoseThread: Gaze3D frame=240 id=right label=Right person v=[-0.015, -0.860, 0.510] yaw=-1.7 pitch=59.3
2025-12-16 16:12:47,406 - INFO - BuildTower - OpenPoseThread: gaze frame_idx=248 ts=2025-12-16T16:12:47.404873Z people=2
2025-12-16 16:12:47,406 - INFO - BuildTower - OpenPoseThread: Gaze3D frame=248 id=left label=Left person v=[-0.514, 0.021, 0.858] yaw=-30.9 pitch=-1.2
2025-12-16 16:12:47,406 - INFO - BuildTower - OpenPoseThread: Gaze3D frame=248 id=right label=Right person v=[-0.078, -0.758, 0.647] yaw=-6.9 pitch=49.3
2025-12-16 16:12:48,069 - INFO - BuildTower - OpenPoseThread: gaze frame_idx=256 ts=2025-12-16T16:12:48.068330Z people=2
2025-12-16 16:12:48,069 - INFO - BuildTower - OpenPoseThread: Gaze3D frame=256 id=left label=Left person v=[-0.453, 0.008, 0.892] yaw=-26.9 pitch=-0.5
2025-12-16 16:12:48,069 - INFO - BuildTower - OpenPoseThread: Gaze3D frame=256 id=right label=Right person v=[-0.093, -0.807, 0.583] yaw=-9.1 pitch=53.8
2025-12-16 16:12:48,778 - INFO - BuildTower - OpenPoseThread: gaze frame_idx=264 ts=2025-12-16T16:12:48.776990Z people=2
2025-12-16 16:12:48,778 - INFO - BuildTower - OpenPoseThread: Gaze3D frame=264 id=left label=Left person v=[-0.508, 0.100, 0.856] yaw=-30.7 pitch=-5.7
2025-12-16 16:12:48,778 - INFO - BuildTower - OpenPoseThread: Gaze3D frame=264 id=right label=Right person v=[-0.098, -0.751, 0.653] yaw=-8.5 pitch=48.7
2025-12-16 16:12:49,485 - INFO - BuildTower - OpenPoseThread: gaze frame_idx=272 ts=2025-12-16T16:12:49.477132Z people=2
2025-12-16 16:12:49,485 - INFO - BuildTower - OpenPoseThread: Gaze3D frame=272 id=left label=Left person v=[-0.477, 0.051, 0.877] yaw=-28.6 pitch=-2.9
2025-12-16 16:12:49,485 - INFO - BuildTower - OpenPoseThread: Gaze3D frame=272 id=right label=Right person v=[-0.044, -0.736, 0.676] yaw=-3.7 pitch=47.4
2025-12-16 16:12:50,179 - INFO - BuildTower - OpenPoseThread: gaze frame_idx=280 ts=2025-12-16T16:12:50.178150Z people=2
2025-12-16 16:12:50,180 - INFO - BuildTower - OpenPoseThread: Gaze3D frame=280 id=left label=Left person v=[-0.473, -0.103, 0.875] yaw=-28.4 pitch=5.9
2025-12-16 16:12:50,180 - INFO - BuildTower - OpenPoseThread: Gaze3D frame=280 id=right label=Right person v=[-0.025, -0.819, 0.573] yaw=-2.5 pitch=55.0
2025-12-16 16:12:50,867 - INFO - BuildTower - OpenPoseThread: gaze frame_idx=288 ts=2025-12-16T16:12:50.866463Z people=2
2025-12-16 16:12:50,867 - INFO - BuildTower - OpenPoseThread: Gaze3D frame=288 id=left label=Left person v=[-0.461, 0.025, 0.887] yaw=-27.5 pitch=-1.4
2025-12-16 16:12:50,868 - INFO - BuildTower - OpenPoseThread: Gaze3D frame=288 id=right label=Right person v=[0.011, -0.754, 0.657] yaw=0.9 pitch=48.9
2025-12-16 16:12:51,115 - INFO - BuildTower - OpenPoseThread: received reply: Left: Arm Extended
2025-12-16 16:12:51,115 - INFO - BuildTower - Sending to OpenPose (via thread): PL: Arm Retracted Check
2025-12-16 16:12:51,116 - INFO - BuildTower - OpenPoseThread: sending cmd: PL: Arm Retracted Check
2025-12-16 16:12:51,180 - INFO - BuildTower - OpenPoseThread: received reply: Left: Arm Retracted
2025-12-16 16:12:51,180 - INFO - BuildTower - Executing turn 2 out of 9.
2025-12-16 16:12:51,180 - INFO - BuildTower - Moving block from start 0.3 to target 0.387. Turn: 2, Block Shape: 4
2025-12-16 16:12:51,183 - INFO - BuildTower - Sending gripper command: value=0
2025-12-16 16:12:51,614 - INFO - BuildTower - OpenPoseThread: gaze frame_idx=296 ts=2025-12-16T16:12:51.559925Z people=2
2025-12-16 16:12:51,614 - INFO - BuildTower - OpenPoseThread: Gaze3D frame=296 id=left label=Left person v=[-0.460, 0.120, 0.880] yaw=-27.6 pitch=-6.9
2025-12-16 16:12:51,614 - INFO - BuildTower - OpenPoseThread: Gaze3D frame=296 id=right label=Right person v=[-0.416, -0.550, 0.724] yaw=-29.9 pitch=33.4
2025-12-16 16:12:51,705 - INFO - BuildTower - Gripper command 0 sent successfully.
2025-12-16 16:12:51,707 - INFO - BuildTower - Attempting to go to position: x=0.3, y=0.3, z=0.345, theta_x=100.0, theta_y=0.0, theta_z=90.0
2025-12-16 16:12:51,708 - DEBUG - BuildTower - Set speed for pose: translation=1, orientation=100
2025-12-16 16:12:51,735 - INFO - BuildTower - Pose action initiated, waiting for completion.
2025-12-16 16:12:52,270 - INFO - BuildTower - OpenPoseThread: gaze frame_idx=304 ts=2025-12-16T16:12:52.269293Z people=2
2025-12-16 16:12:52,270 - INFO - BuildTower - OpenPoseThread: Gaze3D frame=304 id=left label=Left person v=[-0.364, -0.060, 0.930] yaw=-21.4 pitch=3.5
2025-12-16 16:12:52,270 - INFO - BuildTower - OpenPoseThread: Gaze3D frame=304 id=right label=Right person v=[-0.244, -0.414, 0.877] yaw=-15.5 pitch=24.4
2025-12-16 16:12:53,035 - INFO - BuildTower - OpenPoseThread: gaze frame_idx=312 ts=2025-12-16T16:12:52.953931Z people=2
2025-12-16 16:12:53,036 - INFO - BuildTower - OpenPoseThread: Gaze3D frame=312 id=left label=Left person v=[-0.276, 0.025, 0.961] yaw=-16.0 pitch=-1.4
2025-12-16 16:12:53,036 - INFO - BuildTower - OpenPoseThread: Gaze3D frame=312 id=right label=Right person v=[-0.328, -0.088, 0.940] yaw=-19.2 pitch=5.1
2025-12-16 16:12:53,690 - INFO - BuildTower - OpenPoseThread: gaze frame_idx=320 ts=2025-12-16T16:12:53.642219Z people=2
2025-12-16 16:12:53,690 - INFO - BuildTower - OpenPoseThread: Gaze3D frame=320 id=left label=Left person v=[-0.223, -0.743, 0.631] yaw=-19.5 pitch=48.0
2025-12-16 16:12:53,690 - INFO - BuildTower - OpenPoseThread: Gaze3D frame=320 id=right label=Right person v=[-0.325, -0.466, 0.823] yaw=-21.5 pitch=27.8
2025-12-16 16:12:54,344 - INFO - BuildTower - OpenPoseThread: gaze frame_idx=328 ts=2025-12-16T16:12:54.313214Z people=2
2025-12-16 16:12:54,344 - INFO - BuildTower - OpenPoseThread: Gaze3D frame=328 id=left label=Left person v=[-0.338, -0.313, 0.887] yaw=-20.8 pitch=18.3
2025-12-16 16:12:54,344 - INFO - BuildTower - OpenPoseThread: Gaze3D frame=328 id=right label=Right person v=[-0.362, -0.472, 0.804] yaw=-24.2 pitch=28.2
2025-12-16 16:12:55,011 - INFO - BuildTower - OpenPoseThread: gaze frame_idx=336 ts=2025-12-16T16:12:55.002951Z people=2
2025-12-16 16:12:55,012 - INFO - BuildTower - OpenPoseThread: Gaze3D frame=336 id=left label=Left person v=[-0.222, -0.174, 0.959] yaw=-13.1 pitch=10.0
2025-12-16 16:12:55,012 - INFO - BuildTower - OpenPoseThread: Gaze3D frame=336 id=right label=Right person v=[-0.355, -0.234, 0.905] yaw=-21.4 pitch=13.5
2025-12-16 16:12:55,774 - INFO - BuildTower - OpenPoseThread: gaze frame_idx=344 ts=2025-12-16T16:12:55.709154Z people=2
2025-12-16 16:12:55,774 - INFO - BuildTower - OpenPoseThread: Gaze3D frame=344 id=left label=Left person v=[-0.294, -0.433, 0.852] yaw=-19.0 pitch=25.7
2025-12-16 16:12:55,775 - INFO - BuildTower - OpenPoseThread: Gaze3D frame=344 id=right label=Right person v=[-0.513, -0.331, 0.792] yaw=-32.9 pitch=19.3
2025-12-16 16:12:56,165 - INFO - BuildTower - Robot action ended.
2025-12-16 16:12:56,165 - INFO - BuildTower - Attempting to go to position: x=0.3, y=0.3, z=0.3, theta_x=100.0, theta_y=0.0, theta_z=90.0
2025-12-16 16:12:56,166 - DEBUG - BuildTower - Set speed for pose: translation=1, orientation=100
2025-12-16 16:12:56,182 - INFO - BuildTower - Pose action initiated, waiting for completion.
2025-12-16 16:12:56,428 - INFO - BuildTower - OpenPoseThread: gaze frame_idx=352 ts=2025-12-16T16:12:56.415193Z people=2
2025-12-16 16:12:56,428 - INFO - BuildTower - OpenPoseThread: Gaze3D frame=352 id=None label=None v=[-0.264, -0.421, 0.868] yaw=-16.9 pitch=24.9
2025-12-16 16:12:56,428 - INFO - BuildTower - OpenPoseThread: Gaze3D frame=352 id=None label=None v=[-0.274, -0.372, 0.887] yaw=-17.2 pitch=21.8
2025-12-16 16:12:56,752 - INFO - BuildTower - OpenPoseThread: gaze frame_idx=352 ts=2025-12-16T16:12:56.656568Z people=2
2025-12-16 16:12:56,752 - INFO - BuildTower - OpenPoseThread: Gaze3D frame=352 id=left label=Left person v=[-0.331, -0.426, 0.842] yaw=-21.4 pitch=25.2
2025-12-16 16:12:56,752 - INFO - BuildTower - OpenPoseThread: Gaze3D frame=352 id=right label=Right person v=[-0.333, -0.387, 0.860] yaw=-21.2 pitch=22.8
2025-12-16 16:12:56,916 - INFO - BuildTower - Robot action ended.
2025-12-16 16:12:56,918 - INFO - BuildTower - Sending gripper command: value=0.7
2025-12-16 16:12:57,411 - INFO - BuildTower - OpenPoseThread: gaze frame_idx=360 ts=2025-12-16T16:12:57.337900Z people=2
2025-12-16 16:12:57,412 - INFO - BuildTower - OpenPoseThread: Gaze3D frame=360 id=left label=Left person v=[-0.324, -0.321, 0.890] yaw=-20.0 pitch=18.8
2025-12-16 16:12:57,412 - INFO - BuildTower - OpenPoseThread: Gaze3D frame=360 id=right label=Right person v=[-0.344, -0.347, 0.872] yaw=-21.5 pitch=20.3
2025-12-16 16:12:57,435 - INFO - BuildTower - Gripper command 0.7 sent successfully.
2025-12-16 16:12:57,437 - INFO - BuildTower - Attempting to go to position: x=0.3, y=0.3, z=0.435, theta_x=100.0, theta_y=0.0, theta_z=90.0
2025-12-16 16:12:57,437 - DEBUG - BuildTower - Set speed for pose: translation=1, orientation=100
2025-12-16 16:12:57,458 - INFO - BuildTower - Pose action initiated, waiting for completion.
2025-12-16 16:12:58,072 - INFO - BuildTower - OpenPoseThread: gaze frame_idx=368 ts=2025-12-16T16:12:58.046918Z people=2
2025-12-16 16:12:58,072 - INFO - BuildTower - OpenPoseThread: Gaze3D frame=368 id=left label=Left person v=[-0.233, -0.309, 0.922] yaw=-14.2 pitch=18.0
2025-12-16 16:12:58,072 - INFO - BuildTower - OpenPoseThread: Gaze3D frame=368 id=right label=Right person v=[-0.096, -0.672, 0.734] yaw=-7.4 pitch=42.2
2025-12-16 16:12:58,738 - INFO - BuildTower - OpenPoseThread: gaze frame_idx=376 ts=2025-12-16T16:12:58.714782Z people=2
2025-12-16 16:12:58,738 - INFO - BuildTower - OpenPoseThread: Gaze3D frame=376 id=left label=Left person v=[-0.174, -0.264, 0.949] yaw=-10.4 pitch=15.3
2025-12-16 16:12:58,738 - INFO - BuildTower - OpenPoseThread: Gaze3D frame=376 id=right label=Right person v=[-0.304, -0.381, 0.873] yaw=-19.2 pitch=22.4
2025-12-16 16:12:59,093 - INFO - BuildTower - Robot action ended.
2025-12-16 16:12:59,093 - INFO - BuildTower - Attempting to go to position: x=0.735, y=0.0, z=0.432, theta_x=100.0, theta_y=0.0, theta_z=90.0
2025-12-16 16:12:59,093 - DEBUG - BuildTower - Set speed for pose: translation=1, orientation=100
2025-12-16 16:12:59,133 - INFO - BuildTower - Pose action initiated, waiting for completion.
2025-12-16 16:12:59,837 - INFO - BuildTower - OpenPoseThread: gaze frame_idx=384 ts=2025-12-16T16:12:59.812399Z people=3
2025-12-16 16:12:59,838 - INFO - BuildTower - OpenPoseThread: Gaze3D frame=384 id=left label=Left person v=[-0.354, -0.152, 0.923] yaw=-21.0 pitch=8.7
2025-12-16 16:12:59,838 - INFO - BuildTower - OpenPoseThread: Gaze3D frame=384 id=right label=Right person v=[-0.391, -0.129, 0.911] yaw=-23.2 pitch=7.4
2025-12-16 16:12:59,838 - INFO - BuildTower - OpenPoseThread: Gaze3D frame=384 id=right label=Right person v=[-0.112, -0.637, 0.763] yaw=-8.4 pitch=39.6
2025-12-16 16:13:00,603 - INFO - BuildTower - OpenPoseThread: gaze frame_idx=392 ts=2025-12-16T16:13:00.549262Z people=3
2025-12-16 16:13:00,604 - INFO - BuildTower - OpenPoseThread: Gaze3D frame=392 id=left label=Left person v=[-0.454, -0.074, 0.888] yaw=-27.1 pitch=4.2
2025-12-16 16:13:00,604 - INFO - BuildTower - OpenPoseThread: Gaze3D frame=392 id=right label=Right person v=[-0.270, -0.229, 0.935] yaw=-16.1 pitch=13.3
2025-12-16 16:13:00,604 - INFO - BuildTower - OpenPoseThread: Gaze3D frame=392 id=right label=Right person v=[-0.103, -0.245, 0.964] yaw=-6.1 pitch=14.2
2025-12-16 16:13:01,367 - INFO - BuildTower - OpenPoseThread: gaze frame_idx=400 ts=2025-12-16T16:13:01.364402Z people=2
2025-12-16 16:13:01,367 - INFO - BuildTower - OpenPoseThread: Gaze3D frame=400 id=left label=Left person v=[-0.496, -0.154, 0.855] yaw=-30.1 pitch=8.8
2025-12-16 16:13:01,367 - INFO - BuildTower - OpenPoseThread: Gaze3D frame=400 id=right label=Right person v=[-0.275, -0.478, 0.834] yaw=-18.3 pitch=28.5
2025-12-16 16:13:02,032 - INFO - BuildTower - OpenPoseThread: gaze frame_idx=408 ts=2025-12-16T16:13:02.031460Z people=2
2025-12-16 16:13:02,032 - INFO - BuildTower - OpenPoseThread: Gaze3D frame=408 id=left label=Left person v=[-0.460, -0.115, 0.880] yaw=-27.6 pitch=6.6
2025-12-16 16:13:02,032 - INFO - BuildTower - OpenPoseThread: Gaze3D frame=408 id=right label=Right person v=[-0.252, -0.219, 0.943] yaw=-15.0 pitch=12.6
2025-12-16 16:13:02,705 - INFO - BuildTower - OpenPoseThread: gaze frame_idx=416 ts=2025-12-16T16:13:02.704662Z people=2
2025-12-16 16:13:02,706 - INFO - BuildTower - OpenPoseThread: Gaze3D frame=416 id=left label=Left person v=[-0.431, -0.106, 0.896] yaw=-25.7 pitch=6.1
2025-12-16 16:13:02,706 - INFO - BuildTower - OpenPoseThread: Gaze3D frame=416 id=right label=Right person v=[-0.331, -0.202, 0.922] yaw=-19.8 pitch=11.6
2025-12-16 16:13:03,470 - INFO - BuildTower - OpenPoseThread: gaze frame_idx=424 ts=2025-12-16T16:13:03.392689Z people=2
2025-12-16 16:13:03,470 - INFO - BuildTower - OpenPoseThread: Gaze3D frame=424 id=left label=Left person v=[-0.423, -0.147, 0.894] yaw=-25.3 pitch=8.5
2025-12-16 16:13:03,471 - INFO - BuildTower - OpenPoseThread: Gaze3D frame=424 id=right label=Right person v=[-0.365, -0.579, 0.729] yaw=-26.6 pitch=35.4
2025-12-16 16:13:04,129 - INFO - BuildTower - OpenPoseThread: gaze frame_idx=432 ts=2025-12-16T16:13:04.075585Z people=2
2025-12-16 16:13:04,129 - INFO - BuildTower - OpenPoseThread: Gaze3D frame=432 id=left label=Left person v=[-0.468, -0.060, 0.882] yaw=-27.9 pitch=3.5
2025-12-16 16:13:04,130 - INFO - BuildTower - OpenPoseThread: Gaze3D frame=432 id=right label=Right person v=[-0.313, -0.230, 0.922] yaw=-18.7 pitch=13.3
2025-12-16 16:13:04,690 - INFO - BuildTower - Robot action ended.
2025-12-16 16:13:04,690 - INFO - BuildTower - Attempting to go to position: x=0.735, y=0.0, z=0.387, theta_x=100.0, theta_y=0.0, theta_z=90.0
2025-12-16 16:13:04,690 - DEBUG - BuildTower - Set speed for pose: translation=1, orientation=100
2025-12-16 16:13:04,711 - INFO - BuildTower - Pose action initiated, waiting for completion.
2025-12-16 16:13:04,782 - INFO - BuildTower - OpenPoseThread: gaze frame_idx=440 ts=2025-12-16T16:13:04.762094Z people=2
2025-12-16 16:13:04,782 - INFO - BuildTower - OpenPoseThread: Gaze3D frame=440 id=left label=Left person v=[-0.383, 0.002, 0.924] yaw=-22.5 pitch=-0.1
2025-12-16 16:13:04,782 - INFO - BuildTower - OpenPoseThread: Gaze3D frame=440 id=right label=Right person v=[-0.417, -0.277, 0.866] yaw=-25.7 pitch=16.1
2025-12-16 16:13:05,443 - INFO - BuildTower - Robot action ended.
2025-12-16 16:13:05,444 - INFO - BuildTower - Sending gripper command: value=0
2025-12-16 16:13:05,545 - INFO - BuildTower - OpenPoseThread: gaze frame_idx=448 ts=2025-12-16T16:13:05.463448Z people=2
2025-12-16 16:13:05,545 - INFO - BuildTower - OpenPoseThread: Gaze3D frame=448 id=left label=Left person v=[-0.390, -0.019, 0.921] yaw=-23.0 pitch=1.1
2025-12-16 16:13:05,545 - INFO - BuildTower - OpenPoseThread: Gaze3D frame=448 id=right label=Right person v=[-0.326, -0.272, 0.905] yaw=-19.8 pitch=15.8
2025-12-16 16:13:05,956 - INFO - BuildTower - Gripper command 0 sent successfully.
2025-12-16 16:13:05,972 - INFO - BuildTower - Attempting to go to position: x=0.735, y=0.0, z=0.432, theta_x=100.0, theta_y=0.0, theta_z=90.0
2025-12-16 16:13:05,972 - DEBUG - BuildTower - Set speed for pose: translation=1, orientation=100
2025-12-16 16:13:05,982 - INFO - BuildTower - Pose action initiated, waiting for completion.
2025-12-16 16:13:06,200 - INFO - BuildTower - OpenPoseThread: gaze frame_idx=456 ts=2025-12-16T16:13:06.114849Z people=2
2025-12-16 16:13:06,200 - INFO - BuildTower - OpenPoseThread: Gaze3D frame=456 id=left label=Left person v=[-0.499, 0.012, 0.866] yaw=-29.9 pitch=-0.7
2025-12-16 16:13:06,200 - INFO - BuildTower - OpenPoseThread: Gaze3D frame=456 id=right label=Right person v=[-0.314, -0.452, 0.835] yaw=-20.6 pitch=26.9
2025-12-16 16:13:06,720 - INFO - BuildTower - Robot action ended.
2025-12-16 16:13:06,720 - INFO - BuildTower - Robot completed its turn. Robot turn count: 2
2025-12-16 16:13:06,720 - INFO - BuildTower - Executing turn 3 out of 9.
2025-12-16 16:13:06,736 - INFO - BuildTower - Sending robot to home position.
2025-12-16 16:13:06,858 - INFO - BuildTower - OpenPoseThread: gaze frame_idx=464 ts=2025-12-16T16:13:06.778239Z people=2
2025-12-16 16:13:06,858 - INFO - BuildTower - OpenPoseThread: Gaze3D frame=464 id=left label=Left person v=[-0.428, -0.015, 0.903] yaw=-25.4 pitch=0.9
2025-12-16 16:13:06,858 - INFO - BuildTower - OpenPoseThread: Gaze3D frame=464 id=right label=Right person v=[-0.365, -0.039, 0.930] yaw=-21.4 pitch=2.3
2025-12-16 16:13:07,363 - INFO - BuildTower - Sending to OpenPose (via thread): PR: Arm Extended Check
2025-12-16 16:13:07,366 - INFO - BuildTower - OpenPoseThread: sending cmd: PR: Arm Extended Check
2025-12-16 16:13:07,475 - INFO - BuildTower - OpenPoseThread: gaze frame_idx=472 ts=2025-12-16T16:13:07.472399Z people=2
2025-12-16 16:13:07,475 - INFO - BuildTower - OpenPoseThread: Gaze3D frame=472 id=left label=Left person v=[-0.370, 0.040, 0.928] yaw=-21.8 pitch=-2.3
2025-12-16 16:13:07,475 - INFO - BuildTower - OpenPoseThread: Gaze3D frame=472 id=right label=Right person v=[-0.365, -0.275, 0.890] yaw=-22.3 pitch=15.9
2025-12-16 16:13:08,147 - INFO - BuildTower - OpenPoseThread: gaze frame_idx=480 ts=2025-12-16T16:13:08.146142Z people=2
2025-12-16 16:13:08,147 - INFO - BuildTower - OpenPoseThread: Gaze3D frame=480 id=left label=Left person v=[-0.399, 0.027, 0.916] yaw=-23.6 pitch=-1.6
2025-12-16 16:13:08,147 - INFO - BuildTower - OpenPoseThread: Gaze3D frame=480 id=right label=Right person v=[-0.387, -0.524, 0.758] yaw=-27.0 pitch=31.6
2025-12-16 16:13:08,840 - INFO - BuildTower - OpenPoseThread: gaze frame_idx=488 ts=2025-12-16T16:13:08.838928Z people=2
2025-12-16 16:13:08,840 - INFO - BuildTower - OpenPoseThread: Gaze3D frame=488 id=left label=Left person v=[-0.364, 0.024, 0.931] yaw=-21.3 pitch=-1.3
2025-12-16 16:13:08,840 - INFO - BuildTower - OpenPoseThread: Gaze3D frame=488 id=right label=Right person v=[-0.356, -0.223, 0.907] yaw=-21.4 pitch=12.9
2025-12-16 16:13:09,554 - INFO - BuildTower - OpenPoseThread: gaze frame_idx=496 ts=2025-12-16T16:13:09.552926Z people=2
2025-12-16 16:13:09,554 - INFO - BuildTower - OpenPoseThread: Gaze3D frame=496 id=left label=Left person v=[-0.362, 0.067, 0.930] yaw=-21.3 pitch=-3.9
2025-12-16 16:13:09,554 - INFO - BuildTower - OpenPoseThread: Gaze3D frame=496 id=right label=Right person v=[-0.216, -0.188, 0.958] yaw=-12.7 pitch=10.8
2025-12-16 16:13:10,259 - INFO - BuildTower - OpenPoseThread: gaze frame_idx=504 ts=2025-12-16T16:13:10.258028Z people=2
2025-12-16 16:13:10,259 - INFO - BuildTower - OpenPoseThread: Gaze3D frame=504 id=left label=Left person v=[-0.396, -0.111, 0.912] yaw=-23.5 pitch=6.3
2025-12-16 16:13:10,259 - INFO - BuildTower - OpenPoseThread: Gaze3D frame=504 id=right label=Right person v=[-0.192, -0.455, 0.869] yaw=-12.5 pitch=27.1
2025-12-16 16:13:10,453 - INFO - BuildTower - OpenPoseThread: received reply: Right: Arm Extended
2025-12-16 16:13:10,455 - INFO - BuildTower - Sending to OpenPose (via thread): PR: Arm Retracted Check
2025-12-16 16:13:10,455 - INFO - BuildTower - OpenPoseThread: sending cmd: PR: Arm Retracted Check
2025-12-16 16:13:10,939 - INFO - BuildTower - OpenPoseThread: gaze frame_idx=512 ts=2025-12-16T16:13:10.937840Z people=2
2025-12-16 16:13:10,939 - INFO - BuildTower - OpenPoseThread: Gaze3D frame=512 id=left label=Left person v=[-0.459, 0.065, 0.886] yaw=-27.4 pitch=-3.7
2025-12-16 16:13:10,939 - INFO - BuildTower - OpenPoseThread: Gaze3D frame=512 id=right label=Right person v=[-0.338, 0.310, 0.889] yaw=-20.8 pitch=-18.1
2025-12-16 16:13:11,574 - INFO - BuildTower - OpenPoseThread: received reply: Right: Arm Retracted
2025-12-16 16:13:11,574 - INFO - BuildTower - Executing turn 4 out of 9.
2025-12-16 16:13:11,612 - INFO - BuildTower - Sending robot to home position.
2025-12-16 16:13:12,226 - INFO - BuildTower - OpenPoseThread: gaze frame_idx=520 ts=2025-12-16T16:13:12.209758Z people=2
2025-12-16 16:13:12,226 - INFO - BuildTower - OpenPoseThread: Gaze3D frame=520 id=left label=Left person v=[-0.347, 0.039, 0.937] yaw=-20.3 pitch=-2.3
2025-12-16 16:13:12,226 - INFO - BuildTower - OpenPoseThread: Gaze3D frame=520 id=right label=Right person v=[-0.241, -0.408, 0.881] yaw=-15.3 pitch=24.1
2025-12-16 16:13:12,232 - INFO - BuildTower - Sending to OpenPose (via thread): PL: Arm Extended Check
2025-12-16 16:13:12,232 - INFO - BuildTower - OpenPoseThread: sending cmd: PL: Arm Extended Check
2025-12-16 16:13:12,900 - INFO - BuildTower - OpenPoseThread: gaze frame_idx=528 ts=2025-12-16T16:13:12.899877Z people=2
2025-12-16 16:13:12,900 - INFO - BuildTower - OpenPoseThread: Gaze3D frame=528 id=left label=Left person v=[-0.387, -0.126, 0.913] yaw=-23.0 pitch=7.3
2025-12-16 16:13:12,901 - INFO - BuildTower - OpenPoseThread: Gaze3D frame=528 id=right label=Right person v=[-0.319, -0.446, 0.836] yaw=-20.9 pitch=26.5
2025-12-16 16:13:13,571 - INFO - BuildTower - OpenPoseThread: gaze frame_idx=536 ts=2025-12-16T16:13:13.570497Z people=2
2025-12-16 16:13:13,571 - INFO - BuildTower - OpenPoseThread: Gaze3D frame=536 id=left label=Left person v=[-0.416, -0.018, 0.909] yaw=-24.6 pitch=1.0
2025-12-16 16:13:13,571 - INFO - BuildTower - OpenPoseThread: Gaze3D frame=536 id=right label=Right person v=[-0.090, -0.493, 0.865] yaw=-5.9 pitch=29.6
2025-12-16 16:13:13,815 - INFO - BuildTower - OpenPoseThread: received reply: Left: Arm Extended
2025-12-16 16:13:13,816 - INFO - BuildTower - Sending to OpenPose (via thread): PL: Arm Retracted Check
2025-12-16 16:13:13,816 - INFO - BuildTower - OpenPoseThread: sending cmd: PL: Arm Retracted Check
2025-12-16 16:13:13,873 - INFO - BuildTower - OpenPoseThread: received reply: Left: Arm Retracted
2025-12-16 16:13:13,874 - INFO - BuildTower - Executing turn 5 out of 9.
2025-12-16 16:13:13,887 - INFO - BuildTower - Sending robot to home position.
2025-12-16 16:13:14,308 - INFO - BuildTower - OpenPoseThread: gaze frame_idx=544 ts=2025-12-16T16:13:14.246049Z people=2
2025-12-16 16:13:14,308 - INFO - BuildTower - OpenPoseThread: Gaze3D frame=544 id=left label=Left person v=[-0.429, 0.165, 0.888] yaw=-25.8 pitch=-9.5
2025-12-16 16:13:14,308 - INFO - BuildTower - OpenPoseThread: Gaze3D frame=544 id=right label=Right person v=[-0.311, -0.464, 0.830] yaw=-20.5 pitch=27.6
2025-12-16 16:13:14,511 - INFO - BuildTower - Sending to OpenPose (via thread): PR: Arm Extended Check
2025-12-16 16:13:14,512 - INFO - BuildTower - OpenPoseThread: sending cmd: PR: Arm Extended Check
2025-12-16 16:13:14,906 - INFO - BuildTower - OpenPoseThread: gaze frame_idx=552 ts=2025-12-16T16:13:14.905150Z people=2
2025-12-16 16:13:14,906 - INFO - BuildTower - OpenPoseThread: Gaze3D frame=552 id=left label=Left person v=[-0.459, 0.291, 0.840] yaw=-28.6 pitch=-16.9
2025-12-16 16:13:14,906 - INFO - BuildTower - OpenPoseThread: Gaze3D frame=552 id=right label=Right person v=[-0.290, -0.407, 0.866] yaw=-18.5 pitch=24.0
2025-12-16 16:13:15,579 - INFO - BuildTower - OpenPoseThread: gaze frame_idx=560 ts=2025-12-16T16:13:15.578283Z people=2
2025-12-16 16:13:15,579 - INFO - BuildTower - OpenPoseThread: Gaze3D frame=560 id=left label=Left person v=[-0.322, 0.062, 0.945] yaw=-18.8 pitch=-3.6
2025-12-16 16:13:15,579 - INFO - BuildTower - OpenPoseThread: Gaze3D frame=560 id=right label=Right person v=[-0.326, -0.303, 0.896] yaw=-20.0 pitch=17.6
2025-12-16 16:13:16,260 - INFO - BuildTower - OpenPoseThread: gaze frame_idx=568 ts=2025-12-16T16:13:16.259003Z people=2
2025-12-16 16:13:16,260 - INFO - BuildTower - OpenPoseThread: Gaze3D frame=568 id=left label=Left person v=[-0.407, -0.011, 0.913] yaw=-24.0 pitch=0.6
2025-12-16 16:13:16,260 - INFO - BuildTower - OpenPoseThread: Gaze3D frame=568 id=right label=Right person v=[-0.308, -0.512, 0.802] yaw=-21.0 pitch=30.8
2025-12-16 16:13:17,832 - INFO - BuildTower - OpenPoseThread: gaze frame_idx=576 ts=2025-12-16T16:13:17.831719Z people=2
2025-12-16 16:13:17,833 - INFO - BuildTower - OpenPoseThread: Gaze3D frame=576 id=left label=Left person v=[-0.331, -0.093, 0.939] yaw=-19.4 pitch=5.3
2025-12-16 16:13:17,833 - INFO - BuildTower - OpenPoseThread: Gaze3D frame=576 id=right label=Right person v=[-0.448, 0.038, 0.893] yaw=-26.6 pitch=-2.2
2025-12-16 16:13:18,484 - INFO - BuildTower - OpenPoseThread: gaze frame_idx=584 ts=2025-12-16T16:13:18.483110Z people=2
2025-12-16 16:13:18,484 - INFO - BuildTower - OpenPoseThread: Gaze3D frame=584 id=left label=Left person v=[-0.343, -0.093, 0.935] yaw=-20.1 pitch=5.3
2025-12-16 16:13:18,484 - INFO - BuildTower - OpenPoseThread: Gaze3D frame=584 id=right label=Right person v=[-0.419, -0.381, 0.824] yaw=-26.9 pitch=22.4
2025-12-16 16:13:19,162 - INFO - BuildTower - OpenPoseThread: gaze frame_idx=592 ts=2025-12-16T16:13:19.161607Z people=2
2025-12-16 16:13:19,163 - INFO - BuildTower - OpenPoseThread: Gaze3D frame=592 id=left label=Left person v=[-0.224, -0.041, 0.974] yaw=-12.9 pitch=2.4
2025-12-16 16:13:19,163 - INFO - BuildTower - OpenPoseThread: Gaze3D frame=592 id=right label=Right person v=[-0.143, -0.435, 0.889] yaw=-9.1 pitch=25.8
2025-12-16 16:13:19,866 - INFO - BuildTower - OpenPoseThread: gaze frame_idx=600 ts=2025-12-16T16:13:19.865755Z people=2
2025-12-16 16:13:19,866 - INFO - BuildTower - OpenPoseThread: Gaze3D frame=600 id=left label=Left person v=[-0.410, -0.173, 0.895] yaw=-24.6 pitch=10.0
2025-12-16 16:13:19,866 - INFO - BuildTower - OpenPoseThread: Gaze3D frame=600 id=right label=Right person v=[-0.263, -0.346, 0.901] yaw=-16.3 pitch=20.3
2025-12-16 16:13:20,537 - INFO - BuildTower - OpenPoseThread: gaze frame_idx=608 ts=2025-12-16T16:13:20.536366Z people=2
2025-12-16 16:13:20,537 - INFO - BuildTower - OpenPoseThread: Gaze3D frame=608 id=left label=Left person v=[-0.469, 0.412, 0.781] yaw=-31.0 pitch=-24.3
2025-12-16 16:13:20,537 - INFO - BuildTower - OpenPoseThread: Gaze3D frame=608 id=right label=Right person v=[-0.378, -0.064, 0.923] yaw=-22.3 pitch=3.7
2025-12-16 16:13:21,230 - INFO - BuildTower - OpenPoseThread: gaze frame_idx=616 ts=2025-12-16T16:13:21.229224Z people=2
2025-12-16 16:13:21,230 - INFO - BuildTower - OpenPoseThread: Gaze3D frame=616 id=left label=Left person v=[-0.263, -0.284, 0.922] yaw=-15.9 pitch=16.5
2025-12-16 16:13:21,230 - INFO - BuildTower - OpenPoseThread: Gaze3D frame=616 id=right label=Right person v=[-0.256, -0.429, 0.866] yaw=-16.5 pitch=25.4
2025-12-16 16:13:21,940 - INFO - BuildTower - OpenPoseThread: gaze frame_idx=624 ts=2025-12-16T16:13:21.939197Z people=2
2025-12-16 16:13:21,940 - INFO - BuildTower - OpenPoseThread: Gaze3D frame=624 id=left label=Left person v=[-0.308, -0.009, 0.951] yaw=-17.9 pitch=0.5
2025-12-16 16:13:21,940 - INFO - BuildTower - OpenPoseThread: Gaze3D frame=624 id=right label=Right person v=[-0.457, -0.104, 0.883] yaw=-27.4 pitch=6.0
2025-12-16 16:13:23,779 - INFO - BuildTower - OpenPoseThread: gaze frame_idx=632 ts=2025-12-16T16:13:23.770826Z people=2
2025-12-16 16:13:23,779 - INFO - BuildTower - OpenPoseThread: Gaze3D frame=632 id=left label=Left person v=[-0.434, -0.062, 0.899] yaw=-25.8 pitch=3.6
2025-12-16 16:13:23,780 - INFO - BuildTower - OpenPoseThread: Gaze3D frame=632 id=right label=Right person v=[-0.087, -0.665, 0.741] yaw=-6.7 pitch=41.7
2025-12-16 16:13:24,437 - INFO - BuildTower - OpenPoseThread: gaze frame_idx=640 ts=2025-12-16T16:13:24.436709Z people=2
2025-12-16 16:13:24,437 - INFO - BuildTower - OpenPoseThread: Gaze3D frame=640 id=left label=Left person v=[-0.381, -0.182, 0.907] yaw=-22.8 pitch=10.5
2025-12-16 16:13:24,437 - INFO - BuildTower - OpenPoseThread: Gaze3D frame=640 id=right label=Right person v=[-0.129, -0.576, 0.807] yaw=-9.1 pitch=35.2
2025-12-16 16:13:24,512 - ERROR - BuildTower - OpenPoseThread: timeout waiting for reply for cmd=PR: Arm Extended Check
2025-12-16 16:13:24,512 - INFO - BuildTower - Sending to OpenPose (via thread): PR: Arm Retracted Check
2025-12-16 16:13:25,107 - INFO - BuildTower - OpenPoseThread: gaze frame_idx=648 ts=2025-12-16T16:13:25.106622Z people=2
2025-12-16 16:13:25,108 - INFO - BuildTower - OpenPoseThread: Gaze3D frame=648 id=left label=Left person v=[-0.329, -0.530, 0.781] yaw=-22.8 pitch=32.0
2025-12-16 16:13:25,108 - INFO - BuildTower - OpenPoseThread: Gaze3D frame=648 id=right label=Right person v=[-0.077, -0.833, 0.547] yaw=-8.0 pitch=56.5
2025-12-16 16:13:25,796 - INFO - BuildTower - OpenPoseThread: gaze frame_idx=656 ts=2025-12-16T16:13:25.795430Z people=2
2025-12-16 16:13:25,797 - INFO - BuildTower - OpenPoseThread: Gaze3D frame=656 id=left label=Left person v=[-0.248, -0.666, 0.704] yaw=-19.4 pitch=41.8
2025-12-16 16:13:25,797 - INFO - BuildTower - OpenPoseThread: Gaze3D frame=656 id=right label=Right person v=[-0.265, -0.606, 0.750] yaw=-19.5 pitch=37.3
2025-12-16 16:13:26,491 - INFO - BuildTower - OpenPoseThread: gaze frame_idx=664 ts=2025-12-16T16:13:26.489961Z people=2
2025-12-16 16:13:26,491 - INFO - BuildTower - OpenPoseThread: Gaze3D frame=664 id=left label=Left person v=[-0.242, -0.507, 0.828] yaw=-16.3 pitch=30.4
2025-12-16 16:13:26,491 - INFO - BuildTower - OpenPoseThread: Gaze3D frame=664 id=right label=Right person v=[-0.503, -0.224, 0.835] yaw=-31.1 pitch=12.9
2025-12-16 16:13:27,203 - INFO - BuildTower - OpenPoseThread: gaze frame_idx=672 ts=2025-12-16T16:13:27.202141Z people=2
2025-12-16 16:13:27,203 - INFO - BuildTower - OpenPoseThread: Gaze3D frame=672 id=left label=Left person v=[-0.215, -0.640, 0.738] yaw=-16.2 pitch=39.8
2025-12-16 16:13:27,203 - INFO - BuildTower - OpenPoseThread: Gaze3D frame=672 id=right label=Right person v=[-0.033, -0.798, 0.602] yaw=-3.1 pitch=53.0
2025-12-16 16:13:27,880 - INFO - BuildTower - OpenPoseThread: gaze frame_idx=680 ts=2025-12-16T16:13:27.879063Z people=2
2025-12-16 16:13:27,880 - INFO - BuildTower - OpenPoseThread: Gaze3D frame=680 id=left label=Left person v=[-0.171, -0.726, 0.666] yaw=-14.4 pitch=46.5
2025-12-16 16:13:27,880 - INFO - BuildTower - OpenPoseThread: Gaze3D frame=680 id=right label=Right person v=[-0.007, -0.702, 0.712] yaw=-0.6 pitch=44.6
2025-12-16 16:13:28,464 - INFO - BuildTower - OpenPoseThread: gaze frame_idx=688 ts=2025-12-16T16:13:28.463110Z people=2
2025-12-16 16:13:28,464 - INFO - BuildTower - OpenPoseThread: Gaze3D frame=688 id=left label=Left person v=[-0.332, 0.074, 0.941] yaw=-19.4 pitch=-4.2
2025-12-16 16:13:28,464 - INFO - BuildTower - OpenPoseThread: Gaze3D frame=688 id=right label=Right person v=[0.014, -0.800, 0.600] yaw=1.3 pitch=53.1
2025-12-16 16:13:29,132 - INFO - BuildTower - OpenPoseThread: gaze frame_idx=696 ts=2025-12-16T16:13:29.131770Z people=2
2025-12-16 16:13:29,132 - INFO - BuildTower - OpenPoseThread: Gaze3D frame=696 id=left label=Left person v=[-0.481, 0.310, 0.820] yaw=-30.4 pitch=-18.0
2025-12-16 16:13:29,132 - INFO - BuildTower - OpenPoseThread: Gaze3D frame=696 id=right label=Right person v=[0.022, -0.715, 0.699] yaw=1.8 pitch=45.6
2025-12-16 16:13:29,769 - INFO - BuildTower - OpenPoseThread: gaze frame_idx=704 ts=2025-12-16T16:13:29.768019Z people=2
2025-12-16 16:13:29,769 - INFO - BuildTower - OpenPoseThread: Gaze3D frame=704 id=left label=Left person v=[-0.405, 0.321, 0.856] yaw=-25.3 pitch=-18.8
2025-12-16 16:13:29,769 - INFO - BuildTower - OpenPoseThread: Gaze3D frame=704 id=right label=Right person v=[-0.254, -0.433, 0.865] yaw=-16.4 pitch=25.7
2025-12-16 16:13:30,442 - INFO - BuildTower - OpenPoseThread: gaze frame_idx=712 ts=2025-12-16T16:13:30.440957Z people=2
2025-12-16 16:13:30,442 - INFO - BuildTower - OpenPoseThread: Gaze3D frame=712 id=left label=Left person v=[-0.402, 0.471, 0.785] yaw=-27.1 pitch=-28.1
2025-12-16 16:13:30,442 - INFO - BuildTower - OpenPoseThread: Gaze3D frame=712 id=right label=Right person v=[-0.358, -0.595, 0.720] yaw=-26.4 pitch=36.5
2025-12-16 16:13:31,142 - INFO - BuildTower - OpenPoseThread: gaze frame_idx=720 ts=2025-12-16T16:13:31.141679Z people=2
2025-12-16 16:13:31,142 - INFO - BuildTower - OpenPoseThread: Gaze3D frame=720 id=left label=Left person v=[-0.019, 0.290, 0.957] yaw=-1.1 pitch=-16.9
2025-12-16 16:13:31,143 - INFO - BuildTower - OpenPoseThread: Gaze3D frame=720 id=right label=Right person v=[-0.440, -0.528, 0.726] yaw=-31.2 pitch=31.8
2025-12-16 16:13:31,823 - INFO - BuildTower - OpenPoseThread: gaze frame_idx=728 ts=2025-12-16T16:13:31.820485Z people=2
2025-12-16 16:13:31,824 - INFO - BuildTower - OpenPoseThread: Gaze3D frame=728 id=left label=Left person v=[-0.371, -0.047, 0.928] yaw=-21.8 pitch=2.7
2025-12-16 16:13:31,824 - INFO - BuildTower - OpenPoseThread: Gaze3D frame=728 id=right label=Right person v=[-0.624, -0.476, 0.620] yaw=-45.2 pitch=28.5
2025-12-16 16:13:32,531 - INFO - BuildTower - OpenPoseThread: gaze frame_idx=736 ts=2025-12-16T16:13:32.527545Z people=2
2025-12-16 16:13:32,531 - INFO - BuildTower - OpenPoseThread: Gaze3D frame=736 id=left label=Left person v=[-0.456, -0.261, 0.851] yaw=-28.2 pitch=15.2
2025-12-16 16:13:32,532 - INFO - BuildTower - OpenPoseThread: Gaze3D frame=736 id=right label=Right person v=[-0.252, -0.547, 0.799] yaw=-17.5 pitch=33.2
2025-12-16 16:13:32,907 - INFO - BuildTower - OpenPoseThread: received reply: Right: Arm Extended
2025-12-16 16:13:32,907 - INFO - BuildTower - OpenPoseThread: sending cmd: PR: Arm Retracted Check
2025-12-16 16:13:32,908 - INFO - BuildTower - Executing turn 6 out of 9.
2025-12-16 16:13:32,939 - INFO - BuildTower - Sending robot to home position.
2025-12-16 16:13:33,231 - INFO - BuildTower - OpenPoseThread: gaze frame_idx=744 ts=2025-12-16T16:13:33.227258Z people=2
2025-12-16 16:13:33,232 - INFO - BuildTower - OpenPoseThread: Gaze3D frame=744 id=left label=Left person v=[-0.462, 0.176, 0.869] yaw=-28.0 pitch=-10.1
2025-12-16 16:13:33,232 - INFO - BuildTower - OpenPoseThread: Gaze3D frame=744 id=right label=Right person v=[-0.485, 0.018, 0.874] yaw=-29.1 pitch=-1.0
2025-12-16 16:13:33,352 - INFO - BuildTower - OpenPoseThread: received reply: Right: Arm Retracted
2025-12-16 16:13:33,559 - INFO - BuildTower - Sending to OpenPose (via thread): PL: Arm Extended Check
2025-12-16 16:13:33,559 - INFO - BuildTower - Sending to OpenPose (via thread): PL: Arm Retracted Check
2025-12-16 16:13:33,560 - INFO - BuildTower - OpenPoseThread: sending cmd: PL: Arm Extended Check
2025-12-16 16:13:34,228 - INFO - BuildTower - OpenPoseThread: gaze frame_idx=752 ts=2025-12-16T16:13:34.219842Z people=2
2025-12-16 16:13:34,228 - INFO - BuildTower - OpenPoseThread: Gaze3D frame=752 id=left label=Left person v=[-0.610, 0.094, 0.787] yaw=-37.8 pitch=-5.4
2025-12-16 16:13:34,228 - INFO - BuildTower - OpenPoseThread: Gaze3D frame=752 id=right label=Right person v=[-0.450, -0.127, 0.884] yaw=-26.9 pitch=7.3
2025-12-16 16:13:34,929 - INFO - BuildTower - OpenPoseThread: gaze frame_idx=760 ts=2025-12-16T16:13:34.927907Z people=2
2025-12-16 16:13:34,929 - INFO - BuildTower - OpenPoseThread: Gaze3D frame=760 id=left label=Left person v=[-0.469, -0.038, 0.883] yaw=-28.0 pitch=2.2
2025-12-16 16:13:34,929 - INFO - BuildTower - OpenPoseThread: Gaze3D frame=760 id=right label=Right person v=[-0.362, 0.001, 0.932] yaw=-21.2 pitch=-0.1
2025-12-16 16:13:35,602 - INFO - BuildTower - OpenPoseThread: gaze frame_idx=768 ts=2025-12-16T16:13:35.601767Z people=2
2025-12-16 16:13:35,602 - INFO - BuildTower - OpenPoseThread: Gaze3D frame=768 id=left label=Left person v=[-0.313, -0.258, 0.914] yaw=-18.9 pitch=15.0
2025-12-16 16:13:35,603 - INFO - BuildTower - OpenPoseThread: Gaze3D frame=768 id=right label=Right person v=[-0.093, -0.496, 0.863] yaw=-6.2 pitch=29.8
2025-12-16 16:13:36,313 - INFO - BuildTower - OpenPoseThread: gaze frame_idx=776 ts=2025-12-16T16:13:36.312373Z people=2
2025-12-16 16:13:36,313 - INFO - BuildTower - OpenPoseThread: Gaze3D frame=776 id=left label=Left person v=[-0.425, 0.159, 0.891] yaw=-25.5 pitch=-9.1
2025-12-16 16:13:36,314 - INFO - BuildTower - OpenPoseThread: Gaze3D frame=776 id=right label=Right person v=[-0.390, -0.577, 0.717] yaw=-28.5 pitch=35.3
2025-12-16 16:13:36,449 - INFO - BuildTower - OpenPoseThread: received reply: Left: Arm Extended
2025-12-16 16:13:36,449 - INFO - BuildTower - OpenPoseThread: sending cmd: PL: Arm Retracted Check
2025-12-16 16:13:36,449 - INFO - BuildTower - Executing turn 7 out of 9.
2025-12-16 16:13:36,464 - INFO - BuildTower - Sending robot to home position.
2025-12-16 16:13:36,514 - INFO - BuildTower - OpenPoseThread: received reply: Left: Arm Retracted
2025-12-16 16:13:37,072 - INFO - BuildTower - OpenPoseThread: gaze frame_idx=784 ts=2025-12-16T16:13:37.014849Z people=2
2025-12-16 16:13:37,072 - INFO - BuildTower - OpenPoseThread: Gaze3D frame=784 id=left label=Left person v=[-0.587, 0.053, 0.808] yaw=-36.0 pitch=-3.0
2025-12-16 16:13:37,072 - INFO - BuildTower - OpenPoseThread: Gaze3D frame=784 id=right label=Right person v=[-0.244, -0.152, 0.958] yaw=-14.3 pitch=8.8
2025-12-16 16:13:37,084 - INFO - BuildTower - Sending to OpenPose (via thread): PR: Arm Extended Check
2025-12-16 16:13:37,085 - INFO - BuildTower - Sending to OpenPose (via thread): PR: Arm Retracted Check
2025-12-16 16:13:37,085 - INFO - BuildTower - OpenPoseThread: sending cmd: PR: Arm Extended Check
2025-12-16 16:13:37,707 - INFO - BuildTower - OpenPoseThread: gaze frame_idx=792 ts=2025-12-16T16:13:37.706746Z people=2
2025-12-16 16:13:37,707 - INFO - BuildTower - OpenPoseThread: Gaze3D frame=792 id=left label=Left person v=[-0.455, 0.303, 0.838] yaw=-28.5 pitch=-17.6
2025-12-16 16:13:37,708 - INFO - BuildTower - OpenPoseThread: Gaze3D frame=792 id=right label=Right person v=[-0.472, -0.323, 0.820] yaw=-29.9 pitch=18.9
2025-12-16 16:13:38,431 - INFO - BuildTower - OpenPoseThread: gaze frame_idx=800 ts=2025-12-16T16:13:38.430162Z people=2
2025-12-16 16:13:38,432 - INFO - BuildTower - OpenPoseThread: Gaze3D frame=800 id=left label=Left person v=[-0.417, 0.515, 0.748] yaw=-29.1 pitch=-31.0
2025-12-16 16:13:38,432 - INFO - BuildTower - OpenPoseThread: Gaze3D frame=800 id=right label=Right person v=[-0.531, 0.178, 0.828] yaw=-32.7 pitch=-10.3
2025-12-16 16:13:39,128 - INFO - BuildTower - OpenPoseThread: gaze frame_idx=808 ts=2025-12-16T16:13:39.127114Z people=2
2025-12-16 16:13:39,128 - INFO - BuildTower - OpenPoseThread: Gaze3D frame=808 id=left label=Left person v=[-0.412, 0.092, 0.906] yaw=-24.5 pitch=-5.3
2025-12-16 16:13:39,128 - INFO - BuildTower - OpenPoseThread: Gaze3D frame=808 id=right label=Right person v=[-0.395, -0.143, 0.907] yaw=-23.5 pitch=8.2
2025-12-16 16:13:39,848 - INFO - BuildTower - OpenPoseThread: gaze frame_idx=816 ts=2025-12-16T16:13:39.839770Z people=2
2025-12-16 16:13:39,848 - INFO - BuildTower - OpenPoseThread: Gaze3D frame=816 id=left label=Left person v=[-0.343, 0.007, 0.939] yaw=-20.1 pitch=-0.4
2025-12-16 16:13:39,848 - INFO - BuildTower - OpenPoseThread: Gaze3D frame=816 id=right label=Right person v=[-0.344, -0.580, 0.739] yaw=-25.0 pitch=35.4
2025-12-16 16:13:40,041 - INFO - BuildTower - OpenPoseThread: received reply: Right: Arm Extended
2025-12-16 16:13:40,042 - INFO - BuildTower - OpenPoseThread: sending cmd: PR: Arm Retracted Check
2025-12-16 16:13:40,047 - INFO - BuildTower - Executing turn 8 out of 9.
2025-12-16 16:13:40,047 - INFO - BuildTower - Moving block from start 0.28 to target 0.643. Turn: 8, Block Shape: 3
2025-12-16 16:13:40,050 - INFO - BuildTower - Sending gripper command: value=0
2025-12-16 16:13:40,559 - INFO - BuildTower - Gripper command 0 sent successfully.
2025-12-16 16:13:40,561 - INFO - BuildTower - Attempting to go to position: x=0.5, y=-0.2, z=0.325, theta_x=100.0, theta_y=0.0, theta_z=90.0
2025-12-16 16:13:40,561 - DEBUG - BuildTower - Set speed for pose: translation=1, orientation=100
2025-12-16 16:13:40,593 - INFO - BuildTower - Pose action initiated, waiting for completion.
2025-12-16 16:13:40,643 - INFO - BuildTower - OpenPoseThread: gaze frame_idx=824 ts=2025-12-16T16:13:40.640484Z people=2
2025-12-16 16:13:40,643 - INFO - BuildTower - OpenPoseThread: Gaze3D frame=824 id=None label=None v=[-0.496, 0.012, 0.868] yaw=-29.8 pitch=-0.7
2025-12-16 16:13:40,643 - INFO - BuildTower - OpenPoseThread: Gaze3D frame=824 id=None label=None v=[-0.560, 0.223, 0.798] yaw=-35.0 pitch=-12.9
2025-12-16 16:13:40,919 - INFO - BuildTower - OpenPoseThread: gaze frame_idx=824 ts=2025-12-16T16:13:40.917920Z people=2
2025-12-16 16:13:40,919 - INFO - BuildTower - OpenPoseThread: Gaze3D frame=824 id=None label=None v=[-0.386, -0.155, 0.910] yaw=-23.0 pitch=8.9
2025-12-16 16:13:40,919 - INFO - BuildTower - OpenPoseThread: Gaze3D frame=824 id=None label=None v=[-0.572, 0.188, 0.799] yaw=-35.6 pitch=-10.8
2025-12-16 16:13:41,175 - INFO - BuildTower - OpenPoseThread: gaze frame_idx=824 ts=2025-12-16T16:13:41.173893Z people=2
2025-12-16 16:13:41,175 - INFO - BuildTower - OpenPoseThread: Gaze3D frame=824 id=None label=None v=[-0.366, -0.080, 0.927] yaw=-21.6 pitch=4.6
2025-12-16 16:13:41,175 - INFO - BuildTower - OpenPoseThread: Gaze3D frame=824 id=None label=None v=[-0.585, 0.128, 0.801] yaw=-36.1 pitch=-7.4
2025-12-16 16:13:41,449 - INFO - BuildTower - OpenPoseThread: gaze frame_idx=824 ts=2025-12-16T16:13:41.448467Z people=2
2025-12-16 16:13:41,449 - INFO - BuildTower - OpenPoseThread: Gaze3D frame=824 id=None label=None v=[-0.453, -0.153, 0.878] yaw=-27.3 pitch=8.8
2025-12-16 16:13:41,449 - INFO - BuildTower - OpenPoseThread: Gaze3D frame=824 id=None label=None v=[-0.561, 0.308, 0.769] yaw=-36.1 pitch=-17.9
2025-12-16 16:13:41,690 - INFO - BuildTower - OpenPoseThread: gaze frame_idx=824 ts=2025-12-16T16:13:41.689097Z people=2
2025-12-16 16:13:41,690 - INFO - BuildTower - OpenPoseThread: Gaze3D frame=824 id=None label=None v=[-0.515, 0.087, 0.853] yaw=-31.1 pitch=-5.0
2025-12-16 16:13:41,690 - INFO - BuildTower - OpenPoseThread: Gaze3D frame=824 id=None label=None v=[-0.464, 0.167, 0.870] yaw=-28.1 pitch=-9.6
2025-12-16 16:13:41,926 - INFO - BuildTower - OpenPoseThread: gaze frame_idx=824 ts=2025-12-16T16:13:41.925281Z people=2
2025-12-16 16:13:41,926 - INFO - BuildTower - OpenPoseThread: Gaze3D frame=824 id=left label=Left person v=[-0.396, 0.141, 0.907] yaw=-23.6 pitch=-8.1
2025-12-16 16:13:41,926 - INFO - BuildTower - OpenPoseThread: Gaze3D frame=824 id=right label=Right person v=[-0.625, -0.550, 0.553] yaw=-48.5 pitch=33.4
2025-12-16 16:13:41,986 - INFO - BuildTower - OpenPoseThread: received reply: Right: Arm Retracted
2025-12-16 16:13:42,639 - INFO - BuildTower - OpenPoseThread: gaze frame_idx=832 ts=2025-12-16T16:13:42.620874Z people=2
2025-12-16 16:13:42,639 - INFO - BuildTower - OpenPoseThread: Gaze3D frame=832 id=left label=Left person v=[-0.396, 0.177, 0.901] yaw=-23.7 pitch=-10.2
2025-12-16 16:13:42,640 - INFO - BuildTower - OpenPoseThread: Gaze3D frame=832 id=right label=Right person v=[-0.346, -0.195, 0.918] yaw=-20.6 pitch=11.2
2025-12-16 16:13:43,268 - INFO - BuildTower - Robot action ended.
2025-12-16 16:13:43,268 - INFO - BuildTower - Attempting to go to position: x=0.5, y=-0.2, z=0.28, theta_x=100.0, theta_y=0.0, theta_z=90.0
2025-12-16 16:13:43,268 - DEBUG - BuildTower - Set speed for pose: translation=1, orientation=100
2025-12-16 16:13:43,311 - INFO - BuildTower - Pose action initiated, waiting for completion.
2025-12-16 16:13:43,402 - INFO - BuildTower - OpenPoseThread: gaze frame_idx=840 ts=2025-12-16T16:13:43.351464Z people=2
2025-12-16 16:13:43,402 - INFO - BuildTower - OpenPoseThread: Gaze3D frame=840 id=left label=Left person v=[-0.403, 0.230, 0.886] yaw=-24.5 pitch=-13.3
2025-12-16 16:13:43,402 - INFO - BuildTower - OpenPoseThread: Gaze3D frame=840 id=right label=Right person v=[-0.378, -0.620, 0.688] yaw=-28.8 pitch=38.3
2025-12-16 16:13:44,043 - INFO - BuildTower - Robot action ended.
2025-12-16 16:13:44,045 - INFO - BuildTower - Sending gripper command: value=0.2
2025-12-16 16:13:44,062 - INFO - BuildTower - OpenPoseThread: gaze frame_idx=848 ts=2025-12-16T16:13:44.038131Z people=2
2025-12-16 16:13:44,062 - INFO - BuildTower - OpenPoseThread: Gaze3D frame=848 id=left label=Left person v=[-0.293, 0.012, 0.956] yaw=-17.1 pitch=-0.7
2025-12-16 16:13:44,062 - INFO - BuildTower - OpenPoseThread: Gaze3D frame=848 id=right label=Right person v=[-0.377, -0.388, 0.841] yaw=-24.2 pitch=22.8
2025-12-16 16:13:44,560 - INFO - BuildTower - Gripper command 0.2 sent successfully.
2025-12-16 16:13:44,562 - INFO - BuildTower - Attempting to go to position: x=0.5, y=-0.2, z=0.685, theta_x=100.0, theta_y=0.0, theta_z=90.0
2025-12-16 16:13:44,562 - DEBUG - BuildTower - Set speed for pose: translation=1, orientation=100
2025-12-16 16:13:44,586 - INFO - BuildTower - Pose action initiated, waiting for completion.
2025-12-16 16:13:44,835 - INFO - BuildTower - OpenPoseThread: gaze frame_idx=856 ts=2025-12-16T16:13:44.789115Z people=2
2025-12-16 16:13:44,835 - INFO - BuildTower - OpenPoseThread: Gaze3D frame=856 id=None label=None v=[-0.326, -0.249, 0.912] yaw=-19.7 pitch=14.4
2025-12-16 16:13:44,836 - INFO - BuildTower - OpenPoseThread: Gaze3D frame=856 id=None label=None v=[-0.359, 0.050, 0.932] yaw=-21.1 pitch=-2.9
2025-12-16 16:13:45,052 - INFO - BuildTower - OpenPoseThread: gaze frame_idx=856 ts=2025-12-16T16:13:45.036901Z people=2
2025-12-16 16:13:45,052 - INFO - BuildTower - OpenPoseThread: Gaze3D frame=856 id=left label=Left person v=[-0.446, 0.204, 0.871] yaw=-27.1 pitch=-11.8
2025-12-16 16:13:45,052 - INFO - BuildTower - OpenPoseThread: Gaze3D frame=856 id=right label=Right person v=[-0.385, -0.300, 0.873] yaw=-23.8 pitch=17.5
2025-12-16 16:13:45,815 - INFO - BuildTower - OpenPoseThread: gaze frame_idx=864 ts=2025-12-16T16:13:45.736889Z people=2
2025-12-16 16:13:45,816 - INFO - BuildTower - OpenPoseThread: Gaze3D frame=864 id=None label=None v=[-0.221, -0.413, 0.883] yaw=-14.1 pitch=24.4
2025-12-16 16:13:45,816 - INFO - BuildTower - OpenPoseThread: Gaze3D frame=864 id=None label=None v=[-0.379, 0.215, 0.900] yaw=-22.8 pitch=-12.4
2025-12-16 16:13:46,027 - INFO - BuildTower - OpenPoseThread: gaze frame_idx=864 ts=2025-12-16T16:13:45.965714Z people=2
2025-12-16 16:13:46,027 - INFO - BuildTower - OpenPoseThread: Gaze3D frame=864 id=left label=Left person v=[-0.367, 0.195, 0.909] yaw=-22.0 pitch=-11.3
2025-12-16 16:13:46,027 - INFO - BuildTower - OpenPoseThread: Gaze3D frame=864 id=right label=Right person v=[-0.130, -0.408, 0.904] yaw=-8.2 pitch=24.1
2025-12-16 16:13:47,010 - INFO - BuildTower - OpenPoseThread: gaze frame_idx=872 ts=2025-12-16T16:13:46.963394Z people=2
2025-12-16 16:13:47,010 - INFO - BuildTower - OpenPoseThread: Gaze3D frame=872 id=left label=Left person v=[-0.406, -0.029, 0.913] yaw=-24.0 pitch=1.6
2025-12-16 16:13:47,010 - INFO - BuildTower - OpenPoseThread: Gaze3D frame=872 id=right label=Right person v=[-0.224, -0.707, 0.671] yaw=-18.5 pitch=45.0
2025-12-16 16:13:48,923 - INFO - BuildTower - Robot action ended.
2025-12-16 16:13:48,924 - INFO - BuildTower - Attempting to go to position: x=0.737, y=0.0, z=0.6880000000000001, theta_x=100.0, theta_y=0.0, theta_z=90.0
2025-12-16 16:13:48,924 - DEBUG - BuildTower - Set speed for pose: translation=1, orientation=100
2025-12-16 16:13:48,936 - INFO - BuildTower - Pose action initiated, waiting for completion.
2025-12-16 16:13:50,435 - INFO - BuildTower - OpenPoseThread: gaze frame_idx=880 ts=2025-12-16T16:13:50.433195Z people=2
2025-12-16 16:13:50,436 - INFO - BuildTower - OpenPoseThread: Gaze3D frame=880 id=left label=Left person v=[-0.357, 0.307, 0.882] yaw=-22.1 pitch=-17.9
2025-12-16 16:13:50,436 - INFO - BuildTower - OpenPoseThread: Gaze3D frame=880 id=right label=Right person v=[-0.052, -0.836, 0.547] yaw=-5.4 pitch=56.7
2025-12-16 16:13:51,327 - INFO - BuildTower - OpenPoseThread: gaze frame_idx=888 ts=2025-12-16T16:13:51.274644Z people=2
2025-12-16 16:13:51,328 - INFO - BuildTower - OpenPoseThread: Gaze3D frame=888 id=None label=None v=[-0.048, -0.843, 0.536] yaw=-5.1 pitch=57.5
2025-12-16 16:13:51,328 - INFO - BuildTower - OpenPoseThread: Gaze3D frame=888 id=None label=None v=[0.005, 0.741, 0.671] yaw=0.5 pitch=-47.8
2025-12-16 16:13:51,539 - INFO - BuildTower - OpenPoseThread: gaze frame_idx=888 ts=2025-12-16T16:13:51.511899Z people=2
2025-12-16 16:13:51,539 - INFO - BuildTower - OpenPoseThread: Gaze3D frame=888 id=left label=Left person v=[-0.093, 0.522, 0.848] yaw=-6.2 pitch=-31.5
2025-12-16 16:13:51,539 - INFO - BuildTower - OpenPoseThread: Gaze3D frame=888 id=right label=Right person v=[-0.124, -0.779, 0.614] yaw=-11.4 pitch=51.2
2025-12-16 16:13:52,302 - INFO - BuildTower - OpenPoseThread: gaze frame_idx=896 ts=2025-12-16T16:13:52.211810Z people=2
2025-12-16 16:13:52,302 - INFO - BuildTower - OpenPoseThread: Gaze3D frame=896 id=left label=Left person v=[-0.196, 0.081, 0.977] yaw=-11.4 pitch=-4.7
2025-12-16 16:13:52,302 - INFO - BuildTower - OpenPoseThread: Gaze3D frame=896 id=right label=Right person v=[-0.340, -0.380, 0.860] yaw=-21.6 pitch=22.3
2025-12-16 16:13:52,322 - INFO - BuildTower - Robot action ended.
2025-12-16 16:13:52,322 - INFO - BuildTower - Attempting to go to position: x=0.737, y=0.0, z=0.643, theta_x=100.0, theta_y=0.0, theta_z=90.0
2025-12-16 16:13:52,322 - DEBUG - BuildTower - Set speed for pose: translation=1, orientation=100
2025-12-16 16:13:52,336 - INFO - BuildTower - Pose action initiated, waiting for completion.
2025-12-16 16:13:52,954 - INFO - BuildTower - OpenPoseThread: gaze frame_idx=904 ts=2025-12-16T16:13:52.936862Z people=2
2025-12-16 16:13:52,954 - INFO - BuildTower - OpenPoseThread: Gaze3D frame=904 id=left label=Left person v=[-0.267, 0.223, 0.938] yaw=-15.9 pitch=-12.9
2025-12-16 16:13:52,955 - INFO - BuildTower - OpenPoseThread: Gaze3D frame=904 id=right label=Right person v=[-0.534, -0.188, 0.824] yaw=-33.0 pitch=10.9
2025-12-16 16:13:53,075 - INFO - BuildTower - Robot action ended.
2025-12-16 16:13:53,077 - INFO - BuildTower - Sending gripper command: value=0
2025-12-16 16:13:53,585 - INFO - BuildTower - Gripper command 0 sent successfully.
2025-12-16 16:13:53,588 - INFO - BuildTower - Attempting to go to position: x=0.737, y=0.0, z=0.6880000000000001, theta_x=100.0, theta_y=0.0, theta_z=90.0
2025-12-16 16:13:53,588 - DEBUG - BuildTower - Set speed for pose: translation=1, orientation=100
2025-12-16 16:13:53,612 - INFO - BuildTower - Pose action initiated, waiting for completion.
2025-12-16 16:13:53,742 - INFO - BuildTower - OpenPoseThread: gaze frame_idx=912 ts=2025-12-16T16:13:53.653954Z people=2
2025-12-16 16:13:53,742 - INFO - BuildTower - OpenPoseThread: Gaze3D frame=912 id=left label=Left person v=[-0.255, 0.271, 0.928] yaw=-15.4 pitch=-15.8
2025-12-16 16:13:53,742 - INFO - BuildTower - OpenPoseThread: Gaze3D frame=912 id=right label=Right person v=[-0.557, 0.084, 0.827] yaw=-34.0 pitch=-4.8
2025-12-16 16:13:54,345 - INFO - BuildTower - Robot action ended.
2025-12-16 16:13:54,345 - INFO - BuildTower - Robot completed its turn. Robot turn count: 3
2025-12-16 16:13:54,345 - INFO - BuildTower - Configuration number 1 finished.
2025-12-16 16:13:54,346 - INFO - BuildTower - Received reply from OpenPose server: Right: Arm Retracted
2025-12-16 16:13:54,347 - INFO - BuildTower - OpenPoseThread: sending cmd: Configuration finished
2025-12-16 16:13:54,347 - INFO - BuildTower - OpenPoseThread: gaze frame_idx=920 ts=2025-12-16T16:13:54.326305Z people=2
2025-12-16 16:13:54,347 - INFO - BuildTower - OpenPoseThread: Gaze3D frame=920 id=left label=Left person v=[-0.191, -0.057, 0.980] yaw=-11.0 pitch=3.3
2025-12-16 16:13:54,348 - INFO - BuildTower - OpenPoseThread: Gaze3D frame=920 id=right label=Right person v=[-0.210, -0.478, 0.853] yaw=-13.8 pitch=28.6
2025-12-16 16:13:54,377 - INFO - BuildTower - OpenPoseThread: received reply: Received
2025-12-16 16:13:57,186 - INFO - BuildTower - User pressed Enter. Continuing with configuration 2
