2025-12-16 16:12:08,806 - INFO - openpose - OpenPose server started and bound to tcp://*:5555
2025-12-16 16:12:08,806 - INFO - openpose - OpenPose server started and bound to tcp://*:5556
2025-12-16 16:12:08,818 - INFO - openpose - Starting OpenPose
2025-12-16 16:12:09,581 - INFO - openpose - OpenPose initialized - waiting for turn_order
2025-12-16 16:12:24,677 - INFO - openpose - Message received: ybypbpbpy

2025-12-16 16:12:25,453 - INFO - openpose - Gaze3D frame=0 id=left label=Left person v=[-0.175, -0.097, 0.980] yaw=-10.1 pitch=5.6 cx=275.0904235839844
2025-12-16 16:12:25,453 - INFO - openpose - Gaze3D frame=0 id=right label=Right person v=[-0.296, -0.015, 0.955] yaw=-17.2 pitch=0.8 cx=466.5675354003906
2025-12-16 16:12:25,453 - INFO - openpose - Gaze PUB: people=2, frame_idx=0
2025-12-16 16:12:25,453 - INFO - openpose - Robot's turn detected
2025-12-16 16:12:26,163 - INFO - openpose - Gaze3D frame=8 id=left label=Left person v=[-0.351, -0.213, 0.912] yaw=-21.1 pitch=12.3 cx=277.2205505371094
2025-12-16 16:12:26,163 - INFO - openpose - Gaze3D frame=8 id=right label=Right person v=[-0.400, -0.061, 0.914] yaw=-23.6 pitch=3.5 cx=465.1636962890625
2025-12-16 16:12:26,164 - INFO - openpose - Gaze PUB: people=2, frame_idx=8
2025-12-16 16:12:26,846 - INFO - openpose - Gaze3D frame=16 id=left label=Left person v=[-0.371, -0.154, 0.916] yaw=-22.0 pitch=8.8 cx=276.3063278198242
2025-12-16 16:12:26,846 - INFO - openpose - Gaze3D frame=16 id=right label=Right person v=[-0.338, -0.118, 0.934] yaw=-19.9 pitch=6.8 cx=465.8286590576172
2025-12-16 16:12:26,847 - INFO - openpose - Gaze PUB: people=2, frame_idx=16
2025-12-16 16:12:27,549 - INFO - openpose - Gaze3D frame=24 id=left label=Left person v=[-0.379, -0.164, 0.911] yaw=-22.6 pitch=9.5 cx=276.1175308227539
2025-12-16 16:12:27,549 - INFO - openpose - Gaze3D frame=24 id=right label=Right person v=[-0.290, -0.149, 0.945] yaw=-17.1 pitch=8.6 cx=465.12123107910156
2025-12-16 16:12:27,549 - INFO - openpose - Gaze PUB: people=2, frame_idx=24
2025-12-16 16:12:28,258 - INFO - openpose - Gaze3D frame=32 id=left label=Left person v=[-0.339, -0.249, 0.907] yaw=-20.5 pitch=14.4 cx=276.6266174316406
2025-12-16 16:12:28,259 - INFO - openpose - Gaze3D frame=32 id=right label=Right person v=[-0.211, 0.055, 0.976] yaw=-12.2 pitch=-3.2 cx=466.29307556152344
2025-12-16 16:12:28,259 - INFO - openpose - Gaze PUB: people=2, frame_idx=32
2025-12-16 16:12:28,951 - INFO - openpose - Gaze3D frame=40 id=left label=Left person v=[-0.383, -0.122, 0.916] yaw=-22.7 pitch=7.0 cx=275.86307525634766
2025-12-16 16:12:28,951 - INFO - openpose - Gaze3D frame=40 id=right label=Right person v=[-0.307, 0.014, 0.952] yaw=-17.9 pitch=-0.8 cx=465.0652618408203
2025-12-16 16:12:28,951 - INFO - openpose - Gaze PUB: people=2, frame_idx=40
2025-12-16 16:12:29,647 - INFO - openpose - Gaze3D frame=48 id=left label=Left person v=[-0.321, -0.152, 0.935] yaw=-18.9 pitch=8.7 cx=276.02686309814453
2025-12-16 16:12:29,648 - INFO - openpose - Gaze3D frame=48 id=right label=Right person v=[-0.418, 0.190, 0.889] yaw=-25.2 pitch=-10.9 cx=456.23448181152344
2025-12-16 16:12:29,648 - INFO - openpose - Gaze PUB: people=2, frame_idx=48
2025-12-16 16:12:30,338 - INFO - openpose - Gaze3D frame=56 id=left label=Left person v=[-0.342, -0.210, 0.916] yaw=-20.5 pitch=12.1 cx=276.3398132324219
2025-12-16 16:12:30,338 - INFO - openpose - Gaze3D frame=56 id=right label=Right person v=[-0.402, 0.078, 0.913] yaw=-23.8 pitch=-4.4 cx=460.95465087890625
2025-12-16 16:12:30,338 - INFO - openpose - Gaze PUB: people=2, frame_idx=56
2025-12-16 16:12:31,015 - INFO - openpose - Gaze3D frame=64 id=left label=Left person v=[-0.322, -0.129, 0.938] yaw=-19.0 pitch=7.4 cx=277.21998596191406
2025-12-16 16:12:31,015 - INFO - openpose - Gaze3D frame=64 id=right label=Right person v=[-0.174, 0.102, 0.979] yaw=-10.1 pitch=-5.9 cx=465.2175598144531
2025-12-16 16:12:31,015 - INFO - openpose - Gaze PUB: people=2, frame_idx=64
2025-12-16 16:12:31,711 - INFO - openpose - Gaze3D frame=72 id=left label=Left person v=[-0.394, -0.111, 0.913] yaw=-23.3 pitch=6.4 cx=277.4650421142578
2025-12-16 16:12:31,712 - INFO - openpose - Gaze3D frame=72 id=right label=Right person v=[-0.297, -0.014, 0.955] yaw=-17.3 pitch=0.8 cx=464.0332489013672
2025-12-16 16:12:31,712 - INFO - openpose - Gaze PUB: people=2, frame_idx=72
2025-12-16 16:12:32,405 - INFO - openpose - Gaze3D frame=80 id=left label=Left person v=[-0.359, -0.102, 0.928] yaw=-21.2 pitch=5.9 cx=277.8501892089844
2025-12-16 16:12:32,405 - INFO - openpose - Gaze3D frame=80 id=right label=Right person v=[-0.196, -0.143, 0.970] yaw=-11.4 pitch=8.2 cx=462.08929443359375
2025-12-16 16:12:32,405 - INFO - openpose - Gaze PUB: people=2, frame_idx=80
2025-12-16 16:12:33,097 - INFO - openpose - Gaze3D frame=88 id=left label=Left person v=[-0.372, -0.091, 0.924] yaw=-21.9 pitch=5.2 cx=278.0546112060547
2025-12-16 16:12:33,097 - INFO - openpose - Gaze3D frame=88 id=right label=Right person v=[-0.287, -0.030, 0.957] yaw=-16.7 pitch=1.7 cx=462.5630798339844
2025-12-16 16:12:33,097 - INFO - openpose - Gaze PUB: people=2, frame_idx=88
2025-12-16 16:12:33,800 - INFO - openpose - Gaze3D frame=96 id=left label=Left person v=[-0.375, -0.064, 0.925] yaw=-22.1 pitch=3.7 cx=278.6240692138672
2025-12-16 16:12:33,800 - INFO - openpose - Gaze3D frame=96 id=right label=Right person v=[-0.306, 0.111, 0.946] yaw=-17.9 pitch=-6.3 cx=462.45770263671875
2025-12-16 16:12:33,800 - INFO - openpose - Gaze PUB: people=2, frame_idx=96
2025-12-16 16:12:34,495 - INFO - openpose - Gaze3D frame=104 id=left label=Left person v=[-0.341, -0.104, 0.934] yaw=-20.1 pitch=6.0 cx=277.86207580566406
2025-12-16 16:12:34,495 - INFO - openpose - Gaze3D frame=104 id=right label=Right person v=[-0.359, 0.016, 0.933] yaw=-21.0 pitch=-0.9 cx=460.5914764404297
2025-12-16 16:12:34,495 - INFO - openpose - Gaze PUB: people=2, frame_idx=104
2025-12-16 16:12:35,203 - INFO - openpose - Gaze3D frame=112 id=left label=Left person v=[-0.381, -0.043, 0.924] yaw=-22.4 pitch=2.5 cx=278.4418182373047
2025-12-16 16:12:35,203 - INFO - openpose - Gaze3D frame=112 id=right label=Right person v=[-0.334, -0.094, 0.938] yaw=-19.6 pitch=5.4 cx=460.67559814453125
2025-12-16 16:12:35,203 - INFO - openpose - Gaze PUB: people=2, frame_idx=112
2025-12-16 16:12:35,904 - INFO - openpose - Gaze3D frame=120 id=left label=Left person v=[-0.398, -0.017, 0.917] yaw=-23.5 pitch=1.0 cx=278.2257537841797
2025-12-16 16:12:35,904 - INFO - openpose - Gaze3D frame=120 id=right label=Right person v=[-0.159, -0.455, 0.876] yaw=-10.3 pitch=27.1 cx=458.51507568359375
2025-12-16 16:12:35,904 - INFO - openpose - Gaze PUB: people=2, frame_idx=120
2025-12-16 16:12:37,034 - INFO - openpose - Gaze3D frame=128 id=left label=Left person v=[-0.394, -0.086, 0.915] yaw=-23.3 pitch=4.9 cx=277.73902893066406
2025-12-16 16:12:37,035 - INFO - openpose - Gaze3D frame=128 id=right label=Right person v=[-0.076, -0.774, 0.629] yaw=-6.9 pitch=50.7 cx=454.5399932861328
2025-12-16 16:12:37,035 - INFO - openpose - Gaze PUB: people=2, frame_idx=128
2025-12-16 16:12:37,795 - INFO - openpose - Gaze3D frame=136 id=left label=Left person v=[-0.510, -0.086, 0.856] yaw=-30.8 pitch=4.9 cx=278.7728271484375
2025-12-16 16:12:37,795 - INFO - openpose - Gaze3D frame=136 id=right label=Right person v=[-0.105, -0.795, 0.597] yaw=-10.0 pitch=52.7 cx=450.6827697753906
2025-12-16 16:12:37,795 - INFO - openpose - Gaze PUB: people=2, frame_idx=136
2025-12-16 16:12:38,447 - INFO - openpose - Gaze3D frame=144 id=left label=Left person v=[-0.414, -0.213, 0.885] yaw=-25.0 pitch=12.3 cx=277.9112091064453
2025-12-16 16:12:38,447 - INFO - openpose - Gaze3D frame=144 id=right label=Right person v=[-0.070, -0.738, 0.672] yaw=-5.9 pitch=47.5 cx=457.06072998046875
2025-12-16 16:12:38,454 - INFO - openpose - Gaze PUB: people=2, frame_idx=144
2025-12-16 16:12:39,144 - INFO - openpose - Gaze3D frame=152 id=left label=Left person v=[-0.489, -0.145, 0.860] yaw=-29.6 pitch=8.3 cx=278.32557678222656
2025-12-16 16:12:39,145 - INFO - openpose - Gaze3D frame=152 id=right label=Right person v=[-0.335, -0.666, 0.667] yaw=-26.7 pitch=41.8 cx=466.28900146484375
2025-12-16 16:12:39,145 - INFO - openpose - Gaze PUB: people=2, frame_idx=152
2025-12-16 16:12:39,852 - INFO - openpose - Gaze3D frame=160 id=left label=Left person v=[-0.509, -0.091, 0.856] yaw=-30.8 pitch=5.2 cx=279.07823181152344
2025-12-16 16:12:39,852 - INFO - openpose - Gaze3D frame=160 id=right label=Right person v=[-0.105, -0.768, 0.632] yaw=-9.5 pitch=50.2 cx=461.8866882324219
2025-12-16 16:12:39,852 - INFO - openpose - Gaze PUB: people=2, frame_idx=160
2025-12-16 16:12:40,538 - INFO - openpose - Gaze3D frame=168 id=left label=Left person v=[-0.464, -0.059, 0.884] yaw=-27.7 pitch=3.4 cx=278.76397705078125
2025-12-16 16:12:40,538 - INFO - openpose - Gaze3D frame=168 id=right label=Right person v=[-0.119, -0.541, 0.832] yaw=-8.1 pitch=32.8 cx=462.634765625
2025-12-16 16:12:40,538 - INFO - openpose - Gaze PUB: people=2, frame_idx=168
2025-12-16 16:12:41,225 - INFO - openpose - Gaze3D frame=176 id=left label=Left person v=[-0.485, -0.134, 0.864] yaw=-29.3 pitch=7.7 cx=279.57435607910156
2025-12-16 16:12:41,225 - INFO - openpose - Gaze3D frame=176 id=right label=Right person v=[-0.547, -0.327, 0.771] yaw=-35.3 pitch=19.1 cx=475.3504333496094
2025-12-16 16:12:41,225 - INFO - openpose - Gaze PUB: people=2, frame_idx=176
2025-12-16 16:12:41,897 - INFO - openpose - Gaze3D frame=184 id=left label=Left person v=[-0.507, -0.037, 0.861] yaw=-30.5 pitch=2.1 cx=279.4089050292969
2025-12-16 16:12:41,897 - INFO - openpose - Gaze3D frame=184 id=right label=Right person v=[-0.532, -0.123, 0.838] yaw=-32.4 pitch=7.1 cx=472.26318359375
2025-12-16 16:12:41,897 - INFO - openpose - Gaze PUB: people=2, frame_idx=184
2025-12-16 16:12:42,587 - INFO - openpose - Gaze3D frame=192 id=left label=Left person v=[-0.482, 0.016, 0.876] yaw=-28.8 pitch=-0.9 cx=279.67095947265625
2025-12-16 16:12:42,587 - INFO - openpose - Gaze3D frame=192 id=right label=Right person v=[-0.480, 0.423, 0.769] yaw=-32.0 pitch=-25.0 cx=471.9076690673828
2025-12-16 16:12:42,587 - INFO - openpose - Gaze PUB: people=2, frame_idx=192
2025-12-16 16:12:43,281 - INFO - openpose - Gaze3D frame=200 id=left label=Left person v=[-0.531, 0.109, 0.840] yaw=-32.3 pitch=-6.3 cx=279.4366149902344
2025-12-16 16:12:43,281 - INFO - openpose - Gaze3D frame=200 id=right label=Right person v=[-0.448, 0.088, 0.890] yaw=-26.7 pitch=-5.0 cx=472.3589172363281
2025-12-16 16:12:43,281 - INFO - openpose - Gaze PUB: people=2, frame_idx=200
2025-12-16 16:12:43,986 - INFO - openpose - Gaze3D frame=208 id=left label=Left person v=[-0.535, 0.017, 0.845] yaw=-32.3 pitch=-1.0 cx=279.57830810546875
2025-12-16 16:12:43,994 - INFO - openpose - Gaze3D frame=208 id=right label=Right person v=[-0.070, -0.025, 0.997] yaw=-4.0 pitch=1.4 cx=473.1356964111328
2025-12-16 16:12:43,994 - INFO - openpose - Gaze PUB: people=2, frame_idx=208
2025-12-16 16:12:44,689 - INFO - openpose - Gaze3D frame=216 id=left label=Left person v=[-0.545, 0.084, 0.834] yaw=-33.2 pitch=-4.8 cx=280.0607452392578
2025-12-16 16:12:44,689 - INFO - openpose - Gaze3D frame=216 id=right label=Right person v=[-0.212, -0.680, 0.702] yaw=-16.8 pitch=42.8 cx=463.755126953125
2025-12-16 16:12:44,689 - INFO - openpose - Gaze PUB: people=2, frame_idx=216
2025-12-16 16:12:45,340 - INFO - openpose - Gaze3D frame=224 id=left label=Left person v=[-0.535, 0.075, 0.842] yaw=-32.4 pitch=-4.3 cx=279.9911651611328
2025-12-16 16:12:45,340 - INFO - openpose - Gaze3D frame=224 id=right label=Right person v=[-0.178, -0.674, 0.717] yaw=-13.9 pitch=42.4 cx=461.8685607910156
2025-12-16 16:12:45,340 - INFO - openpose - Gaze PUB: people=2, frame_idx=224
2025-12-16 16:12:46,013 - INFO - openpose - Gaze3D frame=232 id=left label=Left person v=[-0.542, 0.098, 0.835] yaw=-33.0 pitch=-5.6 cx=279.7439880371094
2025-12-16 16:12:46,014 - INFO - openpose - Gaze3D frame=232 id=right label=Right person v=[-0.145, -0.526, 0.838] yaw=-9.8 pitch=31.7 cx=461.6900634765625
2025-12-16 16:12:46,014 - INFO - openpose - Gaze PUB: people=2, frame_idx=232
2025-12-16 16:12:46,688 - INFO - openpose - Gaze3D frame=240 id=left label=Left person v=[-0.537, 0.061, 0.842] yaw=-32.5 pitch=-3.5 cx=279.5127868652344
2025-12-16 16:12:46,688 - INFO - openpose - Gaze3D frame=240 id=right label=Right person v=[-0.015, -0.860, 0.510] yaw=-1.7 pitch=59.3 cx=462.8000030517578
2025-12-16 16:12:46,688 - INFO - openpose - Gaze PUB: people=2, frame_idx=240
2025-12-16 16:12:47,405 - INFO - openpose - Gaze3D frame=248 id=left label=Left person v=[-0.514, 0.021, 0.858] yaw=-30.9 pitch=-1.2 cx=279.27806091308594
2025-12-16 16:12:47,405 - INFO - openpose - Gaze3D frame=248 id=right label=Right person v=[-0.078, -0.758, 0.647] yaw=-6.9 pitch=49.3 cx=453.56117248535156
2025-12-16 16:12:47,405 - INFO - openpose - Gaze PUB: people=2, frame_idx=248
2025-12-16 16:12:48,068 - INFO - openpose - Gaze3D frame=256 id=left label=Left person v=[-0.453, 0.008, 0.892] yaw=-26.9 pitch=-0.5 cx=279.5719757080078
2025-12-16 16:12:48,068 - INFO - openpose - Gaze3D frame=256 id=right label=Right person v=[-0.093, -0.807, 0.583] yaw=-9.1 pitch=53.8 cx=453.15435791015625
2025-12-16 16:12:48,068 - INFO - openpose - Gaze PUB: people=2, frame_idx=256
2025-12-16 16:12:48,777 - INFO - openpose - Gaze3D frame=264 id=left label=Left person v=[-0.508, 0.100, 0.856] yaw=-30.7 pitch=-5.7 cx=280.8595733642578
2025-12-16 16:12:48,777 - INFO - openpose - Gaze3D frame=264 id=right label=Right person v=[-0.098, -0.751, 0.653] yaw=-8.5 pitch=48.7 cx=462.1906433105469
2025-12-16 16:12:48,777 - INFO - openpose - Gaze PUB: people=2, frame_idx=264
2025-12-16 16:12:49,477 - INFO - openpose - Gaze3D frame=272 id=left label=Left person v=[-0.477, 0.051, 0.877] yaw=-28.6 pitch=-2.9 cx=279.0137176513672
2025-12-16 16:12:49,477 - INFO - openpose - Gaze3D frame=272 id=right label=Right person v=[-0.044, -0.736, 0.676] yaw=-3.7 pitch=47.4 cx=462.75921630859375
2025-12-16 16:12:49,477 - INFO - openpose - Gaze PUB: people=2, frame_idx=272
2025-12-16 16:12:50,178 - INFO - openpose - Gaze3D frame=280 id=left label=Left person v=[-0.473, -0.103, 0.875] yaw=-28.4 pitch=5.9 cx=276.80419921875
2025-12-16 16:12:50,178 - INFO - openpose - Gaze3D frame=280 id=right label=Right person v=[-0.025, -0.819, 0.573] yaw=-2.5 pitch=55.0 cx=460.6378936767578
2025-12-16 16:12:50,178 - INFO - openpose - Gaze PUB: people=2, frame_idx=280
2025-12-16 16:12:50,866 - INFO - openpose - Gaze3D frame=288 id=left label=Left person v=[-0.461, 0.025, 0.887] yaw=-27.5 pitch=-1.4 cx=276.5750961303711
2025-12-16 16:12:50,866 - INFO - openpose - Gaze3D frame=288 id=right label=Right person v=[0.011, -0.754, 0.657] yaw=0.9 pitch=48.9 cx=461.89984130859375
2025-12-16 16:12:50,866 - INFO - openpose - Gaze PUB: people=2, frame_idx=288
2025-12-16 16:12:51,114 - INFO - openpose - Left person: Arm EXTENDED (depth-plane)
2025-12-16 16:12:51,115 - INFO - openpose - ZMQ Message received (non-blocking): PL: Arm Extended Check
2025-12-16 16:12:51,115 - INFO - openpose - ZMQ Sending: Left: Arm Extended
2025-12-16 16:12:51,179 - INFO - openpose - Left person: Arm RETRACTED (depth-plane)
2025-12-16 16:12:51,179 - INFO - openpose - ZMQ Message received (non-blocking): PL: Arm Retracted Check
2025-12-16 16:12:51,179 - INFO - openpose - ZMQ Sending: Left: Arm Retracted
2025-12-16 16:12:51,240 - INFO - openpose - Robot's turn detected
2025-12-16 16:12:51,560 - INFO - openpose - Gaze3D frame=296 id=left label=Left person v=[-0.460, 0.120, 0.880] yaw=-27.6 pitch=-6.9 cx=277.158447265625
2025-12-16 16:12:51,560 - INFO - openpose - Gaze3D frame=296 id=right label=Right person v=[-0.416, -0.550, 0.724] yaw=-29.9 pitch=33.4 cx=463.1766052246094
2025-12-16 16:12:51,560 - INFO - openpose - Gaze PUB: people=2, frame_idx=296
2025-12-16 16:12:52,269 - INFO - openpose - Gaze3D frame=304 id=left label=Left person v=[-0.364, -0.060, 0.930] yaw=-21.4 pitch=3.5 cx=312.99400329589844
2025-12-16 16:12:52,269 - INFO - openpose - Gaze3D frame=304 id=right label=Right person v=[-0.244, -0.414, 0.877] yaw=-15.5 pitch=24.4 cx=469.2012939453125
2025-12-16 16:12:52,269 - INFO - openpose - Gaze PUB: people=2, frame_idx=304
2025-12-16 16:12:52,954 - INFO - openpose - Gaze3D frame=312 id=left label=Left person v=[-0.276, 0.025, 0.961] yaw=-16.0 pitch=-1.4 cx=306.3795623779297
2025-12-16 16:12:52,954 - INFO - openpose - Gaze3D frame=312 id=right label=Right person v=[-0.328, -0.088, 0.940] yaw=-19.2 pitch=5.1 cx=472.13279724121094
2025-12-16 16:12:52,954 - INFO - openpose - Gaze PUB: people=2, frame_idx=312
2025-12-16 16:12:53,642 - INFO - openpose - Gaze3D frame=320 id=left label=Left person v=[-0.223, -0.743, 0.631] yaw=-19.5 pitch=48.0 cx=272.6203308105469
2025-12-16 16:12:53,642 - INFO - openpose - Gaze3D frame=320 id=right label=Right person v=[-0.325, -0.466, 0.823] yaw=-21.5 pitch=27.8 cx=467.4969482421875
2025-12-16 16:12:53,642 - INFO - openpose - Gaze PUB: people=2, frame_idx=320
2025-12-16 16:12:54,313 - INFO - openpose - Gaze3D frame=328 id=left label=Left person v=[-0.338, -0.313, 0.887] yaw=-20.8 pitch=18.3 cx=277.4015808105469
2025-12-16 16:12:54,313 - INFO - openpose - Gaze3D frame=328 id=right label=Right person v=[-0.362, -0.472, 0.804] yaw=-24.2 pitch=28.2 cx=459.5851287841797
2025-12-16 16:12:54,313 - INFO - openpose - Gaze PUB: people=2, frame_idx=328
2025-12-16 16:12:55,003 - INFO - openpose - Gaze3D frame=336 id=left label=Left person v=[-0.222, -0.174, 0.959] yaw=-13.1 pitch=10.0 cx=273.60543060302734
2025-12-16 16:12:55,003 - INFO - openpose - Gaze3D frame=336 id=right label=Right person v=[-0.355, -0.234, 0.905] yaw=-21.4 pitch=13.5 cx=458.20777893066406
2025-12-16 16:12:55,010 - INFO - openpose - Gaze PUB: people=2, frame_idx=336
2025-12-16 16:12:55,709 - INFO - openpose - Gaze3D frame=344 id=left label=Left person v=[-0.294, -0.433, 0.852] yaw=-19.0 pitch=25.7 cx=261.5302047729492
2025-12-16 16:12:55,709 - INFO - openpose - Gaze3D frame=344 id=right label=Right person v=[-0.513, -0.331, 0.792] yaw=-32.9 pitch=19.3 cx=458.6348876953125
2025-12-16 16:12:55,709 - INFO - openpose - Gaze PUB: people=2, frame_idx=344
2025-12-16 16:12:56,415 - INFO - openpose - Gaze3D frame=352 id=None label=None v=[-0.264, -0.421, 0.868] yaw=-16.9 pitch=24.9 cx=460.24156188964844
2025-12-16 16:12:56,415 - INFO - openpose - Gaze3D frame=352 id=None label=None v=[-0.274, -0.372, 0.887] yaw=-17.2 pitch=21.8 cx=258.91202545166016
2025-12-16 16:12:56,415 - INFO - openpose - Gaze PUB: people=2, frame_idx=352
2025-12-16 16:12:56,656 - INFO - openpose - Gaze3D frame=352 id=left label=Left person v=[-0.331, -0.426, 0.842] yaw=-21.4 pitch=25.2 cx=259.9772491455078
2025-12-16 16:12:56,656 - INFO - openpose - Gaze3D frame=352 id=right label=Right person v=[-0.333, -0.387, 0.860] yaw=-21.2 pitch=22.8 cx=460.96229553222656
2025-12-16 16:12:56,657 - INFO - openpose - Gaze PUB: people=2, frame_idx=352
2025-12-16 16:12:57,338 - INFO - openpose - Gaze3D frame=360 id=left label=Left person v=[-0.324, -0.321, 0.890] yaw=-20.0 pitch=18.8 cx=262.0452880859375
2025-12-16 16:12:57,338 - INFO - openpose - Gaze3D frame=360 id=right label=Right person v=[-0.344, -0.347, 0.872] yaw=-21.5 pitch=20.3 cx=464.16650390625
2025-12-16 16:12:57,338 - INFO - openpose - Gaze PUB: people=2, frame_idx=360
2025-12-16 16:12:58,047 - INFO - openpose - Gaze3D frame=368 id=left label=Left person v=[-0.233, -0.309, 0.922] yaw=-14.2 pitch=18.0 cx=262.79854583740234
2025-12-16 16:12:58,047 - INFO - openpose - Gaze3D frame=368 id=right label=Right person v=[-0.096, -0.672, 0.734] yaw=-7.4 pitch=42.2 cx=464.5526123046875
2025-12-16 16:12:58,047 - INFO - openpose - Gaze PUB: people=2, frame_idx=368
2025-12-16 16:12:58,715 - INFO - openpose - Gaze3D frame=376 id=left label=Left person v=[-0.174, -0.264, 0.949] yaw=-10.4 pitch=15.3 cx=269.20789337158203
2025-12-16 16:12:58,715 - INFO - openpose - Gaze3D frame=376 id=right label=Right person v=[-0.304, -0.381, 0.873] yaw=-19.2 pitch=22.4 cx=463.41050720214844
2025-12-16 16:12:58,715 - INFO - openpose - Gaze PUB: people=2, frame_idx=376
2025-12-16 16:12:59,812 - INFO - openpose - Gaze3D frame=384 id=left label=Left person v=[-0.354, -0.152, 0.923] yaw=-21.0 pitch=8.7 cx=270.72215270996094
2025-12-16 16:12:59,812 - INFO - openpose - Gaze3D frame=384 id=right label=Right person v=[-0.391, -0.129, 0.911] yaw=-23.2 pitch=7.4 cx=464.8781280517578
2025-12-16 16:12:59,812 - INFO - openpose - Gaze3D frame=384 id=right label=Right person v=[-0.112, -0.637, 0.763] yaw=-8.4 pitch=39.6 cx=402.8568420410156
2025-12-16 16:12:59,812 - INFO - openpose - Gaze PUB: people=3, frame_idx=384
2025-12-16 16:13:00,549 - INFO - openpose - Gaze3D frame=392 id=left label=Left person v=[-0.454, -0.074, 0.888] yaw=-27.1 pitch=4.2 cx=268.9929962158203
2025-12-16 16:13:00,549 - INFO - openpose - Gaze3D frame=392 id=right label=Right person v=[-0.270, -0.229, 0.935] yaw=-16.1 pitch=13.3 cx=465.5895233154297
2025-12-16 16:13:00,557 - INFO - openpose - Gaze3D frame=392 id=right label=Right person v=[-0.103, -0.245, 0.964] yaw=-6.1 pitch=14.2 cx=388.5629577636719
2025-12-16 16:13:00,557 - INFO - openpose - Gaze PUB: people=3, frame_idx=392
2025-12-16 16:13:01,364 - INFO - openpose - Gaze3D frame=400 id=left label=Left person v=[-0.496, -0.154, 0.855] yaw=-30.1 pitch=8.8 cx=268.9109802246094
2025-12-16 16:13:01,364 - INFO - openpose - Gaze3D frame=400 id=right label=Right person v=[-0.275, -0.478, 0.834] yaw=-18.3 pitch=28.5 cx=460.467529296875
2025-12-16 16:13:01,364 - INFO - openpose - Gaze PUB: people=2, frame_idx=400
2025-12-16 16:13:02,031 - INFO - openpose - Gaze3D frame=408 id=left label=Left person v=[-0.460, -0.115, 0.880] yaw=-27.6 pitch=6.6 cx=269.67757415771484
2025-12-16 16:13:02,031 - INFO - openpose - Gaze3D frame=408 id=right label=Right person v=[-0.252, -0.219, 0.943] yaw=-15.0 pitch=12.6 cx=461.0952911376953
2025-12-16 16:13:02,031 - INFO - openpose - Gaze PUB: people=2, frame_idx=408
2025-12-16 16:13:02,704 - INFO - openpose - Gaze3D frame=416 id=left label=Left person v=[-0.431, -0.106, 0.896] yaw=-25.7 pitch=6.1 cx=270.1708068847656
2025-12-16 16:13:02,705 - INFO - openpose - Gaze3D frame=416 id=right label=Right person v=[-0.331, -0.202, 0.922] yaw=-19.8 pitch=11.6 cx=461.5894470214844
2025-12-16 16:13:02,705 - INFO - openpose - Gaze PUB: people=2, frame_idx=416
2025-12-16 16:13:03,392 - INFO - openpose - Gaze3D frame=424 id=left label=Left person v=[-0.423, -0.147, 0.894] yaw=-25.3 pitch=8.5 cx=270.33885192871094
2025-12-16 16:13:03,393 - INFO - openpose - Gaze3D frame=424 id=right label=Right person v=[-0.365, -0.579, 0.729] yaw=-26.6 pitch=35.4 cx=459.3154602050781
2025-12-16 16:13:03,393 - INFO - openpose - Gaze PUB: people=2, frame_idx=424
2025-12-16 16:13:04,075 - INFO - openpose - Gaze3D frame=432 id=left label=Left person v=[-0.468, -0.060, 0.882] yaw=-27.9 pitch=3.5 cx=270.5860366821289
2025-12-16 16:13:04,076 - INFO - openpose - Gaze3D frame=432 id=right label=Right person v=[-0.313, -0.230, 0.922] yaw=-18.7 pitch=13.3 cx=462.5744323730469
2025-12-16 16:13:04,076 - INFO - openpose - Gaze PUB: people=2, frame_idx=432
2025-12-16 16:13:04,762 - INFO - openpose - Gaze3D frame=440 id=left label=Left person v=[-0.383, 0.002, 0.924] yaw=-22.5 pitch=-0.1 cx=270.13988494873047
2025-12-16 16:13:04,762 - INFO - openpose - Gaze3D frame=440 id=right label=Right person v=[-0.417, -0.277, 0.866] yaw=-25.7 pitch=16.1 cx=455.51885986328125
2025-12-16 16:13:04,762 - INFO - openpose - Gaze PUB: people=2, frame_idx=440
2025-12-16 16:13:05,463 - INFO - openpose - Gaze3D frame=448 id=left label=Left person v=[-0.390, -0.019, 0.921] yaw=-23.0 pitch=1.1 cx=270.58191680908203
2025-12-16 16:13:05,463 - INFO - openpose - Gaze3D frame=448 id=right label=Right person v=[-0.326, -0.272, 0.905] yaw=-19.8 pitch=15.8 cx=461.2095642089844
2025-12-16 16:13:05,464 - INFO - openpose - Gaze PUB: people=2, frame_idx=448
2025-12-16 16:13:06,115 - INFO - openpose - Gaze3D frame=456 id=left label=Left person v=[-0.499, 0.012, 0.866] yaw=-29.9 pitch=-0.7 cx=271.91258239746094
2025-12-16 16:13:06,115 - INFO - openpose - Gaze3D frame=456 id=right label=Right person v=[-0.314, -0.452, 0.835] yaw=-20.6 pitch=26.9 cx=460.35943603515625
2025-12-16 16:13:06,115 - INFO - openpose - Gaze PUB: people=2, frame_idx=456
2025-12-16 16:13:06,778 - INFO - openpose - Gaze3D frame=464 id=left label=Left person v=[-0.428, -0.015, 0.903] yaw=-25.4 pitch=0.9 cx=270.81453704833984
2025-12-16 16:13:06,778 - INFO - openpose - Gaze3D frame=464 id=right label=Right person v=[-0.365, -0.039, 0.930] yaw=-21.4 pitch=2.3 cx=458.4158935546875
2025-12-16 16:13:06,778 - INFO - openpose - Gaze PUB: people=2, frame_idx=464
2025-12-16 16:13:07,472 - INFO - openpose - Gaze3D frame=472 id=left label=Left person v=[-0.370, 0.040, 0.928] yaw=-21.8 pitch=-2.3 cx=270.2387924194336
2025-12-16 16:13:07,472 - INFO - openpose - Gaze3D frame=472 id=right label=Right person v=[-0.365, -0.275, 0.890] yaw=-22.3 pitch=15.9 cx=460.6017150878906
2025-12-16 16:13:07,472 - INFO - openpose - Gaze PUB: people=2, frame_idx=472
2025-12-16 16:13:08,146 - INFO - openpose - Gaze3D frame=480 id=left label=Left person v=[-0.399, 0.027, 0.916] yaw=-23.6 pitch=-1.6 cx=269.6571350097656
2025-12-16 16:13:08,146 - INFO - openpose - Gaze3D frame=480 id=right label=Right person v=[-0.387, -0.524, 0.758] yaw=-27.0 pitch=31.6 cx=462.1970977783203
2025-12-16 16:13:08,146 - INFO - openpose - Gaze PUB: people=2, frame_idx=480
2025-12-16 16:13:08,839 - INFO - openpose - Gaze3D frame=488 id=left label=Left person v=[-0.364, 0.024, 0.931] yaw=-21.3 pitch=-1.3 cx=270.3591003417969
2025-12-16 16:13:08,839 - INFO - openpose - Gaze3D frame=488 id=right label=Right person v=[-0.356, -0.223, 0.907] yaw=-21.4 pitch=12.9 cx=464.8942565917969
2025-12-16 16:13:08,839 - INFO - openpose - Gaze PUB: people=2, frame_idx=488
2025-12-16 16:13:09,553 - INFO - openpose - Gaze3D frame=496 id=left label=Left person v=[-0.362, 0.067, 0.930] yaw=-21.3 pitch=-3.9 cx=270.08507537841797
2025-12-16 16:13:09,553 - INFO - openpose - Gaze3D frame=496 id=right label=Right person v=[-0.216, -0.188, 0.958] yaw=-12.7 pitch=10.8 cx=490.2663116455078
2025-12-16 16:13:09,553 - INFO - openpose - Gaze PUB: people=2, frame_idx=496
2025-12-16 16:13:10,258 - INFO - openpose - Gaze3D frame=504 id=left label=Left person v=[-0.396, -0.111, 0.912] yaw=-23.5 pitch=6.3 cx=270.2421417236328
2025-12-16 16:13:10,258 - INFO - openpose - Gaze3D frame=504 id=right label=Right person v=[-0.192, -0.455, 0.869] yaw=-12.5 pitch=27.1 cx=525.5308990478516
2025-12-16 16:13:10,258 - INFO - openpose - Gaze PUB: people=2, frame_idx=504
2025-12-16 16:13:10,452 - INFO - openpose - Right person: Arm EXTENDED (depth-plane)
2025-12-16 16:13:10,453 - INFO - openpose - ZMQ Message received (non-blocking): PR: Arm Extended Check
2025-12-16 16:13:10,453 - INFO - openpose - ZMQ Sending: Right: Arm Extended
2025-12-16 16:13:10,938 - INFO - openpose - Gaze3D frame=512 id=left label=Left person v=[-0.459, 0.065, 0.886] yaw=-27.4 pitch=-3.7 cx=269.813720703125
2025-12-16 16:13:10,938 - INFO - openpose - Gaze3D frame=512 id=right label=Right person v=[-0.338, 0.310, 0.889] yaw=-20.8 pitch=-18.1 cx=468.8062744140625
2025-12-16 16:13:10,938 - INFO - openpose - Gaze PUB: people=2, frame_idx=512
2025-12-16 16:13:11,566 - INFO - openpose - Right person: Arm RETRACTED (depth-plane)
2025-12-16 16:13:11,566 - INFO - openpose - ZMQ Message received (non-blocking): PR: Arm Retracted Check
2025-12-16 16:13:11,574 - INFO - openpose - ZMQ Sending: Right: Arm Retracted
2025-12-16 16:13:12,210 - INFO - openpose - Gaze3D frame=520 id=left label=Left person v=[-0.347, 0.039, 0.937] yaw=-20.3 pitch=-2.3 cx=270.1667785644531
2025-12-16 16:13:12,210 - INFO - openpose - Gaze3D frame=520 id=right label=Right person v=[-0.241, -0.408, 0.881] yaw=-15.3 pitch=24.1 cx=480.0616149902344
2025-12-16 16:13:12,210 - INFO - openpose - Gaze PUB: people=2, frame_idx=520
2025-12-16 16:13:12,900 - INFO - openpose - Gaze3D frame=528 id=left label=Left person v=[-0.387, -0.126, 0.913] yaw=-23.0 pitch=7.3 cx=268.17899322509766
2025-12-16 16:13:12,900 - INFO - openpose - Gaze3D frame=528 id=right label=Right person v=[-0.319, -0.446, 0.836] yaw=-20.9 pitch=26.5 cx=467.83961486816406
2025-12-16 16:13:12,900 - INFO - openpose - Gaze PUB: people=2, frame_idx=528
2025-12-16 16:13:13,570 - INFO - openpose - Gaze3D frame=536 id=left label=Left person v=[-0.416, -0.018, 0.909] yaw=-24.6 pitch=1.0 cx=278.68521881103516
2025-12-16 16:13:13,570 - INFO - openpose - Gaze3D frame=536 id=right label=Right person v=[-0.090, -0.493, 0.865] yaw=-5.9 pitch=29.6 cx=466.65440368652344
2025-12-16 16:13:13,570 - INFO - openpose - Gaze PUB: people=2, frame_idx=536
2025-12-16 16:13:13,815 - INFO - openpose - Left person: Arm EXTENDED (depth-plane)
2025-12-16 16:13:13,815 - INFO - openpose - ZMQ Message received (non-blocking): PL: Arm Extended Check
2025-12-16 16:13:13,815 - INFO - openpose - ZMQ Sending: Left: Arm Extended
2025-12-16 16:13:13,873 - INFO - openpose - Left person: Arm RETRACTED (depth-plane)
2025-12-16 16:13:13,873 - INFO - openpose - ZMQ Message received (non-blocking): PL: Arm Retracted Check
2025-12-16 16:13:13,873 - INFO - openpose - ZMQ Sending: Left: Arm Retracted
2025-12-16 16:13:14,246 - INFO - openpose - Gaze3D frame=544 id=left label=Left person v=[-0.429, 0.165, 0.888] yaw=-25.8 pitch=-9.5 cx=297.3074645996094
2025-12-16 16:13:14,246 - INFO - openpose - Gaze3D frame=544 id=right label=Right person v=[-0.311, -0.464, 0.830] yaw=-20.5 pitch=27.6 cx=465.20623779296875
2025-12-16 16:13:14,246 - INFO - openpose - Gaze PUB: people=2, frame_idx=544
2025-12-16 16:13:14,905 - INFO - openpose - Gaze3D frame=552 id=left label=Left person v=[-0.459, 0.291, 0.840] yaw=-28.6 pitch=-16.9 cx=323.69566345214844
2025-12-16 16:13:14,905 - INFO - openpose - Gaze3D frame=552 id=right label=Right person v=[-0.290, -0.407, 0.866] yaw=-18.5 pitch=24.0 cx=466.87017822265625
2025-12-16 16:13:14,905 - INFO - openpose - Gaze PUB: people=2, frame_idx=552
2025-12-16 16:13:15,578 - INFO - openpose - Gaze3D frame=560 id=left label=Left person v=[-0.322, 0.062, 0.945] yaw=-18.8 pitch=-3.6 cx=314.7716369628906
2025-12-16 16:13:15,578 - INFO - openpose - Gaze3D frame=560 id=right label=Right person v=[-0.326, -0.303, 0.896] yaw=-20.0 pitch=17.6 cx=470.86712646484375
2025-12-16 16:13:15,578 - INFO - openpose - Gaze PUB: people=2, frame_idx=560
2025-12-16 16:13:16,259 - INFO - openpose - Gaze3D frame=568 id=left label=Left person v=[-0.407, -0.011, 0.913] yaw=-24.0 pitch=0.6 cx=273.70764923095703
2025-12-16 16:13:16,259 - INFO - openpose - Gaze3D frame=568 id=right label=Right person v=[-0.308, -0.512, 0.802] yaw=-21.0 pitch=30.8 cx=488.3346862792969
2025-12-16 16:13:16,259 - INFO - openpose - Gaze PUB: people=2, frame_idx=568
2025-12-16 16:13:17,831 - INFO - openpose - Gaze3D frame=576 id=left label=Left person v=[-0.331, -0.093, 0.939] yaw=-19.4 pitch=5.3 cx=277.7546691894531
2025-12-16 16:13:17,832 - INFO - openpose - Gaze3D frame=576 id=right label=Right person v=[-0.448, 0.038, 0.893] yaw=-26.6 pitch=-2.2 cx=461.06414794921875
2025-12-16 16:13:17,832 - INFO - openpose - Gaze PUB: people=2, frame_idx=576
2025-12-16 16:13:18,483 - INFO - openpose - Gaze3D frame=584 id=left label=Left person v=[-0.343, -0.093, 0.935] yaw=-20.1 pitch=5.3 cx=277.911865234375
2025-12-16 16:13:18,483 - INFO - openpose - Gaze3D frame=584 id=right label=Right person v=[-0.419, -0.381, 0.824] yaw=-26.9 pitch=22.4 cx=464.9228820800781
2025-12-16 16:13:18,483 - INFO - openpose - Gaze PUB: people=2, frame_idx=584
2025-12-16 16:13:19,161 - INFO - openpose - Gaze3D frame=592 id=left label=Left person v=[-0.224, -0.041, 0.974] yaw=-12.9 pitch=2.4 cx=271.7318115234375
2025-12-16 16:13:19,162 - INFO - openpose - Gaze3D frame=592 id=right label=Right person v=[-0.143, -0.435, 0.889] yaw=-9.1 pitch=25.8 cx=473.9918212890625
2025-12-16 16:13:19,162 - INFO - openpose - Gaze PUB: people=2, frame_idx=592
2025-12-16 16:13:19,865 - INFO - openpose - Gaze3D frame=600 id=left label=Left person v=[-0.410, -0.173, 0.895] yaw=-24.6 pitch=10.0 cx=294.8717498779297
2025-12-16 16:13:19,866 - INFO - openpose - Gaze3D frame=600 id=right label=Right person v=[-0.263, -0.346, 0.901] yaw=-16.3 pitch=20.3 cx=477.50213623046875
2025-12-16 16:13:19,866 - INFO - openpose - Gaze PUB: people=2, frame_idx=600
2025-12-16 16:13:20,536 - INFO - openpose - Gaze3D frame=608 id=left label=Left person v=[-0.469, 0.412, 0.781] yaw=-31.0 pitch=-24.3 cx=332.6676940917969
2025-12-16 16:13:20,536 - INFO - openpose - Gaze3D frame=608 id=right label=Right person v=[-0.378, -0.064, 0.923] yaw=-22.3 pitch=3.7 cx=477.94940185546875
2025-12-16 16:13:20,536 - INFO - openpose - Gaze PUB: people=2, frame_idx=608
2025-12-16 16:13:21,229 - INFO - openpose - Gaze3D frame=616 id=left label=Left person v=[-0.263, -0.284, 0.922] yaw=-15.9 pitch=16.5 cx=312.2921447753906
2025-12-16 16:13:21,229 - INFO - openpose - Gaze3D frame=616 id=right label=Right person v=[-0.256, -0.429, 0.866] yaw=-16.5 pitch=25.4 cx=478.6817169189453
2025-12-16 16:13:21,229 - INFO - openpose - Gaze PUB: people=2, frame_idx=616
2025-12-16 16:13:21,939 - INFO - openpose - Gaze3D frame=624 id=left label=Left person v=[-0.308, -0.009, 0.951] yaw=-17.9 pitch=0.5 cx=277.47471618652344
2025-12-16 16:13:21,939 - INFO - openpose - Gaze3D frame=624 id=right label=Right person v=[-0.457, -0.104, 0.883] yaw=-27.4 pitch=6.0 cx=482.64842224121094
2025-12-16 16:13:21,939 - INFO - openpose - Gaze PUB: people=2, frame_idx=624
2025-12-16 16:13:23,771 - INFO - openpose - Gaze3D frame=632 id=left label=Left person v=[-0.434, -0.062, 0.899] yaw=-25.8 pitch=3.6 cx=273.49940490722656
2025-12-16 16:13:23,771 - INFO - openpose - Gaze3D frame=632 id=right label=Right person v=[-0.087, -0.665, 0.741] yaw=-6.7 pitch=41.7 cx=467.7602081298828
2025-12-16 16:13:23,778 - INFO - openpose - Gaze PUB: people=2, frame_idx=632
2025-12-16 16:13:24,436 - INFO - openpose - Gaze3D frame=640 id=left label=Left person v=[-0.381, -0.182, 0.907] yaw=-22.8 pitch=10.5 cx=276.9674530029297
2025-12-16 16:13:24,437 - INFO - openpose - Gaze3D frame=640 id=right label=Right person v=[-0.129, -0.576, 0.807] yaw=-9.1 pitch=35.2 cx=469.5978698730469
2025-12-16 16:13:24,437 - INFO - openpose - Gaze PUB: people=2, frame_idx=640
2025-12-16 16:13:25,106 - INFO - openpose - Gaze3D frame=648 id=left label=Left person v=[-0.329, -0.530, 0.781] yaw=-22.8 pitch=32.0 cx=272.8609848022461
2025-12-16 16:13:25,106 - INFO - openpose - Gaze3D frame=648 id=right label=Right person v=[-0.077, -0.833, 0.547] yaw=-8.0 pitch=56.5 cx=466.1493835449219
2025-12-16 16:13:25,107 - INFO - openpose - Gaze PUB: people=2, frame_idx=648
2025-12-16 16:13:25,795 - INFO - openpose - Gaze3D frame=656 id=left label=Left person v=[-0.248, -0.666, 0.704] yaw=-19.4 pitch=41.8 cx=269.4066162109375
2025-12-16 16:13:25,795 - INFO - openpose - Gaze3D frame=656 id=right label=Right person v=[-0.265, -0.606, 0.750] yaw=-19.5 pitch=37.3 cx=474.8488006591797
2025-12-16 16:13:25,795 - INFO - openpose - Gaze PUB: people=2, frame_idx=656
2025-12-16 16:13:26,490 - INFO - openpose - Gaze3D frame=664 id=left label=Left person v=[-0.242, -0.507, 0.828] yaw=-16.3 pitch=30.4 cx=271.0196838378906
2025-12-16 16:13:26,490 - INFO - openpose - Gaze3D frame=664 id=right label=Right person v=[-0.503, -0.224, 0.835] yaw=-31.1 pitch=12.9 cx=513.0021820068359
2025-12-16 16:13:26,490 - INFO - openpose - Gaze PUB: people=2, frame_idx=664
2025-12-16 16:13:27,202 - INFO - openpose - Gaze3D frame=672 id=left label=Left person v=[-0.215, -0.640, 0.738] yaw=-16.2 pitch=39.8 cx=287.8891296386719
2025-12-16 16:13:27,202 - INFO - openpose - Gaze3D frame=672 id=right label=Right person v=[-0.033, -0.798, 0.602] yaw=-3.1 pitch=53.0 cx=500.2941131591797
2025-12-16 16:13:27,202 - INFO - openpose - Gaze PUB: people=2, frame_idx=672
2025-12-16 16:13:27,879 - INFO - openpose - Gaze3D frame=680 id=left label=Left person v=[-0.171, -0.726, 0.666] yaw=-14.4 pitch=46.5 cx=299.5895690917969
2025-12-16 16:13:27,879 - INFO - openpose - Gaze3D frame=680 id=right label=Right person v=[-0.007, -0.702, 0.712] yaw=-0.6 pitch=44.6 cx=471.7737274169922
2025-12-16 16:13:27,879 - INFO - openpose - Gaze PUB: people=2, frame_idx=680
2025-12-16 16:13:28,463 - INFO - openpose - Gaze3D frame=688 id=left label=Left person v=[-0.332, 0.074, 0.941] yaw=-19.4 pitch=-4.2 cx=289.5753173828125
2025-12-16 16:13:28,463 - INFO - openpose - Gaze3D frame=688 id=right label=Right person v=[0.014, -0.800, 0.600] yaw=1.3 pitch=53.1 cx=467.24249267578125
2025-12-16 16:13:28,463 - INFO - openpose - Gaze PUB: people=2, frame_idx=688
2025-12-16 16:13:29,132 - INFO - openpose - Gaze3D frame=696 id=left label=Left person v=[-0.481, 0.310, 0.820] yaw=-30.4 pitch=-18.0 cx=304.8921356201172
2025-12-16 16:13:29,132 - INFO - openpose - Gaze3D frame=696 id=right label=Right person v=[0.022, -0.715, 0.699] yaw=1.8 pitch=45.6 cx=492.08154296875
2025-12-16 16:13:29,132 - INFO - openpose - Gaze PUB: people=2, frame_idx=696
2025-12-16 16:13:29,768 - INFO - openpose - Gaze3D frame=704 id=left label=Left person v=[-0.405, 0.321, 0.856] yaw=-25.3 pitch=-18.8 cx=296.55003356933594
2025-12-16 16:13:29,768 - INFO - openpose - Gaze3D frame=704 id=right label=Right person v=[-0.254, -0.433, 0.865] yaw=-16.4 pitch=25.7 cx=495.9529724121094
2025-12-16 16:13:29,768 - INFO - openpose - Gaze PUB: people=2, frame_idx=704
2025-12-16 16:13:30,441 - INFO - openpose - Gaze3D frame=712 id=left label=Left person v=[-0.402, 0.471, 0.785] yaw=-27.1 pitch=-28.1 cx=317.3520812988281
2025-12-16 16:13:30,441 - INFO - openpose - Gaze3D frame=712 id=right label=Right person v=[-0.358, -0.595, 0.720] yaw=-26.4 pitch=36.5 cx=480.73548889160156
2025-12-16 16:13:30,441 - INFO - openpose - Gaze PUB: people=2, frame_idx=712
2025-12-16 16:13:31,141 - INFO - openpose - Gaze3D frame=720 id=left label=Left person v=[-0.019, 0.290, 0.957] yaw=-1.1 pitch=-16.9 cx=307.90098571777344
2025-12-16 16:13:31,142 - INFO - openpose - Gaze3D frame=720 id=right label=Right person v=[-0.440, -0.528, 0.726] yaw=-31.2 pitch=31.8 cx=476.932373046875
2025-12-16 16:13:31,142 - INFO - openpose - Gaze PUB: people=2, frame_idx=720
2025-12-16 16:13:31,820 - INFO - openpose - Gaze3D frame=728 id=left label=Left person v=[-0.371, -0.047, 0.928] yaw=-21.8 pitch=2.7 cx=279.5297622680664
2025-12-16 16:13:31,820 - INFO - openpose - Gaze3D frame=728 id=right label=Right person v=[-0.624, -0.476, 0.620] yaw=-45.2 pitch=28.5 cx=478.4398956298828
2025-12-16 16:13:31,820 - INFO - openpose - Gaze PUB: people=2, frame_idx=728
2025-12-16 16:13:32,527 - INFO - openpose - Gaze3D frame=736 id=left label=Left person v=[-0.456, -0.261, 0.851] yaw=-28.2 pitch=15.2 cx=278.9691467285156
2025-12-16 16:13:32,527 - INFO - openpose - Gaze3D frame=736 id=right label=Right person v=[-0.252, -0.547, 0.799] yaw=-17.5 pitch=33.2 cx=477.4055938720703
2025-12-16 16:13:32,528 - INFO - openpose - Gaze PUB: people=2, frame_idx=736
2025-12-16 16:13:32,906 - INFO - openpose - Right person: Arm EXTENDED (depth-plane)
2025-12-16 16:13:32,907 - INFO - openpose - ZMQ Message received (non-blocking): PR: Arm Extended Check
2025-12-16 16:13:32,907 - INFO - openpose - ZMQ Sending: Right: Arm Extended
2025-12-16 16:13:33,227 - INFO - openpose - Gaze3D frame=744 id=left label=Left person v=[-0.462, 0.176, 0.869] yaw=-28.0 pitch=-10.1 cx=278.04296875
2025-12-16 16:13:33,227 - INFO - openpose - Gaze3D frame=744 id=right label=Right person v=[-0.485, 0.018, 0.874] yaw=-29.1 pitch=-1.0 cx=470.3244934082031
2025-12-16 16:13:33,227 - INFO - openpose - Gaze PUB: people=2, frame_idx=744
2025-12-16 16:13:33,351 - INFO - openpose - Right person: Arm RETRACTED (depth-plane)
2025-12-16 16:13:33,351 - INFO - openpose - ZMQ Message received (non-blocking): PR: Arm Retracted Check
2025-12-16 16:13:33,351 - INFO - openpose - ZMQ Sending: Right: Arm Retracted
2025-12-16 16:13:34,220 - INFO - openpose - Gaze3D frame=752 id=left label=Left person v=[-0.610, 0.094, 0.787] yaw=-37.8 pitch=-5.4 cx=272.5093078613281
2025-12-16 16:13:34,220 - INFO - openpose - Gaze3D frame=752 id=right label=Right person v=[-0.450, -0.127, 0.884] yaw=-26.9 pitch=7.3 cx=451.77398681640625
2025-12-16 16:13:34,227 - INFO - openpose - Gaze PUB: people=2, frame_idx=752
2025-12-16 16:13:34,928 - INFO - openpose - Gaze3D frame=760 id=left label=Left person v=[-0.469, -0.038, 0.883] yaw=-28.0 pitch=2.2 cx=273.13973236083984
2025-12-16 16:13:34,928 - INFO - openpose - Gaze3D frame=760 id=right label=Right person v=[-0.362, 0.001, 0.932] yaw=-21.2 pitch=-0.1 cx=454.3101348876953
2025-12-16 16:13:34,928 - INFO - openpose - Gaze PUB: people=2, frame_idx=760
2025-12-16 16:13:35,602 - INFO - openpose - Gaze3D frame=768 id=left label=Left person v=[-0.313, -0.258, 0.914] yaw=-18.9 pitch=15.0 cx=273.8149108886719
2025-12-16 16:13:35,602 - INFO - openpose - Gaze3D frame=768 id=right label=Right person v=[-0.093, -0.496, 0.863] yaw=-6.2 pitch=29.8 cx=475.44569396972656
2025-12-16 16:13:35,602 - INFO - openpose - Gaze PUB: people=2, frame_idx=768
2025-12-16 16:13:36,312 - INFO - openpose - Gaze3D frame=776 id=left label=Left person v=[-0.425, 0.159, 0.891] yaw=-25.5 pitch=-9.1 cx=276.7744674682617
2025-12-16 16:13:36,312 - INFO - openpose - Gaze3D frame=776 id=right label=Right person v=[-0.390, -0.577, 0.717] yaw=-28.5 pitch=35.3 cx=475.1373596191406
2025-12-16 16:13:36,312 - INFO - openpose - Gaze PUB: people=2, frame_idx=776
2025-12-16 16:13:36,448 - INFO - openpose - Left person: Arm EXTENDED (depth-plane)
2025-12-16 16:13:36,448 - INFO - openpose - ZMQ Message received (non-blocking): PL: Arm Extended Check
2025-12-16 16:13:36,448 - INFO - openpose - ZMQ Sending: Left: Arm Extended
2025-12-16 16:13:36,513 - INFO - openpose - Left person: Arm RETRACTED (depth-plane)
2025-12-16 16:13:36,513 - INFO - openpose - ZMQ Message received (non-blocking): PL: Arm Retracted Check
2025-12-16 16:13:36,514 - INFO - openpose - ZMQ Sending: Left: Arm Retracted
2025-12-16 16:13:37,015 - INFO - openpose - Gaze3D frame=784 id=left label=Left person v=[-0.587, 0.053, 0.808] yaw=-36.0 pitch=-3.0 cx=291.7339172363281
2025-12-16 16:13:37,015 - INFO - openpose - Gaze3D frame=784 id=right label=Right person v=[-0.244, -0.152, 0.958] yaw=-14.3 pitch=8.8 cx=475.77239990234375
2025-12-16 16:13:37,015 - INFO - openpose - Gaze PUB: people=2, frame_idx=784
2025-12-16 16:13:37,706 - INFO - openpose - Gaze3D frame=792 id=left label=Left person v=[-0.455, 0.303, 0.838] yaw=-28.5 pitch=-17.6 cx=306.02711486816406
2025-12-16 16:13:37,707 - INFO - openpose - Gaze3D frame=792 id=right label=Right person v=[-0.472, -0.323, 0.820] yaw=-29.9 pitch=18.9 cx=468.1084442138672
2025-12-16 16:13:37,707 - INFO - openpose - Gaze PUB: people=2, frame_idx=792
2025-12-16 16:13:38,430 - INFO - openpose - Gaze3D frame=800 id=left label=Left person v=[-0.417, 0.515, 0.748] yaw=-29.1 pitch=-31.0 cx=327.69927978515625
2025-12-16 16:13:38,430 - INFO - openpose - Gaze3D frame=800 id=right label=Right person v=[-0.531, 0.178, 0.828] yaw=-32.7 pitch=-10.3 cx=470.8536071777344
2025-12-16 16:13:38,430 - INFO - openpose - Gaze PUB: people=2, frame_idx=800
2025-12-16 16:13:39,127 - INFO - openpose - Gaze3D frame=808 id=left label=Left person v=[-0.412, 0.092, 0.906] yaw=-24.5 pitch=-5.3 cx=311.95823669433594
2025-12-16 16:13:39,127 - INFO - openpose - Gaze3D frame=808 id=right label=Right person v=[-0.395, -0.143, 0.907] yaw=-23.5 pitch=8.2 cx=474.0657501220703
2025-12-16 16:13:39,127 - INFO - openpose - Gaze PUB: people=2, frame_idx=808
2025-12-16 16:13:39,840 - INFO - openpose - Gaze3D frame=816 id=left label=Left person v=[-0.343, 0.007, 0.939] yaw=-20.1 pitch=-0.4 cx=277.31353759765625
2025-12-16 16:13:39,840 - INFO - openpose - Gaze3D frame=816 id=right label=Right person v=[-0.344, -0.580, 0.739] yaw=-25.0 pitch=35.4 cx=482.06468200683594
2025-12-16 16:13:39,847 - INFO - openpose - Gaze PUB: people=2, frame_idx=816
2025-12-16 16:13:40,041 - INFO - openpose - Right person: Arm EXTENDED (depth-plane)
2025-12-16 16:13:40,041 - INFO - openpose - ZMQ Message received (non-blocking): PR: Arm Extended Check
2025-12-16 16:13:40,041 - INFO - openpose - ZMQ Sending: Right: Arm Extended
2025-12-16 16:13:40,640 - INFO - openpose - Gaze3D frame=824 id=None label=None v=[-0.496, 0.012, 0.868] yaw=-29.8 pitch=-0.7 cx=467.8574981689453
2025-12-16 16:13:40,640 - INFO - openpose - Gaze3D frame=824 id=None label=None v=[-0.560, 0.223, 0.798] yaw=-35.0 pitch=-12.9 cx=277.4602966308594
2025-12-16 16:13:40,640 - INFO - openpose - Gaze PUB: people=2, frame_idx=824
2025-12-16 16:13:40,918 - INFO - openpose - Gaze3D frame=824 id=None label=None v=[-0.386, -0.155, 0.910] yaw=-23.0 pitch=8.9 cx=464.49322509765625
2025-12-16 16:13:40,918 - INFO - openpose - Gaze3D frame=824 id=None label=None v=[-0.572, 0.188, 0.799] yaw=-35.6 pitch=-10.8 cx=277.77530670166016
2025-12-16 16:13:40,918 - INFO - openpose - Gaze PUB: people=2, frame_idx=824
2025-12-16 16:13:41,174 - INFO - openpose - Gaze3D frame=824 id=None label=None v=[-0.366, -0.080, 0.927] yaw=-21.6 pitch=4.6 cx=461.6614074707031
2025-12-16 16:13:41,174 - INFO - openpose - Gaze3D frame=824 id=None label=None v=[-0.585, 0.128, 0.801] yaw=-36.1 pitch=-7.4 cx=276.74452209472656
2025-12-16 16:13:41,174 - INFO - openpose - Gaze PUB: people=2, frame_idx=824
2025-12-16 16:13:41,448 - INFO - openpose - Gaze3D frame=824 id=None label=None v=[-0.453, -0.153, 0.878] yaw=-27.3 pitch=8.8 cx=461.11981201171875
2025-12-16 16:13:41,448 - INFO - openpose - Gaze3D frame=824 id=None label=None v=[-0.561, 0.308, 0.769] yaw=-36.1 pitch=-17.9 cx=277.2774963378906
2025-12-16 16:13:41,448 - INFO - openpose - Gaze PUB: people=2, frame_idx=824
2025-12-16 16:13:41,689 - INFO - openpose - Gaze3D frame=824 id=None label=None v=[-0.515, 0.087, 0.853] yaw=-31.1 pitch=-5.0 cx=467.54290771484375
2025-12-16 16:13:41,689 - INFO - openpose - Gaze3D frame=824 id=None label=None v=[-0.464, 0.167, 0.870] yaw=-28.1 pitch=-9.6 cx=275.75255584716797
2025-12-16 16:13:41,689 - INFO - openpose - Gaze PUB: people=2, frame_idx=824
2025-12-16 16:13:41,925 - INFO - openpose - Gaze3D frame=824 id=left label=Left person v=[-0.396, 0.141, 0.907] yaw=-23.6 pitch=-8.1 cx=276.0030059814453
2025-12-16 16:13:41,925 - INFO - openpose - Gaze3D frame=824 id=right label=Right person v=[-0.625, -0.550, 0.553] yaw=-48.5 pitch=33.4 cx=471.180419921875
2025-12-16 16:13:41,925 - INFO - openpose - Gaze PUB: people=2, frame_idx=824
2025-12-16 16:13:41,985 - INFO - openpose - Right person: Arm RETRACTED (depth-plane)
2025-12-16 16:13:41,985 - INFO - openpose - ZMQ Message received (non-blocking): PR: Arm Retracted Check
2025-12-16 16:13:41,985 - INFO - openpose - ZMQ Sending: Right: Arm Retracted
2025-12-16 16:13:42,050 - INFO - openpose - Robot's turn detected
2025-12-16 16:13:42,621 - INFO - openpose - Gaze3D frame=832 id=left label=Left person v=[-0.396, 0.177, 0.901] yaw=-23.7 pitch=-10.2 cx=277.15956115722656
2025-12-16 16:13:42,621 - INFO - openpose - Gaze3D frame=832 id=right label=Right person v=[-0.346, -0.195, 0.918] yaw=-20.6 pitch=11.2 cx=507.16709899902344
2025-12-16 16:13:42,621 - INFO - openpose - Gaze PUB: people=2, frame_idx=832
2025-12-16 16:13:43,351 - INFO - openpose - Gaze3D frame=840 id=left label=Left person v=[-0.403, 0.230, 0.886] yaw=-24.5 pitch=-13.3 cx=275.22471618652344
2025-12-16 16:13:43,352 - INFO - openpose - Gaze3D frame=840 id=right label=Right person v=[-0.378, -0.620, 0.688] yaw=-28.8 pitch=38.3 cx=507.01116943359375
2025-12-16 16:13:43,352 - INFO - openpose - Gaze PUB: people=2, frame_idx=840
2025-12-16 16:13:44,038 - INFO - openpose - Gaze3D frame=848 id=left label=Left person v=[-0.293, 0.012, 0.956] yaw=-17.1 pitch=-0.7 cx=273.8991470336914
2025-12-16 16:13:44,038 - INFO - openpose - Gaze3D frame=848 id=right label=Right person v=[-0.377, -0.388, 0.841] yaw=-24.2 pitch=22.8 cx=510.8088684082031
2025-12-16 16:13:44,038 - INFO - openpose - Gaze PUB: people=2, frame_idx=848
2025-12-16 16:13:44,789 - INFO - openpose - Gaze3D frame=856 id=None label=None v=[-0.326, -0.249, 0.912] yaw=-19.7 pitch=14.4 cx=521.8514099121094
2025-12-16 16:13:44,789 - INFO - openpose - Gaze3D frame=856 id=None label=None v=[-0.359, 0.050, 0.932] yaw=-21.1 pitch=-2.9 cx=273.6555404663086
2025-12-16 16:13:44,789 - INFO - openpose - Gaze PUB: people=2, frame_idx=856
2025-12-16 16:13:45,037 - INFO - openpose - Gaze3D frame=856 id=left label=Left person v=[-0.446, 0.204, 0.871] yaw=-27.1 pitch=-11.8 cx=273.16065216064453
2025-12-16 16:13:45,037 - INFO - openpose - Gaze3D frame=856 id=right label=Right person v=[-0.385, -0.300, 0.873] yaw=-23.8 pitch=17.5 cx=522.1678771972656
2025-12-16 16:13:45,044 - INFO - openpose - Gaze PUB: people=2, frame_idx=856
2025-12-16 16:13:45,736 - INFO - openpose - Gaze3D frame=864 id=None label=None v=[-0.221, -0.413, 0.883] yaw=-14.1 pitch=24.4 cx=519.2120056152344
2025-12-16 16:13:45,737 - INFO - openpose - Gaze3D frame=864 id=None label=None v=[-0.379, 0.215, 0.900] yaw=-22.8 pitch=-12.4 cx=272.44078826904297
2025-12-16 16:13:45,737 - INFO - openpose - Gaze PUB: people=2, frame_idx=864
2025-12-16 16:13:45,965 - INFO - openpose - Gaze3D frame=864 id=left label=Left person v=[-0.367, 0.195, 0.909] yaw=-22.0 pitch=-11.3 cx=272.4986038208008
2025-12-16 16:13:45,966 - INFO - openpose - Gaze3D frame=864 id=right label=Right person v=[-0.130, -0.408, 0.904] yaw=-8.2 pitch=24.1 cx=524.0366973876953
2025-12-16 16:13:45,966 - INFO - openpose - Gaze PUB: people=2, frame_idx=864
2025-12-16 16:13:46,963 - INFO - openpose - Gaze3D frame=872 id=left label=Left person v=[-0.406, -0.029, 0.913] yaw=-24.0 pitch=1.6 cx=272.5877685546875
2025-12-16 16:13:46,963 - INFO - openpose - Gaze3D frame=872 id=right label=Right person v=[-0.224, -0.707, 0.671] yaw=-18.5 pitch=45.0 cx=503.7890930175781
2025-12-16 16:13:46,963 - INFO - openpose - Gaze PUB: people=2, frame_idx=872
2025-12-16 16:13:50,433 - INFO - openpose - Gaze3D frame=880 id=left label=Left person v=[-0.357, 0.307, 0.882] yaw=-22.1 pitch=-17.9 cx=275.3000183105469
2025-12-16 16:13:50,433 - INFO - openpose - Gaze3D frame=880 id=right label=Right person v=[-0.052, -0.836, 0.547] yaw=-5.4 pitch=56.7 cx=499.10206604003906
2025-12-16 16:13:50,433 - INFO - openpose - Gaze PUB: people=2, frame_idx=880
2025-12-16 16:13:51,274 - INFO - openpose - Gaze3D frame=888 id=None label=None v=[-0.048, -0.843, 0.536] yaw=-5.1 pitch=57.5 cx=508.8955078125
2025-12-16 16:13:51,274 - INFO - openpose - Gaze3D frame=888 id=None label=None v=[0.005, 0.741, 0.671] yaw=0.5 pitch=-47.8 cx=305.5345916748047
2025-12-16 16:13:51,274 - INFO - openpose - Gaze PUB: people=2, frame_idx=888
2025-12-16 16:13:51,512 - INFO - openpose - Gaze3D frame=888 id=left label=Left person v=[-0.093, 0.522, 0.848] yaw=-6.2 pitch=-31.5 cx=307.8698425292969
2025-12-16 16:13:51,512 - INFO - openpose - Gaze3D frame=888 id=right label=Right person v=[-0.124, -0.779, 0.614] yaw=-11.4 pitch=51.2 cx=512.2085266113281
2025-12-16 16:13:51,512 - INFO - openpose - Gaze PUB: people=2, frame_idx=888
2025-12-16 16:13:52,212 - INFO - openpose - Gaze3D frame=896 id=left label=Left person v=[-0.196, 0.081, 0.977] yaw=-11.4 pitch=-4.7 cx=287.8041687011719
2025-12-16 16:13:52,212 - INFO - openpose - Gaze3D frame=896 id=right label=Right person v=[-0.340, -0.380, 0.860] yaw=-21.6 pitch=22.3 cx=481.7857971191406
2025-12-16 16:13:52,212 - INFO - openpose - Gaze PUB: people=2, frame_idx=896
2025-12-16 16:13:52,937 - INFO - openpose - Gaze3D frame=904 id=left label=Left person v=[-0.267, 0.223, 0.938] yaw=-15.9 pitch=-12.9 cx=248.43880462646484
2025-12-16 16:13:52,937 - INFO - openpose - Gaze3D frame=904 id=right label=Right person v=[-0.534, -0.188, 0.824] yaw=-33.0 pitch=10.9 cx=446.0089569091797
2025-12-16 16:13:52,937 - INFO - openpose - Gaze PUB: people=2, frame_idx=904
2025-12-16 16:13:53,654 - INFO - openpose - Gaze3D frame=912 id=left label=Left person v=[-0.255, 0.271, 0.928] yaw=-15.4 pitch=-15.8 cx=245.20054626464844
2025-12-16 16:13:53,654 - INFO - openpose - Gaze3D frame=912 id=right label=Right person v=[-0.557, 0.084, 0.827] yaw=-34.0 pitch=-4.8 cx=440.0172576904297
2025-12-16 16:13:53,654 - INFO - openpose - Gaze PUB: people=2, frame_idx=912
2025-12-16 16:13:54,326 - INFO - openpose - Gaze3D frame=920 id=left label=Left person v=[-0.191, -0.057, 0.980] yaw=-11.0 pitch=3.3 cx=252.17799377441406
2025-12-16 16:13:54,326 - INFO - openpose - Gaze3D frame=920 id=right label=Right person v=[-0.210, -0.478, 0.853] yaw=-13.8 pitch=28.6 cx=442.8204040527344
2025-12-16 16:13:54,326 - INFO - openpose - Gaze PUB: people=2, frame_idx=920
2025-12-16 16:13:54,376 - INFO - openpose - ZMQ Message received (non-blocking): Configuration finished
2025-12-16 16:13:54,377 - INFO - openpose - Configuration finished. Waiting for next configuration
2025-12-16 16:13:54,377 - INFO - openpose - OpenPose initialized - waiting for turn_order
