2025-11-14 14:43:09,820 - INFO - openpose - OpenPose server started and bound to tcp://*:5555
2025-11-14 14:43:09,821 - INFO - openpose - OpenPose server started and bound to tcp://*:5556
2025-11-14 14:43:09,834 - INFO - openpose - Starting OpenPose
2025-11-14 14:43:10,774 - INFO - openpose - OpenPose initialized - waiting for turn_order
2025-11-14 14:43:15,062 - INFO - openpose - Message received: ybypbpbpy

2025-11-14 14:43:15,857 - INFO - openpose - Gaze3D frame=0 id=left label=Left person v=[-0.273, -0.416, 0.867] yaw=-17.5 pitch=24.6 cx=160.45917510986328
2025-11-14 14:43:15,857 - INFO - openpose - Gaze3D frame=0 id=right label=Right person v=[-0.220, -0.206, 0.954] yaw=-13.0 pitch=11.9 cx=366.1076354980469
2025-11-14 14:43:15,857 - INFO - openpose - Gaze PUB: people=2, frame_idx=0
2025-11-14 14:43:15,857 - INFO - openpose - Robot's turn detected
2025-11-14 14:43:16,279 - INFO - openpose - Gaze3D frame=4 id=left label=Left person v=[-0.293, -0.022, 0.956] yaw=-17.1 pitch=1.3 cx=163.66207885742188
2025-11-14 14:43:16,279 - INFO - openpose - Gaze3D frame=4 id=right label=Right person v=[-0.140, -0.366, 0.920] yaw=-8.7 pitch=21.5 cx=335.17970275878906
2025-11-14 14:43:16,279 - INFO - openpose - Gaze PUB: people=2, frame_idx=4
2025-11-14 14:43:16,716 - INFO - openpose - Gaze3D frame=8 id=left label=Left person v=[-0.377, 0.041, 0.925] yaw=-22.2 pitch=-2.4 cx=173.717041015625
2025-11-14 14:43:16,716 - INFO - openpose - Gaze3D frame=8 id=right label=Right person v=[-0.308, -0.216, 0.926] yaw=-18.4 pitch=12.5 cx=334.2557830810547
2025-11-14 14:43:16,716 - INFO - openpose - Gaze PUB: people=2, frame_idx=8
2025-11-14 14:43:17,176 - INFO - openpose - Gaze3D frame=12 id=left label=Left person v=[-0.212, -0.646, 0.733] yaw=-16.2 pitch=40.3 cx=178.05696868896484
2025-11-14 14:43:17,176 - INFO - openpose - Gaze3D frame=12 id=right label=Right person v=[-0.196, -0.310, 0.930] yaw=-11.9 pitch=18.0 cx=340.1792297363281
2025-11-14 14:43:17,176 - INFO - openpose - Gaze PUB: people=2, frame_idx=12
2025-11-14 14:43:17,613 - INFO - openpose - Gaze3D frame=16 id=left label=Left person v=[-0.314, -0.395, 0.864] yaw=-20.0 pitch=23.2 cx=178.02655029296875
2025-11-14 14:43:17,613 - INFO - openpose - Gaze3D frame=16 id=right label=Right person v=[-0.163, -0.192, 0.968] yaw=-9.5 pitch=11.1 cx=340.3551483154297
2025-11-14 14:43:17,613 - INFO - openpose - Gaze PUB: people=2, frame_idx=16
2025-11-14 14:43:18,068 - INFO - openpose - Gaze3D frame=20 id=left label=Left person v=[-0.190, -0.155, 0.969] yaw=-11.1 pitch=8.9 cx=164.63330841064453
2025-11-14 14:43:18,068 - INFO - openpose - Gaze3D frame=20 id=right label=Right person v=[-0.045, -0.574, 0.817] yaw=-3.2 pitch=35.1 cx=337.0268249511719
2025-11-14 14:43:18,069 - INFO - openpose - Gaze PUB: people=2, frame_idx=20
2025-11-14 14:43:18,507 - INFO - openpose - Gaze3D frame=24 id=left label=Left person v=[-0.134, -0.638, 0.758] yaw=-10.0 pitch=39.7 cx=149.70067596435547
2025-11-14 14:43:18,507 - INFO - openpose - Gaze3D frame=24 id=right label=Right person v=[-0.059, -0.616, 0.785] yaw=-4.3 pitch=38.0 cx=335.57408142089844
2025-11-14 14:43:18,507 - INFO - openpose - Gaze PUB: people=2, frame_idx=24
2025-11-14 14:43:18,949 - INFO - openpose - Gaze3D frame=28 id=left label=Left person v=[-0.360, -0.659, 0.661] yaw=-28.6 pitch=41.2 cx=149.48550415039062
2025-11-14 14:43:18,949 - INFO - openpose - Gaze3D frame=28 id=right label=Right person v=[-0.137, -0.714, 0.687] yaw=-11.3 pitch=45.6 cx=332.2169494628906
2025-11-14 14:43:18,949 - INFO - openpose - Gaze PUB: people=2, frame_idx=28
2025-11-14 14:43:19,388 - INFO - openpose - Gaze3D frame=32 id=left label=Left person v=[-0.408, -0.409, 0.816] yaw=-26.6 pitch=24.1 cx=155.17632293701172
2025-11-14 14:43:19,388 - INFO - openpose - Gaze3D frame=32 id=right label=Right person v=[-0.182, -0.779, 0.600] yaw=-16.9 pitch=51.2 cx=336.1334533691406
2025-11-14 14:43:19,388 - INFO - openpose - Gaze PUB: people=2, frame_idx=32
2025-11-14 14:43:19,836 - INFO - openpose - Gaze3D frame=36 id=left label=Left person v=[-0.442, -0.420, 0.792] yaw=-29.2 pitch=24.8 cx=157.47915649414062
2025-11-14 14:43:19,836 - INFO - openpose - Gaze3D frame=36 id=right label=Right person v=[-0.094, -0.872, 0.481] yaw=-11.0 pitch=60.6 cx=338.1025695800781
2025-11-14 14:43:19,836 - INFO - openpose - Gaze PUB: people=2, frame_idx=36
2025-11-14 14:43:20,269 - INFO - openpose - Gaze3D frame=40 id=left label=Left person v=[-0.320, -0.394, 0.862] yaw=-20.3 pitch=23.2 cx=158.6514434814453
2025-11-14 14:43:20,269 - INFO - openpose - Gaze3D frame=40 id=right label=Right person v=[-0.121, -0.852, 0.509] yaw=-13.4 pitch=58.4 cx=338.7808837890625
2025-11-14 14:43:20,277 - INFO - openpose - Gaze PUB: people=2, frame_idx=40
2025-11-14 14:43:20,719 - INFO - openpose - Gaze3D frame=44 id=left label=Left person v=[-0.430, -0.241, 0.870] yaw=-26.3 pitch=13.9 cx=159.32344818115234
2025-11-14 14:43:20,720 - INFO - openpose - Gaze3D frame=44 id=right label=Right person v=[-0.162, -0.777, 0.609] yaw=-14.9 pitch=51.0 cx=339.72560119628906
2025-11-14 14:43:20,720 - INFO - openpose - Gaze PUB: people=2, frame_idx=44
2025-11-14 14:43:21,170 - INFO - openpose - Gaze3D frame=48 id=left label=Left person v=[-0.359, -0.134, 0.924] yaw=-21.2 pitch=7.7 cx=158.64694213867188
2025-11-14 14:43:21,170 - INFO - openpose - Gaze3D frame=48 id=right label=Right person v=[-0.128, -0.828, 0.546] yaw=-13.2 pitch=55.9 cx=337.259033203125
2025-11-14 14:43:21,170 - INFO - openpose - Gaze PUB: people=2, frame_idx=48
2025-11-14 14:43:21,628 - INFO - openpose - Gaze3D frame=52 id=left label=Left person v=[-0.215, 0.199, 0.956] yaw=-12.7 pitch=-11.5 cx=161.92669677734375
2025-11-14 14:43:21,628 - INFO - openpose - Gaze3D frame=52 id=right label=Right person v=[-0.124, -0.746, 0.654] yaw=-10.8 pitch=48.3 cx=336.5824737548828
2025-11-14 14:43:21,628 - INFO - openpose - Gaze PUB: people=2, frame_idx=52
2025-11-14 14:43:22,063 - INFO - openpose - Gaze3D frame=56 id=left label=Left person v=[-0.292, 0.237, 0.927] yaw=-17.5 pitch=-13.7 cx=163.76968383789062
2025-11-14 14:43:22,063 - INFO - openpose - Gaze3D frame=56 id=right label=Right person v=[-0.112, -0.787, 0.607] yaw=-10.4 pitch=51.9 cx=339.5374298095703
2025-11-14 14:43:22,063 - INFO - openpose - Gaze PUB: people=2, frame_idx=56
2025-11-14 14:43:22,507 - INFO - openpose - Gaze3D frame=60 id=left label=Left person v=[-0.247, 0.105, 0.963] yaw=-14.4 pitch=-6.0 cx=164.68221282958984
2025-11-14 14:43:22,508 - INFO - openpose - Gaze3D frame=60 id=right label=Right person v=[-0.181, -0.499, 0.847] yaw=-12.1 pitch=29.9 cx=346.8748779296875
2025-11-14 14:43:22,508 - INFO - openpose - Gaze PUB: people=2, frame_idx=60
2025-11-14 14:43:22,968 - INFO - openpose - Gaze3D frame=64 id=left label=Left person v=[-0.210, 0.357, 0.910] yaw=-13.0 pitch=-20.9 cx=167.8335189819336
2025-11-14 14:43:22,968 - INFO - openpose - Gaze3D frame=64 id=right label=Right person v=[-0.215, -0.278, 0.936] yaw=-12.9 pitch=16.2 cx=367.1800842285156
2025-11-14 14:43:22,968 - INFO - openpose - Gaze PUB: people=2, frame_idx=64
2025-11-14 14:43:23,417 - INFO - openpose - Gaze3D frame=68 id=left label=Left person v=[-0.226, 0.444, 0.867] yaw=-14.6 pitch=-26.4 cx=169.87428283691406
2025-11-14 14:43:23,417 - INFO - openpose - Gaze3D frame=68 id=right label=Right person v=[-0.239, 0.065, 0.969] yaw=-13.9 pitch=-3.7 cx=376.4276580810547
2025-11-14 14:43:23,418 - INFO - openpose - Gaze PUB: people=2, frame_idx=68
2025-11-14 14:43:23,866 - INFO - openpose - Gaze3D frame=72 id=left label=Left person v=[0.106, 0.096, 0.990] yaw=6.1 pitch=-5.5 cx=169.515625
2025-11-14 14:43:23,866 - INFO - openpose - Gaze3D frame=72 id=right label=Right person v=[-0.267, -0.077, 0.961] yaw=-15.6 pitch=4.4 cx=376.8478546142578
2025-11-14 14:43:23,866 - INFO - openpose - Gaze PUB: people=2, frame_idx=72
2025-11-14 14:43:24,303 - INFO - openpose - Gaze3D frame=76 id=left label=Left person v=[-0.167, 0.186, 0.968] yaw=-9.8 pitch=-10.7 cx=169.5821762084961
2025-11-14 14:43:24,303 - INFO - openpose - Gaze3D frame=76 id=right label=Right person v=[-0.486, -0.278, 0.828] yaw=-30.4 pitch=16.1 cx=375.4569549560547
2025-11-14 14:43:24,303 - INFO - openpose - Gaze PUB: people=2, frame_idx=76
2025-11-14 14:43:24,743 - INFO - openpose - Gaze3D frame=80 id=left label=Left person v=[-0.305, 0.044, 0.951] yaw=-17.7 pitch=-2.5 cx=170.0360336303711
2025-11-14 14:43:24,744 - INFO - openpose - Gaze3D frame=80 id=right label=Right person v=[-0.416, -0.325, 0.849] yaw=-26.1 pitch=19.0 cx=371.1605224609375
2025-11-14 14:43:24,744 - INFO - openpose - Gaze PUB: people=2, frame_idx=80
2025-11-14 14:43:25,176 - INFO - openpose - Gaze3D frame=84 id=left label=Left person v=[-0.339, 0.089, 0.936] yaw=-19.9 pitch=-5.1 cx=170.5016326904297
2025-11-14 14:43:25,176 - INFO - openpose - Gaze3D frame=84 id=right label=Right person v=[-0.379, -0.327, 0.866] yaw=-23.7 pitch=19.1 cx=371.4340362548828
2025-11-14 14:43:25,176 - INFO - openpose - Gaze PUB: people=2, frame_idx=84
2025-11-14 14:43:25,856 - INFO - openpose - Gaze3D frame=88 id=left label=Left person v=[-0.326, 0.189, 0.926] yaw=-19.4 pitch=-10.9 cx=170.50607299804688
2025-11-14 14:43:25,856 - INFO - openpose - Gaze3D frame=88 id=right label=Right person v=[-0.309, -0.260, 0.915] yaw=-18.7 pitch=15.1 cx=371.0128631591797
2025-11-14 14:43:25,863 - INFO - openpose - Gaze PUB: people=2, frame_idx=88
2025-11-14 14:43:26,308 - INFO - openpose - Gaze3D frame=92 id=left label=Left person v=[-0.363, 0.242, 0.900] yaw=-22.0 pitch=-14.0 cx=167.3851089477539
2025-11-14 14:43:26,308 - INFO - openpose - Gaze3D frame=92 id=right label=Right person v=[-0.391, -0.329, 0.860] yaw=-24.4 pitch=19.2 cx=371.1745910644531
2025-11-14 14:43:26,309 - INFO - openpose - Gaze PUB: people=2, frame_idx=92
2025-11-14 14:43:26,754 - INFO - openpose - Gaze3D frame=96 id=None label=None v=[-0.353, 0.170, 0.920] yaw=-21.0 pitch=-9.8 cx=159.1560287475586
2025-11-14 14:43:26,754 - INFO - openpose - Gaze3D frame=96 id=None label=None v=[-0.344, -0.655, 0.673] yaw=-27.1 pitch=40.9 cx=369.6490783691406
2025-11-14 14:43:26,754 - INFO - openpose - Gaze PUB: people=2, frame_idx=96
2025-11-14 14:43:26,984 - INFO - openpose - Gaze3D frame=96 id=left label=Left person v=[-0.381, 0.259, 0.887] yaw=-23.3 pitch=-15.0 cx=147.95261764526367
2025-11-14 14:43:26,984 - INFO - openpose - Gaze3D frame=96 id=right label=Right person v=[-0.360, -0.694, 0.624] yaw=-30.0 pitch=43.9 cx=366.62168884277344
2025-11-14 14:43:26,984 - INFO - openpose - Gaze PUB: people=2, frame_idx=96
2025-11-14 14:43:27,408 - INFO - openpose - Gaze3D frame=100 id=left label=Left person v=[-0.411, 0.286, 0.866] yaw=-25.4 pitch=-16.6 cx=119.114013671875
2025-11-14 14:43:27,408 - INFO - openpose - Gaze3D frame=100 id=right label=Right person v=[-0.161, -0.722, 0.673] yaw=-13.5 pitch=46.2 cx=364.1623840332031
2025-11-14 14:43:27,408 - INFO - openpose - Gaze PUB: people=2, frame_idx=100
2025-11-14 14:43:27,822 - INFO - openpose - Gaze3D frame=104 id=None label=None v=[-0.434, 0.209, 0.876] yaw=-26.3 pitch=-12.1 cx=121.42131805419922
2025-11-14 14:43:27,823 - INFO - openpose - Gaze3D frame=104 id=None label=None v=[-0.206, -0.716, 0.667] yaw=-17.2 pitch=45.7 cx=364.02244567871094
2025-11-14 14:43:27,823 - INFO - openpose - Gaze PUB: people=2, frame_idx=104
2025-11-14 14:43:28,083 - INFO - openpose - Gaze3D frame=104 id=left label=Left person v=[-0.549, 0.082, 0.832] yaw=-33.4 pitch=-4.7 cx=134.99356842041016
2025-11-14 14:43:28,083 - INFO - openpose - Gaze3D frame=104 id=right label=Right person v=[-0.245, -0.637, 0.731] yaw=-18.6 pitch=39.6 cx=365.07142639160156
2025-11-14 14:43:28,083 - INFO - openpose - Gaze PUB: people=2, frame_idx=104
2025-11-14 14:43:28,537 - INFO - openpose - Gaze3D frame=108 id=left label=Left person v=[-0.562, -0.091, 0.822] yaw=-34.4 pitch=5.2 cx=164.93328094482422
2025-11-14 14:43:28,537 - INFO - openpose - Gaze3D frame=108 id=right label=Right person v=[-0.319, -0.442, 0.839] yaw=-20.8 pitch=26.2 cx=369.5700988769531
2025-11-14 14:43:28,537 - INFO - openpose - Gaze PUB: people=2, frame_idx=108
2025-11-14 14:43:28,939 - INFO - openpose - Gaze3D frame=112 id=left label=Left person v=[-0.289, -0.784, 0.549] yaw=-27.8 pitch=51.7 cx=165.59873962402344
2025-11-14 14:43:28,939 - INFO - openpose - Gaze3D frame=112 id=right label=Right person v=[-0.284, -0.263, 0.922] yaw=-17.1 pitch=15.3 cx=373.42881774902344
2025-11-14 14:43:28,939 - INFO - openpose - Gaze PUB: people=2, frame_idx=112
2025-11-14 14:43:29,383 - INFO - openpose - Gaze3D frame=116 id=left label=Left person v=[-0.172, -0.733, 0.659] yaw=-14.6 pitch=47.1 cx=157.19287872314453
2025-11-14 14:43:29,383 - INFO - openpose - Gaze3D frame=116 id=right label=Right person v=[-0.361, -0.292, 0.886] yaw=-22.2 pitch=17.0 cx=373.68885803222656
2025-11-14 14:43:29,383 - INFO - openpose - Gaze PUB: people=2, frame_idx=116
2025-11-14 14:43:29,851 - INFO - openpose - Gaze3D frame=120 id=left label=Left person v=[-0.117, -0.733, 0.670] yaw=-9.9 pitch=47.2 cx=153.80884552001953
2025-11-14 14:43:29,851 - INFO - openpose - Gaze3D frame=120 id=right label=Right person v=[-0.247, -0.311, 0.918] yaw=-15.0 pitch=18.1 cx=371.89263916015625
2025-11-14 14:43:29,852 - INFO - openpose - Gaze PUB: people=2, frame_idx=120
2025-11-14 14:43:30,290 - INFO - openpose - Gaze3D frame=124 id=left label=Left person v=[-0.239, -0.748, 0.619] yaw=-21.1 pitch=48.4 cx=152.80648040771484
2025-11-14 14:43:30,290 - INFO - openpose - Gaze3D frame=124 id=right label=Right person v=[-0.087, -0.824, 0.559] yaw=-8.8 pitch=55.5 cx=358.8246612548828
2025-11-14 14:43:30,291 - INFO - openpose - Gaze PUB: people=2, frame_idx=124
2025-11-14 14:43:30,737 - INFO - openpose - Gaze3D frame=128 id=left label=Left person v=[-0.160, -0.817, 0.553] yaw=-16.2 pitch=54.8 cx=152.45840454101562
2025-11-14 14:43:30,737 - INFO - openpose - Gaze3D frame=128 id=right label=Right person v=[-0.118, -0.773, 0.623] yaw=-10.7 pitch=50.7 cx=356.9014587402344
2025-11-14 14:43:30,737 - INFO - openpose - Gaze PUB: people=2, frame_idx=128
2025-11-14 14:43:31,154 - INFO - openpose - Gaze3D frame=132 id=left label=Left person v=[-0.461, -0.131, 0.878] yaw=-27.7 pitch=7.5 cx=156.18426513671875
2025-11-14 14:43:31,154 - INFO - openpose - Gaze3D frame=132 id=right label=Right person v=[-0.096, -0.694, 0.714] yaw=-7.7 pitch=43.9 cx=356.79730224609375
2025-11-14 14:43:31,162 - INFO - openpose - Gaze PUB: people=2, frame_idx=132
2025-11-14 14:43:31,610 - INFO - openpose - Gaze3D frame=136 id=left label=Left person v=[-0.462, -0.210, 0.862] yaw=-28.2 pitch=12.1 cx=146.9566421508789
2025-11-14 14:43:31,610 - INFO - openpose - Gaze3D frame=136 id=right label=Right person v=[-0.058, -0.762, 0.645] yaw=-5.1 pitch=49.6 cx=370.3818817138672
2025-11-14 14:43:31,610 - INFO - openpose - Gaze PUB: people=2, frame_idx=136
2025-11-14 14:43:32,040 - INFO - openpose - Gaze3D frame=140 id=left label=Left person v=[-0.510, -0.354, 0.784] yaw=-33.1 pitch=20.7 cx=132.35330200195312
2025-11-14 14:43:32,040 - INFO - openpose - Gaze3D frame=140 id=right label=Right person v=[-0.111, -0.855, 0.507] yaw=-12.3 pitch=58.8 cx=381.5159606933594
2025-11-14 14:43:32,040 - INFO - openpose - Gaze PUB: people=2, frame_idx=140
2025-11-14 14:43:32,479 - INFO - openpose - Gaze3D frame=144 id=left label=Left person v=[-0.347, -0.431, 0.833] yaw=-22.6 pitch=25.5 cx=135.62578964233398
2025-11-14 14:43:32,479 - INFO - openpose - Gaze3D frame=144 id=right label=Right person v=[-0.100, -0.813, 0.574] yaw=-9.9 pitch=54.4 cx=384.8691101074219
2025-11-14 14:43:32,479 - INFO - openpose - Gaze PUB: people=2, frame_idx=144
2025-11-14 14:43:32,924 - INFO - openpose - Gaze3D frame=148 id=left label=Left person v=[-0.426, -0.270, 0.863] yaw=-26.3 pitch=15.7 cx=159.80757904052734
2025-11-14 14:43:32,924 - INFO - openpose - Gaze3D frame=148 id=right label=Right person v=[-0.125, -0.767, 0.630] yaw=-11.2 pitch=50.0 cx=388.1974334716797
2025-11-14 14:43:32,924 - INFO - openpose - Gaze PUB: people=2, frame_idx=148
2025-11-14 14:43:33,390 - INFO - openpose - Gaze3D frame=152 id=left label=Left person v=[-0.287, -0.479, 0.829] yaw=-19.1 pitch=28.7 cx=140.61708068847656
2025-11-14 14:43:33,390 - INFO - openpose - Gaze3D frame=152 id=right label=Right person v=[-0.116, -0.810, 0.576] yaw=-11.4 pitch=54.1 cx=388.2118835449219
2025-11-14 14:43:33,390 - INFO - openpose - Gaze PUB: people=2, frame_idx=152
2025-11-14 14:43:33,855 - INFO - openpose - Gaze3D frame=156 id=left label=Left person v=[-0.211, -0.824, 0.526] yaw=-21.9 pitch=55.5 cx=126.02424240112305
2025-11-14 14:43:33,855 - INFO - openpose - Gaze3D frame=156 id=right label=Right person v=[-0.048, -0.801, 0.596] yaw=-4.6 pitch=53.2 cx=392.10911560058594
2025-11-14 14:43:33,855 - INFO - openpose - Gaze PUB: people=2, frame_idx=156
2025-11-14 14:43:34,276 - INFO - openpose - Gaze3D frame=160 id=left label=Left person v=[-0.163, -0.914, 0.371] yaw=-23.8 pitch=66.1 cx=61.18599510192871
2025-11-14 14:43:34,276 - INFO - openpose - Gaze3D frame=160 id=right label=Right person v=[-0.064, -0.775, 0.629] yaw=-5.8 pitch=50.8 cx=393.6656188964844
2025-11-14 14:43:34,277 - INFO - openpose - Gaze PUB: people=2, frame_idx=160
2025-11-14 14:43:34,700 - INFO - openpose - Gaze3D frame=164 id=None label=None v=[-0.161, -0.639, 0.752] yaw=-12.1 pitch=39.7 cx=372.74993896484375
2025-11-14 14:43:34,700 - INFO - openpose - Gaze PUB: people=1, frame_idx=164
2025-11-14 14:43:34,875 - INFO - openpose - Gaze3D frame=164 id=None label=None v=[-0.133, -0.625, 0.769] yaw=-9.8 pitch=38.7 cx=356.37481689453125
2025-11-14 14:43:34,875 - INFO - openpose - Gaze PUB: people=1, frame_idx=164
2025-11-14 14:43:35,060 - INFO - openpose - Gaze3D frame=164 id=None label=None v=[-0.180, -0.787, 0.590] yaw=-17.0 pitch=51.9 cx=335.2489929199219
2025-11-14 14:43:35,060 - INFO - openpose - Gaze PUB: people=1, frame_idx=164
2025-11-14 14:43:35,258 - INFO - openpose - Gaze3D frame=164 id=None label=None v=[-0.123, -0.703, 0.700] yaw=-10.0 pitch=44.7 cx=318.13133239746094
2025-11-14 14:43:35,258 - INFO - openpose - Gaze PUB: people=1, frame_idx=164
2025-11-14 14:43:35,430 - INFO - openpose - Gaze3D frame=164 id=None label=None v=[-0.190, -0.757, 0.625] yaw=-16.9 pitch=49.2 cx=299.80072021484375
2025-11-14 14:43:35,430 - INFO - openpose - Gaze PUB: people=1, frame_idx=164
2025-11-14 14:43:35,608 - INFO - openpose - Gaze3D frame=164 id=None label=None v=[-0.291, -0.684, 0.668] yaw=-23.6 pitch=43.2 cx=295.55224609375
2025-11-14 14:43:35,608 - INFO - openpose - Gaze PUB: people=1, frame_idx=164
2025-11-14 14:43:35,781 - INFO - openpose - Gaze3D frame=164 id=None label=None v=[-0.169, -0.587, 0.792] yaw=-12.0 pitch=35.9 cx=290.60289001464844
2025-11-14 14:43:35,781 - INFO - openpose - Gaze PUB: people=1, frame_idx=164
2025-11-14 14:43:35,958 - INFO - openpose - Gaze3D frame=164 id=None label=None v=[-0.165, -0.716, 0.679] yaw=-13.7 pitch=45.7 cx=282.97962951660156
2025-11-14 14:43:35,958 - INFO - openpose - Gaze PUB: people=1, frame_idx=164
2025-11-14 14:43:36,145 - INFO - openpose - Gaze3D frame=164 id=None label=None v=[-0.277, -0.677, 0.681] yaw=-22.1 pitch=42.6 cx=271.40995025634766
2025-11-14 14:43:36,145 - INFO - openpose - Gaze PUB: people=1, frame_idx=164
2025-11-14 14:43:36,325 - INFO - openpose - Gaze3D frame=164 id=None label=None v=[-0.190, -0.497, 0.847] yaw=-12.7 pitch=29.8 cx=254.74059295654297
2025-11-14 14:43:36,325 - INFO - openpose - Gaze PUB: people=1, frame_idx=164
2025-11-14 14:43:36,521 - INFO - openpose - Gaze3D frame=164 id=None label=None v=[-0.224, -0.581, 0.783] yaw=-16.0 pitch=35.5 cx=233.92718505859375
2025-11-14 14:43:36,521 - INFO - openpose - Gaze PUB: people=1, frame_idx=164
2025-11-14 14:43:36,714 - INFO - openpose - Gaze3D frame=164 id=None label=None v=[-0.257, -0.465, 0.847] yaw=-16.9 pitch=27.7 cx=204.99693298339844
2025-11-14 14:43:36,714 - INFO - openpose - Gaze PUB: people=1, frame_idx=164
2025-11-14 14:43:36,892 - INFO - openpose - Gaze3D frame=164 id=None label=None v=[-0.326, -0.507, 0.798] yaw=-22.2 pitch=30.5 cx=183.91947174072266
2025-11-14 14:43:36,892 - INFO - openpose - Gaze PUB: people=1, frame_idx=164
2025-11-14 14:43:37,079 - INFO - openpose - Gaze3D frame=164 id=None label=None v=[-0.410, -0.319, 0.854] yaw=-25.6 pitch=18.6 cx=165.5055389404297
2025-11-14 14:43:37,080 - INFO - openpose - Gaze PUB: people=1, frame_idx=164
2025-11-14 14:43:37,250 - INFO - openpose - Gaze3D frame=164 id=None label=None v=[-0.281, -0.116, 0.953] yaw=-16.4 pitch=6.7 cx=145.8549041748047
2025-11-14 14:43:37,250 - INFO - openpose - Gaze PUB: people=1, frame_idx=164
2025-11-14 14:43:37,429 - INFO - openpose - Gaze3D frame=164 id=None label=None v=[-0.325, 0.244, 0.914] yaw=-19.6 pitch=-14.1 cx=127.0570297241211
2025-11-14 14:43:37,429 - INFO - openpose - Gaze PUB: people=1, frame_idx=164
2025-11-14 14:43:37,605 - INFO - openpose - Gaze3D frame=164 id=None label=None v=[-0.451, 0.043, 0.892] yaw=-26.8 pitch=-2.5 cx=109.52804565429688
2025-11-14 14:43:37,605 - INFO - openpose - Gaze PUB: people=1, frame_idx=164
2025-11-14 14:43:37,769 - INFO - openpose - Gaze3D frame=164 id=None label=None v=[-0.568, 0.089, 0.818] yaw=-34.8 pitch=-5.1 cx=98.47608184814453
2025-11-14 14:43:37,769 - INFO - openpose - Gaze PUB: people=1, frame_idx=164
2025-11-14 14:43:37,950 - INFO - openpose - Gaze3D frame=164 id=None label=None v=[-0.505, 0.312, 0.805] yaw=-32.1 pitch=-18.2 cx=97.76814651489258
2025-11-14 14:43:37,950 - INFO - openpose - Gaze PUB: people=1, frame_idx=164
2025-11-14 14:43:38,123 - INFO - openpose - Gaze3D frame=164 id=None label=None v=[-0.397, 0.342, 0.852] yaw=-25.0 pitch=-20.0 cx=101.93953323364258
2025-11-14 14:43:38,123 - INFO - openpose - Gaze PUB: people=1, frame_idx=164
2025-11-14 14:43:38,306 - INFO - openpose - Gaze3D frame=164 id=None label=None v=[-0.461, 0.366, 0.809] yaw=-29.7 pitch=-21.5 cx=107.01617050170898
2025-11-14 14:43:38,306 - INFO - openpose - Gaze PUB: people=1, frame_idx=164
2025-11-14 14:43:38,488 - INFO - openpose - Gaze3D frame=164 id=None label=None v=[-0.399, 0.513, 0.760] yaw=-27.7 pitch=-30.9 cx=112.7275505065918
2025-11-14 14:43:38,488 - INFO - openpose - Gaze PUB: people=1, frame_idx=164
2025-11-14 14:43:38,677 - INFO - openpose - Gaze3D frame=164 id=None label=None v=[-0.501, 0.299, 0.812] yaw=-31.7 pitch=-17.4 cx=120.0501480102539
2025-11-14 14:43:38,678 - INFO - openpose - Gaze PUB: people=1, frame_idx=164
2025-11-14 14:43:38,850 - INFO - openpose - Gaze3D frame=164 id=None label=None v=[-0.308, 0.463, 0.831] yaw=-20.3 pitch=-27.6 cx=129.2070541381836
2025-11-14 14:43:38,850 - INFO - openpose - Gaze PUB: people=1, frame_idx=164
2025-11-14 14:43:39,027 - INFO - openpose - Gaze3D frame=164 id=None label=None v=[-0.462, 0.408, 0.788] yaw=-30.4 pitch=-24.1 cx=137.20674896240234
2025-11-14 14:43:39,027 - INFO - openpose - Gaze PUB: people=1, frame_idx=164
2025-11-14 14:43:39,214 - INFO - openpose - Gaze3D frame=164 id=None label=None v=[-0.404, 0.351, 0.844] yaw=-25.6 pitch=-20.6 cx=142.2349967956543
2025-11-14 14:43:39,214 - INFO - openpose - Gaze PUB: people=1, frame_idx=164
2025-11-14 14:43:39,388 - INFO - openpose - Gaze3D frame=164 id=None label=None v=[-0.309, 0.591, 0.745] yaw=-22.5 pitch=-36.2 cx=143.9124298095703
2025-11-14 14:43:39,388 - INFO - openpose - Gaze PUB: people=1, frame_idx=164
2025-11-14 14:43:39,566 - INFO - openpose - Gaze3D frame=164 id=None label=None v=[-0.355, 0.485, 0.799] yaw=-23.9 pitch=-29.0 cx=142.75946044921875
2025-11-14 14:43:39,566 - INFO - openpose - Gaze PUB: people=1, frame_idx=164
2025-11-14 14:43:39,753 - INFO - openpose - Gaze3D frame=164 id=None label=None v=[-0.462, 0.260, 0.848] yaw=-28.6 pitch=-15.1 cx=141.5036964416504
2025-11-14 14:43:39,754 - INFO - openpose - Gaze PUB: people=1, frame_idx=164
2025-11-14 14:43:39,936 - INFO - openpose - Gaze3D frame=164 id=None label=None v=[-0.484, 0.010, 0.875] yaw=-29.0 pitch=-0.6 cx=139.76480102539062
2025-11-14 14:43:39,936 - INFO - openpose - Gaze PUB: people=1, frame_idx=164
2025-11-14 14:43:40,110 - INFO - openpose - Gaze3D frame=164 id=None label=None v=[-0.436, -0.003, 0.900] yaw=-25.8 pitch=0.2 cx=136.61219024658203
2025-11-14 14:43:40,110 - INFO - openpose - Gaze PUB: people=1, frame_idx=164
2025-11-14 14:43:40,302 - INFO - openpose - Gaze3D frame=164 id=None label=None v=[-0.488, 0.133, 0.862] yaw=-29.5 pitch=-7.6 cx=133.95499420166016
2025-11-14 14:43:40,302 - INFO - openpose - Gaze PUB: people=1, frame_idx=164
2025-11-14 14:43:40,496 - INFO - openpose - Gaze3D frame=164 id=None label=None v=[-0.450, 0.033, 0.893] yaw=-26.7 pitch=-1.9 cx=132.9024658203125
2025-11-14 14:43:40,496 - INFO - openpose - Gaze PUB: people=1, frame_idx=164
2025-11-14 14:43:40,689 - INFO - openpose - Gaze3D frame=164 id=None label=None v=[-0.606, 0.088, 0.791] yaw=-37.4 pitch=-5.1 cx=132.17500686645508
2025-11-14 14:43:40,689 - INFO - openpose - Gaze PUB: people=1, frame_idx=164
2025-11-14 14:43:40,866 - INFO - openpose - Gaze3D frame=164 id=None label=None v=[-0.547, 0.090, 0.832] yaw=-33.3 pitch=-5.2 cx=132.4775619506836
2025-11-14 14:43:40,866 - INFO - openpose - Gaze PUB: people=1, frame_idx=164
2025-11-14 14:43:41,048 - INFO - openpose - Gaze3D frame=164 id=None label=None v=[-0.449, 0.457, 0.768] yaw=-30.3 pitch=-27.2 cx=133.59765625
2025-11-14 14:43:41,048 - INFO - openpose - Gaze PUB: people=1, frame_idx=164
2025-11-14 14:43:41,232 - INFO - openpose - Gaze3D frame=164 id=None label=None v=[-0.625, 0.112, 0.773] yaw=-38.9 pitch=-6.4 cx=135.10250091552734
2025-11-14 14:43:41,233 - INFO - openpose - Gaze PUB: people=1, frame_idx=164
2025-11-14 14:43:41,420 - INFO - openpose - Gaze3D frame=164 id=None label=None v=[-0.519, -0.164, 0.839] yaw=-31.7 pitch=9.5 cx=133.2976531982422
2025-11-14 14:43:41,420 - INFO - openpose - Gaze PUB: people=1, frame_idx=164
2025-11-14 14:43:41,603 - INFO - openpose - Gaze3D frame=164 id=None label=None v=[-0.454, 0.093, 0.886] yaw=-27.1 pitch=-5.3 cx=131.24722290039062
2025-11-14 14:43:41,603 - INFO - openpose - Gaze PUB: people=1, frame_idx=164
2025-11-14 14:43:41,787 - INFO - openpose - Gaze3D frame=164 id=None label=None v=[-0.583, 0.087, 0.808] yaw=-35.8 pitch=-5.0 cx=133.48187255859375
2025-11-14 14:43:41,788 - INFO - openpose - Gaze PUB: people=1, frame_idx=164
2025-11-14 14:43:41,959 - INFO - openpose - Gaze3D frame=164 id=None label=None v=[-0.522, 0.260, 0.812] yaw=-32.7 pitch=-15.1 cx=139.16232681274414
2025-11-14 14:43:41,959 - INFO - openpose - Gaze PUB: people=1, frame_idx=164
2025-11-14 14:43:42,134 - INFO - openpose - Gaze3D frame=164 id=None label=None v=[-0.621, 0.097, 0.777] yaw=-38.6 pitch=-5.6 cx=142.70860290527344
2025-11-14 14:43:42,134 - INFO - openpose - Gaze PUB: people=1, frame_idx=164
2025-11-14 14:43:42,318 - INFO - openpose - Gaze3D frame=164 id=None label=None v=[-0.655, 0.072, 0.752] yaw=-41.1 pitch=-4.1 cx=146.66392517089844
2025-11-14 14:43:42,318 - INFO - openpose - Gaze PUB: people=1, frame_idx=164
2025-11-14 14:43:42,497 - INFO - openpose - Gaze3D frame=164 id=None label=None v=[-0.497, -0.338, 0.800] yaw=-31.9 pitch=19.7 cx=149.0818977355957
2025-11-14 14:43:42,497 - INFO - openpose - Gaze PUB: people=1, frame_idx=164
2025-11-14 14:43:42,674 - INFO - openpose - Gaze3D frame=164 id=None label=None v=[-0.475, -0.162, 0.865] yaw=-28.7 pitch=9.3 cx=150.83618927001953
2025-11-14 14:43:42,674 - INFO - openpose - Gaze PUB: people=1, frame_idx=164
2025-11-14 14:43:42,870 - INFO - openpose - Gaze3D frame=164 id=None label=None v=[-0.543, -0.066, 0.837] yaw=-32.9 pitch=3.8 cx=153.0934066772461
2025-11-14 14:43:42,871 - INFO - openpose - Gaze PUB: people=1, frame_idx=164
2025-11-14 14:43:43,060 - INFO - openpose - Gaze3D frame=164 id=None label=None v=[-0.353, 0.045, 0.934] yaw=-20.7 pitch=-2.6 cx=154.1104278564453
2025-11-14 14:43:43,060 - INFO - openpose - Gaze PUB: people=1, frame_idx=164
2025-11-14 14:43:43,244 - INFO - openpose - Gaze3D frame=164 id=None label=None v=[-0.497, -0.239, 0.834] yaw=-30.8 pitch=13.8 cx=152.7009048461914
2025-11-14 14:43:43,244 - INFO - openpose - Gaze PUB: people=1, frame_idx=164
2025-11-14 14:43:43,422 - INFO - openpose - Gaze3D frame=164 id=None label=None v=[-0.542, -0.190, 0.819] yaw=-33.5 pitch=11.0 cx=148.28835678100586
2025-11-14 14:43:43,422 - INFO - openpose - Gaze PUB: people=1, frame_idx=164
2025-11-14 14:43:43,606 - INFO - openpose - Gaze3D frame=164 id=None label=None v=[-0.468, -0.390, 0.793] yaw=-30.6 pitch=23.0 cx=146.5894012451172
2025-11-14 14:43:43,607 - INFO - openpose - Gaze PUB: people=1, frame_idx=164
2025-11-14 14:43:43,791 - INFO - openpose - Gaze3D frame=164 id=None label=None v=[-0.495, -0.452, 0.743] yaw=-33.7 pitch=26.9 cx=146.534912109375
2025-11-14 14:43:43,792 - INFO - openpose - Gaze PUB: people=1, frame_idx=164
2025-11-14 14:43:43,967 - INFO - openpose - Gaze3D frame=164 id=None label=None v=[-0.448, 0.290, 0.845] yaw=-27.9 pitch=-16.9 cx=151.3788070678711
2025-11-14 14:43:43,967 - INFO - openpose - Gaze PUB: people=1, frame_idx=164
2025-11-14 14:43:44,147 - INFO - openpose - Gaze3D frame=164 id=None label=None v=[-0.297, 0.016, 0.955] yaw=-17.3 pitch=-0.9 cx=154.74330139160156
2025-11-14 14:43:44,147 - INFO - openpose - Gaze PUB: people=1, frame_idx=164
2025-11-14 14:43:44,328 - INFO - openpose - Gaze3D frame=164 id=None label=None v=[-0.489, 0.061, 0.870] yaw=-29.3 pitch=-3.5 cx=155.1345443725586
2025-11-14 14:43:44,328 - INFO - openpose - Gaze PUB: people=1, frame_idx=164
2025-11-14 14:43:44,496 - INFO - openpose - Gaze3D frame=164 id=None label=None v=[-0.341, -0.581, 0.739] yaw=-24.8 pitch=35.5 cx=155.9358673095703
2025-11-14 14:43:44,496 - INFO - openpose - Gaze PUB: people=1, frame_idx=164
2025-11-14 14:43:44,686 - INFO - openpose - Gaze3D frame=164 id=None label=None v=[-0.490, -0.313, 0.814] yaw=-31.1 pitch=18.3 cx=156.16180419921875
2025-11-14 14:43:44,686 - INFO - openpose - Gaze PUB: people=1, frame_idx=164
2025-11-14 14:43:44,866 - INFO - openpose - Gaze3D frame=164 id=None label=None v=[-0.313, -0.267, 0.911] yaw=-19.0 pitch=15.5 cx=154.43975067138672
2025-11-14 14:43:44,867 - INFO - openpose - Gaze PUB: people=1, frame_idx=164
2025-11-14 14:43:45,132 - INFO - openpose - Gaze3D frame=164 id=None label=None v=[-0.422, -0.250, 0.871] yaw=-25.8 pitch=14.5 cx=153.8328628540039
2025-11-14 14:43:45,132 - INFO - openpose - Gaze3D frame=164 id=None label=None v=[-0.444, -0.078, 0.893] yaw=-26.5 pitch=4.5 cx=143.03342819213867
2025-11-14 14:43:45,132 - INFO - openpose - Gaze PUB: people=2, frame_idx=164
2025-11-14 14:43:45,310 - INFO - openpose - Gaze3D frame=164 id=None label=None v=[-0.439, -0.155, 0.885] yaw=-26.4 pitch=8.9 cx=153.36485290527344
2025-11-14 14:43:45,310 - INFO - openpose - Gaze PUB: people=1, frame_idx=164
2025-11-14 14:43:45,489 - INFO - openpose - Gaze3D frame=164 id=None label=None v=[-0.357, -0.049, 0.933] yaw=-20.9 pitch=2.8 cx=153.39026641845703
2025-11-14 14:43:45,489 - INFO - openpose - Gaze PUB: people=1, frame_idx=164
2025-11-14 14:43:45,678 - INFO - openpose - Gaze3D frame=164 id=None label=None v=[-0.352, 0.037, 0.935] yaw=-20.6 pitch=-2.1 cx=153.76406860351562
2025-11-14 14:43:45,679 - INFO - openpose - Gaze PUB: people=1, frame_idx=164
2025-11-14 14:43:45,881 - INFO - openpose - Gaze3D frame=164 id=None label=None v=[-0.498, -0.179, 0.849] yaw=-30.4 pitch=10.3 cx=153.7254180908203
2025-11-14 14:43:45,881 - INFO - openpose - Gaze PUB: people=1, frame_idx=164
2025-11-14 14:43:46,065 - INFO - openpose - Gaze3D frame=164 id=None label=None v=[-0.505, -0.491, 0.710] yaw=-35.4 pitch=29.4 cx=153.4737777709961
2025-11-14 14:43:46,065 - INFO - openpose - Gaze PUB: people=1, frame_idx=164
2025-11-14 14:43:46,259 - INFO - openpose - Gaze3D frame=164 id=None label=None v=[-0.587, -0.195, 0.785] yaw=-36.8 pitch=11.2 cx=150.81514358520508
2025-11-14 14:43:46,259 - INFO - openpose - Gaze PUB: people=1, frame_idx=164
2025-11-14 14:43:46,453 - INFO - openpose - Gaze3D frame=164 id=None label=None v=[-0.410, -0.166, 0.897] yaw=-24.6 pitch=9.5 cx=135.99144744873047
2025-11-14 14:43:46,453 - INFO - openpose - Gaze PUB: people=1, frame_idx=164
2025-11-14 14:43:46,650 - INFO - openpose - Gaze3D frame=164 id=None label=None v=[-0.277, 0.016, 0.961] yaw=-16.1 pitch=-0.9 cx=97.25399017333984
2025-11-14 14:43:46,650 - INFO - openpose - Gaze PUB: people=1, frame_idx=164
2025-11-14 14:43:46,839 - INFO - openpose - Gaze3D frame=164 id=None label=None v=[-0.294, 0.123, 0.948] yaw=-17.2 pitch=-7.1 cx=50.68454360961914
2025-11-14 14:43:46,839 - INFO - openpose - Gaze PUB: people=1, frame_idx=164
2025-11-14 14:43:46,952 - CRITICAL - openpose - Critical error in openpose_server: need at least one array to stack
Traceback (most recent call last):
  File "openpose_server.py", line 521, in <module>
    gaze_results = gaze_pipeline.step(frame)         # same as demo.py
  File "/home/ines/Desktop/Harmony/L2CS_Net/l2cs/pipeline.py", line 93, in step
    pitch, yaw = self.predict_gaze(np.stack(face_imgs))
  File "<__array_function__ internals>", line 200, in stack
  File "/home/ines/.local/lib/python3.8/site-packages/numpy/core/shape_base.py", line 460, in stack
    raise ValueError('need at least one array to stack')
ValueError: need at least one array to stack
