2025-07-22 16:28:19,623 - INFO - BuildTower - Connected to OpenPose server
2025-07-22 16:28:19,769 - INFO - BuildTower - Robot parameters: robot_name=my_gen3, dof=7, gripper_present=True
2025-07-22 16:28:19,775 - INFO - BuildTower - Service initialized: /my_gen3/base/clear_faults
2025-07-22 16:28:19,778 - INFO - BuildTower - Service initialized: /my_gen3/base/read_action
2025-07-22 16:28:19,780 - INFO - BuildTower - Service initialized: /my_gen3/base/execute_action
2025-07-22 16:28:19,782 - INFO - BuildTower - Service initialized: /my_gen3/control_config/set_cartesian_reference_frame
2025-07-22 16:28:19,784 - INFO - BuildTower - Service initialized: /my_gen3/base/activate_publishing_of_action_topic
2025-07-22 16:28:19,786 - INFO - BuildTower - Service initialized: /my_gen3/base/send_gripper_command
2025-07-22 16:28:19,786 - INFO - BuildTower - BuildTower class initialized successfully.
2025-07-22 16:28:19,787 - INFO - BuildTower - ROS parameter /kortex_examples_test_results/cartesian_poses_with_notifications_python did not exist or could not be deleted.
2025-07-22 16:28:19,787 - INFO - BuildTower - Starting main robot control loop.
2025-07-22 16:28:19,817 - INFO - BuildTower - Robot faults cleared successfully.
2025-07-22 16:28:22,349 - INFO - BuildTower - Cartesian reference frame set successfully.
2025-07-22 16:28:22,352 - INFO - BuildTower - Activating action notifications.
2025-07-22 16:28:22,357 - INFO - BuildTower - Action Notifications successfully activated.
2025-07-22 16:28:23,370 - INFO - BuildTower - Sending robot to home position.
2025-07-22 16:28:25,241 - INFO - BuildTower - User pressed Enter. Continuing with configuration 1
2025-07-22 16:28:25,242 - INFO - BuildTower - Parsing information from file: config2
2025-07-22 16:28:25,242 - INFO - BuildTower - Parsed turn_order: ybypbpbpy

2025-07-22 16:28:25,242 - INFO - BuildTower - Parsed object_order: 143

2025-07-22 16:28:25,242 - INFO - BuildTower - Sent turn_order and waiting for response from OpenPose server.
2025-07-22 16:28:25,242 - INFO - BuildTower - Sending turn order to OpenPose server: ybypbpbpy

2025-07-22 16:28:25,243 - INFO - BuildTower - Received reply from OpenPose server: Order Received
2025-07-22 16:28:25,243 - INFO - BuildTower - Executing turn 0 out of 9.
2025-07-22 16:28:25,271 - INFO - BuildTower - Sending robot to home position.
2025-07-22 16:28:25,891 - INFO - BuildTower - Moving block from start 0.0 to target 0.027. Turn: 0, Block Shape: 1
2025-07-22 16:28:25,893 - INFO - BuildTower - Sending gripper command: value=0
2025-07-22 16:28:26,416 - INFO - BuildTower - Gripper command 0 sent successfully.
2025-07-22 16:28:26,419 - INFO - BuildTower - Attempting to go to position: x=0.47, y=0.48, z=0.045, theta_x=100.0, theta_y=0.0, theta_z=90.0
2025-07-22 16:28:26,419 - DEBUG - BuildTower - Set speed for pose: translation=1, orientation=100
2025-07-22 16:28:26,441 - INFO - BuildTower - Pose action initiated, waiting for completion.
2025-07-22 16:28:32,032 - INFO - BuildTower - Robot action ended.
2025-07-22 16:28:32,033 - INFO - BuildTower - Attempting to go to position: x=0.47, y=0.48, z=0.0, theta_x=100.0, theta_y=0.0, theta_z=90.0
2025-07-22 16:28:32,033 - DEBUG - BuildTower - Set speed for pose: translation=1, orientation=100
2025-07-22 16:28:32,043 - INFO - BuildTower - Pose action initiated, waiting for completion.
2025-07-22 16:28:32,752 - INFO - BuildTower - Robot action ended.
2025-07-22 16:28:32,754 - INFO - BuildTower - Sending gripper command: value=0.08
2025-07-22 16:28:33,266 - INFO - BuildTower - Gripper command 0.08 sent successfully.
2025-07-22 16:28:33,269 - INFO - BuildTower - Attempting to go to position: x=0.47, y=0.48, z=0.045, theta_x=100.0, theta_y=0.0, theta_z=90.0
2025-07-22 16:28:33,269 - DEBUG - BuildTower - Set speed for pose: translation=1, orientation=100
2025-07-22 16:28:33,294 - INFO - BuildTower - Pose action initiated, waiting for completion.
2025-07-22 16:28:34,022 - INFO - BuildTower - Robot action ended.
2025-07-22 16:28:34,022 - INFO - BuildTower - Attempting to go to position: x=0.835, y=0.0, z=0.072, theta_x=100.0, theta_y=0.0, theta_z=90.0
2025-07-22 16:28:34,022 - DEBUG - BuildTower - Set speed for pose: translation=1, orientation=100
2025-07-22 16:28:34,043 - INFO - BuildTower - Pose action initiated, waiting for completion.
2025-07-22 16:28:40,349 - INFO - BuildTower - Robot action ended.
2025-07-22 16:28:40,350 - INFO - BuildTower - Attempting to go to position: x=0.835, y=0.0, z=0.026999999999999996, theta_x=100.0, theta_y=0.0, theta_z=90.0
2025-07-22 16:28:40,350 - DEBUG - BuildTower - Set speed for pose: translation=1, orientation=100
2025-07-22 16:28:40,368 - INFO - BuildTower - Pose action initiated, waiting for completion.
2025-07-22 16:28:41,076 - INFO - BuildTower - Robot action ended.
2025-07-22 16:28:41,078 - INFO - BuildTower - Sending gripper command: value=0
2025-07-22 16:28:41,592 - INFO - BuildTower - Gripper command 0 sent successfully.
2025-07-22 16:28:41,594 - INFO - BuildTower - Attempting to go to position: x=0.835, y=0.0, z=0.072, theta_x=100.0, theta_y=0.0, theta_z=90.0
2025-07-22 16:28:41,595 - DEBUG - BuildTower - Set speed for pose: translation=1, orientation=100
2025-07-22 16:28:41,619 - INFO - BuildTower - Pose action initiated, waiting for completion.
2025-07-22 16:28:42,349 - INFO - BuildTower - Robot action ended.
2025-07-22 16:28:42,376 - INFO - BuildTower - Sending robot to home position.
2025-07-22 16:28:42,992 - INFO - BuildTower - Robot completed its turn. Robot turn count: 1
2025-07-22 16:28:42,993 - INFO - BuildTower - Executing turn 1 out of 9.
2025-07-22 16:28:42,993 - INFO - BuildTower - Robot moving to look at ground.
2025-07-22 16:28:42,993 - INFO - BuildTower - Attempting to go to position: x=0.3, y=0, z=0.1, theta_x=180, theta_y=0, theta_z=90
2025-07-22 16:28:42,993 - DEBUG - BuildTower - Set speed for pose: translation=1, orientation=100
2025-07-22 16:28:43,020 - INFO - BuildTower - Pose action initiated, waiting for completion.
2025-07-22 16:28:57,331 - INFO - BuildTower - Robot action ended.
2025-07-22 16:28:57,331 - INFO - BuildTower - Sent 'PL: Arm Extended Check' to OpenPose server.
2025-07-22 16:28:57,395 - INFO - BuildTower - Received reply from OpenPose: Left: Arm Extended
2025-07-22 16:28:57,396 - INFO - BuildTower - Sent 'PL: Arm Retracted Check' to OpenPose server.
2025-07-22 16:29:02,689 - INFO - BuildTower - Received reply from OpenPose: Left: Arm Retracted
2025-07-22 16:29:02,689 - INFO - BuildTower - Executing turn 2 out of 9.
2025-07-22 16:29:02,698 - INFO - BuildTower - Sending robot to home position.
2025-07-22 16:29:03,319 - INFO - BuildTower - Moving block from start 0.0 to target 0.104. Turn: 2, Block Shape: 4
2025-07-22 16:29:03,321 - INFO - BuildTower - Sending gripper command: value=0
2025-07-22 16:29:03,844 - INFO - BuildTower - Gripper command 0 sent successfully.
2025-07-22 16:29:03,847 - INFO - BuildTower - Attempting to go to position: x=0.5, y=0.5, z=0.045, theta_x=100.0, theta_y=0.0, theta_z=90.0
2025-07-22 16:29:03,848 - DEBUG - BuildTower - Set speed for pose: translation=1, orientation=100
2025-07-22 16:29:03,871 - INFO - BuildTower - Pose action initiated, waiting for completion.
2025-07-22 16:29:13,403 - INFO - BuildTower - Robot action ended.
2025-07-22 16:29:13,404 - INFO - BuildTower - Attempting to go to position: x=0.5, y=0.5, z=0.0, theta_x=100.0, theta_y=0.0, theta_z=90.0
2025-07-22 16:29:13,404 - DEBUG - BuildTower - Set speed for pose: translation=1, orientation=100
2025-07-22 16:29:13,421 - INFO - BuildTower - Pose action initiated, waiting for completion.
2025-07-22 16:29:14,149 - INFO - BuildTower - Robot action ended.
2025-07-22 16:29:14,152 - INFO - BuildTower - Sending gripper command: value=0.7
2025-07-22 16:29:14,674 - INFO - BuildTower - Gripper command 0.7 sent successfully.
2025-07-22 16:29:14,676 - INFO - BuildTower - Attempting to go to position: x=0.5, y=0.5, z=0.135, theta_x=100.0, theta_y=0.0, theta_z=90.0
2025-07-22 16:29:14,676 - DEBUG - BuildTower - Set speed for pose: translation=1, orientation=100
2025-07-22 16:29:14,696 - INFO - BuildTower - Pose action initiated, waiting for completion.
2025-07-22 16:29:16,331 - INFO - BuildTower - Robot action ended.
2025-07-22 16:29:16,331 - INFO - BuildTower - Attempting to go to position: x=0.835, y=0.0, z=0.149, theta_x=100.0, theta_y=0.0, theta_z=90.0
2025-07-22 16:29:16,331 - DEBUG - BuildTower - Set speed for pose: translation=1, orientation=100
2025-07-22 16:29:16,371 - INFO - BuildTower - Pose action initiated, waiting for completion.
2025-07-22 16:29:22,653 - INFO - BuildTower - Robot action ended.
2025-07-22 16:29:22,653 - INFO - BuildTower - Attempting to go to position: x=0.835, y=0.0, z=0.104, theta_x=100.0, theta_y=0.0, theta_z=90.0
2025-07-22 16:29:22,653 - DEBUG - BuildTower - Set speed for pose: translation=1, orientation=100
2025-07-22 16:29:22,672 - INFO - BuildTower - Pose action initiated, waiting for completion.
2025-07-22 16:29:23,400 - INFO - BuildTower - Robot action ended.
2025-07-22 16:29:23,402 - INFO - BuildTower - Sending gripper command: value=0
2025-07-22 16:29:23,921 - INFO - BuildTower - Gripper command 0 sent successfully.
2025-07-22 16:29:23,923 - INFO - BuildTower - Attempting to go to position: x=0.835, y=0.0, z=0.149, theta_x=100.0, theta_y=0.0, theta_z=90.0
2025-07-22 16:29:23,923 - DEBUG - BuildTower - Set speed for pose: translation=1, orientation=100
2025-07-22 16:29:23,952 - INFO - BuildTower - Pose action initiated, waiting for completion.
2025-07-22 16:29:24,690 - INFO - BuildTower - Robot action ended.
2025-07-22 16:29:24,700 - INFO - BuildTower - Sending robot to home position.
2025-07-22 16:29:25,321 - INFO - BuildTower - Robot completed its turn. Robot turn count: 2
2025-07-22 16:29:25,321 - INFO - BuildTower - Executing turn 3 out of 9.
2025-07-22 16:29:25,322 - INFO - BuildTower - Robot moving to look at ground.
2025-07-22 16:29:25,322 - INFO - BuildTower - Attempting to go to position: x=0.3, y=0, z=0.1, theta_x=180, theta_y=0, theta_z=90
2025-07-22 16:29:25,322 - DEBUG - BuildTower - Set speed for pose: translation=1, orientation=100
2025-07-22 16:29:25,347 - INFO - BuildTower - Pose action initiated, waiting for completion.
2025-07-22 16:29:39,705 - INFO - BuildTower - Robot action ended.
2025-07-22 16:29:39,705 - INFO - BuildTower - Sent 'PR: Arm Extended Check' to OpenPose server.
2025-07-22 16:29:39,728 - INFO - BuildTower - Received reply from OpenPose: Right: Arm Extended
2025-07-22 16:29:39,728 - INFO - BuildTower - Sent 'PR: Arm Retracted Check' to OpenPose server.
2025-07-22 16:29:39,781 - INFO - BuildTower - Received reply from OpenPose: Right: Arm Retracted
2025-07-22 16:29:39,781 - INFO - BuildTower - Executing turn 4 out of 9.
2025-07-22 16:29:39,781 - INFO - BuildTower - Robot moving to look at ground.
2025-07-22 16:29:39,781 - INFO - BuildTower - Attempting to go to position: x=0.3, y=0, z=0.1, theta_x=180, theta_y=0, theta_z=90
2025-07-22 16:29:39,782 - DEBUG - BuildTower - Set speed for pose: translation=1, orientation=100
2025-07-22 16:29:39,799 - INFO - BuildTower - Pose action initiated, waiting for completion.
2025-07-22 16:29:39,832 - INFO - BuildTower - Robot action ended.
2025-07-22 16:29:39,832 - INFO - BuildTower - Sent 'PL: Arm Extended Check' to OpenPose server.
2025-07-22 16:29:39,884 - INFO - BuildTower - Received reply from OpenPose: Left: Arm Extended
2025-07-22 16:29:39,884 - INFO - BuildTower - Sent 'PL: Arm Retracted Check' to OpenPose server.
2025-07-22 16:29:45,576 - INFO - BuildTower - Received reply from OpenPose: Left: Arm Retracted
2025-07-22 16:29:45,577 - INFO - BuildTower - Executing turn 5 out of 9.
2025-07-22 16:29:45,577 - INFO - BuildTower - Robot moving to look at ground.
2025-07-22 16:29:45,577 - INFO - BuildTower - Attempting to go to position: x=0.3, y=0, z=0.1, theta_x=180, theta_y=0, theta_z=90
2025-07-22 16:29:45,577 - DEBUG - BuildTower - Set speed for pose: translation=1, orientation=100
2025-07-22 16:29:45,599 - INFO - BuildTower - Pose action initiated, waiting for completion.
2025-07-22 16:29:45,632 - INFO - BuildTower - Robot action ended.
2025-07-22 16:29:45,633 - INFO - BuildTower - Sent 'PR: Arm Extended Check' to OpenPose server.
2025-07-22 16:29:45,633 - INFO - BuildTower - Received reply from OpenPose: Right: Arm Extended
2025-07-22 16:29:45,633 - INFO - BuildTower - Sent 'PR: Arm Retracted Check' to OpenPose server.
2025-07-22 16:29:58,100 - INFO - BuildTower - Received reply from OpenPose: Right: Arm Retracted
2025-07-22 16:29:58,100 - INFO - BuildTower - Executing turn 6 out of 9.
2025-07-22 16:29:58,101 - INFO - BuildTower - Robot moving to look at ground.
2025-07-22 16:29:58,101 - INFO - BuildTower - Attempting to go to position: x=0.3, y=0, z=0.1, theta_x=180, theta_y=0, theta_z=90
2025-07-22 16:29:58,101 - DEBUG - BuildTower - Set speed for pose: translation=1, orientation=100
2025-07-22 16:29:58,126 - INFO - BuildTower - Pose action initiated, waiting for completion.
2025-07-22 16:29:58,159 - INFO - BuildTower - Robot action ended.
2025-07-22 16:29:58,159 - INFO - BuildTower - Sent 'PL: Arm Extended Check' to OpenPose server.
2025-07-22 16:29:58,222 - INFO - BuildTower - Received reply from OpenPose: Left: Arm Extended
2025-07-22 16:29:58,222 - INFO - BuildTower - Sent 'PL: Arm Retracted Check' to OpenPose server.
2025-07-22 16:30:02,220 - INFO - BuildTower - Received reply from OpenPose: Left: Arm Retracted
2025-07-22 16:30:02,220 - INFO - BuildTower - Executing turn 7 out of 9.
2025-07-22 16:30:02,220 - INFO - BuildTower - Robot moving to look at ground.
2025-07-22 16:30:02,220 - INFO - BuildTower - Attempting to go to position: x=0.3, y=0, z=0.1, theta_x=180, theta_y=0, theta_z=90
2025-07-22 16:30:02,220 - DEBUG - BuildTower - Set speed for pose: translation=1, orientation=100
2025-07-22 16:30:02,250 - INFO - BuildTower - Pose action initiated, waiting for completion.
2025-07-22 16:30:02,283 - INFO - BuildTower - Robot action ended.
2025-07-22 16:30:02,283 - INFO - BuildTower - Sent 'PR: Arm Extended Check' to OpenPose server.
2025-07-22 16:30:02,333 - INFO - BuildTower - Received reply from OpenPose: Right: Arm Extended
2025-07-22 16:30:02,333 - INFO - BuildTower - Sent 'PR: Arm Retracted Check' to OpenPose server.
2025-07-22 16:30:28,562 - INFO - BuildTower - Received reply from OpenPose: Right: Arm Retracted
2025-07-22 16:30:28,563 - INFO - BuildTower - Executing turn 8 out of 9.
2025-07-22 16:30:28,581 - INFO - BuildTower - Sending robot to home position.
2025-07-22 16:30:29,201 - INFO - BuildTower - Moving block from start 0.0 to target 0.39. Turn: 8, Block Shape: 3
2025-07-22 16:30:29,204 - INFO - BuildTower - Sending gripper command: value=0
2025-07-22 16:30:29,726 - INFO - BuildTower - Gripper command 0 sent successfully.
2025-07-22 16:30:29,736 - INFO - BuildTower - Attempting to go to position: x=0.5, y=-0.5, z=0.045, theta_x=100.0, theta_y=0.0, theta_z=90.0
2025-07-22 16:30:29,736 - DEBUG - BuildTower - Set speed for pose: translation=1, orientation=100
2025-07-22 16:30:29,753 - INFO - BuildTower - Pose action initiated, waiting for completion.
2025-07-22 16:30:39,607 - INFO - BuildTower - Robot action ended.
2025-07-22 16:30:39,607 - INFO - BuildTower - Attempting to go to position: x=0.5, y=-0.5, z=0.0, theta_x=100.0, theta_y=0.0, theta_z=90.0
2025-07-22 16:30:39,607 - DEBUG - BuildTower - Set speed for pose: translation=1, orientation=100
2025-07-22 16:30:39,654 - INFO - BuildTower - Pose action initiated, waiting for completion.
2025-07-22 16:30:40,383 - INFO - BuildTower - Robot action ended.
2025-07-22 16:30:40,385 - INFO - BuildTower - Sending gripper command: value=0.2
2025-07-22 16:30:40,902 - INFO - BuildTower - Gripper command 0.2 sent successfully.
2025-07-22 16:30:40,905 - INFO - BuildTower - Attempting to go to position: x=0.5, y=-0.5, z=0.40499999999999997, theta_x=100.0, theta_y=0.0, theta_z=90.0
2025-07-22 16:30:40,905 - DEBUG - BuildTower - Set speed for pose: translation=1, orientation=100
2025-07-22 16:30:40,929 - INFO - BuildTower - Pose action initiated, waiting for completion.
2025-07-22 16:30:45,256 - INFO - BuildTower - Robot action ended.
2025-07-22 16:30:45,256 - INFO - BuildTower - Attempting to go to position: x=0.845, y=0.0, z=0.435, theta_x=100.0, theta_y=0.0, theta_z=90.0
2025-07-22 16:30:45,257 - DEBUG - BuildTower - Set speed for pose: translation=1, orientation=100
2025-07-22 16:30:45,279 - INFO - BuildTower - Pose action initiated, waiting for completion.
2025-07-22 16:30:51,633 - INFO - BuildTower - Robot action ended.
2025-07-22 16:30:51,633 - INFO - BuildTower - Attempting to go to position: x=0.845, y=0.0, z=0.39, theta_x=100.0, theta_y=0.0, theta_z=90.0
2025-07-22 16:30:51,633 - DEBUG - BuildTower - Set speed for pose: translation=1, orientation=100
2025-07-22 16:30:51,655 - INFO - BuildTower - Pose action initiated, waiting for completion.
2025-07-22 16:30:52,384 - INFO - BuildTower - Robot action ended.
2025-07-22 16:30:52,386 - INFO - BuildTower - Sending gripper command: value=0
2025-07-22 16:30:52,903 - INFO - BuildTower - Gripper command 0 sent successfully.
2025-07-22 16:30:52,905 - INFO - BuildTower - Attempting to go to position: x=0.845, y=0.0, z=0.435, theta_x=100.0, theta_y=0.0, theta_z=90.0
2025-07-22 16:30:52,906 - DEBUG - BuildTower - Set speed for pose: translation=1, orientation=100
2025-07-22 16:30:52,930 - INFO - BuildTower - Pose action initiated, waiting for completion.
2025-07-22 16:30:53,638 - INFO - BuildTower - Robot action ended.
2025-07-22 16:30:53,658 - INFO - BuildTower - Sending robot to home position.
2025-07-22 16:30:54,278 - INFO - BuildTower - Robot completed its turn. Robot turn count: 3
2025-07-22 16:30:54,279 - INFO - BuildTower - Configuration number 1 finished.
2025-07-22 16:30:54,279 - INFO - BuildTower - Sent 'Configuration finished' to OpenPose server.
