2025-12-19 14:17:29,267 - INFO - BuildTower - Pinned current thread to core 0
2025-12-19 14:17:29,267 - INFO - BuildTower - Main BuildTower thread pinned to core 0.
2025-12-19 14:17:29,422 - INFO - BuildTower - Robot parameters: robot_name=my_gen3, dof=7, gripper_present=True
2025-12-19 14:17:29,426 - INFO - BuildTower - Service initialized: /my_gen3/base/clear_faults
2025-12-19 14:17:29,427 - INFO - BuildTower - Service initialized: /my_gen3/base/read_action
2025-12-19 14:17:29,429 - INFO - BuildTower - Service initialized: /my_gen3/base/execute_action
2025-12-19 14:17:29,430 - INFO - BuildTower - Service initialized: /my_gen3/control_config/set_cartesian_reference_frame
2025-12-19 14:17:29,432 - INFO - BuildTower - Service initialized: /my_gen3/base/activate_publishing_of_action_topic
2025-12-19 14:17:29,433 - INFO - BuildTower - Service initialized: /my_gen3/base/send_gripper_command
2025-12-19 14:17:29,434 - INFO - BuildTower - OpenPoseThread started (core 1).
2025-12-19 14:17:29,434 - INFO - BuildTower - BuildTower class initialized successfully.
2025-12-19 14:17:29,434 - INFO - BuildTower - Pinned current thread to core 1
2025-12-19 14:17:29,435 - INFO - BuildTower - OpenPoseThread: Connected REQ to tcp://localhost:5555
2025-12-19 14:17:29,436 - INFO - BuildTower - ROS parameter /kortex_examples_test_results/cartesian_poses_with_notifications_python did not exist or could not be deleted.
2025-12-19 14:17:29,436 - INFO - BuildTower - OpenPoseThread: Connected SUB to tcp://localhost:5556
2025-12-19 14:17:29,436 - INFO - BuildTower - Starting main robot control loop.
2025-12-19 14:17:29,445 - INFO - BuildTower - Robot faults cleared successfully.
2025-12-19 14:17:31,975 - INFO - BuildTower - Cartesian reference frame set successfully.
2025-12-19 14:17:32,227 - INFO - BuildTower - Activating action notifications.
2025-12-19 14:17:32,246 - INFO - BuildTower - Action Notifications successfully activated.
2025-12-19 14:17:33,275 - INFO - BuildTower - Sending robot to home position.
2025-12-19 14:17:38,096 - INFO - BuildTower - User pressed Enter. Continuing with configuration 1
2025-12-19 14:17:38,096 - INFO - BuildTower - Parsing information from file: config2
2025-12-19 14:17:38,096 - INFO - BuildTower - Parsed turn_order: ybypbpbpy

2025-12-19 14:17:38,097 - INFO - BuildTower - Parsed object_order: 143

2025-12-19 14:17:38,097 - INFO - BuildTower - Sent turn_order and waiting for response from OpenPose server.
2025-12-19 14:17:38,097 - INFO - BuildTower - Sending turn order to OpenPose server: ybypbpbpy

2025-12-19 14:17:38,097 - INFO - BuildTower - OpenPoseThread: sending cmd: ybypbpbpy

2025-12-19 14:17:38,098 - INFO - BuildTower - OpenPoseThread: received reply: Order Received
2025-12-19 14:17:38,099 - INFO - BuildTower - Received reply from OpenPose server: Order Received
2025-12-19 14:17:38,099 - INFO - BuildTower - Starting mutual gaze calibration for 10.0 seconds
2025-12-19 14:17:38,971 - INFO - BuildTower - OpenPoseThread: gaze frame_idx=0 ts=2025-12-19T14:17:38.871848Z people=2
2025-12-19 14:17:38,971 - INFO - BuildTower - OpenPoseThread: Gaze3D frame=0 id=None label=None v=[-0.097, -0.743, 0.662] yaw=-8.3 pitch=48.0
2025-12-19 14:17:38,971 - INFO - BuildTower - OpenPoseThread: Gaze3D frame=0 id=None label=None v=[-0.265, -0.770, 0.581] yaw=-24.5 pitch=50.3
2025-12-19 14:17:39,186 - INFO - BuildTower - OpenPoseThread: gaze frame_idx=0 ts=2025-12-19T14:17:39.135325Z people=2
2025-12-19 14:17:39,186 - INFO - BuildTower - OpenPoseThread: Gaze3D frame=0 id=None label=None v=[-0.079, -0.748, 0.659] yaw=-6.9 pitch=48.4
2025-12-19 14:17:39,186 - INFO - BuildTower - OpenPoseThread: Gaze3D frame=0 id=None label=None v=[-0.139, -0.898, 0.416] yaw=-18.5 pitch=64.0
2025-12-19 14:17:39,397 - INFO - BuildTower - OpenPoseThread: gaze frame_idx=0 ts=2025-12-19T14:17:39.394091Z people=2
2025-12-19 14:17:39,397 - INFO - BuildTower - OpenPoseThread: Gaze3D frame=0 id=None label=None v=[-0.078, -0.753, 0.653] yaw=-6.8 pitch=48.9
2025-12-19 14:17:39,398 - INFO - BuildTower - OpenPoseThread: Gaze3D frame=0 id=None label=None v=[-0.137, -0.832, 0.538] yaw=-14.3 pitch=56.3
2025-12-19 14:17:39,719 - INFO - BuildTower - OpenPoseThread: gaze frame_idx=0 ts=2025-12-19T14:17:39.653634Z people=2
2025-12-19 14:17:39,719 - INFO - BuildTower - OpenPoseThread: Gaze3D frame=0 id=None label=None v=[-0.259, -0.651, 0.713] yaw=-20.0 pitch=40.6
2025-12-19 14:17:39,719 - INFO - BuildTower - OpenPoseThread: Gaze3D frame=0 id=None label=None v=[-0.152, -0.869, 0.471] yaw=-17.9 pitch=60.4
2025-12-19 14:17:39,930 - INFO - BuildTower - OpenPoseThread: gaze frame_idx=0 ts=2025-12-19T14:17:39.904921Z people=2
2025-12-19 14:17:39,931 - INFO - BuildTower - OpenPoseThread: Gaze3D frame=0 id=None label=None v=[-0.169, -0.565, 0.807] yaw=-11.8 pitch=34.4
2025-12-19 14:17:39,931 - INFO - BuildTower - OpenPoseThread: Gaze3D frame=0 id=None label=None v=[-0.195, -0.818, 0.541] yaw=-19.9 pitch=54.9
2025-12-19 14:17:40,145 - INFO - BuildTower - OpenPoseThread: gaze frame_idx=0 ts=2025-12-19T14:17:40.144139Z people=2
2025-12-19 14:17:40,145 - INFO - BuildTower - OpenPoseThread: Gaze3D frame=0 id=None label=None v=[-0.197, -0.534, 0.822] yaw=-13.4 pitch=32.3
2025-12-19 14:17:40,145 - INFO - BuildTower - OpenPoseThread: Gaze3D frame=0 id=None label=None v=[-0.173, -0.813, 0.557] yaw=-17.2 pitch=54.3
2025-12-19 14:17:40,466 - INFO - BuildTower - OpenPoseThread: gaze frame_idx=0 ts=2025-12-19T14:17:40.365986Z people=2
2025-12-19 14:17:40,466 - INFO - BuildTower - OpenPoseThread: Gaze3D frame=0 id=None label=None v=[-0.184, -0.487, 0.853] yaw=-12.2 pitch=29.2
2025-12-19 14:17:40,466 - INFO - BuildTower - OpenPoseThread: Gaze3D frame=0 id=None label=None v=[-0.178, -0.739, 0.650] yaw=-15.3 pitch=47.6
2025-12-19 14:17:40,677 - INFO - BuildTower - OpenPoseThread: gaze frame_idx=0 ts=2025-12-19T14:17:40.611288Z people=2
2025-12-19 14:17:40,678 - INFO - BuildTower - OpenPoseThread: Gaze3D frame=0 id=None label=None v=[-0.213, -0.490, 0.845] yaw=-14.1 pitch=29.4
2025-12-19 14:17:40,678 - INFO - BuildTower - OpenPoseThread: Gaze3D frame=0 id=None label=None v=[-0.233, -0.631, 0.740] yaw=-17.5 pitch=39.1
2025-12-19 14:17:40,889 - INFO - BuildTower - OpenPoseThread: gaze frame_idx=0 ts=2025-12-19T14:17:40.870406Z people=2
2025-12-19 14:17:40,889 - INFO - BuildTower - OpenPoseThread: Gaze3D frame=0 id=None label=None v=[-0.311, -0.525, 0.793] yaw=-21.4 pitch=31.6
2025-12-19 14:17:40,889 - INFO - BuildTower - OpenPoseThread: Gaze3D frame=0 id=None label=None v=[-0.236, -0.649, 0.723] yaw=-18.1 pitch=40.5
2025-12-19 14:17:41,213 - INFO - BuildTower - OpenPoseThread: gaze frame_idx=0 ts=2025-12-19T14:17:41.125403Z people=2
2025-12-19 14:17:41,214 - INFO - BuildTower - OpenPoseThread: Gaze3D frame=0 id=None label=None v=[-0.303, -0.525, 0.795] yaw=-20.9 pitch=31.7
2025-12-19 14:17:41,214 - INFO - BuildTower - OpenPoseThread: Gaze3D frame=0 id=None label=None v=[-0.282, -0.535, 0.797] yaw=-19.5 pitch=32.3
2025-12-19 14:17:41,425 - INFO - BuildTower - OpenPoseThread: gaze frame_idx=0 ts=2025-12-19T14:17:41.387163Z people=2
2025-12-19 14:17:41,425 - INFO - BuildTower - OpenPoseThread: Gaze3D frame=0 id=None label=None v=[-0.289, -0.481, 0.828] yaw=-19.2 pitch=28.7
2025-12-19 14:17:41,425 - INFO - BuildTower - OpenPoseThread: Gaze3D frame=0 id=None label=None v=[-0.414, -0.598, 0.686] yaw=-31.1 pitch=36.7
2025-12-19 14:17:41,747 - INFO - BuildTower - OpenPoseThread: gaze frame_idx=0 ts=2025-12-19T14:17:41.645963Z people=2
2025-12-19 14:17:41,747 - INFO - BuildTower - OpenPoseThread: Gaze3D frame=0 id=None label=None v=[-0.315, -0.720, 0.618] yaw=-27.0 pitch=46.1
2025-12-19 14:17:41,747 - INFO - BuildTower - OpenPoseThread: Gaze3D frame=0 id=None label=None v=[-0.313, -0.583, 0.750] yaw=-22.7 pitch=35.6
2025-12-19 14:17:41,958 - INFO - BuildTower - OpenPoseThread: gaze frame_idx=0 ts=2025-12-19T14:17:41.900367Z people=2
2025-12-19 14:17:41,958 - INFO - BuildTower - OpenPoseThread: Gaze3D frame=0 id=None label=None v=[-0.201, -0.604, 0.771] yaw=-14.6 pitch=37.2
2025-12-19 14:17:41,959 - INFO - BuildTower - OpenPoseThread: Gaze3D frame=0 id=None label=None v=[-0.267, -0.692, 0.671] yaw=-21.7 pitch=43.8
2025-12-19 14:17:42,169 - INFO - BuildTower - OpenPoseThread: gaze frame_idx=0 ts=2025-12-19T14:17:42.130850Z people=2
2025-12-19 14:17:42,170 - INFO - BuildTower - OpenPoseThread: Gaze3D frame=0 id=None label=None v=[-0.079, -0.800, 0.595] yaw=-7.5 pitch=53.1
2025-12-19 14:17:42,170 - INFO - BuildTower - OpenPoseThread: Gaze3D frame=0 id=None label=None v=[-0.250, -0.644, 0.723] yaw=-19.1 pitch=40.1
2025-12-19 14:17:42,381 - INFO - BuildTower - OpenPoseThread: gaze frame_idx=0 ts=2025-12-19T14:17:42.346476Z people=2
2025-12-19 14:17:42,381 - INFO - BuildTower - OpenPoseThread: Gaze3D frame=0 id=None label=None v=[-0.032, -0.822, 0.569] yaw=-3.2 pitch=55.3
2025-12-19 14:17:42,381 - INFO - BuildTower - OpenPoseThread: Gaze3D frame=0 id=None label=None v=[-0.231, -0.717, 0.657] yaw=-19.3 pitch=45.8
2025-12-19 14:17:42,592 - INFO - BuildTower - OpenPoseThread: gaze frame_idx=0 ts=2025-12-19T14:17:42.558341Z people=2
2025-12-19 14:17:42,592 - INFO - BuildTower - OpenPoseThread: Gaze3D frame=0 id=None label=None v=[-0.071, -0.812, 0.580] yaw=-7.0 pitch=54.2
2025-12-19 14:17:42,592 - INFO - BuildTower - OpenPoseThread: Gaze3D frame=0 id=None label=None v=[-0.151, -0.651, 0.744] yaw=-11.5 pitch=40.6
2025-12-19 14:17:42,811 - INFO - BuildTower - OpenPoseThread: gaze frame_idx=0 ts=2025-12-19T14:17:42.809963Z people=2
2025-12-19 14:17:42,811 - INFO - BuildTower - OpenPoseThread: Gaze3D frame=0 id=None label=None v=[-0.079, -0.805, 0.589] yaw=-7.7 pitch=53.6
2025-12-19 14:17:42,811 - INFO - BuildTower - OpenPoseThread: Gaze3D frame=0 id=None label=None v=[-0.291, -0.479, 0.828] yaw=-19.4 pitch=28.6
2025-12-19 14:17:43,132 - INFO - BuildTower - OpenPoseThread: gaze frame_idx=0 ts=2025-12-19T14:17:43.053319Z people=2
2025-12-19 14:17:43,132 - INFO - BuildTower - OpenPoseThread: Gaze3D frame=0 id=None label=None v=[-0.083, -0.790, 0.607] yaw=-7.7 pitch=52.2
2025-12-19 14:17:43,132 - INFO - BuildTower - OpenPoseThread: Gaze3D frame=0 id=None label=None v=[-0.219, -0.489, 0.845] yaw=-14.6 pitch=29.2
2025-12-19 14:17:43,343 - INFO - BuildTower - OpenPoseThread: gaze frame_idx=0 ts=2025-12-19T14:17:43.298339Z people=2
2025-12-19 14:17:43,343 - INFO - BuildTower - OpenPoseThread: Gaze3D frame=0 id=None label=None v=[-0.129, -0.800, 0.586] yaw=-12.5 pitch=53.1
2025-12-19 14:17:43,344 - INFO - BuildTower - OpenPoseThread: Gaze3D frame=0 id=None label=None v=[-0.378, -0.369, 0.849] yaw=-24.0 pitch=21.7
2025-12-19 14:17:43,665 - INFO - BuildTower - OpenPoseThread: gaze frame_idx=0 ts=2025-12-19T14:17:43.569018Z people=2
2025-12-19 14:17:43,665 - INFO - BuildTower - OpenPoseThread: Gaze3D frame=0 id=None label=None v=[-0.109, -0.848, 0.518] yaw=-11.9 pitch=58.0
2025-12-19 14:17:43,665 - INFO - BuildTower - OpenPoseThread: Gaze3D frame=0 id=None label=None v=[-0.232, -0.206, 0.951] yaw=-13.7 pitch=11.9
2025-12-19 14:17:43,884 - INFO - BuildTower - OpenPoseThread: gaze frame_idx=0 ts=2025-12-19T14:17:43.811242Z people=2
2025-12-19 14:17:43,884 - INFO - BuildTower - OpenPoseThread: Gaze3D frame=0 id=None label=None v=[-0.128, -0.749, 0.650] yaw=-11.1 pitch=48.5
2025-12-19 14:17:43,884 - INFO - BuildTower - OpenPoseThread: Gaze3D frame=0 id=None label=None v=[-0.166, -0.407, 0.898] yaw=-10.5 pitch=24.0
2025-12-19 14:17:44,096 - INFO - BuildTower - OpenPoseThread: gaze frame_idx=0 ts=2025-12-19T14:17:44.041742Z people=2
2025-12-19 14:17:44,096 - INFO - BuildTower - OpenPoseThread: Gaze3D frame=0 id=None label=None v=[-0.408, -0.538, 0.737] yaw=-29.0 pitch=32.6
2025-12-19 14:17:44,096 - INFO - BuildTower - OpenPoseThread: Gaze3D frame=0 id=None label=None v=[-0.035, -0.707, 0.707] yaw=-2.9 pitch=45.0
2025-12-19 14:17:44,307 - INFO - BuildTower - OpenPoseThread: gaze frame_idx=0 ts=2025-12-19T14:17:44.296732Z people=2
2025-12-19 14:17:44,307 - INFO - BuildTower - OpenPoseThread: Gaze3D frame=0 id=None label=None v=[-0.099, -0.559, 0.824] yaw=-6.9 pitch=34.0
2025-12-19 14:17:44,307 - INFO - BuildTower - OpenPoseThread: Gaze3D frame=0 id=None label=None v=[-0.296, -0.424, 0.856] yaw=-19.1 pitch=25.1
2025-12-19 14:17:44,629 - INFO - BuildTower - OpenPoseThread: gaze frame_idx=0 ts=2025-12-19T14:17:44.557779Z people=2
2025-12-19 14:17:44,629 - INFO - BuildTower - OpenPoseThread: Gaze3D frame=0 id=None label=None v=[-0.153, -0.540, 0.828] yaw=-10.5 pitch=32.7
2025-12-19 14:17:44,629 - INFO - BuildTower - OpenPoseThread: Gaze3D frame=0 id=None label=None v=[-0.237, -0.483, 0.843] yaw=-15.7 pitch=28.9
2025-12-19 14:17:44,840 - INFO - BuildTower - OpenPoseThread: gaze frame_idx=0 ts=2025-12-19T14:17:44.812387Z people=2
2025-12-19 14:17:44,840 - INFO - BuildTower - OpenPoseThread: Gaze3D frame=0 id=None label=None v=[-0.019, -0.597, 0.802] yaw=-1.4 pitch=36.7
2025-12-19 14:17:44,841 - INFO - BuildTower - OpenPoseThread: Gaze3D frame=0 id=None label=None v=[-0.356, -0.281, 0.891] yaw=-21.8 pitch=16.3
2025-12-19 14:17:45,162 - INFO - BuildTower - OpenPoseThread: gaze frame_idx=0 ts=2025-12-19T14:17:45.071600Z people=2
2025-12-19 14:17:45,162 - INFO - BuildTower - OpenPoseThread: Gaze3D frame=0 id=None label=None v=[-0.171, -0.840, 0.515] yaw=-18.3 pitch=57.1
2025-12-19 14:17:45,162 - INFO - BuildTower - OpenPoseThread: Gaze3D frame=0 id=None label=None v=[-0.245, -0.234, 0.941] yaw=-14.6 pitch=13.5
2025-12-19 14:17:45,373 - INFO - BuildTower - OpenPoseThread: gaze frame_idx=0 ts=2025-12-19T14:17:45.295355Z people=2
2025-12-19 14:17:45,373 - INFO - BuildTower - OpenPoseThread: Gaze3D frame=0 id=None label=None v=[-0.040, -0.784, 0.619] yaw=-3.7 pitch=51.7
2025-12-19 14:17:45,373 - INFO - BuildTower - OpenPoseThread: Gaze3D frame=0 id=None label=None v=[-0.266, -0.405, 0.875] yaw=-16.9 pitch=23.9
2025-12-19 14:17:45,584 - INFO - BuildTower - OpenPoseThread: gaze frame_idx=0 ts=2025-12-19T14:17:45.543666Z people=2
2025-12-19 14:17:45,584 - INFO - BuildTower - OpenPoseThread: Gaze3D frame=0 id=None label=None v=[-0.071, -0.769, 0.635] yaw=-6.4 pitch=50.2
2025-12-19 14:17:45,584 - INFO - BuildTower - OpenPoseThread: Gaze3D frame=0 id=None label=None v=[-0.255, -0.417, 0.872] yaw=-16.3 pitch=24.7
2025-12-19 14:17:45,795 - INFO - BuildTower - OpenPoseThread: gaze frame_idx=0 ts=2025-12-19T14:17:45.791219Z people=2
2025-12-19 14:17:45,795 - INFO - BuildTower - OpenPoseThread: Gaze3D frame=0 id=None label=None v=[-0.155, -0.274, 0.949] yaw=-9.2 pitch=15.9
2025-12-19 14:17:45,795 - INFO - BuildTower - OpenPoseThread: Gaze3D frame=0 id=None label=None v=[-0.042, -0.807, 0.589] yaw=-4.0 pitch=53.8
2025-12-19 14:17:46,117 - INFO - BuildTower - OpenPoseThread: gaze frame_idx=0 ts=2025-12-19T14:17:46.049684Z people=2
2025-12-19 14:17:46,117 - INFO - BuildTower - OpenPoseThread: Gaze3D frame=0 id=None label=None v=[-0.040, -0.727, 0.686] yaw=-3.3 pitch=46.6
2025-12-19 14:17:46,117 - INFO - BuildTower - OpenPoseThread: Gaze3D frame=0 id=None label=None v=[-0.203, -0.397, 0.895] yaw=-12.8 pitch=23.4
2025-12-19 14:17:46,328 - INFO - BuildTower - OpenPoseThread: gaze frame_idx=0 ts=2025-12-19T14:17:46.302959Z people=2
2025-12-19 14:17:46,328 - INFO - BuildTower - OpenPoseThread: Gaze3D frame=0 id=None label=None v=[-0.310, -0.574, 0.758] yaw=-22.2 pitch=35.0
2025-12-19 14:17:46,328 - INFO - BuildTower - OpenPoseThread: Gaze3D frame=0 id=None label=None v=[-0.212, -0.300, 0.930] yaw=-12.8 pitch=17.5
2025-12-19 14:17:46,539 - INFO - BuildTower - OpenPoseThread: gaze frame_idx=0 ts=2025-12-19T14:17:46.516154Z people=2
2025-12-19 14:17:46,540 - INFO - BuildTower - OpenPoseThread: Gaze3D frame=0 id=None label=None v=[-0.139, -0.510, 0.849] yaw=-9.3 pitch=30.7
2025-12-19 14:17:46,540 - INFO - BuildTower - OpenPoseThread: Gaze3D frame=0 id=None label=None v=[-0.262, -0.463, 0.846] yaw=-17.2 pitch=27.6
2025-12-19 14:17:46,861 - INFO - BuildTower - OpenPoseThread: gaze frame_idx=0 ts=2025-12-19T14:17:46.764153Z people=2
2025-12-19 14:17:46,861 - INFO - BuildTower - OpenPoseThread: Gaze3D frame=0 id=None label=None v=[-0.210, -0.352, 0.912] yaw=-12.9 pitch=20.6
2025-12-19 14:17:46,861 - INFO - BuildTower - OpenPoseThread: Gaze3D frame=0 id=None label=None v=[-0.378, -0.589, 0.714] yaw=-27.9 pitch=36.1
2025-12-19 14:17:47,072 - INFO - BuildTower - OpenPoseThread: gaze frame_idx=0 ts=2025-12-19T14:17:47.017080Z people=2
2025-12-19 14:17:47,072 - INFO - BuildTower - OpenPoseThread: Gaze3D frame=0 id=None label=None v=[0.059, -0.172, 0.983] yaw=3.4 pitch=9.9
2025-12-19 14:17:47,073 - INFO - BuildTower - OpenPoseThread: Gaze3D frame=0 id=None label=None v=[-0.252, -0.621, 0.743] yaw=-18.7 pitch=38.4
2025-12-19 14:17:47,284 - INFO - BuildTower - OpenPoseThread: gaze frame_idx=0 ts=2025-12-19T14:17:47.243661Z people=2
2025-12-19 14:17:47,284 - INFO - BuildTower - OpenPoseThread: Gaze3D frame=0 id=None label=None v=[0.214, -0.219, 0.952] yaw=12.7 pitch=12.6
2025-12-19 14:17:47,284 - INFO - BuildTower - OpenPoseThread: Gaze3D frame=0 id=None label=None v=[-0.235, -0.762, 0.604] yaw=-21.2 pitch=49.6
2025-12-19 14:17:47,497 - INFO - BuildTower - OpenPoseThread: gaze frame_idx=0 ts=2025-12-19T14:17:47.496736Z people=2
2025-12-19 14:17:47,497 - INFO - BuildTower - OpenPoseThread: Gaze3D frame=0 id=None label=None v=[0.141, -0.030, 0.990] yaw=8.1 pitch=1.7
2025-12-19 14:17:47,497 - INFO - BuildTower - OpenPoseThread: Gaze3D frame=0 id=None label=None v=[-0.231, -0.786, 0.573] yaw=-21.9 pitch=51.8
2025-12-19 14:17:47,818 - INFO - BuildTower - OpenPoseThread: gaze frame_idx=0 ts=2025-12-19T14:17:47.745340Z people=2
2025-12-19 14:17:47,818 - INFO - BuildTower - OpenPoseThread: Gaze3D frame=0 id=None label=None v=[0.058, -0.026, 0.998] yaw=3.3 pitch=1.5
2025-12-19 14:17:47,818 - INFO - BuildTower - OpenPoseThread: Gaze3D frame=0 id=None label=None v=[-0.180, -0.855, 0.486] yaw=-20.3 pitch=58.8
2025-12-19 14:17:48,029 - INFO - BuildTower - OpenPoseThread: gaze frame_idx=0 ts=2025-12-19T14:17:47.978282Z people=2
2025-12-19 14:17:48,030 - INFO - BuildTower - OpenPoseThread: Gaze3D frame=0 id=None label=None v=[0.085, -0.053, 0.995] yaw=4.9 pitch=3.0
2025-12-19 14:17:48,030 - INFO - BuildTower - OpenPoseThread: Gaze3D frame=0 id=None label=None v=[-0.118, -0.902, 0.416] yaw=-15.8 pitch=64.4
2025-12-19 14:17:48,112 - INFO - BuildTower - Calibration done: yaw_bias=-13.807 deg, pitch_bias=37.185 deg
2025-12-19 14:17:48,112 - INFO - BuildTower - Executing turn 0 out of 9.
2025-12-19 14:17:48,112 - INFO - BuildTower - Moving block from start 0.28 to target 0.307. Turn: 0, Block Shape: 1
2025-12-19 14:17:48,115 - INFO - BuildTower - Sending gripper command: value=0
2025-12-19 14:17:48,241 - INFO - BuildTower - OpenPoseThread: gaze frame_idx=0 ts=2025-12-19T14:17:48.221244Z people=2
2025-12-19 14:17:48,241 - INFO - BuildTower - OpenPoseThread: Gaze3D frame=0 id=None label=None v=[-0.138, -0.427, 0.894] yaw=-8.8 pitch=25.3
2025-12-19 14:17:48,241 - INFO - BuildTower - OpenPoseThread: Gaze3D frame=0 id=None label=None v=[-0.218, -0.805, 0.552] yaw=-21.5 pitch=53.6
2025-12-19 14:17:48,453 - INFO - BuildTower - OpenPoseThread: gaze frame_idx=0 ts=2025-12-19T14:17:48.451712Z people=2
2025-12-19 14:17:48,453 - INFO - BuildTower - OpenPoseThread: Gaze3D frame=0 id=None label=None v=[-0.278, -0.401, 0.873] yaw=-17.7 pitch=23.7
2025-12-19 14:17:48,453 - INFO - BuildTower - OpenPoseThread: Gaze3D frame=0 id=None label=None v=[-0.160, -0.679, 0.716] yaw=-12.6 pitch=42.8
2025-12-19 14:17:48,621 - INFO - BuildTower - Gripper command 0 sent successfully.
2025-12-19 14:17:48,623 - INFO - BuildTower - Attempting to go to position: x=0.47, y=0.18, z=0.325, theta_x=100.0, theta_y=0.0, theta_z=90.0
2025-12-19 14:17:48,623 - DEBUG - BuildTower - Set speed for pose: translation=1, orientation=100
2025-12-19 14:17:48,647 - INFO - BuildTower - Pose action initiated, waiting for completion.
2025-12-19 14:17:48,774 - INFO - BuildTower - OpenPoseThread: gaze frame_idx=0 ts=2025-12-19T14:17:48.697675Z people=2
2025-12-19 14:17:48,774 - INFO - BuildTower - OpenPoseThread: Gaze3D frame=0 id=None label=None v=[-0.130, -0.578, 0.805] yaw=-9.2 pitch=35.3
2025-12-19 14:17:48,774 - INFO - BuildTower - OpenPoseThread: Gaze3D frame=0 id=None label=None v=[-0.202, -0.699, 0.686] yaw=-16.4 pitch=44.3
2025-12-19 14:17:48,985 - INFO - BuildTower - OpenPoseThread: gaze frame_idx=0 ts=2025-12-19T14:17:48.949140Z people=2
2025-12-19 14:17:48,986 - INFO - BuildTower - OpenPoseThread: Gaze3D frame=0 id=None label=None v=[-0.094, -0.678, 0.729] yaw=-7.4 pitch=42.7
2025-12-19 14:17:48,986 - INFO - BuildTower - OpenPoseThread: Gaze3D frame=0 id=None label=None v=[-0.256, -0.658, 0.708] yaw=-19.9 pitch=41.2
2025-12-19 14:17:49,307 - INFO - BuildTower - OpenPoseThread: gaze frame_idx=0 ts=2025-12-19T14:17:49.214720Z people=2
2025-12-19 14:17:49,307 - INFO - BuildTower - OpenPoseThread: Gaze3D frame=0 id=None label=None v=[-0.085, -0.860, 0.503] yaw=-9.6 pitch=59.3
2025-12-19 14:17:49,307 - INFO - BuildTower - OpenPoseThread: Gaze3D frame=0 id=None label=None v=[-0.104, -0.714, 0.693] yaw=-8.5 pitch=45.5
2025-12-19 14:17:49,518 - INFO - BuildTower - OpenPoseThread: gaze frame_idx=0 ts=2025-12-19T14:17:49.440574Z people=2
2025-12-19 14:17:49,518 - INFO - BuildTower - OpenPoseThread: Gaze3D frame=0 id=None label=None v=[-0.287, -0.811, 0.511] yaw=-29.3 pitch=54.1
2025-12-19 14:17:49,518 - INFO - BuildTower - OpenPoseThread: Gaze3D frame=0 id=None label=None v=[-0.178, -0.785, 0.594] yaw=-16.7 pitch=51.7
2025-12-19 14:17:49,729 - INFO - BuildTower - OpenPoseThread: gaze frame_idx=0 ts=2025-12-19T14:17:49.683611Z people=2
2025-12-19 14:17:49,729 - INFO - BuildTower - OpenPoseThread: Gaze3D frame=0 id=None label=None v=[-0.114, -0.619, 0.777] yaw=-8.4 pitch=38.3
2025-12-19 14:17:49,729 - INFO - BuildTower - OpenPoseThread: Gaze3D frame=0 id=None label=None v=[-0.412, -0.726, 0.551] yaw=-36.8 pitch=46.5
2025-12-19 14:17:49,940 - INFO - BuildTower - OpenPoseThread: gaze frame_idx=0 ts=2025-12-19T14:17:49.906074Z people=2
2025-12-19 14:17:49,940 - INFO - BuildTower - OpenPoseThread: Gaze3D frame=0 id=None label=None v=[-0.111, -0.551, 0.827] yaw=-7.6 pitch=33.5
2025-12-19 14:17:49,940 - INFO - BuildTower - OpenPoseThread: Gaze3D frame=0 id=None label=None v=[-0.439, -0.544, 0.715] yaw=-31.5 pitch=32.9
2025-12-19 14:17:50,151 - INFO - BuildTower - OpenPoseThread: gaze frame_idx=0 ts=2025-12-19T14:17:50.139053Z people=2
2025-12-19 14:17:50,152 - INFO - BuildTower - OpenPoseThread: Gaze3D frame=0 id=None label=None v=[-0.110, -0.562, 0.820] yaw=-7.6 pitch=34.2
2025-12-19 14:17:50,152 - INFO - BuildTower - OpenPoseThread: Gaze3D frame=0 id=None label=None v=[-0.451, -0.587, 0.673] yaw=-33.8 pitch=35.9
2025-12-19 14:17:50,473 - INFO - BuildTower - OpenPoseThread: gaze frame_idx=0 ts=2025-12-19T14:17:50.399580Z people=2
2025-12-19 14:17:50,473 - INFO - BuildTower - OpenPoseThread: Gaze3D frame=0 id=None label=None v=[-0.114, -0.527, 0.842] yaw=-7.7 pitch=31.8
2025-12-19 14:17:50,473 - INFO - BuildTower - OpenPoseThread: Gaze3D frame=0 id=None label=None v=[-0.506, -0.597, 0.623] yaw=-39.1 pitch=36.6
2025-12-19 14:17:50,684 - INFO - BuildTower - OpenPoseThread: gaze frame_idx=0 ts=2025-12-19T14:17:50.649645Z people=2
2025-12-19 14:17:50,684 - INFO - BuildTower - OpenPoseThread: Gaze3D frame=0 id=None label=None v=[-0.021, -0.523, 0.852] yaw=-1.4 pitch=31.5
2025-12-19 14:17:50,684 - INFO - BuildTower - OpenPoseThread: Gaze3D frame=0 id=None label=None v=[-0.446, -0.669, 0.594] yaw=-36.9 pitch=42.0
2025-12-19 14:17:50,898 - INFO - BuildTower - OpenPoseThread: gaze frame_idx=0 ts=2025-12-19T14:17:50.897042Z people=2
2025-12-19 14:17:50,898 - INFO - BuildTower - OpenPoseThread: Gaze3D frame=0 id=None label=None v=[-0.016, -0.620, 0.785] yaw=-1.2 pitch=38.3
2025-12-19 14:17:50,898 - INFO - BuildTower - OpenPoseThread: Gaze3D frame=0 id=None label=None v=[-0.491, -0.606, 0.626] yaw=-38.1 pitch=37.3
2025-12-19 14:17:51,219 - INFO - BuildTower - OpenPoseThread: gaze frame_idx=0 ts=2025-12-19T14:17:51.151795Z people=2
2025-12-19 14:17:51,219 - INFO - BuildTower - OpenPoseThread: Gaze3D frame=0 id=None label=None v=[-0.034, -0.524, 0.851] yaw=-2.3 pitch=31.6
2025-12-19 14:17:51,219 - INFO - BuildTower - OpenPoseThread: Gaze3D frame=0 id=None label=None v=[-0.407, -0.759, 0.508] yaw=-38.7 pitch=49.4
2025-12-19 14:17:51,276 - INFO - BuildTower - Robot action ended.
2025-12-19 14:17:51,276 - INFO - BuildTower - Attempting to go to position: x=0.47, y=0.18, z=0.28, theta_x=100.0, theta_y=0.0, theta_z=90.0
2025-12-19 14:17:51,276 - DEBUG - BuildTower - Set speed for pose: translation=1, orientation=100
2025-12-19 14:17:51,297 - INFO - BuildTower - Pose action initiated, waiting for completion.
2025-12-19 14:17:51,430 - INFO - BuildTower - OpenPoseThread: gaze frame_idx=0 ts=2025-12-19T14:17:51.396738Z people=2
2025-12-19 14:17:51,431 - INFO - BuildTower - OpenPoseThread: Gaze3D frame=0 id=None label=None v=[-0.068, -0.489, 0.870] yaw=-4.4 pitch=29.3
2025-12-19 14:17:51,431 - INFO - BuildTower - OpenPoseThread: Gaze3D frame=0 id=None label=None v=[-0.600, -0.289, 0.746] yaw=-38.8 pitch=16.8
2025-12-19 14:17:51,642 - INFO - BuildTower - OpenPoseThread: gaze frame_idx=0 ts=2025-12-19T14:17:51.628138Z people=2
2025-12-19 14:17:51,642 - INFO - BuildTower - OpenPoseThread: Gaze3D frame=0 id=None label=None v=[0.022, -0.483, 0.875] yaw=1.5 pitch=28.9
2025-12-19 14:17:51,642 - INFO - BuildTower - OpenPoseThread: Gaze3D frame=0 id=None label=None v=[-0.608, -0.328, 0.723] yaw=-40.0 pitch=19.1
2025-12-19 14:17:51,864 - INFO - BuildTower - OpenPoseThread: gaze frame_idx=0 ts=2025-12-19T14:17:51.862818Z people=2
2025-12-19 14:17:51,864 - INFO - BuildTower - OpenPoseThread: Gaze3D frame=0 id=None label=None v=[-0.001, -0.396, 0.918] yaw=-0.0 pitch=23.3
2025-12-19 14:17:51,864 - INFO - BuildTower - OpenPoseThread: Gaze3D frame=0 id=None label=None v=[-0.602, -0.294, 0.743] yaw=-39.0 pitch=17.1
2025-12-19 14:17:52,025 - INFO - BuildTower - Robot action ended.
2025-12-19 14:17:52,028 - INFO - BuildTower - Sending gripper command: value=0.075
2025-12-19 14:17:52,185 - INFO - BuildTower - OpenPoseThread: gaze frame_idx=0 ts=2025-12-19T14:17:52.119212Z people=2
2025-12-19 14:17:52,185 - INFO - BuildTower - OpenPoseThread: Gaze3D frame=0 id=None label=None v=[-0.047, -0.399, 0.916] yaw=-3.0 pitch=23.5
2025-12-19 14:17:52,186 - INFO - BuildTower - OpenPoseThread: Gaze3D frame=0 id=None label=None v=[-0.556, -0.368, 0.745] yaw=-36.7 pitch=21.6
2025-12-19 14:17:52,397 - INFO - BuildTower - OpenPoseThread: gaze frame_idx=0 ts=2025-12-19T14:17:52.377502Z people=2
2025-12-19 14:17:52,397 - INFO - BuildTower - OpenPoseThread: Gaze3D frame=0 id=None label=None v=[-0.149, -0.619, 0.771] yaw=-11.0 pitch=38.3
2025-12-19 14:17:52,397 - INFO - BuildTower - OpenPoseThread: Gaze3D frame=0 id=None label=None v=[-0.354, -0.636, 0.686] yaw=-27.3 pitch=39.5
2025-12-19 14:17:52,546 - INFO - BuildTower - Gripper command 0.075 sent successfully.
2025-12-19 14:17:52,548 - INFO - BuildTower - Attempting to go to position: x=0.47, y=0.18, z=0.325, theta_x=100.0, theta_y=0.0, theta_z=90.0
2025-12-19 14:17:52,548 - DEBUG - BuildTower - Set speed for pose: translation=1, orientation=100
2025-12-19 14:17:52,572 - INFO - BuildTower - Pose action initiated, waiting for completion.
2025-12-19 14:17:52,608 - INFO - BuildTower - OpenPoseThread: gaze frame_idx=0 ts=2025-12-19T14:17:52.601395Z people=2
2025-12-19 14:17:52,608 - INFO - BuildTower - OpenPoseThread: Gaze3D frame=0 id=None label=None v=[-0.315, -0.407, 0.857] yaw=-20.2 pitch=24.0
2025-12-19 14:17:52,608 - INFO - BuildTower - OpenPoseThread: Gaze3D frame=0 id=None label=None v=[-0.182, -0.545, 0.819] yaw=-12.5 pitch=33.0
2025-12-19 14:17:52,929 - INFO - BuildTower - OpenPoseThread: gaze frame_idx=0 ts=2025-12-19T14:17:52.859252Z people=2
2025-12-19 14:17:52,930 - INFO - BuildTower - OpenPoseThread: Gaze3D frame=0 id=left label=Left person v=[-0.377, -0.467, 0.800] yaw=-25.2 pitch=27.8
2025-12-19 14:17:52,930 - INFO - BuildTower - OpenPoseThread: Gaze3D frame=0 id=right label=Right person v=[-0.304, -0.603, 0.738] yaw=-22.4 pitch=37.1
2025-12-19 14:17:53,280 - INFO - BuildTower - Robot action ended.
2025-12-19 14:17:53,280 - INFO - BuildTower - Attempting to go to position: x=0.735, y=0.0, z=0.352, theta_x=100.0, theta_y=0.0, theta_z=90.0
2025-12-19 14:17:53,280 - DEBUG - BuildTower - Set speed for pose: translation=1, orientation=100
2025-12-19 14:17:53,297 - INFO - BuildTower - Pose action initiated, waiting for completion.
2025-12-19 14:17:56,788 - INFO - BuildTower - Robot action ended.
2025-12-19 14:17:56,788 - INFO - BuildTower - Attempting to go to position: x=0.735, y=0.0, z=0.307, theta_x=100.0, theta_y=0.0, theta_z=90.0
2025-12-19 14:17:56,788 - DEBUG - BuildTower - Set speed for pose: translation=1, orientation=100
2025-12-19 14:17:56,797 - INFO - BuildTower - Pose action initiated, waiting for completion.
2025-12-19 14:17:57,505 - INFO - BuildTower - Robot action ended.
2025-12-19 14:17:57,507 - INFO - BuildTower - Sending gripper command: value=0
2025-12-19 14:17:58,022 - INFO - BuildTower - Gripper command 0 sent successfully.
2025-12-19 14:17:58,024 - INFO - BuildTower - Attempting to go to position: x=0.735, y=0.0, z=0.352, theta_x=100.0, theta_y=0.0, theta_z=90.0
2025-12-19 14:17:58,024 - DEBUG - BuildTower - Set speed for pose: translation=1, orientation=100
2025-12-19 14:17:58,049 - INFO - BuildTower - Pose action initiated, waiting for completion.
2025-12-19 14:17:58,777 - INFO - BuildTower - Robot action ended.
2025-12-19 14:17:58,777 - INFO - BuildTower - Robot completed its turn. Robot turn count: 1
2025-12-19 14:17:58,777 - INFO - BuildTower - Executing turn 1 out of 9.
2025-12-19 14:17:58,808 - INFO - BuildTower - Sending robot to home position.
2025-12-19 14:17:59,422 - INFO - BuildTower - Sending to OpenPose (via thread): PL: Arm Extended Check
2025-12-19 14:17:59,422 - INFO - BuildTower - OpenPoseThread: sending cmd: PL: Arm Extended Check
2025-12-19 14:18:09,422 - ERROR - BuildTower - OpenPoseThread: timeout waiting for reply for cmd=PL: Arm Extended Check
2025-12-19 14:18:09,423 - INFO - BuildTower - Sending to OpenPose (via thread): PL: Arm Retracted Check
2025-12-19 14:18:19,423 - ERROR - BuildTower - OpenPoseThread: timeout waiting for reply for cmd=PL: Arm Retracted Check
2025-12-19 14:18:19,424 - INFO - BuildTower - Executing turn 2 out of 9.
2025-12-19 14:18:19,424 - INFO - BuildTower - Moving block from start 0.3 to target 0.387. Turn: 2, Block Shape: 4
2025-12-19 14:18:19,426 - INFO - BuildTower - Sending gripper command: value=0
2025-12-19 14:18:19,948 - INFO - BuildTower - Gripper command 0 sent successfully.
2025-12-19 14:18:19,950 - INFO - BuildTower - Attempting to go to position: x=0.3, y=0.3, z=0.345, theta_x=100.0, theta_y=0.0, theta_z=90.0
2025-12-19 14:18:19,950 - DEBUG - BuildTower - Set speed for pose: translation=1, orientation=100
2025-12-19 14:18:19,976 - INFO - BuildTower - Pose action initiated, waiting for completion.
2025-12-19 14:18:24,408 - INFO - BuildTower - Robot action ended.
2025-12-19 14:18:24,409 - INFO - BuildTower - Attempting to go to position: x=0.3, y=0.3, z=0.3, theta_x=100.0, theta_y=0.0, theta_z=90.0
2025-12-19 14:18:24,409 - DEBUG - BuildTower - Set speed for pose: translation=1, orientation=100
2025-12-19 14:18:24,451 - INFO - BuildTower - Pose action initiated, waiting for completion.
2025-12-19 14:18:25,178 - INFO - BuildTower - Robot action ended.
2025-12-19 14:18:25,180 - INFO - BuildTower - Sending gripper command: value=0.7
2025-12-19 14:18:25,703 - INFO - BuildTower - Gripper command 0.7 sent successfully.
2025-12-19 14:18:25,706 - INFO - BuildTower - Attempting to go to position: x=0.3, y=0.3, z=0.435, theta_x=100.0, theta_y=0.0, theta_z=90.0
2025-12-19 14:18:25,706 - DEBUG - BuildTower - Set speed for pose: translation=1, orientation=100
2025-12-19 14:18:25,725 - INFO - BuildTower - Pose action initiated, waiting for completion.
2025-12-19 14:18:27,361 - INFO - BuildTower - Robot action ended.
2025-12-19 14:18:27,362 - INFO - BuildTower - Attempting to go to position: x=0.735, y=0.0, z=0.432, theta_x=100.0, theta_y=0.0, theta_z=90.0
2025-12-19 14:18:27,362 - DEBUG - BuildTower - Set speed for pose: translation=1, orientation=100
2025-12-19 14:18:27,375 - INFO - BuildTower - Pose action initiated, waiting for completion.
2025-12-19 14:18:32,933 - INFO - BuildTower - Robot action ended.
2025-12-19 14:18:32,933 - INFO - BuildTower - Attempting to go to position: x=0.735, y=0.0, z=0.387, theta_x=100.0, theta_y=0.0, theta_z=90.0
2025-12-19 14:18:32,933 - DEBUG - BuildTower - Set speed for pose: translation=1, orientation=100
2025-12-19 14:18:32,951 - INFO - BuildTower - Pose action initiated, waiting for completion.
2025-12-19 14:18:33,680 - INFO - BuildTower - Robot action ended.
2025-12-19 14:18:33,682 - INFO - BuildTower - Sending gripper command: value=0
2025-12-19 14:18:34,199 - INFO - BuildTower - Gripper command 0 sent successfully.
2025-12-19 14:18:34,201 - INFO - BuildTower - Attempting to go to position: x=0.735, y=0.0, z=0.432, theta_x=100.0, theta_y=0.0, theta_z=90.0
2025-12-19 14:18:34,201 - DEBUG - BuildTower - Set speed for pose: translation=1, orientation=100
2025-12-19 14:18:34,227 - INFO - BuildTower - Pose action initiated, waiting for completion.
2025-12-19 14:18:34,958 - INFO - BuildTower - Robot action ended.
2025-12-19 14:18:34,959 - INFO - BuildTower - Robot completed its turn. Robot turn count: 2
2025-12-19 14:18:34,959 - INFO - BuildTower - Executing turn 3 out of 9.
2025-12-19 14:18:34,983 - INFO - BuildTower - Sending robot to home position.
2025-12-19 14:18:35,600 - INFO - BuildTower - Sending to OpenPose (via thread): PR: Arm Extended Check
2025-12-19 14:18:43,109 - INFO - BuildTower - OpenPoseThread: gaze frame_idx=8 ts=2025-12-19T14:18:43.108691Z people=2
2025-12-19 14:18:43,109 - INFO - BuildTower - OpenPoseThread: Gaze3D frame=8 id=None label=None v=[-0.122, -0.272, 0.955] yaw=-7.3 pitch=15.8
2025-12-19 14:18:43,109 - INFO - BuildTower - OpenPoseThread: Gaze3D frame=8 id=None label=None v=[-0.052, -0.477, 0.877] yaw=-3.4 pitch=28.5
2025-12-19 14:18:43,335 - INFO - BuildTower - OpenPoseThread: gaze frame_idx=8 ts=2025-12-19T14:18:43.334377Z people=2
2025-12-19 14:18:43,335 - INFO - BuildTower - OpenPoseThread: Gaze3D frame=8 id=None label=None v=[-0.129, -0.451, 0.883] yaw=-8.3 pitch=26.8
2025-12-19 14:18:43,335 - INFO - BuildTower - OpenPoseThread: Gaze3D frame=8 id=None label=None v=[-0.202, -0.353, 0.914] yaw=-12.5 pitch=20.7
2025-12-19 14:18:43,561 - INFO - BuildTower - OpenPoseThread: gaze frame_idx=8 ts=2025-12-19T14:18:43.560504Z people=2
2025-12-19 14:18:43,561 - INFO - BuildTower - OpenPoseThread: Gaze3D frame=8 id=None label=None v=[-0.152, -0.559, 0.815] yaw=-10.5 pitch=34.0
2025-12-19 14:18:43,561 - INFO - BuildTower - OpenPoseThread: Gaze3D frame=8 id=None label=None v=[-0.274, -0.244, 0.930] yaw=-16.4 pitch=14.1
2025-12-19 14:18:43,821 - INFO - BuildTower - OpenPoseThread: gaze frame_idx=8 ts=2025-12-19T14:18:43.819771Z people=2
2025-12-19 14:18:43,821 - INFO - BuildTower - OpenPoseThread: Gaze3D frame=8 id=None label=None v=[-0.069, -0.429, 0.901] yaw=-4.4 pitch=25.4
2025-12-19 14:18:43,821 - INFO - BuildTower - OpenPoseThread: Gaze3D frame=8 id=None label=None v=[-0.260, -0.102, 0.960] yaw=-15.1 pitch=5.9
2025-12-19 14:18:44,075 - INFO - BuildTower - OpenPoseThread: gaze frame_idx=8 ts=2025-12-19T14:18:44.074035Z people=2
2025-12-19 14:18:44,075 - INFO - BuildTower - OpenPoseThread: Gaze3D frame=8 id=None label=None v=[-0.074, -0.473, 0.878] yaw=-4.8 pitch=28.3
2025-12-19 14:18:44,075 - INFO - BuildTower - OpenPoseThread: Gaze3D frame=8 id=None label=None v=[-0.243, -0.275, 0.930] yaw=-14.6 pitch=15.9
2025-12-19 14:18:44,332 - INFO - BuildTower - OpenPoseThread: gaze frame_idx=8 ts=2025-12-19T14:18:44.331249Z people=2
2025-12-19 14:18:44,332 - INFO - BuildTower - OpenPoseThread: Gaze3D frame=8 id=None label=None v=[-0.107, -0.498, 0.860] yaw=-7.1 pitch=29.9
2025-12-19 14:18:44,332 - INFO - BuildTower - OpenPoseThread: Gaze3D frame=8 id=None label=None v=[-0.156, -0.195, 0.968] yaw=-9.1 pitch=11.2
2025-12-19 14:18:44,586 - INFO - BuildTower - OpenPoseThread: gaze frame_idx=8 ts=2025-12-19T14:18:44.585186Z people=2
2025-12-19 14:18:44,586 - INFO - BuildTower - OpenPoseThread: Gaze3D frame=8 id=None label=None v=[-0.380, -0.467, 0.799] yaw=-25.4 pitch=27.8
2025-12-19 14:18:44,586 - INFO - BuildTower - OpenPoseThread: Gaze3D frame=8 id=None label=None v=[-0.262, -0.300, 0.917] yaw=-15.9 pitch=17.5
2025-12-19 14:18:44,845 - INFO - BuildTower - OpenPoseThread: gaze frame_idx=8 ts=2025-12-19T14:18:44.844430Z people=2
2025-12-19 14:18:44,846 - INFO - BuildTower - OpenPoseThread: Gaze3D frame=8 id=None label=None v=[-0.079, -0.469, 0.880] yaw=-5.1 pitch=28.0
2025-12-19 14:18:44,846 - INFO - BuildTower - OpenPoseThread: Gaze3D frame=8 id=None label=None v=[-0.213, -0.363, 0.907] yaw=-13.2 pitch=21.3
2025-12-19 14:18:45,096 - INFO - BuildTower - OpenPoseThread: gaze frame_idx=8 ts=2025-12-19T14:18:45.095517Z people=2
2025-12-19 14:18:45,096 - INFO - BuildTower - OpenPoseThread: Gaze3D frame=8 id=None label=None v=[-0.281, -0.471, 0.836] yaw=-18.6 pitch=28.1
2025-12-19 14:18:45,096 - INFO - BuildTower - OpenPoseThread: Gaze3D frame=8 id=None label=None v=[-0.206, -0.380, 0.902] yaw=-12.8 pitch=22.3
2025-12-19 14:18:45,315 - INFO - BuildTower - OpenPoseThread: gaze frame_idx=8 ts=2025-12-19T14:18:45.314239Z people=2
2025-12-19 14:18:45,315 - INFO - BuildTower - OpenPoseThread: Gaze3D frame=8 id=None label=None v=[-0.368, -0.441, 0.818] yaw=-24.2 pitch=26.2
2025-12-19 14:18:45,315 - INFO - BuildTower - OpenPoseThread: Gaze3D frame=8 id=None label=None v=[-0.280, -0.411, 0.867] yaw=-17.9 pitch=24.3
2025-12-19 14:18:45,564 - INFO - BuildTower - OpenPoseThread: gaze frame_idx=8 ts=2025-12-19T14:18:45.563607Z people=2
2025-12-19 14:18:45,564 - INFO - BuildTower - OpenPoseThread: Gaze3D frame=8 id=None label=None v=[-0.331, -0.483, 0.811] yaw=-22.2 pitch=28.9
2025-12-19 14:18:45,564 - INFO - BuildTower - OpenPoseThread: Gaze3D frame=8 id=None label=None v=[-0.154, -0.464, 0.872] yaw=-10.0 pitch=27.6
2025-12-19 14:18:45,600 - ERROR - BuildTower - OpenPoseThread: timeout waiting for reply for cmd=PR: Arm Extended Check
2025-12-19 14:18:45,600 - INFO - BuildTower - Sending to OpenPose (via thread): PR: Arm Retracted Check
2025-12-19 14:18:45,817 - INFO - BuildTower - OpenPoseThread: gaze frame_idx=8 ts=2025-12-19T14:18:45.816191Z people=2
2025-12-19 14:18:45,817 - INFO - BuildTower - OpenPoseThread: Gaze3D frame=8 id=None label=None v=[-0.253, -0.631, 0.733] yaw=-19.0 pitch=39.1
2025-12-19 14:18:45,817 - INFO - BuildTower - OpenPoseThread: Gaze3D frame=8 id=None label=None v=[-0.407, -0.331, 0.852] yaw=-25.5 pitch=19.3
2025-12-19 14:18:46,080 - INFO - BuildTower - OpenPoseThread: gaze frame_idx=8 ts=2025-12-19T14:18:46.078565Z people=2
2025-12-19 14:18:46,080 - INFO - BuildTower - OpenPoseThread: Gaze3D frame=8 id=None label=None v=[-0.137, -0.400, 0.906] yaw=-8.6 pitch=23.6
2025-12-19 14:18:46,080 - INFO - BuildTower - OpenPoseThread: Gaze3D frame=8 id=None label=None v=[-0.273, -0.842, 0.466] yaw=-30.4 pitch=57.3
2025-12-19 14:18:46,337 - INFO - BuildTower - OpenPoseThread: gaze frame_idx=8 ts=2025-12-19T14:18:46.335977Z people=2
2025-12-19 14:18:46,337 - INFO - BuildTower - OpenPoseThread: Gaze3D frame=8 id=None label=None v=[-0.030, -0.463, 0.886] yaw=-2.0 pitch=27.6
2025-12-19 14:18:46,337 - INFO - BuildTower - OpenPoseThread: Gaze3D frame=8 id=None label=None v=[-0.291, -0.636, 0.715] yaw=-22.1 pitch=39.5
2025-12-19 14:18:46,603 - INFO - BuildTower - OpenPoseThread: gaze frame_idx=8 ts=2025-12-19T14:18:46.602377Z people=2
2025-12-19 14:18:46,603 - INFO - BuildTower - OpenPoseThread: Gaze3D frame=8 id=None label=None v=[-0.118, -0.569, 0.814] yaw=-8.2 pitch=34.7
2025-12-19 14:18:46,603 - INFO - BuildTower - OpenPoseThread: Gaze3D frame=8 id=None label=None v=[-0.424, -0.211, 0.881] yaw=-25.7 pitch=12.2
2025-12-19 14:18:46,873 - INFO - BuildTower - OpenPoseThread: gaze frame_idx=8 ts=2025-12-19T14:18:46.872039Z people=2
2025-12-19 14:18:46,873 - INFO - BuildTower - OpenPoseThread: Gaze3D frame=8 id=None label=None v=[-0.242, -0.326, 0.914] yaw=-14.8 pitch=19.0
2025-12-19 14:18:46,873 - INFO - BuildTower - OpenPoseThread: Gaze3D frame=8 id=None label=None v=[-0.367, -0.527, 0.766] yaw=-25.6 pitch=31.8
2025-12-19 14:18:47,138 - INFO - BuildTower - OpenPoseThread: gaze frame_idx=8 ts=2025-12-19T14:18:47.137664Z people=2
2025-12-19 14:18:47,138 - INFO - BuildTower - OpenPoseThread: Gaze3D frame=8 id=None label=None v=[-0.081, -0.446, 0.891] yaw=-5.2 pitch=26.5
2025-12-19 14:18:47,138 - INFO - BuildTower - OpenPoseThread: Gaze3D frame=8 id=None label=None v=[-0.311, -0.643, 0.699] yaw=-24.0 pitch=40.0
2025-12-19 14:18:47,375 - INFO - BuildTower - OpenPoseThread: gaze frame_idx=8 ts=2025-12-19T14:18:47.374909Z people=2
2025-12-19 14:18:47,375 - INFO - BuildTower - OpenPoseThread: Gaze3D frame=8 id=None label=None v=[-0.370, -0.353, 0.859] yaw=-23.3 pitch=20.7
2025-12-19 14:18:47,376 - INFO - BuildTower - OpenPoseThread: Gaze3D frame=8 id=None label=None v=[-0.147, -0.327, 0.934] yaw=-8.9 pitch=19.1
2025-12-19 14:18:47,608 - INFO - BuildTower - OpenPoseThread: gaze frame_idx=8 ts=2025-12-19T14:18:47.607448Z people=2
2025-12-19 14:18:47,608 - INFO - BuildTower - OpenPoseThread: Gaze3D frame=8 id=None label=None v=[-0.333, -0.442, 0.833] yaw=-21.8 pitch=26.2
2025-12-19 14:18:47,608 - INFO - BuildTower - OpenPoseThread: Gaze3D frame=8 id=None label=None v=[-0.336, -0.282, 0.899] yaw=-20.5 pitch=16.4
2025-12-19 14:18:47,849 - INFO - BuildTower - OpenPoseThread: gaze frame_idx=8 ts=2025-12-19T14:18:47.848120Z people=2
2025-12-19 14:18:47,849 - INFO - BuildTower - OpenPoseThread: Gaze3D frame=8 id=None label=None v=[-0.314, -0.370, 0.874] yaw=-19.7 pitch=21.7
2025-12-19 14:18:47,849 - INFO - BuildTower - OpenPoseThread: Gaze3D frame=8 id=None label=None v=[-0.402, -0.168, 0.900] yaw=-24.0 pitch=9.7
2025-12-19 14:18:48,096 - INFO - BuildTower - OpenPoseThread: gaze frame_idx=8 ts=2025-12-19T14:18:48.095525Z people=2
2025-12-19 14:18:48,096 - INFO - BuildTower - OpenPoseThread: Gaze3D frame=8 id=None label=None v=[-0.412, -0.313, 0.856] yaw=-25.7 pitch=18.2
2025-12-19 14:18:48,096 - INFO - BuildTower - OpenPoseThread: Gaze3D frame=8 id=None label=None v=[-0.291, -0.233, 0.928] yaw=-17.4 pitch=13.5
2025-12-19 14:18:48,348 - INFO - BuildTower - OpenPoseThread: gaze frame_idx=8 ts=2025-12-19T14:18:48.347278Z people=2
2025-12-19 14:18:48,348 - INFO - BuildTower - OpenPoseThread: Gaze3D frame=8 id=None label=None v=[-0.389, -0.256, 0.885] yaw=-23.7 pitch=14.8
2025-12-19 14:18:48,348 - INFO - BuildTower - OpenPoseThread: Gaze3D frame=8 id=None label=None v=[-0.292, -0.644, 0.707] yaw=-22.4 pitch=40.1
2025-12-19 14:18:48,593 - INFO - BuildTower - OpenPoseThread: gaze frame_idx=8 ts=2025-12-19T14:18:48.592679Z people=2
2025-12-19 14:18:48,593 - INFO - BuildTower - OpenPoseThread: Gaze3D frame=8 id=None label=None v=[-0.251, -0.367, 0.895] yaw=-15.7 pitch=21.6
2025-12-19 14:18:48,593 - INFO - BuildTower - OpenPoseThread: Gaze3D frame=8 id=None label=None v=[-0.286, -0.184, 0.940] yaw=-16.9 pitch=10.6
2025-12-19 14:18:48,848 - INFO - BuildTower - OpenPoseThread: gaze frame_idx=8 ts=2025-12-19T14:18:48.847106Z people=2
2025-12-19 14:18:48,848 - INFO - BuildTower - OpenPoseThread: Gaze3D frame=8 id=None label=None v=[-0.360, -0.140, 0.922] yaw=-21.3 pitch=8.1
2025-12-19 14:18:48,848 - INFO - BuildTower - OpenPoseThread: Gaze3D frame=8 id=None label=None v=[-0.288, -0.288, 0.913] yaw=-17.5 pitch=16.7
2025-12-19 14:18:49,094 - INFO - BuildTower - OpenPoseThread: gaze frame_idx=8 ts=2025-12-19T14:18:49.093322Z people=2
2025-12-19 14:18:49,094 - INFO - BuildTower - OpenPoseThread: Gaze3D frame=8 id=None label=None v=[-0.335, -0.252, 0.908] yaw=-20.3 pitch=14.6
2025-12-19 14:18:49,094 - INFO - BuildTower - OpenPoseThread: Gaze3D frame=8 id=None label=None v=[-0.313, -0.216, 0.925] yaw=-18.7 pitch=12.5
2025-12-19 14:18:49,340 - INFO - BuildTower - OpenPoseThread: gaze frame_idx=8 ts=2025-12-19T14:18:49.339815Z people=2
2025-12-19 14:18:49,340 - INFO - BuildTower - OpenPoseThread: Gaze3D frame=8 id=None label=None v=[-0.325, -0.279, 0.904] yaw=-19.8 pitch=16.2
2025-12-19 14:18:49,340 - INFO - BuildTower - OpenPoseThread: Gaze3D frame=8 id=None label=None v=[-0.262, -0.315, 0.912] yaw=-16.0 pitch=18.4
2025-12-19 14:18:49,583 - INFO - BuildTower - OpenPoseThread: gaze frame_idx=8 ts=2025-12-19T14:18:49.582848Z people=2
2025-12-19 14:18:49,583 - INFO - BuildTower - OpenPoseThread: Gaze3D frame=8 id=None label=None v=[-0.235, -0.304, 0.923] yaw=-14.3 pitch=17.7
2025-12-19 14:18:49,583 - INFO - BuildTower - OpenPoseThread: Gaze3D frame=8 id=None label=None v=[-0.306, -0.599, 0.740] yaw=-22.5 pitch=36.8
2025-12-19 14:18:49,832 - INFO - BuildTower - OpenPoseThread: gaze frame_idx=8 ts=2025-12-19T14:18:49.831354Z people=2
2025-12-19 14:18:49,832 - INFO - BuildTower - OpenPoseThread: Gaze3D frame=8 id=None label=None v=[0.063, -0.390, 0.918] yaw=3.9 pitch=23.0
2025-12-19 14:18:49,833 - INFO - BuildTower - OpenPoseThread: Gaze3D frame=8 id=None label=None v=[-0.304, -0.353, 0.885] yaw=-19.0 pitch=20.7
2025-12-19 14:18:50,079 - INFO - BuildTower - OpenPoseThread: gaze frame_idx=8 ts=2025-12-19T14:18:50.078630Z people=2
2025-12-19 14:18:50,079 - INFO - BuildTower - OpenPoseThread: Gaze3D frame=8 id=None label=None v=[-0.029, -0.359, 0.933] yaw=-1.8 pitch=21.1
2025-12-19 14:18:50,079 - INFO - BuildTower - OpenPoseThread: Gaze3D frame=8 id=None label=None v=[-0.308, -0.438, 0.845] yaw=-20.0 pitch=26.0
2025-12-19 14:18:50,320 - INFO - BuildTower - OpenPoseThread: gaze frame_idx=8 ts=2025-12-19T14:18:50.319547Z people=2
2025-12-19 14:18:50,320 - INFO - BuildTower - OpenPoseThread: Gaze3D frame=8 id=None label=None v=[-0.003, -0.356, 0.934] yaw=-0.2 pitch=20.9
2025-12-19 14:18:50,320 - INFO - BuildTower - OpenPoseThread: Gaze3D frame=8 id=None label=None v=[-0.286, -0.311, 0.906] yaw=-17.5 pitch=18.1
2025-12-19 14:18:50,499 - INFO - BuildTower - OpenPoseThread: gaze frame_idx=8 ts=2025-12-19T14:18:50.498912Z people=1
2025-12-19 14:18:50,499 - INFO - BuildTower - OpenPoseThread: Gaze3D frame=8 id=None label=None v=[-0.492, -0.545, 0.679] yaw=-35.9 pitch=33.0
2025-12-19 14:18:50,720 - INFO - BuildTower - OpenPoseThread: gaze frame_idx=8 ts=2025-12-19T14:18:50.719532Z people=2
2025-12-19 14:18:50,720 - INFO - BuildTower - OpenPoseThread: Gaze3D frame=8 id=None label=None v=[-0.522, -0.288, 0.803] yaw=-33.0 pitch=16.7
2025-12-19 14:18:50,720 - INFO - BuildTower - OpenPoseThread: Gaze3D frame=8 id=None label=None v=[-0.335, -0.433, 0.837] yaw=-21.8 pitch=25.7
2025-12-19 14:18:50,879 - INFO - BuildTower - OpenPoseThread: gaze frame_idx=8 ts=2025-12-19T14:18:50.878881Z people=1
2025-12-19 14:18:50,879 - INFO - BuildTower - OpenPoseThread: Gaze3D frame=8 id=None label=None v=[-0.174, -0.290, 0.941] yaw=-10.5 pitch=16.9
2025-12-19 14:18:51,048 - INFO - BuildTower - OpenPoseThread: gaze frame_idx=8 ts=2025-12-19T14:18:51.047358Z people=1
2025-12-19 14:18:51,048 - INFO - BuildTower - OpenPoseThread: Gaze3D frame=8 id=None label=None v=[-0.056, -0.351, 0.935] yaw=-3.4 pitch=20.5
2025-12-19 14:18:51,227 - INFO - BuildTower - OpenPoseThread: gaze frame_idx=8 ts=2025-12-19T14:18:51.226554Z people=1
2025-12-19 14:18:51,227 - INFO - BuildTower - OpenPoseThread: Gaze3D frame=8 id=None label=None v=[-0.071, -0.474, 0.878] yaw=-4.6 pitch=28.3
2025-12-19 14:18:51,410 - INFO - BuildTower - OpenPoseThread: gaze frame_idx=8 ts=2025-12-19T14:18:51.409517Z people=1
2025-12-19 14:18:51,410 - INFO - BuildTower - OpenPoseThread: Gaze3D frame=8 id=None label=None v=[-0.066, -0.450, 0.890] yaw=-4.3 pitch=26.8
2025-12-19 14:18:51,597 - INFO - BuildTower - OpenPoseThread: gaze frame_idx=8 ts=2025-12-19T14:18:51.596451Z people=1
2025-12-19 14:18:51,597 - INFO - BuildTower - OpenPoseThread: Gaze3D frame=8 id=None label=None v=[-0.017, -0.424, 0.906] yaw=-1.1 pitch=25.1
2025-12-19 14:18:51,774 - INFO - BuildTower - OpenPoseThread: gaze frame_idx=8 ts=2025-12-19T14:18:51.773246Z people=1
2025-12-19 14:18:51,774 - INFO - BuildTower - OpenPoseThread: Gaze3D frame=8 id=None label=None v=[-0.348, -0.264, 0.900] yaw=-21.1 pitch=15.3
2025-12-19 14:18:51,950 - INFO - BuildTower - OpenPoseThread: gaze frame_idx=8 ts=2025-12-19T14:18:51.949519Z people=1
2025-12-19 14:18:51,950 - INFO - BuildTower - OpenPoseThread: Gaze3D frame=8 id=None label=None v=[-0.290, -0.248, 0.924] yaw=-17.4 pitch=14.4
2025-12-19 14:18:52,134 - INFO - BuildTower - OpenPoseThread: gaze frame_idx=8 ts=2025-12-19T14:18:52.133796Z people=1
2025-12-19 14:18:52,134 - INFO - BuildTower - OpenPoseThread: Gaze3D frame=8 id=None label=None v=[-0.338, -0.379, 0.861] yaw=-21.4 pitch=22.3
2025-12-19 14:18:52,307 - INFO - BuildTower - OpenPoseThread: gaze frame_idx=8 ts=2025-12-19T14:18:52.306102Z people=1
2025-12-19 14:18:52,307 - INFO - BuildTower - OpenPoseThread: Gaze3D frame=8 id=None label=None v=[-0.274, -0.439, 0.856] yaw=-17.8 pitch=26.0
2025-12-19 14:18:52,484 - INFO - BuildTower - OpenPoseThread: gaze frame_idx=8 ts=2025-12-19T14:18:52.483248Z people=1
2025-12-19 14:18:52,484 - INFO - BuildTower - OpenPoseThread: Gaze3D frame=8 id=None label=None v=[-0.363, -0.317, 0.876] yaw=-22.5 pitch=18.5
2025-12-19 14:18:52,648 - INFO - BuildTower - OpenPoseThread: gaze frame_idx=8 ts=2025-12-19T14:18:52.647373Z people=1
2025-12-19 14:18:52,648 - INFO - BuildTower - OpenPoseThread: Gaze3D frame=8 id=None label=None v=[-0.342, -0.362, 0.867] yaw=-21.5 pitch=21.2
2025-12-19 14:18:52,828 - INFO - BuildTower - OpenPoseThread: gaze frame_idx=8 ts=2025-12-19T14:18:52.827686Z people=1
2025-12-19 14:18:52,828 - INFO - BuildTower - OpenPoseThread: Gaze3D frame=8 id=None label=None v=[-0.340, -0.354, 0.871] yaw=-21.3 pitch=20.8
2025-12-19 14:18:52,999 - INFO - BuildTower - OpenPoseThread: gaze frame_idx=8 ts=2025-12-19T14:18:52.998194Z people=1
2025-12-19 14:18:52,999 - INFO - BuildTower - OpenPoseThread: Gaze3D frame=8 id=None label=None v=[-0.315, -0.406, 0.858] yaw=-20.2 pitch=24.0
2025-12-19 14:18:53,189 - INFO - BuildTower - OpenPoseThread: gaze frame_idx=8 ts=2025-12-19T14:18:53.181028Z people=1
2025-12-19 14:18:53,189 - INFO - BuildTower - OpenPoseThread: Gaze3D frame=8 id=None label=None v=[-0.345, -0.355, 0.869] yaw=-21.7 pitch=20.8
2025-12-19 14:18:53,457 - INFO - BuildTower - OpenPoseThread: gaze frame_idx=8 ts=2025-12-19T14:18:53.456027Z people=2
2025-12-19 14:18:53,457 - INFO - BuildTower - OpenPoseThread: Gaze3D frame=8 id=None label=None v=[-0.401, -0.395, 0.827] yaw=-25.9 pitch=23.3
2025-12-19 14:18:53,457 - INFO - BuildTower - OpenPoseThread: Gaze3D frame=8 id=None label=None v=[-0.284, -0.447, 0.848] yaw=-18.5 pitch=26.6
2025-12-19 14:18:53,691 - INFO - BuildTower - OpenPoseThread: gaze frame_idx=8 ts=2025-12-19T14:18:53.690666Z people=2
2025-12-19 14:18:53,691 - INFO - BuildTower - OpenPoseThread: Gaze3D frame=8 id=None label=None v=[-0.375, -0.273, 0.886] yaw=-22.9 pitch=15.8
2025-12-19 14:18:53,691 - INFO - BuildTower - OpenPoseThread: Gaze3D frame=8 id=None label=None v=[-0.381, -0.264, 0.886] yaw=-23.2 pitch=15.3
2025-12-19 14:18:53,912 - INFO - BuildTower - OpenPoseThread: gaze frame_idx=8 ts=2025-12-19T14:18:53.911803Z people=2
2025-12-19 14:18:53,912 - INFO - BuildTower - OpenPoseThread: Gaze3D frame=8 id=None label=None v=[-0.404, -0.346, 0.847] yaw=-25.5 pitch=20.2
2025-12-19 14:18:53,912 - INFO - BuildTower - OpenPoseThread: Gaze3D frame=8 id=None label=None v=[-0.153, -0.592, 0.791] yaw=-10.9 pitch=36.3
2025-12-19 14:18:54,154 - INFO - BuildTower - OpenPoseThread: gaze frame_idx=8 ts=2025-12-19T14:18:54.153140Z people=2
2025-12-19 14:18:54,154 - INFO - BuildTower - OpenPoseThread: Gaze3D frame=8 id=None label=None v=[-0.320, -0.432, 0.843] yaw=-20.8 pitch=25.6
2025-12-19 14:18:54,154 - INFO - BuildTower - OpenPoseThread: Gaze3D frame=8 id=None label=None v=[-0.184, -0.629, 0.755] yaw=-13.7 pitch=39.0
2025-12-19 14:18:54,376 - INFO - BuildTower - OpenPoseThread: gaze frame_idx=8 ts=2025-12-19T14:18:54.375675Z people=2
2025-12-19 14:18:54,376 - INFO - BuildTower - OpenPoseThread: Gaze3D frame=8 id=None label=None v=[-0.132, -0.505, 0.853] yaw=-8.8 pitch=30.4
2025-12-19 14:18:54,376 - INFO - BuildTower - OpenPoseThread: Gaze3D frame=8 id=None label=None v=[-0.280, -0.505, 0.816] yaw=-19.0 pitch=30.4
2025-12-19 14:18:54,601 - INFO - BuildTower - OpenPoseThread: gaze frame_idx=8 ts=2025-12-19T14:18:54.600722Z people=2
2025-12-19 14:18:54,601 - INFO - BuildTower - OpenPoseThread: Gaze3D frame=8 id=None label=None v=[-0.087, -0.413, 0.906] yaw=-5.5 pitch=24.4
2025-12-19 14:18:54,601 - INFO - BuildTower - OpenPoseThread: Gaze3D frame=8 id=None label=None v=[-0.231, -0.422, 0.876] yaw=-14.8 pitch=25.0
2025-12-19 14:18:54,852 - INFO - BuildTower - OpenPoseThread: gaze frame_idx=8 ts=2025-12-19T14:18:54.851126Z people=2
2025-12-19 14:18:54,852 - INFO - BuildTower - OpenPoseThread: Gaze3D frame=8 id=None label=None v=[-0.146, -0.531, 0.835] yaw=-9.9 pitch=32.1
2025-12-19 14:18:54,853 - INFO - BuildTower - OpenPoseThread: Gaze3D frame=8 id=None label=None v=[-0.260, -0.347, 0.901] yaw=-16.1 pitch=20.3
2025-12-19 14:18:55,114 - INFO - BuildTower - OpenPoseThread: gaze frame_idx=8 ts=2025-12-19T14:18:55.113692Z people=2
2025-12-19 14:18:55,114 - INFO - BuildTower - OpenPoseThread: Gaze3D frame=8 id=None label=None v=[-0.054, -0.507, 0.860] yaw=-3.6 pitch=30.5
2025-12-19 14:18:55,114 - INFO - BuildTower - OpenPoseThread: Gaze3D frame=8 id=None label=None v=[-0.336, -0.300, 0.893] yaw=-20.6 pitch=17.5
2025-12-19 14:18:55,367 - INFO - BuildTower - OpenPoseThread: gaze frame_idx=8 ts=2025-12-19T14:18:55.366504Z people=2
2025-12-19 14:18:55,367 - INFO - BuildTower - OpenPoseThread: Gaze3D frame=8 id=None label=None v=[-0.061, -0.459, 0.886] yaw=-4.0 pitch=27.3
2025-12-19 14:18:55,367 - INFO - BuildTower - OpenPoseThread: Gaze3D frame=8 id=None label=None v=[-0.275, -0.321, 0.906] yaw=-16.9 pitch=18.7
2025-12-19 14:18:55,601 - ERROR - BuildTower - OpenPoseThread: timeout waiting for reply for cmd=PR: Arm Retracted Check
2025-12-19 14:18:55,601 - INFO - BuildTower - Executing turn 4 out of 9.
2025-12-19 14:18:55,626 - INFO - BuildTower - OpenPoseThread: gaze frame_idx=8 ts=2025-12-19T14:18:55.625386Z people=2
2025-12-19 14:18:55,626 - INFO - BuildTower - OpenPoseThread: Gaze3D frame=8 id=None label=None v=[-0.087, -0.455, 0.886] yaw=-5.6 pitch=27.0
2025-12-19 14:18:55,627 - INFO - BuildTower - OpenPoseThread: Gaze3D frame=8 id=None label=None v=[-0.189, -0.457, 0.869] yaw=-12.3 pitch=27.2
2025-12-19 14:18:55,630 - INFO - BuildTower - Sending robot to home position.
2025-12-19 14:18:55,849 - INFO - BuildTower - OpenPoseThread: gaze frame_idx=8 ts=2025-12-19T14:18:55.848074Z people=2
2025-12-19 14:18:55,849 - INFO - BuildTower - OpenPoseThread: Gaze3D frame=8 id=None label=None v=[-0.379, -0.320, 0.868] yaw=-23.6 pitch=18.7
2025-12-19 14:18:55,849 - INFO - BuildTower - OpenPoseThread: Gaze3D frame=8 id=None label=None v=[-0.305, -0.338, 0.890] yaw=-18.9 pitch=19.8
2025-12-19 14:18:56,101 - INFO - BuildTower - OpenPoseThread: gaze frame_idx=8 ts=2025-12-19T14:18:56.100604Z people=2
2025-12-19 14:18:56,101 - INFO - BuildTower - OpenPoseThread: Gaze3D frame=8 id=None label=None v=[-0.368, -0.104, 0.924] yaw=-21.7 pitch=6.0
2025-12-19 14:18:56,101 - INFO - BuildTower - OpenPoseThread: Gaze3D frame=8 id=None label=None v=[-0.321, -0.175, 0.931] yaw=-19.0 pitch=10.1
2025-12-19 14:18:56,251 - INFO - BuildTower - Sending to OpenPose (via thread): PL: Arm Extended Check
2025-12-19 14:18:56,346 - INFO - BuildTower - OpenPoseThread: gaze frame_idx=8 ts=2025-12-19T14:18:56.345447Z people=2
2025-12-19 14:18:56,346 - INFO - BuildTower - OpenPoseThread: Gaze3D frame=8 id=None label=None v=[-0.406, -0.324, 0.854] yaw=-25.4 pitch=18.9
2025-12-19 14:18:56,346 - INFO - BuildTower - OpenPoseThread: Gaze3D frame=8 id=None label=None v=[-0.256, -0.268, 0.929] yaw=-15.4 pitch=15.5
2025-12-19 14:18:56,599 - INFO - BuildTower - OpenPoseThread: gaze frame_idx=8 ts=2025-12-19T14:18:56.598529Z people=2
2025-12-19 14:18:56,599 - INFO - BuildTower - OpenPoseThread: Gaze3D frame=8 id=None label=None v=[-0.388, -0.036, 0.921] yaw=-22.8 pitch=2.1
2025-12-19 14:18:56,599 - INFO - BuildTower - OpenPoseThread: Gaze3D frame=8 id=None label=None v=[-0.366, -0.198, 0.909] yaw=-21.9 pitch=11.4
2025-12-19 14:18:56,849 - INFO - BuildTower - OpenPoseThread: gaze frame_idx=8 ts=2025-12-19T14:18:56.848517Z people=2
2025-12-19 14:18:56,849 - INFO - BuildTower - OpenPoseThread: Gaze3D frame=8 id=None label=None v=[-0.338, -0.349, 0.874] yaw=-21.1 pitch=20.4
2025-12-19 14:18:56,849 - INFO - BuildTower - OpenPoseThread: Gaze3D frame=8 id=None label=None v=[-0.266, -0.190, 0.945] yaw=-15.7 pitch=11.0
2025-12-19 14:18:57,108 - INFO - BuildTower - OpenPoseThread: gaze frame_idx=8 ts=2025-12-19T14:18:57.107360Z people=2
2025-12-19 14:18:57,108 - INFO - BuildTower - OpenPoseThread: Gaze3D frame=8 id=None label=None v=[-0.372, -0.510, 0.776] yaw=-25.6 pitch=30.7
2025-12-19 14:18:57,108 - INFO - BuildTower - OpenPoseThread: Gaze3D frame=8 id=None label=None v=[-0.365, -0.274, 0.890] yaw=-22.3 pitch=15.9
2025-12-19 14:18:57,359 - INFO - BuildTower - OpenPoseThread: gaze frame_idx=8 ts=2025-12-19T14:18:57.358376Z people=2
2025-12-19 14:18:57,359 - INFO - BuildTower - OpenPoseThread: Gaze3D frame=8 id=None label=None v=[-0.469, -0.154, 0.870] yaw=-28.3 pitch=8.9
2025-12-19 14:18:57,359 - INFO - BuildTower - OpenPoseThread: Gaze3D frame=8 id=None label=None v=[-0.452, -0.206, 0.868] yaw=-27.5 pitch=11.9
2025-12-19 14:18:57,622 - INFO - BuildTower - OpenPoseThread: gaze frame_idx=8 ts=2025-12-19T14:18:57.621392Z people=2
2025-12-19 14:18:57,622 - INFO - BuildTower - OpenPoseThread: Gaze3D frame=8 id=None label=None v=[-0.248, -0.777, 0.578] yaw=-23.2 pitch=51.0
2025-12-19 14:18:57,622 - INFO - BuildTower - OpenPoseThread: Gaze3D frame=8 id=None label=None v=[-0.400, -0.175, 0.900] yaw=-24.0 pitch=10.1
2025-12-19 14:18:57,876 - INFO - BuildTower - OpenPoseThread: gaze frame_idx=8 ts=2025-12-19T14:18:57.874933Z people=2
2025-12-19 14:18:57,876 - INFO - BuildTower - OpenPoseThread: Gaze3D frame=8 id=None label=None v=[-0.330, -0.721, 0.610] yaw=-28.4 pitch=46.1
2025-12-19 14:18:57,876 - INFO - BuildTower - OpenPoseThread: Gaze3D frame=8 id=None label=None v=[-0.302, -0.231, 0.925] yaw=-18.1 pitch=13.3
2025-12-19 14:18:58,120 - INFO - BuildTower - OpenPoseThread: gaze frame_idx=8 ts=2025-12-19T14:18:58.119800Z people=2
2025-12-19 14:18:58,120 - INFO - BuildTower - OpenPoseThread: Gaze3D frame=8 id=None label=None v=[-0.371, -0.670, 0.643] yaw=-30.0 pitch=42.1
2025-12-19 14:18:58,120 - INFO - BuildTower - OpenPoseThread: Gaze3D frame=8 id=None label=None v=[-0.136, -0.491, 0.860] yaw=-9.0 pitch=29.4
2025-12-19 14:18:58,374 - INFO - BuildTower - OpenPoseThread: gaze frame_idx=8 ts=2025-12-19T14:18:58.365385Z people=2
2025-12-19 14:18:58,374 - INFO - BuildTower - OpenPoseThread: Gaze3D frame=8 id=None label=None v=[-0.386, -0.513, 0.767] yaw=-26.7 pitch=30.9
2025-12-19 14:18:58,374 - INFO - BuildTower - OpenPoseThread: Gaze3D frame=8 id=None label=None v=[-0.160, -0.445, 0.881] yaw=-10.3 pitch=26.4
2025-12-19 14:18:58,635 - INFO - BuildTower - OpenPoseThread: gaze frame_idx=8 ts=2025-12-19T14:18:58.634258Z people=2
2025-12-19 14:18:58,635 - INFO - BuildTower - OpenPoseThread: Gaze3D frame=8 id=None label=None v=[-0.065, -0.318, 0.946] yaw=-3.9 pitch=18.5
2025-12-19 14:18:58,635 - INFO - BuildTower - OpenPoseThread: Gaze3D frame=8 id=None label=None v=[-0.227, -0.336, 0.914] yaw=-13.9 pitch=19.7
2025-12-19 14:18:58,890 - INFO - BuildTower - OpenPoseThread: gaze frame_idx=8 ts=2025-12-19T14:18:58.889742Z people=2
2025-12-19 14:18:58,890 - INFO - BuildTower - OpenPoseThread: Gaze3D frame=8 id=None label=None v=[0.098, -0.517, 0.851] yaw=6.6 pitch=31.1
2025-12-19 14:18:58,890 - INFO - BuildTower - OpenPoseThread: Gaze3D frame=8 id=None label=None v=[-0.181, -0.391, 0.903] yaw=-11.3 pitch=23.0
2025-12-19 14:18:59,152 - INFO - BuildTower - OpenPoseThread: gaze frame_idx=8 ts=2025-12-19T14:18:59.151039Z people=2
2025-12-19 14:18:59,152 - INFO - BuildTower - OpenPoseThread: Gaze3D frame=8 id=None label=None v=[-0.233, -0.276, 0.933] yaw=-14.0 pitch=16.0
2025-12-19 14:18:59,152 - INFO - BuildTower - OpenPoseThread: Gaze3D frame=8 id=None label=None v=[-0.301, -0.269, 0.915] yaw=-18.2 pitch=15.6
2025-12-19 14:18:59,395 - INFO - BuildTower - OpenPoseThread: gaze frame_idx=8 ts=2025-12-19T14:18:59.394585Z people=2
2025-12-19 14:18:59,395 - INFO - BuildTower - OpenPoseThread: Gaze3D frame=8 id=None label=None v=[-0.297, -0.185, 0.937] yaw=-17.6 pitch=10.7
2025-12-19 14:18:59,395 - INFO - BuildTower - OpenPoseThread: Gaze3D frame=8 id=None label=None v=[-0.528, -0.470, 0.707] yaw=-36.8 pitch=28.0
2025-12-19 14:18:59,649 - INFO - BuildTower - OpenPoseThread: gaze frame_idx=8 ts=2025-12-19T14:18:59.648458Z people=2
2025-12-19 14:18:59,649 - INFO - BuildTower - OpenPoseThread: Gaze3D frame=8 id=None label=None v=[-0.510, -0.573, 0.641] yaw=-38.5 pitch=35.0
2025-12-19 14:18:59,649 - INFO - BuildTower - OpenPoseThread: Gaze3D frame=8 id=None label=None v=[-0.318, -0.289, 0.903] yaw=-19.4 pitch=16.8
2025-12-19 14:18:59,906 - INFO - BuildTower - OpenPoseThread: gaze frame_idx=8 ts=2025-12-19T14:18:59.905197Z people=2
2025-12-19 14:18:59,906 - INFO - BuildTower - OpenPoseThread: Gaze3D frame=8 id=None label=None v=[-0.174, -0.278, 0.945] yaw=-10.4 pitch=16.1
2025-12-19 14:18:59,906 - INFO - BuildTower - OpenPoseThread: Gaze3D frame=8 id=None label=None v=[-0.351, -0.283, 0.893] yaw=-21.5 pitch=16.4
2025-12-19 14:19:00,159 - INFO - BuildTower - OpenPoseThread: gaze frame_idx=8 ts=2025-12-19T14:19:00.157821Z people=2
2025-12-19 14:19:00,159 - INFO - BuildTower - OpenPoseThread: Gaze3D frame=8 id=None label=None v=[-0.253, -0.110, 0.961] yaw=-14.8 pitch=6.3
2025-12-19 14:19:00,159 - INFO - BuildTower - OpenPoseThread: Gaze3D frame=8 id=None label=None v=[-0.206, -0.264, 0.942] yaw=-12.3 pitch=15.3
2025-12-19 14:19:00,395 - INFO - BuildTower - OpenPoseThread: gaze frame_idx=8 ts=2025-12-19T14:19:00.394168Z people=2
2025-12-19 14:19:00,395 - INFO - BuildTower - OpenPoseThread: Gaze3D frame=8 id=None label=None v=[-0.103, -0.166, 0.981] yaw=-6.0 pitch=9.5
2025-12-19 14:19:00,395 - INFO - BuildTower - OpenPoseThread: Gaze3D frame=8 id=None label=None v=[-0.260, -0.475, 0.841] yaw=-17.2 pitch=28.4
2025-12-19 14:19:00,644 - INFO - BuildTower - OpenPoseThread: gaze frame_idx=8 ts=2025-12-19T14:19:00.643959Z people=2
2025-12-19 14:19:00,644 - INFO - BuildTower - OpenPoseThread: Gaze3D frame=8 id=None label=None v=[-0.011, -0.375, 0.927] yaw=-0.7 pitch=22.0
2025-12-19 14:19:00,645 - INFO - BuildTower - OpenPoseThread: Gaze3D frame=8 id=None label=None v=[-0.309, -0.477, 0.823] yaw=-20.6 pitch=28.5
2025-12-19 14:19:00,893 - INFO - BuildTower - OpenPoseThread: gaze frame_idx=8 ts=2025-12-19T14:19:00.891808Z people=2
2025-12-19 14:19:00,893 - INFO - BuildTower - OpenPoseThread: Gaze3D frame=8 id=None label=None v=[0.074, -0.428, 0.901] yaw=4.7 pitch=25.3
2025-12-19 14:19:00,893 - INFO - BuildTower - OpenPoseThread: Gaze3D frame=8 id=None label=None v=[-0.425, -0.408, 0.808] yaw=-27.7 pitch=24.1
2025-12-19 14:19:01,153 - INFO - BuildTower - OpenPoseThread: gaze frame_idx=8 ts=2025-12-19T14:19:01.151726Z people=2
2025-12-19 14:19:01,153 - INFO - BuildTower - OpenPoseThread: Gaze3D frame=8 id=None label=None v=[-0.168, -0.186, 0.968] yaw=-9.9 pitch=10.7
2025-12-19 14:19:01,153 - INFO - BuildTower - OpenPoseThread: Gaze3D frame=8 id=None label=None v=[-0.257, -0.483, 0.837] yaw=-17.1 pitch=28.9
2025-12-19 14:19:01,406 - INFO - BuildTower - OpenPoseThread: gaze frame_idx=8 ts=2025-12-19T14:19:01.405172Z people=2
2025-12-19 14:19:01,406 - INFO - BuildTower - OpenPoseThread: Gaze3D frame=8 id=None label=None v=[-0.160, -0.303, 0.939] yaw=-9.7 pitch=17.7
2025-12-19 14:19:01,406 - INFO - BuildTower - OpenPoseThread: Gaze3D frame=8 id=None label=None v=[-0.318, -0.554, 0.769] yaw=-22.5 pitch=33.6
2025-12-19 14:19:01,667 - INFO - BuildTower - OpenPoseThread: gaze frame_idx=8 ts=2025-12-19T14:19:01.666205Z people=2
2025-12-19 14:19:01,667 - INFO - BuildTower - OpenPoseThread: Gaze3D frame=8 id=None label=None v=[-0.156, -0.257, 0.954] yaw=-9.3 pitch=14.9
2025-12-19 14:19:01,668 - INFO - BuildTower - OpenPoseThread: Gaze3D frame=8 id=None label=None v=[-0.540, -0.180, 0.822] yaw=-33.3 pitch=10.4
2025-12-19 14:19:01,930 - INFO - BuildTower - OpenPoseThread: gaze frame_idx=8 ts=2025-12-19T14:19:01.929242Z people=2
2025-12-19 14:19:01,930 - INFO - BuildTower - OpenPoseThread: Gaze3D frame=8 id=None label=None v=[-0.212, -0.281, 0.936] yaw=-12.7 pitch=16.3
2025-12-19 14:19:01,930 - INFO - BuildTower - OpenPoseThread: Gaze3D frame=8 id=None label=None v=[-0.504, -0.475, 0.722] yaw=-34.9 pitch=28.4
2025-12-19 14:19:02,090 - INFO - BuildTower - OpenPoseThread: gaze frame_idx=8 ts=2025-12-19T14:19:02.089020Z people=1
2025-12-19 14:19:02,090 - INFO - BuildTower - OpenPoseThread: Gaze3D frame=8 id=None label=None v=[-0.210, -0.162, 0.964] yaw=-12.3 pitch=9.3
2025-12-19 14:19:02,272 - INFO - BuildTower - OpenPoseThread: gaze frame_idx=8 ts=2025-12-19T14:19:02.271727Z people=1
2025-12-19 14:19:02,272 - INFO - BuildTower - OpenPoseThread: Gaze3D frame=8 id=None label=None v=[-0.271, -0.206, 0.940] yaw=-16.1 pitch=11.9
2025-12-19 14:19:02,517 - INFO - BuildTower - OpenPoseThread: gaze frame_idx=8 ts=2025-12-19T14:19:02.516174Z people=2
2025-12-19 14:19:02,517 - INFO - BuildTower - OpenPoseThread: Gaze3D frame=8 id=None label=None v=[-0.212, -0.266, 0.941] yaw=-12.7 pitch=15.4
2025-12-19 14:19:02,517 - INFO - BuildTower - OpenPoseThread: Gaze3D frame=8 id=None label=None v=[-0.450, -0.528, 0.720] yaw=-32.0 pitch=31.9
2025-12-19 14:19:02,700 - INFO - BuildTower - OpenPoseThread: gaze frame_idx=8 ts=2025-12-19T14:19:02.699782Z people=1
2025-12-19 14:19:02,700 - INFO - BuildTower - OpenPoseThread: Gaze3D frame=8 id=None label=None v=[-0.241, -0.217, 0.946] yaw=-14.3 pitch=12.5
2025-12-19 14:19:02,967 - INFO - BuildTower - OpenPoseThread: gaze frame_idx=8 ts=2025-12-19T14:19:02.966299Z people=2
2025-12-19 14:19:02,967 - INFO - BuildTower - OpenPoseThread: Gaze3D frame=8 id=None label=None v=[-0.283, -0.133, 0.950] yaw=-16.6 pitch=7.6
2025-12-19 14:19:02,967 - INFO - BuildTower - OpenPoseThread: Gaze3D frame=8 id=None label=None v=[-0.360, -0.569, 0.740] yaw=-25.9 pitch=34.7
2025-12-19 14:19:03,224 - INFO - BuildTower - OpenPoseThread: gaze frame_idx=8 ts=2025-12-19T14:19:03.223407Z people=2
2025-12-19 14:19:03,224 - INFO - BuildTower - OpenPoseThread: Gaze3D frame=8 id=None label=None v=[-0.263, -0.155, 0.952] yaw=-15.5 pitch=8.9
2025-12-19 14:19:03,224 - INFO - BuildTower - OpenPoseThread: Gaze3D frame=8 id=None label=None v=[-0.417, -0.715, 0.561] yaw=-36.6 pitch=45.7
2025-12-19 14:19:03,477 - INFO - BuildTower - OpenPoseThread: gaze frame_idx=8 ts=2025-12-19T14:19:03.469180Z people=2
2025-12-19 14:19:03,478 - INFO - BuildTower - OpenPoseThread: Gaze3D frame=8 id=None label=None v=[-0.288, -0.271, 0.918] yaw=-17.4 pitch=15.7
2025-12-19 14:19:03,478 - INFO - BuildTower - OpenPoseThread: Gaze3D frame=8 id=None label=None v=[-0.441, -0.672, 0.596] yaw=-36.5 pitch=42.2
2025-12-19 14:19:03,731 - INFO - BuildTower - OpenPoseThread: gaze frame_idx=8 ts=2025-12-19T14:19:03.730697Z people=2
2025-12-19 14:19:03,731 - INFO - BuildTower - OpenPoseThread: Gaze3D frame=8 id=None label=None v=[-0.290, -0.441, 0.850] yaw=-18.9 pitch=26.1
2025-12-19 14:19:03,731 - INFO - BuildTower - OpenPoseThread: Gaze3D frame=8 id=None label=None v=[-0.535, -0.386, 0.751] yaw=-35.5 pitch=22.7
2025-12-19 14:19:03,983 - INFO - BuildTower - OpenPoseThread: gaze frame_idx=8 ts=2025-12-19T14:19:03.982290Z people=2
2025-12-19 14:19:03,983 - INFO - BuildTower - OpenPoseThread: Gaze3D frame=8 id=None label=None v=[-0.199, -0.347, 0.916] yaw=-12.2 pitch=20.3
2025-12-19 14:19:03,983 - INFO - BuildTower - OpenPoseThread: Gaze3D frame=8 id=None label=None v=[-0.257, -0.643, 0.722] yaw=-19.6 pitch=40.0
2025-12-19 14:19:04,243 - INFO - BuildTower - OpenPoseThread: gaze frame_idx=8 ts=2025-12-19T14:19:04.242335Z people=2
2025-12-19 14:19:04,243 - INFO - BuildTower - OpenPoseThread: Gaze3D frame=8 id=None label=None v=[-0.190, -0.150, 0.970] yaw=-11.1 pitch=8.6
2025-12-19 14:19:04,243 - INFO - BuildTower - OpenPoseThread: Gaze3D frame=8 id=None label=None v=[-0.318, -0.665, 0.676] yaw=-25.2 pitch=41.6
2025-12-19 14:19:04,480 - INFO - BuildTower - OpenPoseThread: gaze frame_idx=8 ts=2025-12-19T14:19:04.478824Z people=2
2025-12-19 14:19:04,480 - INFO - BuildTower - OpenPoseThread: Gaze3D frame=8 id=None label=None v=[-0.223, -0.311, 0.924] yaw=-13.6 pitch=18.1
2025-12-19 14:19:04,480 - INFO - BuildTower - OpenPoseThread: Gaze3D frame=8 id=None label=None v=[-0.265, -0.459, 0.848] yaw=-17.4 pitch=27.3
2025-12-19 14:19:04,750 - INFO - BuildTower - OpenPoseThread: gaze frame_idx=8 ts=2025-12-19T14:19:04.748859Z people=2
2025-12-19 14:19:04,750 - INFO - BuildTower - OpenPoseThread: Gaze3D frame=8 id=None label=None v=[-0.275, -0.280, 0.920] yaw=-16.6 pitch=16.3
2025-12-19 14:19:04,750 - INFO - BuildTower - OpenPoseThread: Gaze3D frame=8 id=None label=None v=[-0.283, -0.218, 0.934] yaw=-16.9 pitch=12.6
2025-12-19 14:19:05,013 - INFO - BuildTower - OpenPoseThread: gaze frame_idx=8 ts=2025-12-19T14:19:05.012020Z people=2
2025-12-19 14:19:05,013 - INFO - BuildTower - OpenPoseThread: Gaze3D frame=8 id=None label=None v=[-0.281, -0.136, 0.950] yaw=-16.5 pitch=7.8
2025-12-19 14:19:05,013 - INFO - BuildTower - OpenPoseThread: Gaze3D frame=8 id=None label=None v=[-0.195, -0.841, 0.505] yaw=-21.1 pitch=57.2
2025-12-19 14:19:05,269 - INFO - BuildTower - OpenPoseThread: gaze frame_idx=8 ts=2025-12-19T14:19:05.268389Z people=2
2025-12-19 14:19:05,269 - INFO - BuildTower - OpenPoseThread: Gaze3D frame=8 id=None label=None v=[-0.419, -0.193, 0.887] yaw=-25.3 pitch=11.1
2025-12-19 14:19:05,269 - INFO - BuildTower - OpenPoseThread: Gaze3D frame=8 id=None label=None v=[-0.259, -0.725, 0.639] yaw=-22.0 pitch=46.5
2025-12-19 14:19:05,448 - INFO - BuildTower - OpenPoseThread: gaze frame_idx=8 ts=2025-12-19T14:19:05.446912Z people=1
2025-12-19 14:19:05,448 - INFO - BuildTower - OpenPoseThread: Gaze3D frame=8 id=None label=None v=[-0.388, -0.153, 0.909] yaw=-23.1 pitch=8.8
2025-12-19 14:19:05,642 - INFO - BuildTower - OpenPoseThread: gaze frame_idx=8 ts=2025-12-19T14:19:05.641361Z people=1
2025-12-19 14:19:05,642 - INFO - BuildTower - OpenPoseThread: Gaze3D frame=8 id=None label=None v=[-0.398, -0.233, 0.887] yaw=-24.2 pitch=13.5
2025-12-19 14:19:05,832 - INFO - BuildTower - OpenPoseThread: gaze frame_idx=8 ts=2025-12-19T14:19:05.831013Z people=1
2025-12-19 14:19:05,832 - INFO - BuildTower - OpenPoseThread: Gaze3D frame=8 id=None label=None v=[-0.398, -0.182, 0.899] yaw=-23.9 pitch=10.5
2025-12-19 14:19:06,002 - INFO - BuildTower - OpenPoseThread: gaze frame_idx=8 ts=2025-12-19T14:19:06.001778Z people=1
2025-12-19 14:19:06,002 - INFO - BuildTower - OpenPoseThread: Gaze3D frame=8 id=None label=None v=[-0.379, -0.136, 0.915] yaw=-22.5 pitch=7.8
2025-12-19 14:19:06,153 - INFO - BuildTower - OpenPoseThread: gaze frame_idx=8 ts=2025-12-19T14:19:06.152820Z people=1
2025-12-19 14:19:06,153 - INFO - BuildTower - OpenPoseThread: Gaze3D frame=8 id=None label=None v=[-0.599, -0.424, 0.679] yaw=-41.4 pitch=25.1
2025-12-19 14:19:06,251 - ERROR - BuildTower - OpenPoseThread: timeout waiting for reply for cmd=PL: Arm Extended Check
2025-12-19 14:19:06,252 - INFO - BuildTower - Sending to OpenPose (via thread): PL: Arm Retracted Check
2025-12-19 14:19:06,323 - INFO - BuildTower - OpenPoseThread: gaze frame_idx=8 ts=2025-12-19T14:19:06.322880Z people=1
2025-12-19 14:19:06,323 - INFO - BuildTower - OpenPoseThread: Gaze3D frame=8 id=None label=None v=[-0.340, -0.264, 0.903] yaw=-20.7 pitch=15.3
2025-12-19 14:19:06,518 - INFO - BuildTower - OpenPoseThread: gaze frame_idx=8 ts=2025-12-19T14:19:06.517103Z people=1
2025-12-19 14:19:06,518 - INFO - BuildTower - OpenPoseThread: Gaze3D frame=8 id=None label=None v=[-0.434, -0.246, 0.867] yaw=-26.6 pitch=14.3
2025-12-19 14:19:06,746 - INFO - BuildTower - OpenPoseThread: gaze frame_idx=8 ts=2025-12-19T14:19:06.745820Z people=2
2025-12-19 14:19:06,746 - INFO - BuildTower - OpenPoseThread: Gaze3D frame=8 id=None label=None v=[-0.480, -0.194, 0.855] yaw=-29.3 pitch=11.2
2025-12-19 14:19:06,746 - INFO - BuildTower - OpenPoseThread: Gaze3D frame=8 id=None label=None v=[-0.398, -0.369, 0.840] yaw=-25.4 pitch=21.6
2025-12-19 14:19:07,011 - INFO - BuildTower - OpenPoseThread: gaze frame_idx=8 ts=2025-12-19T14:19:07.010701Z people=2
2025-12-19 14:19:07,011 - INFO - BuildTower - OpenPoseThread: Gaze3D frame=8 id=None label=None v=[-0.471, -0.337, 0.815] yaw=-30.0 pitch=19.7
2025-12-19 14:19:07,012 - INFO - BuildTower - OpenPoseThread: Gaze3D frame=8 id=None label=None v=[-0.421, -0.125, 0.898] yaw=-25.1 pitch=7.2
2025-12-19 14:19:07,269 - INFO - BuildTower - OpenPoseThread: gaze frame_idx=8 ts=2025-12-19T14:19:07.268867Z people=2
2025-12-19 14:19:07,270 - INFO - BuildTower - OpenPoseThread: Gaze3D frame=8 id=None label=None v=[-0.383, -0.307, 0.871] yaw=-23.7 pitch=17.9
2025-12-19 14:19:07,270 - INFO - BuildTower - OpenPoseThread: Gaze3D frame=8 id=None label=None v=[-0.513, -0.211, 0.832] yaw=-31.6 pitch=12.2
2025-12-19 14:19:07,511 - INFO - BuildTower - OpenPoseThread: gaze frame_idx=8 ts=2025-12-19T14:19:07.510514Z people=2
2025-12-19 14:19:07,511 - INFO - BuildTower - OpenPoseThread: Gaze3D frame=8 id=None label=None v=[-0.434, -0.313, 0.845] yaw=-27.2 pitch=18.2
2025-12-19 14:19:07,511 - INFO - BuildTower - OpenPoseThread: Gaze3D frame=8 id=None label=None v=[-0.427, -0.581, 0.693] yaw=-31.6 pitch=35.5
2025-12-19 14:19:07,746 - INFO - BuildTower - OpenPoseThread: gaze frame_idx=8 ts=2025-12-19T14:19:07.746023Z people=2
2025-12-19 14:19:07,747 - INFO - BuildTower - OpenPoseThread: Gaze3D frame=8 id=None label=None v=[-0.266, -0.449, 0.853] yaw=-17.3 pitch=26.7
2025-12-19 14:19:07,747 - INFO - BuildTower - OpenPoseThread: Gaze3D frame=8 id=None label=None v=[-0.600, -0.579, 0.553] yaw=-47.3 pitch=35.4
2025-12-19 14:19:08,005 - INFO - BuildTower - OpenPoseThread: gaze frame_idx=8 ts=2025-12-19T14:19:08.004647Z people=2
2025-12-19 14:19:08,005 - INFO - BuildTower - OpenPoseThread: Gaze3D frame=8 id=None label=None v=[-0.308, -0.479, 0.822] yaw=-20.5 pitch=28.6
2025-12-19 14:19:08,005 - INFO - BuildTower - OpenPoseThread: Gaze3D frame=8 id=None label=None v=[-0.530, -0.482, 0.698] yaw=-37.2 pitch=28.8
2025-12-19 14:19:08,174 - INFO - BuildTower - OpenPoseThread: gaze frame_idx=8 ts=2025-12-19T14:19:08.173358Z people=1
2025-12-19 14:19:08,174 - INFO - BuildTower - OpenPoseThread: Gaze3D frame=8 id=None label=None v=[-0.268, -0.336, 0.903] yaw=-16.5 pitch=19.6
2025-12-19 14:19:08,413 - INFO - BuildTower - OpenPoseThread: gaze frame_idx=8 ts=2025-12-19T14:19:08.412197Z people=2
2025-12-19 14:19:08,413 - INFO - BuildTower - OpenPoseThread: Gaze3D frame=8 id=None label=None v=[-0.250, -0.494, 0.832] yaw=-16.7 pitch=29.6
2025-12-19 14:19:08,413 - INFO - BuildTower - OpenPoseThread: Gaze3D frame=8 id=None label=None v=[-0.364, -0.471, 0.804] yaw=-24.4 pitch=28.1
2025-12-19 14:19:08,673 - INFO - BuildTower - OpenPoseThread: gaze frame_idx=8 ts=2025-12-19T14:19:08.665567Z people=2
2025-12-19 14:19:08,673 - INFO - BuildTower - OpenPoseThread: Gaze3D frame=8 id=None label=None v=[-0.215, -0.492, 0.844] yaw=-14.3 pitch=29.5
2025-12-19 14:19:08,673 - INFO - BuildTower - OpenPoseThread: Gaze3D frame=8 id=None label=None v=[-0.296, -0.729, 0.617] yaw=-25.6 pitch=46.8
2025-12-19 14:19:08,913 - INFO - BuildTower - OpenPoseThread: gaze frame_idx=8 ts=2025-12-19T14:19:08.912520Z people=2
2025-12-19 14:19:08,913 - INFO - BuildTower - OpenPoseThread: Gaze3D frame=8 id=None label=None v=[-0.327, -0.169, 0.930] yaw=-19.4 pitch=9.8
2025-12-19 14:19:08,913 - INFO - BuildTower - OpenPoseThread: Gaze3D frame=8 id=None label=None v=[-0.089, -0.826, 0.556] yaw=-9.1 pitch=55.7
2025-12-19 14:19:09,159 - INFO - BuildTower - OpenPoseThread: gaze frame_idx=8 ts=2025-12-19T14:19:09.158501Z people=2
2025-12-19 14:19:09,160 - INFO - BuildTower - OpenPoseThread: Gaze3D frame=8 id=None label=None v=[-0.092, -0.859, 0.503] yaw=-10.4 pitch=59.2
2025-12-19 14:19:09,160 - INFO - BuildTower - OpenPoseThread: Gaze3D frame=8 id=None label=None v=[-0.174, -0.573, 0.800] yaw=-12.3 pitch=35.0
2025-12-19 14:19:09,414 - INFO - BuildTower - OpenPoseThread: gaze frame_idx=8 ts=2025-12-19T14:19:09.413630Z people=2
2025-12-19 14:19:09,415 - INFO - BuildTower - OpenPoseThread: Gaze3D frame=8 id=None label=None v=[-0.189, -0.349, 0.918] yaw=-11.7 pitch=20.4
2025-12-19 14:19:09,415 - INFO - BuildTower - OpenPoseThread: Gaze3D frame=8 id=None label=None v=[-0.086, -0.814, 0.575] yaw=-8.6 pitch=54.5
2025-12-19 14:19:09,666 - INFO - BuildTower - OpenPoseThread: gaze frame_idx=8 ts=2025-12-19T14:19:09.665216Z people=2
2025-12-19 14:19:09,666 - INFO - BuildTower - OpenPoseThread: Gaze3D frame=8 id=None label=None v=[-0.089, -0.744, 0.662] yaw=-7.6 pitch=48.1
2025-12-19 14:19:09,666 - INFO - BuildTower - OpenPoseThread: Gaze3D frame=8 id=None label=None v=[-0.432, -0.539, 0.723] yaw=-30.8 pitch=32.6
2025-12-19 14:19:09,905 - INFO - BuildTower - OpenPoseThread: gaze frame_idx=8 ts=2025-12-19T14:19:09.904757Z people=2
2025-12-19 14:19:09,905 - INFO - BuildTower - OpenPoseThread: Gaze3D frame=8 id=None label=None v=[-0.256, -0.687, 0.680] yaw=-20.6 pitch=43.4
2025-12-19 14:19:09,905 - INFO - BuildTower - OpenPoseThread: Gaze3D frame=8 id=None label=None v=[-0.458, -0.269, 0.847] yaw=-28.4 pitch=15.6
2025-12-19 14:19:10,137 - INFO - BuildTower - OpenPoseThread: gaze frame_idx=8 ts=2025-12-19T14:19:10.136623Z people=2
2025-12-19 14:19:10,137 - INFO - BuildTower - OpenPoseThread: Gaze3D frame=8 id=None label=None v=[-0.472, -0.296, 0.830] yaw=-29.6 pitch=17.2
2025-12-19 14:19:10,138 - INFO - BuildTower - OpenPoseThread: Gaze3D frame=8 id=None label=None v=[-0.339, -0.525, 0.780] yaw=-23.5 pitch=31.7
2025-12-19 14:19:10,383 - INFO - BuildTower - OpenPoseThread: gaze frame_idx=8 ts=2025-12-19T14:19:10.382397Z people=2
2025-12-19 14:19:10,383 - INFO - BuildTower - OpenPoseThread: Gaze3D frame=8 id=None label=None v=[-0.393, -0.401, 0.828] yaw=-25.4 pitch=23.6
2025-12-19 14:19:10,384 - INFO - BuildTower - OpenPoseThread: Gaze3D frame=8 id=None label=None v=[-0.306, -0.297, 0.905] yaw=-18.7 pitch=17.3
2025-12-19 14:19:10,629 - INFO - BuildTower - OpenPoseThread: gaze frame_idx=8 ts=2025-12-19T14:19:10.628876Z people=2
2025-12-19 14:19:10,630 - INFO - BuildTower - OpenPoseThread: Gaze3D frame=8 id=None label=None v=[-0.371, -0.128, 0.920] yaw=-21.9 pitch=7.4
2025-12-19 14:19:10,630 - INFO - BuildTower - OpenPoseThread: Gaze3D frame=8 id=None label=None v=[-0.367, -0.451, 0.814] yaw=-24.3 pitch=26.8
2025-12-19 14:19:10,803 - INFO - BuildTower - OpenPoseThread: gaze frame_idx=8 ts=2025-12-19T14:19:10.802800Z people=1
2025-12-19 14:19:10,804 - INFO - BuildTower - OpenPoseThread: Gaze3D frame=8 id=None label=None v=[-0.261, -0.353, 0.898] yaw=-16.2 pitch=20.7
2025-12-19 14:19:11,057 - INFO - BuildTower - OpenPoseThread: gaze frame_idx=8 ts=2025-12-19T14:19:11.056223Z people=2
2025-12-19 14:19:11,057 - INFO - BuildTower - OpenPoseThread: Gaze3D frame=8 id=None label=None v=[-0.237, -0.270, 0.933] yaw=-14.2 pitch=15.7
2025-12-19 14:19:11,057 - INFO - BuildTower - OpenPoseThread: Gaze3D frame=8 id=None label=None v=[-0.480, -0.219, 0.849] yaw=-29.5 pitch=12.7
2025-12-19 14:19:11,312 - INFO - BuildTower - OpenPoseThread: gaze frame_idx=8 ts=2025-12-19T14:19:11.311517Z people=2
2025-12-19 14:19:11,312 - INFO - BuildTower - OpenPoseThread: Gaze3D frame=8 id=None label=None v=[-0.215, -0.591, 0.777] yaw=-15.5 pitch=36.2
2025-12-19 14:19:11,312 - INFO - BuildTower - OpenPoseThread: Gaze3D frame=8 id=None label=None v=[-0.407, -0.651, 0.641] yaw=-32.4 pitch=40.6
2025-12-19 14:19:11,536 - INFO - BuildTower - OpenPoseThread: gaze frame_idx=8 ts=2025-12-19T14:19:11.535365Z people=2
2025-12-19 14:19:11,536 - INFO - BuildTower - OpenPoseThread: Gaze3D frame=8 id=None label=None v=[-0.214, -0.584, 0.783] yaw=-15.3 pitch=35.7
2025-12-19 14:19:11,536 - INFO - BuildTower - OpenPoseThread: Gaze3D frame=8 id=None label=None v=[-0.352, -0.664, 0.660] yaw=-28.1 pitch=41.6
2025-12-19 14:19:11,780 - INFO - BuildTower - OpenPoseThread: gaze frame_idx=8 ts=2025-12-19T14:19:11.779692Z people=2
2025-12-19 14:19:11,780 - INFO - BuildTower - OpenPoseThread: Gaze3D frame=8 id=None label=None v=[-0.087, -0.583, 0.808] yaw=-6.1 pitch=35.7
2025-12-19 14:19:11,780 - INFO - BuildTower - OpenPoseThread: Gaze3D frame=8 id=None label=None v=[-0.462, -0.183, 0.868] yaw=-28.0 pitch=10.5
2025-12-19 14:19:12,032 - INFO - BuildTower - OpenPoseThread: gaze frame_idx=8 ts=2025-12-19T14:19:12.030625Z people=2
2025-12-19 14:19:12,032 - INFO - BuildTower - OpenPoseThread: Gaze3D frame=8 id=None label=None v=[-0.151, -0.560, 0.814] yaw=-10.5 pitch=34.1
2025-12-19 14:19:12,032 - INFO - BuildTower - OpenPoseThread: Gaze3D frame=8 id=None label=None v=[-0.541, -0.286, 0.791] yaw=-34.4 pitch=16.6
2025-12-19 14:19:12,274 - INFO - BuildTower - OpenPoseThread: gaze frame_idx=8 ts=2025-12-19T14:19:12.273061Z people=2
2025-12-19 14:19:12,274 - INFO - BuildTower - OpenPoseThread: Gaze3D frame=8 id=None label=None v=[-0.194, -0.748, 0.634] yaw=-17.0 pitch=48.5
2025-12-19 14:19:12,274 - INFO - BuildTower - OpenPoseThread: Gaze3D frame=8 id=None label=None v=[-0.215, -0.698, 0.683] yaw=-17.4 pitch=44.3
2025-12-19 14:19:12,516 - INFO - BuildTower - OpenPoseThread: gaze frame_idx=8 ts=2025-12-19T14:19:12.515082Z people=2
2025-12-19 14:19:12,516 - INFO - BuildTower - OpenPoseThread: Gaze3D frame=8 id=None label=None v=[-0.216, -0.840, 0.497] yaw=-23.5 pitch=57.2
2025-12-19 14:19:12,516 - INFO - BuildTower - OpenPoseThread: Gaze3D frame=8 id=None label=None v=[-0.128, -0.715, 0.687] yaw=-10.5 pitch=45.6
2025-12-19 14:19:12,754 - INFO - BuildTower - OpenPoseThread: gaze frame_idx=8 ts=2025-12-19T14:19:12.752943Z people=2
2025-12-19 14:19:12,754 - INFO - BuildTower - OpenPoseThread: Gaze3D frame=8 id=None label=None v=[-0.270, -0.856, 0.440] yaw=-31.5 pitch=58.9
2025-12-19 14:19:12,754 - INFO - BuildTower - OpenPoseThread: Gaze3D frame=8 id=None label=None v=[-0.083, -0.702, 0.707] yaw=-6.7 pitch=44.6
2025-12-19 14:19:12,995 - INFO - BuildTower - OpenPoseThread: gaze frame_idx=8 ts=2025-12-19T14:19:12.994928Z people=2
2025-12-19 14:19:12,995 - INFO - BuildTower - OpenPoseThread: Gaze3D frame=8 id=None label=None v=[-0.184, -0.905, 0.383] yaw=-25.7 pitch=64.9
2025-12-19 14:19:12,996 - INFO - BuildTower - OpenPoseThread: Gaze3D frame=8 id=None label=None v=[0.021, -0.838, 0.545] yaw=2.2 pitch=56.9
2025-12-19 14:19:13,260 - INFO - BuildTower - OpenPoseThread: gaze frame_idx=8 ts=2025-12-19T14:19:13.259176Z people=2
2025-12-19 14:19:13,260 - INFO - BuildTower - OpenPoseThread: Gaze3D frame=8 id=None label=None v=[-0.168, -0.916, 0.365] yaw=-24.6 pitch=66.3
2025-12-19 14:19:13,260 - INFO - BuildTower - OpenPoseThread: Gaze3D frame=8 id=None label=None v=[-0.059, -0.866, 0.497] yaw=-6.8 pitch=60.0
2025-12-19 14:19:13,497 - INFO - BuildTower - OpenPoseThread: gaze frame_idx=8 ts=2025-12-19T14:19:13.496681Z people=2
2025-12-19 14:19:13,497 - INFO - BuildTower - OpenPoseThread: Gaze3D frame=8 id=None label=None v=[-0.204, -0.897, 0.393] yaw=-27.4 pitch=63.7
2025-12-19 14:19:13,498 - INFO - BuildTower - OpenPoseThread: Gaze3D frame=8 id=None label=None v=[-0.082, -0.802, 0.592] yaw=-7.8 pitch=53.3
2025-12-19 14:19:13,759 - INFO - BuildTower - OpenPoseThread: gaze frame_idx=8 ts=2025-12-19T14:19:13.750693Z people=2
2025-12-19 14:19:13,759 - INFO - BuildTower - OpenPoseThread: Gaze3D frame=8 id=None label=None v=[-0.165, -0.908, 0.384] yaw=-23.2 pitch=65.3
2025-12-19 14:19:13,759 - INFO - BuildTower - OpenPoseThread: Gaze3D frame=8 id=None label=None v=[-0.041, -0.759, 0.650] yaw=-3.6 pitch=49.4
2025-12-19 14:19:14,029 - INFO - BuildTower - OpenPoseThread: gaze frame_idx=8 ts=2025-12-19T14:19:14.027791Z people=2
2025-12-19 14:19:14,029 - INFO - BuildTower - OpenPoseThread: Gaze3D frame=8 id=None label=None v=[-0.188, -0.877, 0.443] yaw=-23.0 pitch=61.2
2025-12-19 14:19:14,029 - INFO - BuildTower - OpenPoseThread: Gaze3D frame=8 id=None label=None v=[-0.234, -0.736, 0.635] yaw=-20.3 pitch=47.4
2025-12-19 14:19:14,282 - INFO - BuildTower - OpenPoseThread: gaze frame_idx=8 ts=2025-12-19T14:19:14.281123Z people=2
2025-12-19 14:19:14,282 - INFO - BuildTower - OpenPoseThread: Gaze3D frame=8 id=None label=None v=[-0.162, -0.924, 0.345] yaw=-25.1 pitch=67.6
2025-12-19 14:19:14,282 - INFO - BuildTower - OpenPoseThread: Gaze3D frame=8 id=None label=None v=[-0.326, -0.458, 0.827] yaw=-21.5 pitch=27.2
2025-12-19 14:19:14,505 - INFO - BuildTower - OpenPoseThread: gaze frame_idx=8 ts=2025-12-19T14:19:14.504800Z people=2
2025-12-19 14:19:14,505 - INFO - BuildTower - OpenPoseThread: Gaze3D frame=8 id=None label=None v=[-0.142, -0.928, 0.345] yaw=-22.3 pitch=68.1
2025-12-19 14:19:14,505 - INFO - BuildTower - OpenPoseThread: Gaze3D frame=8 id=None label=None v=[-0.463, -0.457, 0.759] yaw=-31.4 pitch=27.2
2025-12-19 14:19:14,750 - INFO - BuildTower - OpenPoseThread: gaze frame_idx=8 ts=2025-12-19T14:19:14.749177Z people=2
2025-12-19 14:19:14,750 - INFO - BuildTower - OpenPoseThread: Gaze3D frame=8 id=None label=None v=[-0.169, -0.782, 0.600] yaw=-15.8 pitch=51.4
2025-12-19 14:19:14,750 - INFO - BuildTower - OpenPoseThread: Gaze3D frame=8 id=None label=None v=[-0.478, -0.617, 0.626] yaw=-37.4 pitch=38.1
2025-12-19 14:19:14,999 - INFO - BuildTower - OpenPoseThread: gaze frame_idx=8 ts=2025-12-19T14:19:14.998204Z people=2
2025-12-19 14:19:14,999 - INFO - BuildTower - OpenPoseThread: Gaze3D frame=8 id=None label=None v=[-0.139, -0.907, 0.398] yaw=-19.2 pitch=65.1
2025-12-19 14:19:14,999 - INFO - BuildTower - OpenPoseThread: Gaze3D frame=8 id=None label=None v=[-0.512, -0.447, 0.733] yaw=-34.9 pitch=26.6
2025-12-19 14:19:15,257 - INFO - BuildTower - OpenPoseThread: gaze frame_idx=8 ts=2025-12-19T14:19:15.256577Z people=2
2025-12-19 14:19:15,257 - INFO - BuildTower - OpenPoseThread: Gaze3D frame=8 id=None label=None v=[-0.164, -0.882, 0.442] yaw=-20.4 pitch=61.9
2025-12-19 14:19:15,257 - INFO - BuildTower - OpenPoseThread: Gaze3D frame=8 id=None label=None v=[-0.424, -0.459, 0.781] yaw=-28.5 pitch=27.3
2025-12-19 14:19:15,513 - INFO - BuildTower - OpenPoseThread: gaze frame_idx=8 ts=2025-12-19T14:19:15.513025Z people=2
2025-12-19 14:19:15,514 - INFO - BuildTower - OpenPoseThread: Gaze3D frame=8 id=None label=None v=[-0.296, -0.754, 0.586] yaw=-26.8 pitch=49.0
2025-12-19 14:19:15,514 - INFO - BuildTower - OpenPoseThread: Gaze3D frame=8 id=None label=None v=[-0.243, 0.006, 0.970] yaw=-14.1 pitch=-0.4
2025-12-19 14:19:15,752 - INFO - BuildTower - OpenPoseThread: gaze frame_idx=8 ts=2025-12-19T14:19:15.751222Z people=2
2025-12-19 14:19:15,752 - INFO - BuildTower - OpenPoseThread: Gaze3D frame=8 id=None label=None v=[-0.230, -0.802, 0.552] yaw=-22.6 pitch=53.3
2025-12-19 14:19:15,752 - INFO - BuildTower - OpenPoseThread: Gaze3D frame=8 id=None label=None v=[-0.297, 0.183, 0.937] yaw=-17.6 pitch=-10.5
2025-12-19 14:19:15,994 - INFO - BuildTower - OpenPoseThread: gaze frame_idx=8 ts=2025-12-19T14:19:15.992531Z people=2
2025-12-19 14:19:15,994 - INFO - BuildTower - OpenPoseThread: Gaze3D frame=8 id=None label=None v=[-0.097, -0.976, 0.192] yaw=-26.9 pitch=77.5
2025-12-19 14:19:15,994 - INFO - BuildTower - OpenPoseThread: Gaze3D frame=8 id=None label=None v=[-0.104, 0.046, 0.993] yaw=-6.0 pitch=-2.6
2025-12-19 14:19:16,231 - INFO - BuildTower - OpenPoseThread: gaze frame_idx=8 ts=2025-12-19T14:19:16.230486Z people=2
2025-12-19 14:19:16,231 - INFO - BuildTower - OpenPoseThread: Gaze3D frame=8 id=None label=None v=[-0.126, -0.914, 0.387] yaw=-18.1 pitch=66.0
2025-12-19 14:19:16,231 - INFO - BuildTower - OpenPoseThread: Gaze3D frame=8 id=None label=None v=[-0.268, -0.564, 0.781] yaw=-18.9 pitch=34.3
2025-12-19 14:19:16,252 - ERROR - BuildTower - OpenPoseThread: timeout waiting for reply for cmd=PL: Arm Retracted Check
2025-12-19 14:19:16,252 - INFO - BuildTower - Executing turn 5 out of 9.
2025-12-19 14:19:16,255 - ERROR - BuildTower - Failed to call ReadAction for home: service [/my_gen3/base/read_action] returned no response
2025-12-19 14:19:16,255 - INFO - BuildTower - Sending to OpenPose (via thread): PR: Arm Extended Check
2025-12-19 14:19:16,452 - INFO - BuildTower - OpenPoseThread: gaze frame_idx=8 ts=2025-12-19T14:19:16.451053Z people=2
2025-12-19 14:19:16,452 - INFO - BuildTower - OpenPoseThread: Gaze3D frame=8 id=None label=None v=[-0.227, -0.833, 0.505] yaw=-24.2 pitch=56.4
2025-12-19 14:19:16,452 - INFO - BuildTower - OpenPoseThread: Gaze3D frame=8 id=None label=None v=[-0.234, -0.846, 0.479] yaw=-26.0 pitch=57.8
2025-12-19 14:19:16,700 - INFO - BuildTower - OpenPoseThread: gaze frame_idx=8 ts=2025-12-19T14:19:16.699119Z people=2
2025-12-19 14:19:16,700 - INFO - BuildTower - OpenPoseThread: Gaze3D frame=8 id=None label=None v=[-0.262, -0.818, 0.512] yaw=-27.1 pitch=54.9
2025-12-19 14:19:16,700 - INFO - BuildTower - OpenPoseThread: Gaze3D frame=8 id=None label=None v=[-0.311, -0.657, 0.687] yaw=-24.3 pitch=41.1
2025-12-19 14:19:16,948 - INFO - BuildTower - OpenPoseThread: gaze frame_idx=8 ts=2025-12-19T14:19:16.947737Z people=2
2025-12-19 14:19:16,949 - INFO - BuildTower - OpenPoseThread: Gaze3D frame=8 id=None label=None v=[-0.235, -0.825, 0.514] yaw=-24.6 pitch=55.6
2025-12-19 14:19:16,949 - INFO - BuildTower - OpenPoseThread: Gaze3D frame=8 id=None label=None v=[-0.494, 0.109, 0.863] yaw=-29.8 pitch=-6.2
2025-12-19 14:19:17,114 - INFO - BuildTower - OpenPoseThread: gaze frame_idx=8 ts=2025-12-19T14:19:17.113881Z people=1
2025-12-19 14:19:17,115 - INFO - BuildTower - OpenPoseThread: Gaze3D frame=8 id=None label=None v=[-0.186, -0.921, 0.343] yaw=-28.4 pitch=67.0
2025-12-19 14:19:17,294 - INFO - BuildTower - OpenPoseThread: gaze frame_idx=8 ts=2025-12-19T14:19:17.293365Z people=1
2025-12-19 14:19:17,294 - INFO - BuildTower - OpenPoseThread: Gaze3D frame=8 id=None label=None v=[-0.154, -0.926, 0.345] yaw=-24.0 pitch=67.8
2025-12-19 14:19:17,462 - INFO - BuildTower - OpenPoseThread: gaze frame_idx=8 ts=2025-12-19T14:19:17.461680Z people=1
2025-12-19 14:19:17,462 - INFO - BuildTower - OpenPoseThread: Gaze3D frame=8 id=None label=None v=[-0.262, -0.811, 0.523] yaw=-26.6 pitch=54.2
2025-12-19 14:19:17,640 - INFO - BuildTower - OpenPoseThread: gaze frame_idx=8 ts=2025-12-19T14:19:17.639621Z people=1
2025-12-19 14:19:17,640 - INFO - BuildTower - OpenPoseThread: Gaze3D frame=8 id=None label=None v=[-0.282, -0.786, 0.550] yaw=-27.2 pitch=51.8
2025-12-19 14:19:17,821 - INFO - BuildTower - OpenPoseThread: gaze frame_idx=8 ts=2025-12-19T14:19:17.820087Z people=1
2025-12-19 14:19:17,821 - INFO - BuildTower - OpenPoseThread: Gaze3D frame=8 id=None label=None v=[-0.194, -0.822, 0.536] yaw=-19.9 pitch=55.3
2025-12-19 14:19:18,075 - INFO - BuildTower - OpenPoseThread: gaze frame_idx=8 ts=2025-12-19T14:19:18.074102Z people=2
2025-12-19 14:19:18,075 - INFO - BuildTower - OpenPoseThread: Gaze3D frame=8 id=None label=None v=[-0.229, -0.833, 0.503] yaw=-24.5 pitch=56.4
2025-12-19 14:19:18,075 - INFO - BuildTower - OpenPoseThread: Gaze3D frame=8 id=None label=None v=[-0.302, -0.452, 0.839] yaw=-19.8 pitch=26.9
2025-12-19 14:19:18,335 - INFO - BuildTower - OpenPoseThread: gaze frame_idx=8 ts=2025-12-19T14:19:18.334472Z people=2
2025-12-19 14:19:18,335 - INFO - BuildTower - OpenPoseThread: Gaze3D frame=8 id=None label=None v=[-0.111, -0.924, 0.365] yaw=-16.9 pitch=67.6
2025-12-19 14:19:18,336 - INFO - BuildTower - OpenPoseThread: Gaze3D frame=8 id=None label=None v=[-0.226, -0.739, 0.634] yaw=-19.6 pitch=47.7
2025-12-19 14:19:18,611 - INFO - BuildTower - OpenPoseThread: gaze frame_idx=8 ts=2025-12-19T14:19:18.610025Z people=2
2025-12-19 14:19:18,611 - INFO - BuildTower - OpenPoseThread: Gaze3D frame=8 id=None label=None v=[-0.112, -0.921, 0.372] yaw=-16.8 pitch=67.1
2025-12-19 14:19:18,611 - INFO - BuildTower - OpenPoseThread: Gaze3D frame=8 id=None label=None v=[-0.233, -0.693, 0.683] yaw=-18.8 pitch=43.8
2025-12-19 14:19:18,875 - INFO - BuildTower - OpenPoseThread: gaze frame_idx=8 ts=2025-12-19T14:19:18.867235Z people=2
2025-12-19 14:19:18,875 - INFO - BuildTower - OpenPoseThread: Gaze3D frame=8 id=None label=None v=[-0.143, -0.915, 0.377] yaw=-20.7 pitch=66.3
2025-12-19 14:19:18,875 - INFO - BuildTower - OpenPoseThread: Gaze3D frame=8 id=None label=None v=[-0.259, -0.612, 0.747] yaw=-19.1 pitch=37.7
2025-12-19 14:19:19,126 - INFO - BuildTower - OpenPoseThread: gaze frame_idx=8 ts=2025-12-19T14:19:19.125562Z people=2
2025-12-19 14:19:19,127 - INFO - BuildTower - OpenPoseThread: Gaze3D frame=8 id=None label=None v=[-0.210, -0.859, 0.467] yaw=-24.2 pitch=59.2
2025-12-19 14:19:19,127 - INFO - BuildTower - OpenPoseThread: Gaze3D frame=8 id=None label=None v=[-0.346, -0.402, 0.848] yaw=-22.2 pitch=23.7
2025-12-19 14:19:19,395 - INFO - BuildTower - OpenPoseThread: gaze frame_idx=8 ts=2025-12-19T14:19:19.388960Z people=2
2025-12-19 14:19:19,395 - INFO - BuildTower - OpenPoseThread: Gaze3D frame=8 id=None label=None v=[-0.234, -0.864, 0.445] yaw=-27.7 pitch=59.8
2025-12-19 14:19:19,396 - INFO - BuildTower - OpenPoseThread: Gaze3D frame=8 id=None label=None v=[-0.324, -0.346, 0.880] yaw=-20.2 pitch=20.3
2025-12-19 14:19:19,647 - INFO - BuildTower - OpenPoseThread: gaze frame_idx=8 ts=2025-12-19T14:19:19.641760Z people=2
2025-12-19 14:19:19,648 - INFO - BuildTower - OpenPoseThread: Gaze3D frame=8 id=None label=None v=[-0.230, -0.816, 0.531] yaw=-23.4 pitch=54.7
2025-12-19 14:19:19,648 - INFO - BuildTower - OpenPoseThread: Gaze3D frame=8 id=None label=None v=[-0.336, -0.268, 0.903] yaw=-20.4 pitch=15.5
2025-12-19 14:19:19,915 - INFO - BuildTower - OpenPoseThread: gaze frame_idx=8 ts=2025-12-19T14:19:19.907223Z people=2
2025-12-19 14:19:19,915 - INFO - BuildTower - OpenPoseThread: Gaze3D frame=8 id=None label=None v=[-0.127, -0.913, 0.389] yaw=-18.1 pitch=65.9
2025-12-19 14:19:19,917 - INFO - BuildTower - OpenPoseThread: Gaze3D frame=8 id=None label=None v=[-0.367, -0.266, 0.891] yaw=-22.4 pitch=15.5
2025-12-19 14:19:20,155 - INFO - BuildTower - OpenPoseThread: gaze frame_idx=8 ts=2025-12-19T14:19:20.152892Z people=2
2025-12-19 14:19:20,155 - INFO - BuildTower - OpenPoseThread: Gaze3D frame=8 id=None label=None v=[-0.119, -0.907, 0.404] yaw=-16.4 pitch=65.1
2025-12-19 14:19:20,155 - INFO - BuildTower - OpenPoseThread: Gaze3D frame=8 id=None label=None v=[-0.430, -0.164, 0.888] yaw=-25.9 pitch=9.4
2025-12-19 14:19:20,414 - INFO - BuildTower - OpenPoseThread: gaze frame_idx=8 ts=2025-12-19T14:19:20.405556Z people=2
2025-12-19 14:19:20,414 - INFO - BuildTower - OpenPoseThread: Gaze3D frame=8 id=None label=None v=[-0.168, -0.879, 0.447] yaw=-20.5 pitch=61.5
2025-12-19 14:19:20,414 - INFO - BuildTower - OpenPoseThread: Gaze3D frame=8 id=None label=None v=[-0.189, -0.090, 0.978] yaw=-10.9 pitch=5.2
2025-12-19 14:19:20,650 - INFO - BuildTower - OpenPoseThread: gaze frame_idx=8 ts=2025-12-19T14:19:20.649556Z people=2
2025-12-19 14:19:20,650 - INFO - BuildTower - OpenPoseThread: Gaze3D frame=8 id=None label=None v=[-0.117, -0.937, 0.328] yaw=-19.6 pitch=69.6
2025-12-19 14:19:20,650 - INFO - BuildTower - OpenPoseThread: Gaze3D frame=8 id=None label=None v=[-0.307, -0.139, 0.941] yaw=-18.1 pitch=8.0
2025-12-19 14:19:20,898 - INFO - BuildTower - OpenPoseThread: gaze frame_idx=8 ts=2025-12-19T14:19:20.896770Z people=2
2025-12-19 14:19:20,898 - INFO - BuildTower - OpenPoseThread: Gaze3D frame=8 id=None label=None v=[-0.150, -0.898, 0.414] yaw=-20.0 pitch=63.9
2025-12-19 14:19:20,898 - INFO - BuildTower - OpenPoseThread: Gaze3D frame=8 id=None label=None v=[-0.308, -0.097, 0.946] yaw=-18.0 pitch=5.6
2025-12-19 14:19:21,152 - INFO - BuildTower - OpenPoseThread: gaze frame_idx=8 ts=2025-12-19T14:19:21.150976Z people=2
2025-12-19 14:19:21,152 - INFO - BuildTower - OpenPoseThread: Gaze3D frame=8 id=None label=None v=[-0.264, -0.819, 0.510] yaw=-27.4 pitch=54.9
2025-12-19 14:19:21,152 - INFO - BuildTower - OpenPoseThread: Gaze3D frame=8 id=None label=None v=[-0.170, -0.304, 0.937] yaw=-10.3 pitch=17.7
2025-12-19 14:19:21,411 - INFO - BuildTower - OpenPoseThread: gaze frame_idx=8 ts=2025-12-19T14:19:21.410020Z people=2
2025-12-19 14:19:21,411 - INFO - BuildTower - OpenPoseThread: Gaze3D frame=8 id=None label=None v=[-0.259, -0.875, 0.410] yaw=-32.3 pitch=61.0
2025-12-19 14:19:21,411 - INFO - BuildTower - OpenPoseThread: Gaze3D frame=8 id=None label=None v=[-0.253, -0.596, 0.762] yaw=-18.3 pitch=36.6
2025-12-19 14:19:26,255 - ERROR - BuildTower - OpenPoseThread: timeout waiting for reply for cmd=PR: Arm Extended Check
2025-12-19 14:19:26,255 - INFO - BuildTower - Sending to OpenPose (via thread): PR: Arm Retracted Check
