2025-11-14 14:29:47,285 - INFO - openpose - OpenPose server started and bound to tcp://*:5555
2025-11-14 14:29:47,285 - INFO - openpose - OpenPose server started and bound to tcp://*:5556
2025-11-14 14:29:47,297 - INFO - openpose - Starting OpenPose
2025-11-14 14:29:48,238 - INFO - openpose - OpenPose initialized - waiting for turn_order
2025-11-14 14:30:00,351 - INFO - openpose - Message received: ybypbpbpy

2025-11-14 14:30:01,049 - INFO - openpose - Gaze3D frame=0 id=None label=None v=[-0.137, -0.351, 0.926] yaw=-8.4 pitch=20.6 cx=365.4514465332031
2025-11-14 14:30:01,049 - INFO - openpose - Gaze PUB: people=1, frame_idx=0
2025-11-14 14:30:01,245 - INFO - openpose - Gaze3D frame=0 id=None label=None v=[-0.194, -0.642, 0.742] yaw=-14.7 pitch=39.9 cx=359.4388427734375
2025-11-14 14:30:01,245 - INFO - openpose - Gaze PUB: people=1, frame_idx=0
2025-11-14 14:30:01,436 - INFO - openpose - Gaze3D frame=0 id=None label=None v=[-0.008, -0.140, 0.990] yaw=-0.4 pitch=8.0 cx=361.3283386230469
2025-11-14 14:30:01,436 - INFO - openpose - Gaze PUB: people=1, frame_idx=0
2025-11-14 14:30:01,628 - INFO - openpose - Gaze3D frame=0 id=None label=None v=[-0.210, -0.138, 0.968] yaw=-12.2 pitch=7.9 cx=362.72821044921875
2025-11-14 14:30:01,628 - INFO - openpose - Gaze PUB: people=1, frame_idx=0
2025-11-14 14:30:01,825 - INFO - openpose - Gaze3D frame=0 id=None label=None v=[-0.318, 0.145, 0.937] yaw=-18.7 pitch=-8.3 cx=361.8769989013672
2025-11-14 14:30:01,825 - INFO - openpose - Gaze PUB: people=1, frame_idx=0
2025-11-14 14:30:01,999 - INFO - openpose - Gaze3D frame=0 id=None label=None v=[-0.396, -0.142, 0.907] yaw=-23.6 pitch=8.2 cx=360.1748962402344
2025-11-14 14:30:01,999 - INFO - openpose - Gaze PUB: people=1, frame_idx=0
2025-11-14 14:30:02,179 - INFO - openpose - Gaze3D frame=0 id=None label=None v=[-0.253, -0.213, 0.944] yaw=-15.0 pitch=12.3 cx=358.651123046875
2025-11-14 14:30:02,179 - INFO - openpose - Gaze PUB: people=1, frame_idx=0
2025-11-14 14:30:02,358 - INFO - openpose - Gaze3D frame=0 id=None label=None v=[-0.216, -0.310, 0.926] yaw=-13.1 pitch=18.1 cx=357.6741638183594
2025-11-14 14:30:02,358 - INFO - openpose - Gaze PUB: people=1, frame_idx=0
2025-11-14 14:30:02,602 - INFO - openpose - Gaze3D frame=0 id=right label=Right person v=[-0.175, -0.331, 0.927] yaw=-10.7 pitch=19.3 cx=357.60508728027344
2025-11-14 14:30:02,602 - INFO - openpose - Gaze3D frame=0 id=right label=Right person v=[-0.128, 0.246, 0.961] yaw=-7.6 pitch=-14.2 cx=17.60522711277008
2025-11-14 14:30:02,602 - INFO - openpose - Gaze PUB: people=2, frame_idx=0
2025-11-14 14:30:02,602 - INFO - openpose - Robot's turn detected
2025-11-14 14:30:03,087 - INFO - openpose - Gaze3D frame=4 id=left label=Left person v=[-0.040, 0.138, 0.990] yaw=-2.3 pitch=-7.9 cx=79.5552921295166
2025-11-14 14:30:03,088 - INFO - openpose - Gaze3D frame=4 id=right label=Right person v=[-0.230, -0.185, 0.955] yaw=-13.5 pitch=10.7 cx=372.6417694091797
2025-11-14 14:30:03,088 - INFO - openpose - Gaze PUB: people=2, frame_idx=4
2025-11-14 14:30:03,547 - INFO - openpose - Gaze3D frame=8 id=left label=Left person v=[-0.221, -0.116, 0.968] yaw=-12.9 pitch=6.7 cx=153.51136779785156
2025-11-14 14:30:03,547 - INFO - openpose - Gaze3D frame=8 id=right label=Right person v=[-0.020, 0.044, 0.999] yaw=-1.1 pitch=-2.5 cx=381.394287109375
2025-11-14 14:30:03,547 - INFO - openpose - Gaze PUB: people=2, frame_idx=8
2025-11-14 14:30:04,012 - INFO - openpose - Gaze3D frame=12 id=left label=Left person v=[-0.168, 0.058, 0.984] yaw=-9.7 pitch=-3.3 cx=144.62786865234375
2025-11-14 14:30:04,012 - INFO - openpose - Gaze3D frame=12 id=right label=Right person v=[-0.158, -0.126, 0.979] yaw=-9.2 pitch=7.2 cx=402.09129333496094
2025-11-14 14:30:04,012 - INFO - openpose - Gaze PUB: people=2, frame_idx=12
2025-11-14 14:30:04,463 - INFO - openpose - Gaze3D frame=16 id=left label=Left person v=[-0.269, -0.058, 0.961] yaw=-15.6 pitch=3.3 cx=126.91380310058594
2025-11-14 14:30:04,463 - INFO - openpose - Gaze3D frame=16 id=right label=Right person v=[-0.182, -0.037, 0.983] yaw=-10.5 pitch=2.1 cx=396.024658203125
2025-11-14 14:30:04,463 - INFO - openpose - Gaze PUB: people=2, frame_idx=16
2025-11-14 14:30:05,167 - INFO - openpose - Gaze3D frame=20 id=left label=Left person v=[-0.111, -0.130, 0.985] yaw=-6.5 pitch=7.5 cx=167.94031524658203
2025-11-14 14:30:05,167 - INFO - openpose - Gaze3D frame=20 id=right label=Right person v=[-0.166, 0.002, 0.986] yaw=-9.6 pitch=-0.1 cx=365.16932678222656
2025-11-14 14:30:05,167 - INFO - openpose - Gaze PUB: people=2, frame_idx=20
2025-11-14 14:30:05,626 - INFO - openpose - Gaze3D frame=24 id=left label=Left person v=[-0.047, -0.149, 0.988] yaw=-2.7 pitch=8.6 cx=150.91318893432617
2025-11-14 14:30:05,626 - INFO - openpose - Gaze3D frame=24 id=right label=Right person v=[-0.186, -0.073, 0.980] yaw=-10.7 pitch=4.2 cx=366.16363525390625
2025-11-14 14:30:05,626 - INFO - openpose - Gaze PUB: people=2, frame_idx=24
2025-11-14 14:30:06,092 - INFO - openpose - Gaze3D frame=28 id=left label=Left person v=[-0.145, -0.094, 0.985] yaw=-8.4 pitch=5.4 cx=161.45687866210938
2025-11-14 14:30:06,092 - INFO - openpose - Gaze3D frame=28 id=right label=Right person v=[-0.218, -0.088, 0.972] yaw=-12.6 pitch=5.1 cx=368.50457763671875
2025-11-14 14:30:06,093 - INFO - openpose - Gaze PUB: people=2, frame_idx=28
2025-11-14 14:30:06,526 - INFO - openpose - Gaze3D frame=32 id=left label=Left person v=[-0.249, -0.149, 0.957] yaw=-14.6 pitch=8.6 cx=161.51741790771484
2025-11-14 14:30:06,526 - INFO - openpose - Gaze3D frame=32 id=right label=Right person v=[-0.276, -0.186, 0.943] yaw=-16.3 pitch=10.7 cx=369.17250061035156
2025-11-14 14:30:06,526 - INFO - openpose - Gaze PUB: people=2, frame_idx=32
2025-11-14 14:30:06,970 - INFO - openpose - Gaze3D frame=36 id=left label=Left person v=[-0.283, -0.145, 0.948] yaw=-16.6 pitch=8.3 cx=157.3619842529297
2025-11-14 14:30:06,970 - INFO - openpose - Gaze3D frame=36 id=right label=Right person v=[-0.371, -0.262, 0.891] yaw=-22.6 pitch=15.2 cx=366.763916015625
2025-11-14 14:30:06,971 - INFO - openpose - Gaze PUB: people=2, frame_idx=36
2025-11-14 14:30:07,432 - INFO - openpose - Gaze3D frame=40 id=left label=Left person v=[-0.250, -0.122, 0.960] yaw=-14.6 pitch=7.0 cx=149.7025489807129
2025-11-14 14:30:07,432 - INFO - openpose - Gaze3D frame=40 id=right label=Right person v=[-0.366, -0.260, 0.893] yaw=-22.3 pitch=15.1 cx=364.32513427734375
2025-11-14 14:30:07,432 - INFO - openpose - Gaze PUB: people=2, frame_idx=40
2025-11-14 14:30:07,874 - INFO - openpose - Gaze3D frame=44 id=left label=Left person v=[-0.271, -0.180, 0.945] yaw=-16.0 pitch=10.4 cx=150.56781768798828
2025-11-14 14:30:07,874 - INFO - openpose - Gaze3D frame=44 id=right label=Right person v=[-0.312, -0.049, 0.949] yaw=-18.2 pitch=2.8 cx=362.61366271972656
2025-11-14 14:30:07,874 - INFO - openpose - Gaze PUB: people=2, frame_idx=44
2025-11-14 14:30:08,311 - INFO - openpose - Gaze3D frame=48 id=left label=Left person v=[-0.281, -0.244, 0.928] yaw=-16.9 pitch=14.1 cx=151.34901428222656
2025-11-14 14:30:08,312 - INFO - openpose - Gaze3D frame=48 id=right label=Right person v=[-0.269, -0.310, 0.912] yaw=-16.5 pitch=18.1 cx=386.3520202636719
2025-11-14 14:30:08,312 - INFO - openpose - Gaze PUB: people=2, frame_idx=48
2025-11-14 14:30:08,753 - INFO - openpose - Gaze3D frame=52 id=left label=Left person v=[-0.034, -0.390, 0.920] yaw=-2.1 pitch=23.0 cx=149.15751266479492
2025-11-14 14:30:08,753 - INFO - openpose - Gaze3D frame=52 id=right label=Right person v=[-0.388, -0.320, 0.864] yaw=-24.2 pitch=18.7 cx=461.53004455566406
2025-11-14 14:30:08,753 - INFO - openpose - Gaze PUB: people=2, frame_idx=52
2025-11-14 14:30:09,170 - INFO - openpose - Gaze3D frame=56 id=left label=Left person v=[-0.249, -0.104, 0.963] yaw=-14.5 pitch=6.0 cx=149.01024627685547
2025-11-14 14:30:09,170 - INFO - openpose - Gaze3D frame=56 id=right label=Right person v=[-0.436, -0.317, 0.842] yaw=-27.4 pitch=18.5 cx=456.78076171875
2025-11-14 14:30:09,170 - INFO - openpose - Gaze PUB: people=2, frame_idx=56
2025-11-14 14:30:09,587 - INFO - openpose - Gaze3D frame=60 id=left label=Left person v=[-0.246, -0.154, 0.957] yaw=-14.4 pitch=8.9 cx=149.15711975097656
2025-11-14 14:30:09,587 - INFO - openpose - Gaze3D frame=60 id=right label=Right person v=[-0.276, -0.604, 0.748] yaw=-20.2 pitch=37.2 cx=432.23960876464844
2025-11-14 14:30:09,587 - INFO - openpose - Gaze PUB: people=2, frame_idx=60
2025-11-14 14:30:12,656 - INFO - openpose - Gaze3D frame=64 id=left label=Left person v=[-0.395, 0.410, 0.822] yaw=-25.7 pitch=-24.2 cx=154.50408172607422
2025-11-14 14:30:12,656 - INFO - openpose - Gaze3D frame=64 id=right label=Right person v=[-0.153, -0.532, 0.833] yaw=-10.4 pitch=32.1 cx=404.7527313232422
2025-11-14 14:30:12,656 - INFO - openpose - Gaze PUB: people=2, frame_idx=64
2025-11-14 14:30:13,095 - INFO - openpose - Gaze3D frame=68 id=left label=Left person v=[-0.157, -0.049, 0.986] yaw=-9.0 pitch=2.8 cx=154.81697845458984
2025-11-14 14:30:13,095 - INFO - openpose - Gaze3D frame=68 id=right label=Right person v=[-0.181, -0.815, 0.550] yaw=-18.2 pitch=54.6 cx=468.8880920410156
2025-11-14 14:30:13,095 - INFO - openpose - Gaze PUB: people=2, frame_idx=68
2025-11-14 14:30:13,598 - INFO - openpose - Gaze3D frame=72 id=left label=Left person v=[-0.103, -0.384, 0.918] yaw=-6.4 pitch=22.6 cx=154.9427719116211
2025-11-14 14:30:13,598 - INFO - openpose - Gaze3D frame=72 id=right label=Right person v=[-0.175, -0.787, 0.591] yaw=-16.5 pitch=51.9 cx=449.73036193847656
2025-11-14 14:30:13,599 - INFO - openpose - Gaze PUB: people=2, frame_idx=72
2025-11-14 14:30:14,027 - INFO - openpose - Gaze3D frame=76 id=left label=Left person v=[-0.261, -0.040, 0.964] yaw=-15.2 pitch=2.3 cx=157.70148468017578
2025-11-14 14:30:14,027 - INFO - openpose - Gaze3D frame=76 id=right label=Right person v=[-0.036, -0.720, 0.693] yaw=-3.0 pitch=46.0 cx=423.5001983642578
2025-11-14 14:30:14,027 - INFO - openpose - Gaze PUB: people=2, frame_idx=76
2025-11-14 14:30:14,475 - INFO - openpose - Gaze3D frame=80 id=left label=Left person v=[-0.239, 0.073, 0.968] yaw=-13.9 pitch=-4.2 cx=156.9862823486328
2025-11-14 14:30:14,475 - INFO - openpose - Gaze3D frame=80 id=right label=Right person v=[-0.139, -0.460, 0.877] yaw=-9.0 pitch=27.4 cx=408.77044677734375
2025-11-14 14:30:14,475 - INFO - openpose - Gaze PUB: people=2, frame_idx=80
2025-11-14 14:30:14,893 - INFO - openpose - Gaze3D frame=84 id=left label=Left person v=[-0.068, -0.495, 0.866] yaw=-4.5 pitch=29.7 cx=160.31997680664062
2025-11-14 14:30:14,893 - INFO - openpose - Gaze3D frame=84 id=right label=Right person v=[-0.092, -0.557, 0.826] yaw=-6.4 pitch=33.8 cx=388.09544372558594
2025-11-14 14:30:14,893 - INFO - openpose - Gaze PUB: people=2, frame_idx=84
2025-11-14 14:30:15,321 - INFO - openpose - Gaze3D frame=88 id=left label=Left person v=[-0.181, -0.455, 0.872] yaw=-11.7 pitch=27.1 cx=182.305419921875
2025-11-14 14:30:15,321 - INFO - openpose - Gaze3D frame=88 id=right label=Right person v=[-0.191, -0.339, 0.921] yaw=-11.7 pitch=19.8 cx=359.4475402832031
2025-11-14 14:30:15,321 - INFO - openpose - Gaze PUB: people=2, frame_idx=88
2025-11-14 14:30:15,322 - INFO - openpose - Left person: Arm EXTENDED (depth-plane)
2025-11-14 14:30:15,322 - INFO - openpose - ZMQ Message received (non-blocking): PL: Arm Extended Check
2025-11-14 14:30:15,322 - INFO - openpose - ZMQ Sending: Left: Arm Extended
2025-11-14 14:30:15,870 - INFO - openpose - Gaze3D frame=92 id=left label=Left person v=[-0.058, -0.553, 0.831] yaw=-4.0 pitch=33.6 cx=203.93688201904297
2025-11-14 14:30:15,871 - INFO - openpose - Gaze3D frame=92 id=right label=Right person v=[-0.226, -0.209, 0.951] yaw=-13.4 pitch=12.1 cx=371.86920166015625
2025-11-14 14:30:15,878 - INFO - openpose - Gaze PUB: people=2, frame_idx=92
2025-11-14 14:30:16,325 - INFO - openpose - Gaze3D frame=96 id=left label=Left person v=[-0.416, -0.131, 0.900] yaw=-24.8 pitch=7.5 cx=223.54749298095703
2025-11-14 14:30:16,325 - INFO - openpose - Gaze3D frame=96 id=right label=Right person v=[-0.290, -0.294, 0.911] yaw=-17.7 pitch=17.1 cx=378.69805908203125
2025-11-14 14:30:16,325 - INFO - openpose - Gaze PUB: people=2, frame_idx=96
2025-11-14 14:30:16,760 - INFO - openpose - Gaze3D frame=100 id=left label=Left person v=[-0.513, -0.234, 0.826] yaw=-31.9 pitch=13.6 cx=227.56670379638672
2025-11-14 14:30:16,760 - INFO - openpose - Gaze3D frame=100 id=right label=Right person v=[-0.281, -0.316, 0.906] yaw=-17.2 pitch=18.4 cx=380.22035217285156
2025-11-14 14:30:16,760 - INFO - openpose - Gaze PUB: people=2, frame_idx=100
2025-11-14 14:30:17,196 - INFO - openpose - Gaze3D frame=104 id=left label=Left person v=[-0.573, -0.012, 0.820] yaw=-34.9 pitch=0.7 cx=226.24732208251953
2025-11-14 14:30:17,196 - INFO - openpose - Gaze3D frame=104 id=right label=Right person v=[-0.333, -0.235, 0.913] yaw=-20.0 pitch=13.6 cx=380.24908447265625
2025-11-14 14:30:17,196 - INFO - openpose - Gaze PUB: people=2, frame_idx=104
2025-11-14 14:30:17,629 - INFO - openpose - Gaze3D frame=108 id=left label=Left person v=[-0.047, -0.299, 0.953] yaw=-2.8 pitch=17.4 cx=206.4994888305664
2025-11-14 14:30:17,629 - INFO - openpose - Gaze3D frame=108 id=right label=Right person v=[-0.242, -0.348, 0.906] yaw=-14.9 pitch=20.4 cx=378.19354248046875
2025-11-14 14:30:17,629 - INFO - openpose - Gaze PUB: people=2, frame_idx=108
2025-11-14 14:30:17,748 - INFO - openpose - Left person: Arm RETRACTED (depth-plane)
2025-11-14 14:30:17,748 - INFO - openpose - ZMQ Message received (non-blocking): PL: Arm Retracted Check
2025-11-14 14:30:17,748 - INFO - openpose - ZMQ Sending: Left: Arm Retracted
2025-11-14 14:30:17,811 - INFO - openpose - Robot's turn detected
2025-11-14 14:30:18,058 - INFO - openpose - Gaze3D frame=112 id=left label=Left person v=[-0.239, -0.543, 0.805] yaw=-16.5 pitch=32.9 cx=169.68406677246094
2025-11-14 14:30:18,059 - INFO - openpose - Gaze3D frame=112 id=right label=Right person v=[-0.247, -0.282, 0.927] yaw=-14.9 pitch=16.4 cx=374.5809326171875
2025-11-14 14:30:18,059 - INFO - openpose - Gaze PUB: people=2, frame_idx=112
2025-11-14 14:30:18,510 - INFO - openpose - Gaze3D frame=116 id=left label=Left person v=[-0.172, -0.460, 0.871] yaw=-11.2 pitch=27.4 cx=162.28388214111328
2025-11-14 14:30:18,511 - INFO - openpose - Gaze3D frame=116 id=right label=Right person v=[-0.263, -0.380, 0.887] yaw=-16.5 pitch=22.3 cx=374.3824157714844
2025-11-14 14:30:18,511 - INFO - openpose - Gaze PUB: people=2, frame_idx=116
2025-11-14 14:30:18,973 - INFO - openpose - Gaze3D frame=120 id=left label=Left person v=[-0.166, -0.449, 0.878] yaw=-10.7 pitch=26.7 cx=162.28282165527344
2025-11-14 14:30:18,973 - INFO - openpose - Gaze3D frame=120 id=right label=Right person v=[-0.228, -0.316, 0.921] yaw=-13.9 pitch=18.4 cx=373.4294891357422
2025-11-14 14:30:18,973 - INFO - openpose - Gaze PUB: people=2, frame_idx=120
2025-11-14 14:30:19,433 - INFO - openpose - Gaze3D frame=124 id=left label=Left person v=[-0.163, -0.474, 0.865] yaw=-10.7 pitch=28.3 cx=162.9048309326172
2025-11-14 14:30:19,433 - INFO - openpose - Gaze3D frame=124 id=right label=Right person v=[-0.318, -0.415, 0.852] yaw=-20.5 pitch=24.5 cx=373.37841796875
2025-11-14 14:30:19,433 - INFO - openpose - Gaze PUB: people=2, frame_idx=124
2025-11-14 14:30:19,894 - INFO - openpose - Gaze3D frame=128 id=left label=Left person v=[-0.298, -0.226, 0.928] yaw=-17.8 pitch=13.1 cx=163.52206420898438
2025-11-14 14:30:19,894 - INFO - openpose - Gaze3D frame=128 id=right label=Right person v=[-0.295, -0.432, 0.852] yaw=-19.1 pitch=25.6 cx=371.5065002441406
2025-11-14 14:30:19,894 - INFO - openpose - Gaze PUB: people=2, frame_idx=128
2025-11-14 14:30:20,311 - INFO - openpose - Gaze3D frame=132 id=left label=Left person v=[0.153, -0.098, 0.983] yaw=8.9 pitch=5.6 cx=162.78168487548828
2025-11-14 14:30:20,312 - INFO - openpose - Gaze3D frame=132 id=right label=Right person v=[-0.209, -0.400, 0.892] yaw=-13.2 pitch=23.6 cx=370.8961639404297
2025-11-14 14:30:20,312 - INFO - openpose - Gaze PUB: people=2, frame_idx=132
2025-11-14 14:30:20,720 - INFO - openpose - Gaze3D frame=136 id=left label=Left person v=[-0.219, -0.062, 0.974] yaw=-12.7 pitch=3.5 cx=162.17477416992188
2025-11-14 14:30:20,720 - INFO - openpose - Gaze3D frame=136 id=right label=Right person v=[-0.317, -0.371, 0.873] yaw=-20.0 pitch=21.8 cx=369.75328063964844
2025-11-14 14:30:20,720 - INFO - openpose - Gaze PUB: people=2, frame_idx=136
2025-11-14 14:30:21,139 - INFO - openpose - Gaze3D frame=140 id=left label=Left person v=[-0.224, -0.170, 0.960] yaw=-13.1 pitch=9.8 cx=161.87947845458984
2025-11-14 14:30:21,139 - INFO - openpose - Gaze3D frame=140 id=right label=Right person v=[-0.424, -0.372, 0.825] yaw=-27.2 pitch=21.9 cx=368.7328796386719
2025-11-14 14:30:21,139 - INFO - openpose - Gaze PUB: people=2, frame_idx=140
2025-11-14 14:30:21,564 - INFO - openpose - Gaze3D frame=144 id=left label=Left person v=[-0.132, -0.119, 0.984] yaw=-7.6 pitch=6.8 cx=161.656494140625
2025-11-14 14:30:21,564 - INFO - openpose - Gaze3D frame=144 id=right label=Right person v=[-0.397, -0.436, 0.808] yaw=-26.2 pitch=25.8 cx=368.2724914550781
2025-11-14 14:30:21,564 - INFO - openpose - Gaze PUB: people=2, frame_idx=144
2025-11-14 14:30:21,992 - INFO - openpose - Gaze3D frame=148 id=left label=Left person v=[-0.274, -0.235, 0.933] yaw=-16.4 pitch=13.6 cx=161.91754150390625
2025-11-14 14:30:21,992 - INFO - openpose - Gaze3D frame=148 id=right label=Right person v=[-0.365, -0.390, 0.845] yaw=-23.4 pitch=22.9 cx=366.59596252441406
2025-11-14 14:30:21,992 - INFO - openpose - Gaze PUB: people=2, frame_idx=148
2025-11-14 14:30:22,448 - INFO - openpose - Gaze3D frame=152 id=left label=Left person v=[-0.222, -0.295, 0.929] yaw=-13.4 pitch=17.1 cx=162.04725646972656
2025-11-14 14:30:22,449 - INFO - openpose - Gaze3D frame=152 id=right label=Right person v=[-0.391, -0.354, 0.850] yaw=-24.7 pitch=20.7 cx=365.8073272705078
2025-11-14 14:30:22,449 - INFO - openpose - Gaze PUB: people=2, frame_idx=152
2025-11-14 14:30:22,936 - INFO - openpose - Gaze3D frame=156 id=left label=Left person v=[-0.283, -0.210, 0.936] yaw=-16.8 pitch=12.1 cx=161.1044464111328
2025-11-14 14:30:22,936 - INFO - openpose - Gaze3D frame=156 id=right label=Right person v=[-0.424, -0.255, 0.869] yaw=-26.0 pitch=14.8 cx=364.13563537597656
2025-11-14 14:30:22,936 - INFO - openpose - Gaze PUB: people=2, frame_idx=156
2025-11-14 14:30:23,381 - INFO - openpose - Gaze3D frame=160 id=left label=Left person v=[-0.279, -0.204, 0.938] yaw=-16.6 pitch=11.8 cx=160.4313507080078
2025-11-14 14:30:23,381 - INFO - openpose - Gaze3D frame=160 id=right label=Right person v=[-0.385, -0.337, 0.859] yaw=-24.1 pitch=19.7 cx=363.3889923095703
2025-11-14 14:30:23,381 - INFO - openpose - Gaze PUB: people=2, frame_idx=160
2025-11-14 14:30:23,823 - INFO - openpose - Gaze3D frame=164 id=left label=Left person v=[-0.278, -0.241, 0.930] yaw=-16.6 pitch=14.0 cx=160.23883819580078
2025-11-14 14:30:23,823 - INFO - openpose - Gaze3D frame=164 id=right label=Right person v=[-0.340, -0.292, 0.894] yaw=-20.8 pitch=17.0 cx=361.98033142089844
2025-11-14 14:30:23,824 - INFO - openpose - Gaze PUB: people=2, frame_idx=164
2025-11-14 14:30:24,284 - INFO - openpose - Gaze3D frame=168 id=left label=Left person v=[-0.314, -0.183, 0.932] yaw=-18.6 pitch=10.5 cx=160.5215301513672
2025-11-14 14:30:24,284 - INFO - openpose - Gaze3D frame=168 id=right label=Right person v=[-0.275, -0.368, 0.888] yaw=-17.2 pitch=21.6 cx=361.6011962890625
2025-11-14 14:30:24,284 - INFO - openpose - Gaze PUB: people=2, frame_idx=168
2025-11-14 14:30:24,744 - INFO - openpose - Gaze3D frame=172 id=left label=Left person v=[-0.289, -0.248, 0.925] yaw=-17.3 pitch=14.3 cx=160.86283111572266
2025-11-14 14:30:24,744 - INFO - openpose - Gaze3D frame=172 id=right label=Right person v=[-0.262, -0.208, 0.943] yaw=-15.5 pitch=12.0 cx=362.7983093261719
2025-11-14 14:30:24,744 - INFO - openpose - Gaze PUB: people=2, frame_idx=172
2025-11-14 14:30:25,209 - INFO - openpose - Gaze3D frame=176 id=left label=Left person v=[-0.356, -0.315, 0.880] yaw=-22.0 pitch=18.4 cx=161.17837524414062
2025-11-14 14:30:25,209 - INFO - openpose - Gaze3D frame=176 id=right label=Right person v=[-0.235, -0.440, 0.867] yaw=-15.2 pitch=26.1 cx=363.9812316894531
2025-11-14 14:30:25,209 - INFO - openpose - Gaze PUB: people=2, frame_idx=176
2025-11-14 14:30:25,656 - INFO - openpose - Gaze3D frame=180 id=left label=Left person v=[-0.274, -0.211, 0.938] yaw=-16.3 pitch=12.2 cx=161.1641845703125
2025-11-14 14:30:25,656 - INFO - openpose - Gaze3D frame=180 id=right label=Right person v=[-0.299, -0.259, 0.919] yaw=-18.0 pitch=15.0 cx=363.6505126953125
2025-11-14 14:30:25,656 - INFO - openpose - Gaze PUB: people=2, frame_idx=180
2025-11-14 14:30:26,098 - INFO - openpose - Gaze3D frame=184 id=left label=Left person v=[-0.245, -0.212, 0.946] yaw=-14.5 pitch=12.2 cx=160.78630828857422
2025-11-14 14:30:26,098 - INFO - openpose - Gaze3D frame=184 id=right label=Right person v=[-0.379, -0.333, 0.863] yaw=-23.7 pitch=19.4 cx=364.26112365722656
2025-11-14 14:30:26,098 - INFO - openpose - Gaze PUB: people=2, frame_idx=184
2025-11-14 14:30:26,563 - INFO - openpose - Gaze3D frame=188 id=left label=Left person v=[-0.244, -0.151, 0.958] yaw=-14.3 pitch=8.7 cx=161.55416107177734
2025-11-14 14:30:26,564 - INFO - openpose - Gaze3D frame=188 id=right label=Right person v=[-0.391, -0.335, 0.857] yaw=-24.5 pitch=19.6 cx=364.3419189453125
2025-11-14 14:30:26,564 - INFO - openpose - Gaze PUB: people=2, frame_idx=188
2025-11-14 14:30:27,015 - INFO - openpose - Gaze3D frame=192 id=left label=Left person v=[-0.282, 0.060, 0.958] yaw=-16.4 pitch=-3.4 cx=163.3380889892578
2025-11-14 14:30:27,015 - INFO - openpose - Gaze3D frame=192 id=right label=Right person v=[-0.351, -0.355, 0.867] yaw=-22.0 pitch=20.8 cx=364.5727233886719
2025-11-14 14:30:27,016 - INFO - openpose - Gaze PUB: people=2, frame_idx=192
2025-11-14 14:30:27,459 - INFO - openpose - Gaze3D frame=196 id=left label=Left person v=[-0.353, 0.033, 0.935] yaw=-20.7 pitch=-1.9 cx=163.074462890625
2025-11-14 14:30:27,460 - INFO - openpose - Gaze3D frame=196 id=right label=Right person v=[-0.169, -0.493, 0.853] yaw=-11.2 pitch=29.6 cx=365.61708068847656
2025-11-14 14:30:27,460 - INFO - openpose - Gaze PUB: people=2, frame_idx=196
2025-11-14 14:30:27,900 - INFO - openpose - Gaze3D frame=200 id=left label=Left person v=[-0.322, -0.005, 0.947] yaw=-18.8 pitch=0.3 cx=158.86754608154297
2025-11-14 14:30:27,900 - INFO - openpose - Gaze3D frame=200 id=right label=Right person v=[-0.278, -0.565, 0.777] yaw=-19.7 pitch=34.4 cx=365.7825012207031
2025-11-14 14:30:27,900 - INFO - openpose - Gaze PUB: people=2, frame_idx=200
2025-11-14 14:30:28,332 - INFO - openpose - Gaze3D frame=204 id=left label=Left person v=[-0.161, 0.057, 0.985] yaw=-9.3 pitch=-3.3 cx=160.73216247558594
2025-11-14 14:30:28,332 - INFO - openpose - Gaze3D frame=204 id=right label=Right person v=[-0.169, -0.444, 0.880] yaw=-10.9 pitch=26.3 cx=364.8692169189453
2025-11-14 14:30:28,332 - INFO - openpose - Gaze PUB: people=2, frame_idx=204
2025-11-14 14:30:28,812 - INFO - openpose - Gaze3D frame=208 id=left label=Left person v=[0.017, 0.016, 1.000] yaw=1.0 pitch=-0.9 cx=160.64634704589844
2025-11-14 14:30:28,812 - INFO - openpose - Gaze3D frame=208 id=right label=Right person v=[-0.217, -0.439, 0.872] yaw=-14.0 pitch=26.0 cx=364.4015655517578
2025-11-14 14:30:28,812 - INFO - openpose - Gaze PUB: people=2, frame_idx=208
2025-11-14 14:30:29,278 - INFO - openpose - Gaze3D frame=212 id=left label=Left person v=[0.095, 0.707, 0.701] yaw=7.8 pitch=-45.0 cx=166.21591186523438
2025-11-14 14:30:29,278 - INFO - openpose - Gaze3D frame=212 id=right label=Right person v=[-0.203, -0.404, 0.892] yaw=-12.8 pitch=23.8 cx=364.6529846191406
2025-11-14 14:30:29,278 - INFO - openpose - Gaze PUB: people=2, frame_idx=212
2025-11-14 14:30:29,834 - INFO - openpose - Gaze3D frame=216 id=left label=Left person v=[-0.173, -0.228, 0.958] yaw=-10.2 pitch=13.2 cx=163.46219635009766
2025-11-14 14:30:29,834 - INFO - openpose - Gaze3D frame=216 id=right label=Right person v=[-0.138, -0.581, 0.802] yaw=-9.8 pitch=35.5 cx=366.003662109375
2025-11-14 14:30:29,834 - INFO - openpose - Gaze PUB: people=2, frame_idx=216
2025-11-14 14:30:30,286 - INFO - openpose - Gaze3D frame=220 id=left label=Left person v=[-0.058, -0.319, 0.946] yaw=-3.5 pitch=18.6 cx=164.36702728271484
2025-11-14 14:30:30,286 - INFO - openpose - Gaze3D frame=220 id=right label=Right person v=[-0.179, -0.510, 0.841] yaw=-12.0 pitch=30.7 cx=366.09483337402344
2025-11-14 14:30:30,286 - INFO - openpose - Gaze PUB: people=2, frame_idx=220
2025-11-14 14:30:30,755 - INFO - openpose - Gaze3D frame=224 id=left label=Left person v=[-0.084, -0.319, 0.944] yaw=-5.1 pitch=18.6 cx=163.11968994140625
2025-11-14 14:30:30,755 - INFO - openpose - Gaze3D frame=224 id=right label=Right person v=[-0.184, -0.493, 0.850] yaw=-12.2 pitch=29.6 cx=366.3314208984375
2025-11-14 14:30:30,756 - INFO - openpose - Gaze PUB: people=2, frame_idx=224
2025-11-14 14:30:31,198 - INFO - openpose - Gaze3D frame=228 id=left label=Left person v=[-0.311, -0.014, 0.950] yaw=-18.1 pitch=0.8 cx=162.51583862304688
2025-11-14 14:30:31,198 - INFO - openpose - Gaze3D frame=228 id=right label=Right person v=[-0.269, -0.296, 0.916] yaw=-16.4 pitch=17.2 cx=366.9198303222656
2025-11-14 14:30:31,198 - INFO - openpose - Gaze PUB: people=2, frame_idx=228
2025-11-14 14:30:31,646 - INFO - openpose - Gaze3D frame=232 id=left label=Left person v=[-0.310, 0.035, 0.950] yaw=-18.1 pitch=-2.0 cx=162.60431671142578
2025-11-14 14:30:31,646 - INFO - openpose - Gaze3D frame=232 id=right label=Right person v=[-0.314, -0.356, 0.880] yaw=-19.7 pitch=20.9 cx=366.9733123779297
2025-11-14 14:30:31,646 - INFO - openpose - Gaze PUB: people=2, frame_idx=232
2025-11-14 14:30:32,103 - INFO - openpose - Gaze3D frame=236 id=left label=Left person v=[-0.351, 0.024, 0.936] yaw=-20.6 pitch=-1.4 cx=161.0587158203125
2025-11-14 14:30:32,103 - INFO - openpose - Gaze3D frame=236 id=right label=Right person v=[-0.380, -0.473, 0.795] yaw=-25.6 pitch=28.2 cx=366.4082794189453
2025-11-14 14:30:32,104 - INFO - openpose - Gaze PUB: people=2, frame_idx=236
2025-11-14 14:30:32,561 - INFO - openpose - Gaze3D frame=240 id=left label=Left person v=[-0.390, 0.046, 0.920] yaw=-23.0 pitch=-2.6 cx=160.266357421875
2025-11-14 14:30:32,561 - INFO - openpose - Gaze3D frame=240 id=right label=Right person v=[-0.440, -0.501, 0.745] yaw=-30.6 pitch=30.1 cx=365.2654571533203
2025-11-14 14:30:32,561 - INFO - openpose - Gaze PUB: people=2, frame_idx=240
2025-11-14 14:30:32,977 - INFO - openpose - Gaze3D frame=244 id=left label=Left person v=[-0.338, 0.083, 0.938] yaw=-19.8 pitch=-4.8 cx=160.85458374023438
2025-11-14 14:30:32,977 - INFO - openpose - Gaze3D frame=244 id=right label=Right person v=[-0.340, -0.452, 0.824] yaw=-22.4 pitch=26.9 cx=364.4165802001953
2025-11-14 14:30:32,977 - INFO - openpose - Gaze PUB: people=2, frame_idx=244
2025-11-14 14:30:33,408 - INFO - openpose - Gaze3D frame=248 id=left label=Left person v=[-0.257, 0.096, 0.962] yaw=-15.0 pitch=-5.5 cx=161.65074920654297
2025-11-14 14:30:33,408 - INFO - openpose - Gaze3D frame=248 id=right label=Right person v=[-0.426, -0.366, 0.828] yaw=-27.2 pitch=21.5 cx=363.7403564453125
2025-11-14 14:30:33,408 - INFO - openpose - Gaze PUB: people=2, frame_idx=248
2025-11-14 14:30:33,864 - INFO - openpose - Gaze3D frame=252 id=left label=Left person v=[-0.076, -0.325, 0.943] yaw=-4.6 pitch=19.0 cx=159.99609375
2025-11-14 14:30:33,864 - INFO - openpose - Gaze3D frame=252 id=right label=Right person v=[-0.243, -0.393, 0.887] yaw=-15.3 pitch=23.1 cx=363.31834411621094
2025-11-14 14:30:33,864 - INFO - openpose - Gaze PUB: people=2, frame_idx=252
2025-11-14 14:30:34,302 - INFO - openpose - Gaze3D frame=256 id=left label=Left person v=[-0.258, 0.186, 0.948] yaw=-15.2 pitch=-10.7 cx=157.30565643310547
2025-11-14 14:30:34,302 - INFO - openpose - Gaze3D frame=256 id=right label=Right person v=[-0.221, -0.335, 0.916] yaw=-13.6 pitch=19.6 cx=363.58372497558594
2025-11-14 14:30:34,302 - INFO - openpose - Gaze PUB: people=2, frame_idx=256
2025-11-14 14:30:34,766 - INFO - openpose - Gaze3D frame=260 id=left label=Left person v=[-0.296, 0.170, 0.940] yaw=-17.5 pitch=-9.8 cx=158.10013580322266
2025-11-14 14:30:34,766 - INFO - openpose - Gaze3D frame=260 id=right label=Right person v=[-0.351, -0.397, 0.848] yaw=-22.5 pitch=23.4 cx=362.9798889160156
2025-11-14 14:30:34,766 - INFO - openpose - Gaze PUB: people=2, frame_idx=260
2025-11-14 14:30:35,245 - INFO - openpose - Gaze3D frame=264 id=left label=Left person v=[-0.228, 0.113, 0.967] yaw=-13.3 pitch=-6.5 cx=158.3280029296875
2025-11-14 14:30:35,245 - INFO - openpose - Gaze3D frame=264 id=right label=Right person v=[-0.190, -0.378, 0.906] yaw=-11.8 pitch=22.2 cx=363.78395080566406
2025-11-14 14:30:35,245 - INFO - openpose - Gaze PUB: people=2, frame_idx=264
2025-11-14 14:30:35,688 - INFO - openpose - Gaze3D frame=268 id=left label=Left person v=[-0.196, 0.142, 0.970] yaw=-11.4 pitch=-8.2 cx=158.4333267211914
2025-11-14 14:30:35,688 - INFO - openpose - Gaze3D frame=268 id=right label=Right person v=[-0.261, -0.459, 0.849] yaw=-17.1 pitch=27.3 cx=364.4113464355469
2025-11-14 14:30:35,688 - INFO - openpose - Gaze PUB: people=2, frame_idx=268
2025-11-14 14:30:36,134 - INFO - openpose - Gaze3D frame=272 id=left label=Left person v=[-0.242, 0.252, 0.937] yaw=-14.5 pitch=-14.6 cx=159.08606719970703
2025-11-14 14:30:36,134 - INFO - openpose - Gaze3D frame=272 id=right label=Right person v=[-0.330, -0.385, 0.862] yaw=-20.9 pitch=22.6 cx=364.2368469238281
2025-11-14 14:30:36,134 - INFO - openpose - Gaze PUB: people=2, frame_idx=272
2025-11-14 14:30:36,590 - INFO - openpose - Gaze3D frame=276 id=left label=Left person v=[-0.397, 0.461, 0.794] yaw=-26.5 pitch=-27.4 cx=159.4808120727539
2025-11-14 14:30:36,591 - INFO - openpose - Gaze3D frame=276 id=right label=Right person v=[-0.203, -0.483, 0.852] yaw=-13.4 pitch=28.9 cx=366.71722412109375
2025-11-14 14:30:36,591 - INFO - openpose - Gaze PUB: people=2, frame_idx=276
2025-11-14 14:30:37,049 - INFO - openpose - Gaze3D frame=280 id=left label=Left person v=[-0.343, 0.134, 0.930] yaw=-20.2 pitch=-7.7 cx=158.18582916259766
2025-11-14 14:30:37,049 - INFO - openpose - Gaze3D frame=280 id=right label=Right person v=[-0.229, -0.253, 0.940] yaw=-13.7 pitch=14.7 cx=372.4856414794922
2025-11-14 14:30:37,056 - INFO - openpose - Gaze PUB: people=2, frame_idx=280
2025-11-14 14:30:37,512 - INFO - openpose - Gaze3D frame=284 id=left label=Left person v=[-0.207, 0.106, 0.973] yaw=-12.0 pitch=-6.1 cx=158.12814331054688
2025-11-14 14:30:37,512 - INFO - openpose - Gaze3D frame=284 id=right label=Right person v=[-0.210, -0.349, 0.913] yaw=-13.0 pitch=20.4 cx=375.43023681640625
2025-11-14 14:30:37,512 - INFO - openpose - Gaze PUB: people=2, frame_idx=284
2025-11-14 14:30:37,962 - INFO - openpose - Gaze3D frame=288 id=left label=Left person v=[-0.043, -0.292, 0.955] yaw=-2.6 pitch=17.0 cx=158.84291076660156
2025-11-14 14:30:37,962 - INFO - openpose - Gaze3D frame=288 id=right label=Right person v=[-0.268, -0.287, 0.920] yaw=-16.2 pitch=16.7 cx=379.5823516845703
2025-11-14 14:30:37,962 - INFO - openpose - Gaze PUB: people=2, frame_idx=288
2025-11-14 14:30:38,425 - INFO - openpose - Gaze3D frame=292 id=left label=Left person v=[-0.302, -0.031, 0.953] yaw=-17.6 pitch=1.8 cx=159.18426513671875
2025-11-14 14:30:38,425 - INFO - openpose - Gaze3D frame=292 id=right label=Right person v=[-0.214, -0.277, 0.937] yaw=-12.9 pitch=16.1 cx=377.36973571777344
2025-11-14 14:30:38,425 - INFO - openpose - Gaze PUB: people=2, frame_idx=292
2025-11-14 14:30:38,554 - INFO - openpose - Right person: Arm EXTENDED (depth-plane)
2025-11-14 14:30:38,555 - INFO - openpose - ZMQ Message received (non-blocking): PR: Arm Extended Check
2025-11-14 14:30:38,555 - INFO - openpose - ZMQ Sending: Right: Arm Extended
2025-11-14 14:30:38,622 - INFO - openpose - Right person: Arm RETRACTED (depth-plane)
2025-11-14 14:30:38,622 - INFO - openpose - ZMQ Message received (non-blocking): PR: Arm Retracted Check
2025-11-14 14:30:38,622 - INFO - openpose - ZMQ Sending: Right: Arm Retracted
2025-11-14 14:30:38,879 - INFO - openpose - Gaze3D frame=296 id=left label=Left person v=[-0.265, 0.095, 0.959] yaw=-15.5 pitch=-5.5 cx=158.2679901123047
2025-11-14 14:30:38,879 - INFO - openpose - Gaze3D frame=296 id=right label=Right person v=[-0.230, -0.777, 0.586] yaw=-21.4 pitch=51.0 cx=365.87091064453125
2025-11-14 14:30:38,879 - INFO - openpose - Gaze PUB: people=2, frame_idx=296
2025-11-14 14:30:39,318 - INFO - openpose - Gaze3D frame=300 id=left label=Left person v=[-0.130, -0.360, 0.924] yaw=-8.0 pitch=21.1 cx=158.20223236083984
2025-11-14 14:30:39,319 - INFO - openpose - Gaze3D frame=300 id=right label=Right person v=[-0.434, -0.519, 0.736] yaw=-30.5 pitch=31.3 cx=365.00965881347656
2025-11-14 14:30:39,319 - INFO - openpose - Gaze PUB: people=2, frame_idx=300
2025-11-14 14:30:39,762 - INFO - openpose - Gaze3D frame=304 id=left label=Left person v=[-0.112, -0.416, 0.902] yaw=-7.1 pitch=24.6 cx=159.10082244873047
2025-11-14 14:30:39,762 - INFO - openpose - Gaze3D frame=304 id=right label=Right person v=[-0.436, -0.683, 0.586] yaw=-36.7 pitch=43.1 cx=371.56976318359375
2025-11-14 14:30:39,762 - INFO - openpose - Gaze PUB: people=2, frame_idx=304
2025-11-14 14:30:40,210 - INFO - openpose - Gaze3D frame=308 id=left label=Left person v=[-0.326, 0.081, 0.942] yaw=-19.1 pitch=-4.6 cx=160.70740509033203
2025-11-14 14:30:40,210 - INFO - openpose - Gaze3D frame=308 id=right label=Right person v=[-0.534, -0.485, 0.693] yaw=-37.6 pitch=29.0 cx=377.6797637939453
2025-11-14 14:30:40,210 - INFO - openpose - Gaze PUB: people=2, frame_idx=308
2025-11-14 14:30:40,663 - INFO - openpose - Gaze3D frame=312 id=left label=Left person v=[-0.349, 0.063, 0.935] yaw=-20.5 pitch=-3.6 cx=158.3705596923828
2025-11-14 14:30:40,663 - INFO - openpose - Gaze3D frame=312 id=right label=Right person v=[-0.476, -0.588, 0.654] yaw=-36.0 pitch=36.0 cx=379.44410705566406
2025-11-14 14:30:40,664 - INFO - openpose - Gaze PUB: people=2, frame_idx=312
2025-11-14 14:30:41,119 - INFO - openpose - Gaze3D frame=316 id=left label=Left person v=[-0.091, -0.510, 0.855] yaw=-6.1 pitch=30.7 cx=152.8868637084961
2025-11-14 14:30:41,119 - INFO - openpose - Gaze3D frame=316 id=right label=Right person v=[-0.546, -0.652, 0.527] yaw=-46.0 pitch=40.7 cx=380.9313049316406
2025-11-14 14:30:41,119 - INFO - openpose - Gaze PUB: people=2, frame_idx=316
2025-11-14 14:30:41,535 - INFO - openpose - Gaze3D frame=320 id=left label=Left person v=[-0.125, -0.446, 0.886] yaw=-8.0 pitch=26.5 cx=150.60048294067383
2025-11-14 14:30:41,535 - INFO - openpose - Gaze3D frame=320 id=right label=Right person v=[-0.454, -0.694, 0.559] yaw=-39.1 pitch=43.9 cx=380.09239196777344
2025-11-14 14:30:41,535 - INFO - openpose - Gaze PUB: people=2, frame_idx=320
2025-11-14 14:30:41,989 - INFO - openpose - Gaze3D frame=324 id=left label=Left person v=[-0.124, -0.426, 0.896] yaw=-7.9 pitch=25.2 cx=149.4218978881836
2025-11-14 14:30:41,989 - INFO - openpose - Gaze3D frame=324 id=right label=Right person v=[-0.408, -0.558, 0.723] yaw=-29.5 pitch=33.9 cx=381.22544860839844
2025-11-14 14:30:41,989 - INFO - openpose - Gaze PUB: people=2, frame_idx=324
2025-11-14 14:30:42,428 - INFO - openpose - Gaze3D frame=328 id=left label=Left person v=[-0.151, -0.345, 0.926] yaw=-9.3 pitch=20.2 cx=153.0548858642578
2025-11-14 14:30:42,428 - INFO - openpose - Gaze3D frame=328 id=right label=Right person v=[-0.398, -0.222, 0.890] yaw=-24.1 pitch=12.8 cx=397.1886291503906
2025-11-14 14:30:42,428 - INFO - openpose - Gaze PUB: people=2, frame_idx=328
2025-11-14 14:30:42,831 - INFO - openpose - Gaze3D frame=332 id=left label=Left person v=[-0.173, -0.394, 0.903] yaw=-10.8 pitch=23.2 cx=157.1336212158203
2025-11-14 14:30:42,831 - INFO - openpose - Gaze3D frame=332 id=right label=Right person v=[-0.264, -0.786, 0.559] yaw=-25.2 pitch=51.8 cx=378.4365997314453
2025-11-14 14:30:42,832 - INFO - openpose - Gaze PUB: people=2, frame_idx=332
2025-11-14 14:30:43,285 - INFO - openpose - Gaze3D frame=336 id=left label=Left person v=[-0.071, -0.370, 0.926] yaw=-4.4 pitch=21.7 cx=158.7638397216797
2025-11-14 14:30:43,286 - INFO - openpose - Gaze3D frame=336 id=right label=Right person v=[-0.396, -0.457, 0.796] yaw=-26.4 pitch=27.2 cx=363.78082275390625
2025-11-14 14:30:43,286 - INFO - openpose - Gaze PUB: people=2, frame_idx=336
2025-11-14 14:30:43,711 - INFO - openpose - Gaze3D frame=340 id=left label=Left person v=[-0.460, -0.073, 0.885] yaw=-27.5 pitch=4.2 cx=159.50316619873047
2025-11-14 14:30:43,711 - INFO - openpose - Gaze3D frame=340 id=right label=Right person v=[-0.170, -0.511, 0.842] yaw=-11.4 pitch=30.7 cx=365.1307678222656
2025-11-14 14:30:43,711 - INFO - openpose - Gaze PUB: people=2, frame_idx=340
2025-11-14 14:30:44,110 - INFO - openpose - Gaze3D frame=344 id=left label=Left person v=[-0.230, -0.261, 0.938] yaw=-13.8 pitch=15.1 cx=159.98003387451172
2025-11-14 14:30:44,110 - INFO - openpose - Gaze3D frame=344 id=right label=Right person v=[-0.212, -0.481, 0.851] yaw=-14.0 pitch=28.8 cx=364.2225646972656
2025-11-14 14:30:44,110 - INFO - openpose - Gaze PUB: people=2, frame_idx=344
2025-11-14 14:30:44,804 - INFO - openpose - Gaze3D frame=348 id=None label=None v=[-0.147, -0.379, 0.914] yaw=-9.2 pitch=22.3 cx=164.43572998046875
2025-11-14 14:30:44,804 - INFO - openpose - Gaze3D frame=348 id=None label=None v=[-0.223, -0.410, 0.884] yaw=-14.2 pitch=24.2 cx=368.1047058105469
2025-11-14 14:30:44,804 - INFO - openpose - Gaze PUB: people=2, frame_idx=348
2025-11-14 14:30:45,086 - INFO - openpose - Gaze3D frame=348 id=None label=None v=[-0.273, 0.194, 0.942] yaw=-16.1 pitch=-11.2 cx=176.40899658203125
2025-11-14 14:30:45,087 - INFO - openpose - Gaze3D frame=348 id=None label=None v=[-0.219, -0.432, 0.875] yaw=-14.0 pitch=25.6 cx=368.8188934326172
2025-11-14 14:30:45,087 - INFO - openpose - Gaze PUB: people=2, frame_idx=348
2025-11-14 14:30:45,327 - INFO - openpose - Gaze3D frame=348 id=None label=None v=[-0.286, 0.207, 0.936] yaw=-17.0 pitch=-11.9 cx=191.120361328125
2025-11-14 14:30:45,327 - INFO - openpose - Gaze3D frame=348 id=None label=None v=[-0.181, -0.459, 0.869] yaw=-11.8 pitch=27.4 cx=368.5145263671875
2025-11-14 14:30:45,327 - INFO - openpose - Gaze PUB: people=2, frame_idx=348
2025-11-14 14:30:45,592 - INFO - openpose - Gaze3D frame=348 id=None label=None v=[-0.151, 0.116, 0.982] yaw=-8.7 pitch=-6.6 cx=369.7732696533203
2025-11-14 14:30:45,592 - INFO - openpose - Gaze3D frame=348 id=None label=None v=[-0.281, 0.052, 0.958] yaw=-16.4 pitch=-3.0 cx=207.60641479492188
2025-11-14 14:30:45,592 - INFO - openpose - Gaze PUB: people=2, frame_idx=348
2025-11-14 14:30:45,841 - INFO - openpose - Gaze3D frame=348 id=None label=None v=[-0.199, 0.073, 0.977] yaw=-11.5 pitch=-4.2 cx=224.9955291748047
2025-11-14 14:30:45,841 - INFO - openpose - Gaze3D frame=348 id=None label=None v=[-0.340, -0.127, 0.932] yaw=-20.0 pitch=7.3 cx=376.05088806152344
2025-11-14 14:30:45,841 - INFO - openpose - Gaze PUB: people=2, frame_idx=348
2025-11-14 14:30:46,084 - INFO - openpose - Gaze3D frame=348 id=None label=None v=[-0.211, -0.114, 0.971] yaw=-12.3 pitch=6.5 cx=235.4095458984375
2025-11-14 14:30:46,084 - INFO - openpose - Gaze3D frame=348 id=None label=None v=[-0.249, 0.041, 0.968] yaw=-14.4 pitch=-2.4 cx=380.11463928222656
2025-11-14 14:30:46,084 - INFO - openpose - Gaze PUB: people=2, frame_idx=348
2025-11-14 14:30:46,337 - INFO - openpose - Gaze3D frame=348 id=None label=None v=[-0.254, -0.162, 0.954] yaw=-14.9 pitch=9.3 cx=247.32630920410156
2025-11-14 14:30:46,337 - INFO - openpose - Gaze3D frame=348 id=None label=None v=[-0.109, -0.579, 0.808] yaw=-7.7 pitch=35.4 cx=381.66944885253906
2025-11-14 14:30:46,337 - INFO - openpose - Gaze PUB: people=2, frame_idx=348
2025-11-14 14:30:46,586 - INFO - openpose - Gaze3D frame=348 id=None label=None v=[-0.261, -0.450, 0.854] yaw=-17.0 pitch=26.7 cx=383.2943878173828
2025-11-14 14:30:46,586 - INFO - openpose - Gaze3D frame=348 id=None label=None v=[-0.378, -0.275, 0.884] yaw=-23.1 pitch=15.9 cx=250.94552612304688
2025-11-14 14:30:46,586 - INFO - openpose - Gaze PUB: people=2, frame_idx=348
2025-11-14 14:30:46,800 - INFO - openpose - Gaze3D frame=348 id=None label=None v=[-0.436, -0.441, 0.784] yaw=-29.1 pitch=26.2 cx=250.58338928222656
2025-11-14 14:30:46,800 - INFO - openpose - Gaze3D frame=348 id=None label=None v=[-0.273, -0.305, 0.912] yaw=-16.7 pitch=17.8 cx=384.8822326660156
2025-11-14 14:30:46,801 - INFO - openpose - Gaze PUB: people=2, frame_idx=348
2025-11-14 14:30:47,125 - INFO - openpose - Gaze3D frame=348 id=None label=None v=[-0.402, -0.268, 0.876] yaw=-24.7 pitch=15.6 cx=250.1871337890625
2025-11-14 14:30:47,125 - INFO - openpose - Gaze3D frame=348 id=None label=None v=[-0.284, -0.110, 0.953] yaw=-16.6 pitch=6.3 cx=384.8553161621094
2025-11-14 14:30:47,125 - INFO - openpose - Gaze3D frame=348 id=None label=None v=[-0.324, -0.060, 0.944] yaw=-18.9 pitch=3.4 cx=432.2530975341797
2025-11-14 14:30:47,126 - INFO - openpose - Gaze PUB: people=3, frame_idx=348
2025-11-14 14:30:47,384 - INFO - openpose - Gaze3D frame=348 id=None label=None v=[-0.428, -0.237, 0.873] yaw=-26.1 pitch=13.7 cx=248.79014587402344
2025-11-14 14:30:47,384 - INFO - openpose - Gaze3D frame=348 id=None label=None v=[-0.215, -0.393, 0.894] yaw=-13.5 pitch=23.1 cx=383.8797912597656
2025-11-14 14:30:47,384 - INFO - openpose - Gaze PUB: people=2, frame_idx=348
2025-11-14 14:30:47,646 - INFO - openpose - Gaze3D frame=348 id=left label=Left person v=[-0.476, -0.382, 0.792] yaw=-31.0 pitch=22.4 cx=247.07099151611328
2025-11-14 14:30:47,646 - INFO - openpose - Gaze3D frame=348 id=right label=Right person v=[-0.253, -0.282, 0.926] yaw=-15.3 pitch=16.4 cx=383.491943359375
2025-11-14 14:30:47,653 - INFO - openpose - Gaze PUB: people=2, frame_idx=348
2025-11-14 14:30:47,772 - INFO - openpose - Left person: Arm EXTENDED (depth-plane)
2025-11-14 14:30:47,773 - INFO - openpose - ZMQ Message received (non-blocking): PL: Arm Extended Check
2025-11-14 14:30:47,773 - INFO - openpose - ZMQ Sending: Left: Arm Extended
2025-11-14 14:30:48,098 - INFO - openpose - Gaze3D frame=352 id=left label=Left person v=[0.022, -0.373, 0.928] yaw=1.3 pitch=21.9 cx=218.37525939941406
2025-11-14 14:30:48,098 - INFO - openpose - Gaze3D frame=352 id=right label=Right person v=[-0.402, -0.373, 0.836] yaw=-25.7 pitch=21.9 cx=383.0433807373047
2025-11-14 14:30:48,099 - INFO - openpose - Gaze PUB: people=2, frame_idx=352
2025-11-14 14:30:48,217 - INFO - openpose - Left person: Arm RETRACTED (depth-plane)
2025-11-14 14:30:48,217 - INFO - openpose - ZMQ Message received (non-blocking): PL: Arm Retracted Check
2025-11-14 14:30:48,217 - INFO - openpose - ZMQ Sending: Left: Arm Retracted
2025-11-14 14:30:48,538 - INFO - openpose - Gaze3D frame=356 id=left label=Left person v=[-0.170, -0.527, 0.833] yaw=-11.5 pitch=31.8 cx=181.40552520751953
2025-11-14 14:30:48,538 - INFO - openpose - Gaze3D frame=356 id=right label=Right person v=[-0.400, -0.528, 0.749] yaw=-28.1 pitch=31.9 cx=386.9627380371094
2025-11-14 14:30:48,538 - INFO - openpose - Gaze PUB: people=2, frame_idx=356
2025-11-14 14:30:48,984 - INFO - openpose - Gaze3D frame=360 id=left label=Left person v=[-0.265, -0.242, 0.933] yaw=-15.9 pitch=14.0 cx=155.6650161743164
2025-11-14 14:30:48,985 - INFO - openpose - Gaze3D frame=360 id=right label=Right person v=[-0.244, -0.411, 0.878] yaw=-15.5 pitch=24.2 cx=395.796630859375
2025-11-14 14:30:48,985 - INFO - openpose - Gaze PUB: people=2, frame_idx=360
2025-11-14 14:30:49,426 - INFO - openpose - Gaze3D frame=364 id=None label=None v=[-0.236, -0.478, 0.846] yaw=-15.6 pitch=28.6 cx=389.0192565917969
2025-11-14 14:30:49,426 - INFO - openpose - Gaze3D frame=364 id=None label=None v=[-0.106, -0.373, 0.922] yaw=-6.6 pitch=21.9 cx=157.47994232177734
2025-11-14 14:30:49,426 - INFO - openpose - Gaze PUB: people=2, frame_idx=364
2025-11-14 14:30:49,671 - INFO - openpose - Gaze3D frame=364 id=None label=None v=[-0.307, 0.113, 0.945] yaw=-18.0 pitch=-6.5 cx=163.43675231933594
2025-11-14 14:30:49,672 - INFO - openpose - Gaze3D frame=364 id=None label=None v=[-0.347, -0.471, 0.811] yaw=-23.1 pitch=28.1 cx=390.7625427246094
2025-11-14 14:30:49,672 - INFO - openpose - Gaze PUB: people=2, frame_idx=364
2025-11-14 14:30:49,933 - INFO - openpose - Gaze3D frame=364 id=None label=None v=[-0.244, -0.381, 0.892] yaw=-15.3 pitch=22.4 cx=390.8116912841797
2025-11-14 14:30:49,933 - INFO - openpose - Gaze3D frame=364 id=None label=None v=[-0.028, 0.642, 0.766] yaw=-2.1 pitch=-39.9 cx=170.29521942138672
2025-11-14 14:30:49,933 - INFO - openpose - Gaze PUB: people=2, frame_idx=364
2025-11-14 14:30:50,192 - INFO - openpose - Gaze3D frame=364 id=None label=None v=[-0.227, -0.486, 0.844] yaw=-15.1 pitch=29.1 cx=387.50099182128906
2025-11-14 14:30:50,192 - INFO - openpose - Gaze3D frame=364 id=None label=None v=[-0.068, 0.579, 0.813] yaw=-4.8 pitch=-35.4 cx=171.43699645996094
2025-11-14 14:30:50,192 - INFO - openpose - Gaze PUB: people=2, frame_idx=364
2025-11-14 14:30:50,412 - INFO - openpose - Gaze3D frame=364 id=None label=None v=[-0.013, 0.597, 0.802] yaw=-1.0 pitch=-36.6 cx=171.22047424316406
2025-11-14 14:30:50,412 - INFO - openpose - Gaze3D frame=364 id=None label=None v=[-0.278, 0.528, 0.802] yaw=-19.1 pitch=-31.9 cx=391.4764404296875
2025-11-14 14:30:50,412 - INFO - openpose - Gaze PUB: people=2, frame_idx=364
2025-11-14 14:30:50,682 - INFO - openpose - Gaze3D frame=364 id=None label=None v=[-0.100, 0.298, 0.949] yaw=-6.0 pitch=-17.3 cx=169.3305892944336
2025-11-14 14:30:50,682 - INFO - openpose - Gaze3D frame=364 id=None label=None v=[-0.229, -0.276, 0.934] yaw=-13.8 pitch=16.0 cx=397.3959503173828
2025-11-14 14:30:50,682 - INFO - openpose - Gaze PUB: people=2, frame_idx=364
2025-11-14 14:30:50,937 - INFO - openpose - Gaze3D frame=364 id=left label=Left person v=[-0.268, 0.246, 0.931] yaw=-16.0 pitch=-14.3 cx=167.71376037597656
2025-11-14 14:30:50,938 - INFO - openpose - Gaze3D frame=364 id=right label=Right person v=[-0.131, -0.348, 0.928] yaw=-8.1 pitch=20.4 cx=397.11334228515625
2025-11-14 14:30:50,938 - INFO - openpose - Gaze PUB: people=2, frame_idx=364
2025-11-14 14:30:51,000 - INFO - openpose - Right person: Arm EXTENDED (depth-plane)
2025-11-14 14:30:51,000 - INFO - openpose - ZMQ Message received (non-blocking): PR: Arm Extended Check
2025-11-14 14:30:51,000 - INFO - openpose - ZMQ Sending: Right: Arm Extended
2025-11-14 14:30:51,258 - INFO - openpose - Right person: Arm RETRACTED (depth-plane)
2025-11-14 14:30:51,259 - INFO - openpose - ZMQ Message received (non-blocking): PR: Arm Retracted Check
2025-11-14 14:30:51,259 - INFO - openpose - ZMQ Sending: Right: Arm Retracted
2025-11-14 14:30:51,552 - INFO - openpose - Gaze3D frame=368 id=None label=None v=[-0.155, -0.129, 0.980] yaw=-9.0 pitch=7.4 cx=164.19269561767578
2025-11-14 14:30:51,552 - INFO - openpose - Gaze3D frame=368 id=None label=None v=[-0.204, -0.705, 0.679] yaw=-16.7 pitch=44.8 cx=385.4277038574219
2025-11-14 14:30:51,552 - INFO - openpose - Gaze PUB: people=2, frame_idx=368
2025-11-14 14:30:51,817 - INFO - openpose - Gaze3D frame=368 id=left label=Left person v=[-0.295, 0.068, 0.953] yaw=-17.2 pitch=-3.9 cx=163.6550521850586
2025-11-14 14:30:51,817 - INFO - openpose - Gaze3D frame=368 id=right label=Right person v=[-0.312, -0.605, 0.733] yaw=-23.0 pitch=37.2 cx=390.2083435058594
2025-11-14 14:30:51,817 - INFO - openpose - Gaze PUB: people=2, frame_idx=368
2025-11-14 14:30:52,248 - INFO - openpose - Gaze3D frame=372 id=left label=Left person v=[-0.373, -0.047, 0.927] yaw=-21.9 pitch=2.7 cx=161.51744842529297
2025-11-14 14:30:52,248 - INFO - openpose - Gaze3D frame=372 id=right label=Right person v=[-0.339, -0.737, 0.584] yaw=-30.1 pitch=47.5 cx=391.8515625
2025-11-14 14:30:52,248 - INFO - openpose - Gaze PUB: people=2, frame_idx=372
2025-11-14 14:30:52,844 - INFO - openpose - Gaze3D frame=376 id=None label=None v=[-0.458, -0.475, 0.752] yaw=-31.3 pitch=28.4 cx=385.9629211425781
2025-11-14 14:30:52,844 - INFO - openpose - Gaze3D frame=376 id=None label=None v=[-0.353, -0.019, 0.935] yaw=-20.7 pitch=1.1 cx=160.53459930419922
2025-11-14 14:30:52,851 - INFO - openpose - Gaze PUB: people=2, frame_idx=376
2025-11-14 14:30:53,088 - INFO - openpose - Gaze3D frame=376 id=None label=None v=[-0.552, -0.230, 0.802] yaw=-34.6 pitch=13.3 cx=385.68983459472656
2025-11-14 14:30:53,088 - INFO - openpose - Gaze3D frame=376 id=None label=None v=[-0.278, 0.052, 0.959] yaw=-16.2 pitch=-3.0 cx=161.0951690673828
2025-11-14 14:30:53,088 - INFO - openpose - Gaze PUB: people=2, frame_idx=376
2025-11-14 14:30:53,327 - INFO - openpose - Gaze3D frame=376 id=left label=Left person v=[-0.245, 0.103, 0.964] yaw=-14.3 pitch=-5.9 cx=162.79938507080078
2025-11-14 14:30:53,327 - INFO - openpose - Gaze3D frame=376 id=right label=Right person v=[-0.421, -0.637, 0.646] yaw=-33.1 pitch=39.6 cx=385.51478576660156
2025-11-14 14:30:53,327 - INFO - openpose - Gaze PUB: people=2, frame_idx=376
2025-11-14 14:30:53,778 - INFO - openpose - Gaze3D frame=380 id=left label=Left person v=[0.126, 0.591, 0.797] yaw=9.0 pitch=-36.2 cx=167.74691772460938
2025-11-14 14:30:53,778 - INFO - openpose - Gaze3D frame=380 id=right label=Right person v=[-0.504, -0.198, 0.841] yaw=-31.0 pitch=11.4 cx=385.5718994140625
2025-11-14 14:30:53,779 - INFO - openpose - Gaze PUB: people=2, frame_idx=380
2025-11-14 14:30:54,234 - INFO - openpose - Gaze3D frame=384 id=left label=Left person v=[0.086, 0.639, 0.764] yaw=6.4 pitch=-39.7 cx=163.9222869873047
2025-11-14 14:30:54,234 - INFO - openpose - Gaze3D frame=384 id=right label=Right person v=[-0.461, -0.360, 0.811] yaw=-29.6 pitch=21.1 cx=387.1705627441406
2025-11-14 14:30:54,234 - INFO - openpose - Gaze PUB: people=2, frame_idx=384
2025-11-14 14:30:54,682 - INFO - openpose - Gaze3D frame=388 id=left label=Left person v=[-0.210, 0.072, 0.975] yaw=-12.1 pitch=-4.1 cx=160.6989517211914
2025-11-14 14:30:54,682 - INFO - openpose - Gaze3D frame=388 id=right label=Right person v=[-0.307, -0.604, 0.735] yaw=-22.7 pitch=37.2 cx=377.93182373046875
2025-11-14 14:30:54,682 - INFO - openpose - Gaze PUB: people=2, frame_idx=388
2025-11-14 14:30:55,137 - INFO - openpose - Gaze3D frame=392 id=left label=Left person v=[-0.031, 0.214, 0.976] yaw=-1.8 pitch=-12.3 cx=158.27764892578125
2025-11-14 14:30:55,137 - INFO - openpose - Gaze3D frame=392 id=right label=Right person v=[-0.272, -0.651, 0.709] yaw=-21.0 pitch=40.6 cx=362.6798553466797
2025-11-14 14:30:55,137 - INFO - openpose - Gaze PUB: people=2, frame_idx=392
2025-11-14 14:30:55,709 - INFO - openpose - Gaze3D frame=396 id=left label=Left person v=[-0.231, 0.146, 0.962] yaw=-13.5 pitch=-8.4 cx=158.75325775146484
2025-11-14 14:30:55,710 - INFO - openpose - Gaze3D frame=396 id=right label=Right person v=[-0.241, -0.366, 0.899] yaw=-15.0 pitch=21.5 cx=364.597900390625
2025-11-14 14:30:55,710 - INFO - openpose - Gaze PUB: people=2, frame_idx=396
2025-11-14 14:30:56,167 - INFO - openpose - Gaze3D frame=400 id=left label=Left person v=[-0.205, 0.121, 0.971] yaw=-11.9 pitch=-6.9 cx=160.495361328125
2025-11-14 14:30:56,167 - INFO - openpose - Gaze3D frame=400 id=right label=Right person v=[-0.286, -0.469, 0.836] yaw=-18.9 pitch=28.0 cx=365.0123596191406
2025-11-14 14:30:56,167 - INFO - openpose - Gaze PUB: people=2, frame_idx=400
2025-11-14 14:30:56,593 - INFO - openpose - Gaze3D frame=404 id=left label=Left person v=[-0.252, 0.197, 0.948] yaw=-14.9 pitch=-11.3 cx=161.44309997558594
2025-11-14 14:30:56,594 - INFO - openpose - Gaze3D frame=404 id=right label=Right person v=[-0.181, -0.487, 0.854] yaw=-12.0 pitch=29.2 cx=369.9693298339844
2025-11-14 14:30:56,594 - INFO - openpose - Gaze PUB: people=2, frame_idx=404
2025-11-14 14:30:57,036 - INFO - openpose - Gaze3D frame=408 id=left label=Left person v=[-0.162, 0.129, 0.978] yaw=-9.4 pitch=-7.4 cx=163.87933349609375
2025-11-14 14:30:57,036 - INFO - openpose - Gaze3D frame=408 id=right label=Right person v=[-0.115, -0.497, 0.860] yaw=-7.6 pitch=29.8 cx=378.04795837402344
2025-11-14 14:30:57,036 - INFO - openpose - Gaze PUB: people=2, frame_idx=408
2025-11-14 14:30:57,443 - INFO - openpose - Gaze3D frame=412 id=left label=Left person v=[-0.206, 0.099, 0.974] yaw=-11.9 pitch=-5.7 cx=163.5730972290039
2025-11-14 14:30:57,444 - INFO - openpose - Gaze3D frame=412 id=right label=Right person v=[-0.073, -0.518, 0.852] yaw=-4.9 pitch=31.2 cx=382.9031219482422
2025-11-14 14:30:57,444 - INFO - openpose - Gaze PUB: people=2, frame_idx=412
2025-11-14 14:30:57,838 - INFO - openpose - Gaze3D frame=416 id=left label=Left person v=[-0.185, 0.211, 0.960] yaw=-10.9 pitch=-12.2 cx=162.23619842529297
2025-11-14 14:30:57,838 - INFO - openpose - Gaze3D frame=416 id=right label=Right person v=[-0.119, -0.535, 0.836] yaw=-8.1 pitch=32.4 cx=384.23472595214844
2025-11-14 14:30:57,838 - INFO - openpose - Gaze PUB: people=2, frame_idx=416
2025-11-14 14:30:58,284 - INFO - openpose - Gaze3D frame=420 id=left label=Left person v=[0.060, 0.633, 0.772] yaw=4.4 pitch=-39.2 cx=163.8835220336914
2025-11-14 14:30:58,284 - INFO - openpose - Gaze3D frame=420 id=right label=Right person v=[-0.246, -0.361, 0.899] yaw=-15.3 pitch=21.2 cx=382.73573303222656
2025-11-14 14:30:58,284 - INFO - openpose - Gaze PUB: people=2, frame_idx=420
2025-11-14 14:30:58,720 - INFO - openpose - Gaze3D frame=424 id=left label=Left person v=[0.239, 0.625, 0.743] yaw=17.8 pitch=-38.7 cx=166.99748992919922
2025-11-14 14:30:58,720 - INFO - openpose - Gaze3D frame=424 id=right label=Right person v=[-0.361, -0.105, 0.927] yaw=-21.3 pitch=6.0 cx=381.04273986816406
2025-11-14 14:30:58,720 - INFO - openpose - Gaze PUB: people=2, frame_idx=424
2025-11-14 14:30:59,164 - INFO - openpose - Gaze3D frame=428 id=left label=Left person v=[0.223, 0.626, 0.748] yaw=16.6 pitch=-38.7 cx=165.36138916015625
2025-11-14 14:30:59,164 - INFO - openpose - Gaze3D frame=428 id=right label=Right person v=[-0.312, -0.193, 0.930] yaw=-18.5 pitch=11.1 cx=380.0289306640625
2025-11-14 14:30:59,164 - INFO - openpose - Gaze PUB: people=2, frame_idx=428
2025-11-14 14:30:59,620 - INFO - openpose - Gaze3D frame=432 id=left label=Left person v=[0.216, 0.662, 0.718] yaw=16.7 pitch=-41.4 cx=166.59642028808594
2025-11-14 14:30:59,620 - INFO - openpose - Gaze3D frame=432 id=right label=Right person v=[-0.363, -0.216, 0.906] yaw=-21.9 pitch=12.5 cx=380.6744079589844
2025-11-14 14:30:59,620 - INFO - openpose - Gaze PUB: people=2, frame_idx=432
2025-11-14 14:31:00,065 - INFO - openpose - Gaze3D frame=436 id=left label=Left person v=[0.062, 0.580, 0.812] yaw=4.4 pitch=-35.4 cx=163.83464813232422
2025-11-14 14:31:00,065 - INFO - openpose - Gaze3D frame=436 id=right label=Right person v=[0.017, -0.414, 0.910] yaw=1.1 pitch=24.5 cx=380.0025939941406
2025-11-14 14:31:00,065 - INFO - openpose - Gaze PUB: people=2, frame_idx=436
2025-11-14 14:31:00,563 - INFO - openpose - Gaze3D frame=440 id=left label=Left person v=[-0.196, 0.240, 0.951] yaw=-11.7 pitch=-13.9 cx=176.57491302490234
2025-11-14 14:31:00,563 - INFO - openpose - Gaze3D frame=440 id=right label=Right person v=[-0.128, 0.051, 0.991] yaw=-7.3 pitch=-2.9 cx=384.0614776611328
2025-11-14 14:31:00,564 - INFO - openpose - Gaze PUB: people=2, frame_idx=440
2025-11-14 14:31:00,682 - INFO - openpose - Left person: Arm EXTENDED (depth-plane)
2025-11-14 14:31:00,682 - INFO - openpose - ZMQ Message received (non-blocking): PL: Arm Extended Check
2025-11-14 14:31:00,682 - INFO - openpose - ZMQ Sending: Left: Arm Extended
2025-11-14 14:31:01,001 - INFO - openpose - Gaze3D frame=444 id=left label=Left person v=[-0.111, 0.041, 0.993] yaw=-6.4 pitch=-2.3 cx=211.24510192871094
2025-11-14 14:31:01,002 - INFO - openpose - Gaze3D frame=444 id=right label=Right person v=[-0.227, -0.067, 0.971] yaw=-13.2 pitch=3.9 cx=385.41087341308594
2025-11-14 14:31:01,002 - INFO - openpose - Gaze PUB: people=2, frame_idx=444
2025-11-14 14:31:01,448 - INFO - openpose - Gaze3D frame=448 id=left label=Left person v=[-0.208, 0.343, 0.916] yaw=-12.8 pitch=-20.1 cx=226.57989501953125
2025-11-14 14:31:01,449 - INFO - openpose - Gaze3D frame=448 id=right label=Right person v=[-0.376, -0.180, 0.909] yaw=-22.5 pitch=10.4 cx=383.7871551513672
2025-11-14 14:31:01,449 - INFO - openpose - Gaze PUB: people=2, frame_idx=448
2025-11-14 14:31:01,913 - INFO - openpose - Gaze3D frame=452 id=left label=Left person v=[-0.226, 0.353, 0.908] yaw=-14.0 pitch=-20.7 cx=223.78903198242188
2025-11-14 14:31:01,913 - INFO - openpose - Gaze3D frame=452 id=right label=Right person v=[-0.178, -0.248, 0.952] yaw=-10.6 pitch=14.4 cx=383.36158752441406
2025-11-14 14:31:01,913 - INFO - openpose - Gaze PUB: people=2, frame_idx=452
2025-11-14 14:31:02,371 - INFO - openpose - Gaze3D frame=456 id=left label=Left person v=[-0.230, 0.018, 0.973] yaw=-13.3 pitch=-1.1 cx=221.8570098876953
2025-11-14 14:31:02,371 - INFO - openpose - Gaze3D frame=456 id=right label=Right person v=[-0.366, -0.235, 0.900] yaw=-22.1 pitch=13.6 cx=384.2069854736328
2025-11-14 14:31:02,371 - INFO - openpose - Gaze PUB: people=2, frame_idx=456
2025-11-14 14:31:02,796 - INFO - openpose - Gaze3D frame=460 id=left label=Left person v=[-0.019, 0.119, 0.993] yaw=-1.1 pitch=-6.8 cx=220.783447265625
2025-11-14 14:31:02,796 - INFO - openpose - Gaze3D frame=460 id=right label=Right person v=[-0.434, -0.301, 0.849] yaw=-27.1 pitch=17.5 cx=384.36790466308594
2025-11-14 14:31:02,796 - INFO - openpose - Gaze PUB: people=2, frame_idx=460
2025-11-14 14:31:03,213 - INFO - openpose - Gaze3D frame=464 id=left label=Left person v=[0.029, -0.137, 0.990] yaw=1.7 pitch=7.9 cx=209.2070770263672
2025-11-14 14:31:03,214 - INFO - openpose - Gaze3D frame=464 id=right label=Right person v=[-0.227, -0.482, 0.846] yaw=-15.0 pitch=28.8 cx=382.7812805175781
2025-11-14 14:31:03,214 - INFO - openpose - Gaze PUB: people=2, frame_idx=464
2025-11-14 14:31:03,215 - INFO - openpose - Left person: Arm RETRACTED (depth-plane)
2025-11-14 14:31:03,215 - INFO - openpose - ZMQ Message received (non-blocking): PL: Arm Retracted Check
2025-11-14 14:31:03,215 - INFO - openpose - ZMQ Sending: Left: Arm Retracted
2025-11-14 14:31:03,635 - INFO - openpose - Gaze3D frame=468 id=left label=Left person v=[0.114, 0.097, 0.989] yaw=6.5 pitch=-5.6 cx=170.71721649169922
2025-11-14 14:31:03,635 - INFO - openpose - Gaze3D frame=468 id=right label=Right person v=[-0.244, -0.338, 0.909] yaw=-15.0 pitch=19.8 cx=373.5569152832031
2025-11-14 14:31:03,635 - INFO - openpose - Gaze PUB: people=2, frame_idx=468
2025-11-14 14:31:04,153 - INFO - openpose - Gaze3D frame=472 id=left label=Left person v=[0.111, 0.573, 0.812] yaw=7.8 pitch=-35.0 cx=123.36221313476562
2025-11-14 14:31:04,153 - INFO - openpose - Gaze3D frame=472 id=right label=Right person v=[-0.282, -0.381, 0.881] yaw=-17.7 pitch=22.4 cx=368.1738586425781
2025-11-14 14:31:04,153 - INFO - openpose - Gaze PUB: people=2, frame_idx=472
2025-11-14 14:31:04,591 - INFO - openpose - Gaze3D frame=476 id=left label=Left person v=[0.051, -0.122, 0.991] yaw=3.0 pitch=7.0 cx=150.82403564453125
2025-11-14 14:31:04,591 - INFO - openpose - Gaze3D frame=476 id=right label=Right person v=[-0.305, -0.062, 0.950] yaw=-17.8 pitch=3.6 cx=376.1953125
2025-11-14 14:31:04,599 - INFO - openpose - Gaze PUB: people=2, frame_idx=476
2025-11-14 14:31:05,017 - INFO - openpose - Gaze3D frame=480 id=left label=Left person v=[-0.128, 0.030, 0.991] yaw=-7.4 pitch=-1.7 cx=153.68392181396484
2025-11-14 14:31:05,017 - INFO - openpose - Gaze3D frame=480 id=right label=Right person v=[-0.332, 0.062, 0.941] yaw=-19.4 pitch=-3.6 cx=370.54981994628906
2025-11-14 14:31:05,017 - INFO - openpose - Gaze PUB: people=2, frame_idx=480
2025-11-14 14:31:05,499 - INFO - openpose - Gaze3D frame=484 id=left label=Left person v=[-0.179, 0.180, 0.967] yaw=-10.5 pitch=-10.4 cx=147.06512069702148
2025-11-14 14:31:05,499 - INFO - openpose - Gaze3D frame=484 id=right label=Right person v=[-0.294, -0.434, 0.852] yaw=-19.1 pitch=25.7 cx=365.7037353515625
2025-11-14 14:31:05,499 - INFO - openpose - Gaze PUB: people=2, frame_idx=484
2025-11-14 14:31:05,554 - INFO - openpose - Right person: Arm EXTENDED (depth-plane)
2025-11-14 14:31:05,554 - INFO - openpose - ZMQ Message received (non-blocking): PR: Arm Extended Check
2025-11-14 14:31:05,554 - INFO - openpose - ZMQ Sending: Right: Arm Extended
2025-11-14 14:31:05,936 - INFO - openpose - Gaze3D frame=488 id=left label=Left person v=[-0.251, 0.195, 0.948] yaw=-14.8 pitch=-11.2 cx=147.39223861694336
2025-11-14 14:31:05,936 - INFO - openpose - Gaze3D frame=488 id=right label=Right person v=[-0.254, -0.689, 0.678] yaw=-20.6 pitch=43.6 cx=363.77085876464844
2025-11-14 14:31:05,936 - INFO - openpose - Gaze PUB: people=2, frame_idx=488
2025-11-14 14:31:06,370 - INFO - openpose - Gaze3D frame=492 id=left label=Left person v=[-0.246, 0.274, 0.930] yaw=-14.8 pitch=-15.9 cx=147.37347030639648
2025-11-14 14:31:06,370 - INFO - openpose - Gaze3D frame=492 id=right label=Right person v=[-0.464, -0.338, 0.818] yaw=-29.6 pitch=19.8 cx=362.50828552246094
2025-11-14 14:31:06,370 - INFO - openpose - Gaze PUB: people=2, frame_idx=492
2025-11-14 14:31:06,826 - INFO - openpose - Gaze3D frame=496 id=left label=Left person v=[-0.234, 0.230, 0.945] yaw=-13.9 pitch=-13.3 cx=147.4123191833496
2025-11-14 14:31:06,827 - INFO - openpose - Gaze3D frame=496 id=right label=Right person v=[-0.301, -0.344, 0.889] yaw=-18.7 pitch=20.1 cx=370.49090576171875
2025-11-14 14:31:06,827 - INFO - openpose - Gaze PUB: people=2, frame_idx=496
2025-11-14 14:31:07,311 - INFO - openpose - Gaze3D frame=500 id=None label=None v=[-0.413, -0.437, 0.799] yaw=-27.4 pitch=25.9 cx=377.00523376464844
2025-11-14 14:31:07,311 - INFO - openpose - Gaze3D frame=500 id=None label=None v=[-0.191, 0.167, 0.967] yaw=-11.2 pitch=-9.6 cx=143.94227600097656
2025-11-14 14:31:07,312 - INFO - openpose - Gaze PUB: people=2, frame_idx=500
2025-11-14 14:31:07,546 - INFO - openpose - Gaze3D frame=500 id=left label=Left person v=[-0.174, 0.209, 0.962] yaw=-10.3 pitch=-12.1 cx=140.03993606567383
2025-11-14 14:31:07,546 - INFO - openpose - Gaze3D frame=500 id=right label=Right person v=[-0.376, -0.446, 0.812] yaw=-24.8 pitch=26.5 cx=377.45423889160156
2025-11-14 14:31:07,546 - INFO - openpose - Gaze PUB: people=2, frame_idx=500
2025-11-14 14:31:07,989 - INFO - openpose - Gaze3D frame=504 id=left label=Left person v=[-0.148, 0.229, 0.962] yaw=-8.7 pitch=-13.2 cx=139.09698486328125
2025-11-14 14:31:07,990 - INFO - openpose - Gaze3D frame=504 id=right label=Right person v=[-0.272, -0.558, 0.784] yaw=-19.1 pitch=33.9 cx=377.5384521484375
2025-11-14 14:31:07,990 - INFO - openpose - Gaze PUB: people=2, frame_idx=504
2025-11-14 14:31:08,124 - INFO - openpose - Right person: Arm RETRACTED (depth-plane)
2025-11-14 14:31:08,124 - INFO - openpose - ZMQ Message received (non-blocking): PR: Arm Retracted Check
2025-11-14 14:31:08,124 - INFO - openpose - ZMQ Sending: Right: Arm Retracted
2025-11-14 14:31:08,191 - INFO - openpose - Robot's turn detected
2025-11-14 14:31:08,435 - INFO - openpose - Gaze3D frame=508 id=left label=Left person v=[-0.186, 0.423, 0.887] yaw=-11.9 pitch=-25.0 cx=147.75983810424805
2025-11-14 14:31:08,435 - INFO - openpose - Gaze3D frame=508 id=right label=Right person v=[-0.319, -0.203, 0.926] yaw=-19.0 pitch=11.7 cx=376.22657775878906
2025-11-14 14:31:08,435 - INFO - openpose - Gaze PUB: people=2, frame_idx=508
2025-11-14 14:31:08,881 - INFO - openpose - Gaze3D frame=512 id=left label=Left person v=[-0.065, -0.019, 0.998] yaw=-3.7 pitch=1.1 cx=153.18572235107422
2025-11-14 14:31:08,881 - INFO - openpose - Gaze3D frame=512 id=right label=Right person v=[-0.237, -0.725, 0.647] yaw=-20.1 pitch=46.5 cx=361.00624084472656
2025-11-14 14:31:08,881 - INFO - openpose - Gaze PUB: people=2, frame_idx=512
2025-11-14 14:31:09,329 - INFO - openpose - Gaze3D frame=516 id=left label=Left person v=[-0.097, -0.430, 0.897] yaw=-6.2 pitch=25.5 cx=153.4381332397461
2025-11-14 14:31:09,330 - INFO - openpose - Gaze3D frame=516 id=right label=Right person v=[-0.098, -0.308, 0.946] yaw=-5.9 pitch=18.0 cx=360.24615478515625
2025-11-14 14:31:09,330 - INFO - openpose - Gaze PUB: people=2, frame_idx=516
2025-11-14 14:31:09,763 - INFO - openpose - Gaze3D frame=520 id=left label=Left person v=[-0.169, -0.388, 0.906] yaw=-10.6 pitch=22.8 cx=156.99560546875
2025-11-14 14:31:09,763 - INFO - openpose - Gaze3D frame=520 id=right label=Right person v=[-0.095, -0.477, 0.874] yaw=-6.2 pitch=28.5 cx=370.2115478515625
2025-11-14 14:31:09,770 - INFO - openpose - Gaze PUB: people=2, frame_idx=520
2025-11-14 14:31:10,195 - INFO - openpose - Gaze3D frame=524 id=left label=Left person v=[-0.232, 0.179, 0.956] yaw=-13.6 pitch=-10.3 cx=157.95343017578125
2025-11-14 14:31:10,195 - INFO - openpose - Gaze3D frame=524 id=right label=Right person v=[-0.273, -0.290, 0.917] yaw=-16.6 pitch=16.9 cx=372.7353210449219
2025-11-14 14:31:10,195 - INFO - openpose - Gaze PUB: people=2, frame_idx=524
2025-11-14 14:31:10,603 - INFO - openpose - Gaze3D frame=528 id=left label=Left person v=[-0.108, 0.389, 0.915] yaw=-6.8 pitch=-22.9 cx=159.56549072265625
2025-11-14 14:31:10,603 - INFO - openpose - Gaze3D frame=528 id=right label=Right person v=[-0.361, -0.185, 0.914] yaw=-21.5 pitch=10.6 cx=376.351806640625
2025-11-14 14:31:10,603 - INFO - openpose - Gaze PUB: people=2, frame_idx=528
2025-11-14 14:31:11,050 - INFO - openpose - Gaze3D frame=532 id=left label=Left person v=[-0.114, 0.234, 0.966] yaw=-6.7 pitch=-13.5 cx=163.6593017578125
2025-11-14 14:31:11,051 - INFO - openpose - Gaze3D frame=532 id=right label=Right person v=[-0.055, -0.449, 0.892] yaw=-3.6 pitch=26.7 cx=378.08485412597656
2025-11-14 14:31:11,051 - INFO - openpose - Gaze PUB: people=2, frame_idx=532
2025-11-14 14:31:11,644 - INFO - openpose - Gaze3D frame=536 id=None label=None v=[-0.077, 0.368, 0.927] yaw=-4.8 pitch=-21.6 cx=170.52279663085938
2025-11-14 14:31:11,644 - INFO - openpose - Gaze3D frame=536 id=None label=None v=[-0.275, -0.789, 0.549] yaw=-26.6 pitch=52.1 cx=373.56964111328125
2025-11-14 14:31:11,644 - INFO - openpose - Gaze PUB: people=2, frame_idx=536
2025-11-14 14:31:11,904 - INFO - openpose - Gaze3D frame=536 id=left label=Left person v=[-0.099, 0.355, 0.930] yaw=-6.1 pitch=-20.8 cx=169.9638671875
2025-11-14 14:31:11,904 - INFO - openpose - Gaze3D frame=536 id=right label=Right person v=[-0.323, -0.169, 0.931] yaw=-19.1 pitch=9.7 cx=373.8502655029297
2025-11-14 14:31:11,904 - INFO - openpose - Gaze PUB: people=2, frame_idx=536
2025-11-14 14:31:12,416 - INFO - openpose - Gaze3D frame=540 id=left label=Left person v=[-0.106, 0.315, 0.943] yaw=-6.4 pitch=-18.4 cx=170.47740173339844
2025-11-14 14:31:12,416 - INFO - openpose - Gaze3D frame=540 id=right label=Right person v=[-0.116, -0.034, 0.993] yaw=-6.6 pitch=1.9 cx=372.2181701660156
2025-11-14 14:31:12,417 - INFO - openpose - Gaze PUB: people=2, frame_idx=540
2025-11-14 14:31:13,005 - INFO - openpose - Gaze3D frame=544 id=left label=Left person v=[-0.093, 0.329, 0.940] yaw=-5.7 pitch=-19.2 cx=170.27295684814453
2025-11-14 14:31:13,005 - INFO - openpose - Gaze3D frame=544 id=right label=Right person v=[-0.318, -0.439, 0.840] yaw=-20.8 pitch=26.0 cx=451.83436584472656
2025-11-14 14:31:13,005 - INFO - openpose - Gaze PUB: people=2, frame_idx=544
2025-11-14 14:31:13,754 - INFO - openpose - Gaze3D frame=548 id=None label=None v=[-0.529, -0.287, 0.799] yaw=-33.5 pitch=16.7 cx=474.1823272705078
2025-11-14 14:31:13,754 - INFO - openpose - Gaze3D frame=548 id=None label=None v=[-0.179, 0.290, 0.940] yaw=-10.8 pitch=-16.8 cx=168.63272094726562
2025-11-14 14:31:13,755 - INFO - openpose - Gaze PUB: people=2, frame_idx=548
2025-11-14 14:31:14,000 - INFO - openpose - Gaze3D frame=548 id=None label=None v=[-0.562, -0.142, 0.815] yaw=-34.6 pitch=8.2 cx=472.80540466308594
2025-11-14 14:31:14,001 - INFO - openpose - Gaze3D frame=548 id=None label=None v=[-0.198, 0.292, 0.936] yaw=-12.0 pitch=-17.0 cx=167.48523712158203
2025-11-14 14:31:14,001 - INFO - openpose - Gaze PUB: people=2, frame_idx=548
2025-11-14 14:31:14,246 - INFO - openpose - Gaze3D frame=548 id=None label=None v=[-0.227, 0.215, 0.950] yaw=-13.5 pitch=-12.4 cx=163.99978637695312
2025-11-14 14:31:14,246 - INFO - openpose - Gaze3D frame=548 id=None label=None v=[-0.578, -0.439, 0.687] yaw=-40.1 pitch=26.1 cx=484.8862609863281
2025-11-14 14:31:14,246 - INFO - openpose - Gaze PUB: people=2, frame_idx=548
2025-11-14 14:31:14,497 - INFO - openpose - Gaze3D frame=548 id=None label=None v=[-0.540, -0.357, 0.762] yaw=-35.3 pitch=20.9 cx=527.5151977539062
2025-11-14 14:31:14,497 - INFO - openpose - Gaze3D frame=548 id=None label=None v=[-0.172, 0.141, 0.975] yaw=-10.0 pitch=-8.1 cx=161.2917251586914
2025-11-14 14:31:14,497 - INFO - openpose - Gaze PUB: people=2, frame_idx=548
2025-11-14 14:31:14,755 - INFO - openpose - Gaze3D frame=548 id=None label=None v=[-0.115, 0.218, 0.969] yaw=-6.8 pitch=-12.6 cx=160.0862045288086
2025-11-14 14:31:14,755 - INFO - openpose - Gaze3D frame=548 id=None label=None v=[-0.577, -0.513, 0.636] yaw=-42.2 pitch=30.8 cx=571.2680053710938
2025-11-14 14:31:14,755 - INFO - openpose - Gaze PUB: people=2, frame_idx=548
2025-11-14 14:31:14,999 - INFO - openpose - Gaze3D frame=548 id=None label=None v=[-0.079, 0.275, 0.958] yaw=-4.7 pitch=-15.9 cx=160.9308090209961
2025-11-14 14:31:15,000 - INFO - openpose - Gaze3D frame=548 id=None label=None v=[-0.656, -0.220, 0.722] yaw=-42.2 pitch=12.7 cx=595.9190979003906
2025-11-14 14:31:15,007 - INFO - openpose - Gaze PUB: people=2, frame_idx=548
2025-11-14 14:31:15,283 - INFO - openpose - Gaze3D frame=548 id=None label=None v=[-0.047, 0.178, 0.983] yaw=-2.7 pitch=-10.3 cx=169.54671478271484
2025-11-14 14:31:15,284 - INFO - openpose - Gaze3D frame=548 id=None label=None v=[-0.680, -0.134, 0.721] yaw=-43.3 pitch=7.7 cx=610.5874633789062
2025-11-14 14:31:15,284 - INFO - openpose - Gaze PUB: people=2, frame_idx=548
2025-11-14 14:31:15,465 - INFO - openpose - Gaze3D frame=548 id=None label=None v=[-0.114, 0.294, 0.949] yaw=-6.8 pitch=-17.1 cx=196.7072296142578
2025-11-14 14:31:15,465 - INFO - openpose - Gaze PUB: people=1, frame_idx=548
2025-11-14 14:31:15,714 - INFO - openpose - Gaze3D frame=548 id=None label=None v=[-0.128, 0.163, 0.978] yaw=-7.5 pitch=-9.4 cx=207.4622802734375
2025-11-14 14:31:15,714 - INFO - openpose - Gaze3D frame=548 id=None label=None v=[-0.528, -0.370, 0.764] yaw=-34.7 pitch=21.7 cx=609.7059326171875
2025-11-14 14:31:15,714 - INFO - openpose - Gaze PUB: people=2, frame_idx=548
2025-11-14 14:31:15,977 - INFO - openpose - Gaze3D frame=548 id=None label=None v=[-0.099, 0.050, 0.994] yaw=-5.7 pitch=-2.8 cx=206.83978271484375
2025-11-14 14:31:15,977 - INFO - openpose - Gaze3D frame=548 id=None label=None v=[-0.402, -0.708, 0.581] yaw=-34.7 pitch=45.0 cx=602.0621643066406
2025-11-14 14:31:15,977 - INFO - openpose - Gaze PUB: people=2, frame_idx=548
2025-11-14 14:31:16,238 - INFO - openpose - Gaze3D frame=548 id=None label=None v=[0.132, 0.238, 0.962] yaw=7.8 pitch=-13.7 cx=189.9251251220703
2025-11-14 14:31:16,239 - INFO - openpose - Gaze3D frame=548 id=None label=None v=[-0.465, -0.713, 0.525] yaw=-41.6 pitch=45.4 cx=592.0542297363281
2025-11-14 14:31:16,239 - INFO - openpose - Gaze PUB: people=2, frame_idx=548
2025-11-14 14:31:16,491 - INFO - openpose - Gaze3D frame=548 id=None label=None v=[-0.491, -0.124, 0.863] yaw=-29.6 pitch=7.1 cx=574.9488830566406
2025-11-14 14:31:16,491 - INFO - openpose - Gaze3D frame=548 id=None label=None v=[0.127, 0.581, 0.804] yaw=9.0 pitch=-35.5 cx=156.39592742919922
2025-11-14 14:31:16,491 - INFO - openpose - Gaze PUB: people=2, frame_idx=548
2025-11-14 14:31:16,743 - INFO - openpose - Gaze3D frame=548 id=None label=None v=[-0.479, -0.191, 0.857] yaw=-29.2 pitch=11.0 cx=574.9064025878906
2025-11-14 14:31:16,743 - INFO - openpose - Gaze3D frame=548 id=None label=None v=[0.083, 0.406, 0.910] yaw=5.2 pitch=-23.9 cx=133.46782684326172
2025-11-14 14:31:16,743 - INFO - openpose - Gaze PUB: people=2, frame_idx=548
2025-11-14 14:31:17,000 - INFO - openpose - Gaze3D frame=548 id=None label=None v=[-0.451, -0.280, 0.848] yaw=-28.0 pitch=16.3 cx=588.8623352050781
2025-11-14 14:31:17,001 - INFO - openpose - Gaze3D frame=548 id=None label=None v=[0.009, 0.301, 0.954] yaw=0.5 pitch=-17.5 cx=125.08095932006836
2025-11-14 14:31:17,001 - INFO - openpose - Gaze PUB: people=2, frame_idx=548
2025-11-14 14:31:17,263 - INFO - openpose - Gaze3D frame=548 id=None label=None v=[-0.446, -0.354, 0.822] yaw=-28.5 pitch=20.7 cx=598.5368347167969
2025-11-14 14:31:17,263 - INFO - openpose - Gaze3D frame=548 id=None label=None v=[0.084, 0.310, 0.947] yaw=5.0 pitch=-18.1 cx=136.69599151611328
2025-11-14 14:31:17,263 - INFO - openpose - Gaze PUB: people=2, frame_idx=548
2025-11-14 14:31:17,521 - INFO - openpose - Gaze3D frame=548 id=None label=None v=[-0.478, -0.505, 0.718] yaw=-33.7 pitch=30.3 cx=600.3002319335938
2025-11-14 14:31:17,521 - INFO - openpose - Gaze3D frame=548 id=None label=None v=[0.163, 0.336, 0.928] yaw=10.0 pitch=-19.6 cx=172.6151885986328
2025-11-14 14:31:17,521 - INFO - openpose - Gaze PUB: people=2, frame_idx=548
2025-11-14 14:31:17,771 - INFO - openpose - Gaze3D frame=548 id=None label=None v=[-0.475, -0.251, 0.844] yaw=-29.4 pitch=14.6 cx=609.6321105957031
2025-11-14 14:31:17,771 - INFO - openpose - Gaze3D frame=548 id=None label=None v=[0.131, 0.409, 0.903] yaw=8.3 pitch=-24.2 cx=206.72021484375
2025-11-14 14:31:17,771 - INFO - openpose - Gaze PUB: people=2, frame_idx=548
2025-11-14 14:31:18,028 - INFO - openpose - Gaze3D frame=548 id=None label=None v=[0.073, 0.345, 0.936] yaw=4.5 pitch=-20.2 cx=224.057861328125
2025-11-14 14:31:18,028 - INFO - openpose - Gaze3D frame=548 id=None label=None v=[-0.500, -0.275, 0.821] yaw=-31.3 pitch=16.0 cx=610.75830078125
2025-11-14 14:31:18,028 - INFO - openpose - Gaze PUB: people=2, frame_idx=548
2025-11-14 14:31:18,284 - INFO - openpose - Gaze3D frame=548 id=None label=None v=[-0.006, 0.279, 0.960] yaw=-0.3 pitch=-16.2 cx=227.30609130859375
2025-11-14 14:31:18,284 - INFO - openpose - Gaze3D frame=548 id=None label=None v=[-0.548, -0.071, 0.833] yaw=-33.3 pitch=4.1 cx=611.1255187988281
2025-11-14 14:31:18,284 - INFO - openpose - Gaze PUB: people=2, frame_idx=548
2025-11-14 14:31:18,541 - INFO - openpose - Gaze3D frame=548 id=left label=Left person v=[0.127, 0.389, 0.913] yaw=7.9 pitch=-22.9 cx=209.65113067626953
2025-11-14 14:31:18,541 - INFO - openpose - Gaze3D frame=548 id=right label=Right person v=[-0.323, -0.620, 0.715] yaw=-24.3 pitch=38.3 cx=601.5873718261719
2025-11-14 14:31:18,541 - INFO - openpose - Gaze PUB: people=2, frame_idx=548
2025-11-14 14:31:18,959 - INFO - openpose - Gaze3D frame=552 id=None label=None v=[-0.314, -0.690, 0.652] yaw=-25.7 pitch=43.6 cx=549.5718994140625
2025-11-14 14:31:18,959 - INFO - openpose - Gaze3D frame=552 id=None label=None v=[-0.040, 0.331, 0.943] yaw=-2.4 pitch=-19.3 cx=158.76410675048828
2025-11-14 14:31:18,959 - INFO - openpose - Gaze PUB: people=2, frame_idx=552
2025-11-14 14:31:19,225 - INFO - openpose - Gaze3D frame=552 id=None label=None v=[-0.302, -0.580, 0.757] yaw=-21.7 pitch=35.4 cx=532.0138397216797
2025-11-14 14:31:19,225 - INFO - openpose - Gaze3D frame=552 id=None label=None v=[-0.089, 0.316, 0.945] yaw=-5.4 pitch=-18.4 cx=141.3407325744629
2025-11-14 14:31:19,225 - INFO - openpose - Gaze PUB: people=2, frame_idx=552
2025-11-14 14:31:19,483 - INFO - openpose - Gaze3D frame=552 id=left label=Left person v=[-0.057, 0.187, 0.981] yaw=-3.3 pitch=-10.8 cx=128.85812377929688
2025-11-14 14:31:19,483 - INFO - openpose - Gaze3D frame=552 id=right label=Right person v=[-0.320, -0.536, 0.781] yaw=-22.3 pitch=32.4 cx=514.5328063964844
2025-11-14 14:31:19,483 - INFO - openpose - Gaze PUB: people=2, frame_idx=552
2025-11-14 14:31:19,913 - INFO - openpose - Gaze3D frame=556 id=left label=Left person v=[-0.052, 0.238, 0.970] yaw=-3.1 pitch=-13.8 cx=133.68442916870117
2025-11-14 14:31:19,913 - INFO - openpose - Gaze3D frame=556 id=right label=Right person v=[-0.227, -0.574, 0.786] yaw=-16.1 pitch=35.1 cx=472.3179016113281
2025-11-14 14:31:19,913 - INFO - openpose - Gaze PUB: people=2, frame_idx=556
2025-11-14 14:31:23,197 - INFO - openpose - Gaze3D frame=560 id=left label=Left person v=[-0.111, 0.308, 0.945] yaw=-6.7 pitch=-17.9 cx=136.7825050354004
2025-11-14 14:31:23,197 - INFO - openpose - Gaze3D frame=560 id=right label=Right person v=[-0.169, -0.288, 0.943] yaw=-10.2 pitch=16.7 cx=379.32537841796875
2025-11-14 14:31:23,197 - INFO - openpose - Gaze PUB: people=2, frame_idx=560
2025-11-14 14:31:23,198 - INFO - openpose - ZMQ Message received (non-blocking): Configuration finished
2025-11-14 14:31:23,198 - INFO - openpose - Configuration finished. Waiting for next configuration
2025-11-14 14:31:23,198 - INFO - openpose - OpenPose initialized - waiting for turn_order
