2025-12-04 14:22:00,174 - INFO - openpose - OpenPose server started and bound to tcp://*:5555
2025-12-04 14:22:00,174 - INFO - openpose - OpenPose server started and bound to tcp://*:5556
2025-12-04 14:22:00,188 - INFO - openpose - Starting OpenPose
2025-12-04 14:22:00,966 - INFO - openpose - OpenPose initialized - waiting for turn_order
2025-12-04 14:22:06,999 - INFO - openpose - Message received: ybypbpbpy

2025-12-04 14:22:07,774 - INFO - openpose - Gaze3D frame=0 id=left label=Left person v=[-0.351, 0.016, 0.936] yaw=-20.6 pitch=-0.9 cx=259.6988067626953
2025-12-04 14:22:07,774 - INFO - openpose - Gaze3D frame=0 id=right label=Right person v=[-0.166, -0.226, 0.960] yaw=-9.8 pitch=13.0 cx=411.53285217285156
2025-12-04 14:22:07,774 - INFO - openpose - Gaze PUB: people=2, frame_idx=0
2025-12-04 14:22:07,774 - INFO - openpose - Robot's turn detected
2025-12-04 14:22:08,481 - INFO - openpose - Gaze3D frame=8 id=left label=Left person v=[-0.268, 0.123, 0.955] yaw=-15.7 pitch=-7.1 cx=260.8078308105469
2025-12-04 14:22:08,481 - INFO - openpose - Gaze3D frame=8 id=right label=Right person v=[-0.361, -0.296, 0.884] yaw=-22.2 pitch=17.2 cx=411.04234313964844
2025-12-04 14:22:08,481 - INFO - openpose - Gaze PUB: people=2, frame_idx=8
2025-12-04 14:22:09,182 - INFO - openpose - Gaze3D frame=16 id=left label=Left person v=[-0.345, -0.005, 0.938] yaw=-20.2 pitch=0.3 cx=260.08533477783203
2025-12-04 14:22:09,183 - INFO - openpose - Gaze3D frame=16 id=right label=Right person v=[-0.374, -0.208, 0.904] yaw=-22.5 pitch=12.0 cx=415.0304260253906
2025-12-04 14:22:09,183 - INFO - openpose - Gaze PUB: people=2, frame_idx=16
2025-12-04 14:22:09,880 - INFO - openpose - Gaze3D frame=24 id=left label=Left person v=[-0.372, 0.075, 0.925] yaw=-21.9 pitch=-4.3 cx=260.5946807861328
2025-12-04 14:22:09,880 - INFO - openpose - Gaze3D frame=24 id=right label=Right person v=[-0.283, -0.245, 0.927] yaw=-17.0 pitch=14.2 cx=416.6722869873047
2025-12-04 14:22:09,880 - INFO - openpose - Gaze PUB: people=2, frame_idx=24
2025-12-04 14:22:10,560 - INFO - openpose - Gaze3D frame=32 id=left label=Left person v=[-0.213, 0.147, 0.966] yaw=-12.5 pitch=-8.5 cx=261.6993713378906
2025-12-04 14:22:10,560 - INFO - openpose - Gaze3D frame=32 id=right label=Right person v=[-0.253, -0.161, 0.954] yaw=-14.9 pitch=9.3 cx=420.54930114746094
2025-12-04 14:22:10,560 - INFO - openpose - Gaze PUB: people=2, frame_idx=32
2025-12-04 14:22:11,200 - INFO - openpose - Gaze3D frame=40 id=left label=Left person v=[-0.294, 0.038, 0.955] yaw=-17.1 pitch=-2.2 cx=260.69307708740234
2025-12-04 14:22:11,200 - INFO - openpose - Gaze3D frame=40 id=right label=Right person v=[-0.239, -0.216, 0.947] yaw=-14.1 pitch=12.5 cx=420.5626525878906
2025-12-04 14:22:11,200 - INFO - openpose - Gaze PUB: people=2, frame_idx=40
2025-12-04 14:22:11,959 - INFO - openpose - Gaze3D frame=48 id=left label=Left person v=[-0.325, 0.161, 0.932] yaw=-19.2 pitch=-9.2 cx=261.10081481933594
2025-12-04 14:22:11,959 - INFO - openpose - Gaze3D frame=48 id=right label=Right person v=[-0.275, -0.237, 0.932] yaw=-16.5 pitch=13.7 cx=420.84495544433594
2025-12-04 14:22:11,959 - INFO - openpose - Gaze3D frame=48 id=right label=Right person v=[-0.134, -0.771, 0.622] yaw=-12.2 pitch=50.5 cx=364.9735412597656
2025-12-04 14:22:11,959 - INFO - openpose - Gaze PUB: people=3, frame_idx=48
2025-12-04 14:22:12,682 - INFO - openpose - Gaze3D frame=56 id=left label=Left person v=[-0.335, 0.157, 0.929] yaw=-19.8 pitch=-9.1 cx=259.3896026611328
2025-12-04 14:22:12,682 - INFO - openpose - Gaze3D frame=56 id=right label=Right person v=[-0.184, -0.199, 0.962] yaw=-10.8 pitch=11.5 cx=419.7967987060547
2025-12-04 14:22:12,682 - INFO - openpose - Gaze PUB: people=2, frame_idx=56
2025-12-04 14:22:13,395 - INFO - openpose - Gaze3D frame=64 id=left label=Left person v=[-0.395, -0.067, 0.916] yaw=-23.3 pitch=3.8 cx=258.0606918334961
2025-12-04 14:22:13,395 - INFO - openpose - Gaze3D frame=64 id=right label=Right person v=[-0.281, -0.135, 0.950] yaw=-16.4 pitch=7.7 cx=419.8706817626953
2025-12-04 14:22:13,395 - INFO - openpose - Gaze PUB: people=2, frame_idx=64
2025-12-04 14:22:14,099 - INFO - openpose - Gaze3D frame=72 id=left label=Left person v=[-0.306, 0.121, 0.944] yaw=-18.0 pitch=-7.0 cx=258.5439453125
2025-12-04 14:22:14,099 - INFO - openpose - Gaze3D frame=72 id=right label=Right person v=[-0.223, -0.269, 0.937] yaw=-13.4 pitch=15.6 cx=420.09217834472656
2025-12-04 14:22:14,099 - INFO - openpose - Gaze PUB: people=2, frame_idx=72
2025-12-04 14:22:14,803 - INFO - openpose - Gaze3D frame=80 id=left label=Left person v=[-0.436, -0.120, 0.892] yaw=-26.1 pitch=6.9 cx=256.81790924072266
2025-12-04 14:22:14,803 - INFO - openpose - Gaze3D frame=80 id=right label=Right person v=[-0.321, -0.231, 0.919] yaw=-19.2 pitch=13.3 cx=421.12254333496094
2025-12-04 14:22:14,803 - INFO - openpose - Gaze PUB: people=2, frame_idx=80
2025-12-04 14:22:15,509 - INFO - openpose - Gaze3D frame=88 id=left label=Left person v=[-0.322, 0.261, 0.910] yaw=-19.5 pitch=-15.1 cx=255.86690521240234
2025-12-04 14:22:15,510 - INFO - openpose - Gaze3D frame=88 id=right label=Right person v=[-0.325, -0.267, 0.907] yaw=-19.7 pitch=15.5 cx=419.33551025390625
2025-12-04 14:22:15,510 - INFO - openpose - Gaze PUB: people=2, frame_idx=88
2025-12-04 14:22:16,232 - INFO - openpose - Gaze3D frame=96 id=left label=Left person v=[-0.341, 0.132, 0.931] yaw=-20.1 pitch=-7.6 cx=257.27137756347656
2025-12-04 14:22:16,232 - INFO - openpose - Gaze3D frame=96 id=right label=Right person v=[-0.238, -0.260, 0.936] yaw=-14.3 pitch=15.1 cx=423.37774658203125
2025-12-04 14:22:16,232 - INFO - openpose - Gaze PUB: people=2, frame_idx=96
2025-12-04 14:22:16,935 - INFO - openpose - Gaze3D frame=104 id=left label=Left person v=[-0.242, 0.196, 0.950] yaw=-14.3 pitch=-11.3 cx=257.9308547973633
2025-12-04 14:22:16,935 - INFO - openpose - Gaze3D frame=104 id=right label=Right person v=[-0.230, -0.256, 0.939] yaw=-13.8 pitch=14.9 cx=424.9996337890625
2025-12-04 14:22:16,935 - INFO - openpose - Gaze PUB: people=2, frame_idx=104
2025-12-04 14:22:17,631 - INFO - openpose - Gaze3D frame=112 id=left label=Left person v=[-0.250, 0.184, 0.951] yaw=-14.7 pitch=-10.6 cx=258.3328094482422
2025-12-04 14:22:17,631 - INFO - openpose - Gaze3D frame=112 id=right label=Right person v=[-0.194, -0.233, 0.953] yaw=-11.5 pitch=13.5 cx=425.41575622558594
2025-12-04 14:22:17,631 - INFO - openpose - Gaze PUB: people=2, frame_idx=112
2025-12-04 14:22:18,328 - INFO - openpose - Gaze3D frame=120 id=left label=Left person v=[-0.372, 0.132, 0.919] yaw=-22.0 pitch=-7.6 cx=262.216552734375
2025-12-04 14:22:18,328 - INFO - openpose - Gaze3D frame=120 id=right label=Right person v=[-0.239, -0.239, 0.941] yaw=-14.2 pitch=13.8 cx=428.29608154296875
2025-12-04 14:22:18,328 - INFO - openpose - Gaze PUB: people=2, frame_idx=120
2025-12-04 14:22:19,022 - INFO - openpose - Gaze3D frame=128 id=left label=Left person v=[-0.304, 0.174, 0.937] yaw=-18.0 pitch=-10.0 cx=262.08123779296875
2025-12-04 14:22:19,023 - INFO - openpose - Gaze3D frame=128 id=right label=Right person v=[-0.202, -0.223, 0.954] yaw=-12.0 pitch=12.9 cx=427.9212341308594
2025-12-04 14:22:19,023 - INFO - openpose - Gaze PUB: people=2, frame_idx=128
2025-12-04 14:22:19,724 - INFO - openpose - Gaze3D frame=136 id=left label=Left person v=[-0.341, 0.053, 0.938] yaw=-20.0 pitch=-3.0 cx=260.47212982177734
2025-12-04 14:22:19,724 - INFO - openpose - Gaze3D frame=136 id=right label=Right person v=[-0.365, -0.271, 0.891] yaw=-22.3 pitch=15.7 cx=424.75311279296875
2025-12-04 14:22:19,724 - INFO - openpose - Gaze PUB: people=2, frame_idx=136
2025-12-04 14:22:20,476 - INFO - openpose - Gaze3D frame=144 id=left label=Left person v=[-0.315, 0.093, 0.945] yaw=-18.4 pitch=-5.3 cx=259.7433776855469
2025-12-04 14:22:20,477 - INFO - openpose - Gaze3D frame=144 id=right label=Right person v=[-0.207, -0.215, 0.955] yaw=-12.2 pitch=12.4 cx=424.0050354003906
2025-12-04 14:22:20,477 - INFO - openpose - Gaze PUB: people=2, frame_idx=144
2025-12-04 14:22:21,136 - INFO - openpose - Gaze3D frame=152 id=left label=Left person v=[-0.360, -0.009, 0.933] yaw=-21.1 pitch=0.5 cx=259.7435302734375
2025-12-04 14:22:21,136 - INFO - openpose - Gaze3D frame=152 id=right label=Right person v=[-0.249, -0.297, 0.922] yaw=-15.1 pitch=17.3 cx=424.19915771484375
2025-12-04 14:22:21,137 - INFO - openpose - Gaze PUB: people=2, frame_idx=152
2025-12-04 14:22:21,824 - INFO - openpose - Gaze3D frame=160 id=left label=Left person v=[-0.374, -0.006, 0.927] yaw=-22.0 pitch=0.4 cx=258.75707244873047
2025-12-04 14:22:21,824 - INFO - openpose - Gaze3D frame=160 id=right label=Right person v=[-0.297, -0.330, 0.896] yaw=-18.3 pitch=19.3 cx=421.9976043701172
2025-12-04 14:22:21,825 - INFO - openpose - Gaze PUB: people=2, frame_idx=160
2025-12-04 14:22:22,523 - INFO - openpose - Gaze3D frame=168 id=left label=Left person v=[-0.421, -0.035, 0.907] yaw=-24.9 pitch=2.0 cx=257.7942657470703
2025-12-04 14:22:22,523 - INFO - openpose - Gaze3D frame=168 id=right label=Right person v=[-0.337, -0.346, 0.876] yaw=-21.0 pitch=20.2 cx=421.54754638671875
2025-12-04 14:22:22,523 - INFO - openpose - Gaze PUB: people=2, frame_idx=168
2025-12-04 14:22:23,206 - INFO - openpose - Gaze3D frame=176 id=left label=Left person v=[-0.350, -0.019, 0.937] yaw=-20.5 pitch=1.1 cx=258.06539154052734
2025-12-04 14:22:23,206 - INFO - openpose - Gaze3D frame=176 id=right label=Right person v=[-0.260, -0.348, 0.900] yaw=-16.1 pitch=20.4 cx=423.8672637939453
2025-12-04 14:22:23,206 - INFO - openpose - Gaze PUB: people=2, frame_idx=176
2025-12-04 14:22:23,924 - INFO - openpose - Gaze3D frame=184 id=left label=Left person v=[-0.253, 0.219, 0.942] yaw=-15.0 pitch=-12.6 cx=259.3347473144531
2025-12-04 14:22:23,924 - INFO - openpose - Gaze3D frame=184 id=right label=Right person v=[-0.353, -0.333, 0.874] yaw=-22.0 pitch=19.4 cx=423.8580780029297
2025-12-04 14:22:23,924 - INFO - openpose - Gaze PUB: people=2, frame_idx=184
2025-12-04 14:22:24,593 - INFO - openpose - Gaze3D frame=192 id=left label=Left person v=[-0.287, 0.188, 0.939] yaw=-17.0 pitch=-10.8 cx=259.24732971191406
2025-12-04 14:22:24,593 - INFO - openpose - Gaze3D frame=192 id=right label=Right person v=[-0.428, -0.227, 0.875] yaw=-26.1 pitch=13.1 cx=423.8171081542969
2025-12-04 14:22:24,593 - INFO - openpose - Gaze PUB: people=2, frame_idx=192
2025-12-04 14:22:25,282 - INFO - openpose - Gaze3D frame=200 id=left label=Left person v=[-0.309, 0.236, 0.921] yaw=-18.5 pitch=-13.7 cx=259.43971252441406
2025-12-04 14:22:25,282 - INFO - openpose - Gaze3D frame=200 id=right label=Right person v=[-0.402, -0.342, 0.849] yaw=-25.3 pitch=20.0 cx=424.7631530761719
2025-12-04 14:22:25,282 - INFO - openpose - Gaze PUB: people=2, frame_idx=200
2025-12-04 14:22:25,986 - INFO - openpose - Gaze3D frame=208 id=left label=Left person v=[-0.394, 0.348, 0.851] yaw=-24.8 pitch=-20.4 cx=260.2271423339844
2025-12-04 14:22:25,986 - INFO - openpose - Gaze3D frame=208 id=right label=Right person v=[-0.354, -0.183, 0.917] yaw=-21.1 pitch=10.6 cx=425.9670867919922
2025-12-04 14:22:25,986 - INFO - openpose - Gaze PUB: people=2, frame_idx=208
2025-12-04 14:22:26,708 - INFO - openpose - Gaze3D frame=216 id=left label=Left person v=[-0.388, 0.172, 0.906] yaw=-23.2 pitch=-9.9 cx=261.51072692871094
2025-12-04 14:22:26,708 - INFO - openpose - Gaze3D frame=216 id=right label=Right person v=[-0.296, -0.113, 0.949] yaw=-17.3 pitch=6.5 cx=425.9050598144531
2025-12-04 14:22:26,708 - INFO - openpose - Gaze PUB: people=2, frame_idx=216
2025-12-04 14:22:27,430 - INFO - openpose - Gaze3D frame=224 id=left label=Left person v=[-0.347, 0.237, 0.907] yaw=-20.9 pitch=-13.7 cx=261.49522399902344
2025-12-04 14:22:27,430 - INFO - openpose - Gaze3D frame=224 id=right label=Right person v=[-0.468, -0.234, 0.852] yaw=-28.8 pitch=13.6 cx=429.09812927246094
2025-12-04 14:22:27,430 - INFO - openpose - Gaze PUB: people=2, frame_idx=224
2025-12-04 14:22:28,132 - INFO - openpose - Gaze3D frame=232 id=left label=Left person v=[-0.416, 0.209, 0.885] yaw=-25.2 pitch=-12.1 cx=260.38663482666016
2025-12-04 14:22:28,132 - INFO - openpose - Gaze3D frame=232 id=right label=Right person v=[-0.419, -0.172, 0.892] yaw=-25.2 pitch=9.9 cx=428.35316467285156
2025-12-04 14:22:28,132 - INFO - openpose - Gaze PUB: people=2, frame_idx=232
2025-12-04 14:22:28,830 - INFO - openpose - Gaze3D frame=240 id=left label=Left person v=[-0.365, 0.273, 0.890] yaw=-22.3 pitch=-15.8 cx=259.21656036376953
2025-12-04 14:22:28,830 - INFO - openpose - Gaze3D frame=240 id=right label=Right person v=[-0.324, -0.218, 0.921] yaw=-19.4 pitch=12.6 cx=426.9084930419922
2025-12-04 14:22:28,830 - INFO - openpose - Gaze PUB: people=2, frame_idx=240
2025-12-04 14:22:29,524 - INFO - openpose - Gaze3D frame=248 id=left label=Left person v=[-0.346, 0.123, 0.930] yaw=-20.4 pitch=-7.1 cx=257.95394134521484
2025-12-04 14:22:29,525 - INFO - openpose - Gaze3D frame=248 id=right label=Right person v=[-0.435, -0.242, 0.867] yaw=-26.6 pitch=14.0 cx=428.79827880859375
2025-12-04 14:22:29,525 - INFO - openpose - Gaze PUB: people=2, frame_idx=248
2025-12-04 14:22:30,192 - INFO - openpose - Gaze3D frame=256 id=left label=Left person v=[-0.493, 0.145, 0.858] yaw=-29.9 pitch=-8.3 cx=257.8409881591797
2025-12-04 14:22:30,192 - INFO - openpose - Gaze3D frame=256 id=right label=Right person v=[-0.369, -0.226, 0.901] yaw=-22.3 pitch=13.1 cx=430.3712615966797
2025-12-04 14:22:30,192 - INFO - openpose - Gaze PUB: people=2, frame_idx=256
2025-12-04 14:22:30,878 - INFO - openpose - Gaze3D frame=264 id=left label=Left person v=[-0.351, 0.109, 0.930] yaw=-20.7 pitch=-6.2 cx=257.7399597167969
2025-12-04 14:22:30,878 - INFO - openpose - Gaze3D frame=264 id=right label=Right person v=[-0.504, -0.132, 0.854] yaw=-30.6 pitch=7.6 cx=430.5502014160156
2025-12-04 14:22:30,879 - INFO - openpose - Gaze PUB: people=2, frame_idx=264
2025-12-04 14:22:31,562 - INFO - openpose - Gaze3D frame=272 id=left label=Left person v=[-0.351, -0.039, 0.936] yaw=-20.5 pitch=2.3 cx=254.926025390625
2025-12-04 14:22:31,562 - INFO - openpose - Gaze3D frame=272 id=right label=Right person v=[-0.530, 0.115, 0.840] yaw=-32.2 pitch=-6.6 cx=437.0918426513672
2025-12-04 14:22:31,563 - INFO - openpose - Gaze PUB: people=2, frame_idx=272
2025-12-04 14:22:32,255 - INFO - openpose - Gaze3D frame=280 id=left label=Left person v=[-0.333, 0.039, 0.942] yaw=-19.5 pitch=-2.2 cx=251.01789093017578
2025-12-04 14:22:32,256 - INFO - openpose - Gaze3D frame=280 id=right label=Right person v=[-0.371, -0.092, 0.924] yaw=-21.9 pitch=5.3 cx=432.2357177734375
2025-12-04 14:22:32,256 - INFO - openpose - Gaze PUB: people=2, frame_idx=280
2025-12-04 14:22:32,939 - INFO - openpose - Gaze3D frame=288 id=left label=Left person v=[-0.366, 0.089, 0.927] yaw=-21.5 pitch=-5.1 cx=247.5135955810547
2025-12-04 14:22:32,940 - INFO - openpose - Gaze3D frame=288 id=right label=Right person v=[-0.399, -0.162, 0.903] yaw=-23.8 pitch=9.3 cx=431.46592712402344
2025-12-04 14:22:32,940 - INFO - openpose - Gaze PUB: people=2, frame_idx=288
2025-12-04 14:22:33,690 - INFO - openpose - Gaze3D frame=296 id=left label=Left person v=[-0.415, -0.034, 0.909] yaw=-24.5 pitch=1.9 cx=212.8793182373047
2025-12-04 14:22:33,690 - INFO - openpose - Gaze3D frame=296 id=right label=Right person v=[-0.337, -0.108, 0.935] yaw=-19.8 pitch=6.2 cx=434.01280212402344
2025-12-04 14:22:33,690 - INFO - openpose - Gaze PUB: people=2, frame_idx=296
2025-12-04 14:22:34,467 - INFO - openpose - Gaze3D frame=304 id=left label=Left person v=[-0.459, -0.002, 0.888] yaw=-27.3 pitch=0.1 cx=243.60830688476562
2025-12-04 14:22:34,468 - INFO - openpose - Gaze3D frame=304 id=right label=Right person v=[-0.236, -0.210, 0.949] yaw=-13.9 pitch=12.1 cx=438.59625244140625
2025-12-04 14:22:34,468 - INFO - openpose - Gaze PUB: people=2, frame_idx=304
2025-12-04 14:22:35,290 - INFO - openpose - Gaze3D frame=312 id=left label=Left person v=[-0.384, 0.236, 0.893] yaw=-23.2 pitch=-13.7 cx=238.1949691772461
2025-12-04 14:22:35,290 - INFO - openpose - Gaze3D frame=312 id=right label=Right person v=[-0.365, -0.163, 0.917] yaw=-21.7 pitch=9.4 cx=442.13458251953125
2025-12-04 14:22:35,290 - INFO - openpose - Gaze PUB: people=2, frame_idx=312
2025-12-04 14:22:36,052 - INFO - openpose - Gaze3D frame=320 id=left label=Left person v=[-0.306, 0.105, 0.946] yaw=-17.9 pitch=-6.0 cx=233.66639709472656
2025-12-04 14:22:36,052 - INFO - openpose - Gaze3D frame=320 id=right label=Right person v=[-0.199, -0.066, 0.978] yaw=-11.5 pitch=3.8 cx=439.9687957763672
2025-12-04 14:22:36,052 - INFO - openpose - Gaze PUB: people=2, frame_idx=320
2025-12-04 14:22:36,725 - INFO - openpose - Gaze3D frame=328 id=left label=Left person v=[0.110, -0.183, 0.977] yaw=6.4 pitch=10.5 cx=225.01182556152344
2025-12-04 14:22:36,725 - INFO - openpose - Gaze3D frame=328 id=right label=Right person v=[-0.253, -0.197, 0.947] yaw=-15.0 pitch=11.3 cx=440.96153259277344
2025-12-04 14:22:36,725 - INFO - openpose - Gaze PUB: people=2, frame_idx=328
2025-12-04 14:22:37,543 - INFO - openpose - Gaze3D frame=336 id=left label=Left person v=[-0.355, 0.038, 0.934] yaw=-20.8 pitch=-2.2 cx=215.91185760498047
2025-12-04 14:22:37,543 - INFO - openpose - Gaze3D frame=336 id=right label=Right person v=[-0.402, -0.192, 0.895] yaw=-24.2 pitch=11.1 cx=436.76185607910156
2025-12-04 14:22:37,543 - INFO - openpose - Gaze PUB: people=2, frame_idx=336
2025-12-04 14:22:38,271 - INFO - openpose - Gaze3D frame=344 id=None label=None v=[-0.340, -0.185, 0.922] yaw=-20.2 pitch=10.6 cx=434.3179473876953
2025-12-04 14:22:38,271 - INFO - openpose - Gaze3D frame=344 id=None label=None v=[-0.462, -0.033, 0.886] yaw=-27.5 pitch=1.9 cx=231.5693588256836
2025-12-04 14:22:38,278 - INFO - openpose - Gaze PUB: people=2, frame_idx=344
2025-12-04 14:22:38,552 - INFO - openpose - Gaze3D frame=344 id=left label=Left person v=[-0.355, 0.045, 0.934] yaw=-20.8 pitch=-2.6 cx=252.65540313720703
2025-12-04 14:22:38,552 - INFO - openpose - Gaze3D frame=344 id=right label=Right person v=[-0.250, -0.219, 0.943] yaw=-14.9 pitch=12.7 cx=432.9995574951172
2025-12-04 14:22:38,552 - INFO - openpose - Gaze PUB: people=2, frame_idx=344
2025-12-04 14:22:38,684 - INFO - openpose - Left person: Arm EXTENDED (depth-plane)
2025-12-04 14:22:38,684 - INFO - openpose - ZMQ Message received (non-blocking): PL: Arm Extended Check
2025-12-04 14:22:38,684 - INFO - openpose - ZMQ Sending: Left: Arm Extended
2025-12-04 14:22:38,746 - INFO - openpose - Left person: Arm RETRACTED (depth-plane)
2025-12-04 14:22:38,817 - INFO - openpose - Robot's turn detected
2025-12-04 14:22:39,265 - INFO - openpose - Gaze3D frame=352 id=left label=Left person v=[-0.463, 0.110, 0.880] yaw=-27.8 pitch=-6.3 cx=307.92103576660156
2025-12-04 14:22:39,266 - INFO - openpose - Gaze3D frame=352 id=right label=Right person v=[-0.292, -0.250, 0.923] yaw=-17.6 pitch=14.5 cx=434.80564880371094
2025-12-04 14:22:39,266 - INFO - openpose - Gaze PUB: people=2, frame_idx=352
2025-12-04 14:22:39,326 - INFO - openpose - ZMQ Message received (non-blocking): PL: Arm Retracted Check
2025-12-04 14:22:39,327 - INFO - openpose - ZMQ Sending: Left: Arm Retracted
2025-12-04 14:22:39,936 - INFO - openpose - Gaze3D frame=360 id=left label=Left person v=[0.039, 0.690, 0.723] yaw=3.1 pitch=-43.6 cx=279.6649627685547
2025-12-04 14:22:39,936 - INFO - openpose - Gaze3D frame=360 id=right label=Right person v=[-0.295, -0.087, 0.952] yaw=-17.2 pitch=5.0 cx=436.6528778076172
2025-12-04 14:22:39,936 - INFO - openpose - Gaze PUB: people=2, frame_idx=360
2025-12-04 14:22:41,059 - INFO - openpose - Gaze3D frame=368 id=None label=None v=[-0.106, -0.455, 0.884] yaw=-6.9 pitch=27.1 cx=427.31103515625
2025-12-04 14:22:41,059 - INFO - openpose - Gaze3D frame=368 id=None label=None v=[-0.301, -0.018, 0.953] yaw=-17.5 pitch=1.0 cx=224.31201171875
2025-12-04 14:22:41,059 - INFO - openpose - Gaze PUB: people=2, frame_idx=368
2025-12-04 14:22:41,331 - INFO - openpose - Gaze3D frame=368 id=left label=Left person v=[-0.307, -0.073, 0.949] yaw=-17.9 pitch=4.2 cx=223.23828887939453
2025-12-04 14:22:41,331 - INFO - openpose - Gaze3D frame=368 id=right label=Right person v=[-0.043, -0.561, 0.827] yaw=-3.0 pitch=34.1 cx=428.7061309814453
2025-12-04 14:22:41,331 - INFO - openpose - Gaze PUB: people=2, frame_idx=368
2025-12-04 14:22:42,154 - INFO - openpose - Gaze3D frame=376 id=left label=Left person v=[-0.272, -0.004, 0.962] yaw=-15.8 pitch=0.2 cx=223.08828735351562
2025-12-04 14:22:42,154 - INFO - openpose - Gaze3D frame=376 id=right label=Right person v=[-0.070, -0.419, 0.905] yaw=-4.4 pitch=24.7 cx=428.7361297607422
2025-12-04 14:22:42,154 - INFO - openpose - Gaze PUB: people=2, frame_idx=376
2025-12-04 14:22:43,035 - INFO - openpose - Gaze3D frame=384 id=left label=Left person v=[-0.373, -0.070, 0.925] yaw=-22.0 pitch=4.0 cx=224.12118530273438
2025-12-04 14:22:43,035 - INFO - openpose - Gaze3D frame=384 id=right label=Right person v=[-0.180, -0.352, 0.918] yaw=-11.1 pitch=20.6 cx=428.17530822753906
2025-12-04 14:22:43,035 - INFO - openpose - Gaze PUB: people=2, frame_idx=384
2025-12-04 14:22:43,829 - INFO - openpose - Gaze3D frame=392 id=None label=None v=[-0.279, -0.368, 0.887] yaw=-17.4 pitch=21.6 cx=428.8916778564453
2025-12-04 14:22:43,829 - INFO - openpose - Gaze3D frame=392 id=None label=None v=[-0.280, 0.005, 0.960] yaw=-16.2 pitch=-0.3 cx=224.32083892822266
2025-12-04 14:22:43,837 - INFO - openpose - Gaze PUB: people=2, frame_idx=392
2025-12-04 14:22:44,079 - INFO - openpose - Gaze3D frame=392 id=left label=Left person v=[-0.377, 0.055, 0.925] yaw=-22.2 pitch=-3.2 cx=224.83482360839844
2025-12-04 14:22:44,080 - INFO - openpose - Gaze3D frame=392 id=right label=Right person v=[-0.301, -0.408, 0.862] yaw=-19.3 pitch=24.1 cx=429.4200897216797
2025-12-04 14:22:44,080 - INFO - openpose - Gaze PUB: people=2, frame_idx=392
2025-12-04 14:22:44,962 - INFO - openpose - Gaze3D frame=400 id=None label=None v=[-0.389, -0.522, 0.759] yaw=-27.1 pitch=31.5 cx=429.9072723388672
2025-12-04 14:22:44,962 - INFO - openpose - Gaze3D frame=400 id=None label=None v=[-0.368, -0.054, 0.928] yaw=-21.6 pitch=3.1 cx=225.3010025024414
2025-12-04 14:22:44,962 - INFO - openpose - Gaze PUB: people=2, frame_idx=400
2025-12-04 14:22:45,232 - INFO - openpose - Gaze3D frame=400 id=left label=Left person v=[-0.386, 0.010, 0.923] yaw=-22.7 pitch=-0.6 cx=224.91020965576172
2025-12-04 14:22:45,232 - INFO - openpose - Gaze3D frame=400 id=right label=Right person v=[-0.241, -0.561, 0.792] yaw=-16.9 pitch=34.1 cx=430.6044616699219
2025-12-04 14:22:45,232 - INFO - openpose - Gaze PUB: people=2, frame_idx=400
2025-12-04 14:22:46,094 - INFO - openpose - Gaze3D frame=408 id=left label=Left person v=[-0.446, -0.061, 0.893] yaw=-26.6 pitch=3.5 cx=225.4591827392578
2025-12-04 14:22:46,094 - INFO - openpose - Gaze3D frame=408 id=right label=Right person v=[-0.288, -0.371, 0.883] yaw=-18.1 pitch=21.8 cx=434.5797882080078
2025-12-04 14:22:46,094 - INFO - openpose - Gaze PUB: people=2, frame_idx=408
2025-12-04 14:22:46,841 - INFO - openpose - Gaze3D frame=416 id=left label=Left person v=[-0.447, -0.052, 0.893] yaw=-26.6 pitch=3.0 cx=225.4736099243164
2025-12-04 14:22:46,841 - INFO - openpose - Gaze3D frame=416 id=right label=Right person v=[-0.286, -0.539, 0.792] yaw=-19.8 pitch=32.6 cx=434.475341796875
2025-12-04 14:22:46,841 - INFO - openpose - Gaze PUB: people=2, frame_idx=416
2025-12-04 14:22:47,682 - INFO - openpose - Gaze3D frame=424 id=left label=Left person v=[-0.384, -0.094, 0.918] yaw=-22.7 pitch=5.4 cx=225.96646881103516
2025-12-04 14:22:47,682 - INFO - openpose - Gaze3D frame=424 id=right label=Right person v=[-0.102, -0.630, 0.770] yaw=-7.6 pitch=39.0 cx=434.2018280029297
2025-12-04 14:22:47,682 - INFO - openpose - Gaze PUB: people=2, frame_idx=424
2025-12-04 14:22:48,578 - INFO - openpose - Gaze3D frame=432 id=None label=None v=[-0.339, -0.421, 0.841] yaw=-22.0 pitch=24.9 cx=433.46051025390625
2025-12-04 14:22:48,578 - INFO - openpose - Gaze3D frame=432 id=None label=None v=[-0.312, -0.220, 0.924] yaw=-18.7 pitch=12.7 cx=226.50775909423828
2025-12-04 14:22:48,578 - INFO - openpose - Gaze PUB: people=2, frame_idx=432
2025-12-04 14:22:48,814 - INFO - openpose - Gaze3D frame=432 id=left label=Left person v=[-0.363, -0.104, 0.926] yaw=-21.4 pitch=6.0 cx=225.86724853515625
2025-12-04 14:22:48,814 - INFO - openpose - Gaze3D frame=432 id=right label=Right person v=[-0.289, -0.319, 0.903] yaw=-17.7 pitch=18.6 cx=432.51165771484375
2025-12-04 14:22:48,814 - INFO - openpose - Gaze PUB: people=2, frame_idx=432
2025-12-04 14:22:49,714 - INFO - openpose - Gaze3D frame=440 id=left label=Left person v=[-0.246, -0.128, 0.961] yaw=-14.3 pitch=7.4 cx=225.99746704101562
2025-12-04 14:22:49,714 - INFO - openpose - Gaze3D frame=440 id=right label=Right person v=[-0.333, -0.305, 0.892] yaw=-20.5 pitch=17.8 cx=430.7663116455078
2025-12-04 14:22:49,714 - INFO - openpose - Gaze PUB: people=2, frame_idx=440
2025-12-04 14:22:50,479 - INFO - openpose - Gaze3D frame=448 id=left label=Left person v=[-0.142, 0.090, 0.986] yaw=-8.2 pitch=-5.1 cx=225.12781524658203
2025-12-04 14:22:50,479 - INFO - openpose - Gaze3D frame=448 id=right label=Right person v=[-0.372, -0.333, 0.866] yaw=-23.3 pitch=19.4 cx=430.7565155029297
2025-12-04 14:22:50,479 - INFO - openpose - Gaze PUB: people=2, frame_idx=448
2025-12-04 14:22:51,325 - INFO - openpose - Gaze3D frame=456 id=None label=None v=[-0.395, -0.343, 0.852] yaw=-24.9 pitch=20.1 cx=430.84922790527344
2025-12-04 14:22:51,326 - INFO - openpose - Gaze3D frame=456 id=None label=None v=[-0.444, -0.084, 0.892] yaw=-26.4 pitch=4.8 cx=224.65779876708984
2025-12-04 14:22:51,326 - INFO - openpose - Gaze PUB: people=2, frame_idx=456
2025-12-04 14:22:51,599 - INFO - openpose - Gaze3D frame=456 id=None label=None v=[-0.313, -0.375, 0.873] yaw=-19.7 pitch=22.0 cx=430.85626220703125
2025-12-04 14:22:51,599 - INFO - openpose - Gaze3D frame=456 id=None label=None v=[-0.335, -0.176, 0.926] yaw=-19.9 pitch=10.1 cx=224.18479919433594
2025-12-04 14:22:51,599 - INFO - openpose - Gaze PUB: people=2, frame_idx=456
2025-12-04 14:22:51,849 - INFO - openpose - Gaze3D frame=456 id=None label=None v=[-0.376, -0.293, 0.879] yaw=-23.2 pitch=17.1 cx=430.8930206298828
2025-12-04 14:22:51,849 - INFO - openpose - Gaze3D frame=456 id=None label=None v=[-0.194, -0.143, 0.971] yaw=-11.3 pitch=8.2 cx=223.01555633544922
2025-12-04 14:22:51,849 - INFO - openpose - Gaze PUB: people=2, frame_idx=456
2025-12-04 14:22:52,097 - INFO - openpose - Gaze3D frame=456 id=None label=None v=[-0.322, -0.332, 0.887] yaw=-19.9 pitch=19.4 cx=430.79583740234375
2025-12-04 14:22:52,097 - INFO - openpose - Gaze3D frame=456 id=None label=None v=[-0.292, -0.137, 0.946] yaw=-17.1 pitch=7.9 cx=221.88709259033203
2025-12-04 14:22:52,097 - INFO - openpose - Gaze PUB: people=2, frame_idx=456
2025-12-04 14:22:52,362 - INFO - openpose - Gaze3D frame=456 id=left label=Left person v=[-0.239, -0.223, 0.945] yaw=-14.2 pitch=12.9 cx=222.02120971679688
2025-12-04 14:22:52,362 - INFO - openpose - Gaze3D frame=456 id=right label=Right person v=[-0.278, -0.405, 0.871] yaw=-17.7 pitch=23.9 cx=430.9278869628906
2025-12-04 14:22:52,362 - INFO - openpose - Gaze PUB: people=2, frame_idx=456
2025-12-04 14:22:53,218 - INFO - openpose - Gaze3D frame=464 id=left label=Left person v=[-0.289, -0.076, 0.954] yaw=-16.8 pitch=4.4 cx=222.63838958740234
2025-12-04 14:22:53,218 - INFO - openpose - Gaze3D frame=464 id=right label=Right person v=[-0.283, -0.423, 0.861] yaw=-18.2 pitch=25.0 cx=430.84388732910156
2025-12-04 14:22:53,218 - INFO - openpose - Gaze PUB: people=2, frame_idx=464
2025-12-04 14:22:54,721 - INFO - openpose - Gaze3D frame=472 id=left label=Left person v=[-0.300, -0.100, 0.949] yaw=-17.5 pitch=5.7 cx=223.7360076904297
2025-12-04 14:22:54,721 - INFO - openpose - Gaze3D frame=472 id=right label=Right person v=[0.064, -0.583, 0.810] yaw=4.5 pitch=35.6 cx=451.4460144042969
2025-12-04 14:22:54,721 - INFO - openpose - Gaze PUB: people=2, frame_idx=472
2025-12-04 14:22:55,605 - INFO - openpose - Gaze3D frame=480 id=left label=Left person v=[0.009, -0.636, 0.772] yaw=0.7 pitch=39.5 cx=220.17664337158203
2025-12-04 14:22:55,605 - INFO - openpose - Gaze3D frame=480 id=right label=Right person v=[0.004, -0.253, 0.967] yaw=0.2 pitch=14.7 cx=424.0710754394531
2025-12-04 14:22:55,605 - INFO - openpose - Gaze PUB: people=2, frame_idx=480
2025-12-04 14:22:56,521 - INFO - openpose - Gaze3D frame=488 id=left label=Left person v=[-0.018, -0.654, 0.756] yaw=-1.4 pitch=40.9 cx=219.28465270996094
2025-12-04 14:22:56,521 - INFO - openpose - Gaze3D frame=488 id=right label=Right person v=[-0.065, -0.654, 0.754] yaw=-4.9 pitch=40.8 cx=412.7132568359375
2025-12-04 14:22:56,521 - INFO - openpose - Gaze PUB: people=2, frame_idx=488
2025-12-04 14:22:57,328 - INFO - openpose - Gaze3D frame=496 id=left label=Left person v=[-0.343, -0.057, 0.938] yaw=-20.1 pitch=3.3 cx=223.96334838867188
2025-12-04 14:22:57,328 - INFO - openpose - Gaze3D frame=496 id=right label=Right person v=[-0.041, -0.700, 0.713] yaw=-3.3 pitch=44.5 cx=406.407958984375
2025-12-04 14:22:57,328 - INFO - openpose - Gaze PUB: people=2, frame_idx=496
2025-12-04 14:22:58,065 - INFO - openpose - Gaze3D frame=504 id=left label=Left person v=[-0.319, -0.071, 0.945] yaw=-18.6 pitch=4.0 cx=223.97716522216797
2025-12-04 14:22:58,066 - INFO - openpose - Gaze3D frame=504 id=right label=Right person v=[-0.256, -0.588, 0.767] yaw=-18.4 pitch=36.0 cx=409.13427734375
2025-12-04 14:22:58,066 - INFO - openpose - Gaze PUB: people=2, frame_idx=504
2025-12-04 14:22:58,949 - INFO - openpose - Gaze3D frame=512 id=left label=Left person v=[-0.269, 0.009, 0.963] yaw=-15.6 pitch=-0.5 cx=223.97603607177734
2025-12-04 14:22:58,949 - INFO - openpose - Gaze3D frame=512 id=right label=Right person v=[-0.481, -0.346, 0.806] yaw=-30.8 pitch=20.2 cx=402.23756408691406
2025-12-04 14:22:58,949 - INFO - openpose - Gaze PUB: people=2, frame_idx=512
2025-12-04 14:22:59,899 - INFO - openpose - Gaze3D frame=520 id=None label=None v=[-0.193, 0.251, 0.949] yaw=-11.5 pitch=-14.5 cx=410.4904479980469
2025-12-04 14:22:59,899 - INFO - openpose - Gaze3D frame=520 id=None label=None v=[-0.276, 0.039, 0.960] yaw=-16.0 pitch=-2.2 cx=223.00119018554688
2025-12-04 14:22:59,907 - INFO - openpose - Gaze PUB: people=2, frame_idx=520
2025-12-04 14:23:00,183 - INFO - openpose - Gaze3D frame=520 id=left label=Left person v=[-0.319, 0.104, 0.942] yaw=-18.7 pitch=-6.0 cx=222.31851196289062
2025-12-04 14:23:00,184 - INFO - openpose - Gaze3D frame=520 id=right label=Right person v=[0.159, 0.068, 0.985] yaw=9.1 pitch=-3.9 cx=407.2202453613281
2025-12-04 14:23:00,184 - INFO - openpose - Gaze PUB: people=2, frame_idx=520
2025-12-04 14:23:01,482 - INFO - openpose - Gaze3D frame=528 id=left label=Left person v=[-0.309, 0.090, 0.947] yaw=-18.1 pitch=-5.2 cx=221.70401763916016
2025-12-04 14:23:01,482 - INFO - openpose - Gaze3D frame=528 id=right label=Right person v=[-0.369, 0.232, 0.900] yaw=-22.3 pitch=-13.4 cx=415.2880096435547
2025-12-04 14:23:01,482 - INFO - openpose - Gaze PUB: people=2, frame_idx=528
2025-12-04 14:23:02,475 - INFO - openpose - Gaze3D frame=536 id=left label=Left person v=[-0.298, 0.070, 0.952] yaw=-17.4 pitch=-4.0 cx=223.15935516357422
2025-12-04 14:23:02,475 - INFO - openpose - Gaze3D frame=536 id=right label=Right person v=[-0.096, 0.331, 0.939] yaw=-5.9 pitch=-19.3 cx=426.94183349609375
2025-12-04 14:23:02,475 - INFO - openpose - Gaze PUB: people=2, frame_idx=536
2025-12-04 14:23:03,482 - INFO - openpose - Gaze3D frame=544 id=None label=None v=[-0.276, 0.164, 0.947] yaw=-16.2 pitch=-9.4 cx=429.00732421875
2025-12-04 14:23:03,482 - INFO - openpose - Gaze3D frame=544 id=None label=None v=[-0.234, 0.020, 0.972] yaw=-13.5 pitch=-1.1 cx=221.70169830322266
2025-12-04 14:23:03,482 - INFO - openpose - Gaze PUB: people=2, frame_idx=544
2025-12-04 14:23:03,739 - INFO - openpose - Gaze3D frame=544 id=left label=Left person v=[-0.177, 0.039, 0.983] yaw=-10.2 pitch=-2.2 cx=223.13763427734375
2025-12-04 14:23:03,739 - INFO - openpose - Gaze3D frame=544 id=right label=Right person v=[-0.371, 0.119, 0.921] yaw=-22.0 pitch=-6.8 cx=428.1543731689453
2025-12-04 14:23:03,739 - INFO - openpose - Gaze PUB: people=2, frame_idx=544
2025-12-04 14:23:04,705 - INFO - openpose - Gaze3D frame=552 id=None label=None v=[-0.246, 0.220, 0.944] yaw=-14.6 pitch=-12.7 cx=430.0215301513672
2025-12-04 14:23:04,705 - INFO - openpose - Gaze3D frame=552 id=None label=None v=[-0.234, 0.117, 0.965] yaw=-13.6 pitch=-6.7 cx=223.18248748779297
2025-12-04 14:23:04,705 - INFO - openpose - Gaze PUB: people=2, frame_idx=552
2025-12-04 14:23:04,943 - INFO - openpose - Gaze3D frame=552 id=left label=Left person v=[-0.171, 0.029, 0.985] yaw=-9.8 pitch=-1.7 cx=223.30620574951172
2025-12-04 14:23:04,943 - INFO - openpose - Gaze3D frame=552 id=right label=Right person v=[-0.358, 0.044, 0.933] yaw=-21.0 pitch=-2.5 cx=430.22593688964844
2025-12-04 14:23:04,951 - INFO - openpose - Gaze PUB: people=2, frame_idx=552
2025-12-04 14:23:05,778 - INFO - openpose - Gaze3D frame=560 id=None label=None v=[-0.117, 0.104, 0.988] yaw=-6.7 pitch=-6.0 cx=428.80650329589844
2025-12-04 14:23:05,778 - INFO - openpose - Gaze3D frame=560 id=None label=None v=[-0.394, -0.017, 0.919] yaw=-23.2 pitch=1.0 cx=223.53768920898438
2025-12-04 14:23:05,778 - INFO - openpose - Gaze PUB: people=2, frame_idx=560
2025-12-04 14:23:06,030 - INFO - openpose - Gaze3D frame=560 id=left label=Left person v=[-0.348, -0.059, 0.936] yaw=-20.4 pitch=3.4 cx=223.7114715576172
2025-12-04 14:23:06,030 - INFO - openpose - Gaze3D frame=560 id=right label=Right person v=[-0.276, 0.069, 0.959] yaw=-16.1 pitch=-3.9 cx=425.5658721923828
2025-12-04 14:23:06,030 - INFO - openpose - Gaze PUB: people=2, frame_idx=560
2025-12-04 14:23:06,841 - INFO - openpose - Gaze3D frame=568 id=left label=Left person v=[-0.284, 0.077, 0.956] yaw=-16.5 pitch=-4.4 cx=223.35076904296875
2025-12-04 14:23:06,841 - INFO - openpose - Gaze3D frame=568 id=right label=Right person v=[-0.268, 0.838, 0.476] yaw=-29.4 pitch=-56.9 cx=418.8449401855469
2025-12-04 14:23:06,841 - INFO - openpose - Gaze PUB: people=2, frame_idx=568
2025-12-04 14:23:07,568 - INFO - openpose - Gaze3D frame=576 id=left label=Left person v=[-0.250, 0.095, 0.964] yaw=-14.5 pitch=-5.5 cx=223.55931091308594
2025-12-04 14:23:07,568 - INFO - openpose - Gaze3D frame=576 id=right label=Right person v=[-0.204, 0.674, 0.710] yaw=-16.0 pitch=-42.4 cx=413.6580810546875
2025-12-04 14:23:07,568 - INFO - openpose - Gaze PUB: people=2, frame_idx=576
2025-12-04 14:23:08,465 - INFO - openpose - Gaze3D frame=584 id=left label=Left person v=[-0.213, 0.119, 0.970] yaw=-12.4 pitch=-6.8 cx=222.50132751464844
2025-12-04 14:23:08,465 - INFO - openpose - Gaze3D frame=584 id=right label=Right person v=[-0.178, 0.012, 0.984] yaw=-10.3 pitch=-0.7 cx=415.6376495361328
2025-12-04 14:23:08,465 - INFO - openpose - Gaze PUB: people=2, frame_idx=584
2025-12-04 14:23:09,361 - INFO - openpose - Gaze3D frame=592 id=None label=None v=[-0.169, -0.059, 0.984] yaw=-9.8 pitch=3.4 cx=222.41055297851562
2025-12-04 14:23:09,361 - INFO - openpose - Gaze3D frame=592 id=None label=None v=[-0.198, 0.847, 0.493] yaw=-21.9 pitch=-57.9 cx=422.1759033203125
2025-12-04 14:23:09,361 - INFO - openpose - Gaze PUB: people=2, frame_idx=592
2025-12-04 14:23:09,586 - INFO - openpose - Gaze3D frame=592 id=left label=Left person v=[-0.231, 0.033, 0.972] yaw=-13.4 pitch=-1.9 cx=222.40819549560547
2025-12-04 14:23:09,586 - INFO - openpose - Gaze3D frame=592 id=right label=Right person v=[0.007, 1.000, -0.022] yaw=-18.2 pitch=-91.3 cx=422.5470275878906
2025-12-04 14:23:09,586 - INFO - openpose - Gaze PUB: people=2, frame_idx=592
2025-12-04 14:23:11,232 - INFO - openpose - Gaze3D frame=600 id=None label=None v=[-0.189, 0.095, 0.977] yaw=-10.9 pitch=-5.4 cx=222.48079681396484
2025-12-04 14:23:11,232 - INFO - openpose - Gaze3D frame=600 id=None label=None v=[-0.624, 0.379, 0.684] yaw=-42.4 pitch=-22.3 cx=417.1463317871094
2025-12-04 14:23:11,232 - INFO - openpose - Gaze PUB: people=2, frame_idx=600
2025-12-04 14:23:11,479 - INFO - openpose - Gaze3D frame=600 id=left label=Left person v=[-0.185, 0.171, 0.968] yaw=-10.8 pitch=-9.8 cx=222.11720275878906
2025-12-04 14:23:11,479 - INFO - openpose - Gaze3D frame=600 id=right label=Right person v=[-0.574, 0.647, 0.502] yaw=-48.9 pitch=-40.3 cx=419.2745056152344
2025-12-04 14:23:11,479 - INFO - openpose - Gaze PUB: people=2, frame_idx=600
2025-12-04 14:23:12,430 - INFO - openpose - Gaze3D frame=608 id=None label=None v=[-0.474, 0.773, 0.422] yaw=-48.3 pitch=-50.6 cx=419.6694030761719
2025-12-04 14:23:12,430 - INFO - openpose - Gaze3D frame=608 id=None label=None v=[-0.247, 0.193, 0.950] yaw=-14.6 pitch=-11.1 cx=222.47010040283203
2025-12-04 14:23:12,430 - INFO - openpose - Gaze PUB: people=2, frame_idx=608
2025-12-04 14:23:12,677 - INFO - openpose - Gaze3D frame=608 id=None label=None v=[-0.608, 0.557, 0.566] yaw=-47.1 pitch=-33.8 cx=419.49391174316406
2025-12-04 14:23:12,677 - INFO - openpose - Gaze3D frame=608 id=None label=None v=[-0.226, 0.021, 0.974] yaw=-13.0 pitch=-1.2 cx=222.36905670166016
2025-12-04 14:23:12,678 - INFO - openpose - Gaze PUB: people=2, frame_idx=608
2025-12-04 14:23:12,925 - INFO - openpose - Gaze3D frame=608 id=left label=Left person v=[-0.230, 0.090, 0.969] yaw=-13.3 pitch=-5.1 cx=222.40151977539062
2025-12-04 14:23:12,925 - INFO - openpose - Gaze3D frame=608 id=right label=Right person v=[-0.581, 0.654, 0.484] yaw=-50.2 pitch=-40.8 cx=419.0693817138672
2025-12-04 14:23:12,925 - INFO - openpose - Gaze PUB: people=2, frame_idx=608
2025-12-04 14:23:13,981 - INFO - openpose - Gaze3D frame=616 id=None label=None v=[-0.681, 0.498, 0.537] yaw=-51.8 pitch=-29.9 cx=420.56678771972656
2025-12-04 14:23:13,981 - INFO - openpose - Gaze3D frame=616 id=None label=None v=[-0.233, -0.105, 0.967] yaw=-13.5 pitch=6.0 cx=216.26318359375
2025-12-04 14:23:13,981 - INFO - openpose - Gaze PUB: people=2, frame_idx=616
2025-12-04 14:23:14,213 - INFO - openpose - Gaze3D frame=616 id=None label=None v=[-0.704, 0.525, 0.478] yaw=-55.8 pitch=-31.7 cx=421.7057800292969
2025-12-04 14:23:14,213 - INFO - openpose - Gaze3D frame=616 id=None label=None v=[-0.314, 0.110, 0.943] yaw=-18.4 pitch=-6.3 cx=210.1696548461914
2025-12-04 14:23:14,213 - INFO - openpose - Gaze PUB: people=2, frame_idx=616
2025-12-04 14:23:14,465 - INFO - openpose - Gaze3D frame=616 id=None label=None v=[-0.314, 0.903, 0.293] yaw=-47.0 pitch=-64.6 cx=422.3437042236328
2025-12-04 14:23:14,465 - INFO - openpose - Gaze3D frame=616 id=None label=None v=[-0.254, 0.187, 0.949] yaw=-15.0 pitch=-10.8 cx=207.82583618164062
2025-12-04 14:23:14,465 - INFO - openpose - Gaze PUB: people=2, frame_idx=616
2025-12-04 14:23:14,718 - INFO - openpose - Gaze3D frame=616 id=left label=Left person v=[-0.323, 0.058, 0.944] yaw=-18.9 pitch=-3.3 cx=209.83245849609375
2025-12-04 14:23:14,718 - INFO - openpose - Gaze3D frame=616 id=right label=Right person v=[-0.645, 0.501, 0.577] yaw=-48.2 pitch=-30.0 cx=422.3092956542969
2025-12-04 14:23:14,718 - INFO - openpose - Gaze PUB: people=2, frame_idx=616
2025-12-04 14:23:16,042 - INFO - openpose - Gaze3D frame=624 id=left label=Left person v=[-0.309, 0.097, 0.946] yaw=-18.1 pitch=-5.6 cx=208.3726043701172
2025-12-04 14:23:16,042 - INFO - openpose - Gaze3D frame=624 id=right label=Right person v=[-0.271, -0.176, 0.946] yaw=-16.0 pitch=10.1 cx=420.9230194091797
2025-12-04 14:23:16,042 - INFO - openpose - Gaze PUB: people=2, frame_idx=624
2025-12-04 14:23:16,871 - INFO - openpose - Gaze3D frame=632 id=left label=Left person v=[-0.026, 0.840, 0.542] yaw=-2.8 pitch=-57.2 cx=233.0674057006836
2025-12-04 14:23:16,871 - INFO - openpose - Gaze3D frame=632 id=right label=Right person v=[-0.231, -0.114, 0.966] yaw=-13.5 pitch=6.5 cx=431.0629425048828
2025-12-04 14:23:16,871 - INFO - openpose - Gaze PUB: people=2, frame_idx=632
2025-12-04 14:23:16,999 - INFO - openpose - Right person: Arm EXTENDED (depth-plane)
2025-12-04 14:23:16,999 - INFO - openpose - ZMQ Message received (non-blocking): PR: Arm Extended Check
2025-12-04 14:23:16,999 - INFO - openpose - ZMQ Sending: Right: Arm Extended
2025-12-04 14:23:17,061 - INFO - openpose - Right person: Arm RETRACTED (depth-plane)
2025-12-04 14:23:17,646 - INFO - openpose - Gaze3D frame=640 id=left label=Left person v=[-0.004, 0.763, 0.646] yaw=-0.4 pitch=-49.8 cx=251.95407104492188
2025-12-04 14:23:17,646 - INFO - openpose - Gaze3D frame=640 id=right label=Right person v=[-0.413, 0.174, 0.894] yaw=-24.8 pitch=-10.0 cx=440.1526184082031
2025-12-04 14:23:17,646 - INFO - openpose - Gaze PUB: people=2, frame_idx=640
2025-12-04 14:23:17,647 - INFO - openpose - ZMQ Message received (non-blocking): PR: Arm Retracted Check
2025-12-04 14:23:17,647 - INFO - openpose - ZMQ Sending: Right: Arm Retracted
2025-12-04 14:23:18,339 - INFO - openpose - Gaze3D frame=648 id=left label=Left person v=[-0.062, 0.349, 0.935] yaw=-3.8 pitch=-20.5 cx=234.17827606201172
2025-12-04 14:23:18,339 - INFO - openpose - Gaze3D frame=648 id=right label=Right person v=[-0.555, -0.036, 0.831] yaw=-33.7 pitch=2.0 cx=429.7898406982422
2025-12-04 14:23:18,339 - INFO - openpose - Gaze PUB: people=2, frame_idx=648
2025-12-04 14:23:19,081 - INFO - openpose - Gaze3D frame=656 id=left label=Left person v=[-0.238, -0.152, 0.959] yaw=-13.9 pitch=8.8 cx=220.2092742919922
2025-12-04 14:23:19,082 - INFO - openpose - Gaze3D frame=656 id=right label=Right person v=[-0.237, -0.194, 0.952] yaw=-14.0 pitch=11.2 cx=424.6794128417969
2025-12-04 14:23:19,082 - INFO - openpose - Gaze PUB: people=2, frame_idx=656
2025-12-04 14:23:19,762 - INFO - openpose - Gaze3D frame=664 id=left label=Left person v=[-0.403, -0.086, 0.911] yaw=-23.8 pitch=5.0 cx=214.01441192626953
2025-12-04 14:23:19,762 - INFO - openpose - Gaze3D frame=664 id=right label=Right person v=[-0.359, -0.161, 0.919] yaw=-21.3 pitch=9.2 cx=416.150390625
2025-12-04 14:23:19,762 - INFO - openpose - Gaze PUB: people=2, frame_idx=664
2025-12-04 14:23:20,625 - INFO - openpose - Gaze3D frame=672 id=left label=Left person v=[-0.416, 0.045, 0.908] yaw=-24.6 pitch=-2.6 cx=223.7291717529297
2025-12-04 14:23:20,625 - INFO - openpose - Gaze3D frame=672 id=right label=Right person v=[-0.240, -0.356, 0.903] yaw=-14.9 pitch=20.9 cx=419.3613739013672
2025-12-04 14:23:20,625 - INFO - openpose - Gaze PUB: people=2, frame_idx=672
2025-12-04 14:23:21,437 - INFO - openpose - Gaze3D frame=680 id=left label=Left person v=[-0.365, -0.010, 0.931] yaw=-21.4 pitch=0.6 cx=219.9691619873047
2025-12-04 14:23:21,437 - INFO - openpose - Gaze3D frame=680 id=right label=Right person v=[-0.103, -0.592, 0.799] yaw=-7.4 pitch=36.3 cx=416.5963439941406
2025-12-04 14:23:21,437 - INFO - openpose - Gaze PUB: people=2, frame_idx=680
2025-12-04 14:23:22,455 - INFO - openpose - Gaze3D frame=688 id=left label=Left person v=[-0.356, -0.059, 0.932] yaw=-20.9 pitch=3.4 cx=218.22843170166016
2025-12-04 14:23:22,455 - INFO - openpose - Gaze3D frame=688 id=right label=Right person v=[-0.354, -0.370, 0.859] yaw=-22.4 pitch=21.7 cx=419.34059143066406
2025-12-04 14:23:22,455 - INFO - openpose - Gaze PUB: people=2, frame_idx=688
2025-12-04 14:23:23,326 - INFO - openpose - Gaze3D frame=696 id=None label=None v=[-0.311, -0.231, 0.922] yaw=-18.6 pitch=13.4 cx=424.94647216796875
2025-12-04 14:23:23,326 - INFO - openpose - Gaze3D frame=696 id=None label=None v=[-0.314, -0.079, 0.946] yaw=-18.3 pitch=4.5 cx=224.61825561523438
2025-12-04 14:23:23,326 - INFO - openpose - Gaze PUB: people=2, frame_idx=696
2025-12-04 14:23:23,571 - INFO - openpose - Gaze3D frame=696 id=left label=Left person v=[-0.324, -0.123, 0.938] yaw=-19.1 pitch=7.1 cx=223.80078125
2025-12-04 14:23:23,571 - INFO - openpose - Gaze3D frame=696 id=right label=Right person v=[-0.182, -0.233, 0.955] yaw=-10.8 pitch=13.5 cx=427.0984649658203
2025-12-04 14:23:23,571 - INFO - openpose - Gaze PUB: people=2, frame_idx=696
2025-12-04 14:23:24,605 - INFO - openpose - Gaze3D frame=704 id=None label=None v=[-0.300, -0.173, 0.938] yaw=-17.7 pitch=10.0 cx=426.1042938232422
2025-12-04 14:23:24,605 - INFO - openpose - Gaze3D frame=704 id=None label=None v=[-0.302, -0.203, 0.931] yaw=-18.0 pitch=11.7 cx=222.13582611083984
2025-12-04 14:23:24,605 - INFO - openpose - Gaze PUB: people=2, frame_idx=704
2025-12-04 14:23:24,869 - INFO - openpose - Gaze3D frame=704 id=left label=Left person v=[-0.377, -0.064, 0.924] yaw=-22.2 pitch=3.7 cx=225.00021362304688
2025-12-04 14:23:24,869 - INFO - openpose - Gaze3D frame=704 id=right label=Right person v=[-0.199, -0.177, 0.964] yaw=-11.6 pitch=10.2 cx=424.12303161621094
2025-12-04 14:23:24,869 - INFO - openpose - Gaze PUB: people=2, frame_idx=704
2025-12-04 14:23:25,552 - INFO - openpose - Gaze3D frame=712 id=left label=Left person v=[-0.469, 0.127, 0.874] yaw=-28.2 pitch=-7.3 cx=246.412841796875
2025-12-04 14:23:25,552 - INFO - openpose - Gaze3D frame=712 id=right label=Right person v=[-0.284, -0.167, 0.944] yaw=-16.7 pitch=9.6 cx=422.37342834472656
2025-12-04 14:23:25,552 - INFO - openpose - Gaze PUB: people=2, frame_idx=712
2025-12-04 14:23:26,245 - INFO - openpose - Gaze3D frame=720 id=left label=Left person v=[-0.213, -0.066, 0.975] yaw=-12.3 pitch=3.8 cx=300.38929748535156
2025-12-04 14:23:26,245 - INFO - openpose - Gaze3D frame=720 id=right label=Right person v=[-0.221, -0.187, 0.957] yaw=-13.0 pitch=10.8 cx=425.4022674560547
2025-12-04 14:23:26,245 - INFO - openpose - Gaze PUB: people=2, frame_idx=720
2025-12-04 14:23:26,305 - INFO - openpose - Left person: Arm EXTENDED (depth-plane)
2025-12-04 14:23:26,305 - INFO - openpose - ZMQ Message received (non-blocking): PL: Arm Extended Check
2025-12-04 14:23:26,305 - INFO - openpose - ZMQ Sending: Left: Arm Extended
2025-12-04 14:23:26,919 - INFO - openpose - Gaze3D frame=728 id=left label=Left person v=[-0.228, 0.269, 0.936] yaw=-13.7 pitch=-15.6 cx=316.13258361816406
2025-12-04 14:23:26,920 - INFO - openpose - Gaze3D frame=728 id=right label=Right person v=[-0.299, -0.182, 0.937] yaw=-17.7 pitch=10.5 cx=427.68511962890625
2025-12-04 14:23:26,920 - INFO - openpose - Gaze PUB: people=2, frame_idx=728
2025-12-04 14:23:27,046 - INFO - openpose - Left person: Arm RETRACTED (depth-plane)
2025-12-04 14:23:27,751 - INFO - openpose - Gaze3D frame=736 id=left label=Left person v=[-0.231, 0.019, 0.973] yaw=-13.4 pitch=-1.1 cx=237.87516021728516
2025-12-04 14:23:27,752 - INFO - openpose - Gaze3D frame=736 id=right label=Right person v=[-0.190, -0.106, 0.976] yaw=-11.0 pitch=6.1 cx=429.0962371826172
2025-12-04 14:23:27,759 - INFO - openpose - Gaze PUB: people=2, frame_idx=736
2025-12-04 14:23:28,606 - INFO - openpose - Gaze3D frame=744 id=None label=None v=[-0.302, -0.096, 0.948] yaw=-17.7 pitch=5.5 cx=429.2782440185547
2025-12-04 14:23:28,606 - INFO - openpose - Gaze3D frame=744 id=None label=None v=[-0.195, 0.011, 0.981] yaw=-11.3 pitch=-0.6 cx=222.4616928100586
2025-12-04 14:23:28,606 - INFO - openpose - Gaze PUB: people=2, frame_idx=744
2025-12-04 14:23:28,869 - INFO - openpose - Gaze3D frame=744 id=None label=None v=[-0.283, -0.133, 0.950] yaw=-16.6 pitch=7.7 cx=429.98431396484375
2025-12-04 14:23:28,869 - INFO - openpose - Gaze3D frame=744 id=None label=None v=[-0.212, 0.025, 0.977] yaw=-12.3 pitch=-1.4 cx=221.21572875976562
2025-12-04 14:23:28,869 - INFO - openpose - Gaze PUB: people=2, frame_idx=744
2025-12-04 14:23:29,110 - INFO - openpose - Gaze3D frame=744 id=left label=Left person v=[-0.251, -0.005, 0.968] yaw=-14.6 pitch=0.3 cx=220.39246368408203
2025-12-04 14:23:29,110 - INFO - openpose - Gaze3D frame=744 id=right label=Right person v=[-0.198, -0.129, 0.972] yaw=-11.5 pitch=7.4 cx=431.36106872558594
2025-12-04 14:23:29,110 - INFO - openpose - Gaze PUB: people=2, frame_idx=744
2025-12-04 14:23:30,291 - INFO - openpose - Gaze3D frame=752 id=None label=None v=[-0.245, 0.074, 0.967] yaw=-14.2 pitch=-4.2 cx=221.98245239257812
2025-12-04 14:23:30,291 - INFO - openpose - Gaze3D frame=752 id=None label=None v=[-0.214, -0.195, 0.957] yaw=-12.6 pitch=11.2 cx=430.17530822753906
2025-12-04 14:23:30,291 - INFO - openpose - Gaze PUB: people=2, frame_idx=752
2025-12-04 14:23:30,524 - INFO - openpose - Gaze3D frame=752 id=None label=None v=[-0.202, 0.014, 0.979] yaw=-11.7 pitch=-0.8 cx=220.60858917236328
2025-12-04 14:23:30,524 - INFO - openpose - Gaze3D frame=752 id=None label=None v=[-0.295, -0.200, 0.934] yaw=-17.5 pitch=11.5 cx=428.96917724609375
2025-12-04 14:23:30,524 - INFO - openpose - Gaze PUB: people=2, frame_idx=752
2025-12-04 14:23:30,780 - INFO - openpose - Gaze3D frame=752 id=None label=None v=[-0.306, -0.036, 0.951] yaw=-17.9 pitch=2.1 cx=220.79782104492188
2025-12-04 14:23:30,781 - INFO - openpose - Gaze3D frame=752 id=None label=None v=[-0.306, -0.264, 0.915] yaw=-18.5 pitch=15.3 cx=429.0567626953125
2025-12-04 14:23:30,781 - INFO - openpose - Gaze PUB: people=2, frame_idx=752
2025-12-04 14:23:31,038 - INFO - openpose - Gaze3D frame=752 id=None label=None v=[-0.438, -0.250, 0.863] yaw=-26.9 pitch=14.5 cx=431.51695251464844
2025-12-04 14:23:31,038 - INFO - openpose - Gaze3D frame=752 id=None label=None v=[-0.318, 0.054, 0.947] yaw=-18.6 pitch=-3.1 cx=220.87726593017578
2025-12-04 14:23:31,038 - INFO - openpose - Gaze PUB: people=2, frame_idx=752
2025-12-04 14:23:31,282 - INFO - openpose - Gaze3D frame=752 id=left label=Left person v=[-0.312, 0.043, 0.949] yaw=-18.2 pitch=-2.5 cx=220.53321075439453
2025-12-04 14:23:31,282 - INFO - openpose - Gaze3D frame=752 id=right label=Right person v=[-0.413, -0.014, 0.911] yaw=-24.4 pitch=0.8 cx=434.5492401123047
2025-12-04 14:23:31,282 - INFO - openpose - Gaze PUB: people=2, frame_idx=752
2025-12-04 14:23:31,406 - INFO - openpose - ZMQ Message received (non-blocking): PL: Arm Retracted Check
2025-12-04 14:23:31,407 - INFO - openpose - ZMQ Sending: Left: Arm Retracted
2025-12-04 14:23:32,238 - INFO - openpose - Gaze3D frame=760 id=left label=Left person v=[-0.281, 0.127, 0.951] yaw=-16.5 pitch=-7.3 cx=221.4080810546875
2025-12-04 14:23:32,238 - INFO - openpose - Gaze3D frame=760 id=right label=Right person v=[-0.478, 0.004, 0.878] yaw=-28.6 pitch=-0.2 cx=436.2366180419922
2025-12-04 14:23:32,238 - INFO - openpose - Gaze PUB: people=2, frame_idx=760
2025-12-04 14:23:33,522 - INFO - openpose - Gaze3D frame=768 id=None label=None v=[-0.577, -0.054, 0.815] yaw=-35.3 pitch=3.1 cx=439.72169494628906
2025-12-04 14:23:33,522 - INFO - openpose - Gaze3D frame=768 id=None label=None v=[-0.263, -0.030, 0.964] yaw=-15.2 pitch=1.7 cx=218.80703735351562
2025-12-04 14:23:33,522 - INFO - openpose - Gaze PUB: people=2, frame_idx=768
2025-12-04 14:23:33,762 - INFO - openpose - Gaze3D frame=768 id=None label=None v=[-0.197, 0.007, 0.980] yaw=-11.3 pitch=-0.4 cx=220.04315185546875
2025-12-04 14:23:33,762 - INFO - openpose - Gaze3D frame=768 id=None label=None v=[-0.515, -0.120, 0.849] yaw=-31.2 pitch=6.9 cx=440.08692932128906
2025-12-04 14:23:33,763 - INFO - openpose - Gaze PUB: people=2, frame_idx=768
2025-12-04 14:23:34,022 - INFO - openpose - Gaze3D frame=768 id=None label=None v=[-0.219, -0.012, 0.976] yaw=-12.6 pitch=0.7 cx=219.78792572021484
2025-12-04 14:23:34,022 - INFO - openpose - Gaze3D frame=768 id=None label=None v=[-0.441, -0.151, 0.885] yaw=-26.5 pitch=8.7 cx=439.5472717285156
2025-12-04 14:23:34,022 - INFO - openpose - Gaze PUB: people=2, frame_idx=768
2025-12-04 14:23:34,271 - INFO - openpose - Gaze3D frame=768 id=None label=None v=[-0.534, -0.041, 0.845] yaw=-32.3 pitch=2.4 cx=437.9866027832031
2025-12-04 14:23:34,271 - INFO - openpose - Gaze3D frame=768 id=None label=None v=[-0.286, 0.034, 0.958] yaw=-16.6 pitch=-1.9 cx=218.6714324951172
2025-12-04 14:23:34,271 - INFO - openpose - Gaze PUB: people=2, frame_idx=768
2025-12-04 14:23:34,521 - INFO - openpose - Gaze3D frame=768 id=left label=Left person v=[-0.256, 0.025, 0.966] yaw=-14.8 pitch=-1.4 cx=218.55502319335938
2025-12-04 14:23:34,521 - INFO - openpose - Gaze3D frame=768 id=right label=Right person v=[-0.412, -0.234, 0.881] yaw=-25.1 pitch=13.5 cx=438.16587829589844
2025-12-04 14:23:34,521 - INFO - openpose - Gaze PUB: people=2, frame_idx=768
2025-12-04 14:23:35,711 - INFO - openpose - Gaze3D frame=776 id=None label=None v=[-0.342, -0.099, 0.935] yaw=-20.1 pitch=5.7 cx=439.99871826171875
2025-12-04 14:23:35,711 - INFO - openpose - Gaze3D frame=776 id=None label=None v=[-0.283, -0.036, 0.958] yaw=-16.5 pitch=2.1 cx=218.42648315429688
2025-12-04 14:23:35,711 - INFO - openpose - Gaze PUB: people=2, frame_idx=776
2025-12-04 14:23:35,982 - INFO - openpose - Gaze3D frame=776 id=None label=None v=[0.063, -0.453, 0.889] yaw=4.1 pitch=26.9 cx=215.3599395751953
2025-12-04 14:23:35,983 - INFO - openpose - Gaze3D frame=776 id=None label=None v=[-0.397, -0.141, 0.907] yaw=-23.6 pitch=8.1 cx=440.4639434814453
2025-12-04 14:23:35,983 - INFO - openpose - Gaze PUB: people=2, frame_idx=776
2025-12-04 14:23:36,256 - INFO - openpose - Gaze3D frame=776 id=left label=Left person v=[-0.015, -0.406, 0.914] yaw=-0.9 pitch=24.0 cx=216.22613525390625
2025-12-04 14:23:36,256 - INFO - openpose - Gaze3D frame=776 id=right label=Right person v=[-0.344, -0.142, 0.928] yaw=-20.3 pitch=8.2 cx=441.26246643066406
2025-12-04 14:23:36,256 - INFO - openpose - Gaze PUB: people=2, frame_idx=776
2025-12-04 14:23:36,574 - INFO - openpose - Right person: Arm EXTENDED (depth-plane)
2025-12-04 14:23:36,574 - INFO - openpose - ZMQ Message received (non-blocking): PR: Arm Extended Check
2025-12-04 14:23:36,574 - INFO - openpose - ZMQ Sending: Right: Arm Extended
2025-12-04 14:23:36,640 - INFO - openpose - Right person: Arm RETRACTED (depth-plane)
2025-12-04 14:23:36,962 - INFO - openpose - Gaze3D frame=784 id=left label=Left person v=[-0.257, -0.012, 0.966] yaw=-14.9 pitch=0.7 cx=223.60394287109375
2025-12-04 14:23:36,962 - INFO - openpose - Gaze3D frame=784 id=right label=Right person v=[-0.684, -0.048, 0.728] yaw=-43.2 pitch=2.7 cx=442.7179870605469
2025-12-04 14:23:36,962 - INFO - openpose - Gaze PUB: people=2, frame_idx=784
2025-12-04 14:23:37,329 - INFO - openpose - ZMQ Message received (non-blocking): PR: Arm Retracted Check
2025-12-04 14:23:37,330 - INFO - openpose - ZMQ Sending: Right: Arm Retracted
2025-12-04 14:23:38,141 - INFO - openpose - Gaze3D frame=792 id=left label=Left person v=[-0.280, 0.169, 0.945] yaw=-16.5 pitch=-9.7 cx=223.80247497558594
2025-12-04 14:23:38,141 - INFO - openpose - Gaze3D frame=792 id=right label=Right person v=[-0.733, -0.272, 0.623] yaw=-49.6 pitch=15.8 cx=438.32208251953125
2025-12-04 14:23:38,141 - INFO - openpose - Gaze PUB: people=2, frame_idx=792
2025-12-04 14:23:39,643 - INFO - openpose - Gaze3D frame=800 id=None label=None v=[-0.176, -0.295, 0.939] yaw=-10.6 pitch=17.1 cx=414.0580139160156
2025-12-04 14:23:39,643 - INFO - openpose - Gaze3D frame=800 id=None label=None v=[-0.249, 0.121, 0.961] yaw=-14.6 pitch=-6.9 cx=223.1051788330078
2025-12-04 14:23:39,643 - INFO - openpose - Gaze3D frame=800 id=None label=None v=[-0.008, -0.212, 0.977] yaw=-0.5 pitch=12.3 cx=472.2924041748047
2025-12-04 14:23:39,643 - INFO - openpose - Gaze PUB: people=3, frame_idx=800
2025-12-04 14:23:39,991 - INFO - openpose - Gaze3D frame=800 id=left label=Left person v=[-0.258, -0.055, 0.965] yaw=-15.0 pitch=3.2 cx=221.18338775634766
2025-12-04 14:23:39,991 - INFO - openpose - Gaze3D frame=800 id=right label=Right person v=[-0.287, -0.178, 0.941] yaw=-17.0 pitch=10.3 cx=414.6947784423828
2025-12-04 14:23:39,991 - INFO - openpose - Gaze3D frame=800 id=right label=Right person v=[-0.053, -0.260, 0.964] yaw=-3.1 pitch=15.1 cx=482.7608337402344
2025-12-04 14:23:39,991 - INFO - openpose - Gaze PUB: people=3, frame_idx=800
2025-12-04 14:23:48,686 - INFO - openpose - Gaze3D frame=808 id=left label=Left person v=[-0.296, 0.171, 0.940] yaw=-17.5 pitch=-9.8 cx=227.6525115966797
2025-12-04 14:23:48,686 - INFO - openpose - Gaze3D frame=808 id=right label=Right person v=[-0.355, -0.345, 0.869] yaw=-22.2 pitch=20.2 cx=416.9915313720703
2025-12-04 14:23:48,686 - INFO - openpose - Gaze PUB: people=2, frame_idx=808
2025-12-04 14:23:49,526 - INFO - openpose - Left person: Arm EXTENDED (depth-plane)
2025-12-04 14:23:49,526 - INFO - openpose - ZMQ Message received (non-blocking): PL: Arm Extended Check
2025-12-04 14:23:49,526 - INFO - openpose - ZMQ Sending: Left: Arm Extended
2025-12-04 14:23:49,662 - INFO - openpose - Left person: Arm RETRACTED (depth-plane)
2025-12-04 14:23:49,982 - INFO - openpose - Gaze3D frame=816 id=left label=Left person v=[-0.211, -0.147, 0.966] yaw=-12.3 pitch=8.4 cx=278.50074768066406
2025-12-04 14:23:49,982 - INFO - openpose - Gaze3D frame=816 id=right label=Right person v=[-0.249, -0.355, 0.901] yaw=-15.4 pitch=20.8 cx=426.5817565917969
2025-12-04 14:23:49,982 - INFO - openpose - Gaze PUB: people=2, frame_idx=816
2025-12-04 14:23:50,703 - INFO - openpose - Gaze3D frame=824 id=left label=Left person v=[-0.187, -0.241, 0.952] yaw=-11.1 pitch=14.0 cx=304.3597106933594
2025-12-04 14:23:50,703 - INFO - openpose - Gaze3D frame=824 id=right label=Right person v=[-0.284, -0.252, 0.925] yaw=-17.1 pitch=14.6 cx=426.4202880859375
2025-12-04 14:23:50,703 - INFO - openpose - Gaze PUB: people=2, frame_idx=824
2025-12-04 14:23:51,622 - INFO - openpose - Gaze3D frame=832 id=left label=Left person v=[-0.163, -0.045, 0.986] yaw=-9.4 pitch=2.6 cx=225.55756378173828
2025-12-04 14:23:51,622 - INFO - openpose - Gaze3D frame=832 id=right label=Right person v=[-0.249, -0.217, 0.944] yaw=-14.8 pitch=12.5 cx=428.6851501464844
2025-12-04 14:23:51,622 - INFO - openpose - Gaze PUB: people=2, frame_idx=832
2025-12-04 14:23:52,310 - INFO - openpose - Gaze3D frame=840 id=left label=Left person v=[-0.175, 0.090, 0.981] yaw=-10.1 pitch=-5.2 cx=217.16205596923828
2025-12-04 14:23:52,310 - INFO - openpose - Gaze3D frame=840 id=right label=Right person v=[-0.294, -0.141, 0.945] yaw=-17.3 pitch=8.1 cx=430.733642578125
2025-12-04 14:23:52,310 - INFO - openpose - Gaze PUB: people=2, frame_idx=840
2025-12-04 14:23:52,812 - INFO - openpose - ZMQ Message received (non-blocking): PL: Arm Retracted Check
2025-12-04 14:23:52,812 - INFO - openpose - ZMQ Sending: Left: Arm Retracted
2025-12-04 14:23:53,072 - INFO - openpose - Gaze3D frame=848 id=left label=Left person v=[-0.162, -0.043, 0.986] yaw=-9.3 pitch=2.4 cx=212.90626525878906
2025-12-04 14:23:53,072 - INFO - openpose - Gaze3D frame=848 id=right label=Right person v=[-0.164, -0.221, 0.961] yaw=-9.7 pitch=12.8 cx=425.700439453125
2025-12-04 14:23:53,072 - INFO - openpose - Gaze PUB: people=2, frame_idx=848
2025-12-04 14:23:53,849 - INFO - openpose - Gaze3D frame=856 id=left label=Left person v=[-0.255, 0.001, 0.967] yaw=-14.8 pitch=-0.1 cx=216.87163543701172
2025-12-04 14:23:53,849 - INFO - openpose - Gaze3D frame=856 id=right label=Right person v=[-0.098, -0.123, 0.988] yaw=-5.6 pitch=7.1 cx=427.03155517578125
2025-12-04 14:23:53,857 - INFO - openpose - Gaze PUB: people=2, frame_idx=856
2025-12-04 14:23:54,704 - INFO - openpose - Gaze3D frame=864 id=left label=Left person v=[-0.247, 0.065, 0.967] yaw=-14.3 pitch=-3.7 cx=217.79412841796875
2025-12-04 14:23:54,704 - INFO - openpose - Gaze3D frame=864 id=right label=Right person v=[-0.122, -0.237, 0.964] yaw=-7.2 pitch=13.7 cx=428.3241271972656
2025-12-04 14:23:54,704 - INFO - openpose - Gaze PUB: people=2, frame_idx=864
2025-12-04 14:23:55,661 - INFO - openpose - Gaze3D frame=872 id=left label=Left person v=[-0.181, -0.072, 0.981] yaw=-10.5 pitch=4.2 cx=217.35662078857422
2025-12-04 14:23:55,661 - INFO - openpose - Gaze3D frame=872 id=right label=Right person v=[-0.285, -0.168, 0.944] yaw=-16.8 pitch=9.7 cx=428.4091033935547
2025-12-04 14:23:55,661 - INFO - openpose - Gaze PUB: people=2, frame_idx=872
2025-12-04 14:23:56,478 - INFO - openpose - Gaze3D frame=880 id=left label=Left person v=[-0.224, 0.006, 0.975] yaw=-13.0 pitch=-0.3 cx=217.9925994873047
2025-12-04 14:23:56,478 - INFO - openpose - Gaze3D frame=880 id=right label=Right person v=[-0.244, -0.164, 0.956] yaw=-14.3 pitch=9.4 cx=426.80860900878906
2025-12-04 14:23:56,479 - INFO - openpose - Gaze PUB: people=2, frame_idx=880
2025-12-04 14:23:57,361 - INFO - openpose - Gaze3D frame=888 id=None label=None v=[-0.199, -0.126, 0.972] yaw=-11.6 pitch=7.2 cx=425.34666442871094
2025-12-04 14:23:57,361 - INFO - openpose - Gaze3D frame=888 id=None label=None v=[-0.254, -0.013, 0.967] yaw=-14.7 pitch=0.8 cx=218.372802734375
2025-12-04 14:23:57,361 - INFO - openpose - Gaze PUB: people=2, frame_idx=888
2025-12-04 14:23:57,627 - INFO - openpose - Gaze3D frame=888 id=left label=Left person v=[-0.197, 0.009, 0.980] yaw=-11.4 pitch=-0.5 cx=217.9586181640625
2025-12-04 14:23:57,627 - INFO - openpose - Gaze3D frame=888 id=right label=Right person v=[-0.164, -0.230, 0.959] yaw=-9.7 pitch=13.3 cx=425.3782043457031
2025-12-04 14:23:57,627 - INFO - openpose - Gaze PUB: people=2, frame_idx=888
2025-12-04 14:23:58,521 - INFO - openpose - Right person: Arm EXTENDED (depth-plane)
2025-12-04 14:23:58,521 - INFO - openpose - ZMQ Message received (non-blocking): PR: Arm Extended Check
2025-12-04 14:23:58,521 - INFO - openpose - ZMQ Sending: Right: Arm Extended
2025-12-04 14:23:58,582 - INFO - openpose - Right person: Arm RETRACTED (depth-plane)
2025-12-04 14:23:58,706 - INFO - openpose - Robot's turn detected
2025-12-04 14:23:59,024 - INFO - openpose - Gaze3D frame=896 id=None label=None v=[-0.226, -0.229, 0.947] yaw=-13.4 pitch=13.2 cx=441.9408416748047
2025-12-04 14:23:59,024 - INFO - openpose - Gaze3D frame=896 id=None label=None v=[-0.225, -0.035, 0.974] yaw=-13.0 pitch=2.0 cx=217.60562896728516
2025-12-04 14:23:59,032 - INFO - openpose - Gaze PUB: people=2, frame_idx=896
2025-12-04 14:23:59,288 - INFO - openpose - Gaze3D frame=896 id=None label=None v=[-0.338, -0.243, 0.909] yaw=-20.4 pitch=14.1 cx=453.6894836425781
2025-12-04 14:23:59,288 - INFO - openpose - Gaze3D frame=896 id=None label=None v=[-0.226, 0.012, 0.974] yaw=-13.1 pitch=-0.7 cx=217.49340057373047
2025-12-04 14:23:59,288 - INFO - openpose - Gaze PUB: people=2, frame_idx=896
2025-12-04 14:23:59,547 - INFO - openpose - Gaze3D frame=896 id=None label=None v=[-0.491, -0.622, 0.610] yaw=-38.9 pitch=38.4 cx=460.0845489501953
2025-12-04 14:23:59,548 - INFO - openpose - Gaze3D frame=896 id=None label=None v=[-0.240, -0.024, 0.971] yaw=-13.9 pitch=1.4 cx=217.2165756225586
2025-12-04 14:23:59,548 - INFO - openpose - Gaze PUB: people=2, frame_idx=896
2025-12-04 14:23:59,806 - INFO - openpose - Gaze3D frame=896 id=None label=None v=[-0.525, -0.606, 0.598] yaw=-41.3 pitch=37.3 cx=457.72023010253906
2025-12-04 14:23:59,806 - INFO - openpose - Gaze3D frame=896 id=None label=None v=[-0.103, -0.187, 0.977] yaw=-6.0 pitch=10.8 cx=217.1529083251953
2025-12-04 14:23:59,806 - INFO - openpose - Gaze PUB: people=2, frame_idx=896
2025-12-04 14:24:00,061 - INFO - openpose - Gaze3D frame=896 id=None label=None v=[-0.656, -0.463, 0.596] yaw=-47.8 pitch=27.6 cx=448.46058654785156
2025-12-04 14:24:00,061 - INFO - openpose - Gaze3D frame=896 id=None label=None v=[-0.092, -0.603, 0.793] yaw=-6.6 pitch=37.1 cx=213.81380462646484
2025-12-04 14:24:00,061 - INFO - openpose - Gaze PUB: people=2, frame_idx=896
2025-12-04 14:24:00,312 - INFO - openpose - Gaze3D frame=896 id=None label=None v=[-0.673, -0.518, 0.528] yaw=-51.9 pitch=31.2 cx=444.03736877441406
2025-12-04 14:24:00,312 - INFO - openpose - Gaze3D frame=896 id=None label=None v=[-0.151, -0.671, 0.726] yaw=-11.7 pitch=42.2 cx=212.15744018554688
2025-12-04 14:24:00,312 - INFO - openpose - Gaze PUB: people=2, frame_idx=896
2025-12-04 14:24:00,561 - INFO - openpose - Gaze3D frame=896 id=None label=None v=[-0.578, -0.499, 0.646] yaw=-41.8 pitch=29.9 cx=441.6294860839844
2025-12-04 14:24:00,561 - INFO - openpose - Gaze3D frame=896 id=None label=None v=[-0.127, -0.691, 0.712] yaw=-10.1 pitch=43.7 cx=211.41665649414062
2025-12-04 14:24:00,561 - INFO - openpose - Gaze PUB: people=2, frame_idx=896
2025-12-04 14:24:00,814 - INFO - openpose - Gaze3D frame=896 id=None label=None v=[-0.438, -0.141, 0.888] yaw=-26.3 pitch=8.1 cx=441.1186981201172
2025-12-04 14:24:00,814 - INFO - openpose - Gaze3D frame=896 id=None label=None v=[-0.265, -0.558, 0.787] yaw=-18.6 pitch=33.9 cx=211.54138946533203
2025-12-04 14:24:00,814 - INFO - openpose - Gaze PUB: people=2, frame_idx=896
2025-12-04 14:24:01,067 - INFO - openpose - Gaze3D frame=896 id=left label=Left person v=[-0.315, -0.114, 0.942] yaw=-18.5 pitch=6.6 cx=213.7624969482422
2025-12-04 14:24:01,068 - INFO - openpose - Gaze3D frame=896 id=right label=Right person v=[-0.366, 0.035, 0.930] yaw=-21.5 pitch=-2.0 cx=429.65203857421875
2025-12-04 14:24:01,068 - INFO - openpose - Gaze PUB: people=2, frame_idx=896
2025-12-04 14:24:01,068 - INFO - openpose - ZMQ Message received (non-blocking): PR: Arm Retracted Check
2025-12-04 14:24:01,068 - INFO - openpose - ZMQ Sending: Right: Arm Retracted
2025-12-04 14:24:02,100 - INFO - openpose - Gaze3D frame=904 id=left label=Left person v=[-0.330, -0.308, 0.892] yaw=-20.3 pitch=17.9 cx=215.19630432128906
2025-12-04 14:24:02,100 - INFO - openpose - Gaze3D frame=904 id=right label=Right person v=[-0.266, -0.220, 0.939] yaw=-15.8 pitch=12.7 cx=419.75599670410156
2025-12-04 14:24:02,100 - INFO - openpose - Gaze PUB: people=2, frame_idx=904
2025-12-04 14:24:03,280 - INFO - openpose - Gaze3D frame=912 id=left label=Left person v=[-0.188, 0.102, 0.977] yaw=-10.9 pitch=-5.8 cx=223.25929260253906
2025-12-04 14:24:03,280 - INFO - openpose - Gaze3D frame=912 id=right label=Right person v=[-0.458, -0.328, 0.826] yaw=-29.0 pitch=19.1 cx=415.97740173339844
2025-12-04 14:24:03,280 - INFO - openpose - Gaze PUB: people=2, frame_idx=912
2025-12-04 14:24:03,994 - INFO - openpose - Gaze3D frame=920 id=left label=Left person v=[-0.159, 0.030, 0.987] yaw=-9.1 pitch=-1.7 cx=225.16919708251953
2025-12-04 14:24:03,994 - INFO - openpose - Gaze3D frame=920 id=right label=Right person v=[-0.369, -0.314, 0.875] yaw=-22.9 pitch=18.3 cx=415.40240478515625
2025-12-04 14:24:03,994 - INFO - openpose - Gaze PUB: people=2, frame_idx=920
2025-12-04 14:24:04,662 - INFO - openpose - Gaze3D frame=928 id=None label=None v=[-0.379, -0.307, 0.873] yaw=-23.5 pitch=17.9 cx=416.12632751464844
2025-12-04 14:24:04,663 - INFO - openpose - Gaze3D frame=928 id=None label=None v=[-0.196, 0.121, 0.973] yaw=-11.4 pitch=-7.0 cx=225.43108367919922
2025-12-04 14:24:04,663 - INFO - openpose - Gaze PUB: people=2, frame_idx=928
2025-12-04 14:24:04,892 - INFO - openpose - Gaze3D frame=928 id=None label=None v=[-0.361, -0.271, 0.892] yaw=-22.0 pitch=15.7 cx=415.88995361328125
2025-12-04 14:24:04,892 - INFO - openpose - Gaze3D frame=928 id=None label=None v=[-0.242, 0.138, 0.960] yaw=-14.2 pitch=-7.9 cx=227.6072235107422
2025-12-04 14:24:04,892 - INFO - openpose - Gaze PUB: people=2, frame_idx=928
2025-12-04 14:24:05,147 - INFO - openpose - Gaze3D frame=928 id=left label=Left person v=[-0.272, 0.246, 0.930] yaw=-16.3 pitch=-14.2 cx=226.90204620361328
2025-12-04 14:24:05,147 - INFO - openpose - Gaze3D frame=928 id=right label=Right person v=[-0.389, -0.289, 0.875] yaw=-24.0 pitch=16.8 cx=415.8925323486328
2025-12-04 14:24:05,147 - INFO - openpose - Gaze PUB: people=2, frame_idx=928
2025-12-04 14:24:06,047 - INFO - openpose - Gaze3D frame=936 id=None label=None v=[-0.090, -0.282, 0.955] yaw=-5.4 pitch=16.4 cx=417.4731903076172
2025-12-04 14:24:06,047 - INFO - openpose - Gaze3D frame=936 id=None label=None v=[-0.355, 0.098, 0.930] yaw=-20.9 pitch=-5.6 cx=225.4846649169922
2025-12-04 14:24:06,047 - INFO - openpose - Gaze PUB: people=2, frame_idx=936
2025-12-04 14:24:06,323 - INFO - openpose - Gaze3D frame=936 id=None label=None v=[-0.074, -0.172, 0.982] yaw=-4.3 pitch=9.9 cx=418.7944030761719
2025-12-04 14:24:06,323 - INFO - openpose - Gaze3D frame=936 id=None label=None v=[-0.354, 0.237, 0.905] yaw=-21.4 pitch=-13.7 cx=225.27880096435547
2025-12-04 14:24:06,323 - INFO - openpose - Gaze PUB: people=2, frame_idx=936
2025-12-04 14:24:06,579 - INFO - openpose - Gaze3D frame=936 id=None label=None v=[-0.104, -0.130, 0.986] yaw=-6.0 pitch=7.5 cx=420.06614685058594
2025-12-04 14:24:06,579 - INFO - openpose - Gaze3D frame=936 id=None label=None v=[-0.353, 0.246, 0.903] yaw=-21.4 pitch=-14.2 cx=224.4358901977539
2025-12-04 14:24:06,579 - INFO - openpose - Gaze PUB: people=2, frame_idx=936
2025-12-04 14:24:06,837 - INFO - openpose - Gaze3D frame=936 id=left label=Left person v=[-0.264, 0.082, 0.961] yaw=-15.4 pitch=-4.7 cx=226.96881103515625
2025-12-04 14:24:06,837 - INFO - openpose - Gaze3D frame=936 id=right label=Right person v=[-0.083, -0.204, 0.975] yaw=-4.9 pitch=11.8 cx=417.8978271484375
2025-12-04 14:24:06,837 - INFO - openpose - Gaze PUB: people=2, frame_idx=936
2025-12-04 14:24:08,225 - INFO - openpose - Gaze3D frame=944 id=left label=Left person v=[-0.348, 0.203, 0.915] yaw=-20.8 pitch=-11.7 cx=223.24385833740234
2025-12-04 14:24:08,225 - INFO - openpose - Gaze3D frame=944 id=right label=Right person v=[-0.371, -0.149, 0.917] yaw=-22.0 pitch=8.6 cx=421.9580383300781
2025-12-04 14:24:08,225 - INFO - openpose - Gaze PUB: people=2, frame_idx=944
2025-12-04 14:24:09,272 - INFO - openpose - Gaze3D frame=952 id=left label=Left person v=[-0.291, 0.053, 0.955] yaw=-16.9 pitch=-3.0 cx=222.46971893310547
2025-12-04 14:24:09,273 - INFO - openpose - Gaze3D frame=952 id=right label=Right person v=[-0.355, -0.481, 0.802] yaw=-23.9 pitch=28.7 cx=410.6438293457031
2025-12-04 14:24:09,273 - INFO - openpose - Gaze PUB: people=2, frame_idx=952
2025-12-04 14:24:10,020 - INFO - openpose - Gaze3D frame=960 id=left label=Left person v=[-0.020, 0.690, 0.723] yaw=-1.6 pitch=-43.7 cx=229.80907440185547
2025-12-04 14:24:10,020 - INFO - openpose - Gaze3D frame=960 id=right label=Right person v=[-0.184, -0.354, 0.917] yaw=-11.4 pitch=20.7 cx=420.0465393066406
2025-12-04 14:24:10,020 - INFO - openpose - Gaze PUB: people=2, frame_idx=960
2025-12-04 14:24:10,910 - INFO - openpose - Gaze3D frame=968 id=left label=Left person v=[-0.295, 0.160, 0.942] yaw=-17.4 pitch=-9.2 cx=222.4153823852539
2025-12-04 14:24:10,910 - INFO - openpose - Gaze3D frame=968 id=right label=Right person v=[-0.076, -0.582, 0.810] yaw=-5.4 pitch=35.6 cx=412.9092712402344
2025-12-04 14:24:10,910 - INFO - openpose - Gaze PUB: people=2, frame_idx=968
2025-12-04 14:24:11,737 - INFO - openpose - Gaze3D frame=976 id=left label=Left person v=[-0.041, -0.650, 0.759] yaw=-3.1 pitch=40.6 cx=209.89342498779297
2025-12-04 14:24:11,737 - INFO - openpose - Gaze3D frame=976 id=right label=Right person v=[-0.037, -0.527, 0.849] yaw=-2.5 pitch=31.8 cx=413.35826110839844
2025-12-04 14:24:11,737 - INFO - openpose - Gaze PUB: people=2, frame_idx=976
2025-12-04 14:24:12,571 - INFO - openpose - Gaze3D frame=984 id=left label=Left person v=[-0.011, -0.801, 0.598] yaw=-1.1 pitch=53.2 cx=213.5013427734375
2025-12-04 14:24:12,571 - INFO - openpose - Gaze3D frame=984 id=right label=Right person v=[-0.087, -0.473, 0.877] yaw=-5.6 pitch=28.2 cx=412.4363708496094
2025-12-04 14:24:12,571 - INFO - openpose - Gaze PUB: people=2, frame_idx=984
2025-12-04 14:24:13,732 - INFO - openpose - Gaze3D frame=992 id=left label=Left person v=[0.007, -0.705, 0.709] yaw=0.5 pitch=44.9 cx=216.66796875
2025-12-04 14:24:13,732 - INFO - openpose - Gaze3D frame=992 id=right label=Right person v=[-0.048, -0.536, 0.843] yaw=-3.3 pitch=32.4 cx=413.0606384277344
2025-12-04 14:24:13,732 - INFO - openpose - Gaze PUB: people=2, frame_idx=992
2025-12-04 14:24:14,842 - INFO - openpose - Gaze3D frame=1000 id=None label=None v=[-0.045, -0.789, 0.613] yaw=-4.2 pitch=52.0 cx=214.88870239257812
2025-12-04 14:24:14,842 - INFO - openpose - Gaze3D frame=1000 id=None label=None v=[-0.182, -0.581, 0.793] yaw=-12.9 pitch=35.5 cx=415.5742645263672
2025-12-04 14:24:14,842 - INFO - openpose - Gaze PUB: people=2, frame_idx=1000
2025-12-04 14:24:15,084 - INFO - openpose - Gaze3D frame=1000 id=left label=Left person v=[-0.035, -0.743, 0.669] yaw=-3.0 pitch=48.0 cx=214.69135284423828
2025-12-04 14:24:15,084 - INFO - openpose - Gaze3D frame=1000 id=right label=Right person v=[-0.133, -0.594, 0.793] yaw=-9.5 pitch=36.5 cx=414.9582061767578
2025-12-04 14:24:15,084 - INFO - openpose - Gaze PUB: people=2, frame_idx=1000
2025-12-04 14:24:16,303 - INFO - openpose - Gaze3D frame=1008 id=left label=Left person v=[-0.075, -0.750, 0.657] yaw=-6.5 pitch=48.6 cx=213.80599975585938
2025-12-04 14:24:16,303 - INFO - openpose - Gaze3D frame=1008 id=right label=Right person v=[-0.076, -0.549, 0.832] yaw=-5.2 pitch=33.3 cx=413.3948211669922
2025-12-04 14:24:16,303 - INFO - openpose - Gaze PUB: people=2, frame_idx=1008
2025-12-04 14:24:17,319 - INFO - openpose - Gaze3D frame=1016 id=left label=Left person v=[-0.029, -0.758, 0.652] yaw=-2.5 pitch=49.2 cx=214.20929718017578
2025-12-04 14:24:17,319 - INFO - openpose - Gaze3D frame=1016 id=right label=Right person v=[-0.111, -0.586, 0.803] yaw=-7.9 pitch=35.9 cx=416.68870544433594
2025-12-04 14:24:17,319 - INFO - openpose - Gaze PUB: people=2, frame_idx=1016
2025-12-04 14:24:18,691 - INFO - openpose - Gaze3D frame=1024 id=left label=Left person v=[-0.022, -0.712, 0.702] yaw=-1.8 pitch=45.4 cx=215.22130584716797
2025-12-04 14:24:18,691 - INFO - openpose - Gaze3D frame=1024 id=right label=Right person v=[-0.115, -0.504, 0.856] yaw=-7.7 pitch=30.3 cx=439.5089874267578
2025-12-04 14:24:18,691 - INFO - openpose - Gaze PUB: people=2, frame_idx=1024
2025-12-04 14:24:18,691 - INFO - openpose - ZMQ Message received (non-blocking): Configuration finished
2025-12-04 14:24:18,692 - INFO - openpose - Configuration finished. Waiting for next configuration
2025-12-04 14:24:18,692 - INFO - openpose - OpenPose initialized - waiting for turn_order
