2025-12-19 14:22:01,501 - INFO - BuildTower - Pinned current thread to core 0
2025-12-19 14:22:01,501 - INFO - BuildTower - Main BuildTower thread pinned to core 0.
2025-12-19 14:22:01,649 - INFO - BuildTower - Robot parameters: robot_name=my_gen3, dof=7, gripper_present=True
2025-12-19 14:22:01,652 - INFO - BuildTower - Service initialized: /my_gen3/base/clear_faults
2025-12-19 14:22:01,654 - INFO - BuildTower - Service initialized: /my_gen3/base/read_action
2025-12-19 14:22:01,656 - INFO - BuildTower - Service initialized: /my_gen3/base/execute_action
2025-12-19 14:22:01,657 - INFO - BuildTower - Service initialized: /my_gen3/control_config/set_cartesian_reference_frame
2025-12-19 14:22:01,659 - INFO - BuildTower - Service initialized: /my_gen3/base/activate_publishing_of_action_topic
2025-12-19 14:22:01,660 - INFO - BuildTower - Service initialized: /my_gen3/base/send_gripper_command
2025-12-19 14:22:01,661 - INFO - BuildTower - OpenPoseThread started (core 1).
2025-12-19 14:22:01,661 - INFO - BuildTower - BuildTower class initialized successfully.
2025-12-19 14:22:01,662 - INFO - BuildTower - ROS parameter /kortex_examples_test_results/cartesian_poses_with_notifications_python did not exist or could not be deleted.
2025-12-19 14:22:01,662 - INFO - BuildTower - Pinned current thread to core 1
2025-12-19 14:22:01,662 - INFO - BuildTower - Starting main robot control loop.
2025-12-19 14:22:01,663 - INFO - BuildTower - OpenPoseThread: Connected REQ to tcp://localhost:5555
2025-12-19 14:22:01,663 - INFO - BuildTower - OpenPoseThread: Connected SUB to tcp://localhost:5556
2025-12-19 14:22:01,668 - INFO - BuildTower - Robot faults cleared successfully.
2025-12-19 14:22:04,195 - INFO - BuildTower - Cartesian reference frame set successfully.
2025-12-19 14:22:04,448 - INFO - BuildTower - Activating action notifications.
2025-12-19 14:22:04,452 - INFO - BuildTower - Action Notifications successfully activated.
2025-12-19 14:22:05,483 - INFO - BuildTower - Sending robot to home position.
2025-12-19 14:22:14,693 - INFO - BuildTower - User pressed Enter. Continuing with configuration 1
2025-12-19 14:22:14,694 - INFO - BuildTower - Parsing information from file: config2
2025-12-19 14:22:14,694 - INFO - BuildTower - Parsed turn_order: ybypbpbpy

2025-12-19 14:22:14,694 - INFO - BuildTower - Parsed object_order: 143

2025-12-19 14:22:14,694 - INFO - BuildTower - Sent turn_order and waiting for response from OpenPose server.
2025-12-19 14:22:14,694 - INFO - BuildTower - Sending turn order to OpenPose server: ybypbpbpy

2025-12-19 14:22:14,694 - INFO - BuildTower - OpenPoseThread: sending cmd: ybypbpbpy

2025-12-19 14:22:14,695 - INFO - BuildTower - OpenPoseThread: received reply: Order Received
2025-12-19 14:22:14,696 - INFO - BuildTower - Received reply from OpenPose server: Order Received
2025-12-19 14:22:14,696 - INFO - BuildTower - Starting mutual gaze calibration for 10.0 seconds
2025-12-19 14:22:15,458 - INFO - BuildTower - OpenPoseThread: gaze frame_idx=0 ts=2025-12-19T14:22:15.449400Z people=2
2025-12-19 14:22:15,459 - INFO - BuildTower - OpenPoseThread: Gaze3D frame=0 id=left label=Left person v=[-0.218, -0.470, 0.855] yaw=-14.3 pitch=28.0
2025-12-19 14:22:15,459 - INFO - BuildTower - OpenPoseThread: Gaze3D frame=0 id=right label=Right person v=[-0.306, -0.302, 0.903] yaw=-18.7 pitch=17.6
2025-12-19 14:22:16,232 - INFO - BuildTower - OpenPoseThread: gaze frame_idx=8 ts=2025-12-19T14:22:16.163767Z people=2
2025-12-19 14:22:16,233 - INFO - BuildTower - OpenPoseThread: Gaze3D frame=8 id=left label=Left person v=[-0.332, -0.460, 0.824] yaw=-21.9 pitch=27.4
2025-12-19 14:22:16,233 - INFO - BuildTower - OpenPoseThread: Gaze3D frame=8 id=right label=Right person v=[-0.249, -0.274, 0.929] yaw=-15.0 pitch=15.9
2025-12-19 14:22:16,885 - INFO - BuildTower - OpenPoseThread: gaze frame_idx=16 ts=2025-12-19T14:22:16.857955Z people=2
2025-12-19 14:22:16,885 - INFO - BuildTower - OpenPoseThread: Gaze3D frame=16 id=left label=Left person v=[-0.383, -0.420, 0.823] yaw=-25.0 pitch=24.8
2025-12-19 14:22:16,886 - INFO - BuildTower - OpenPoseThread: Gaze3D frame=16 id=right label=Right person v=[-0.441, -0.267, 0.857] yaw=-27.2 pitch=15.5
2025-12-19 14:22:17,551 - INFO - BuildTower - OpenPoseThread: gaze frame_idx=24 ts=2025-12-19T14:22:17.549611Z people=2
2025-12-19 14:22:17,551 - INFO - BuildTower - OpenPoseThread: Gaze3D frame=24 id=left label=Left person v=[-0.300, -0.311, 0.902] yaw=-18.4 pitch=18.1
2025-12-19 14:22:17,551 - INFO - BuildTower - OpenPoseThread: Gaze3D frame=24 id=right label=Right person v=[-0.156, -0.399, 0.904] yaw=-9.8 pitch=23.5
2025-12-19 14:22:18,313 - INFO - BuildTower - OpenPoseThread: gaze frame_idx=32 ts=2025-12-19T14:22:18.268104Z people=2
2025-12-19 14:22:18,313 - INFO - BuildTower - OpenPoseThread: Gaze3D frame=32 id=left label=Left person v=[-0.274, -0.491, 0.827] yaw=-18.3 pitch=29.4
2025-12-19 14:22:18,314 - INFO - BuildTower - OpenPoseThread: Gaze3D frame=32 id=right label=Right person v=[0.006, -0.531, 0.848] yaw=0.4 pitch=32.0
2025-12-19 14:22:18,968 - INFO - BuildTower - OpenPoseThread: gaze frame_idx=40 ts=2025-12-19T14:22:18.937508Z people=2
2025-12-19 14:22:18,969 - INFO - BuildTower - OpenPoseThread: Gaze3D frame=40 id=left label=Left person v=[-0.080, -0.691, 0.718] yaw=-6.4 pitch=43.7
2025-12-19 14:22:18,969 - INFO - BuildTower - OpenPoseThread: Gaze3D frame=40 id=right label=Right person v=[0.055, -0.509, 0.859] yaw=3.7 pitch=30.6
2025-12-19 14:22:19,743 - INFO - BuildTower - OpenPoseThread: gaze frame_idx=48 ts=2025-12-19T14:22:19.647348Z people=2
2025-12-19 14:22:19,743 - INFO - BuildTower - OpenPoseThread: Gaze3D frame=48 id=left label=Left person v=[-0.163, -0.870, 0.465] yaw=-19.3 pitch=60.5
2025-12-19 14:22:19,743 - INFO - BuildTower - OpenPoseThread: Gaze3D frame=48 id=right label=Right person v=[-0.556, -0.646, 0.523] yaw=-46.8 pitch=40.2
2025-12-19 14:22:20,395 - INFO - BuildTower - OpenPoseThread: gaze frame_idx=56 ts=2025-12-19T14:22:20.318505Z people=2
2025-12-19 14:22:20,395 - INFO - BuildTower - OpenPoseThread: Gaze3D frame=56 id=left label=Left person v=[-0.249, -0.667, 0.702] yaw=-19.5 pitch=41.8
2025-12-19 14:22:20,395 - INFO - BuildTower - OpenPoseThread: Gaze3D frame=56 id=right label=Right person v=[-0.601, -0.284, 0.747] yaw=-38.8 pitch=16.5
2025-12-19 14:22:21,047 - INFO - BuildTower - OpenPoseThread: gaze frame_idx=64 ts=2025-12-19T14:22:21.028023Z people=2
2025-12-19 14:22:21,048 - INFO - BuildTower - OpenPoseThread: Gaze3D frame=64 id=left label=Left person v=[-0.088, -0.702, 0.707] yaw=-7.1 pitch=44.6
2025-12-19 14:22:21,048 - INFO - BuildTower - OpenPoseThread: Gaze3D frame=64 id=right label=Right person v=[-0.534, -0.592, 0.603] yaw=-41.5 pitch=36.3
2025-12-19 14:22:21,810 - INFO - BuildTower - OpenPoseThread: gaze frame_idx=72 ts=2025-12-19T14:22:21.726510Z people=2
2025-12-19 14:22:21,811 - INFO - BuildTower - OpenPoseThread: Gaze3D frame=72 id=left label=Left person v=[-0.118, -0.785, 0.608] yaw=-11.0 pitch=51.7
2025-12-19 14:22:21,811 - INFO - BuildTower - OpenPoseThread: Gaze3D frame=72 id=right label=Right person v=[-0.682, -0.252, 0.687] yaw=-44.8 pitch=14.6
2025-12-19 14:22:22,467 - INFO - BuildTower - OpenPoseThread: gaze frame_idx=80 ts=2025-12-19T14:22:22.431320Z people=2
2025-12-19 14:22:22,467 - INFO - BuildTower - OpenPoseThread: Gaze3D frame=80 id=left label=Left person v=[-0.160, -0.796, 0.584] yaw=-15.3 pitch=52.8
2025-12-19 14:22:22,468 - INFO - BuildTower - OpenPoseThread: Gaze3D frame=80 id=right label=Right person v=[-0.602, -0.313, 0.734] yaw=-39.4 pitch=18.2
2025-12-19 14:22:23,125 - INFO - BuildTower - OpenPoseThread: gaze frame_idx=88 ts=2025-12-19T14:22:23.124438Z people=2
2025-12-19 14:22:23,125 - INFO - BuildTower - OpenPoseThread: Gaze3D frame=88 id=left label=Left person v=[-0.128, -0.804, 0.581] yaw=-12.4 pitch=53.5
2025-12-19 14:22:23,125 - INFO - BuildTower - OpenPoseThread: Gaze3D frame=88 id=right label=Right person v=[-0.678, -0.354, 0.644] yaw=-46.5 pitch=20.8
2025-12-19 14:22:23,891 - INFO - BuildTower - OpenPoseThread: gaze frame_idx=96 ts=2025-12-19T14:22:23.850439Z people=2
2025-12-19 14:22:23,892 - INFO - BuildTower - OpenPoseThread: Gaze3D frame=96 id=left label=Left person v=[-0.157, -0.869, 0.470] yaw=-18.4 pitch=60.3
2025-12-19 14:22:23,892 - INFO - BuildTower - OpenPoseThread: Gaze3D frame=96 id=right label=Right person v=[-0.509, -0.616, 0.601] yaw=-40.3 pitch=38.1
2025-12-19 14:22:24,659 - INFO - BuildTower - OpenPoseThread: gaze frame_idx=104 ts=2025-12-19T14:22:24.565846Z people=2
2025-12-19 14:22:24,660 - INFO - BuildTower - OpenPoseThread: Gaze3D frame=104 id=left label=Left person v=[-0.078, -0.754, 0.652] yaw=-6.8 pitch=48.9
2025-12-19 14:22:24,660 - INFO - BuildTower - OpenPoseThread: Gaze3D frame=104 id=right label=Right person v=[-0.534, -0.523, 0.664] yaw=-38.8 pitch=31.5
2025-12-19 14:22:24,709 - INFO - BuildTower - Calibration done: yaw_bias=-21.773 deg, pitch_bias=33.089 deg
2025-12-19 14:22:24,709 - INFO - BuildTower - Executing turn 0 out of 9.
2025-12-19 14:22:24,709 - INFO - BuildTower - Moving block from start 0.28 to target 0.307. Turn: 0, Block Shape: 1
2025-12-19 14:22:24,712 - INFO - BuildTower - Sending gripper command: value=0
2025-12-19 14:22:25,247 - INFO - BuildTower - Gripper command 0 sent successfully.
2025-12-19 14:22:25,249 - INFO - BuildTower - Attempting to go to position: x=0.47, y=0.18, z=0.325, theta_x=100.0, theta_y=0.0, theta_z=90.0
2025-12-19 14:22:25,249 - DEBUG - BuildTower - Set speed for pose: translation=1, orientation=100
2025-12-19 14:22:25,275 - INFO - BuildTower - Pose action initiated, waiting for completion.
2025-12-19 14:22:25,323 - INFO - BuildTower - OpenPoseThread: gaze frame_idx=112 ts=2025-12-19T14:22:25.265911Z people=2
2025-12-19 14:22:25,323 - INFO - BuildTower - OpenPoseThread: Gaze3D frame=112 id=left label=Left person v=[-0.143, -0.776, 0.614] yaw=-13.1 pitch=50.9
2025-12-19 14:22:25,324 - INFO - BuildTower - OpenPoseThread: Gaze3D frame=112 id=right label=Right person v=[-0.541, -0.469, 0.698] yaw=-37.8 pitch=28.0
2025-12-19 14:22:25,978 - INFO - BuildTower - OpenPoseThread: gaze frame_idx=120 ts=2025-12-19T14:22:25.963599Z people=2
2025-12-19 14:22:25,978 - INFO - BuildTower - OpenPoseThread: Gaze3D frame=120 id=left label=Left person v=[-0.153, -0.523, 0.838] yaw=-10.3 pitch=31.6
2025-12-19 14:22:25,978 - INFO - BuildTower - OpenPoseThread: Gaze3D frame=120 id=right label=Right person v=[-0.479, -0.584, 0.655] yaw=-36.1 pitch=35.7
2025-12-19 14:22:26,744 - INFO - BuildTower - OpenPoseThread: gaze frame_idx=128 ts=2025-12-19T14:22:26.661675Z people=2
2025-12-19 14:22:26,744 - INFO - BuildTower - OpenPoseThread: Gaze3D frame=128 id=left label=Left person v=[-0.178, -0.194, 0.965] yaw=-10.5 pitch=11.2
2025-12-19 14:22:26,744 - INFO - BuildTower - OpenPoseThread: Gaze3D frame=128 id=right label=Right person v=[-0.433, -0.551, 0.713] yaw=-31.3 pitch=33.4
2025-12-19 14:22:27,396 - INFO - BuildTower - OpenPoseThread: gaze frame_idx=136 ts=2025-12-19T14:22:27.343529Z people=2
2025-12-19 14:22:27,396 - INFO - BuildTower - OpenPoseThread: Gaze3D frame=136 id=left label=Left person v=[-0.121, -0.310, 0.943] yaw=-7.3 pitch=18.0
2025-12-19 14:22:27,397 - INFO - BuildTower - OpenPoseThread: Gaze3D frame=136 id=right label=Right person v=[-0.447, -0.328, 0.832] yaw=-28.2 pitch=19.2
2025-12-19 14:22:27,916 - INFO - BuildTower - Robot action ended.
2025-12-19 14:22:27,916 - INFO - BuildTower - Attempting to go to position: x=0.47, y=0.18, z=0.28, theta_x=100.0, theta_y=0.0, theta_z=90.0
2025-12-19 14:22:27,917 - DEBUG - BuildTower - Set speed for pose: translation=1, orientation=100
2025-12-19 14:22:27,947 - INFO - BuildTower - Pose action initiated, waiting for completion.
2025-12-19 14:22:28,048 - INFO - BuildTower - OpenPoseThread: gaze frame_idx=144 ts=2025-12-19T14:22:28.044869Z people=2
2025-12-19 14:22:28,048 - INFO - BuildTower - OpenPoseThread: Gaze3D frame=144 id=left label=Left person v=[-0.158, -0.269, 0.950] yaw=-9.4 pitch=15.6
2025-12-19 14:22:28,049 - INFO - BuildTower - OpenPoseThread: Gaze3D frame=144 id=right label=Right person v=[-0.415, -0.379, 0.827] yaw=-26.7 pitch=22.3
2025-12-19 14:22:28,680 - INFO - BuildTower - Robot action ended.
2025-12-19 14:22:28,681 - INFO - BuildTower - Sending gripper command: value=0.075
2025-12-19 14:22:28,816 - INFO - BuildTower - OpenPoseThread: gaze frame_idx=152 ts=2025-12-19T14:22:28.737212Z people=2
2025-12-19 14:22:28,816 - INFO - BuildTower - OpenPoseThread: Gaze3D frame=152 id=left label=Left person v=[-0.143, -0.261, 0.955] yaw=-8.5 pitch=15.2
2025-12-19 14:22:28,816 - INFO - BuildTower - OpenPoseThread: Gaze3D frame=152 id=right label=Right person v=[-0.447, -0.245, 0.860] yaw=-27.5 pitch=14.2
2025-12-19 14:22:29,195 - INFO - BuildTower - Gripper command 0.075 sent successfully.
2025-12-19 14:22:29,198 - INFO - BuildTower - Attempting to go to position: x=0.47, y=0.18, z=0.325, theta_x=100.0, theta_y=0.0, theta_z=90.0
2025-12-19 14:22:29,198 - DEBUG - BuildTower - Set speed for pose: translation=1, orientation=100
2025-12-19 14:22:29,222 - INFO - BuildTower - Pose action initiated, waiting for completion.
2025-12-19 14:22:29,481 - INFO - BuildTower - OpenPoseThread: gaze frame_idx=160 ts=2025-12-19T14:22:29.480772Z people=2
2025-12-19 14:22:29,482 - INFO - BuildTower - OpenPoseThread: Gaze3D frame=160 id=left label=Left person v=[-0.257, -0.309, 0.916] yaw=-15.7 pitch=18.0
2025-12-19 14:22:29,482 - INFO - BuildTower - OpenPoseThread: Gaze3D frame=160 id=right label=Right person v=[-0.425, -0.340, 0.839] yaw=-26.9 pitch=19.9
2025-12-19 14:22:29,955 - INFO - BuildTower - Robot action ended.
2025-12-19 14:22:29,955 - INFO - BuildTower - Attempting to go to position: x=0.735, y=0.0, z=0.352, theta_x=100.0, theta_y=0.0, theta_z=90.0
2025-12-19 14:22:29,955 - DEBUG - BuildTower - Set speed for pose: translation=1, orientation=100
2025-12-19 14:22:29,971 - INFO - BuildTower - Pose action initiated, waiting for completion.
2025-12-19 14:22:30,248 - INFO - BuildTower - OpenPoseThread: gaze frame_idx=168 ts=2025-12-19T14:22:30.223706Z people=2
2025-12-19 14:22:30,248 - INFO - BuildTower - OpenPoseThread: Gaze3D frame=168 id=left label=Left person v=[-0.217, -0.486, 0.846] yaw=-14.4 pitch=29.1
2025-12-19 14:22:30,248 - INFO - BuildTower - OpenPoseThread: Gaze3D frame=168 id=right label=Right person v=[-0.397, -0.531, 0.749] yaw=-27.9 pitch=32.1
2025-12-19 14:22:30,904 - INFO - BuildTower - OpenPoseThread: gaze frame_idx=176 ts=2025-12-19T14:22:30.877299Z people=2
2025-12-19 14:22:30,904 - INFO - BuildTower - OpenPoseThread: Gaze3D frame=176 id=left label=Left person v=[-0.227, -0.392, 0.891] yaw=-14.3 pitch=23.1
2025-12-19 14:22:30,904 - INFO - BuildTower - OpenPoseThread: Gaze3D frame=176 id=right label=Right person v=[-0.459, -0.353, 0.815] yaw=-29.4 pitch=20.7
2025-12-19 14:22:31,556 - INFO - BuildTower - OpenPoseThread: gaze frame_idx=184 ts=2025-12-19T14:22:31.543225Z people=2
2025-12-19 14:22:31,556 - INFO - BuildTower - OpenPoseThread: Gaze3D frame=184 id=left label=Left person v=[-0.468, -0.387, 0.794] yaw=-30.5 pitch=22.8
2025-12-19 14:22:31,556 - INFO - BuildTower - OpenPoseThread: Gaze3D frame=184 id=right label=Right person v=[-0.098, -0.559, 0.823] yaw=-6.8 pitch=34.0
2025-12-19 14:22:32,326 - INFO - BuildTower - OpenPoseThread: gaze frame_idx=192 ts=2025-12-19T14:22:32.243099Z people=2
2025-12-19 14:22:32,326 - INFO - BuildTower - OpenPoseThread: Gaze3D frame=192 id=left label=Left person v=[-0.185, -0.382, 0.906] yaw=-11.5 pitch=22.4
2025-12-19 14:22:32,326 - INFO - BuildTower - OpenPoseThread: Gaze3D frame=192 id=right label=Right person v=[-0.485, -0.332, 0.809] yaw=-31.0 pitch=19.4
2025-12-19 14:22:32,984 - INFO - BuildTower - OpenPoseThread: gaze frame_idx=200 ts=2025-12-19T14:22:32.915564Z people=2
2025-12-19 14:22:32,984 - INFO - BuildTower - OpenPoseThread: Gaze3D frame=200 id=left label=Left person v=[-0.239, -0.284, 0.928] yaw=-14.4 pitch=16.5
2025-12-19 14:22:32,984 - INFO - BuildTower - OpenPoseThread: Gaze3D frame=200 id=right label=Right person v=[-0.580, -0.453, 0.677] yaw=-40.5 pitch=26.9
2025-12-19 14:22:33,450 - INFO - BuildTower - Robot action ended.
2025-12-19 14:22:33,450 - INFO - BuildTower - Attempting to go to position: x=0.735, y=0.0, z=0.307, theta_x=100.0, theta_y=0.0, theta_z=90.0
2025-12-19 14:22:33,450 - DEBUG - BuildTower - Set speed for pose: translation=1, orientation=100
2025-12-19 14:22:33,473 - INFO - BuildTower - Pose action initiated, waiting for completion.
2025-12-19 14:22:33,636 - INFO - BuildTower - OpenPoseThread: gaze frame_idx=208 ts=2025-12-19T14:22:33.627241Z people=2
2025-12-19 14:22:33,636 - INFO - BuildTower - OpenPoseThread: Gaze3D frame=208 id=left label=Left person v=[-0.417, -0.293, 0.861] yaw=-25.8 pitch=17.0
2025-12-19 14:22:33,636 - INFO - BuildTower - OpenPoseThread: Gaze3D frame=208 id=right label=Right person v=[-0.420, -0.653, 0.630] yaw=-33.7 pitch=40.8
2025-12-19 14:22:34,186 - INFO - BuildTower - Robot action ended.
2025-12-19 14:22:34,188 - INFO - BuildTower - Sending gripper command: value=0
2025-12-19 14:22:34,401 - INFO - BuildTower - OpenPoseThread: gaze frame_idx=216 ts=2025-12-19T14:22:34.330155Z people=2
2025-12-19 14:22:34,401 - INFO - BuildTower - OpenPoseThread: Gaze3D frame=216 id=left label=Left person v=[-0.289, -0.424, 0.858] yaw=-18.6 pitch=25.1
2025-12-19 14:22:34,402 - INFO - BuildTower - OpenPoseThread: Gaze3D frame=216 id=right label=Right person v=[-0.468, -0.591, 0.657] yaw=-35.4 pitch=36.2
2025-12-19 14:22:34,695 - INFO - BuildTower - Gripper command 0 sent successfully.
2025-12-19 14:22:34,698 - INFO - BuildTower - Attempting to go to position: x=0.735, y=0.0, z=0.352, theta_x=100.0, theta_y=0.0, theta_z=90.0
2025-12-19 14:22:34,698 - DEBUG - BuildTower - Set speed for pose: translation=1, orientation=100
2025-12-19 14:22:34,722 - INFO - BuildTower - Pose action initiated, waiting for completion.
2025-12-19 14:22:35,054 - INFO - BuildTower - OpenPoseThread: gaze frame_idx=224 ts=2025-12-19T14:22:35.022576Z people=2
2025-12-19 14:22:35,054 - INFO - BuildTower - OpenPoseThread: Gaze3D frame=224 id=left label=Left person v=[-0.171, -0.813, 0.557] yaw=-17.1 pitch=54.4
2025-12-19 14:22:35,054 - INFO - BuildTower - OpenPoseThread: Gaze3D frame=224 id=right label=Right person v=[-0.513, -0.411, 0.753] yaw=-34.3 pitch=24.3
2025-12-19 14:22:35,456 - INFO - BuildTower - Robot action ended.
2025-12-19 14:22:35,457 - INFO - BuildTower - Robot completed its turn. Robot turn count: 1
2025-12-19 14:22:35,457 - INFO - BuildTower - Executing turn 1 out of 9.
2025-12-19 14:22:35,479 - INFO - BuildTower - Sending robot to home position.
2025-12-19 14:22:35,819 - INFO - BuildTower - OpenPoseThread: gaze frame_idx=232 ts=2025-12-19T14:22:35.727915Z people=2
2025-12-19 14:22:35,819 - INFO - BuildTower - OpenPoseThread: Gaze3D frame=232 id=left label=Left person v=[-0.216, -0.487, 0.846] yaw=-14.3 pitch=29.1
2025-12-19 14:22:35,819 - INFO - BuildTower - OpenPoseThread: Gaze3D frame=232 id=right label=Right person v=[-0.115, -0.376, 0.919] yaw=-7.1 pitch=22.1
2025-12-19 14:22:36,096 - INFO - BuildTower - Sending to OpenPose (via thread): PL: Arm Extended Check
2025-12-19 14:22:36,096 - INFO - BuildTower - OpenPoseThread: sending cmd: PL: Arm Extended Check
2025-12-19 14:22:36,408 - INFO - BuildTower - OpenPoseThread: gaze frame_idx=240 ts=2025-12-19T14:22:36.406976Z people=2
2025-12-19 14:22:36,408 - INFO - BuildTower - OpenPoseThread: Gaze3D frame=240 id=left label=Left person v=[-0.359, -0.453, 0.816] yaw=-23.7 pitch=26.9
2025-12-19 14:22:36,408 - INFO - BuildTower - OpenPoseThread: Gaze3D frame=240 id=right label=Right person v=[-0.527, -0.599, 0.603] yaw=-41.2 pitch=36.8
2025-12-19 14:22:37,066 - INFO - BuildTower - OpenPoseThread: gaze frame_idx=248 ts=2025-12-19T14:22:37.065219Z people=2
2025-12-19 14:22:37,066 - INFO - BuildTower - OpenPoseThread: Gaze3D frame=248 id=left label=Left person v=[-0.277, -0.058, 0.959] yaw=-16.1 pitch=3.3
2025-12-19 14:22:37,066 - INFO - BuildTower - OpenPoseThread: Gaze3D frame=248 id=right label=Right person v=[-0.564, -0.628, 0.536] yaw=-46.4 pitch=38.9
2025-12-19 14:22:37,738 - INFO - BuildTower - OpenPoseThread: gaze frame_idx=256 ts=2025-12-19T14:22:37.737415Z people=2
2025-12-19 14:22:37,738 - INFO - BuildTower - OpenPoseThread: Gaze3D frame=256 id=left label=Left person v=[-0.226, -0.342, 0.912] yaw=-13.9 pitch=20.0
2025-12-19 14:22:37,738 - INFO - BuildTower - OpenPoseThread: Gaze3D frame=256 id=right label=Right person v=[-0.116, -0.364, 0.924] yaw=-7.1 pitch=21.3
2025-12-19 14:22:38,436 - INFO - BuildTower - OpenPoseThread: gaze frame_idx=264 ts=2025-12-19T14:22:38.435223Z people=2
2025-12-19 14:22:38,436 - INFO - BuildTower - OpenPoseThread: Gaze3D frame=264 id=left label=Left person v=[-0.212, -0.360, 0.908] yaw=-13.2 pitch=21.1
2025-12-19 14:22:38,436 - INFO - BuildTower - OpenPoseThread: Gaze3D frame=264 id=right label=Right person v=[-0.433, -0.343, 0.834] yaw=-27.4 pitch=20.1
2025-12-19 14:22:39,128 - INFO - BuildTower - OpenPoseThread: gaze frame_idx=272 ts=2025-12-19T14:22:39.127058Z people=2
2025-12-19 14:22:39,128 - INFO - BuildTower - OpenPoseThread: Gaze3D frame=272 id=left label=Left person v=[-0.221, -0.647, 0.730] yaw=-16.9 pitch=40.3
2025-12-19 14:22:39,128 - INFO - BuildTower - OpenPoseThread: Gaze3D frame=272 id=right label=Right person v=[-0.373, -0.157, 0.914] yaw=-22.2 pitch=9.1
2025-12-19 14:22:39,760 - INFO - BuildTower - OpenPoseThread: gaze frame_idx=280 ts=2025-12-19T14:22:39.758983Z people=1
2025-12-19 14:22:39,760 - INFO - BuildTower - OpenPoseThread: Gaze3D frame=280 id=right label=Right person v=[-0.494, -0.086, 0.865] yaw=-29.7 pitch=4.9
2025-12-19 14:22:40,394 - INFO - BuildTower - OpenPoseThread: gaze frame_idx=288 ts=2025-12-19T14:22:40.393060Z people=1
2025-12-19 14:22:40,394 - INFO - BuildTower - OpenPoseThread: Gaze3D frame=288 id=right label=Right person v=[-0.493, -0.306, 0.814] yaw=-31.2 pitch=17.8
2025-12-19 14:22:41,029 - INFO - BuildTower - OpenPoseThread: gaze frame_idx=296 ts=2025-12-19T14:22:41.028906Z people=1
2025-12-19 14:22:41,029 - INFO - BuildTower - OpenPoseThread: Gaze3D frame=296 id=right label=Right person v=[-0.491, -0.407, 0.770] yaw=-32.5 pitch=24.0
2025-12-19 14:22:41,638 - INFO - BuildTower - OpenPoseThread: gaze frame_idx=304 ts=2025-12-19T14:22:41.637223Z people=1
2025-12-19 14:22:41,638 - INFO - BuildTower - OpenPoseThread: Gaze3D frame=304 id=right label=Right person v=[-0.354, -0.433, 0.829] yaw=-23.1 pitch=25.6
2025-12-19 14:22:42,350 - INFO - BuildTower - OpenPoseThread: gaze frame_idx=312 ts=2025-12-19T14:22:42.349690Z people=2
2025-12-19 14:22:42,351 - INFO - BuildTower - OpenPoseThread: Gaze3D frame=312 id=left label=Left person v=[-0.252, -0.572, 0.780] yaw=-17.9 pitch=34.9
2025-12-19 14:22:42,351 - INFO - BuildTower - OpenPoseThread: Gaze3D frame=312 id=right label=Right person v=[-0.146, -0.780, 0.608] yaw=-13.5 pitch=51.3
2025-12-19 14:22:43,045 - INFO - BuildTower - OpenPoseThread: gaze frame_idx=320 ts=2025-12-19T14:22:43.044516Z people=2
2025-12-19 14:22:43,045 - INFO - BuildTower - OpenPoseThread: Gaze3D frame=320 id=left label=Left person v=[-0.157, -0.771, 0.618] yaw=-14.3 pitch=50.4
2025-12-19 14:22:43,046 - INFO - BuildTower - OpenPoseThread: Gaze3D frame=320 id=right label=Right person v=[-0.228, -0.807, 0.544] yaw=-22.7 pitch=53.8
2025-12-19 14:22:43,737 - INFO - BuildTower - OpenPoseThread: gaze frame_idx=328 ts=2025-12-19T14:22:43.735601Z people=2
2025-12-19 14:22:43,737 - INFO - BuildTower - OpenPoseThread: Gaze3D frame=328 id=left label=Left person v=[-0.155, -0.435, 0.887] yaw=-9.9 pitch=25.8
2025-12-19 14:22:43,737 - INFO - BuildTower - OpenPoseThread: Gaze3D frame=328 id=right label=Right person v=[-0.173, -0.892, 0.419] yaw=-22.4 pitch=63.1
2025-12-19 14:22:44,398 - INFO - BuildTower - OpenPoseThread: gaze frame_idx=336 ts=2025-12-19T14:22:44.397759Z people=2
2025-12-19 14:22:44,399 - INFO - BuildTower - OpenPoseThread: Gaze3D frame=336 id=left label=Left person v=[-0.189, -0.168, 0.968] yaw=-11.0 pitch=9.6
2025-12-19 14:22:44,399 - INFO - BuildTower - OpenPoseThread: Gaze3D frame=336 id=right label=Right person v=[-0.161, -0.910, 0.381] yaw=-23.0 pitch=65.6
2025-12-19 14:22:44,523 - INFO - BuildTower - OpenPoseThread: received reply: Left: Arm Extended
2025-12-19 14:22:44,523 - INFO - BuildTower - Sending to OpenPose (via thread): PL: Arm Retracted Check
2025-12-19 14:22:44,524 - INFO - BuildTower - OpenPoseThread: sending cmd: PL: Arm Retracted Check
2025-12-19 14:22:44,584 - INFO - BuildTower - OpenPoseThread: received reply: Left: Arm Retracted
2025-12-19 14:22:44,585 - INFO - BuildTower - Executing turn 2 out of 9.
2025-12-19 14:22:44,585 - INFO - BuildTower - Moving block from start 0.3 to target 0.387. Turn: 2, Block Shape: 4
2025-12-19 14:22:44,587 - INFO - BuildTower - Sending gripper command: value=0
2025-12-19 14:22:45,099 - INFO - BuildTower - Gripper command 0 sent successfully.
2025-12-19 14:22:45,101 - INFO - BuildTower - Attempting to go to position: x=0.3, y=0.3, z=0.345, theta_x=100.0, theta_y=0.0, theta_z=90.0
2025-12-19 14:22:45,101 - DEBUG - BuildTower - Set speed for pose: translation=1, orientation=100
2025-12-19 14:22:45,123 - INFO - BuildTower - Pose action initiated, waiting for completion.
2025-12-19 14:22:45,136 - INFO - BuildTower - OpenPoseThread: gaze frame_idx=344 ts=2025-12-19T14:22:45.102082Z people=2
2025-12-19 14:22:45,136 - INFO - BuildTower - OpenPoseThread: Gaze3D frame=344 id=left label=Left person v=[-0.106, -0.394, 0.913] yaw=-6.6 pitch=23.2
2025-12-19 14:22:45,136 - INFO - BuildTower - OpenPoseThread: Gaze3D frame=344 id=right label=Right person v=[-0.265, -0.383, 0.885] yaw=-16.6 pitch=22.5
2025-12-19 14:22:45,792 - INFO - BuildTower - OpenPoseThread: gaze frame_idx=352 ts=2025-12-19T14:22:45.773400Z people=2
2025-12-19 14:22:45,792 - INFO - BuildTower - OpenPoseThread: Gaze3D frame=352 id=left label=Left person v=[-0.197, -0.742, 0.641] yaw=-17.1 pitch=47.9
2025-12-19 14:22:45,792 - INFO - BuildTower - OpenPoseThread: Gaze3D frame=352 id=right label=Right person v=[-0.036, -0.454, 0.890] yaw=-2.3 pitch=27.0
2025-12-19 14:22:46,454 - INFO - BuildTower - OpenPoseThread: gaze frame_idx=360 ts=2025-12-19T14:22:46.453527Z people=2
2025-12-19 14:22:46,454 - INFO - BuildTower - OpenPoseThread: Gaze3D frame=360 id=left label=Left person v=[-0.154, -0.755, 0.638] yaw=-13.6 pitch=49.0
2025-12-19 14:22:46,454 - INFO - BuildTower - OpenPoseThread: Gaze3D frame=360 id=right label=Right person v=[-0.323, -0.308, 0.895] yaw=-19.8 pitch=17.9
2025-12-19 14:22:47,110 - INFO - BuildTower - OpenPoseThread: gaze frame_idx=368 ts=2025-12-19T14:22:47.089665Z people=2
2025-12-19 14:22:47,111 - INFO - BuildTower - OpenPoseThread: Gaze3D frame=368 id=left label=Left person v=[-0.118, -0.878, 0.463] yaw=-14.3 pitch=61.5
2025-12-19 14:22:47,111 - INFO - BuildTower - OpenPoseThread: Gaze3D frame=368 id=right label=Right person v=[-0.131, -0.420, 0.898] yaw=-8.3 pitch=24.8
2025-12-19 14:22:47,773 - INFO - BuildTower - OpenPoseThread: gaze frame_idx=376 ts=2025-12-19T14:22:47.772453Z people=2
2025-12-19 14:22:47,773 - INFO - BuildTower - OpenPoseThread: Gaze3D frame=376 id=left label=Left person v=[-0.170, -0.699, 0.694] yaw=-13.7 pitch=44.4
2025-12-19 14:22:47,773 - INFO - BuildTower - OpenPoseThread: Gaze3D frame=376 id=right label=Right person v=[-0.146, -0.512, 0.847] yaw=-9.8 pitch=30.8
2025-12-19 14:22:48,536 - INFO - BuildTower - OpenPoseThread: gaze frame_idx=384 ts=2025-12-19T14:22:48.443291Z people=2
2025-12-19 14:22:48,536 - INFO - BuildTower - OpenPoseThread: Gaze3D frame=384 id=left label=Left person v=[-0.355, -0.251, 0.901] yaw=-21.5 pitch=14.5
2025-12-19 14:22:48,536 - INFO - BuildTower - OpenPoseThread: Gaze3D frame=384 id=right label=Right person v=[-0.164, -0.576, 0.801] yaw=-11.6 pitch=35.1
2025-12-19 14:22:49,188 - INFO - BuildTower - OpenPoseThread: gaze frame_idx=392 ts=2025-12-19T14:22:49.132174Z people=2
2025-12-19 14:22:49,188 - INFO - BuildTower - OpenPoseThread: Gaze3D frame=392 id=left label=Left person v=[-0.038, -0.393, 0.919] yaw=-2.4 pitch=23.1
2025-12-19 14:22:49,188 - INFO - BuildTower - OpenPoseThread: Gaze3D frame=392 id=right label=Right person v=[-0.174, -0.475, 0.862] yaw=-11.4 pitch=28.4
2025-12-19 14:22:49,551 - INFO - BuildTower - Robot action ended.
2025-12-19 14:22:49,551 - INFO - BuildTower - Attempting to go to position: x=0.3, y=0.3, z=0.3, theta_x=100.0, theta_y=0.0, theta_z=90.0
2025-12-19 14:22:49,551 - DEBUG - BuildTower - Set speed for pose: translation=1, orientation=100
2025-12-19 14:22:49,581 - INFO - BuildTower - Pose action initiated, waiting for completion.
2025-12-19 14:22:49,841 - INFO - BuildTower - OpenPoseThread: gaze frame_idx=400 ts=2025-12-19T14:22:49.832590Z people=2
2025-12-19 14:22:49,841 - INFO - BuildTower - OpenPoseThread: Gaze3D frame=400 id=left label=Left person v=[-0.236, -0.410, 0.881] yaw=-15.0 pitch=24.2
2025-12-19 14:22:49,841 - INFO - BuildTower - OpenPoseThread: Gaze3D frame=400 id=right label=Right person v=[-0.313, -0.328, 0.891] yaw=-19.3 pitch=19.2
2025-12-19 14:22:50,306 - INFO - BuildTower - Robot action ended.
2025-12-19 14:22:50,308 - INFO - BuildTower - Sending gripper command: value=0.7
2025-12-19 14:22:50,604 - INFO - BuildTower - OpenPoseThread: gaze frame_idx=408 ts=2025-12-19T14:22:50.534996Z people=2
2025-12-19 14:22:50,604 - INFO - BuildTower - OpenPoseThread: Gaze3D frame=408 id=left label=Left person v=[-0.224, -0.382, 0.897] yaw=-14.0 pitch=22.5
2025-12-19 14:22:50,604 - INFO - BuildTower - OpenPoseThread: Gaze3D frame=408 id=right label=Right person v=[-0.337, -0.363, 0.869] yaw=-21.2 pitch=21.3
2025-12-19 14:22:50,822 - INFO - BuildTower - Gripper command 0.7 sent successfully.
2025-12-19 14:22:50,824 - INFO - BuildTower - Attempting to go to position: x=0.3, y=0.3, z=0.435, theta_x=100.0, theta_y=0.0, theta_z=90.0
2025-12-19 14:22:50,824 - DEBUG - BuildTower - Set speed for pose: translation=1, orientation=100
2025-12-19 14:22:50,848 - INFO - BuildTower - Pose action initiated, waiting for completion.
2025-12-19 14:22:51,262 - INFO - BuildTower - OpenPoseThread: gaze frame_idx=416 ts=2025-12-19T14:22:51.261059Z people=2
2025-12-19 14:22:51,262 - INFO - BuildTower - OpenPoseThread: Gaze3D frame=416 id=left label=Left person v=[-0.247, -0.295, 0.923] yaw=-15.0 pitch=17.1
2025-12-19 14:22:51,263 - INFO - BuildTower - OpenPoseThread: Gaze3D frame=416 id=right label=Right person v=[-0.339, -0.350, 0.873] yaw=-21.2 pitch=20.5
2025-12-19 14:22:52,025 - INFO - BuildTower - OpenPoseThread: gaze frame_idx=424 ts=2025-12-19T14:22:51.970907Z people=2
2025-12-19 14:22:52,025 - INFO - BuildTower - OpenPoseThread: Gaze3D frame=424 id=left label=Left person v=[-0.202, -0.435, 0.877] yaw=-13.0 pitch=25.8
2025-12-19 14:22:52,025 - INFO - BuildTower - OpenPoseThread: Gaze3D frame=424 id=right label=Right person v=[-0.052, -0.618, 0.785] yaw=-3.8 pitch=38.2
2025-12-19 14:22:52,483 - INFO - BuildTower - Robot action ended.
2025-12-19 14:22:52,483 - INFO - BuildTower - Attempting to go to position: x=0.735, y=0.0, z=0.432, theta_x=100.0, theta_y=0.0, theta_z=90.0
2025-12-19 14:22:52,483 - DEBUG - BuildTower - Set speed for pose: translation=1, orientation=100
2025-12-19 14:22:52,498 - INFO - BuildTower - Pose action initiated, waiting for completion.
2025-12-19 14:22:52,680 - INFO - BuildTower - OpenPoseThread: gaze frame_idx=432 ts=2025-12-19T14:22:52.662688Z people=2
2025-12-19 14:22:52,680 - INFO - BuildTower - OpenPoseThread: Gaze3D frame=432 id=left label=Left person v=[-0.259, -0.456, 0.852] yaw=-16.9 pitch=27.1
2025-12-19 14:22:52,680 - INFO - BuildTower - OpenPoseThread: Gaze3D frame=432 id=right label=Right person v=[-0.281, -0.367, 0.887] yaw=-17.6 pitch=21.5
2025-12-19 14:22:53,443 - INFO - BuildTower - OpenPoseThread: gaze frame_idx=440 ts=2025-12-19T14:22:53.357920Z people=2
2025-12-19 14:22:53,443 - INFO - BuildTower - OpenPoseThread: Gaze3D frame=440 id=left label=Left person v=[-0.151, -0.445, 0.883] yaw=-9.7 pitch=26.4
2025-12-19 14:22:53,443 - INFO - BuildTower - OpenPoseThread: Gaze3D frame=440 id=right label=Right person v=[-0.168, -0.441, 0.882] yaw=-10.8 pitch=26.2
2025-12-19 14:22:54,104 - INFO - BuildTower - OpenPoseThread: gaze frame_idx=448 ts=2025-12-19T14:22:54.076060Z people=2
2025-12-19 14:22:54,104 - INFO - BuildTower - OpenPoseThread: Gaze3D frame=448 id=left label=Left person v=[-0.106, -0.346, 0.932] yaw=-6.5 pitch=20.3
2025-12-19 14:22:54,104 - INFO - BuildTower - OpenPoseThread: Gaze3D frame=448 id=right label=Right person v=[-0.234, -0.378, 0.896] yaw=-14.6 pitch=22.2
2025-12-19 14:22:54,762 - INFO - BuildTower - OpenPoseThread: gaze frame_idx=456 ts=2025-12-19T14:22:54.761393Z people=2
2025-12-19 14:22:54,762 - INFO - BuildTower - OpenPoseThread: Gaze3D frame=456 id=left label=Left person v=[-0.106, -0.221, 0.970] yaw=-6.3 pitch=12.7
2025-12-19 14:22:54,762 - INFO - BuildTower - OpenPoseThread: Gaze3D frame=456 id=right label=Right person v=[-0.538, -0.535, 0.651] yaw=-39.6 pitch=32.3
2025-12-19 14:22:55,529 - INFO - BuildTower - OpenPoseThread: gaze frame_idx=464 ts=2025-12-19T14:22:55.499088Z people=2
2025-12-19 14:22:55,530 - INFO - BuildTower - OpenPoseThread: Gaze3D frame=464 id=left label=Left person v=[-0.244, -0.282, 0.928] yaw=-14.7 pitch=16.4
2025-12-19 14:22:55,530 - INFO - BuildTower - OpenPoseThread: Gaze3D frame=464 id=right label=Right person v=[-0.339, -0.417, 0.843] yaw=-21.9 pitch=24.7
2025-12-19 14:22:56,298 - INFO - BuildTower - OpenPoseThread: gaze frame_idx=472 ts=2025-12-19T14:22:56.211609Z people=2
2025-12-19 14:22:56,298 - INFO - BuildTower - OpenPoseThread: Gaze3D frame=472 id=left label=Left person v=[-0.337, -0.249, 0.908] yaw=-20.4 pitch=14.4
2025-12-19 14:22:56,298 - INFO - BuildTower - OpenPoseThread: Gaze3D frame=472 id=right label=Right person v=[-0.433, -0.350, 0.831] yaw=-27.5 pitch=20.5
2025-12-19 14:22:56,954 - INFO - BuildTower - OpenPoseThread: gaze frame_idx=480 ts=2025-12-19T14:22:56.894628Z people=2
2025-12-19 14:22:56,954 - INFO - BuildTower - OpenPoseThread: Gaze3D frame=480 id=left label=Left person v=[-0.291, -0.359, 0.887] yaw=-18.2 pitch=21.1
2025-12-19 14:22:56,954 - INFO - BuildTower - OpenPoseThread: Gaze3D frame=480 id=right label=Right person v=[-0.419, -0.455, 0.786] yaw=-28.1 pitch=27.1
2025-12-19 14:22:57,606 - INFO - BuildTower - OpenPoseThread: gaze frame_idx=488 ts=2025-12-19T14:22:57.577489Z people=2
2025-12-19 14:22:57,606 - INFO - BuildTower - OpenPoseThread: Gaze3D frame=488 id=left label=Left person v=[-0.280, -0.372, 0.885] yaw=-17.6 pitch=21.8
2025-12-19 14:22:57,606 - INFO - BuildTower - OpenPoseThread: Gaze3D frame=488 id=right label=Right person v=[-0.422, -0.540, 0.728] yaw=-30.1 pitch=32.7
2025-12-19 14:22:58,059 - INFO - BuildTower - Robot action ended.
2025-12-19 14:22:58,059 - INFO - BuildTower - Attempting to go to position: x=0.735, y=0.0, z=0.387, theta_x=100.0, theta_y=0.0, theta_z=90.0
2025-12-19 14:22:58,059 - DEBUG - BuildTower - Set speed for pose: translation=1, orientation=100
2025-12-19 14:22:58,077 - INFO - BuildTower - Pose action initiated, waiting for completion.
2025-12-19 14:22:58,279 - INFO - BuildTower - OpenPoseThread: gaze frame_idx=496 ts=2025-12-19T14:22:58.278041Z people=2
2025-12-19 14:22:58,279 - INFO - BuildTower - OpenPoseThread: Gaze3D frame=496 id=left label=Left person v=[-0.307, -0.266, 0.914] yaw=-18.6 pitch=15.4
2025-12-19 14:22:58,279 - INFO - BuildTower - OpenPoseThread: Gaze3D frame=496 id=right label=Right person v=[-0.439, -0.487, 0.755] yaw=-30.2 pitch=29.1
2025-12-19 14:22:58,812 - INFO - BuildTower - Robot action ended.
2025-12-19 14:22:58,813 - INFO - BuildTower - Sending gripper command: value=0
2025-12-19 14:22:59,042 - INFO - BuildTower - OpenPoseThread: gaze frame_idx=504 ts=2025-12-19T14:22:58.944385Z people=2
2025-12-19 14:22:59,042 - INFO - BuildTower - OpenPoseThread: Gaze3D frame=504 id=left label=Left person v=[-0.310, -0.244, 0.919] yaw=-18.6 pitch=14.1
2025-12-19 14:22:59,043 - INFO - BuildTower - OpenPoseThread: Gaze3D frame=504 id=right label=Right person v=[-0.444, -0.406, 0.799] yaw=-29.1 pitch=23.9
2025-12-19 14:22:59,327 - INFO - BuildTower - Gripper command 0 sent successfully.
2025-12-19 14:22:59,329 - INFO - BuildTower - Attempting to go to position: x=0.735, y=0.0, z=0.432, theta_x=100.0, theta_y=0.0, theta_z=90.0
2025-12-19 14:22:59,329 - DEBUG - BuildTower - Set speed for pose: translation=1, orientation=100
2025-12-19 14:22:59,374 - INFO - BuildTower - Pose action initiated, waiting for completion.
2025-12-19 14:22:59,696 - INFO - BuildTower - OpenPoseThread: gaze frame_idx=512 ts=2025-12-19T14:22:59.663284Z people=2
2025-12-19 14:22:59,696 - INFO - BuildTower - OpenPoseThread: Gaze3D frame=512 id=left label=Left person v=[-0.058, -0.493, 0.868] yaw=-3.8 pitch=29.5
2025-12-19 14:22:59,696 - INFO - BuildTower - OpenPoseThread: Gaze3D frame=512 id=right label=Right person v=[-0.426, -0.380, 0.821] yaw=-27.5 pitch=22.3
2025-12-19 14:23:00,106 - INFO - BuildTower - Robot action ended.
2025-12-19 14:23:00,107 - INFO - BuildTower - Robot completed its turn. Robot turn count: 2
2025-12-19 14:23:00,107 - INFO - BuildTower - Executing turn 3 out of 9.
2025-12-19 14:23:00,132 - INFO - BuildTower - Sending robot to home position.
2025-12-19 14:23:00,466 - INFO - BuildTower - OpenPoseThread: gaze frame_idx=520 ts=2025-12-19T14:23:00.366774Z people=2
2025-12-19 14:23:00,466 - INFO - BuildTower - OpenPoseThread: Gaze3D frame=520 id=left label=Left person v=[-0.161, -0.385, 0.909] yaw=-10.0 pitch=22.6
2025-12-19 14:23:00,466 - INFO - BuildTower - OpenPoseThread: Gaze3D frame=520 id=right label=Right person v=[-0.388, -0.404, 0.829] yaw=-25.1 pitch=23.8
2025-12-19 14:23:00,748 - INFO - BuildTower - Sending to OpenPose (via thread): PR: Arm Extended Check
2025-12-19 14:23:00,749 - INFO - BuildTower - OpenPoseThread: sending cmd: PR: Arm Extended Check
2025-12-19 14:23:01,085 - INFO - BuildTower - OpenPoseThread: gaze frame_idx=528 ts=2025-12-19T14:23:01.084680Z people=2
2025-12-19 14:23:01,085 - INFO - BuildTower - OpenPoseThread: Gaze3D frame=528 id=left label=Left person v=[-0.146, -0.288, 0.946] yaw=-8.8 pitch=16.8
2025-12-19 14:23:01,085 - INFO - BuildTower - OpenPoseThread: Gaze3D frame=528 id=right label=Right person v=[-0.080, -0.456, 0.887] yaw=-5.2 pitch=27.1
2025-12-19 14:23:01,774 - INFO - BuildTower - OpenPoseThread: gaze frame_idx=536 ts=2025-12-19T14:23:01.772866Z people=2
2025-12-19 14:23:01,774 - INFO - BuildTower - OpenPoseThread: Gaze3D frame=536 id=left label=Left person v=[-0.195, -0.215, 0.957] yaw=-11.5 pitch=12.4
2025-12-19 14:23:01,774 - INFO - BuildTower - OpenPoseThread: Gaze3D frame=536 id=right label=Right person v=[-0.401, -0.302, 0.865] yaw=-24.9 pitch=17.6
2025-12-19 14:23:02,487 - INFO - BuildTower - OpenPoseThread: gaze frame_idx=544 ts=2025-12-19T14:23:02.484964Z people=2
2025-12-19 14:23:02,488 - INFO - BuildTower - OpenPoseThread: Gaze3D frame=544 id=left label=Left person v=[-0.246, -0.349, 0.905] yaw=-15.2 pitch=20.4
2025-12-19 14:23:02,488 - INFO - BuildTower - OpenPoseThread: Gaze3D frame=544 id=right label=Right person v=[-0.151, -0.403, 0.902] yaw=-9.5 pitch=23.8
2025-12-19 14:23:03,213 - INFO - BuildTower - OpenPoseThread: gaze frame_idx=552 ts=2025-12-19T14:23:03.212012Z people=2
2025-12-19 14:23:03,213 - INFO - BuildTower - OpenPoseThread: Gaze3D frame=552 id=left label=Left person v=[-0.205, -0.373, 0.905] yaw=-12.8 pitch=21.9
2025-12-19 14:23:03,213 - INFO - BuildTower - OpenPoseThread: Gaze3D frame=552 id=right label=Right person v=[-0.448, -0.344, 0.825] yaw=-28.5 pitch=20.1
2025-12-19 14:23:03,395 - INFO - BuildTower - OpenPoseThread: received reply: Right: Arm Extended
2025-12-19 14:23:03,395 - INFO - BuildTower - Sending to OpenPose (via thread): PR: Arm Retracted Check
2025-12-19 14:23:03,396 - INFO - BuildTower - OpenPoseThread: sending cmd: PR: Arm Retracted Check
2025-12-19 14:23:03,454 - INFO - BuildTower - OpenPoseThread: received reply: Right: Arm Retracted
2025-12-19 14:23:03,454 - INFO - BuildTower - Executing turn 4 out of 9.
2025-12-19 14:23:03,482 - INFO - BuildTower - Sending robot to home position.
2025-12-19 14:23:03,996 - INFO - BuildTower - OpenPoseThread: gaze frame_idx=560 ts=2025-12-19T14:23:03.918714Z people=2
2025-12-19 14:23:03,996 - INFO - BuildTower - OpenPoseThread: Gaze3D frame=560 id=left label=Left person v=[-0.166, -0.390, 0.906] yaw=-10.4 pitch=22.9
2025-12-19 14:23:03,996 - INFO - BuildTower - OpenPoseThread: Gaze3D frame=560 id=right label=Right person v=[-0.409, -0.254, 0.877] yaw=-25.0 pitch=14.7
2025-12-19 14:23:04,099 - INFO - BuildTower - Sending to OpenPose (via thread): PL: Arm Extended Check
2025-12-19 14:23:04,107 - INFO - BuildTower - OpenPoseThread: sending cmd: PL: Arm Extended Check
2025-12-19 14:23:04,615 - INFO - BuildTower - OpenPoseThread: gaze frame_idx=568 ts=2025-12-19T14:23:04.614861Z people=2
2025-12-19 14:23:04,616 - INFO - BuildTower - OpenPoseThread: Gaze3D frame=568 id=left label=Left person v=[-0.232, -0.307, 0.923] yaw=-14.1 pitch=17.9
2025-12-19 14:23:04,616 - INFO - BuildTower - OpenPoseThread: Gaze3D frame=568 id=right label=Right person v=[-0.325, -0.802, 0.502] yaw=-32.9 pitch=53.3
2025-12-19 14:23:05,305 - INFO - BuildTower - OpenPoseThread: gaze frame_idx=576 ts=2025-12-19T14:23:05.304751Z people=2
2025-12-19 14:23:05,305 - INFO - BuildTower - OpenPoseThread: Gaze3D frame=576 id=left label=Left person v=[-0.370, -0.345, 0.863] yaw=-23.2 pitch=20.2
2025-12-19 14:23:05,306 - INFO - BuildTower - OpenPoseThread: Gaze3D frame=576 id=right label=Right person v=[-0.319, -0.886, 0.338] yaw=-43.3 pitch=62.3
2025-12-19 14:23:05,979 - INFO - BuildTower - OpenPoseThread: gaze frame_idx=584 ts=2025-12-19T14:23:05.978497Z people=2
2025-12-19 14:23:05,979 - INFO - BuildTower - OpenPoseThread: Gaze3D frame=584 id=left label=Left person v=[-0.158, -0.514, 0.843] yaw=-10.6 pitch=31.0
2025-12-19 14:23:05,979 - INFO - BuildTower - OpenPoseThread: Gaze3D frame=584 id=right label=Right person v=[-0.312, -0.849, 0.425] yaw=-36.3 pitch=58.2
2025-12-19 14:23:06,647 - INFO - BuildTower - OpenPoseThread: gaze frame_idx=592 ts=2025-12-19T14:23:06.643224Z people=2
2025-12-19 14:23:06,647 - INFO - BuildTower - OpenPoseThread: Gaze3D frame=592 id=left label=Left person v=[0.000, -0.432, 0.902] yaw=0.0 pitch=25.6
2025-12-19 14:23:06,648 - INFO - BuildTower - OpenPoseThread: Gaze3D frame=592 id=right label=Right person v=[-0.367, -0.725, 0.583] yaw=-32.2 pitch=46.5
2025-12-19 14:23:07,335 - INFO - BuildTower - OpenPoseThread: gaze frame_idx=600 ts=2025-12-19T14:23:07.334379Z people=2
2025-12-19 14:23:07,335 - INFO - BuildTower - OpenPoseThread: Gaze3D frame=600 id=left label=Left person v=[-0.076, -0.337, 0.939] yaw=-4.6 pitch=19.7
2025-12-19 14:23:07,335 - INFO - BuildTower - OpenPoseThread: Gaze3D frame=600 id=right label=Right person v=[0.023, -0.602, 0.799] yaw=1.6 pitch=37.0
2025-12-19 14:23:07,984 - INFO - BuildTower - OpenPoseThread: gaze frame_idx=608 ts=2025-12-19T14:23:07.983356Z people=2
2025-12-19 14:23:07,984 - INFO - BuildTower - OpenPoseThread: Gaze3D frame=608 id=left label=Left person v=[-0.146, -0.267, 0.952] yaw=-8.7 pitch=15.5
2025-12-19 14:23:07,984 - INFO - BuildTower - OpenPoseThread: Gaze3D frame=608 id=right label=Right person v=[-0.107, -0.617, 0.780] yaw=-7.8 pitch=38.1
2025-12-19 14:23:08,685 - INFO - BuildTower - OpenPoseThread: gaze frame_idx=616 ts=2025-12-19T14:23:08.684114Z people=2
2025-12-19 14:23:08,685 - INFO - BuildTower - OpenPoseThread: Gaze3D frame=616 id=left label=Left person v=[-0.333, -0.340, 0.879] yaw=-20.7 pitch=19.9
2025-12-19 14:23:08,685 - INFO - BuildTower - OpenPoseThread: Gaze3D frame=616 id=right label=Right person v=[-0.368, -0.524, 0.768] yaw=-25.6 pitch=31.6
2025-12-19 14:23:09,341 - INFO - BuildTower - OpenPoseThread: gaze frame_idx=624 ts=2025-12-19T14:23:09.340692Z people=2
2025-12-19 14:23:09,341 - INFO - BuildTower - OpenPoseThread: Gaze3D frame=624 id=left label=Left person v=[-0.091, -0.422, 0.902] yaw=-5.7 pitch=25.0
2025-12-19 14:23:09,342 - INFO - BuildTower - OpenPoseThread: Gaze3D frame=624 id=right label=Right person v=[-0.215, -0.433, 0.875] yaw=-13.8 pitch=25.7
2025-12-19 14:23:09,941 - INFO - BuildTower - OpenPoseThread: gaze frame_idx=632 ts=2025-12-19T14:23:09.940355Z people=1
2025-12-19 14:23:09,941 - INFO - BuildTower - OpenPoseThread: Gaze3D frame=632 id=right label=Right person v=[-0.384, -0.573, 0.724] yaw=-27.9 pitch=35.0
2025-12-19 14:23:10,624 - INFO - BuildTower - OpenPoseThread: gaze frame_idx=640 ts=2025-12-19T14:23:10.622657Z people=2
2025-12-19 14:23:10,624 - INFO - BuildTower - OpenPoseThread: Gaze3D frame=640 id=left label=Left person v=[-0.353, -0.573, 0.739] yaw=-25.6 pitch=35.0
2025-12-19 14:23:10,624 - INFO - BuildTower - OpenPoseThread: Gaze3D frame=640 id=right label=Right person v=[-0.360, -0.558, 0.748] yaw=-25.7 pitch=33.9
2025-12-19 14:23:11,214 - INFO - BuildTower - OpenPoseThread: gaze frame_idx=648 ts=2025-12-19T14:23:11.212610Z people=1
2025-12-19 14:23:11,214 - INFO - BuildTower - OpenPoseThread: Gaze3D frame=648 id=right label=Right person v=[-0.411, -0.543, 0.732] yaw=-29.3 pitch=32.9
2025-12-19 14:23:11,851 - INFO - BuildTower - OpenPoseThread: gaze frame_idx=656 ts=2025-12-19T14:23:11.850273Z people=1
2025-12-19 14:23:11,851 - INFO - BuildTower - OpenPoseThread: Gaze3D frame=656 id=right label=Right person v=[-0.369, -0.546, 0.752] yaw=-26.1 pitch=33.1
2025-12-19 14:23:12,539 - INFO - BuildTower - OpenPoseThread: gaze frame_idx=664 ts=2025-12-19T14:23:12.538720Z people=2
2025-12-19 14:23:12,540 - INFO - BuildTower - OpenPoseThread: Gaze3D frame=664 id=left label=Left person v=[-0.232, -0.377, 0.896] yaw=-14.5 pitch=22.2
2025-12-19 14:23:12,540 - INFO - BuildTower - OpenPoseThread: Gaze3D frame=664 id=right label=Right person v=[-0.199, -0.598, 0.776] yaw=-14.4 pitch=36.7
2025-12-19 14:23:13,236 - INFO - BuildTower - OpenPoseThread: gaze frame_idx=672 ts=2025-12-19T14:23:13.235749Z people=2
2025-12-19 14:23:13,236 - INFO - BuildTower - OpenPoseThread: Gaze3D frame=672 id=left label=Left person v=[-0.242, -0.302, 0.922] yaw=-14.7 pitch=17.6
2025-12-19 14:23:13,237 - INFO - BuildTower - OpenPoseThread: Gaze3D frame=672 id=right label=Right person v=[-0.215, -0.512, 0.831] yaw=-14.5 pitch=30.8
2025-12-19 14:23:13,927 - INFO - BuildTower - OpenPoseThread: gaze frame_idx=680 ts=2025-12-19T14:23:13.926116Z people=2
2025-12-19 14:23:13,927 - INFO - BuildTower - OpenPoseThread: Gaze3D frame=680 id=left label=Left person v=[-0.240, -0.223, 0.945] yaw=-14.2 pitch=12.9
2025-12-19 14:23:13,927 - INFO - BuildTower - OpenPoseThread: Gaze3D frame=680 id=right label=Right person v=[-0.103, -0.633, 0.767] yaw=-7.6 pitch=39.3
2025-12-19 14:23:14,099 - ERROR - BuildTower - OpenPoseThread: timeout waiting for reply for cmd=PL: Arm Extended Check
2025-12-19 14:23:14,099 - INFO - BuildTower - Sending to OpenPose (via thread): PL: Arm Retracted Check
2025-12-19 14:23:14,595 - INFO - BuildTower - OpenPoseThread: gaze frame_idx=688 ts=2025-12-19T14:23:14.593637Z people=2
2025-12-19 14:23:14,595 - INFO - BuildTower - OpenPoseThread: Gaze3D frame=688 id=left label=Left person v=[-0.184, -0.220, 0.958] yaw=-10.9 pitch=12.7
2025-12-19 14:23:14,595 - INFO - BuildTower - OpenPoseThread: Gaze3D frame=688 id=right label=Right person v=[-0.387, -0.555, 0.737] yaw=-27.7 pitch=33.7
2025-12-19 14:23:14,719 - INFO - BuildTower - OpenPoseThread: received reply: Left: Arm Extended
2025-12-19 14:23:14,720 - INFO - BuildTower - OpenPoseThread: sending cmd: PL: Arm Retracted Check
2025-12-19 14:23:14,720 - INFO - BuildTower - Executing turn 5 out of 9.
2025-12-19 14:23:14,729 - INFO - BuildTower - Sending robot to home position.
2025-12-19 14:23:14,779 - INFO - BuildTower - OpenPoseThread: received reply: Left: Arm Retracted
2025-12-19 14:23:15,321 - INFO - BuildTower - OpenPoseThread: gaze frame_idx=696 ts=2025-12-19T14:23:15.242236Z people=2
2025-12-19 14:23:15,322 - INFO - BuildTower - OpenPoseThread: Gaze3D frame=696 id=left label=Left person v=[-0.271, -0.097, 0.958] yaw=-15.8 pitch=5.5
2025-12-19 14:23:15,322 - INFO - BuildTower - OpenPoseThread: Gaze3D frame=696 id=right label=Right person v=[-0.247, -0.505, 0.827] yaw=-16.6 pitch=30.3
2025-12-19 14:23:15,355 - INFO - BuildTower - Sending to OpenPose (via thread): PR: Arm Extended Check
2025-12-19 14:23:15,355 - INFO - BuildTower - OpenPoseThread: sending cmd: PR: Arm Extended Check
2025-12-19 14:23:15,359 - INFO - BuildTower - Sending to OpenPose (via thread): PR: Arm Retracted Check
2025-12-19 14:23:15,954 - INFO - BuildTower - OpenPoseThread: gaze frame_idx=704 ts=2025-12-19T14:23:15.945762Z people=2
2025-12-19 14:23:15,954 - INFO - BuildTower - OpenPoseThread: Gaze3D frame=704 id=left label=Left person v=[-0.166, -0.474, 0.864] yaw=-10.9 pitch=28.3
2025-12-19 14:23:15,954 - INFO - BuildTower - OpenPoseThread: Gaze3D frame=704 id=right label=Right person v=[-0.081, -0.641, 0.763] yaw=-6.1 pitch=39.8
2025-12-19 14:23:16,646 - INFO - BuildTower - OpenPoseThread: gaze frame_idx=712 ts=2025-12-19T14:23:16.645462Z people=2
2025-12-19 14:23:16,647 - INFO - BuildTower - OpenPoseThread: Gaze3D frame=712 id=left label=Left person v=[-0.017, -0.433, 0.901] yaw=-1.1 pitch=25.7
2025-12-19 14:23:16,647 - INFO - BuildTower - OpenPoseThread: Gaze3D frame=712 id=right label=Right person v=[-0.091, -0.700, 0.708] yaw=-7.3 pitch=44.4
2025-12-19 14:23:17,338 - INFO - BuildTower - OpenPoseThread: gaze frame_idx=720 ts=2025-12-19T14:23:17.337627Z people=2
2025-12-19 14:23:17,339 - INFO - BuildTower - OpenPoseThread: Gaze3D frame=720 id=left label=Left person v=[-0.321, -0.071, 0.944] yaw=-18.8 pitch=4.1
2025-12-19 14:23:17,339 - INFO - BuildTower - OpenPoseThread: Gaze3D frame=720 id=right label=Right person v=[-0.258, -0.464, 0.848] yaw=-16.9 pitch=27.6
2025-12-19 14:23:17,454 - INFO - BuildTower - OpenPoseThread: received reply: Right: Arm Extended
2025-12-19 14:23:17,455 - INFO - BuildTower - OpenPoseThread: sending cmd: PR: Arm Retracted Check
2025-12-19 14:23:17,455 - INFO - BuildTower - Executing turn 6 out of 9.
2025-12-19 14:23:17,484 - INFO - BuildTower - Sending robot to home position.
2025-12-19 14:23:17,522 - INFO - BuildTower - OpenPoseThread: received reply: Right: Arm Retracted
2025-12-19 14:23:18,065 - INFO - BuildTower - OpenPoseThread: gaze frame_idx=728 ts=2025-12-19T14:23:18.016053Z people=2
2025-12-19 14:23:18,065 - INFO - BuildTower - OpenPoseThread: Gaze3D frame=728 id=left label=Left person v=[-0.007, 0.148, 0.989] yaw=-0.4 pitch=-8.5
2025-12-19 14:23:18,066 - INFO - BuildTower - OpenPoseThread: Gaze3D frame=728 id=right label=Right person v=[-0.156, -0.251, 0.955] yaw=-9.3 pitch=14.5
2025-12-19 14:23:18,100 - INFO - BuildTower - Sending to OpenPose (via thread): PL: Arm Extended Check
2025-12-19 14:23:18,100 - INFO - BuildTower - OpenPoseThread: sending cmd: PL: Arm Extended Check
2025-12-19 14:23:18,101 - INFO - BuildTower - Sending to OpenPose (via thread): PL: Arm Retracted Check
2025-12-19 14:23:18,716 - INFO - BuildTower - OpenPoseThread: gaze frame_idx=736 ts=2025-12-19T14:23:18.715002Z people=2
2025-12-19 14:23:18,716 - INFO - BuildTower - OpenPoseThread: Gaze3D frame=736 id=left label=Left person v=[-0.169, -0.368, 0.914] yaw=-10.5 pitch=21.6
2025-12-19 14:23:18,716 - INFO - BuildTower - OpenPoseThread: Gaze3D frame=736 id=right label=Right person v=[-0.457, -0.652, 0.605] yaw=-37.1 pitch=40.7
2025-12-19 14:23:19,449 - INFO - BuildTower - OpenPoseThread: gaze frame_idx=744 ts=2025-12-19T14:23:19.447986Z people=2
2025-12-19 14:23:19,449 - INFO - BuildTower - OpenPoseThread: Gaze3D frame=744 id=left label=Left person v=[-0.304, -0.581, 0.755] yaw=-21.9 pitch=35.5
2025-12-19 14:23:19,449 - INFO - BuildTower - OpenPoseThread: Gaze3D frame=744 id=right label=Right person v=[-0.702, -0.290, 0.651] yaw=-47.2 pitch=16.8
2025-12-19 14:23:20,155 - INFO - BuildTower - OpenPoseThread: gaze frame_idx=752 ts=2025-12-19T14:23:20.154670Z people=2
2025-12-19 14:23:20,155 - INFO - BuildTower - OpenPoseThread: Gaze3D frame=752 id=left label=Left person v=[-0.092, -0.367, 0.926] yaw=-5.7 pitch=21.5
2025-12-19 14:23:20,155 - INFO - BuildTower - OpenPoseThread: Gaze3D frame=752 id=right label=Right person v=[-0.505, -0.736, 0.451] yaw=-48.2 pitch=47.4
2025-12-19 14:23:20,870 - INFO - BuildTower - OpenPoseThread: gaze frame_idx=760 ts=2025-12-19T14:23:20.869293Z people=2
2025-12-19 14:23:20,870 - INFO - BuildTower - OpenPoseThread: Gaze3D frame=760 id=left label=Left person v=[-0.146, -0.429, 0.892] yaw=-9.3 pitch=25.4
2025-12-19 14:23:20,870 - INFO - BuildTower - OpenPoseThread: Gaze3D frame=760 id=right label=Right person v=[-0.637, -0.544, 0.546] yaw=-49.4 pitch=33.0
2025-12-19 14:23:21,536 - INFO - BuildTower - OpenPoseThread: gaze frame_idx=768 ts=2025-12-19T14:23:21.533755Z people=2
2025-12-19 14:23:21,536 - INFO - BuildTower - OpenPoseThread: Gaze3D frame=768 id=left label=Left person v=[-0.070, -0.063, 0.996] yaw=-4.0 pitch=3.6
2025-12-19 14:23:21,536 - INFO - BuildTower - OpenPoseThread: Gaze3D frame=768 id=right label=Right person v=[-0.561, 0.053, 0.826] yaw=-34.2 pitch=-3.1
2025-12-19 14:23:22,245 - INFO - BuildTower - OpenPoseThread: gaze frame_idx=776 ts=2025-12-19T14:23:22.243647Z people=2
2025-12-19 14:23:22,245 - INFO - BuildTower - OpenPoseThread: Gaze3D frame=776 id=left label=Left person v=[-0.121, -0.322, 0.939] yaw=-7.3 pitch=18.8
2025-12-19 14:23:22,245 - INFO - BuildTower - OpenPoseThread: Gaze3D frame=776 id=right label=Right person v=[-0.238, -0.530, 0.814] yaw=-16.3 pitch=32.0
2025-12-19 14:23:22,909 - INFO - BuildTower - OpenPoseThread: gaze frame_idx=784 ts=2025-12-19T14:23:22.907899Z people=2
2025-12-19 14:23:22,909 - INFO - BuildTower - OpenPoseThread: Gaze3D frame=784 id=left label=Left person v=[-0.124, -0.354, 0.927] yaw=-7.6 pitch=20.7
2025-12-19 14:23:22,909 - INFO - BuildTower - OpenPoseThread: Gaze3D frame=784 id=right label=Right person v=[-0.132, -0.571, 0.810] yaw=-9.3 pitch=34.8
2025-12-19 14:23:23,600 - INFO - BuildTower - OpenPoseThread: gaze frame_idx=792 ts=2025-12-19T14:23:23.599747Z people=2
2025-12-19 14:23:23,600 - INFO - BuildTower - OpenPoseThread: Gaze3D frame=792 id=left label=Left person v=[-0.202, -0.261, 0.944] yaw=-12.1 pitch=15.1
2025-12-19 14:23:23,601 - INFO - BuildTower - OpenPoseThread: Gaze3D frame=792 id=right label=Right person v=[-0.089, -0.554, 0.828] yaw=-6.2 pitch=33.6
2025-12-19 14:23:24,309 - INFO - BuildTower - OpenPoseThread: gaze frame_idx=800 ts=2025-12-19T14:23:24.308532Z people=2
2025-12-19 14:23:24,309 - INFO - BuildTower - OpenPoseThread: Gaze3D frame=800 id=left label=Left person v=[-0.228, -0.448, 0.864] yaw=-14.8 pitch=26.6
2025-12-19 14:23:24,310 - INFO - BuildTower - OpenPoseThread: Gaze3D frame=800 id=right label=Right person v=[-0.187, -0.448, 0.874] yaw=-12.1 pitch=26.6
2025-12-19 14:23:24,755 - INFO - BuildTower - OpenPoseThread: received reply: Left: Arm Extended
2025-12-19 14:23:24,756 - INFO - BuildTower - OpenPoseThread: sending cmd: PL: Arm Retracted Check
2025-12-19 14:23:24,756 - INFO - BuildTower - Executing turn 7 out of 9.
2025-12-19 14:23:24,784 - INFO - BuildTower - Sending robot to home position.
2025-12-19 14:23:25,012 - INFO - BuildTower - OpenPoseThread: gaze frame_idx=808 ts=2025-12-19T14:23:25.011728Z people=2
2025-12-19 14:23:25,013 - INFO - BuildTower - OpenPoseThread: Gaze3D frame=808 id=left label=Left person v=[-0.248, -0.197, 0.948] yaw=-14.7 pitch=11.4
2025-12-19 14:23:25,013 - INFO - BuildTower - OpenPoseThread: Gaze3D frame=808 id=right label=Right person v=[-0.236, -0.430, 0.871] yaw=-15.1 pitch=25.5
2025-12-19 14:23:25,013 - INFO - BuildTower - OpenPoseThread: received reply: Left: Arm Retracted
2025-12-19 14:23:25,401 - INFO - BuildTower - Sending to OpenPose (via thread): PR: Arm Extended Check
2025-12-19 14:23:25,402 - INFO - BuildTower - OpenPoseThread: sending cmd: PR: Arm Extended Check
2025-12-19 14:23:25,402 - INFO - BuildTower - Sending to OpenPose (via thread): PR: Arm Retracted Check
2025-12-19 14:23:25,730 - INFO - BuildTower - OpenPoseThread: gaze frame_idx=816 ts=2025-12-19T14:23:25.728846Z people=2
2025-12-19 14:23:25,730 - INFO - BuildTower - OpenPoseThread: Gaze3D frame=816 id=left label=Left person v=[-0.282, -0.769, 0.574] yaw=-26.2 pitch=50.2
2025-12-19 14:23:25,730 - INFO - BuildTower - OpenPoseThread: Gaze3D frame=816 id=right label=Right person v=[-0.150, -0.489, 0.859] yaw=-9.9 pitch=29.3
2025-12-19 14:23:26,423 - INFO - BuildTower - OpenPoseThread: gaze frame_idx=824 ts=2025-12-19T14:23:26.422720Z people=2
2025-12-19 14:23:26,423 - INFO - BuildTower - OpenPoseThread: Gaze3D frame=824 id=left label=Left person v=[-0.236, -0.688, 0.686] yaw=-19.0 pitch=43.5
2025-12-19 14:23:26,423 - INFO - BuildTower - OpenPoseThread: Gaze3D frame=824 id=right label=Right person v=[-0.158, -0.185, 0.970] yaw=-9.3 pitch=10.7
2025-12-19 14:23:27,124 - INFO - BuildTower - OpenPoseThread: gaze frame_idx=832 ts=2025-12-19T14:23:27.123329Z people=2
2025-12-19 14:23:27,125 - INFO - BuildTower - OpenPoseThread: Gaze3D frame=832 id=left label=Left person v=[-0.268, -0.619, 0.738] yaw=-20.0 pitch=38.3
2025-12-19 14:23:27,125 - INFO - BuildTower - OpenPoseThread: Gaze3D frame=832 id=right label=Right person v=[-0.090, 0.008, 0.996] yaw=-5.1 pitch=-0.5
2025-12-19 14:23:27,836 - INFO - BuildTower - OpenPoseThread: gaze frame_idx=840 ts=2025-12-19T14:23:27.835722Z people=2
2025-12-19 14:23:27,837 - INFO - BuildTower - OpenPoseThread: Gaze3D frame=840 id=left label=Left person v=[-0.262, -0.622, 0.738] yaw=-19.5 pitch=38.4
2025-12-19 14:23:27,837 - INFO - BuildTower - OpenPoseThread: Gaze3D frame=840 id=right label=Right person v=[-0.350, -0.434, 0.830] yaw=-22.8 pitch=25.7
2025-12-19 14:23:28,497 - INFO - BuildTower - OpenPoseThread: gaze frame_idx=848 ts=2025-12-19T14:23:28.496252Z people=2
2025-12-19 14:23:28,497 - INFO - BuildTower - OpenPoseThread: Gaze3D frame=848 id=left label=Left person v=[-0.456, -0.468, 0.757] yaw=-31.0 pitch=27.9
2025-12-19 14:23:28,497 - INFO - BuildTower - OpenPoseThread: Gaze3D frame=848 id=right label=Right person v=[-0.163, -0.463, 0.871] yaw=-10.6 pitch=27.6
2025-12-19 14:23:29,213 - INFO - BuildTower - OpenPoseThread: gaze frame_idx=856 ts=2025-12-19T14:23:29.211702Z people=2
2025-12-19 14:23:29,213 - INFO - BuildTower - OpenPoseThread: Gaze3D frame=856 id=left label=Left person v=[-0.496, -0.628, 0.599] yaw=-39.6 pitch=38.9
2025-12-19 14:23:29,213 - INFO - BuildTower - OpenPoseThread: Gaze3D frame=856 id=right label=Right person v=[-0.415, -0.288, 0.863] yaw=-25.7 pitch=16.8
2025-12-19 14:23:29,920 - INFO - BuildTower - OpenPoseThread: gaze frame_idx=864 ts=2025-12-19T14:23:29.918909Z people=2
2025-12-19 14:23:29,920 - INFO - BuildTower - OpenPoseThread: Gaze3D frame=864 id=left label=Left person v=[-0.292, -0.239, 0.926] yaw=-17.5 pitch=13.8
2025-12-19 14:23:29,920 - INFO - BuildTower - OpenPoseThread: Gaze3D frame=864 id=right label=Right person v=[-0.273, -0.428, 0.861] yaw=-17.6 pitch=25.4
2025-12-19 14:23:30,603 - INFO - BuildTower - OpenPoseThread: gaze frame_idx=872 ts=2025-12-19T14:23:30.602068Z people=2
2025-12-19 14:23:30,603 - INFO - BuildTower - OpenPoseThread: Gaze3D frame=872 id=left label=Left person v=[-0.271, -0.150, 0.951] yaw=-15.9 pitch=8.6
2025-12-19 14:23:30,604 - INFO - BuildTower - OpenPoseThread: Gaze3D frame=872 id=right label=Right person v=[-0.443, -0.280, 0.851] yaw=-27.5 pitch=16.3
2025-12-19 14:23:31,310 - INFO - BuildTower - OpenPoseThread: gaze frame_idx=880 ts=2025-12-19T14:23:31.309042Z people=2
2025-12-19 14:23:31,310 - INFO - BuildTower - OpenPoseThread: Gaze3D frame=880 id=left label=Left person v=[-0.302, -0.496, 0.814] yaw=-20.4 pitch=29.7
2025-12-19 14:23:31,310 - INFO - BuildTower - OpenPoseThread: Gaze3D frame=880 id=right label=Right person v=[-0.377, -0.356, 0.855] yaw=-23.8 pitch=20.8
2025-12-19 14:23:32,011 - INFO - BuildTower - OpenPoseThread: gaze frame_idx=888 ts=2025-12-19T14:23:32.010219Z people=2
2025-12-19 14:23:32,011 - INFO - BuildTower - OpenPoseThread: Gaze3D frame=888 id=left label=Left person v=[-0.210, -0.531, 0.821] yaw=-14.4 pitch=32.0
2025-12-19 14:23:32,012 - INFO - BuildTower - OpenPoseThread: Gaze3D frame=888 id=right label=Right person v=[-0.519, -0.121, 0.846] yaw=-31.5 pitch=7.0
2025-12-19 14:23:32,259 - INFO - BuildTower - OpenPoseThread: received reply: Right: Arm Extended
2025-12-19 14:23:32,259 - INFO - BuildTower - OpenPoseThread: sending cmd: PR: Arm Retracted Check
2025-12-19 14:23:32,259 - INFO - BuildTower - Executing turn 8 out of 9.
2025-12-19 14:23:32,260 - INFO - BuildTower - Moving block from start 0.28 to target 0.643. Turn: 8, Block Shape: 3
2025-12-19 14:23:32,262 - INFO - BuildTower - Sending gripper command: value=0
2025-12-19 14:23:32,323 - INFO - BuildTower - OpenPoseThread: received reply: Right: Arm Retracted
2025-12-19 14:23:32,760 - INFO - BuildTower - OpenPoseThread: gaze frame_idx=896 ts=2025-12-19T14:23:32.678443Z people=2
2025-12-19 14:23:32,760 - INFO - BuildTower - OpenPoseThread: Gaze3D frame=896 id=left label=Left person v=[-0.242, -0.227, 0.943] yaw=-14.4 pitch=13.1
2025-12-19 14:23:32,760 - INFO - BuildTower - OpenPoseThread: Gaze3D frame=896 id=right label=Right person v=[-0.198, -0.001, 0.980] yaw=-11.4 pitch=0.0
2025-12-19 14:23:32,776 - INFO - BuildTower - Gripper command 0 sent successfully.
2025-12-19 14:23:32,779 - INFO - BuildTower - Attempting to go to position: x=0.5, y=-0.2, z=0.325, theta_x=100.0, theta_y=0.0, theta_z=90.0
2025-12-19 14:23:32,779 - DEBUG - BuildTower - Set speed for pose: translation=1, orientation=100
2025-12-19 14:23:32,808 - INFO - BuildTower - Pose action initiated, waiting for completion.
2025-12-19 14:23:33,416 - INFO - BuildTower - OpenPoseThread: gaze frame_idx=904 ts=2025-12-19T14:23:33.344756Z people=2
2025-12-19 14:23:33,416 - INFO - BuildTower - OpenPoseThread: Gaze3D frame=904 id=left label=Left person v=[-0.353, -0.148, 0.924] yaw=-20.9 pitch=8.5
2025-12-19 14:23:33,416 - INFO - BuildTower - OpenPoseThread: Gaze3D frame=904 id=right label=Right person v=[-0.404, -0.328, 0.854] yaw=-25.3 pitch=19.1
2025-12-19 14:23:34,070 - INFO - BuildTower - OpenPoseThread: gaze frame_idx=912 ts=2025-12-19T14:23:34.047837Z people=2
2025-12-19 14:23:34,070 - INFO - BuildTower - OpenPoseThread: Gaze3D frame=912 id=left label=Left person v=[-0.383, -0.371, 0.846] yaw=-24.3 pitch=21.8
2025-12-19 14:23:34,070 - INFO - BuildTower - OpenPoseThread: Gaze3D frame=912 id=right label=Right person v=[-0.507, -0.701, 0.501] yaw=-45.3 pitch=44.5
2025-12-19 14:23:34,840 - INFO - BuildTower - OpenPoseThread: gaze frame_idx=920 ts=2025-12-19T14:23:34.749704Z people=2
2025-12-19 14:23:34,840 - INFO - BuildTower - OpenPoseThread: Gaze3D frame=920 id=left label=Left person v=[-0.262, -0.439, 0.859] yaw=-16.9 pitch=26.1
2025-12-19 14:23:34,840 - INFO - BuildTower - OpenPoseThread: Gaze3D frame=920 id=right label=Right person v=[-0.479, -0.750, 0.457] yaw=-46.3 pitch=48.6
2025-12-19 14:23:35,487 - INFO - BuildTower - Robot action ended.
2025-12-19 14:23:35,487 - INFO - BuildTower - Attempting to go to position: x=0.5, y=-0.2, z=0.28, theta_x=100.0, theta_y=0.0, theta_z=90.0
2025-12-19 14:23:35,488 - DEBUG - BuildTower - Set speed for pose: translation=1, orientation=100
2025-12-19 14:23:35,497 - INFO - BuildTower - OpenPoseThread: gaze frame_idx=928 ts=2025-12-19T14:23:35.446648Z people=2
2025-12-19 14:23:35,498 - INFO - BuildTower - OpenPoseThread: Gaze3D frame=928 id=left label=Left person v=[-0.312, -0.413, 0.856] yaw=-20.0 pitch=24.4
2025-12-19 14:23:35,498 - INFO - BuildTower - OpenPoseThread: Gaze3D frame=928 id=right label=Right person v=[-0.536, -0.304, 0.788] yaw=-34.2 pitch=17.7
2025-12-19 14:23:35,503 - INFO - BuildTower - Pose action initiated, waiting for completion.
2025-12-19 14:23:36,150 - INFO - BuildTower - OpenPoseThread: gaze frame_idx=936 ts=2025-12-19T14:23:36.119129Z people=2
2025-12-19 14:23:36,150 - INFO - BuildTower - OpenPoseThread: Gaze3D frame=936 id=left label=Left person v=[-0.422, -0.387, 0.820] yaw=-27.2 pitch=22.8
2025-12-19 14:23:36,150 - INFO - BuildTower - OpenPoseThread: Gaze3D frame=936 id=right label=Right person v=[-0.061, -0.550, 0.833] yaw=-4.2 pitch=33.4
2025-12-19 14:23:36,234 - INFO - BuildTower - Robot action ended.
2025-12-19 14:23:36,236 - INFO - BuildTower - Sending gripper command: value=0.2
2025-12-19 14:23:36,751 - INFO - BuildTower - Gripper command 0.2 sent successfully.
2025-12-19 14:23:36,753 - INFO - BuildTower - Attempting to go to position: x=0.5, y=-0.2, z=0.685, theta_x=100.0, theta_y=0.0, theta_z=90.0
2025-12-19 14:23:36,754 - DEBUG - BuildTower - Set speed for pose: translation=1, orientation=100
2025-12-19 14:23:36,778 - INFO - BuildTower - Pose action initiated, waiting for completion.
2025-12-19 14:23:36,912 - INFO - BuildTower - OpenPoseThread: gaze frame_idx=944 ts=2025-12-19T14:23:36.813622Z people=2
2025-12-19 14:23:36,912 - INFO - BuildTower - OpenPoseThread: Gaze3D frame=944 id=left label=Left person v=[-0.222, -0.137, 0.965] yaw=-13.0 pitch=7.8
2025-12-19 14:23:36,912 - INFO - BuildTower - OpenPoseThread: Gaze3D frame=944 id=right label=Right person v=[-0.492, -0.395, 0.776] yaw=-32.4 pitch=23.3
2025-12-19 14:23:37,571 - INFO - BuildTower - OpenPoseThread: gaze frame_idx=952 ts=2025-12-19T14:23:37.518044Z people=2
2025-12-19 14:23:37,571 - INFO - BuildTower - OpenPoseThread: Gaze3D frame=952 id=left label=Left person v=[-0.304, -0.160, 0.939] yaw=-17.9 pitch=9.2
2025-12-19 14:23:37,571 - INFO - BuildTower - OpenPoseThread: Gaze3D frame=952 id=right label=Right person v=[-0.336, -0.390, 0.857] yaw=-21.4 pitch=23.0
2025-12-19 14:23:38,226 - INFO - BuildTower - OpenPoseThread: gaze frame_idx=960 ts=2025-12-19T14:23:38.214426Z people=2
2025-12-19 14:23:38,226 - INFO - BuildTower - OpenPoseThread: Gaze3D frame=960 id=left label=Left person v=[-0.202, -0.132, 0.971] yaw=-11.7 pitch=7.6
2025-12-19 14:23:38,226 - INFO - BuildTower - OpenPoseThread: Gaze3D frame=960 id=right label=Right person v=[-0.415, -0.375, 0.829] yaw=-26.6 pitch=22.0
2025-12-19 14:23:38,989 - INFO - BuildTower - OpenPoseThread: gaze frame_idx=968 ts=2025-12-19T14:23:38.909649Z people=2
2025-12-19 14:23:38,990 - INFO - BuildTower - OpenPoseThread: Gaze3D frame=968 id=left label=Left person v=[-0.263, -0.192, 0.945] yaw=-15.6 pitch=11.1
2025-12-19 14:23:38,990 - INFO - BuildTower - OpenPoseThread: Gaze3D frame=968 id=right label=Right person v=[-0.440, -0.134, 0.888] yaw=-26.3 pitch=7.7
2025-12-19 14:23:39,642 - INFO - BuildTower - OpenPoseThread: gaze frame_idx=976 ts=2025-12-19T14:23:39.583324Z people=2
2025-12-19 14:23:39,642 - INFO - BuildTower - OpenPoseThread: Gaze3D frame=976 id=left label=Left person v=[-0.184, -0.187, 0.965] yaw=-10.8 pitch=10.8
2025-12-19 14:23:39,642 - INFO - BuildTower - OpenPoseThread: Gaze3D frame=976 id=right label=Right person v=[-0.423, -0.167, 0.891] yaw=-25.4 pitch=9.6
2025-12-19 14:23:40,295 - INFO - BuildTower - OpenPoseThread: gaze frame_idx=984 ts=2025-12-19T14:23:40.246331Z people=2
2025-12-19 14:23:40,295 - INFO - BuildTower - OpenPoseThread: Gaze3D frame=984 id=left label=Left person v=[-0.190, -0.232, 0.954] yaw=-11.3 pitch=13.4
2025-12-19 14:23:40,295 - INFO - BuildTower - OpenPoseThread: Gaze3D frame=984 id=right label=Right person v=[-0.438, -0.310, 0.844] yaw=-27.4 pitch=18.0
2025-12-19 14:23:40,954 - INFO - BuildTower - OpenPoseThread: gaze frame_idx=992 ts=2025-12-19T14:23:40.916258Z people=2
2025-12-19 14:23:40,955 - INFO - BuildTower - OpenPoseThread: Gaze3D frame=992 id=left label=Left person v=[-0.113, -0.152, 0.982] yaw=-6.5 pitch=8.8
2025-12-19 14:23:40,955 - INFO - BuildTower - OpenPoseThread: Gaze3D frame=992 id=right label=Right person v=[-0.394, -0.091, 0.914] yaw=-23.3 pitch=5.2
2025-12-19 14:23:41,111 - INFO - BuildTower - Robot action ended.
2025-12-19 14:23:41,111 - INFO - BuildTower - Attempting to go to position: x=0.737, y=0.0, z=0.6880000000000001, theta_x=100.0, theta_y=0.0, theta_z=90.0
2025-12-19 14:23:41,112 - DEBUG - BuildTower - Set speed for pose: translation=1, orientation=100
2025-12-19 14:23:41,129 - INFO - BuildTower - Pose action initiated, waiting for completion.
2025-12-19 14:23:41,833 - INFO - BuildTower - OpenPoseThread: gaze frame_idx=1000 ts=2025-12-19T14:23:41.789310Z people=2
2025-12-19 14:23:41,833 - INFO - BuildTower - OpenPoseThread: Gaze3D frame=1000 id=left label=Left person v=[-0.308, -0.226, 0.924] yaw=-18.4 pitch=13.1
2025-12-19 14:23:41,833 - INFO - BuildTower - OpenPoseThread: Gaze3D frame=1000 id=right label=Right person v=[-0.507, -0.388, 0.770] yaw=-33.4 pitch=22.9
2025-12-19 14:23:42,596 - INFO - BuildTower - OpenPoseThread: gaze frame_idx=1008 ts=2025-12-19T14:23:42.496699Z people=2
2025-12-19 14:23:42,596 - INFO - BuildTower - OpenPoseThread: Gaze3D frame=1008 id=left label=Left person v=[-0.118, -0.110, 0.987] yaw=-6.8 pitch=6.3
2025-12-19 14:23:42,597 - INFO - BuildTower - OpenPoseThread: Gaze3D frame=1008 id=right label=Right person v=[-0.485, -0.427, 0.764] yaw=-32.4 pitch=25.2
2025-12-19 14:23:43,256 - INFO - BuildTower - OpenPoseThread: gaze frame_idx=1016 ts=2025-12-19T14:23:43.211961Z people=2
2025-12-19 14:23:43,256 - INFO - BuildTower - OpenPoseThread: Gaze3D frame=1016 id=left label=Left person v=[-0.146, -0.110, 0.983] yaw=-8.4 pitch=6.3
2025-12-19 14:23:43,256 - INFO - BuildTower - OpenPoseThread: Gaze3D frame=1016 id=right label=Right person v=[-0.347, -0.560, 0.752] yaw=-24.8 pitch=34.1
2025-12-19 14:23:43,910 - INFO - BuildTower - OpenPoseThread: gaze frame_idx=1024 ts=2025-12-19T14:23:43.901168Z people=2
2025-12-19 14:23:43,910 - INFO - BuildTower - OpenPoseThread: Gaze3D frame=1024 id=left label=Left person v=[-0.084, -0.203, 0.976] yaw=-4.9 pitch=11.7
2025-12-19 14:23:43,910 - INFO - BuildTower - OpenPoseThread: Gaze3D frame=1024 id=right label=Right person v=[-0.405, -0.413, 0.816] yaw=-26.4 pitch=24.4
2025-12-19 14:23:44,507 - INFO - BuildTower - Robot action ended.
2025-12-19 14:23:44,507 - INFO - BuildTower - Attempting to go to position: x=0.737, y=0.0, z=0.643, theta_x=100.0, theta_y=0.0, theta_z=90.0
2025-12-19 14:23:44,507 - DEBUG - BuildTower - Set speed for pose: translation=1, orientation=100
2025-12-19 14:23:44,529 - INFO - BuildTower - Pose action initiated, waiting for completion.
2025-12-19 14:23:44,673 - INFO - BuildTower - OpenPoseThread: gaze frame_idx=1032 ts=2025-12-19T14:23:44.577559Z people=2
2025-12-19 14:23:44,673 - INFO - BuildTower - OpenPoseThread: Gaze3D frame=1032 id=left label=Left person v=[-0.140, -0.114, 0.984] yaw=-8.1 pitch=6.5
2025-12-19 14:23:44,674 - INFO - BuildTower - OpenPoseThread: Gaze3D frame=1032 id=right label=Right person v=[-0.390, -0.347, 0.853] yaw=-24.5 pitch=20.3
2025-12-19 14:23:45,268 - INFO - BuildTower - Robot action ended.
2025-12-19 14:23:45,269 - INFO - BuildTower - Sending gripper command: value=0
2025-12-19 14:23:45,326 - INFO - BuildTower - OpenPoseThread: gaze frame_idx=1040 ts=2025-12-19T14:23:45.278030Z people=2
2025-12-19 14:23:45,326 - INFO - BuildTower - OpenPoseThread: Gaze3D frame=1040 id=left label=Left person v=[-0.120, -0.270, 0.955] yaw=-7.2 pitch=15.7
2025-12-19 14:23:45,326 - INFO - BuildTower - OpenPoseThread: Gaze3D frame=1040 id=right label=Right person v=[-0.438, -0.273, 0.857] yaw=-27.1 pitch=15.8
2025-12-19 14:23:45,779 - INFO - BuildTower - Gripper command 0 sent successfully.
2025-12-19 14:23:45,781 - INFO - BuildTower - Attempting to go to position: x=0.737, y=0.0, z=0.6880000000000001, theta_x=100.0, theta_y=0.0, theta_z=90.0
2025-12-19 14:23:45,781 - DEBUG - BuildTower - Set speed for pose: translation=1, orientation=100
2025-12-19 14:23:45,804 - INFO - BuildTower - Pose action initiated, waiting for completion.
2025-12-19 14:23:45,982 - INFO - BuildTower - OpenPoseThread: gaze frame_idx=1048 ts=2025-12-19T14:23:45.949586Z people=2
2025-12-19 14:23:45,982 - INFO - BuildTower - OpenPoseThread: Gaze3D frame=1048 id=left label=Left person v=[-0.081, -0.260, 0.962] yaw=-4.8 pitch=15.1
2025-12-19 14:23:45,982 - INFO - BuildTower - OpenPoseThread: Gaze3D frame=1048 id=right label=Right person v=[-0.446, -0.333, 0.831] yaw=-28.2 pitch=19.5
2025-12-19 14:23:46,509 - INFO - BuildTower - Robot action ended.
2025-12-19 14:23:46,509 - INFO - BuildTower - Robot completed its turn. Robot turn count: 3
2025-12-19 14:23:46,509 - INFO - BuildTower - Configuration number 1 finished.
2025-12-19 14:23:46,509 - INFO - BuildTower - Received reply from OpenPose server: Right: Arm Retracted
2025-12-19 14:23:46,509 - INFO - BuildTower - OpenPoseThread: sending cmd: Configuration finished
2025-12-19 14:23:46,686 - INFO - BuildTower - OpenPoseThread: gaze frame_idx=1056 ts=2025-12-19T14:23:46.684987Z people=2
2025-12-19 14:23:46,686 - INFO - BuildTower - OpenPoseThread: Gaze3D frame=1056 id=left label=Left person v=[-0.084, -0.343, 0.936] yaw=-5.1 pitch=20.0
2025-12-19 14:23:46,686 - INFO - BuildTower - OpenPoseThread: Gaze3D frame=1056 id=right label=Right person v=[-0.398, -0.566, 0.722] yaw=-28.8 pitch=34.4
2025-12-19 14:23:46,686 - INFO - BuildTower - OpenPoseThread: received reply: Received
2025-12-19 14:23:52,166 - INFO - BuildTower - User pressed Enter. Continuing with configuration 2
