2025-12-19 14:22:01,270 - INFO - openpose - OpenPose server started and bound to tcp://*:5555
2025-12-19 14:22:01,270 - INFO - openpose - OpenPose server started and bound to tcp://*:5556
2025-12-19 14:22:01,284 - INFO - openpose - Starting OpenPose
2025-12-19 14:22:02,071 - INFO - openpose - OpenPose initialized - waiting for turn_order
2025-12-19 14:22:14,695 - INFO - openpose - Message received: ybypbpbpy

2025-12-19 14:22:15,449 - INFO - openpose - Gaze3D frame=0 id=left label=Left person v=[-0.218, -0.470, 0.855] yaw=-14.3 pitch=28.0 cx=271.82005310058594
2025-12-19 14:22:15,449 - INFO - openpose - Gaze3D frame=0 id=right label=Right person v=[-0.306, -0.302, 0.903] yaw=-18.7 pitch=17.6 cx=433.67689514160156
2025-12-19 14:22:15,449 - INFO - openpose - Gaze PUB: people=2, frame_idx=0
2025-12-19 14:22:15,450 - INFO - openpose - Robot's turn detected
2025-12-19 14:22:16,164 - INFO - openpose - Gaze3D frame=8 id=left label=Left person v=[-0.332, -0.460, 0.824] yaw=-21.9 pitch=27.4 cx=258.13526916503906
2025-12-19 14:22:16,164 - INFO - openpose - Gaze3D frame=8 id=right label=Right person v=[-0.249, -0.274, 0.929] yaw=-15.0 pitch=15.9 cx=435.0852355957031
2025-12-19 14:22:16,164 - INFO - openpose - Gaze PUB: people=2, frame_idx=8
2025-12-19 14:22:16,858 - INFO - openpose - Gaze3D frame=16 id=left label=Left person v=[-0.383, -0.420, 0.823] yaw=-25.0 pitch=24.8 cx=257.05411529541016
2025-12-19 14:22:16,858 - INFO - openpose - Gaze3D frame=16 id=right label=Right person v=[-0.441, -0.267, 0.857] yaw=-27.2 pitch=15.5 cx=443.16473388671875
2025-12-19 14:22:16,858 - INFO - openpose - Gaze PUB: people=2, frame_idx=16
2025-12-19 14:22:17,550 - INFO - openpose - Gaze3D frame=24 id=left label=Left person v=[-0.300, -0.311, 0.902] yaw=-18.4 pitch=18.1 cx=267.54349517822266
2025-12-19 14:22:17,550 - INFO - openpose - Gaze3D frame=24 id=right label=Right person v=[-0.156, -0.399, 0.904] yaw=-9.8 pitch=23.5 cx=462.43792724609375
2025-12-19 14:22:17,550 - INFO - openpose - Gaze PUB: people=2, frame_idx=24
2025-12-19 14:22:18,268 - INFO - openpose - Gaze3D frame=32 id=left label=Left person v=[-0.274, -0.491, 0.827] yaw=-18.3 pitch=29.4 cx=259.75030517578125
2025-12-19 14:22:18,268 - INFO - openpose - Gaze3D frame=32 id=right label=Right person v=[0.006, -0.531, 0.848] yaw=0.4 pitch=32.0 cx=461.39495849609375
2025-12-19 14:22:18,268 - INFO - openpose - Gaze PUB: people=2, frame_idx=32
2025-12-19 14:22:18,937 - INFO - openpose - Gaze3D frame=40 id=left label=Left person v=[-0.080, -0.691, 0.718] yaw=-6.4 pitch=43.7 cx=251.3396224975586
2025-12-19 14:22:18,937 - INFO - openpose - Gaze3D frame=40 id=right label=Right person v=[0.055, -0.509, 0.859] yaw=3.7 pitch=30.6 cx=443.0671081542969
2025-12-19 14:22:18,937 - INFO - openpose - Gaze PUB: people=2, frame_idx=40
2025-12-19 14:22:19,647 - INFO - openpose - Gaze3D frame=48 id=left label=Left person v=[-0.163, -0.870, 0.465] yaw=-19.3 pitch=60.5 cx=248.48180389404297
2025-12-19 14:22:19,647 - INFO - openpose - Gaze3D frame=48 id=right label=Right person v=[-0.556, -0.646, 0.523] yaw=-46.8 pitch=40.2 cx=446.10939025878906
2025-12-19 14:22:19,647 - INFO - openpose - Gaze PUB: people=2, frame_idx=48
2025-12-19 14:22:20,318 - INFO - openpose - Gaze3D frame=56 id=left label=Left person v=[-0.249, -0.667, 0.702] yaw=-19.5 pitch=41.8 cx=248.0738754272461
2025-12-19 14:22:20,318 - INFO - openpose - Gaze3D frame=56 id=right label=Right person v=[-0.601, -0.284, 0.747] yaw=-38.8 pitch=16.5 cx=449.48634338378906
2025-12-19 14:22:20,318 - INFO - openpose - Gaze PUB: people=2, frame_idx=56
2025-12-19 14:22:21,028 - INFO - openpose - Gaze3D frame=64 id=left label=Left person v=[-0.088, -0.702, 0.707] yaw=-7.1 pitch=44.6 cx=241.35871124267578
2025-12-19 14:22:21,028 - INFO - openpose - Gaze3D frame=64 id=right label=Right person v=[-0.534, -0.592, 0.603] yaw=-41.5 pitch=36.3 cx=452.13185119628906
2025-12-19 14:22:21,028 - INFO - openpose - Gaze PUB: people=2, frame_idx=64
2025-12-19 14:22:21,726 - INFO - openpose - Gaze3D frame=72 id=left label=Left person v=[-0.118, -0.785, 0.608] yaw=-11.0 pitch=51.7 cx=241.41333770751953
2025-12-19 14:22:21,726 - INFO - openpose - Gaze3D frame=72 id=right label=Right person v=[-0.682, -0.252, 0.687] yaw=-44.8 pitch=14.6 cx=453.2732391357422
2025-12-19 14:22:21,726 - INFO - openpose - Gaze PUB: people=2, frame_idx=72
2025-12-19 14:22:22,431 - INFO - openpose - Gaze3D frame=80 id=left label=Left person v=[-0.160, -0.796, 0.584] yaw=-15.3 pitch=52.8 cx=242.66669464111328
2025-12-19 14:22:22,431 - INFO - openpose - Gaze3D frame=80 id=right label=Right person v=[-0.602, -0.313, 0.734] yaw=-39.4 pitch=18.2 cx=453.7583312988281
2025-12-19 14:22:22,431 - INFO - openpose - Gaze PUB: people=2, frame_idx=80
2025-12-19 14:22:23,124 - INFO - openpose - Gaze3D frame=88 id=left label=Left person v=[-0.128, -0.804, 0.581] yaw=-12.4 pitch=53.5 cx=245.03437042236328
2025-12-19 14:22:23,124 - INFO - openpose - Gaze3D frame=88 id=right label=Right person v=[-0.678, -0.354, 0.644] yaw=-46.5 pitch=20.8 cx=454.7842559814453
2025-12-19 14:22:23,124 - INFO - openpose - Gaze PUB: people=2, frame_idx=88
2025-12-19 14:22:23,850 - INFO - openpose - Gaze3D frame=96 id=left label=Left person v=[-0.157, -0.869, 0.470] yaw=-18.4 pitch=60.3 cx=245.91273498535156
2025-12-19 14:22:23,850 - INFO - openpose - Gaze3D frame=96 id=right label=Right person v=[-0.509, -0.616, 0.601] yaw=-40.3 pitch=38.1 cx=455.8323059082031
2025-12-19 14:22:23,850 - INFO - openpose - Gaze PUB: people=2, frame_idx=96
2025-12-19 14:22:24,566 - INFO - openpose - Gaze3D frame=104 id=left label=Left person v=[-0.078, -0.754, 0.652] yaw=-6.8 pitch=48.9 cx=251.7450714111328
2025-12-19 14:22:24,566 - INFO - openpose - Gaze3D frame=104 id=right label=Right person v=[-0.534, -0.523, 0.664] yaw=-38.8 pitch=31.5 cx=455.7680969238281
2025-12-19 14:22:24,573 - INFO - openpose - Gaze PUB: people=2, frame_idx=104
2025-12-19 14:22:25,266 - INFO - openpose - Gaze3D frame=112 id=left label=Left person v=[-0.143, -0.776, 0.614] yaw=-13.1 pitch=50.9 cx=252.36456298828125
2025-12-19 14:22:25,266 - INFO - openpose - Gaze3D frame=112 id=right label=Right person v=[-0.541, -0.469, 0.698] yaw=-37.8 pitch=28.0 cx=456.0600891113281
2025-12-19 14:22:25,266 - INFO - openpose - Gaze PUB: people=2, frame_idx=112
2025-12-19 14:22:25,963 - INFO - openpose - Gaze3D frame=120 id=left label=Left person v=[-0.153, -0.523, 0.838] yaw=-10.3 pitch=31.6 cx=250.32903289794922
2025-12-19 14:22:25,963 - INFO - openpose - Gaze3D frame=120 id=right label=Right person v=[-0.479, -0.584, 0.655] yaw=-36.1 pitch=35.7 cx=455.90785217285156
2025-12-19 14:22:25,964 - INFO - openpose - Gaze PUB: people=2, frame_idx=120
2025-12-19 14:22:26,661 - INFO - openpose - Gaze3D frame=128 id=left label=Left person v=[-0.178, -0.194, 0.965] yaw=-10.5 pitch=11.2 cx=259.8105163574219
2025-12-19 14:22:26,662 - INFO - openpose - Gaze3D frame=128 id=right label=Right person v=[-0.433, -0.551, 0.713] yaw=-31.3 pitch=33.4 cx=454.71815490722656
2025-12-19 14:22:26,662 - INFO - openpose - Gaze PUB: people=2, frame_idx=128
2025-12-19 14:22:27,343 - INFO - openpose - Gaze3D frame=136 id=left label=Left person v=[-0.121, -0.310, 0.943] yaw=-7.3 pitch=18.0 cx=267.10050201416016
2025-12-19 14:22:27,343 - INFO - openpose - Gaze3D frame=136 id=right label=Right person v=[-0.447, -0.328, 0.832] yaw=-28.2 pitch=19.2 cx=454.0501708984375
2025-12-19 14:22:27,343 - INFO - openpose - Gaze PUB: people=2, frame_idx=136
2025-12-19 14:22:28,045 - INFO - openpose - Gaze3D frame=144 id=left label=Left person v=[-0.158, -0.269, 0.950] yaw=-9.4 pitch=15.6 cx=271.13475036621094
2025-12-19 14:22:28,045 - INFO - openpose - Gaze3D frame=144 id=right label=Right person v=[-0.415, -0.379, 0.827] yaw=-26.7 pitch=22.3 cx=453.10650634765625
2025-12-19 14:22:28,045 - INFO - openpose - Gaze PUB: people=2, frame_idx=144
2025-12-19 14:22:28,737 - INFO - openpose - Gaze3D frame=152 id=left label=Left person v=[-0.143, -0.261, 0.955] yaw=-8.5 pitch=15.2 cx=271.1286926269531
2025-12-19 14:22:28,737 - INFO - openpose - Gaze3D frame=152 id=right label=Right person v=[-0.447, -0.245, 0.860] yaw=-27.5 pitch=14.2 cx=453.0699157714844
2025-12-19 14:22:28,737 - INFO - openpose - Gaze PUB: people=2, frame_idx=152
2025-12-19 14:22:29,480 - INFO - openpose - Gaze3D frame=160 id=left label=Left person v=[-0.257, -0.309, 0.916] yaw=-15.7 pitch=18.0 cx=270.2727355957031
2025-12-19 14:22:29,481 - INFO - openpose - Gaze3D frame=160 id=right label=Right person v=[-0.425, -0.340, 0.839] yaw=-26.9 pitch=19.9 cx=452.9410400390625
2025-12-19 14:22:29,481 - INFO - openpose - Gaze PUB: people=2, frame_idx=160
2025-12-19 14:22:30,223 - INFO - openpose - Gaze3D frame=168 id=left label=Left person v=[-0.217, -0.486, 0.846] yaw=-14.4 pitch=29.1 cx=269.62943267822266
2025-12-19 14:22:30,224 - INFO - openpose - Gaze3D frame=168 id=right label=Right person v=[-0.397, -0.531, 0.749] yaw=-27.9 pitch=32.1 cx=452.9129638671875
2025-12-19 14:22:30,224 - INFO - openpose - Gaze PUB: people=2, frame_idx=168
2025-12-19 14:22:30,877 - INFO - openpose - Gaze3D frame=176 id=left label=Left person v=[-0.227, -0.392, 0.891] yaw=-14.3 pitch=23.1 cx=268.5220947265625
2025-12-19 14:22:30,877 - INFO - openpose - Gaze3D frame=176 id=right label=Right person v=[-0.459, -0.353, 0.815] yaw=-29.4 pitch=20.7 cx=452.45416259765625
2025-12-19 14:22:30,877 - INFO - openpose - Gaze PUB: people=2, frame_idx=176
2025-12-19 14:22:31,543 - INFO - openpose - Gaze3D frame=184 id=left label=Left person v=[-0.468, -0.387, 0.794] yaw=-30.5 pitch=22.8 cx=269.85034942626953
2025-12-19 14:22:31,543 - INFO - openpose - Gaze3D frame=184 id=right label=Right person v=[-0.098, -0.559, 0.823] yaw=-6.8 pitch=34.0 cx=451.6238555908203
2025-12-19 14:22:31,543 - INFO - openpose - Gaze PUB: people=2, frame_idx=184
2025-12-19 14:22:32,243 - INFO - openpose - Gaze3D frame=192 id=left label=Left person v=[-0.185, -0.382, 0.906] yaw=-11.5 pitch=22.4 cx=271.6460876464844
2025-12-19 14:22:32,243 - INFO - openpose - Gaze3D frame=192 id=right label=Right person v=[-0.485, -0.332, 0.809] yaw=-31.0 pitch=19.4 cx=451.41949462890625
2025-12-19 14:22:32,243 - INFO - openpose - Gaze PUB: people=2, frame_idx=192
2025-12-19 14:22:32,915 - INFO - openpose - Gaze3D frame=200 id=left label=Left person v=[-0.239, -0.284, 0.928] yaw=-14.4 pitch=16.5 cx=272.1990966796875
2025-12-19 14:22:32,915 - INFO - openpose - Gaze3D frame=200 id=right label=Right person v=[-0.580, -0.453, 0.677] yaw=-40.5 pitch=26.9 cx=451.91412353515625
2025-12-19 14:22:32,916 - INFO - openpose - Gaze PUB: people=2, frame_idx=200
2025-12-19 14:22:33,627 - INFO - openpose - Gaze3D frame=208 id=left label=Left person v=[-0.417, -0.293, 0.861] yaw=-25.8 pitch=17.0 cx=272.9171447753906
2025-12-19 14:22:33,627 - INFO - openpose - Gaze3D frame=208 id=right label=Right person v=[-0.420, -0.653, 0.630] yaw=-33.7 pitch=40.8 cx=451.83851623535156
2025-12-19 14:22:33,627 - INFO - openpose - Gaze PUB: people=2, frame_idx=208
2025-12-19 14:22:34,330 - INFO - openpose - Gaze3D frame=216 id=left label=Left person v=[-0.289, -0.424, 0.858] yaw=-18.6 pitch=25.1 cx=273.6309280395508
2025-12-19 14:22:34,330 - INFO - openpose - Gaze3D frame=216 id=right label=Right person v=[-0.468, -0.591, 0.657] yaw=-35.4 pitch=36.2 cx=450.8282165527344
2025-12-19 14:22:34,330 - INFO - openpose - Gaze PUB: people=2, frame_idx=216
2025-12-19 14:22:35,022 - INFO - openpose - Gaze3D frame=224 id=left label=Left person v=[-0.171, -0.813, 0.557] yaw=-17.1 pitch=54.4 cx=268.71580505371094
2025-12-19 14:22:35,023 - INFO - openpose - Gaze3D frame=224 id=right label=Right person v=[-0.513, -0.411, 0.753] yaw=-34.3 pitch=24.3 cx=451.1159362792969
2025-12-19 14:22:35,023 - INFO - openpose - Gaze PUB: people=2, frame_idx=224
2025-12-19 14:22:35,728 - INFO - openpose - Gaze3D frame=232 id=left label=Left person v=[-0.216, -0.487, 0.846] yaw=-14.3 pitch=29.1 cx=271.0198516845703
2025-12-19 14:22:35,728 - INFO - openpose - Gaze3D frame=232 id=right label=Right person v=[-0.115, -0.376, 0.919] yaw=-7.1 pitch=22.1 cx=450.66790771484375
2025-12-19 14:22:35,728 - INFO - openpose - Gaze PUB: people=2, frame_idx=232
2025-12-19 14:22:36,407 - INFO - openpose - Gaze3D frame=240 id=left label=Left person v=[-0.359, -0.453, 0.816] yaw=-23.7 pitch=26.9 cx=272.56163787841797
2025-12-19 14:22:36,407 - INFO - openpose - Gaze3D frame=240 id=right label=Right person v=[-0.527, -0.599, 0.603] yaw=-41.2 pitch=36.8 cx=451.0921325683594
2025-12-19 14:22:36,407 - INFO - openpose - Gaze PUB: people=2, frame_idx=240
2025-12-19 14:22:37,065 - INFO - openpose - Gaze3D frame=248 id=left label=Left person v=[-0.277, -0.058, 0.959] yaw=-16.1 pitch=3.3 cx=272.9226531982422
2025-12-19 14:22:37,065 - INFO - openpose - Gaze3D frame=248 id=right label=Right person v=[-0.564, -0.628, 0.536] yaw=-46.4 pitch=38.9 cx=451.5443420410156
2025-12-19 14:22:37,065 - INFO - openpose - Gaze PUB: people=2, frame_idx=248
2025-12-19 14:22:37,737 - INFO - openpose - Gaze3D frame=256 id=left label=Left person v=[-0.226, -0.342, 0.912] yaw=-13.9 pitch=20.0 cx=271.4811782836914
2025-12-19 14:22:37,737 - INFO - openpose - Gaze3D frame=256 id=right label=Right person v=[-0.116, -0.364, 0.924] yaw=-7.1 pitch=21.3 cx=452.3629150390625
2025-12-19 14:22:37,737 - INFO - openpose - Gaze PUB: people=2, frame_idx=256
2025-12-19 14:22:38,435 - INFO - openpose - Gaze3D frame=264 id=left label=Left person v=[-0.212, -0.360, 0.908] yaw=-13.2 pitch=21.1 cx=263.5793762207031
2025-12-19 14:22:38,435 - INFO - openpose - Gaze3D frame=264 id=right label=Right person v=[-0.433, -0.343, 0.834] yaw=-27.4 pitch=20.1 cx=451.6928405761719
2025-12-19 14:22:38,435 - INFO - openpose - Gaze PUB: people=2, frame_idx=264
2025-12-19 14:22:39,127 - INFO - openpose - Gaze3D frame=272 id=left label=Left person v=[-0.221, -0.647, 0.730] yaw=-16.9 pitch=40.3 cx=260.34095764160156
2025-12-19 14:22:39,127 - INFO - openpose - Gaze3D frame=272 id=right label=Right person v=[-0.373, -0.157, 0.914] yaw=-22.2 pitch=9.1 cx=451.6653289794922
2025-12-19 14:22:39,127 - INFO - openpose - Gaze PUB: people=2, frame_idx=272
2025-12-19 14:22:39,759 - INFO - openpose - Gaze3D frame=280 id=right label=Right person v=[-0.494, -0.086, 0.865] yaw=-29.7 pitch=4.9 cx=453.2087860107422
2025-12-19 14:22:39,759 - INFO - openpose - Gaze PUB: people=1, frame_idx=280
2025-12-19 14:22:40,393 - INFO - openpose - Gaze3D frame=288 id=right label=Right person v=[-0.493, -0.306, 0.814] yaw=-31.2 pitch=17.8 cx=453.3397216796875
2025-12-19 14:22:40,393 - INFO - openpose - Gaze PUB: people=1, frame_idx=288
2025-12-19 14:22:41,029 - INFO - openpose - Gaze3D frame=296 id=right label=Right person v=[-0.491, -0.407, 0.770] yaw=-32.5 pitch=24.0 cx=453.2257995605469
2025-12-19 14:22:41,029 - INFO - openpose - Gaze PUB: people=1, frame_idx=296
2025-12-19 14:22:41,637 - INFO - openpose - Gaze3D frame=304 id=right label=Right person v=[-0.354, -0.433, 0.829] yaw=-23.1 pitch=25.6 cx=452.93218994140625
2025-12-19 14:22:41,637 - INFO - openpose - Gaze PUB: people=1, frame_idx=304
2025-12-19 14:22:42,350 - INFO - openpose - Gaze3D frame=312 id=left label=Left person v=[-0.252, -0.572, 0.780] yaw=-17.9 pitch=34.9 cx=237.19866943359375
2025-12-19 14:22:42,350 - INFO - openpose - Gaze3D frame=312 id=right label=Right person v=[-0.146, -0.780, 0.608] yaw=-13.5 pitch=51.3 cx=445.17588806152344
2025-12-19 14:22:42,350 - INFO - openpose - Gaze PUB: people=2, frame_idx=312
2025-12-19 14:22:43,044 - INFO - openpose - Gaze3D frame=320 id=left label=Left person v=[-0.157, -0.771, 0.618] yaw=-14.3 pitch=50.4 cx=215.67096710205078
2025-12-19 14:22:43,044 - INFO - openpose - Gaze3D frame=320 id=right label=Right person v=[-0.228, -0.807, 0.544] yaw=-22.7 pitch=53.8 cx=441.2135314941406
2025-12-19 14:22:43,044 - INFO - openpose - Gaze PUB: people=2, frame_idx=320
2025-12-19 14:22:43,735 - INFO - openpose - Gaze3D frame=328 id=left label=Left person v=[-0.155, -0.435, 0.887] yaw=-9.9 pitch=25.8 cx=224.7289810180664
2025-12-19 14:22:43,736 - INFO - openpose - Gaze3D frame=328 id=right label=Right person v=[-0.173, -0.892, 0.419] yaw=-22.4 pitch=63.1 cx=439.0081329345703
2025-12-19 14:22:43,736 - INFO - openpose - Gaze PUB: people=2, frame_idx=328
2025-12-19 14:22:44,398 - INFO - openpose - Gaze3D frame=336 id=left label=Left person v=[-0.189, -0.168, 0.968] yaw=-11.0 pitch=9.6 cx=249.52210998535156
2025-12-19 14:22:44,398 - INFO - openpose - Gaze3D frame=336 id=right label=Right person v=[-0.161, -0.910, 0.381] yaw=-23.0 pitch=65.6 cx=437.8728790283203
2025-12-19 14:22:44,398 - INFO - openpose - Gaze PUB: people=2, frame_idx=336
2025-12-19 14:22:44,522 - INFO - openpose - Left person: Arm EXTENDED (depth-plane)
2025-12-19 14:22:44,522 - INFO - openpose - ZMQ Message received (non-blocking): PL: Arm Extended Check
2025-12-19 14:22:44,522 - INFO - openpose - ZMQ Sending: Left: Arm Extended
2025-12-19 14:22:44,584 - INFO - openpose - Left person: Arm RETRACTED (depth-plane)
2025-12-19 14:22:44,584 - INFO - openpose - ZMQ Message received (non-blocking): PL: Arm Retracted Check
2025-12-19 14:22:44,584 - INFO - openpose - ZMQ Sending: Left: Arm Retracted
2025-12-19 14:22:44,644 - INFO - openpose - Robot's turn detected
2025-12-19 14:22:45,102 - INFO - openpose - Gaze3D frame=344 id=left label=Left person v=[-0.106, -0.394, 0.913] yaw=-6.6 pitch=23.2 cx=288.74151611328125
2025-12-19 14:22:45,102 - INFO - openpose - Gaze3D frame=344 id=right label=Right person v=[-0.265, -0.383, 0.885] yaw=-16.6 pitch=22.5 cx=444.9089050292969
2025-12-19 14:22:45,102 - INFO - openpose - Gaze PUB: people=2, frame_idx=344
2025-12-19 14:22:45,773 - INFO - openpose - Gaze3D frame=352 id=left label=Left person v=[-0.197, -0.742, 0.641] yaw=-17.1 pitch=47.9 cx=282.01722717285156
2025-12-19 14:22:45,773 - INFO - openpose - Gaze3D frame=352 id=right label=Right person v=[-0.036, -0.454, 0.890] yaw=-2.3 pitch=27.0 cx=448.5081329345703
2025-12-19 14:22:45,773 - INFO - openpose - Gaze PUB: people=2, frame_idx=352
2025-12-19 14:22:46,453 - INFO - openpose - Gaze3D frame=360 id=left label=Left person v=[-0.154, -0.755, 0.638] yaw=-13.6 pitch=49.0 cx=228.88018798828125
2025-12-19 14:22:46,453 - INFO - openpose - Gaze3D frame=360 id=right label=Right person v=[-0.323, -0.308, 0.895] yaw=-19.8 pitch=17.9 cx=449.11663818359375
2025-12-19 14:22:46,453 - INFO - openpose - Gaze PUB: people=2, frame_idx=360
2025-12-19 14:22:47,089 - INFO - openpose - Gaze3D frame=368 id=left label=Left person v=[-0.118, -0.878, 0.463] yaw=-14.3 pitch=61.5 cx=205.22754669189453
2025-12-19 14:22:47,090 - INFO - openpose - Gaze3D frame=368 id=right label=Right person v=[-0.131, -0.420, 0.898] yaw=-8.3 pitch=24.8 cx=449.49769592285156
2025-12-19 14:22:47,090 - INFO - openpose - Gaze PUB: people=2, frame_idx=368
2025-12-19 14:22:47,772 - INFO - openpose - Gaze3D frame=376 id=left label=Left person v=[-0.170, -0.699, 0.694] yaw=-13.7 pitch=44.4 cx=211.9941635131836
2025-12-19 14:22:47,772 - INFO - openpose - Gaze3D frame=376 id=right label=Right person v=[-0.146, -0.512, 0.847] yaw=-9.8 pitch=30.8 cx=449.45660400390625
2025-12-19 14:22:47,772 - INFO - openpose - Gaze PUB: people=2, frame_idx=376
2025-12-19 14:22:48,443 - INFO - openpose - Gaze3D frame=384 id=left label=Left person v=[-0.355, -0.251, 0.901] yaw=-21.5 pitch=14.5 cx=238.42823791503906
2025-12-19 14:22:48,443 - INFO - openpose - Gaze3D frame=384 id=right label=Right person v=[-0.164, -0.576, 0.801] yaw=-11.6 pitch=35.1 cx=445.41966247558594
2025-12-19 14:22:48,443 - INFO - openpose - Gaze PUB: people=2, frame_idx=384
2025-12-19 14:22:49,132 - INFO - openpose - Gaze3D frame=392 id=left label=Left person v=[-0.038, -0.393, 0.919] yaw=-2.4 pitch=23.1 cx=250.2293243408203
2025-12-19 14:22:49,132 - INFO - openpose - Gaze3D frame=392 id=right label=Right person v=[-0.174, -0.475, 0.862] yaw=-11.4 pitch=28.4 cx=447.6705017089844
2025-12-19 14:22:49,132 - INFO - openpose - Gaze PUB: people=2, frame_idx=392
2025-12-19 14:22:49,832 - INFO - openpose - Gaze3D frame=400 id=left label=Left person v=[-0.236, -0.410, 0.881] yaw=-15.0 pitch=24.2 cx=246.1929702758789
2025-12-19 14:22:49,832 - INFO - openpose - Gaze3D frame=400 id=right label=Right person v=[-0.313, -0.328, 0.891] yaw=-19.3 pitch=19.2 cx=449.0565490722656
2025-12-19 14:22:49,832 - INFO - openpose - Gaze PUB: people=2, frame_idx=400
2025-12-19 14:22:50,535 - INFO - openpose - Gaze3D frame=408 id=left label=Left person v=[-0.224, -0.382, 0.897] yaw=-14.0 pitch=22.5 cx=247.11785125732422
2025-12-19 14:22:50,535 - INFO - openpose - Gaze3D frame=408 id=right label=Right person v=[-0.337, -0.363, 0.869] yaw=-21.2 pitch=21.3 cx=448.2908020019531
2025-12-19 14:22:50,535 - INFO - openpose - Gaze PUB: people=2, frame_idx=408
2025-12-19 14:22:51,261 - INFO - openpose - Gaze3D frame=416 id=left label=Left person v=[-0.247, -0.295, 0.923] yaw=-15.0 pitch=17.1 cx=246.91571807861328
2025-12-19 14:22:51,261 - INFO - openpose - Gaze3D frame=416 id=right label=Right person v=[-0.339, -0.350, 0.873] yaw=-21.2 pitch=20.5 cx=448.5118713378906
2025-12-19 14:22:51,261 - INFO - openpose - Gaze PUB: people=2, frame_idx=416
2025-12-19 14:22:51,971 - INFO - openpose - Gaze3D frame=424 id=left label=Left person v=[-0.202, -0.435, 0.877] yaw=-13.0 pitch=25.8 cx=247.6208953857422
2025-12-19 14:22:51,971 - INFO - openpose - Gaze3D frame=424 id=right label=Right person v=[-0.052, -0.618, 0.785] yaw=-3.8 pitch=38.2 cx=448.68345642089844
2025-12-19 14:22:51,971 - INFO - openpose - Gaze PUB: people=2, frame_idx=424
2025-12-19 14:22:52,662 - INFO - openpose - Gaze3D frame=432 id=left label=Left person v=[-0.259, -0.456, 0.852] yaw=-16.9 pitch=27.1 cx=248.0556869506836
2025-12-19 14:22:52,663 - INFO - openpose - Gaze3D frame=432 id=right label=Right person v=[-0.281, -0.367, 0.887] yaw=-17.6 pitch=21.5 cx=448.7209014892578
2025-12-19 14:22:52,663 - INFO - openpose - Gaze PUB: people=2, frame_idx=432
2025-12-19 14:22:53,358 - INFO - openpose - Gaze3D frame=440 id=left label=Left person v=[-0.151, -0.445, 0.883] yaw=-9.7 pitch=26.4 cx=252.12721252441406
2025-12-19 14:22:53,358 - INFO - openpose - Gaze3D frame=440 id=right label=Right person v=[-0.168, -0.441, 0.882] yaw=-10.8 pitch=26.2 cx=448.69189453125
2025-12-19 14:22:53,358 - INFO - openpose - Gaze PUB: people=2, frame_idx=440
2025-12-19 14:22:54,076 - INFO - openpose - Gaze3D frame=448 id=left label=Left person v=[-0.106, -0.346, 0.932] yaw=-6.5 pitch=20.3 cx=253.39785766601562
2025-12-19 14:22:54,076 - INFO - openpose - Gaze3D frame=448 id=right label=Right person v=[-0.234, -0.378, 0.896] yaw=-14.6 pitch=22.2 cx=448.91119384765625
2025-12-19 14:22:54,076 - INFO - openpose - Gaze PUB: people=2, frame_idx=448
2025-12-19 14:22:54,761 - INFO - openpose - Gaze3D frame=456 id=left label=Left person v=[-0.106, -0.221, 0.970] yaw=-6.3 pitch=12.7 cx=255.2237091064453
2025-12-19 14:22:54,761 - INFO - openpose - Gaze3D frame=456 id=right label=Right person v=[-0.538, -0.535, 0.651] yaw=-39.6 pitch=32.3 cx=451.2118835449219
2025-12-19 14:22:54,761 - INFO - openpose - Gaze PUB: people=2, frame_idx=456
2025-12-19 14:22:55,499 - INFO - openpose - Gaze3D frame=464 id=left label=Left person v=[-0.244, -0.282, 0.928] yaw=-14.7 pitch=16.4 cx=256.15348052978516
2025-12-19 14:22:55,499 - INFO - openpose - Gaze3D frame=464 id=right label=Right person v=[-0.339, -0.417, 0.843] yaw=-21.9 pitch=24.7 cx=452.86790466308594
2025-12-19 14:22:55,499 - INFO - openpose - Gaze PUB: people=2, frame_idx=464
2025-12-19 14:22:56,211 - INFO - openpose - Gaze3D frame=472 id=left label=Left person v=[-0.337, -0.249, 0.908] yaw=-20.4 pitch=14.4 cx=256.28175354003906
2025-12-19 14:22:56,211 - INFO - openpose - Gaze3D frame=472 id=right label=Right person v=[-0.433, -0.350, 0.831] yaw=-27.5 pitch=20.5 cx=451.94305419921875
2025-12-19 14:22:56,212 - INFO - openpose - Gaze PUB: people=2, frame_idx=472
2025-12-19 14:22:56,894 - INFO - openpose - Gaze3D frame=480 id=left label=Left person v=[-0.291, -0.359, 0.887] yaw=-18.2 pitch=21.1 cx=257.71121978759766
2025-12-19 14:22:56,895 - INFO - openpose - Gaze3D frame=480 id=right label=Right person v=[-0.419, -0.455, 0.786] yaw=-28.1 pitch=27.1 cx=452.45628356933594
2025-12-19 14:22:56,895 - INFO - openpose - Gaze PUB: people=2, frame_idx=480
2025-12-19 14:22:57,577 - INFO - openpose - Gaze3D frame=488 id=left label=Left person v=[-0.280, -0.372, 0.885] yaw=-17.6 pitch=21.8 cx=258.15289306640625
2025-12-19 14:22:57,577 - INFO - openpose - Gaze3D frame=488 id=right label=Right person v=[-0.422, -0.540, 0.728] yaw=-30.1 pitch=32.7 cx=452.35679626464844
2025-12-19 14:22:57,578 - INFO - openpose - Gaze PUB: people=2, frame_idx=488
2025-12-19 14:22:58,278 - INFO - openpose - Gaze3D frame=496 id=left label=Left person v=[-0.307, -0.266, 0.914] yaw=-18.6 pitch=15.4 cx=256.68113708496094
2025-12-19 14:22:58,278 - INFO - openpose - Gaze3D frame=496 id=right label=Right person v=[-0.439, -0.487, 0.755] yaw=-30.2 pitch=29.1 cx=452.09498596191406
2025-12-19 14:22:58,278 - INFO - openpose - Gaze PUB: people=2, frame_idx=496
2025-12-19 14:22:58,944 - INFO - openpose - Gaze3D frame=504 id=left label=Left person v=[-0.310, -0.244, 0.919] yaw=-18.6 pitch=14.1 cx=257.6808776855469
2025-12-19 14:22:58,944 - INFO - openpose - Gaze3D frame=504 id=right label=Right person v=[-0.444, -0.406, 0.799] yaw=-29.1 pitch=23.9 cx=451.9505615234375
2025-12-19 14:22:58,944 - INFO - openpose - Gaze PUB: people=2, frame_idx=504
2025-12-19 14:22:59,663 - INFO - openpose - Gaze3D frame=512 id=left label=Left person v=[-0.058, -0.493, 0.868] yaw=-3.8 pitch=29.5 cx=258.8313674926758
2025-12-19 14:22:59,663 - INFO - openpose - Gaze3D frame=512 id=right label=Right person v=[-0.426, -0.380, 0.821] yaw=-27.5 pitch=22.3 cx=451.62330627441406
2025-12-19 14:22:59,663 - INFO - openpose - Gaze PUB: people=2, frame_idx=512
2025-12-19 14:23:00,367 - INFO - openpose - Gaze3D frame=520 id=left label=Left person v=[-0.161, -0.385, 0.909] yaw=-10.0 pitch=22.6 cx=253.00009155273438
2025-12-19 14:23:00,367 - INFO - openpose - Gaze3D frame=520 id=right label=Right person v=[-0.388, -0.404, 0.829] yaw=-25.1 pitch=23.8 cx=450.55516052246094
2025-12-19 14:23:00,367 - INFO - openpose - Gaze PUB: people=2, frame_idx=520
2025-12-19 14:23:01,084 - INFO - openpose - Gaze3D frame=528 id=left label=Left person v=[-0.146, -0.288, 0.946] yaw=-8.8 pitch=16.8 cx=255.19239807128906
2025-12-19 14:23:01,085 - INFO - openpose - Gaze3D frame=528 id=right label=Right person v=[-0.080, -0.456, 0.887] yaw=-5.2 pitch=27.1 cx=449.5202331542969
2025-12-19 14:23:01,085 - INFO - openpose - Gaze PUB: people=2, frame_idx=528
2025-12-19 14:23:01,773 - INFO - openpose - Gaze3D frame=536 id=left label=Left person v=[-0.195, -0.215, 0.957] yaw=-11.5 pitch=12.4 cx=253.35799407958984
2025-12-19 14:23:01,773 - INFO - openpose - Gaze3D frame=536 id=right label=Right person v=[-0.401, -0.302, 0.865] yaw=-24.9 pitch=17.6 cx=451.2491912841797
2025-12-19 14:23:01,773 - INFO - openpose - Gaze PUB: people=2, frame_idx=536
2025-12-19 14:23:02,485 - INFO - openpose - Gaze3D frame=544 id=left label=Left person v=[-0.246, -0.349, 0.905] yaw=-15.2 pitch=20.4 cx=255.24750518798828
2025-12-19 14:23:02,485 - INFO - openpose - Gaze3D frame=544 id=right label=Right person v=[-0.151, -0.403, 0.902] yaw=-9.5 pitch=23.8 cx=452.7242431640625
2025-12-19 14:23:02,485 - INFO - openpose - Gaze PUB: people=2, frame_idx=544
2025-12-19 14:23:03,212 - INFO - openpose - Gaze3D frame=552 id=left label=Left person v=[-0.205, -0.373, 0.905] yaw=-12.8 pitch=21.9 cx=255.46614837646484
2025-12-19 14:23:03,212 - INFO - openpose - Gaze3D frame=552 id=right label=Right person v=[-0.448, -0.344, 0.825] yaw=-28.5 pitch=20.1 cx=454.17767333984375
2025-12-19 14:23:03,212 - INFO - openpose - Gaze PUB: people=2, frame_idx=552
2025-12-19 14:23:03,394 - INFO - openpose - Right person: Arm EXTENDED (depth-plane)
2025-12-19 14:23:03,394 - INFO - openpose - ZMQ Message received (non-blocking): PR: Arm Extended Check
2025-12-19 14:23:03,395 - INFO - openpose - ZMQ Sending: Right: Arm Extended
2025-12-19 14:23:03,453 - INFO - openpose - Right person: Arm RETRACTED (depth-plane)
2025-12-19 14:23:03,453 - INFO - openpose - ZMQ Message received (non-blocking): PR: Arm Retracted Check
2025-12-19 14:23:03,453 - INFO - openpose - ZMQ Sending: Right: Arm Retracted
2025-12-19 14:23:03,919 - INFO - openpose - Gaze3D frame=560 id=left label=Left person v=[-0.166, -0.390, 0.906] yaw=-10.4 pitch=22.9 cx=256.1891860961914
2025-12-19 14:23:03,919 - INFO - openpose - Gaze3D frame=560 id=right label=Right person v=[-0.409, -0.254, 0.877] yaw=-25.0 pitch=14.7 cx=444.48883056640625
2025-12-19 14:23:03,919 - INFO - openpose - Gaze PUB: people=2, frame_idx=560
2025-12-19 14:23:04,615 - INFO - openpose - Gaze3D frame=568 id=left label=Left person v=[-0.232, -0.307, 0.923] yaw=-14.1 pitch=17.9 cx=256.667236328125
2025-12-19 14:23:04,615 - INFO - openpose - Gaze3D frame=568 id=right label=Right person v=[-0.325, -0.802, 0.502] yaw=-32.9 pitch=53.3 cx=424.9756317138672
2025-12-19 14:23:04,615 - INFO - openpose - Gaze PUB: people=2, frame_idx=568
2025-12-19 14:23:05,305 - INFO - openpose - Gaze3D frame=576 id=left label=Left person v=[-0.370, -0.345, 0.863] yaw=-23.2 pitch=20.2 cx=256.82347869873047
2025-12-19 14:23:05,305 - INFO - openpose - Gaze3D frame=576 id=right label=Right person v=[-0.319, -0.886, 0.338] yaw=-43.3 pitch=62.3 cx=415.48829650878906
2025-12-19 14:23:05,305 - INFO - openpose - Gaze PUB: people=2, frame_idx=576
2025-12-19 14:23:05,978 - INFO - openpose - Gaze3D frame=584 id=left label=Left person v=[-0.158, -0.514, 0.843] yaw=-10.6 pitch=31.0 cx=259.1371383666992
2025-12-19 14:23:05,978 - INFO - openpose - Gaze3D frame=584 id=right label=Right person v=[-0.312, -0.849, 0.425] yaw=-36.3 pitch=58.2 cx=417.31427001953125
2025-12-19 14:23:05,979 - INFO - openpose - Gaze PUB: people=2, frame_idx=584
2025-12-19 14:23:06,643 - INFO - openpose - Gaze3D frame=592 id=left label=Left person v=[0.000, -0.432, 0.902] yaw=0.0 pitch=25.6 cx=261.05963134765625
2025-12-19 14:23:06,643 - INFO - openpose - Gaze3D frame=592 id=right label=Right person v=[-0.367, -0.725, 0.583] yaw=-32.2 pitch=46.5 cx=424.69483947753906
2025-12-19 14:23:06,643 - INFO - openpose - Gaze PUB: people=2, frame_idx=592
2025-12-19 14:23:07,334 - INFO - openpose - Gaze3D frame=600 id=left label=Left person v=[-0.076, -0.337, 0.939] yaw=-4.6 pitch=19.7 cx=260.7100067138672
2025-12-19 14:23:07,334 - INFO - openpose - Gaze3D frame=600 id=right label=Right person v=[0.023, -0.602, 0.799] yaw=1.6 pitch=37.0 cx=451.0728759765625
2025-12-19 14:23:07,334 - INFO - openpose - Gaze PUB: people=2, frame_idx=600
2025-12-19 14:23:07,983 - INFO - openpose - Gaze3D frame=608 id=left label=Left person v=[-0.146, -0.267, 0.952] yaw=-8.7 pitch=15.5 cx=258.7440719604492
2025-12-19 14:23:07,983 - INFO - openpose - Gaze3D frame=608 id=right label=Right person v=[-0.107, -0.617, 0.780] yaw=-7.8 pitch=38.1 cx=457.1321563720703
2025-12-19 14:23:07,983 - INFO - openpose - Gaze PUB: people=2, frame_idx=608
2025-12-19 14:23:08,684 - INFO - openpose - Gaze3D frame=616 id=left label=Left person v=[-0.333, -0.340, 0.879] yaw=-20.7 pitch=19.9 cx=258.9899444580078
2025-12-19 14:23:08,684 - INFO - openpose - Gaze3D frame=616 id=right label=Right person v=[-0.368, -0.524, 0.768] yaw=-25.6 pitch=31.6 cx=446.1607208251953
2025-12-19 14:23:08,684 - INFO - openpose - Gaze PUB: people=2, frame_idx=616
2025-12-19 14:23:09,340 - INFO - openpose - Gaze3D frame=624 id=left label=Left person v=[-0.091, -0.422, 0.902] yaw=-5.7 pitch=25.0 cx=275.9065933227539
2025-12-19 14:23:09,341 - INFO - openpose - Gaze3D frame=624 id=right label=Right person v=[-0.215, -0.433, 0.875] yaw=-13.8 pitch=25.7 cx=447.1847229003906
2025-12-19 14:23:09,341 - INFO - openpose - Gaze PUB: people=2, frame_idx=624
2025-12-19 14:23:09,940 - INFO - openpose - Gaze3D frame=632 id=right label=Right person v=[-0.384, -0.573, 0.724] yaw=-27.9 pitch=35.0 cx=449.26025390625
2025-12-19 14:23:09,940 - INFO - openpose - Gaze PUB: people=1, frame_idx=632
2025-12-19 14:23:10,622 - INFO - openpose - Gaze3D frame=640 id=left label=Left person v=[-0.353, -0.573, 0.739] yaw=-25.6 pitch=35.0 cx=292.3323974609375
2025-12-19 14:23:10,623 - INFO - openpose - Gaze3D frame=640 id=right label=Right person v=[-0.360, -0.558, 0.748] yaw=-25.7 pitch=33.9 cx=451.4258575439453
2025-12-19 14:23:10,623 - INFO - openpose - Gaze PUB: people=2, frame_idx=640
2025-12-19 14:23:11,212 - INFO - openpose - Gaze3D frame=648 id=right label=Right person v=[-0.411, -0.543, 0.732] yaw=-29.3 pitch=32.9 cx=451.14390563964844
2025-12-19 14:23:11,213 - INFO - openpose - Gaze PUB: people=1, frame_idx=648
2025-12-19 14:23:11,850 - INFO - openpose - Gaze3D frame=656 id=right label=Right person v=[-0.369, -0.546, 0.752] yaw=-26.1 pitch=33.1 cx=451.76515197753906
2025-12-19 14:23:11,850 - INFO - openpose - Gaze PUB: people=1, frame_idx=656
2025-12-19 14:23:12,539 - INFO - openpose - Gaze3D frame=664 id=left label=Left person v=[-0.232, -0.377, 0.896] yaw=-14.5 pitch=22.2 cx=271.5639953613281
2025-12-19 14:23:12,539 - INFO - openpose - Gaze3D frame=664 id=right label=Right person v=[-0.199, -0.598, 0.776] yaw=-14.4 pitch=36.7 cx=450.2929382324219
2025-12-19 14:23:12,539 - INFO - openpose - Gaze PUB: people=2, frame_idx=664
2025-12-19 14:23:13,236 - INFO - openpose - Gaze3D frame=672 id=left label=Left person v=[-0.242, -0.302, 0.922] yaw=-14.7 pitch=17.6 cx=247.51161193847656
2025-12-19 14:23:13,236 - INFO - openpose - Gaze3D frame=672 id=right label=Right person v=[-0.215, -0.512, 0.831] yaw=-14.5 pitch=30.8 cx=448.3375244140625
2025-12-19 14:23:13,236 - INFO - openpose - Gaze PUB: people=2, frame_idx=672
2025-12-19 14:23:13,926 - INFO - openpose - Gaze3D frame=680 id=left label=Left person v=[-0.240, -0.223, 0.945] yaw=-14.2 pitch=12.9 cx=240.09080505371094
2025-12-19 14:23:13,926 - INFO - openpose - Gaze3D frame=680 id=right label=Right person v=[-0.103, -0.633, 0.767] yaw=-7.6 pitch=39.3 cx=445.8426818847656
2025-12-19 14:23:13,926 - INFO - openpose - Gaze PUB: people=2, frame_idx=680
2025-12-19 14:23:14,593 - INFO - openpose - Gaze3D frame=688 id=left label=Left person v=[-0.184, -0.220, 0.958] yaw=-10.9 pitch=12.7 cx=256.10057067871094
2025-12-19 14:23:14,594 - INFO - openpose - Gaze3D frame=688 id=right label=Right person v=[-0.387, -0.555, 0.737] yaw=-27.7 pitch=33.7 cx=446.59779357910156
2025-12-19 14:23:14,594 - INFO - openpose - Gaze PUB: people=2, frame_idx=688
2025-12-19 14:23:14,715 - INFO - openpose - Left person: Arm EXTENDED (depth-plane)
2025-12-19 14:23:14,715 - INFO - openpose - ZMQ Message received (non-blocking): PL: Arm Extended Check
2025-12-19 14:23:14,715 - INFO - openpose - ZMQ Sending: Left: Arm Extended
2025-12-19 14:23:14,779 - INFO - openpose - Left person: Arm RETRACTED (depth-plane)
2025-12-19 14:23:14,779 - INFO - openpose - ZMQ Message received (non-blocking): PL: Arm Retracted Check
2025-12-19 14:23:14,779 - INFO - openpose - ZMQ Sending: Left: Arm Retracted
2025-12-19 14:23:15,242 - INFO - openpose - Gaze3D frame=696 id=left label=Left person v=[-0.271, -0.097, 0.958] yaw=-15.8 pitch=5.5 cx=259.685546875
2025-12-19 14:23:15,242 - INFO - openpose - Gaze3D frame=696 id=right label=Right person v=[-0.247, -0.505, 0.827] yaw=-16.6 pitch=30.3 cx=446.45091247558594
2025-12-19 14:23:15,242 - INFO - openpose - Gaze PUB: people=2, frame_idx=696
2025-12-19 14:23:15,946 - INFO - openpose - Gaze3D frame=704 id=left label=Left person v=[-0.166, -0.474, 0.864] yaw=-10.9 pitch=28.3 cx=243.79412841796875
2025-12-19 14:23:15,946 - INFO - openpose - Gaze3D frame=704 id=right label=Right person v=[-0.081, -0.641, 0.763] yaw=-6.1 pitch=39.8 cx=445.3077087402344
2025-12-19 14:23:15,946 - INFO - openpose - Gaze PUB: people=2, frame_idx=704
2025-12-19 14:23:16,645 - INFO - openpose - Gaze3D frame=712 id=left label=Left person v=[-0.017, -0.433, 0.901] yaw=-1.1 pitch=25.7 cx=231.06441497802734
2025-12-19 14:23:16,645 - INFO - openpose - Gaze3D frame=712 id=right label=Right person v=[-0.091, -0.700, 0.708] yaw=-7.3 pitch=44.4 cx=443.54315185546875
2025-12-19 14:23:16,645 - INFO - openpose - Gaze PUB: people=2, frame_idx=712
2025-12-19 14:23:17,337 - INFO - openpose - Gaze3D frame=720 id=left label=Left person v=[-0.321, -0.071, 0.944] yaw=-18.8 pitch=4.1 cx=236.8642120361328
2025-12-19 14:23:17,338 - INFO - openpose - Gaze3D frame=720 id=right label=Right person v=[-0.258, -0.464, 0.848] yaw=-16.9 pitch=27.6 cx=451.47438049316406
2025-12-19 14:23:17,338 - INFO - openpose - Gaze PUB: people=2, frame_idx=720
2025-12-19 14:23:17,454 - INFO - openpose - Right person: Arm EXTENDED (depth-plane)
2025-12-19 14:23:17,454 - INFO - openpose - ZMQ Message received (non-blocking): PR: Arm Extended Check
2025-12-19 14:23:17,454 - INFO - openpose - ZMQ Sending: Right: Arm Extended
2025-12-19 14:23:17,522 - INFO - openpose - Right person: Arm RETRACTED (depth-plane)
2025-12-19 14:23:17,522 - INFO - openpose - ZMQ Message received (non-blocking): PR: Arm Retracted Check
2025-12-19 14:23:17,522 - INFO - openpose - ZMQ Sending: Right: Arm Retracted
2025-12-19 14:23:18,016 - INFO - openpose - Gaze3D frame=728 id=left label=Left person v=[-0.007, 0.148, 0.989] yaw=-0.4 pitch=-8.5 cx=244.6460723876953
2025-12-19 14:23:18,016 - INFO - openpose - Gaze3D frame=728 id=right label=Right person v=[-0.156, -0.251, 0.955] yaw=-9.3 pitch=14.5 cx=451.21388244628906
2025-12-19 14:23:18,016 - INFO - openpose - Gaze PUB: people=2, frame_idx=728
2025-12-19 14:23:18,715 - INFO - openpose - Gaze3D frame=736 id=left label=Left person v=[-0.169, -0.368, 0.914] yaw=-10.5 pitch=21.6 cx=246.09007263183594
2025-12-19 14:23:18,715 - INFO - openpose - Gaze3D frame=736 id=right label=Right person v=[-0.457, -0.652, 0.605] yaw=-37.1 pitch=40.7 cx=441.7185974121094
2025-12-19 14:23:18,715 - INFO - openpose - Gaze PUB: people=2, frame_idx=736
2025-12-19 14:23:19,448 - INFO - openpose - Gaze3D frame=744 id=left label=Left person v=[-0.304, -0.581, 0.755] yaw=-21.9 pitch=35.5 cx=248.06745147705078
2025-12-19 14:23:19,448 - INFO - openpose - Gaze3D frame=744 id=right label=Right person v=[-0.702, -0.290, 0.651] yaw=-47.2 pitch=16.8 cx=432.18577575683594
2025-12-19 14:23:19,448 - INFO - openpose - Gaze PUB: people=2, frame_idx=744
2025-12-19 14:23:20,154 - INFO - openpose - Gaze3D frame=752 id=left label=Left person v=[-0.092, -0.367, 0.926] yaw=-5.7 pitch=21.5 cx=252.96602630615234
2025-12-19 14:23:20,155 - INFO - openpose - Gaze3D frame=752 id=right label=Right person v=[-0.505, -0.736, 0.451] yaw=-48.2 pitch=47.4 cx=432.246337890625
2025-12-19 14:23:20,155 - INFO - openpose - Gaze PUB: people=2, frame_idx=752
2025-12-19 14:23:20,869 - INFO - openpose - Gaze3D frame=760 id=left label=Left person v=[-0.146, -0.429, 0.892] yaw=-9.3 pitch=25.4 cx=255.84814453125
2025-12-19 14:23:20,869 - INFO - openpose - Gaze3D frame=760 id=right label=Right person v=[-0.637, -0.544, 0.546] yaw=-49.4 pitch=33.0 cx=432.68544006347656
2025-12-19 14:23:20,869 - INFO - openpose - Gaze PUB: people=2, frame_idx=760
2025-12-19 14:23:21,534 - INFO - openpose - Gaze3D frame=768 id=left label=Left person v=[-0.070, -0.063, 0.996] yaw=-4.0 pitch=3.6 cx=252.94241333007812
2025-12-19 14:23:21,535 - INFO - openpose - Gaze3D frame=768 id=right label=Right person v=[-0.561, 0.053, 0.826] yaw=-34.2 pitch=-3.1 cx=444.98182678222656
2025-12-19 14:23:21,535 - INFO - openpose - Gaze PUB: people=2, frame_idx=768
2025-12-19 14:23:22,243 - INFO - openpose - Gaze3D frame=776 id=left label=Left person v=[-0.121, -0.322, 0.939] yaw=-7.3 pitch=18.8 cx=253.11231994628906
2025-12-19 14:23:22,244 - INFO - openpose - Gaze3D frame=776 id=right label=Right person v=[-0.238, -0.530, 0.814] yaw=-16.3 pitch=32.0 cx=454.7722930908203
2025-12-19 14:23:22,244 - INFO - openpose - Gaze PUB: people=2, frame_idx=776
2025-12-19 14:23:22,908 - INFO - openpose - Gaze3D frame=784 id=left label=Left person v=[-0.124, -0.354, 0.927] yaw=-7.6 pitch=20.7 cx=271.13404083251953
2025-12-19 14:23:22,908 - INFO - openpose - Gaze3D frame=784 id=right label=Right person v=[-0.132, -0.571, 0.810] yaw=-9.3 pitch=34.8 cx=452.4367980957031
2025-12-19 14:23:22,908 - INFO - openpose - Gaze PUB: people=2, frame_idx=784
2025-12-19 14:23:23,599 - INFO - openpose - Gaze3D frame=792 id=left label=Left person v=[-0.202, -0.261, 0.944] yaw=-12.1 pitch=15.1 cx=281.45361328125
2025-12-19 14:23:23,600 - INFO - openpose - Gaze3D frame=792 id=right label=Right person v=[-0.089, -0.554, 0.828] yaw=-6.2 pitch=33.6 cx=451.96063232421875
2025-12-19 14:23:23,600 - INFO - openpose - Gaze PUB: people=2, frame_idx=792
2025-12-19 14:23:24,308 - INFO - openpose - Gaze3D frame=800 id=left label=Left person v=[-0.228, -0.448, 0.864] yaw=-14.8 pitch=26.6 cx=282.10731506347656
2025-12-19 14:23:24,308 - INFO - openpose - Gaze3D frame=800 id=right label=Right person v=[-0.187, -0.448, 0.874] yaw=-12.1 pitch=26.6 cx=454.0907440185547
2025-12-19 14:23:24,309 - INFO - openpose - Gaze PUB: people=2, frame_idx=800
2025-12-19 14:23:24,755 - INFO - openpose - Left person: Arm EXTENDED (depth-plane)
2025-12-19 14:23:24,755 - INFO - openpose - ZMQ Message received (non-blocking): PL: Arm Extended Check
2025-12-19 14:23:24,755 - INFO - openpose - ZMQ Sending: Left: Arm Extended
2025-12-19 14:23:25,011 - INFO - openpose - Gaze3D frame=808 id=left label=Left person v=[-0.248, -0.197, 0.948] yaw=-14.7 pitch=11.4 cx=296.13629150390625
2025-12-19 14:23:25,012 - INFO - openpose - Gaze3D frame=808 id=right label=Right person v=[-0.236, -0.430, 0.871] yaw=-15.1 pitch=25.5 cx=454.321044921875
2025-12-19 14:23:25,012 - INFO - openpose - Gaze PUB: people=2, frame_idx=808
2025-12-19 14:23:25,013 - INFO - openpose - Left person: Arm RETRACTED (depth-plane)
2025-12-19 14:23:25,013 - INFO - openpose - ZMQ Message received (non-blocking): PL: Arm Retracted Check
2025-12-19 14:23:25,013 - INFO - openpose - ZMQ Sending: Left: Arm Retracted
2025-12-19 14:23:25,729 - INFO - openpose - Gaze3D frame=816 id=left label=Left person v=[-0.282, -0.769, 0.574] yaw=-26.2 pitch=50.2 cx=320.02857971191406
2025-12-19 14:23:25,729 - INFO - openpose - Gaze3D frame=816 id=right label=Right person v=[-0.150, -0.489, 0.859] yaw=-9.9 pitch=29.3 cx=454.1243896484375
2025-12-19 14:23:25,729 - INFO - openpose - Gaze PUB: people=2, frame_idx=816
2025-12-19 14:23:26,422 - INFO - openpose - Gaze3D frame=824 id=left label=Left person v=[-0.236, -0.688, 0.686] yaw=-19.0 pitch=43.5 cx=324.7666931152344
2025-12-19 14:23:26,423 - INFO - openpose - Gaze3D frame=824 id=right label=Right person v=[-0.158, -0.185, 0.970] yaw=-9.3 pitch=10.7 cx=456.1641387939453
2025-12-19 14:23:26,423 - INFO - openpose - Gaze PUB: people=2, frame_idx=824
2025-12-19 14:23:27,123 - INFO - openpose - Gaze3D frame=832 id=left label=Left person v=[-0.268, -0.619, 0.738] yaw=-20.0 pitch=38.3 cx=322.34251403808594
2025-12-19 14:23:27,123 - INFO - openpose - Gaze3D frame=832 id=right label=Right person v=[-0.090, 0.008, 0.996] yaw=-5.1 pitch=-0.5 cx=456.80604553222656
2025-12-19 14:23:27,123 - INFO - openpose - Gaze PUB: people=2, frame_idx=832
2025-12-19 14:23:27,836 - INFO - openpose - Gaze3D frame=840 id=left label=Left person v=[-0.262, -0.622, 0.738] yaw=-19.5 pitch=38.4 cx=318.3863525390625
2025-12-19 14:23:27,836 - INFO - openpose - Gaze3D frame=840 id=right label=Right person v=[-0.350, -0.434, 0.830] yaw=-22.8 pitch=25.7 cx=455.81048583984375
2025-12-19 14:23:27,836 - INFO - openpose - Gaze PUB: people=2, frame_idx=840
2025-12-19 14:23:28,496 - INFO - openpose - Gaze3D frame=848 id=left label=Left person v=[-0.456, -0.468, 0.757] yaw=-31.0 pitch=27.9 cx=316.593017578125
2025-12-19 14:23:28,496 - INFO - openpose - Gaze3D frame=848 id=right label=Right person v=[-0.163, -0.463, 0.871] yaw=-10.6 pitch=27.6 cx=455.51597595214844
2025-12-19 14:23:28,496 - INFO - openpose - Gaze PUB: people=2, frame_idx=848
2025-12-19 14:23:29,212 - INFO - openpose - Gaze3D frame=856 id=left label=Left person v=[-0.496, -0.628, 0.599] yaw=-39.6 pitch=38.9 cx=312.70350646972656
2025-12-19 14:23:29,212 - INFO - openpose - Gaze3D frame=856 id=right label=Right person v=[-0.415, -0.288, 0.863] yaw=-25.7 pitch=16.8 cx=455.47003173828125
2025-12-19 14:23:29,212 - INFO - openpose - Gaze PUB: people=2, frame_idx=856
2025-12-19 14:23:29,919 - INFO - openpose - Gaze3D frame=864 id=left label=Left person v=[-0.292, -0.239, 0.926] yaw=-17.5 pitch=13.8 cx=301.32957458496094
2025-12-19 14:23:29,919 - INFO - openpose - Gaze3D frame=864 id=right label=Right person v=[-0.273, -0.428, 0.861] yaw=-17.6 pitch=25.4 cx=455.34967041015625
2025-12-19 14:23:29,919 - INFO - openpose - Gaze PUB: people=2, frame_idx=864
2025-12-19 14:23:30,602 - INFO - openpose - Gaze3D frame=872 id=left label=Left person v=[-0.271, -0.150, 0.951] yaw=-15.9 pitch=8.6 cx=251.7276840209961
2025-12-19 14:23:30,602 - INFO - openpose - Gaze3D frame=872 id=right label=Right person v=[-0.443, -0.280, 0.851] yaw=-27.5 pitch=16.3 cx=456.49900817871094
2025-12-19 14:23:30,602 - INFO - openpose - Gaze PUB: people=2, frame_idx=872
2025-12-19 14:23:31,309 - INFO - openpose - Gaze3D frame=880 id=left label=Left person v=[-0.302, -0.496, 0.814] yaw=-20.4 pitch=29.7 cx=238.18790435791016
2025-12-19 14:23:31,309 - INFO - openpose - Gaze3D frame=880 id=right label=Right person v=[-0.377, -0.356, 0.855] yaw=-23.8 pitch=20.8 cx=455.5619201660156
2025-12-19 14:23:31,309 - INFO - openpose - Gaze PUB: people=2, frame_idx=880
2025-12-19 14:23:32,010 - INFO - openpose - Gaze3D frame=888 id=left label=Left person v=[-0.210, -0.531, 0.821] yaw=-14.4 pitch=32.0 cx=230.4818115234375
2025-12-19 14:23:32,010 - INFO - openpose - Gaze3D frame=888 id=right label=Right person v=[-0.519, -0.121, 0.846] yaw=-31.5 pitch=7.0 cx=421.790283203125
2025-12-19 14:23:32,010 - INFO - openpose - Gaze PUB: people=2, frame_idx=888
2025-12-19 14:23:32,251 - INFO - openpose - Right person: Arm EXTENDED (depth-plane)
2025-12-19 14:23:32,251 - INFO - openpose - ZMQ Message received (non-blocking): PR: Arm Extended Check
2025-12-19 14:23:32,258 - INFO - openpose - ZMQ Sending: Right: Arm Extended
2025-12-19 14:23:32,323 - INFO - openpose - Right person: Arm RETRACTED (depth-plane)
2025-12-19 14:23:32,323 - INFO - openpose - ZMQ Message received (non-blocking): PR: Arm Retracted Check
2025-12-19 14:23:32,323 - INFO - openpose - ZMQ Sending: Right: Arm Retracted
2025-12-19 14:23:32,378 - INFO - openpose - Robot's turn detected
2025-12-19 14:23:32,678 - INFO - openpose - Gaze3D frame=896 id=left label=Left person v=[-0.242, -0.227, 0.943] yaw=-14.4 pitch=13.1 cx=241.0154571533203
2025-12-19 14:23:32,678 - INFO - openpose - Gaze3D frame=896 id=right label=Right person v=[-0.198, -0.001, 0.980] yaw=-11.4 pitch=0.0 cx=440.5854949951172
2025-12-19 14:23:32,678 - INFO - openpose - Gaze PUB: people=2, frame_idx=896
2025-12-19 14:23:33,345 - INFO - openpose - Gaze3D frame=904 id=left label=Left person v=[-0.353, -0.148, 0.924] yaw=-20.9 pitch=8.5 cx=243.3369598388672
2025-12-19 14:23:33,345 - INFO - openpose - Gaze3D frame=904 id=right label=Right person v=[-0.404, -0.328, 0.854] yaw=-25.3 pitch=19.1 cx=420.09881591796875
2025-12-19 14:23:33,345 - INFO - openpose - Gaze PUB: people=2, frame_idx=904
2025-12-19 14:23:34,048 - INFO - openpose - Gaze3D frame=912 id=left label=Left person v=[-0.383, -0.371, 0.846] yaw=-24.3 pitch=21.8 cx=241.01803588867188
2025-12-19 14:23:34,048 - INFO - openpose - Gaze3D frame=912 id=right label=Right person v=[-0.507, -0.701, 0.501] yaw=-45.3 pitch=44.5 cx=398.8748474121094
2025-12-19 14:23:34,048 - INFO - openpose - Gaze PUB: people=2, frame_idx=912
2025-12-19 14:23:34,749 - INFO - openpose - Gaze3D frame=920 id=left label=Left person v=[-0.262, -0.439, 0.859] yaw=-16.9 pitch=26.1 cx=240.3473663330078
2025-12-19 14:23:34,750 - INFO - openpose - Gaze3D frame=920 id=right label=Right person v=[-0.479, -0.750, 0.457] yaw=-46.3 pitch=48.6 cx=397.8813934326172
2025-12-19 14:23:34,750 - INFO - openpose - Gaze PUB: people=2, frame_idx=920
2025-12-19 14:23:35,446 - INFO - openpose - Gaze3D frame=928 id=left label=Left person v=[-0.312, -0.413, 0.856] yaw=-20.0 pitch=24.4 cx=240.05555725097656
2025-12-19 14:23:35,447 - INFO - openpose - Gaze3D frame=928 id=right label=Right person v=[-0.536, -0.304, 0.788] yaw=-34.2 pitch=17.7 cx=406.7934265136719
2025-12-19 14:23:35,447 - INFO - openpose - Gaze PUB: people=2, frame_idx=928
2025-12-19 14:23:36,119 - INFO - openpose - Gaze3D frame=936 id=left label=Left person v=[-0.422, -0.387, 0.820] yaw=-27.2 pitch=22.8 cx=245.6384735107422
2025-12-19 14:23:36,119 - INFO - openpose - Gaze3D frame=936 id=right label=Right person v=[-0.061, -0.550, 0.833] yaw=-4.2 pitch=33.4 cx=461.62123107910156
2025-12-19 14:23:36,119 - INFO - openpose - Gaze PUB: people=2, frame_idx=936
2025-12-19 14:23:36,813 - INFO - openpose - Gaze3D frame=944 id=left label=Left person v=[-0.222, -0.137, 0.965] yaw=-13.0 pitch=7.8 cx=249.32205963134766
2025-12-19 14:23:36,813 - INFO - openpose - Gaze3D frame=944 id=right label=Right person v=[-0.492, -0.395, 0.776] yaw=-32.4 pitch=23.3 cx=444.55946350097656
2025-12-19 14:23:36,814 - INFO - openpose - Gaze PUB: people=2, frame_idx=944
2025-12-19 14:23:37,518 - INFO - openpose - Gaze3D frame=952 id=left label=Left person v=[-0.304, -0.160, 0.939] yaw=-17.9 pitch=9.2 cx=245.75146484375
2025-12-19 14:23:37,518 - INFO - openpose - Gaze3D frame=952 id=right label=Right person v=[-0.336, -0.390, 0.857] yaw=-21.4 pitch=23.0 cx=445.5010528564453
2025-12-19 14:23:37,518 - INFO - openpose - Gaze PUB: people=2, frame_idx=952
2025-12-19 14:23:38,214 - INFO - openpose - Gaze3D frame=960 id=left label=Left person v=[-0.202, -0.132, 0.971] yaw=-11.7 pitch=7.6 cx=246.74293518066406
2025-12-19 14:23:38,214 - INFO - openpose - Gaze3D frame=960 id=right label=Right person v=[-0.415, -0.375, 0.829] yaw=-26.6 pitch=22.0 cx=442.59461975097656
2025-12-19 14:23:38,214 - INFO - openpose - Gaze PUB: people=2, frame_idx=960
2025-12-19 14:23:38,909 - INFO - openpose - Gaze3D frame=968 id=left label=Left person v=[-0.263, -0.192, 0.945] yaw=-15.6 pitch=11.1 cx=249.31228637695312
2025-12-19 14:23:38,910 - INFO - openpose - Gaze3D frame=968 id=right label=Right person v=[-0.440, -0.134, 0.888] yaw=-26.3 pitch=7.7 cx=442.4344482421875
2025-12-19 14:23:38,910 - INFO - openpose - Gaze PUB: people=2, frame_idx=968
2025-12-19 14:23:39,583 - INFO - openpose - Gaze3D frame=976 id=left label=Left person v=[-0.184, -0.187, 0.965] yaw=-10.8 pitch=10.8 cx=247.5665283203125
2025-12-19 14:23:39,583 - INFO - openpose - Gaze3D frame=976 id=right label=Right person v=[-0.423, -0.167, 0.891] yaw=-25.4 pitch=9.6 cx=441.39320373535156
2025-12-19 14:23:39,583 - INFO - openpose - Gaze PUB: people=2, frame_idx=976
2025-12-19 14:23:40,246 - INFO - openpose - Gaze3D frame=984 id=left label=Left person v=[-0.190, -0.232, 0.954] yaw=-11.3 pitch=13.4 cx=246.29215240478516
2025-12-19 14:23:40,246 - INFO - openpose - Gaze3D frame=984 id=right label=Right person v=[-0.438, -0.310, 0.844] yaw=-27.4 pitch=18.0 cx=443.6113586425781
2025-12-19 14:23:40,246 - INFO - openpose - Gaze PUB: people=2, frame_idx=984
2025-12-19 14:23:40,916 - INFO - openpose - Gaze3D frame=992 id=left label=Left person v=[-0.113, -0.152, 0.982] yaw=-6.5 pitch=8.8 cx=245.615966796875
2025-12-19 14:23:40,916 - INFO - openpose - Gaze3D frame=992 id=right label=Right person v=[-0.394, -0.091, 0.914] yaw=-23.3 pitch=5.2 cx=441.69410705566406
2025-12-19 14:23:40,916 - INFO - openpose - Gaze PUB: people=2, frame_idx=992
2025-12-19 14:23:41,789 - INFO - openpose - Gaze3D frame=1000 id=left label=Left person v=[-0.308, -0.226, 0.924] yaw=-18.4 pitch=13.1 cx=248.12032318115234
2025-12-19 14:23:41,789 - INFO - openpose - Gaze3D frame=1000 id=right label=Right person v=[-0.507, -0.388, 0.770] yaw=-33.4 pitch=22.9 cx=439.7061767578125
2025-12-19 14:23:41,789 - INFO - openpose - Gaze PUB: people=2, frame_idx=1000
2025-12-19 14:23:42,496 - INFO - openpose - Gaze3D frame=1008 id=left label=Left person v=[-0.118, -0.110, 0.987] yaw=-6.8 pitch=6.3 cx=247.86721801757812
2025-12-19 14:23:42,497 - INFO - openpose - Gaze3D frame=1008 id=right label=Right person v=[-0.485, -0.427, 0.764] yaw=-32.4 pitch=25.2 cx=440.30369567871094
2025-12-19 14:23:42,497 - INFO - openpose - Gaze PUB: people=2, frame_idx=1008
2025-12-19 14:23:43,212 - INFO - openpose - Gaze3D frame=1016 id=left label=Left person v=[-0.146, -0.110, 0.983] yaw=-8.4 pitch=6.3 cx=246.75999450683594
2025-12-19 14:23:43,212 - INFO - openpose - Gaze3D frame=1016 id=right label=Right person v=[-0.347, -0.560, 0.752] yaw=-24.8 pitch=34.1 cx=432.02708435058594
2025-12-19 14:23:43,212 - INFO - openpose - Gaze PUB: people=2, frame_idx=1016
2025-12-19 14:23:43,901 - INFO - openpose - Gaze3D frame=1024 id=left label=Left person v=[-0.084, -0.203, 0.976] yaw=-4.9 pitch=11.7 cx=251.03838348388672
2025-12-19 14:23:43,901 - INFO - openpose - Gaze3D frame=1024 id=right label=Right person v=[-0.405, -0.413, 0.816] yaw=-26.4 pitch=24.4 cx=432.0843505859375
2025-12-19 14:23:43,901 - INFO - openpose - Gaze PUB: people=2, frame_idx=1024
2025-12-19 14:23:44,577 - INFO - openpose - Gaze3D frame=1032 id=left label=Left person v=[-0.140, -0.114, 0.984] yaw=-8.1 pitch=6.5 cx=252.85406494140625
2025-12-19 14:23:44,577 - INFO - openpose - Gaze3D frame=1032 id=right label=Right person v=[-0.390, -0.347, 0.853] yaw=-24.5 pitch=20.3 cx=431.66864013671875
2025-12-19 14:23:44,578 - INFO - openpose - Gaze PUB: people=2, frame_idx=1032
2025-12-19 14:23:45,278 - INFO - openpose - Gaze3D frame=1040 id=left label=Left person v=[-0.120, -0.270, 0.955] yaw=-7.2 pitch=15.7 cx=252.84629821777344
2025-12-19 14:23:45,278 - INFO - openpose - Gaze3D frame=1040 id=right label=Right person v=[-0.438, -0.273, 0.857] yaw=-27.1 pitch=15.8 cx=431.9154510498047
2025-12-19 14:23:45,278 - INFO - openpose - Gaze PUB: people=2, frame_idx=1040
2025-12-19 14:23:45,949 - INFO - openpose - Gaze3D frame=1048 id=left label=Left person v=[-0.081, -0.260, 0.962] yaw=-4.8 pitch=15.1 cx=252.89471435546875
2025-12-19 14:23:45,949 - INFO - openpose - Gaze3D frame=1048 id=right label=Right person v=[-0.446, -0.333, 0.831] yaw=-28.2 pitch=19.5 cx=432.0345764160156
2025-12-19 14:23:45,950 - INFO - openpose - Gaze PUB: people=2, frame_idx=1048
2025-12-19 14:23:46,685 - INFO - openpose - Gaze3D frame=1056 id=left label=Left person v=[-0.084, -0.343, 0.936] yaw=-5.1 pitch=20.0 cx=249.4301528930664
2025-12-19 14:23:46,685 - INFO - openpose - Gaze3D frame=1056 id=right label=Right person v=[-0.398, -0.566, 0.722] yaw=-28.8 pitch=34.4 cx=432.556884765625
2025-12-19 14:23:46,685 - INFO - openpose - Gaze PUB: people=2, frame_idx=1056
2025-12-19 14:23:46,685 - INFO - openpose - ZMQ Message received (non-blocking): Configuration finished
2025-12-19 14:23:46,685 - INFO - openpose - Configuration finished. Waiting for next configuration
2025-12-19 14:23:46,686 - INFO - openpose - OpenPose initialized - waiting for turn_order
