2026-01-09 14:08:53,714 - INFO - BuildTower - Pinned current thread to core 0
2026-01-09 14:08:53,715 - INFO - BuildTower - Main BuildTower thread pinned to core 0.
2026-01-09 14:08:53,870 - INFO - BuildTower - Robot parameters: robot_name=my_gen3, dof=7, gripper_present=True
2026-01-09 14:08:53,873 - INFO - BuildTower - Service initialized: /my_gen3/base/clear_faults
2026-01-09 14:08:53,875 - INFO - BuildTower - Service initialized: /my_gen3/base/read_action
2026-01-09 14:08:53,877 - INFO - BuildTower - Service initialized: /my_gen3/base/execute_action
2026-01-09 14:08:53,879 - INFO - BuildTower - Service initialized: /my_gen3/control_config/set_cartesian_reference_frame
2026-01-09 14:08:53,881 - INFO - BuildTower - Service initialized: /my_gen3/base/activate_publishing_of_action_topic
2026-01-09 14:08:53,882 - INFO - BuildTower - Service initialized: /my_gen3/base/send_gripper_command
2026-01-09 14:08:53,883 - INFO - BuildTower - OpenPoseThread started (core 1).
2026-01-09 14:08:53,883 - INFO - BuildTower - BuildTower class initialized successfully.
2026-01-09 14:08:53,883 - INFO - BuildTower - Pinned current thread to core 1
2026-01-09 14:08:53,884 - INFO - BuildTower - OpenPoseThread: Connected REQ to tcp://localhost:5555
2026-01-09 14:08:53,885 - INFO - BuildTower - ROS parameter /kortex_examples_test_results/cartesian_poses_with_notifications_python did not exist or could not be deleted.
2026-01-09 14:08:53,885 - INFO - BuildTower - Starting main robot control loop.
2026-01-09 14:08:53,885 - INFO - BuildTower - OpenPoseThread: Connected SUB to tcp://localhost:5556
2026-01-09 14:08:53,889 - ERROR - BuildTower - Failed to call ClearFaults: service [/my_gen3/base/clear_faults] responded with an error: b''
2026-01-09 14:08:53,902 - ERROR - BuildTower - Failed to call ExecuteAction: service [/my_gen3/control_config/set_cartesian_reference_frame] responded with an error: b''
2026-01-09 14:08:53,904 - INFO - BuildTower - Activating action notifications.
2026-01-09 14:08:53,908 - INFO - BuildTower - Action Notifications successfully activated.
2026-01-09 14:08:54,916 - ERROR - BuildTower - Failed to call ReadAction for home: service [/my_gen3/base/read_action] responded with an error: b''
