2025-12-16 16:58:22,782 - INFO - openpose - OpenPose server started and bound to tcp://*:5555
2025-12-16 16:58:22,782 - INFO - openpose - OpenPose server started and bound to tcp://*:5556
2025-12-16 16:58:22,795 - INFO - openpose - Starting OpenPose
2025-12-16 16:58:23,569 - INFO - openpose - OpenPose initialized - waiting for turn_order
2025-12-16 16:58:34,247 - INFO - openpose - Message received: ybypbpbpy

2025-12-16 16:58:35,004 - INFO - openpose - Gaze3D frame=0 id=left label=Left person v=[-0.450, 0.223, 0.865] yaw=-27.5 pitch=-12.9 cx=269.09957122802734
2025-12-16 16:58:35,004 - INFO - openpose - Gaze3D frame=0 id=right label=Right person v=[-0.383, 0.069, 0.921] yaw=-22.6 pitch=-4.0 cx=445.4090270996094
2025-12-16 16:58:35,005 - INFO - openpose - Gaze PUB: people=2, frame_idx=0
2025-12-16 16:58:35,005 - INFO - openpose - Robot's turn detected
2025-12-16 16:58:35,724 - INFO - openpose - Gaze3D frame=8 id=left label=Left person v=[-0.505, 0.377, 0.777] yaw=-33.0 pitch=-22.1 cx=270.4154052734375
2025-12-16 16:58:35,724 - INFO - openpose - Gaze3D frame=8 id=right label=Right person v=[-0.367, 0.265, 0.892] yaw=-22.4 pitch=-15.4 cx=447.2693176269531
2025-12-16 16:58:35,724 - INFO - openpose - Gaze PUB: people=2, frame_idx=8
2025-12-16 16:58:36,398 - INFO - openpose - Gaze3D frame=16 id=left label=Left person v=[-0.454, 0.384, 0.804] yaw=-29.4 pitch=-22.6 cx=269.9100341796875
2025-12-16 16:58:36,398 - INFO - openpose - Gaze3D frame=16 id=right label=Right person v=[-0.314, 0.282, 0.907] yaw=-19.1 pitch=-16.4 cx=447.99317932128906
2025-12-16 16:58:36,398 - INFO - openpose - Gaze PUB: people=2, frame_idx=16
2025-12-16 16:58:37,053 - INFO - openpose - Gaze3D frame=24 id=left label=Left person v=[-0.465, 0.502, 0.729] yaw=-32.5 pitch=-30.2 cx=271.0291061401367
2025-12-16 16:58:37,053 - INFO - openpose - Gaze3D frame=24 id=right label=Right person v=[-0.233, 0.052, 0.971] yaw=-13.5 pitch=-3.0 cx=442.55230712890625
2025-12-16 16:58:37,053 - INFO - openpose - Gaze PUB: people=2, frame_idx=24
2025-12-16 16:58:37,735 - INFO - openpose - Gaze3D frame=32 id=left label=Left person v=[-0.410, 0.461, 0.787] yaw=-27.5 pitch=-27.4 cx=271.1959915161133
2025-12-16 16:58:37,735 - INFO - openpose - Gaze3D frame=32 id=right label=Right person v=[-0.185, -0.182, 0.966] yaw=-10.8 pitch=10.5 cx=441.76983642578125
2025-12-16 16:58:37,735 - INFO - openpose - Gaze PUB: people=2, frame_idx=32
2025-12-16 16:58:38,425 - INFO - openpose - Gaze3D frame=40 id=left label=Left person v=[-0.435, 0.415, 0.799] yaw=-28.6 pitch=-24.5 cx=271.2481460571289
2025-12-16 16:58:38,425 - INFO - openpose - Gaze3D frame=40 id=right label=Right person v=[-0.438, -0.233, 0.868] yaw=-26.8 pitch=13.5 cx=432.3711242675781
2025-12-16 16:58:38,425 - INFO - openpose - Gaze PUB: people=2, frame_idx=40
2025-12-16 16:58:39,095 - INFO - openpose - Gaze3D frame=48 id=left label=Left person v=[-0.499, 0.391, 0.773] yaw=-32.9 pitch=-23.0 cx=272.59344482421875
2025-12-16 16:58:39,095 - INFO - openpose - Gaze3D frame=48 id=right label=Right person v=[-0.407, 0.003, 0.914] yaw=-24.0 pitch=-0.2 cx=435.8397521972656
2025-12-16 16:58:39,095 - INFO - openpose - Gaze PUB: people=2, frame_idx=48
2025-12-16 16:58:39,707 - INFO - openpose - Gaze3D frame=56 id=left label=Left person v=[-0.431, 0.649, 0.627] yaw=-34.5 pitch=-40.5 cx=275.49342346191406
2025-12-16 16:58:39,707 - INFO - openpose - Gaze3D frame=56 id=right label=Right person v=[-0.412, 0.061, 0.909] yaw=-24.4 pitch=-3.5 cx=435.7999267578125
2025-12-16 16:58:39,707 - INFO - openpose - Gaze PUB: people=2, frame_idx=56
2025-12-16 16:58:40,346 - INFO - openpose - Gaze3D frame=64 id=left label=Left person v=[-0.462, 0.590, 0.662] yaw=-34.9 pitch=-36.2 cx=272.2682189941406
2025-12-16 16:58:40,346 - INFO - openpose - Gaze3D frame=64 id=right label=Right person v=[-0.600, -0.093, 0.795] yaw=-37.1 pitch=5.3 cx=434.9999694824219
2025-12-16 16:58:40,346 - INFO - openpose - Gaze PUB: people=2, frame_idx=64
2025-12-16 16:58:41,027 - INFO - openpose - Gaze3D frame=72 id=left label=Left person v=[-0.461, 0.557, 0.691] yaw=-33.7 pitch=-33.8 cx=272.0184020996094
2025-12-16 16:58:41,028 - INFO - openpose - Gaze3D frame=72 id=right label=Right person v=[-0.543, 0.175, 0.821] yaw=-33.5 pitch=-10.1 cx=436.6610870361328
2025-12-16 16:58:41,028 - INFO - openpose - Gaze PUB: people=2, frame_idx=72
2025-12-16 16:58:41,754 - INFO - openpose - Gaze3D frame=80 id=left label=Left person v=[-0.532, 0.533, 0.658] yaw=-39.0 pitch=-32.2 cx=272.43021392822266
2025-12-16 16:58:41,754 - INFO - openpose - Gaze3D frame=80 id=right label=Right person v=[-0.492, 0.072, 0.867] yaw=-29.6 pitch=-4.1 cx=437.9578857421875
2025-12-16 16:58:41,754 - INFO - openpose - Gaze3D frame=80 id=right label=Right person v=[-0.105, 0.330, 0.938] yaw=-6.4 pitch=-19.3 cx=482.3896942138672
2025-12-16 16:58:41,754 - INFO - openpose - Gaze PUB: people=3, frame_idx=80
2025-12-16 16:58:46,432 - INFO - openpose - Left person: Arm EXTENDED (depth-plane)
2025-12-16 16:58:46,619 - INFO - openpose - Left person: Arm RETRACTED (depth-plane)
2025-12-16 16:58:46,676 - INFO - openpose - Robot's turn detected
2025-12-16 16:58:46,938 - INFO - openpose - Gaze3D frame=88 id=left label=Left person v=[-0.532, 0.440, 0.724] yaw=-36.3 pitch=-26.1 cx=270.3798065185547
2025-12-16 16:58:46,938 - INFO - openpose - Gaze3D frame=88 id=right label=Right person v=[-0.458, 0.015, 0.889] yaw=-27.3 pitch=-0.9 cx=438.91310119628906
2025-12-16 16:58:46,946 - INFO - openpose - Gaze PUB: people=2, frame_idx=88
2025-12-16 16:58:47,627 - INFO - openpose - Gaze3D frame=96 id=left label=Left person v=[-0.541, 0.343, 0.768] yaw=-35.1 pitch=-20.1 cx=270.02217864990234
2025-12-16 16:58:47,628 - INFO - openpose - Gaze3D frame=96 id=right label=Right person v=[-0.409, 0.016, 0.912] yaw=-24.2 pitch=-0.9 cx=439.07740783691406
2025-12-16 16:58:47,628 - INFO - openpose - Gaze PUB: people=2, frame_idx=96
2025-12-16 16:58:48,302 - INFO - openpose - Gaze3D frame=104 id=left label=Left person v=[-0.494, 0.381, 0.781] yaw=-32.3 pitch=-22.4 cx=268.69738006591797
2025-12-16 16:58:48,302 - INFO - openpose - Gaze3D frame=104 id=right label=Right person v=[-0.507, -0.191, 0.841] yaw=-31.1 pitch=11.0 cx=438.001220703125
2025-12-16 16:58:48,302 - INFO - openpose - Gaze PUB: people=2, frame_idx=104
2025-12-16 16:58:48,978 - INFO - openpose - Gaze3D frame=112 id=left label=Left person v=[-0.550, 0.257, 0.794] yaw=-34.7 pitch=-14.9 cx=268.7980728149414
2025-12-16 16:58:48,978 - INFO - openpose - Gaze3D frame=112 id=right label=Right person v=[-0.440, 0.234, 0.867] yaw=-26.9 pitch=-13.5 cx=440.0113830566406
2025-12-16 16:58:48,978 - INFO - openpose - Gaze PUB: people=2, frame_idx=112
2025-12-16 16:58:49,667 - INFO - openpose - Gaze3D frame=120 id=left label=Left person v=[-0.574, 0.304, 0.760] yaw=-37.0 pitch=-17.7 cx=268.09149169921875
2025-12-16 16:58:49,667 - INFO - openpose - Gaze3D frame=120 id=right label=Right person v=[-0.459, -0.182, 0.870] yaw=-27.8 pitch=10.5 cx=432.6873779296875
2025-12-16 16:58:49,667 - INFO - openpose - Gaze PUB: people=2, frame_idx=120
2025-12-16 16:58:50,335 - INFO - openpose - Gaze3D frame=128 id=left label=Left person v=[-0.535, 0.346, 0.771] yaw=-34.7 pitch=-20.2 cx=267.29866790771484
2025-12-16 16:58:50,335 - INFO - openpose - Gaze3D frame=128 id=right label=Right person v=[-0.534, 0.468, 0.704] yaw=-37.2 pitch=-27.9 cx=433.687744140625
2025-12-16 16:58:50,335 - INFO - openpose - Gaze PUB: people=2, frame_idx=128
2025-12-16 16:58:50,997 - INFO - openpose - Gaze3D frame=136 id=left label=Left person v=[-0.566, 0.290, 0.771] yaw=-36.3 pitch=-16.9 cx=268.26949310302734
2025-12-16 16:58:50,997 - INFO - openpose - Gaze3D frame=136 id=right label=Right person v=[-0.719, 0.400, 0.568] yaw=-51.7 pitch=-23.6 cx=431.9688415527344
2025-12-16 16:58:50,997 - INFO - openpose - Gaze PUB: people=2, frame_idx=136
2025-12-16 16:58:51,682 - INFO - openpose - Gaze3D frame=144 id=left label=Left person v=[-0.557, 0.377, 0.740] yaw=-37.0 pitch=-22.2 cx=268.53968048095703
2025-12-16 16:58:51,682 - INFO - openpose - Gaze3D frame=144 id=right label=Right person v=[-0.730, 0.444, 0.519] yaw=-54.6 pitch=-26.4 cx=431.64093017578125
2025-12-16 16:58:51,682 - INFO - openpose - Gaze PUB: people=2, frame_idx=144
2025-12-16 16:58:52,359 - INFO - openpose - Gaze3D frame=152 id=left label=Left person v=[-0.578, 0.435, 0.690] yaw=-40.0 pitch=-25.8 cx=268.1868896484375
2025-12-16 16:58:52,360 - INFO - openpose - Gaze3D frame=152 id=right label=Right person v=[-0.495, 0.033, 0.869] yaw=-29.7 pitch=-1.9 cx=429.982421875
2025-12-16 16:58:52,367 - INFO - openpose - Gaze PUB: people=2, frame_idx=152
2025-12-16 16:58:53,028 - INFO - openpose - Gaze3D frame=160 id=left label=Left person v=[-0.539, 0.365, 0.759] yaw=-35.3 pitch=-21.4 cx=267.916015625
2025-12-16 16:58:53,028 - INFO - openpose - Gaze3D frame=160 id=right label=Right person v=[-0.601, 0.069, 0.796] yaw=-37.0 pitch=-3.9 cx=432.0091552734375
2025-12-16 16:58:53,028 - INFO - openpose - Gaze PUB: people=2, frame_idx=160
2025-12-16 16:58:53,712 - INFO - openpose - Gaze3D frame=168 id=left label=Left person v=[-0.487, 0.299, 0.821] yaw=-30.7 pitch=-17.4 cx=267.39925384521484
2025-12-16 16:58:53,712 - INFO - openpose - Gaze3D frame=168 id=right label=Right person v=[-0.496, 0.346, 0.796] yaw=-31.9 pitch=-20.2 cx=440.9256134033203
2025-12-16 16:58:53,712 - INFO - openpose - Gaze PUB: people=2, frame_idx=168
2025-12-16 16:58:54,359 - INFO - openpose - Gaze3D frame=176 id=left label=Left person v=[-0.535, 0.202, 0.820] yaw=-33.1 pitch=-11.6 cx=266.2809143066406
2025-12-16 16:58:54,359 - INFO - openpose - Gaze3D frame=176 id=right label=Right person v=[-0.551, 0.358, 0.754] yaw=-36.2 pitch=-21.0 cx=443.4502258300781
2025-12-16 16:58:54,359 - INFO - openpose - Gaze PUB: people=2, frame_idx=176
2025-12-16 16:58:54,998 - INFO - openpose - Gaze3D frame=184 id=left label=Left person v=[-0.224, -0.390, 0.893] yaw=-14.1 pitch=23.0 cx=261.83229064941406
2025-12-16 16:58:54,998 - INFO - openpose - Gaze3D frame=184 id=right label=Right person v=[-0.500, 0.320, 0.805] yaw=-31.9 pitch=-18.6 cx=446.42527770996094
2025-12-16 16:58:54,998 - INFO - openpose - Gaze PUB: people=2, frame_idx=184
2025-12-16 16:58:55,056 - INFO - openpose - ZMQ Message received (non-blocking): PL: Arm Extended Check
2025-12-16 16:58:55,056 - INFO - openpose - ZMQ Sending: Left: Arm Extended
2025-12-16 16:58:55,112 - INFO - openpose - ZMQ Message received (non-blocking): PL: Arm Retracted Check
2025-12-16 16:58:55,112 - INFO - openpose - ZMQ Sending: Left: Arm Retracted
2025-12-16 16:58:55,649 - INFO - openpose - Gaze3D frame=192 id=left label=Left person v=[-0.261, 0.037, 0.965] yaw=-15.1 pitch=-2.1 cx=260.9891586303711
2025-12-16 16:58:55,650 - INFO - openpose - Gaze3D frame=192 id=right label=Right person v=[-0.482, 0.349, 0.804] yaw=-30.9 pitch=-20.4 cx=445.7267761230469
2025-12-16 16:58:55,650 - INFO - openpose - Gaze PUB: people=2, frame_idx=192
2025-12-16 16:58:56,323 - INFO - openpose - Gaze3D frame=200 id=left label=Left person v=[-0.207, 0.010, 0.978] yaw=-11.9 pitch=-0.6 cx=262.8682098388672
2025-12-16 16:58:56,323 - INFO - openpose - Gaze3D frame=200 id=right label=Right person v=[-0.479, 0.342, 0.808] yaw=-30.7 pitch=-20.0 cx=450.10569763183594
2025-12-16 16:58:56,323 - INFO - openpose - Gaze PUB: people=2, frame_idx=200
2025-12-16 16:58:56,979 - INFO - openpose - Gaze3D frame=208 id=left label=Left person v=[-0.402, -0.077, 0.913] yaw=-23.8 pitch=4.4 cx=262.3889923095703
2025-12-16 16:58:56,979 - INFO - openpose - Gaze3D frame=208 id=right label=Right person v=[-0.469, 0.041, 0.882] yaw=-28.0 pitch=-2.3 cx=447.557861328125
2025-12-16 16:58:56,979 - INFO - openpose - Gaze PUB: people=2, frame_idx=208
2025-12-16 16:58:57,668 - INFO - openpose - Gaze3D frame=216 id=left label=Left person v=[-0.501, 0.245, 0.830] yaw=-31.1 pitch=-14.2 cx=266.0003433227539
2025-12-16 16:58:57,668 - INFO - openpose - Gaze3D frame=216 id=right label=Right person v=[-0.346, 0.653, 0.674] yaw=-27.2 pitch=-40.8 cx=445.48683166503906
2025-12-16 16:58:57,675 - INFO - openpose - Gaze PUB: people=2, frame_idx=216
2025-12-16 16:58:58,306 - INFO - openpose - Gaze3D frame=224 id=left label=Left person v=[-0.420, 0.065, 0.905] yaw=-24.9 pitch=-3.8 cx=267.8296890258789
2025-12-16 16:58:58,306 - INFO - openpose - Gaze3D frame=224 id=right label=Right person v=[-0.445, 0.317, 0.837] yaw=-28.0 pitch=-18.5 cx=445.3443908691406
2025-12-16 16:58:58,306 - INFO - openpose - Gaze PUB: people=2, frame_idx=224
2025-12-16 16:58:59,000 - INFO - openpose - Gaze3D frame=232 id=left label=Left person v=[-0.512, -0.026, 0.859] yaw=-30.8 pitch=1.5 cx=266.2444305419922
2025-12-16 16:58:59,001 - INFO - openpose - Gaze3D frame=232 id=right label=Right person v=[-0.494, 0.272, 0.826] yaw=-30.9 pitch=-15.8 cx=446.4127960205078
2025-12-16 16:58:59,001 - INFO - openpose - Gaze PUB: people=2, frame_idx=232
2025-12-16 16:58:59,690 - INFO - openpose - Gaze3D frame=240 id=left label=Left person v=[-0.492, -0.188, 0.850] yaw=-30.1 pitch=10.8 cx=267.2755661010742
2025-12-16 16:58:59,690 - INFO - openpose - Gaze3D frame=240 id=right label=Right person v=[-0.421, 0.302, 0.855] yaw=-26.2 pitch=-17.6 cx=447.8699188232422
2025-12-16 16:58:59,690 - INFO - openpose - Gaze PUB: people=2, frame_idx=240
2025-12-16 16:59:00,321 - INFO - openpose - Gaze3D frame=248 id=left label=Left person v=[-0.318, -0.450, 0.834] yaw=-20.9 pitch=26.8 cx=263.13062286376953
2025-12-16 16:59:00,321 - INFO - openpose - Gaze3D frame=248 id=right label=Right person v=[-0.452, -0.028, 0.892] yaw=-26.9 pitch=1.6 cx=445.9067077636719
2025-12-16 16:59:00,321 - INFO - openpose - Gaze PUB: people=2, frame_idx=248
2025-12-16 16:59:00,947 - INFO - openpose - Gaze3D frame=256 id=left label=Left person v=[-0.251, -0.390, 0.886] yaw=-15.8 pitch=23.0 cx=261.87196350097656
2025-12-16 16:59:00,947 - INFO - openpose - Gaze3D frame=256 id=right label=Right person v=[-0.391, 0.068, 0.918] yaw=-23.1 pitch=-3.9 cx=446.04393005371094
2025-12-16 16:59:00,947 - INFO - openpose - Gaze PUB: people=2, frame_idx=256
2025-12-16 16:59:01,583 - INFO - openpose - Gaze3D frame=264 id=left label=Left person v=[-0.407, -0.492, 0.769] yaw=-27.9 pitch=29.5 cx=262.76649475097656
2025-12-16 16:59:01,584 - INFO - openpose - Gaze3D frame=264 id=right label=Right person v=[-0.404, 0.357, 0.842] yaw=-25.6 pitch=-20.9 cx=447.2181091308594
2025-12-16 16:59:01,584 - INFO - openpose - Gaze PUB: people=2, frame_idx=264
2025-12-16 16:59:02,267 - INFO - openpose - Gaze3D frame=272 id=left label=Left person v=[-0.431, -0.279, 0.858] yaw=-26.7 pitch=16.2 cx=261.9200897216797
2025-12-16 16:59:02,267 - INFO - openpose - Gaze3D frame=272 id=right label=Right person v=[-0.471, 0.433, 0.768] yaw=-31.5 pitch=-25.7 cx=448.1379699707031
2025-12-16 16:59:02,267 - INFO - openpose - Gaze PUB: people=2, frame_idx=272
2025-12-16 16:59:02,920 - INFO - openpose - Gaze3D frame=280 id=left label=Left person v=[-0.424, -0.362, 0.830] yaw=-27.0 pitch=21.2 cx=260.8651657104492
2025-12-16 16:59:02,928 - INFO - openpose - Gaze3D frame=280 id=right label=Right person v=[-0.460, 0.362, 0.811] yaw=-29.6 pitch=-21.2 cx=449.2741241455078
2025-12-16 16:59:02,928 - INFO - openpose - Gaze PUB: people=2, frame_idx=280
2025-12-16 16:59:03,598 - INFO - openpose - Gaze3D frame=288 id=left label=Left person v=[-0.496, 0.007, 0.868] yaw=-29.8 pitch=-0.4 cx=261.3551559448242
2025-12-16 16:59:03,598 - INFO - openpose - Gaze3D frame=288 id=right label=Right person v=[-0.432, 0.280, 0.857] yaw=-26.7 pitch=-16.3 cx=450.19000244140625
2025-12-16 16:59:03,598 - INFO - openpose - Gaze PUB: people=2, frame_idx=288
2025-12-16 16:59:04,278 - INFO - openpose - Gaze3D frame=296 id=left label=Left person v=[-0.454, -0.059, 0.889] yaw=-27.0 pitch=3.4 cx=260.8333053588867
2025-12-16 16:59:04,278 - INFO - openpose - Gaze3D frame=296 id=right label=Right person v=[-0.462, 0.371, 0.806] yaw=-29.8 pitch=-21.8 cx=449.4555969238281
2025-12-16 16:59:04,278 - INFO - openpose - Gaze PUB: people=2, frame_idx=296
2025-12-16 16:59:04,896 - INFO - openpose - Gaze3D frame=304 id=left label=Left person v=[-0.380, -0.353, 0.855] yaw=-24.0 pitch=20.6 cx=261.97068786621094
2025-12-16 16:59:04,896 - INFO - openpose - Gaze3D frame=304 id=right label=Right person v=[-0.407, 0.398, 0.822] yaw=-26.3 pitch=-23.5 cx=449.0146484375
2025-12-16 16:59:04,896 - INFO - openpose - Gaze PUB: people=2, frame_idx=304
2025-12-16 16:59:05,548 - INFO - openpose - Gaze3D frame=312 id=left label=Left person v=[-0.465, -0.384, 0.798] yaw=-30.2 pitch=22.6 cx=263.2718505859375
2025-12-16 16:59:05,548 - INFO - openpose - Gaze3D frame=312 id=right label=Right person v=[-0.275, 0.213, 0.937] yaw=-16.4 pitch=-12.3 cx=447.9053649902344
2025-12-16 16:59:05,548 - INFO - openpose - Gaze PUB: people=2, frame_idx=312
2025-12-16 16:59:06,226 - INFO - openpose - Gaze3D frame=320 id=left label=Left person v=[-0.444, 0.006, 0.896] yaw=-26.4 pitch=-0.3 cx=266.29383087158203
2025-12-16 16:59:06,227 - INFO - openpose - Gaze3D frame=320 id=right label=Right person v=[-0.227, 0.333, 0.915] yaw=-14.0 pitch=-19.4 cx=449.9107360839844
2025-12-16 16:59:06,227 - INFO - openpose - Gaze PUB: people=2, frame_idx=320
2025-12-16 16:59:06,862 - INFO - openpose - Gaze3D frame=328 id=left label=Left person v=[-0.347, 0.314, 0.884] yaw=-21.4 pitch=-18.3 cx=269.20137786865234
2025-12-16 16:59:06,863 - INFO - openpose - Gaze3D frame=328 id=right label=Right person v=[-0.399, 0.332, 0.855] yaw=-25.0 pitch=-19.4 cx=452.24501037597656
2025-12-16 16:59:06,863 - INFO - openpose - Gaze PUB: people=2, frame_idx=328
2025-12-16 16:59:07,536 - INFO - openpose - Gaze3D frame=336 id=left label=Left person v=[-0.266, 0.446, 0.854] yaw=-17.3 pitch=-26.5 cx=270.7500915527344
2025-12-16 16:59:07,536 - INFO - openpose - Gaze3D frame=336 id=right label=Right person v=[-0.376, 0.148, 0.915] yaw=-22.3 pitch=-8.5 cx=449.63560485839844
2025-12-16 16:59:07,536 - INFO - openpose - Gaze PUB: people=2, frame_idx=336
2025-12-16 16:59:08,204 - INFO - openpose - Gaze3D frame=344 id=left label=Left person v=[-0.315, 0.271, 0.910] yaw=-19.1 pitch=-15.7 cx=271.5137252807617
2025-12-16 16:59:08,205 - INFO - openpose - Gaze3D frame=344 id=right label=Right person v=[-0.486, 0.076, 0.871] yaw=-29.2 pitch=-4.4 cx=449.9361267089844
2025-12-16 16:59:08,212 - INFO - openpose - Gaze PUB: people=2, frame_idx=344
2025-12-16 16:59:08,883 - INFO - openpose - Gaze3D frame=352 id=left label=Left person v=[-0.391, 0.230, 0.891] yaw=-23.7 pitch=-13.3 cx=271.55879974365234
2025-12-16 16:59:08,883 - INFO - openpose - Gaze3D frame=352 id=right label=Right person v=[-0.457, 0.109, 0.883] yaw=-27.4 pitch=-6.2 cx=450.94532775878906
2025-12-16 16:59:08,883 - INFO - openpose - Gaze PUB: people=2, frame_idx=352
2025-12-16 16:59:09,574 - INFO - openpose - Gaze3D frame=360 id=left label=Left person v=[-0.478, 0.337, 0.811] yaw=-30.5 pitch=-19.7 cx=269.4449157714844
2025-12-16 16:59:09,574 - INFO - openpose - Gaze3D frame=360 id=right label=Right person v=[-0.507, 0.242, 0.828] yaw=-31.5 pitch=-14.0 cx=450.12689208984375
2025-12-16 16:59:09,574 - INFO - openpose - Gaze PUB: people=2, frame_idx=360
2025-12-16 16:59:10,246 - INFO - openpose - Gaze3D frame=368 id=left label=Left person v=[-0.491, 0.301, 0.817] yaw=-31.0 pitch=-17.5 cx=269.4293670654297
2025-12-16 16:59:10,246 - INFO - openpose - Gaze3D frame=368 id=right label=Right person v=[-0.398, 0.061, 0.915] yaw=-23.5 pitch=-3.5 cx=450.49021911621094
2025-12-16 16:59:10,246 - INFO - openpose - Gaze PUB: people=2, frame_idx=368
2025-12-16 16:59:10,898 - INFO - openpose - Gaze3D frame=376 id=left label=Left person v=[-0.459, 0.354, 0.815] yaw=-29.4 pitch=-20.7 cx=270.1244354248047
2025-12-16 16:59:10,898 - INFO - openpose - Gaze3D frame=376 id=right label=Right person v=[-0.471, 0.306, 0.827] yaw=-29.7 pitch=-17.8 cx=450.25689697265625
2025-12-16 16:59:10,898 - INFO - openpose - Gaze PUB: people=2, frame_idx=376
2025-12-16 16:59:11,574 - INFO - openpose - Gaze3D frame=384 id=left label=Left person v=[-0.485, 0.243, 0.840] yaw=-30.0 pitch=-14.0 cx=271.37562561035156
2025-12-16 16:59:11,574 - INFO - openpose - Gaze3D frame=384 id=right label=Right person v=[-0.376, 0.410, 0.831] yaw=-24.3 pitch=-24.2 cx=452.08213806152344
2025-12-16 16:59:11,574 - INFO - openpose - Gaze PUB: people=2, frame_idx=384
2025-12-16 16:59:12,256 - INFO - openpose - Gaze3D frame=392 id=left label=Left person v=[-0.473, 0.370, 0.800] yaw=-30.6 pitch=-21.7 cx=270.61302185058594
2025-12-16 16:59:12,256 - INFO - openpose - Gaze3D frame=392 id=right label=Right person v=[-0.393, 0.304, 0.868] yaw=-24.3 pitch=-17.7 cx=452.3555908203125
2025-12-16 16:59:12,256 - INFO - openpose - Gaze PUB: people=2, frame_idx=392
2025-12-16 16:59:12,938 - INFO - openpose - Gaze3D frame=400 id=left label=Left person v=[-0.386, 0.411, 0.826] yaw=-25.1 pitch=-24.3 cx=269.01644134521484
2025-12-16 16:59:12,938 - INFO - openpose - Gaze3D frame=400 id=right label=Right person v=[-0.394, 0.292, 0.871] yaw=-24.4 pitch=-17.0 cx=451.93467712402344
2025-12-16 16:59:12,938 - INFO - openpose - Gaze PUB: people=2, frame_idx=400
2025-12-16 16:59:13,623 - INFO - openpose - Gaze3D frame=408 id=left label=Left person v=[-0.396, -0.435, 0.809] yaw=-26.1 pitch=25.8 cx=263.553955078125
2025-12-16 16:59:13,623 - INFO - openpose - Gaze3D frame=408 id=right label=Right person v=[-0.401, 0.049, 0.915] yaw=-23.7 pitch=-2.8 cx=452.5871276855469
2025-12-16 16:59:13,631 - INFO - openpose - Gaze PUB: people=2, frame_idx=408
2025-12-16 16:59:14,337 - INFO - openpose - Gaze3D frame=416 id=left label=Left person v=[-0.312, -0.337, 0.888] yaw=-19.3 pitch=19.7 cx=261.8695526123047
2025-12-16 16:59:14,337 - INFO - openpose - Gaze3D frame=416 id=right label=Right person v=[-0.328, 0.308, 0.893] yaw=-20.2 pitch=-17.9 cx=453.4867401123047
2025-12-16 16:59:14,337 - INFO - openpose - Gaze PUB: people=2, frame_idx=416
2025-12-16 16:59:14,617 - INFO - openpose - Right person: Arm EXTENDED (depth-plane)
2025-12-16 16:59:14,617 - INFO - openpose - ZMQ Message received (non-blocking): PR: Arm Extended Check
2025-12-16 16:59:14,617 - INFO - openpose - ZMQ Sending: Right: Arm Extended
2025-12-16 16:59:14,675 - INFO - openpose - Right person: Arm RETRACTED (depth-plane)
2025-12-16 16:59:14,676 - INFO - openpose - ZMQ Message received (non-blocking): PR: Arm Retracted Check
2025-12-16 16:59:14,676 - INFO - openpose - ZMQ Sending: Right: Arm Retracted
2025-12-16 16:59:14,996 - INFO - openpose - Gaze3D frame=424 id=left label=Left person v=[-0.486, 0.039, 0.873] yaw=-29.1 pitch=-2.2 cx=261.62796783447266
2025-12-16 16:59:14,996 - INFO - openpose - Gaze3D frame=424 id=right label=Right person v=[-0.113, 0.051, 0.992] yaw=-6.5 pitch=-2.9 cx=455.26612854003906
2025-12-16 16:59:14,996 - INFO - openpose - Gaze PUB: people=2, frame_idx=424
2025-12-16 16:59:15,117 - INFO - openpose - Left person: Arm EXTENDED (depth-plane)
2025-12-16 16:59:15,117 - INFO - openpose - ZMQ Message received (non-blocking): PL: Arm Extended Check
2025-12-16 16:59:15,117 - INFO - openpose - ZMQ Sending: Left: Arm Extended
2025-12-16 16:59:15,174 - INFO - openpose - Left person: Arm RETRACTED (depth-plane)
2025-12-16 16:59:15,174 - INFO - openpose - ZMQ Message received (non-blocking): PL: Arm Retracted Check
2025-12-16 16:59:15,174 - INFO - openpose - ZMQ Sending: Left: Arm Retracted
2025-12-16 16:59:15,687 - INFO - openpose - Gaze3D frame=432 id=left label=Left person v=[-0.380, -0.177, 0.908] yaw=-22.7 pitch=10.2 cx=261.53468322753906
2025-12-16 16:59:15,687 - INFO - openpose - Gaze3D frame=432 id=right label=Right person v=[-0.335, -0.022, 0.942] yaw=-19.6 pitch=1.2 cx=443.85125732421875
2025-12-16 16:59:15,687 - INFO - openpose - Gaze PUB: people=2, frame_idx=432
2025-12-16 16:59:16,375 - INFO - openpose - Gaze3D frame=440 id=left label=Left person v=[-0.506, 0.207, 0.837] yaw=-31.2 pitch=-12.0 cx=259.2586669921875
2025-12-16 16:59:16,375 - INFO - openpose - Gaze3D frame=440 id=right label=Right person v=[-0.426, -0.297, 0.854] yaw=-26.5 pitch=17.3 cx=459.1053009033203
2025-12-16 16:59:16,375 - INFO - openpose - Gaze PUB: people=2, frame_idx=440
2025-12-16 16:59:16,500 - INFO - openpose - Right person: Arm EXTENDED (depth-plane)
2025-12-16 16:59:16,500 - INFO - openpose - ZMQ Message received (non-blocking): PR: Arm Extended Check
2025-12-16 16:59:16,500 - INFO - openpose - ZMQ Sending: Right: Arm Extended
2025-12-16 16:59:16,564 - INFO - openpose - Right person: Arm RETRACTED (depth-plane)
2025-12-16 16:59:16,564 - INFO - openpose - ZMQ Message received (non-blocking): PR: Arm Retracted Check
2025-12-16 16:59:16,564 - INFO - openpose - ZMQ Sending: Right: Arm Retracted
2025-12-16 16:59:17,028 - INFO - openpose - Gaze3D frame=448 id=left label=Left person v=[-0.440, 0.133, 0.888] yaw=-26.4 pitch=-7.7 cx=257.9743118286133
2025-12-16 16:59:17,029 - INFO - openpose - Gaze3D frame=448 id=right label=Right person v=[-0.421, 0.296, 0.857] yaw=-26.1 pitch=-17.2 cx=473.7947235107422
2025-12-16 16:59:17,029 - INFO - openpose - Gaze PUB: people=2, frame_idx=448
2025-12-16 16:59:17,726 - INFO - openpose - Gaze3D frame=456 id=left label=Left person v=[-0.593, -0.050, 0.804] yaw=-36.4 pitch=2.9 cx=257.59276580810547
2025-12-16 16:59:17,726 - INFO - openpose - Gaze3D frame=456 id=right label=Right person v=[-0.427, 0.308, 0.850] yaw=-26.6 pitch=-17.9 cx=481.13165283203125
2025-12-16 16:59:17,726 - INFO - openpose - Gaze PUB: people=2, frame_idx=456
2025-12-16 16:59:18,395 - INFO - openpose - Gaze3D frame=464 id=left label=Left person v=[-0.564, 0.159, 0.810] yaw=-34.8 pitch=-9.2 cx=257.0864944458008
2025-12-16 16:59:18,396 - INFO - openpose - Gaze3D frame=464 id=right label=Right person v=[-0.426, 0.315, 0.848] yaw=-26.7 pitch=-18.4 cx=472.76039123535156
2025-12-16 16:59:18,396 - INFO - openpose - Gaze PUB: people=2, frame_idx=464
2025-12-16 16:59:19,085 - INFO - openpose - Gaze3D frame=472 id=left label=Left person v=[-0.545, 0.082, 0.834] yaw=-33.2 pitch=-4.7 cx=258.06187438964844
2025-12-16 16:59:19,085 - INFO - openpose - Gaze3D frame=472 id=right label=Right person v=[-0.335, 0.589, 0.736] yaw=-24.5 pitch=-36.1 cx=460.09666442871094
2025-12-16 16:59:19,085 - INFO - openpose - Gaze PUB: people=2, frame_idx=472
2025-12-16 16:59:19,743 - INFO - openpose - Gaze3D frame=480 id=left label=Left person v=[-0.550, 0.041, 0.834] yaw=-33.4 pitch=-2.3 cx=257.96368408203125
2025-12-16 16:59:19,743 - INFO - openpose - Gaze3D frame=480 id=right label=Right person v=[-0.307, 0.231, 0.923] yaw=-18.4 pitch=-13.3 cx=444.7220458984375
2025-12-16 16:59:19,743 - INFO - openpose - Gaze PUB: people=2, frame_idx=480
2025-12-16 16:59:20,405 - INFO - openpose - Gaze3D frame=488 id=left label=Left person v=[-0.484, 0.092, 0.870] yaw=-29.1 pitch=-5.3 cx=258.61339569091797
2025-12-16 16:59:20,405 - INFO - openpose - Gaze3D frame=488 id=right label=Right person v=[-0.219, 0.510, 0.832] yaw=-14.8 pitch=-30.7 cx=448.228515625
2025-12-16 16:59:20,406 - INFO - openpose - Gaze PUB: people=2, frame_idx=488
2025-12-16 16:59:21,057 - INFO - openpose - Gaze3D frame=496 id=left label=Left person v=[-0.534, 0.227, 0.815] yaw=-33.2 pitch=-13.1 cx=259.1242980957031
2025-12-16 16:59:21,058 - INFO - openpose - Gaze3D frame=496 id=right label=Right person v=[-0.239, 0.222, 0.945] yaw=-14.2 pitch=-12.8 cx=445.9645690917969
2025-12-16 16:59:21,058 - INFO - openpose - Gaze PUB: people=2, frame_idx=496
2025-12-16 16:59:21,113 - INFO - openpose - Left person: Arm EXTENDED (depth-plane)
2025-12-16 16:59:21,114 - INFO - openpose - ZMQ Message received (non-blocking): PL: Arm Extended Check
2025-12-16 16:59:21,114 - INFO - openpose - ZMQ Sending: Left: Arm Extended
2025-12-16 16:59:21,171 - INFO - openpose - Left person: Arm RETRACTED (depth-plane)
2025-12-16 16:59:21,171 - INFO - openpose - ZMQ Message received (non-blocking): PL: Arm Retracted Check
2025-12-16 16:59:21,171 - INFO - openpose - ZMQ Sending: Left: Arm Retracted
2025-12-16 16:59:21,741 - INFO - openpose - Gaze3D frame=504 id=left label=Left person v=[-0.481, 0.276, 0.832] yaw=-30.1 pitch=-16.0 cx=261.4211883544922
2025-12-16 16:59:21,742 - INFO - openpose - Gaze3D frame=504 id=right label=Right person v=[-0.204, 0.590, 0.781] yaw=-14.7 pitch=-36.2 cx=447.5986633300781
2025-12-16 16:59:21,742 - INFO - openpose - Gaze PUB: people=2, frame_idx=504
2025-12-16 16:59:22,408 - INFO - openpose - Gaze3D frame=512 id=left label=Left person v=[-0.294, 0.266, 0.918] yaw=-17.8 pitch=-15.4 cx=261.9581069946289
2025-12-16 16:59:22,408 - INFO - openpose - Gaze3D frame=512 id=right label=Right person v=[-0.280, 0.576, 0.768] yaw=-20.1 pitch=-35.2 cx=449.7398223876953
2025-12-16 16:59:22,408 - INFO - openpose - Gaze PUB: people=2, frame_idx=512
2025-12-16 16:59:23,049 - INFO - openpose - Gaze3D frame=520 id=left label=Left person v=[-0.510, 0.147, 0.847] yaw=-31.1 pitch=-8.5 cx=264.13734436035156
2025-12-16 16:59:23,049 - INFO - openpose - Gaze3D frame=520 id=right label=Right person v=[-0.295, 0.462, 0.837] yaw=-19.4 pitch=-27.5 cx=450.052734375
2025-12-16 16:59:23,049 - INFO - openpose - Gaze PUB: people=2, frame_idx=520
2025-12-16 16:59:23,696 - INFO - openpose - Gaze3D frame=528 id=left label=Left person v=[-0.531, 0.109, 0.840] yaw=-32.3 pitch=-6.3 cx=264.78002166748047
2025-12-16 16:59:23,696 - INFO - openpose - Gaze3D frame=528 id=right label=Right person v=[-0.119, 0.904, 0.412] yaw=-16.2 pitch=-64.6 cx=465.55030822753906
2025-12-16 16:59:23,696 - INFO - openpose - Gaze PUB: people=2, frame_idx=528
2025-12-16 16:59:24,371 - INFO - openpose - Gaze3D frame=536 id=left label=Left person v=[-0.538, -0.114, 0.835] yaw=-32.8 pitch=6.6 cx=252.48106384277344
2025-12-16 16:59:24,371 - INFO - openpose - Gaze3D frame=536 id=right label=Right person v=[-0.236, 0.823, 0.516] yaw=-24.6 pitch=-55.4 cx=474.8139953613281
2025-12-16 16:59:24,371 - INFO - openpose - Gaze PUB: people=2, frame_idx=536
2025-12-16 16:59:25,023 - INFO - openpose - Gaze3D frame=544 id=left label=Left person v=[-0.386, 0.137, 0.912] yaw=-23.0 pitch=-7.9 cx=250.50859832763672
2025-12-16 16:59:25,023 - INFO - openpose - Gaze3D frame=544 id=right label=Right person v=[-0.169, 0.866, 0.470] yaw=-19.8 pitch=-60.0 cx=474.1300354003906
2025-12-16 16:59:25,023 - INFO - openpose - Gaze PUB: people=2, frame_idx=544
2025-12-16 16:59:25,672 - INFO - openpose - Gaze3D frame=552 id=left label=Left person v=[-0.231, 0.489, 0.841] yaw=-15.3 pitch=-29.3 cx=306.3782501220703
2025-12-16 16:59:25,673 - INFO - openpose - Gaze3D frame=552 id=right label=Right person v=[-0.196, 0.908, 0.369] yaw=-27.9 pitch=-65.3 cx=476.31141662597656
2025-12-16 16:59:25,673 - INFO - openpose - Gaze PUB: people=2, frame_idx=552
2025-12-16 16:59:26,363 - INFO - openpose - Gaze3D frame=560 id=left label=Left person v=[-0.429, 0.742, 0.514] yaw=-39.9 pitch=-47.9 cx=331.35792541503906
2025-12-16 16:59:26,364 - INFO - openpose - Gaze3D frame=560 id=right label=Right person v=[-0.224, 0.836, 0.502] yaw=-24.0 pitch=-56.7 cx=477.1750946044922
2025-12-16 16:59:26,364 - INFO - openpose - Gaze PUB: people=2, frame_idx=560
2025-12-16 16:59:27,017 - INFO - openpose - Gaze3D frame=568 id=left label=Left person v=[-0.171, 0.475, 0.863] yaw=-11.2 pitch=-28.3 cx=309.40077209472656
2025-12-16 16:59:27,017 - INFO - openpose - Gaze3D frame=568 id=right label=Right person v=[-0.201, 0.854, 0.480] yaw=-22.7 pitch=-58.6 cx=477.4206085205078
2025-12-16 16:59:27,017 - INFO - openpose - Gaze PUB: people=2, frame_idx=568
2025-12-16 16:59:27,716 - INFO - openpose - Gaze3D frame=576 id=left label=Left person v=[-0.371, 0.246, 0.895] yaw=-22.5 pitch=-14.2 cx=240.00189971923828
2025-12-16 16:59:27,716 - INFO - openpose - Gaze3D frame=576 id=right label=Right person v=[-0.185, 0.916, 0.357] yaw=-27.5 pitch=-66.3 cx=476.6732177734375
2025-12-16 16:59:27,716 - INFO - openpose - Gaze PUB: people=2, frame_idx=576
2025-12-16 16:59:28,365 - INFO - openpose - Gaze3D frame=584 id=left label=Left person v=[-0.469, 0.004, 0.883] yaw=-28.0 pitch=-0.2 cx=254.27957153320312
2025-12-16 16:59:28,365 - INFO - openpose - Gaze3D frame=584 id=right label=Right person v=[-0.299, -0.542, 0.785] yaw=-20.9 pitch=32.8 cx=445.08775329589844
2025-12-16 16:59:28,365 - INFO - openpose - Gaze PUB: people=2, frame_idx=584
2025-12-16 16:59:29,059 - INFO - openpose - Gaze3D frame=592 id=left label=Left person v=[-0.226, 0.302, 0.926] yaw=-13.7 pitch=-17.6 cx=261.60218811035156
2025-12-16 16:59:29,059 - INFO - openpose - Gaze3D frame=592 id=right label=Right person v=[-0.155, -0.755, 0.637] yaw=-13.7 pitch=49.0 cx=427.3158416748047
2025-12-16 16:59:29,059 - INFO - openpose - Gaze PUB: people=2, frame_idx=592
2025-12-16 16:59:29,754 - INFO - openpose - Gaze3D frame=600 id=left label=Left person v=[-0.396, 0.199, 0.897] yaw=-23.8 pitch=-11.5 cx=261.02015686035156
2025-12-16 16:59:29,754 - INFO - openpose - Gaze3D frame=600 id=right label=Right person v=[-0.070, -0.783, 0.619] yaw=-6.4 pitch=51.5 cx=431.7734680175781
2025-12-16 16:59:29,762 - INFO - openpose - Gaze PUB: people=2, frame_idx=600
2025-12-16 16:59:30,201 - INFO - openpose - Right person: Arm EXTENDED (depth-plane)
2025-12-16 16:59:30,201 - INFO - openpose - ZMQ Message received (non-blocking): PR: Arm Extended Check
2025-12-16 16:59:30,202 - INFO - openpose - ZMQ Sending: Right: Arm Extended
2025-12-16 16:59:30,468 - INFO - openpose - Gaze3D frame=608 id=left label=Left person v=[-0.467, 0.082, 0.880] yaw=-28.0 pitch=-4.7 cx=257.0002212524414
2025-12-16 16:59:30,468 - INFO - openpose - Gaze3D frame=608 id=right label=Right person v=[-0.455, 0.232, 0.860] yaw=-27.9 pitch=-13.4 cx=458.1211853027344
2025-12-16 16:59:30,468 - INFO - openpose - Gaze PUB: people=2, frame_idx=608
2025-12-16 16:59:30,594 - INFO - openpose - Right person: Arm RETRACTED (depth-plane)
2025-12-16 16:59:30,594 - INFO - openpose - ZMQ Message received (non-blocking): PR: Arm Retracted Check
2025-12-16 16:59:30,595 - INFO - openpose - ZMQ Sending: Right: Arm Retracted
2025-12-16 16:59:30,654 - INFO - openpose - Robot's turn detected
2025-12-16 16:59:31,133 - INFO - openpose - Gaze3D frame=616 id=left label=Left person v=[-0.488, 0.270, 0.830] yaw=-30.5 pitch=-15.7 cx=256.8842544555664
2025-12-16 16:59:31,133 - INFO - openpose - Gaze3D frame=616 id=right label=Right person v=[-0.451, 0.529, 0.719] yaw=-32.1 pitch=-31.9 cx=473.23126220703125
2025-12-16 16:59:31,133 - INFO - openpose - Gaze PUB: people=2, frame_idx=616
2025-12-16 16:59:31,755 - INFO - openpose - Gaze3D frame=624 id=left label=Left person v=[-0.412, 0.234, 0.881] yaw=-25.1 pitch=-13.5 cx=259.5259780883789
2025-12-16 16:59:31,756 - INFO - openpose - Gaze3D frame=624 id=right label=Right person v=[-0.723, 0.106, 0.683] yaw=-46.6 pitch=-6.1 cx=468.8389434814453
2025-12-16 16:59:31,756 - INFO - openpose - Gaze PUB: people=2, frame_idx=624
2025-12-16 16:59:32,390 - INFO - openpose - Gaze3D frame=632 id=left label=Left person v=[-0.442, 0.248, 0.862] yaw=-27.1 pitch=-14.4 cx=258.34513092041016
2025-12-16 16:59:32,390 - INFO - openpose - Gaze3D frame=632 id=right label=Right person v=[-0.458, 0.202, 0.866] yaw=-27.9 pitch=-11.6 cx=462.1706085205078
2025-12-16 16:59:32,390 - INFO - openpose - Gaze PUB: people=2, frame_idx=632
2025-12-16 16:59:33,036 - INFO - openpose - Gaze3D frame=640 id=left label=Left person v=[-0.407, 0.098, 0.908] yaw=-24.2 pitch=-5.6 cx=256.89234161376953
2025-12-16 16:59:33,036 - INFO - openpose - Gaze3D frame=640 id=right label=Right person v=[-0.420, -0.515, 0.747] yaw=-29.3 pitch=31.0 cx=436.7174530029297
2025-12-16 16:59:33,036 - INFO - openpose - Gaze PUB: people=2, frame_idx=640
2025-12-16 16:59:33,703 - INFO - openpose - Gaze3D frame=648 id=left label=Left person v=[-0.409, 0.132, 0.903] yaw=-24.3 pitch=-7.6 cx=259.52076721191406
2025-12-16 16:59:33,703 - INFO - openpose - Gaze3D frame=648 id=right label=Right person v=[-0.358, -0.623, 0.696] yaw=-27.2 pitch=38.5 cx=436.8678283691406
2025-12-16 16:59:33,703 - INFO - openpose - Gaze PUB: people=2, frame_idx=648
2025-12-16 16:59:34,378 - INFO - openpose - Gaze3D frame=656 id=left label=Left person v=[-0.431, 0.228, 0.873] yaw=-26.3 pitch=-13.2 cx=260.1526794433594
2025-12-16 16:59:34,378 - INFO - openpose - Gaze3D frame=656 id=right label=Right person v=[-0.132, -0.703, 0.699] yaw=-10.7 pitch=44.7 cx=441.2908935546875
2025-12-16 16:59:34,378 - INFO - openpose - Gaze PUB: people=2, frame_idx=656
2025-12-16 16:59:35,053 - INFO - openpose - Gaze3D frame=664 id=left label=Left person v=[-0.205, -0.598, 0.775] yaw=-14.8 pitch=36.8 cx=256.24114990234375
2025-12-16 16:59:35,053 - INFO - openpose - Gaze3D frame=664 id=right label=Right person v=[-0.215, -0.591, 0.778] yaw=-15.4 pitch=36.2 cx=439.79705810546875
2025-12-16 16:59:35,060 - INFO - openpose - Gaze PUB: people=2, frame_idx=664
2025-12-16 16:59:35,714 - INFO - openpose - Gaze3D frame=672 id=left label=Left person v=[-0.335, -0.558, 0.759] yaw=-23.8 pitch=33.9 cx=254.05963134765625
2025-12-16 16:59:35,715 - INFO - openpose - Gaze3D frame=672 id=right label=Right person v=[-0.135, -0.641, 0.755] yaw=-10.1 pitch=39.9 cx=435.3712463378906
2025-12-16 16:59:35,715 - INFO - openpose - Gaze PUB: people=2, frame_idx=672
2025-12-16 16:59:36,331 - INFO - openpose - Gaze3D frame=680 id=left label=Left person v=[-0.563, -0.125, 0.817] yaw=-34.6 pitch=7.2 cx=255.46987915039062
2025-12-16 16:59:36,331 - INFO - openpose - Gaze3D frame=680 id=right label=Right person v=[-0.070, -0.648, 0.759] yaw=-5.2 pitch=40.4 cx=432.0535583496094
2025-12-16 16:59:36,331 - INFO - openpose - Gaze PUB: people=2, frame_idx=680
2025-12-16 16:59:36,985 - INFO - openpose - Gaze3D frame=688 id=left label=Left person v=[-0.581, 0.122, 0.805] yaw=-35.8 pitch=-7.0 cx=263.5514678955078
2025-12-16 16:59:36,985 - INFO - openpose - Gaze3D frame=688 id=right label=Right person v=[-0.120, -0.825, 0.553] yaw=-12.3 pitch=55.6 cx=434.3852844238281
2025-12-16 16:59:36,985 - INFO - openpose - Gaze PUB: people=2, frame_idx=688
2025-12-16 16:59:37,634 - INFO - openpose - Gaze3D frame=696 id=left label=Left person v=[-0.641, 0.169, 0.749] yaw=-40.6 pitch=-9.7 cx=263.09561920166016
2025-12-16 16:59:37,634 - INFO - openpose - Gaze3D frame=696 id=right label=Right person v=[-0.074, -0.826, 0.558] yaw=-7.6 pitch=55.7 cx=436.40467834472656
2025-12-16 16:59:37,635 - INFO - openpose - Gaze PUB: people=2, frame_idx=696
2025-12-16 16:59:38,303 - INFO - openpose - Gaze3D frame=704 id=left label=Left person v=[-0.357, -0.244, 0.902] yaw=-21.6 pitch=14.1 cx=252.2096710205078
2025-12-16 16:59:38,303 - INFO - openpose - Gaze3D frame=704 id=right label=Right person v=[-0.600, 0.038, 0.799] yaw=-36.9 pitch=-2.2 cx=442.2688293457031
2025-12-16 16:59:38,303 - INFO - openpose - Gaze PUB: people=2, frame_idx=704
2025-12-16 16:59:38,958 - INFO - openpose - Gaze3D frame=712 id=left label=Left person v=[-0.402, -0.176, 0.898] yaw=-24.1 pitch=10.2 cx=252.09486389160156
2025-12-16 16:59:38,958 - INFO - openpose - Gaze3D frame=712 id=right label=Right person v=[-0.172, -0.764, 0.622] yaw=-15.5 pitch=49.8 cx=439.377685546875
2025-12-16 16:59:38,958 - INFO - openpose - Gaze PUB: people=2, frame_idx=712
2025-12-16 16:59:39,614 - INFO - openpose - Gaze3D frame=720 id=left label=Left person v=[-0.488, -0.261, 0.833] yaw=-30.4 pitch=15.1 cx=258.5590515136719
2025-12-16 16:59:39,614 - INFO - openpose - Gaze3D frame=720 id=right label=Right person v=[-0.262, -0.704, 0.660] yaw=-21.7 pitch=44.8 cx=443.8016052246094
2025-12-16 16:59:39,614 - INFO - openpose - Gaze PUB: people=2, frame_idx=720
2025-12-16 16:59:40,250 - INFO - openpose - Gaze3D frame=728 id=left label=Left person v=[-0.493, -0.162, 0.855] yaw=-30.0 pitch=9.3 cx=264.84446716308594
2025-12-16 16:59:40,251 - INFO - openpose - Gaze3D frame=728 id=right label=Right person v=[-0.552, 0.387, 0.739] yaw=-36.8 pitch=-22.7 cx=504.2764129638672
2025-12-16 16:59:40,251 - INFO - openpose - Gaze PUB: people=2, frame_idx=728
2025-12-16 16:59:40,933 - INFO - openpose - Gaze3D frame=736 id=left label=Left person v=[-0.433, 0.159, 0.887] yaw=-26.0 pitch=-9.2 cx=262.2335433959961
2025-12-16 16:59:40,933 - INFO - openpose - Gaze3D frame=736 id=right label=Right person v=[-0.509, 0.252, 0.823] yaw=-31.7 pitch=-14.6 cx=532.2628326416016
2025-12-16 16:59:40,933 - INFO - openpose - Gaze PUB: people=2, frame_idx=736
2025-12-16 16:59:41,602 - INFO - openpose - Gaze3D frame=744 id=left label=Left person v=[-0.360, 0.227, 0.905] yaw=-21.7 pitch=-13.1 cx=260.0039520263672
2025-12-16 16:59:41,603 - INFO - openpose - Gaze3D frame=744 id=right label=Right person v=[-0.565, 0.158, 0.810] yaw=-34.9 pitch=-9.1 cx=534.9189758300781
2025-12-16 16:59:41,603 - INFO - openpose - Gaze PUB: people=2, frame_idx=744
2025-12-16 16:59:42,279 - INFO - openpose - Gaze3D frame=752 id=left label=Left person v=[-0.462, -0.059, 0.885] yaw=-27.6 pitch=3.4 cx=258.0017547607422
2025-12-16 16:59:42,279 - INFO - openpose - Gaze3D frame=752 id=right label=Right person v=[-0.366, 0.795, 0.484] yaw=-37.1 pitch=-52.7 cx=521.7005920410156
2025-12-16 16:59:42,279 - INFO - openpose - Gaze PUB: people=2, frame_idx=752
2025-12-16 16:59:42,953 - INFO - openpose - Gaze3D frame=760 id=left label=Left person v=[-0.331, 0.360, 0.872] yaw=-20.8 pitch=-21.1 cx=259.7227020263672
2025-12-16 16:59:42,953 - INFO - openpose - Gaze3D frame=760 id=right label=Right person v=[-0.321, 0.818, 0.478] yaw=-33.9 pitch=-54.8 cx=549.8222961425781
2025-12-16 16:59:42,953 - INFO - openpose - Gaze PUB: people=2, frame_idx=760
2025-12-16 16:59:43,623 - INFO - openpose - Gaze3D frame=768 id=left label=Left person v=[-0.426, 0.035, 0.904] yaw=-25.2 pitch=-2.0 cx=261.62542724609375
2025-12-16 16:59:43,623 - INFO - openpose - Gaze3D frame=768 id=right label=Right person v=[-0.173, -0.078, 0.982] yaw=-10.0 pitch=4.5 cx=590.8021545410156
2025-12-16 16:59:43,631 - INFO - openpose - Gaze PUB: people=2, frame_idx=768
2025-12-16 16:59:44,307 - INFO - openpose - Gaze3D frame=776 id=left label=Left person v=[-0.456, 0.118, 0.882] yaw=-27.3 pitch=-6.8 cx=265.79451751708984
2025-12-16 16:59:44,307 - INFO - openpose - Gaze3D frame=776 id=right label=Right person v=[-0.179, -0.128, 0.975] yaw=-10.4 pitch=7.4 cx=596.2960205078125
2025-12-16 16:59:44,307 - INFO - openpose - Gaze PUB: people=2, frame_idx=776
2025-12-16 16:59:44,952 - INFO - openpose - Gaze3D frame=784 id=left label=Left person v=[-0.414, 0.300, 0.859] yaw=-25.7 pitch=-17.5 cx=266.4976272583008
2025-12-16 16:59:44,952 - INFO - openpose - Gaze3D frame=784 id=right label=Right person v=[-0.253, -0.067, 0.965] yaw=-14.7 pitch=3.8 cx=594.5542907714844
2025-12-16 16:59:44,952 - INFO - openpose - Gaze PUB: people=2, frame_idx=784
2025-12-16 16:59:45,623 - INFO - openpose - Gaze3D frame=792 id=left label=Left person v=[-0.433, 0.270, 0.860] yaw=-26.7 pitch=-15.7 cx=265.75250244140625
2025-12-16 16:59:45,623 - INFO - openpose - Gaze3D frame=792 id=right label=Right person v=[-0.276, -0.345, 0.897] yaw=-17.1 pitch=20.2 cx=603.6811828613281
2025-12-16 16:59:45,623 - INFO - openpose - Gaze PUB: people=2, frame_idx=792
2025-12-16 16:59:46,308 - INFO - openpose - Gaze3D frame=800 id=left label=Left person v=[-0.419, -0.212, 0.883] yaw=-25.4 pitch=12.3 cx=244.09503173828125
2025-12-16 16:59:46,308 - INFO - openpose - Gaze3D frame=800 id=right label=Right person v=[-0.327, -0.309, 0.893] yaw=-20.1 pitch=18.0 cx=603.6156311035156
2025-12-16 16:59:46,308 - INFO - openpose - Gaze PUB: people=2, frame_idx=800
2025-12-16 16:59:46,960 - INFO - openpose - Gaze3D frame=808 id=left label=Left person v=[-0.261, -0.412, 0.873] yaw=-16.7 pitch=24.3 cx=226.97210693359375
2025-12-16 16:59:46,960 - INFO - openpose - Gaze3D frame=808 id=right label=Right person v=[-0.170, -0.486, 0.857] yaw=-11.2 pitch=29.1 cx=595.9769897460938
2025-12-16 16:59:46,960 - INFO - openpose - Gaze PUB: people=2, frame_idx=808
2025-12-16 16:59:46,961 - INFO - openpose - ZMQ Message received (non-blocking): Configuration finished
2025-12-16 16:59:46,961 - INFO - openpose - Configuration finished. Waiting for next configuration
2025-12-16 16:59:46,961 - INFO - openpose - OpenPose initialized - waiting for turn_order
