2025-11-14 14:41:48,359 - INFO - BuildTower - Connected to OpenPose server
2025-11-14 14:41:48,359 - INFO - BuildTower - Connected to Gaze server
2025-11-14 14:41:48,507 - INFO - BuildTower - Robot parameters: robot_name=my_gen3, dof=7, gripper_present=True
2025-11-14 14:41:48,511 - INFO - BuildTower - Service initialized: /my_gen3/base/clear_faults
2025-11-14 14:41:48,514 - INFO - BuildTower - Service initialized: /my_gen3/base/read_action
2025-11-14 14:41:48,516 - INFO - BuildTower - Service initialized: /my_gen3/base/execute_action
2025-11-14 14:41:48,517 - INFO - BuildTower - Service initialized: /my_gen3/control_config/set_cartesian_reference_frame
2025-11-14 14:41:48,519 - INFO - BuildTower - Service initialized: /my_gen3/base/activate_publishing_of_action_topic
2025-11-14 14:41:48,520 - INFO - BuildTower - Service initialized: /my_gen3/base/send_gripper_command
2025-11-14 14:41:48,520 - INFO - BuildTower - BuildTower class initialized successfully.
2025-11-14 14:41:48,521 - INFO - BuildTower - ROS parameter /kortex_examples_test_results/cartesian_poses_with_notifications_python did not exist or could not be deleted.
2025-11-14 14:41:48,521 - INFO - BuildTower - Starting main robot control loop.
2025-11-14 14:41:48,530 - INFO - BuildTower - Robot faults cleared successfully.
2025-11-14 14:41:51,062 - INFO - BuildTower - Cartesian reference frame set successfully.
2025-11-14 14:41:51,065 - INFO - BuildTower - Activating action notifications.
2025-11-14 14:41:51,069 - INFO - BuildTower - Action Notifications successfully activated.
2025-11-14 14:41:52,085 - INFO - BuildTower - Sending robot to home position.
2025-11-14 14:41:55,732 - INFO - BuildTower - User pressed Enter. Continuing with configuration 1
2025-11-14 14:41:55,733 - INFO - BuildTower - Parsing information from file: config2
2025-11-14 14:41:55,733 - INFO - BuildTower - Parsed turn_order: ybypbpbpy

2025-11-14 14:41:55,733 - INFO - BuildTower - Parsed object_order: 143

2025-11-14 14:41:55,734 - INFO - BuildTower - Sent turn_order and waiting for response from OpenPose server.
2025-11-14 14:41:55,734 - INFO - BuildTower - Sending turn order to OpenPose server: ybypbpbpy

2025-11-14 14:41:55,734 - DEBUG - BuildTower - Gaze rx: (none available)
2025-11-14 14:41:55,734 - DEBUG - BuildTower - Gaze rx: (none available)
2025-11-14 14:41:55,735 - DEBUG - BuildTower - Gaze rx: (none available)
2025-11-14 14:41:55,735 - INFO - BuildTower - Received reply from OpenPose server: Order Received
2025-11-14 14:41:55,735 - INFO - BuildTower - Executing turn 0 out of 9.
2025-11-14 14:41:55,759 - INFO - BuildTower - Sending robot to home position.
2025-11-14 14:41:55,783 - ERROR - BuildTower - Failed to call ExecuteAction: service [/my_gen3/base/execute_action] responded with an error: b''
2025-11-14 14:41:55,783 - INFO - BuildTower - Moving block from start 0.28 to target 0.307. Turn: 0, Block Shape: 1
2025-11-14 14:41:55,785 - INFO - BuildTower - Sending gripper command: value=0
