2025-11-27 17:29:23,948 - INFO - openpose - OpenPose server started and bound to tcp://*:5555
2025-11-27 17:29:23,948 - INFO - openpose - OpenPose server started and bound to tcp://*:5556
2025-11-27 17:29:23,961 - INFO - openpose - Starting OpenPose
2025-11-27 17:29:24,752 - INFO - openpose - OpenPose initialized - waiting for turn_order
2025-11-27 17:30:17,282 - INFO - openpose - Message received: ybypbpbpy

2025-11-27 17:30:18,036 - INFO - openpose - Gaze3D frame=0 id=left label=Left person v=[-0.531, -0.261, 0.806] yaw=-33.4 pitch=15.1 cx=242.2268829345703
2025-11-27 17:30:18,037 - INFO - openpose - Gaze3D frame=0 id=right label=Right person v=[-0.604, 0.044, 0.796] yaw=-37.2 pitch=-2.5 cx=411.2944030761719
2025-11-27 17:30:18,037 - INFO - openpose - Gaze PUB: people=2, frame_idx=0
2025-11-27 17:30:18,037 - INFO - openpose - Robot's turn detected
2025-11-27 17:30:18,528 - INFO - openpose - Gaze3D frame=4 id=left label=Left person v=[-0.554, -0.222, 0.802] yaw=-34.7 pitch=12.9 cx=252.80817413330078
2025-11-27 17:30:18,528 - INFO - openpose - Gaze3D frame=4 id=right label=Right person v=[-0.462, 0.177, 0.869] yaw=-28.0 pitch=-10.2 cx=419.5115966796875
2025-11-27 17:30:18,528 - INFO - openpose - Gaze PUB: people=2, frame_idx=4
2025-11-27 17:30:18,988 - INFO - openpose - Gaze3D frame=8 id=left label=Left person v=[-0.568, -0.213, 0.795] yaw=-35.6 pitch=12.3 cx=254.67396545410156
2025-11-27 17:30:18,989 - INFO - openpose - Gaze3D frame=8 id=right label=Right person v=[-0.615, 0.179, 0.768] yaw=-38.7 pitch=-10.3 cx=418.1334228515625
2025-11-27 17:30:18,989 - INFO - openpose - Gaze PUB: people=2, frame_idx=8
2025-11-27 17:30:19,436 - INFO - openpose - Gaze3D frame=12 id=left label=Left person v=[-0.586, -0.193, 0.787] yaw=-36.6 pitch=11.1 cx=253.72068786621094
2025-11-27 17:30:19,436 - INFO - openpose - Gaze3D frame=12 id=right label=Right person v=[-0.666, 0.179, 0.725] yaw=-42.6 pitch=-10.3 cx=416.96116638183594
2025-11-27 17:30:19,437 - INFO - openpose - Gaze PUB: people=2, frame_idx=12
2025-11-27 17:30:19,870 - INFO - openpose - Gaze3D frame=16 id=left label=Left person v=[-0.597, -0.201, 0.777] yaw=-37.5 pitch=11.6 cx=253.69672393798828
2025-11-27 17:30:19,871 - INFO - openpose - Gaze3D frame=16 id=right label=Right person v=[-0.641, 0.219, 0.736] yaw=-41.1 pitch=-12.7 cx=412.3972625732422
2025-11-27 17:30:19,871 - INFO - openpose - Gaze PUB: people=2, frame_idx=16
2025-11-27 17:30:20,293 - INFO - openpose - Gaze3D frame=20 id=left label=Left person v=[-0.581, -0.186, 0.792] yaw=-36.2 pitch=10.7 cx=253.805908203125
2025-11-27 17:30:20,293 - INFO - openpose - Gaze3D frame=20 id=right label=Right person v=[-0.666, 0.180, 0.724] yaw=-42.6 pitch=-10.4 cx=410.20921325683594
2025-11-27 17:30:20,293 - INFO - openpose - Gaze PUB: people=2, frame_idx=20
2025-11-27 17:30:20,722 - INFO - openpose - Gaze3D frame=24 id=left label=Left person v=[-0.582, -0.195, 0.790] yaw=-36.4 pitch=11.2 cx=252.35350036621094
2025-11-27 17:30:20,722 - INFO - openpose - Gaze3D frame=24 id=right label=Right person v=[-0.546, 0.120, 0.829] yaw=-33.3 pitch=-6.9 cx=410.06639099121094
2025-11-27 17:30:20,722 - INFO - openpose - Gaze PUB: people=2, frame_idx=24
2025-11-27 17:30:21,157 - INFO - openpose - Gaze3D frame=28 id=left label=Left person v=[-0.541, -0.274, 0.795] yaw=-34.2 pitch=15.9 cx=248.37430572509766
2025-11-27 17:30:21,157 - INFO - openpose - Gaze3D frame=28 id=right label=Right person v=[-0.544, 0.158, 0.824] yaw=-33.4 pitch=-9.1 cx=410.656005859375
2025-11-27 17:30:21,157 - INFO - openpose - Gaze PUB: people=2, frame_idx=28
2025-11-27 17:30:21,593 - INFO - openpose - Gaze3D frame=32 id=left label=Left person v=[-0.554, -0.318, 0.770] yaw=-35.7 pitch=18.5 cx=197.6261444091797
2025-11-27 17:30:21,593 - INFO - openpose - Gaze3D frame=32 id=right label=Right person v=[-0.533, 0.173, 0.829] yaw=-32.7 pitch=-9.9 cx=411.08580017089844
2025-11-27 17:30:21,593 - INFO - openpose - Gaze PUB: people=2, frame_idx=32
2025-11-27 17:30:23,210 - INFO - openpose - Gaze3D frame=36 id=right label=Right person v=[-0.466, -0.102, 0.879] yaw=-27.9 pitch=5.8 cx=403.8223419189453
2025-11-27 17:30:23,211 - INFO - openpose - Gaze PUB: people=1, frame_idx=36
2025-11-27 17:30:23,575 - INFO - openpose - Gaze3D frame=40 id=None label=None v=[-0.503, -0.303, 0.810] yaw=-31.8 pitch=17.6 cx=400.3502960205078
2025-11-27 17:30:23,575 - INFO - openpose - Gaze PUB: people=1, frame_idx=40
2025-11-27 17:30:23,750 - INFO - openpose - Gaze3D frame=40 id=None label=None v=[-0.452, -0.330, 0.829] yaw=-28.6 pitch=19.2 cx=396.59808349609375
2025-11-27 17:30:23,750 - INFO - openpose - Gaze PUB: people=1, frame_idx=40
2025-11-27 17:30:23,923 - INFO - openpose - Gaze3D frame=40 id=None label=None v=[-0.369, -0.314, 0.875] yaw=-22.9 pitch=18.3 cx=394.9187774658203
2025-11-27 17:30:23,923 - INFO - openpose - Gaze PUB: people=1, frame_idx=40
2025-11-27 17:30:24,107 - INFO - openpose - Gaze3D frame=40 id=None label=None v=[-0.442, -0.339, 0.831] yaw=-28.0 pitch=19.8 cx=395.4931182861328
2025-11-27 17:30:24,107 - INFO - openpose - Gaze PUB: people=1, frame_idx=40
2025-11-27 17:30:24,291 - INFO - openpose - Gaze3D frame=40 id=None label=None v=[-0.473, -0.289, 0.832] yaw=-29.6 pitch=16.8 cx=396.1932678222656
2025-11-27 17:30:24,291 - INFO - openpose - Gaze PUB: people=1, frame_idx=40
2025-11-27 17:30:24,461 - INFO - openpose - Gaze3D frame=40 id=None label=None v=[-0.469, -0.238, 0.851] yaw=-28.9 pitch=13.8 cx=397.121337890625
2025-11-27 17:30:24,462 - INFO - openpose - Gaze PUB: people=1, frame_idx=40
2025-11-27 17:30:24,642 - INFO - openpose - Gaze3D frame=40 id=None label=None v=[-0.487, -0.243, 0.839] yaw=-30.1 pitch=14.0 cx=399.56300354003906
2025-11-27 17:30:24,642 - INFO - openpose - Gaze PUB: people=1, frame_idx=40
2025-11-27 17:30:24,822 - INFO - openpose - Gaze3D frame=40 id=None label=None v=[-0.495, -0.279, 0.823] yaw=-31.0 pitch=16.2 cx=400.11964416503906
2025-11-27 17:30:24,822 - INFO - openpose - Gaze PUB: people=1, frame_idx=40
2025-11-27 17:30:24,997 - INFO - openpose - Gaze3D frame=40 id=None label=None v=[-0.426, -0.236, 0.873] yaw=-26.0 pitch=13.7 cx=401.2893371582031
2025-11-27 17:30:24,997 - INFO - openpose - Gaze PUB: people=1, frame_idx=40
2025-11-27 17:30:25,177 - INFO - openpose - Gaze3D frame=40 id=None label=None v=[-0.435, -0.420, 0.797] yaw=-28.6 pitch=24.8 cx=401.6668701171875
2025-11-27 17:30:25,177 - INFO - openpose - Gaze PUB: people=1, frame_idx=40
2025-11-27 17:30:25,370 - INFO - openpose - Gaze3D frame=40 id=None label=None v=[-0.372, -0.371, 0.851] yaw=-23.6 pitch=21.8 cx=401.5248107910156
2025-11-27 17:30:25,371 - INFO - openpose - Gaze PUB: people=1, frame_idx=40
2025-11-27 17:30:25,550 - INFO - openpose - Gaze3D frame=40 id=None label=None v=[-0.429, -0.357, 0.830] yaw=-27.4 pitch=20.9 cx=403.41615295410156
2025-11-27 17:30:25,550 - INFO - openpose - Gaze PUB: people=1, frame_idx=40
2025-11-27 17:30:25,721 - INFO - openpose - Gaze3D frame=40 id=None label=None v=[-0.478, -0.112, 0.871] yaw=-28.8 pitch=6.4 cx=405.32666015625
2025-11-27 17:30:25,721 - INFO - openpose - Gaze PUB: people=1, frame_idx=40
2025-11-27 17:30:25,902 - INFO - openpose - Gaze3D frame=40 id=None label=None v=[-0.528, -0.157, 0.835] yaw=-32.3 pitch=9.0 cx=407.4086151123047
2025-11-27 17:30:25,902 - INFO - openpose - Gaze PUB: people=1, frame_idx=40
2025-11-27 17:30:26,084 - INFO - openpose - Gaze3D frame=40 id=None label=None v=[-0.535, -0.175, 0.827] yaw=-32.9 pitch=10.1 cx=407.33880615234375
2025-11-27 17:30:26,084 - INFO - openpose - Gaze PUB: people=1, frame_idx=40
2025-11-27 17:30:26,260 - INFO - openpose - Gaze3D frame=40 id=None label=None v=[-0.539, -0.056, 0.841] yaw=-32.7 pitch=3.2 cx=408.43528747558594
2025-11-27 17:30:26,260 - INFO - openpose - Gaze PUB: people=1, frame_idx=40
2025-11-27 17:30:26,432 - INFO - openpose - Gaze3D frame=40 id=None label=None v=[-0.484, 0.413, 0.772] yaw=-32.1 pitch=-24.4 cx=413.1107177734375
2025-11-27 17:30:26,432 - INFO - openpose - Gaze PUB: people=1, frame_idx=40
2025-11-27 17:30:26,616 - INFO - openpose - Gaze3D frame=40 id=None label=None v=[-0.549, 0.327, 0.769] yaw=-35.5 pitch=-19.1 cx=415.546142578125
2025-11-27 17:30:26,616 - INFO - openpose - Gaze PUB: people=1, frame_idx=40
2025-11-27 17:30:26,797 - INFO - openpose - Gaze3D frame=40 id=None label=None v=[-0.558, 0.244, 0.793] yaw=-35.1 pitch=-14.1 cx=420.05426025390625
2025-11-27 17:30:26,797 - INFO - openpose - Gaze PUB: people=1, frame_idx=40
2025-11-27 17:30:26,980 - INFO - openpose - Gaze3D frame=40 id=None label=None v=[-0.430, 0.444, 0.786] yaw=-28.7 pitch=-26.4 cx=429.87742614746094
2025-11-27 17:30:26,980 - INFO - openpose - Gaze PUB: people=1, frame_idx=40
2025-11-27 17:30:27,159 - INFO - openpose - Gaze3D frame=40 id=None label=None v=[-0.434, -0.006, 0.901] yaw=-25.7 pitch=0.3 cx=450.2462921142578
2025-11-27 17:30:27,159 - INFO - openpose - Gaze PUB: people=1, frame_idx=40
2025-11-27 17:30:27,342 - INFO - openpose - Gaze3D frame=40 id=None label=None v=[-0.194, 0.390, 0.900] yaw=-12.1 pitch=-23.0 cx=469.4859161376953
2025-11-27 17:30:27,343 - INFO - openpose - Gaze PUB: people=1, frame_idx=40
2025-11-27 17:30:27,517 - INFO - openpose - Gaze3D frame=40 id=None label=None v=[-0.287, -0.086, 0.954] yaw=-16.7 pitch=4.9 cx=491.3008270263672
2025-11-27 17:30:27,518 - INFO - openpose - Gaze PUB: people=1, frame_idx=40
2025-11-27 17:30:27,691 - INFO - openpose - Gaze3D frame=40 id=None label=None v=[-0.319, 0.665, 0.676] yaw=-25.3 pitch=-41.7 cx=509.41246032714844
2025-11-27 17:30:27,692 - INFO - openpose - Gaze PUB: people=1, frame_idx=40
2025-11-27 17:30:27,865 - INFO - openpose - Gaze3D frame=40 id=None label=None v=[-0.280, 0.658, 0.699] yaw=-21.8 pitch=-41.2 cx=520.0980529785156
2025-11-27 17:30:27,865 - INFO - openpose - Gaze PUB: people=1, frame_idx=40
2025-11-27 17:30:28,033 - INFO - openpose - Gaze3D frame=40 id=None label=None v=[-0.207, 0.739, 0.642] yaw=-17.9 pitch=-47.6 cx=528.7782897949219
2025-11-27 17:30:28,033 - INFO - openpose - Gaze PUB: people=1, frame_idx=40
2025-11-27 17:30:28,135 - CRITICAL - openpose - Critical error in openpose_server: need at least one array to stack
Traceback (most recent call last):
  File "openpose_server.py", line 521, in <module>
    gaze_results = gaze_pipeline.step(frame)         # same as demo.py
  File "/home/ines/Desktop/Harmony/L2CS_Net/l2cs/pipeline.py", line 93, in step
    pitch, yaw = self.predict_gaze(np.stack(face_imgs))
  File "<__array_function__ internals>", line 200, in stack
  File "/home/ines/.local/lib/python3.8/site-packages/numpy/core/shape_base.py", line 460, in stack
    raise ValueError('need at least one array to stack')
ValueError: need at least one array to stack
