2025-12-04 14:35:00,055 - INFO - BuildTower - Connected to OpenPose server
2025-12-04 14:35:00,055 - INFO - BuildTower - Connected to Gaze server
2025-12-04 14:35:00,205 - INFO - BuildTower - Robot parameters: robot_name=my_gen3, dof=7, gripper_present=True
2025-12-04 14:35:00,211 - INFO - BuildTower - Service initialized: /my_gen3/base/clear_faults
2025-12-04 14:35:00,213 - INFO - BuildTower - Service initialized: /my_gen3/base/read_action
2025-12-04 14:35:00,215 - INFO - BuildTower - Service initialized: /my_gen3/base/execute_action
2025-12-04 14:35:00,217 - INFO - BuildTower - Service initialized: /my_gen3/control_config/set_cartesian_reference_frame
2025-12-04 14:35:00,219 - INFO - BuildTower - Service initialized: /my_gen3/base/activate_publishing_of_action_topic
2025-12-04 14:35:00,222 - INFO - BuildTower - Service initialized: /my_gen3/base/send_gripper_command
2025-12-04 14:35:00,222 - INFO - BuildTower - BuildTower class initialized successfully.
2025-12-04 14:35:00,223 - INFO - BuildTower - ROS parameter /kortex_examples_test_results/cartesian_poses_with_notifications_python did not exist or could not be deleted.
2025-12-04 14:35:00,223 - INFO - BuildTower - Starting main robot control loop.
2025-12-04 14:35:00,234 - INFO - BuildTower - Robot faults cleared successfully.
2025-12-04 14:35:02,756 - INFO - BuildTower - Cartesian reference frame set successfully.
2025-12-04 14:35:02,758 - INFO - BuildTower - Activating action notifications.
2025-12-04 14:35:02,763 - INFO - BuildTower - Action Notifications successfully activated.
2025-12-04 14:35:03,809 - INFO - BuildTower - Sending robot to home position.
2025-12-04 14:35:13,044 - INFO - BuildTower - User pressed Enter. Continuing with configuration 1
2025-12-04 14:35:13,044 - INFO - BuildTower - Parsing information from file: config2
2025-12-04 14:35:13,044 - INFO - BuildTower - Parsed turn_order: ybypbpbpy

2025-12-04 14:35:13,044 - INFO - BuildTower - Parsed object_order: 143

2025-12-04 14:35:13,045 - INFO - BuildTower - Sent turn_order and waiting for response from OpenPose server.
2025-12-04 14:35:13,045 - INFO - BuildTower - Sending turn order to OpenPose server: ybypbpbpy

2025-12-04 14:35:13,046 - INFO - BuildTower - Received reply from OpenPose server: Order Received
2025-12-04 14:35:13,046 - INFO - BuildTower - Starting mutual gaze calibration for 10.0 seconds
2025-12-04 14:35:23,065 - WARNING - BuildTower - Calibration collected only 26 samples (< 30). Bias may be noisy.
2025-12-04 14:35:23,065 - INFO - BuildTower - Calibration done: yaw_bias=-16.045 deg, pitch_bias=-0.528 deg
2025-12-04 14:35:23,065 - INFO - BuildTower - Executing turn 0 out of 9.
2025-12-04 14:35:23,065 - INFO - BuildTower - Moving block from start 0.28 to target 0.307. Turn: 0, Block Shape: 1
2025-12-04 14:35:23,068 - INFO - BuildTower - Sending gripper command: value=0
2025-12-04 14:35:23,580 - INFO - BuildTower - Gripper command 0 sent successfully.
2025-12-04 14:35:23,583 - INFO - BuildTower - Attempting to go to position: x=0.47, y=0.18, z=0.325, theta_x=100.0, theta_y=0.0, theta_z=90.0
2025-12-04 14:35:23,583 - DEBUG - BuildTower - Set speed for pose: translation=1, orientation=100
2025-12-04 14:35:23,607 - INFO - BuildTower - Pose action initiated, waiting for completion.
2025-12-04 14:35:26,241 - INFO - BuildTower - Robot action ended.
2025-12-04 14:35:26,241 - INFO - BuildTower - Attempting to go to position: x=0.47, y=0.18, z=0.28, theta_x=100.0, theta_y=0.0, theta_z=90.0
2025-12-04 14:35:26,241 - DEBUG - BuildTower - Set speed for pose: translation=1, orientation=100
2025-12-04 14:35:26,257 - INFO - BuildTower - Pose action initiated, waiting for completion.
2025-12-04 14:35:26,985 - INFO - BuildTower - Robot action ended.
2025-12-04 14:35:26,987 - INFO - BuildTower - Sending gripper command: value=0.075
2025-12-04 14:35:27,506 - INFO - BuildTower - Gripper command 0.075 sent successfully.
2025-12-04 14:35:27,509 - INFO - BuildTower - Attempting to go to position: x=0.47, y=0.18, z=0.325, theta_x=100.0, theta_y=0.0, theta_z=90.0
2025-12-04 14:35:27,509 - DEBUG - BuildTower - Set speed for pose: translation=1, orientation=100
2025-12-04 14:35:27,533 - INFO - BuildTower - Pose action initiated, waiting for completion.
2025-12-04 14:35:28,247 - INFO - BuildTower - Robot action ended.
2025-12-04 14:35:28,247 - INFO - BuildTower - Attempting to go to position: x=0.735, y=0.0, z=0.352, theta_x=100.0, theta_y=0.0, theta_z=90.0
2025-12-04 14:35:28,247 - DEBUG - BuildTower - Set speed for pose: translation=1, orientation=100
2025-12-04 14:35:28,258 - INFO - BuildTower - Pose action initiated, waiting for completion.
2025-12-04 14:35:31,748 - INFO - BuildTower - Robot action ended.
2025-12-04 14:35:31,748 - INFO - BuildTower - Attempting to go to position: x=0.735, y=0.0, z=0.307, theta_x=100.0, theta_y=0.0, theta_z=90.0
2025-12-04 14:35:31,748 - DEBUG - BuildTower - Set speed for pose: translation=1, orientation=100
2025-12-04 14:35:31,783 - INFO - BuildTower - Pose action initiated, waiting for completion.
2025-12-04 14:35:32,511 - INFO - BuildTower - Robot action ended.
2025-12-04 14:35:32,513 - INFO - BuildTower - Sending gripper command: value=0
2025-12-04 14:35:33,032 - INFO - BuildTower - Gripper command 0 sent successfully.
2025-12-04 14:35:33,034 - INFO - BuildTower - Attempting to go to position: x=0.735, y=0.0, z=0.352, theta_x=100.0, theta_y=0.0, theta_z=90.0
2025-12-04 14:35:33,034 - DEBUG - BuildTower - Set speed for pose: translation=1, orientation=100
2025-12-04 14:35:33,063 - INFO - BuildTower - Pose action initiated, waiting for completion.
2025-12-04 14:35:33,791 - INFO - BuildTower - Robot action ended.
2025-12-04 14:35:33,791 - INFO - BuildTower - Robot completed its turn. Robot turn count: 1
2025-12-04 14:35:33,791 - INFO - BuildTower - Executing turn 1 out of 9.
2025-12-04 14:35:33,791 - INFO - BuildTower - Gaze rx: frame_idx=104 ts=2025-12-04T14:35:33.336499Z people=2
2025-12-04 14:35:33,792 - INFO - BuildTower - Gaze3D rx frame=104 id=left label=Left person v=[-0.243, -0.159, 0.957] yaw=-14.2 pitch=9.2
2025-12-04 14:35:33,792 - INFO - BuildTower - Gaze3D rx frame=104 id=right label=Right person v=[-0.404, -0.234, 0.884] yaw=-24.6 pitch=13.6
2025-12-04 14:35:33,792 - INFO - BuildTower - Sending to OpenPose with gaze tracking: PL: Arm Extended Check
2025-12-04 14:35:36,941 - INFO - BuildTower - Robot moving to look at person in the left.
2025-12-04 14:35:36,941 - INFO - BuildTower - Attempting to go to position: x=0.5, y=-0.08, z=0.5, theta_x=80, theta_y=0, theta_z=75
2025-12-04 14:35:36,942 - DEBUG - BuildTower - Set speed for pose: translation=1, orientation=100
2025-12-04 14:35:36,958 - INFO - BuildTower - Pose action initiated, waiting for completion.
2025-12-04 14:35:41,587 - INFO - BuildTower - Robot action ended.
2025-12-04 14:35:41,587 - INFO - BuildTower - Robot moving to look at person in the left.
2025-12-04 14:35:41,588 - INFO - BuildTower - Attempting to go to position: x=0.5, y=-0.08, z=0.5, theta_x=80, theta_y=0, theta_z=75
2025-12-04 14:35:41,588 - DEBUG - BuildTower - Set speed for pose: translation=1, orientation=100
2025-12-04 14:35:41,609 - INFO - BuildTower - Pose action initiated, waiting for completion.
2025-12-04 14:35:41,641 - INFO - BuildTower - Robot action ended.
2025-12-04 14:35:44,608 - INFO - BuildTower - Robot moving to look at tower.
2025-12-04 14:35:44,608 - INFO - BuildTower - Attempting to go to position: x=0.5, y=0, z=0.3, theta_x=110, theta_y=0, theta_z=90
2025-12-04 14:35:44,609 - DEBUG - BuildTower - Set speed for pose: translation=1, orientation=100
2025-12-04 14:35:44,634 - INFO - BuildTower - Pose action initiated, waiting for completion.
2025-12-04 14:35:50,744 - INFO - BuildTower - Robot action ended.
2025-12-04 14:35:50,744 - INFO - BuildTower - Robot moving to look at person in the left.
2025-12-04 14:35:50,745 - INFO - BuildTower - Attempting to go to position: x=0.5, y=-0.08, z=0.5, theta_x=80, theta_y=0, theta_z=75
2025-12-04 14:35:50,745 - DEBUG - BuildTower - Set speed for pose: translation=1, orientation=100
2025-12-04 14:35:50,759 - INFO - BuildTower - Pose action initiated, waiting for completion.
2025-12-04 14:35:56,869 - INFO - BuildTower - Robot action ended.
2025-12-04 14:35:56,870 - INFO - BuildTower - Robot moving to look at person in the left.
2025-12-04 14:35:56,870 - INFO - BuildTower - Attempting to go to position: x=0.5, y=-0.08, z=0.5, theta_x=80, theta_y=0, theta_z=75
2025-12-04 14:35:56,870 - DEBUG - BuildTower - Set speed for pose: translation=1, orientation=100
2025-12-04 14:35:56,884 - INFO - BuildTower - Pose action initiated, waiting for completion.
2025-12-04 14:35:56,917 - INFO - BuildTower - Robot action ended.
2025-12-04 14:35:58,045 - INFO - BuildTower - Received reply from OpenPose (with gaze tracking): Left: Arm Extended
2025-12-04 14:35:58,045 - INFO - BuildTower - Sending to OpenPose with gaze tracking: PL: Arm Retracted Check
2025-12-04 14:35:58,111 - INFO - BuildTower - Received reply from OpenPose (with gaze tracking): Left: Arm Retracted
2025-12-04 14:35:58,111 - INFO - BuildTower - Executing turn 2 out of 9.
2025-12-04 14:35:58,111 - INFO - BuildTower - Moving block from start 0.3 to target 0.387. Turn: 2, Block Shape: 4
2025-12-04 14:35:58,115 - INFO - BuildTower - Sending gripper command: value=0
2025-12-04 14:35:58,637 - INFO - BuildTower - Gripper command 0 sent successfully.
2025-12-04 14:35:58,639 - INFO - BuildTower - Attempting to go to position: x=0.3, y=0.3, z=0.345, theta_x=100.0, theta_y=0.0, theta_z=90.0
2025-12-04 14:35:58,639 - DEBUG - BuildTower - Set speed for pose: translation=1, orientation=100
2025-12-04 14:35:58,660 - INFO - BuildTower - Pose action initiated, waiting for completion.
2025-12-04 14:36:03,491 - INFO - BuildTower - Robot action ended.
2025-12-04 14:36:03,491 - INFO - BuildTower - Attempting to go to position: x=0.3, y=0.3, z=0.3, theta_x=100.0, theta_y=0.0, theta_z=90.0
2025-12-04 14:36:03,492 - DEBUG - BuildTower - Set speed for pose: translation=1, orientation=100
2025-12-04 14:36:03,539 - INFO - BuildTower - Pose action initiated, waiting for completion.
2025-12-04 14:36:04,268 - INFO - BuildTower - Robot action ended.
2025-12-04 14:36:04,270 - INFO - BuildTower - Sending gripper command: value=0.7
2025-12-04 14:36:04,784 - INFO - BuildTower - Gripper command 0.7 sent successfully.
2025-12-04 14:36:04,787 - INFO - BuildTower - Attempting to go to position: x=0.3, y=0.3, z=0.435, theta_x=100.0, theta_y=0.0, theta_z=90.0
2025-12-04 14:36:04,787 - DEBUG - BuildTower - Set speed for pose: translation=1, orientation=100
2025-12-04 14:36:04,811 - INFO - BuildTower - Pose action initiated, waiting for completion.
2025-12-04 14:36:06,447 - INFO - BuildTower - Robot action ended.
2025-12-04 14:36:06,447 - INFO - BuildTower - Attempting to go to position: x=0.735, y=0.0, z=0.432, theta_x=100.0, theta_y=0.0, theta_z=90.0
2025-12-04 14:36:06,447 - DEBUG - BuildTower - Set speed for pose: translation=1, orientation=100
2025-12-04 14:36:06,460 - INFO - BuildTower - Pose action initiated, waiting for completion.
2025-12-04 14:36:12,016 - INFO - BuildTower - Robot action ended.
2025-12-04 14:36:12,016 - INFO - BuildTower - Attempting to go to position: x=0.735, y=0.0, z=0.387, theta_x=100.0, theta_y=0.0, theta_z=90.0
2025-12-04 14:36:12,016 - DEBUG - BuildTower - Set speed for pose: translation=1, orientation=100
2025-12-04 14:36:12,037 - INFO - BuildTower - Pose action initiated, waiting for completion.
2025-12-04 14:36:12,765 - INFO - BuildTower - Robot action ended.
2025-12-04 14:36:12,767 - INFO - BuildTower - Sending gripper command: value=0
2025-12-04 14:36:13,284 - INFO - BuildTower - Gripper command 0 sent successfully.
2025-12-04 14:36:13,286 - INFO - BuildTower - Attempting to go to position: x=0.735, y=0.0, z=0.432, theta_x=100.0, theta_y=0.0, theta_z=90.0
2025-12-04 14:36:13,286 - DEBUG - BuildTower - Set speed for pose: translation=1, orientation=100
2025-12-04 14:36:13,315 - INFO - BuildTower - Pose action initiated, waiting for completion.
2025-12-04 14:36:14,053 - INFO - BuildTower - Robot action ended.
2025-12-04 14:36:14,053 - INFO - BuildTower - Robot completed its turn. Robot turn count: 2
2025-12-04 14:36:14,053 - INFO - BuildTower - Executing turn 3 out of 9.
2025-12-04 14:36:14,054 - INFO - BuildTower - Gaze rx: frame_idx=320 ts=2025-12-04T14:36:10.541339Z people=2
2025-12-04 14:36:14,054 - INFO - BuildTower - Gaze3D rx frame=320 id=left label=Left person v=[-0.260, -0.178, 0.949] yaw=-15.3 pitch=10.2
2025-12-04 14:36:14,054 - INFO - BuildTower - Gaze3D rx frame=320 id=right label=Right person v=[-0.121, -0.657, 0.744] yaw=-9.3 pitch=41.1
2025-12-04 14:36:14,054 - INFO - BuildTower - Sending to OpenPose with gaze tracking: PR: Arm Extended Check
2025-12-04 14:36:17,568 - INFO - BuildTower - Robot moving to look at tower.
2025-12-04 14:36:17,569 - INFO - BuildTower - Attempting to go to position: x=0.5, y=0, z=0.3, theta_x=110, theta_y=0, theta_z=90
2025-12-04 14:36:17,569 - DEBUG - BuildTower - Set speed for pose: translation=1, orientation=100
2025-12-04 14:36:17,586 - INFO - BuildTower - Pose action initiated, waiting for completion.
2025-12-04 14:36:20,542 - INFO - BuildTower - Robot action ended.
2025-12-04 14:36:22,103 - INFO - BuildTower - Robot moving to look at person in the right.
2025-12-04 14:36:22,103 - INFO - BuildTower - Attempting to go to position: x=0.5, y=0.08, z=0.5, theta_x=80, theta_y=0, theta_z=105
2025-12-04 14:36:22,103 - DEBUG - BuildTower - Set speed for pose: translation=1, orientation=100
2025-12-04 14:36:22,111 - INFO - BuildTower - Pose action initiated, waiting for completion.
2025-12-04 14:36:28,219 - INFO - BuildTower - Robot action ended.
2025-12-04 14:36:28,219 - INFO - BuildTower - Robot moving to look at tower.
2025-12-04 14:36:28,219 - INFO - BuildTower - Attempting to go to position: x=0.5, y=0, z=0.3, theta_x=110, theta_y=0, theta_z=90
2025-12-04 14:36:28,219 - DEBUG - BuildTower - Set speed for pose: translation=1, orientation=100
2025-12-04 14:36:28,238 - INFO - BuildTower - Pose action initiated, waiting for completion.
2025-12-04 14:36:34,348 - INFO - BuildTower - Robot action ended.
2025-12-04 14:36:34,348 - INFO - BuildTower - Robot moving to look at person in the right.
2025-12-04 14:36:34,349 - INFO - BuildTower - Attempting to go to position: x=0.5, y=0.08, z=0.5, theta_x=80, theta_y=0, theta_z=105
2025-12-04 14:36:34,349 - DEBUG - BuildTower - Set speed for pose: translation=1, orientation=100
2025-12-04 14:36:34,363 - INFO - BuildTower - Pose action initiated, waiting for completion.
2025-12-04 14:36:40,473 - INFO - BuildTower - Robot action ended.
2025-12-04 14:36:40,474 - INFO - BuildTower - Robot moving to look at tower.
2025-12-04 14:36:40,474 - INFO - BuildTower - Attempting to go to position: x=0.5, y=0, z=0.3, theta_x=110, theta_y=0, theta_z=90
2025-12-04 14:36:40,474 - DEBUG - BuildTower - Set speed for pose: translation=1, orientation=100
2025-12-04 14:36:40,489 - INFO - BuildTower - Pose action initiated, waiting for completion.
2025-12-04 14:36:46,600 - INFO - BuildTower - Robot action ended.
2025-12-04 14:36:46,601 - INFO - BuildTower - Robot moving to look at tower.
2025-12-04 14:36:46,601 - INFO - BuildTower - Attempting to go to position: x=0.5, y=0, z=0.3, theta_x=110, theta_y=0, theta_z=90
2025-12-04 14:36:46,601 - DEBUG - BuildTower - Set speed for pose: translation=1, orientation=100
2025-12-04 14:36:46,614 - INFO - BuildTower - Pose action initiated, waiting for completion.
2025-12-04 14:36:46,648 - INFO - BuildTower - Robot action ended.
2025-12-04 14:36:49,754 - INFO - BuildTower - Robot moving to look at tower.
2025-12-04 14:36:49,754 - INFO - BuildTower - Attempting to go to position: x=0.5, y=0, z=0.3, theta_x=110, theta_y=0, theta_z=90
2025-12-04 14:36:49,755 - DEBUG - BuildTower - Set speed for pose: translation=1, orientation=100
2025-12-04 14:36:49,768 - INFO - BuildTower - Pose action initiated, waiting for completion.
2025-12-04 14:36:49,801 - INFO - BuildTower - Robot action ended.
2025-12-04 14:36:51,914 - INFO - BuildTower - Received reply from OpenPose (with gaze tracking): Right: Arm Extended
2025-12-04 14:36:51,914 - INFO - BuildTower - Sending to OpenPose with gaze tracking: PR: Arm Retracted Check
2025-12-04 14:36:51,989 - INFO - BuildTower - Received reply from OpenPose (with gaze tracking): Right: Arm Retracted
2025-12-04 14:36:51,989 - INFO - BuildTower - Executing turn 4 out of 9.
2025-12-04 14:36:51,989 - INFO - BuildTower - Sending to OpenPose with gaze tracking: PL: Arm Extended Check
2025-12-04 14:36:55,205 - INFO - BuildTower - Robot moving to look at tower.
2025-12-04 14:36:55,205 - INFO - BuildTower - Attempting to go to position: x=0.5, y=0, z=0.3, theta_x=110, theta_y=0, theta_z=90
2025-12-04 14:36:55,205 - DEBUG - BuildTower - Set speed for pose: translation=1, orientation=100
2025-12-04 14:36:55,214 - INFO - BuildTower - Pose action initiated, waiting for completion.
2025-12-04 14:36:55,247 - INFO - BuildTower - Robot action ended.
2025-12-04 14:36:58,952 - INFO - BuildTower - Robot moving to look at tower.
2025-12-04 14:36:58,952 - INFO - BuildTower - Attempting to go to position: x=0.5, y=0, z=0.3, theta_x=110, theta_y=0, theta_z=90
2025-12-04 14:36:58,952 - DEBUG - BuildTower - Set speed for pose: translation=1, orientation=100
2025-12-04 14:36:58,965 - INFO - BuildTower - Pose action initiated, waiting for completion.
2025-12-04 14:36:58,999 - INFO - BuildTower - Robot action ended.
2025-12-04 14:37:01,517 - INFO - BuildTower - Received reply from OpenPose (with gaze tracking): Left: Arm Extended
2025-12-04 14:37:01,517 - INFO - BuildTower - Sending to OpenPose with gaze tracking: PL: Arm Retracted Check
2025-12-04 14:37:01,591 - INFO - BuildTower - Received reply from OpenPose (with gaze tracking): Left: Arm Retracted
2025-12-04 14:37:01,591 - INFO - BuildTower - Executing turn 5 out of 9.
2025-12-04 14:37:01,591 - INFO - BuildTower - Sending to OpenPose with gaze tracking: PR: Arm Extended Check
2025-12-04 14:37:04,812 - INFO - BuildTower - Robot moving to look at tower.
2025-12-04 14:37:04,812 - INFO - BuildTower - Attempting to go to position: x=0.5, y=0, z=0.3, theta_x=110, theta_y=0, theta_z=90
2025-12-04 14:37:04,812 - DEBUG - BuildTower - Set speed for pose: translation=1, orientation=100
2025-12-04 14:37:04,840 - INFO - BuildTower - Pose action initiated, waiting for completion.
2025-12-04 14:37:04,873 - INFO - BuildTower - Robot action ended.
2025-12-04 14:37:08,757 - INFO - BuildTower - Robot moving to look at tower.
2025-12-04 14:37:08,757 - INFO - BuildTower - Attempting to go to position: x=0.5, y=0, z=0.3, theta_x=110, theta_y=0, theta_z=90
2025-12-04 14:37:08,757 - DEBUG - BuildTower - Set speed for pose: translation=1, orientation=100
2025-12-04 14:37:08,791 - INFO - BuildTower - Pose action initiated, waiting for completion.
2025-12-04 14:37:08,825 - INFO - BuildTower - Robot action ended.
2025-12-04 14:37:11,765 - INFO - BuildTower - Robot moving to look at tower.
2025-12-04 14:37:11,766 - INFO - BuildTower - Attempting to go to position: x=0.5, y=0, z=0.3, theta_x=110, theta_y=0, theta_z=90
2025-12-04 14:37:11,766 - DEBUG - BuildTower - Set speed for pose: translation=1, orientation=100
2025-12-04 14:37:11,794 - INFO - BuildTower - Pose action initiated, waiting for completion.
2025-12-04 14:37:11,826 - INFO - BuildTower - Robot action ended.
2025-12-04 14:37:15,393 - INFO - BuildTower - Robot moving to look at person in the left.
2025-12-04 14:37:15,393 - INFO - BuildTower - Attempting to go to position: x=0.5, y=-0.08, z=0.5, theta_x=80, theta_y=0, theta_z=75
2025-12-04 14:37:15,394 - DEBUG - BuildTower - Set speed for pose: translation=1, orientation=100
2025-12-04 14:37:15,416 - INFO - BuildTower - Pose action initiated, waiting for completion.
2025-12-04 14:37:21,527 - INFO - BuildTower - Robot action ended.
2025-12-04 14:37:21,527 - INFO - BuildTower - Robot moving to look at tower.
2025-12-04 14:37:21,528 - INFO - BuildTower - Attempting to go to position: x=0.5, y=0, z=0.3, theta_x=110, theta_y=0, theta_z=90
2025-12-04 14:37:21,528 - DEBUG - BuildTower - Set speed for pose: translation=1, orientation=100
2025-12-04 14:37:21,542 - INFO - BuildTower - Pose action initiated, waiting for completion.
2025-12-04 14:37:27,651 - INFO - BuildTower - Robot action ended.
2025-12-04 14:37:27,651 - INFO - BuildTower - Robot moving to look at tower.
2025-12-04 14:37:27,652 - INFO - BuildTower - Attempting to go to position: x=0.5, y=0, z=0.3, theta_x=110, theta_y=0, theta_z=90
2025-12-04 14:37:27,652 - DEBUG - BuildTower - Set speed for pose: translation=1, orientation=100
2025-12-04 14:37:27,667 - INFO - BuildTower - Pose action initiated, waiting for completion.
2025-12-04 14:37:27,709 - INFO - BuildTower - Robot action ended.
2025-12-04 14:37:31,196 - INFO - BuildTower - Robot moving to look at tower.
2025-12-04 14:37:31,196 - INFO - BuildTower - Attempting to go to position: x=0.5, y=0, z=0.3, theta_x=110, theta_y=0, theta_z=90
2025-12-04 14:37:31,196 - DEBUG - BuildTower - Set speed for pose: translation=1, orientation=100
2025-12-04 14:37:31,218 - INFO - BuildTower - Pose action initiated, waiting for completion.
2025-12-04 14:37:31,251 - INFO - BuildTower - Robot action ended.
2025-12-04 14:37:34,426 - INFO - BuildTower - Robot moving to look at tower.
2025-12-04 14:37:34,426 - INFO - BuildTower - Attempting to go to position: x=0.5, y=0, z=0.3, theta_x=110, theta_y=0, theta_z=90
2025-12-04 14:37:34,426 - DEBUG - BuildTower - Set speed for pose: translation=1, orientation=100
2025-12-04 14:37:34,444 - INFO - BuildTower - Pose action initiated, waiting for completion.
2025-12-04 14:37:34,477 - INFO - BuildTower - Robot action ended.
2025-12-04 14:37:37,852 - INFO - BuildTower - Robot moving to look at person in the right.
2025-12-04 14:37:37,852 - INFO - BuildTower - Attempting to go to position: x=0.5, y=0.08, z=0.5, theta_x=80, theta_y=0, theta_z=105
2025-12-04 14:37:37,852 - DEBUG - BuildTower - Set speed for pose: translation=1, orientation=100
2025-12-04 14:37:37,869 - INFO - BuildTower - Pose action initiated, waiting for completion.
2025-12-04 14:37:43,986 - INFO - BuildTower - Robot action ended.
2025-12-04 14:37:43,987 - INFO - BuildTower - Robot moving to look at tower.
2025-12-04 14:37:43,987 - INFO - BuildTower - Attempting to go to position: x=0.5, y=0, z=0.3, theta_x=110, theta_y=0, theta_z=90
2025-12-04 14:37:43,987 - DEBUG - BuildTower - Set speed for pose: translation=1, orientation=100
2025-12-04 14:37:43,993 - INFO - BuildTower - Pose action initiated, waiting for completion.
2025-12-04 14:37:50,103 - INFO - BuildTower - Robot action ended.
2025-12-04 14:37:50,103 - INFO - BuildTower - Robot moving to look at tower.
2025-12-04 14:37:50,103 - INFO - BuildTower - Attempting to go to position: x=0.5, y=0, z=0.3, theta_x=110, theta_y=0, theta_z=90
2025-12-04 14:37:50,103 - DEBUG - BuildTower - Set speed for pose: translation=1, orientation=100
2025-12-04 14:37:50,119 - INFO - BuildTower - Pose action initiated, waiting for completion.
2025-12-04 14:37:50,152 - INFO - BuildTower - Robot action ended.
2025-12-04 14:37:53,714 - INFO - BuildTower - Robot moving to look at tower.
2025-12-04 14:37:53,714 - INFO - BuildTower - Attempting to go to position: x=0.5, y=0, z=0.3, theta_x=110, theta_y=0, theta_z=90
2025-12-04 14:37:53,714 - DEBUG - BuildTower - Set speed for pose: translation=1, orientation=100
2025-12-04 14:37:53,744 - INFO - BuildTower - Pose action initiated, waiting for completion.
2025-12-04 14:37:53,777 - INFO - BuildTower - Robot action ended.
2025-12-04 14:37:57,937 - INFO - BuildTower - Robot moving to look at person in the left.
2025-12-04 14:37:57,937 - INFO - BuildTower - Attempting to go to position: x=0.5, y=-0.08, z=0.5, theta_x=80, theta_y=0, theta_z=75
2025-12-04 14:37:57,938 - DEBUG - BuildTower - Set speed for pose: translation=1, orientation=100
2025-12-04 14:37:57,944 - INFO - BuildTower - Pose action initiated, waiting for completion.
2025-12-04 14:38:04,064 - INFO - BuildTower - Robot action ended.
2025-12-04 14:38:04,065 - INFO - BuildTower - Robot moving to look at tower.
2025-12-04 14:38:04,065 - INFO - BuildTower - Attempting to go to position: x=0.5, y=0, z=0.3, theta_x=110, theta_y=0, theta_z=90
2025-12-04 14:38:04,065 - DEBUG - BuildTower - Set speed for pose: translation=1, orientation=100
2025-12-04 14:38:04,095 - INFO - BuildTower - Pose action initiated, waiting for completion.
2025-12-04 14:38:10,206 - INFO - BuildTower - Robot action ended.
2025-12-04 14:38:10,207 - INFO - BuildTower - Robot moving to look at tower.
2025-12-04 14:38:10,207 - INFO - BuildTower - Attempting to go to position: x=0.5, y=0, z=0.3, theta_x=110, theta_y=0, theta_z=90
2025-12-04 14:38:10,207 - DEBUG - BuildTower - Set speed for pose: translation=1, orientation=100
2025-12-04 14:38:10,221 - INFO - BuildTower - Pose action initiated, waiting for completion.
2025-12-04 14:38:10,254 - INFO - BuildTower - Robot action ended.
2025-12-04 14:38:13,321 - INFO - BuildTower - Robot moving to look at tower.
2025-12-04 14:38:13,321 - INFO - BuildTower - Attempting to go to position: x=0.5, y=0, z=0.3, theta_x=110, theta_y=0, theta_z=90
2025-12-04 14:38:13,321 - DEBUG - BuildTower - Set speed for pose: translation=1, orientation=100
2025-12-04 14:38:13,347 - INFO - BuildTower - Pose action initiated, waiting for completion.
2025-12-04 14:38:13,380 - INFO - BuildTower - Robot action ended.
2025-12-04 14:38:16,419 - INFO - BuildTower - Robot moving to look at tower.
2025-12-04 14:38:16,419 - INFO - BuildTower - Attempting to go to position: x=0.5, y=0, z=0.3, theta_x=110, theta_y=0, theta_z=90
2025-12-04 14:38:16,420 - DEBUG - BuildTower - Set speed for pose: translation=1, orientation=100
2025-12-04 14:38:16,447 - INFO - BuildTower - Pose action initiated, waiting for completion.
2025-12-04 14:38:16,481 - INFO - BuildTower - Robot action ended.
2025-12-04 14:38:20,702 - INFO - BuildTower - Robot moving to look at tower.
2025-12-04 14:38:20,702 - INFO - BuildTower - Attempting to go to position: x=0.5, y=0, z=0.3, theta_x=110, theta_y=0, theta_z=90
2025-12-04 14:38:20,703 - DEBUG - BuildTower - Set speed for pose: translation=1, orientation=100
2025-12-04 14:38:20,721 - INFO - BuildTower - Pose action initiated, waiting for completion.
2025-12-04 14:38:20,754 - INFO - BuildTower - Robot action ended.
2025-12-04 14:38:24,233 - INFO - BuildTower - Robot moving to look at tower.
2025-12-04 14:38:24,233 - INFO - BuildTower - Attempting to go to position: x=0.5, y=0, z=0.3, theta_x=110, theta_y=0, theta_z=90
2025-12-04 14:38:24,233 - DEBUG - BuildTower - Set speed for pose: translation=1, orientation=100
2025-12-04 14:38:24,248 - INFO - BuildTower - Pose action initiated, waiting for completion.
2025-12-04 14:38:24,280 - INFO - BuildTower - Robot action ended.
2025-12-04 14:38:27,482 - INFO - BuildTower - Robot moving to look at tower.
2025-12-04 14:38:27,482 - INFO - BuildTower - Attempting to go to position: x=0.5, y=0, z=0.3, theta_x=110, theta_y=0, theta_z=90
2025-12-04 14:38:27,482 - DEBUG - BuildTower - Set speed for pose: translation=1, orientation=100
2025-12-04 14:38:27,498 - INFO - BuildTower - Pose action initiated, waiting for completion.
2025-12-04 14:38:27,531 - INFO - BuildTower - Robot action ended.
2025-12-04 14:38:30,533 - INFO - BuildTower - Robot moving to look at person in the left.
2025-12-04 14:38:30,533 - INFO - BuildTower - Attempting to go to position: x=0.5, y=-0.08, z=0.5, theta_x=80, theta_y=0, theta_z=75
2025-12-04 14:38:30,533 - DEBUG - BuildTower - Set speed for pose: translation=1, orientation=100
2025-12-04 14:38:30,573 - INFO - BuildTower - Pose action initiated, waiting for completion.
2025-12-04 14:38:36,682 - INFO - BuildTower - Robot action ended.
2025-12-04 14:38:36,683 - INFO - BuildTower - Robot moving to look at tower.
2025-12-04 14:38:36,683 - INFO - BuildTower - Attempting to go to position: x=0.5, y=0, z=0.3, theta_x=110, theta_y=0, theta_z=90
2025-12-04 14:38:36,684 - DEBUG - BuildTower - Set speed for pose: translation=1, orientation=100
2025-12-04 14:38:36,699 - INFO - BuildTower - Pose action initiated, waiting for completion.
2025-12-04 14:38:42,809 - INFO - BuildTower - Robot action ended.
2025-12-04 14:38:42,809 - INFO - BuildTower - Robot moving to look at tower.
2025-12-04 14:38:42,809 - INFO - BuildTower - Attempting to go to position: x=0.5, y=0, z=0.3, theta_x=110, theta_y=0, theta_z=90
2025-12-04 14:38:42,810 - DEBUG - BuildTower - Set speed for pose: translation=1, orientation=100
2025-12-04 14:38:42,823 - INFO - BuildTower - Pose action initiated, waiting for completion.
2025-12-04 14:38:42,856 - INFO - BuildTower - Robot action ended.
2025-12-04 14:38:46,223 - INFO - BuildTower - Robot moving to look at person in the left.
2025-12-04 14:38:46,223 - INFO - BuildTower - Attempting to go to position: x=0.5, y=-0.08, z=0.5, theta_x=80, theta_y=0, theta_z=75
2025-12-04 14:38:46,223 - DEBUG - BuildTower - Set speed for pose: translation=1, orientation=100
2025-12-04 14:38:46,248 - INFO - BuildTower - Pose action initiated, waiting for completion.
2025-12-04 14:38:52,359 - INFO - BuildTower - Robot action ended.
2025-12-04 14:38:52,359 - INFO - BuildTower - Robot moving to look at person in the left.
2025-12-04 14:38:52,360 - INFO - BuildTower - Attempting to go to position: x=0.5, y=-0.08, z=0.5, theta_x=80, theta_y=0, theta_z=75
2025-12-04 14:38:52,360 - DEBUG - BuildTower - Set speed for pose: translation=1, orientation=100
2025-12-04 14:38:52,374 - INFO - BuildTower - Pose action initiated, waiting for completion.
2025-12-04 14:38:52,457 - INFO - BuildTower - Robot action ended.
2025-12-04 14:38:55,577 - INFO - BuildTower - Robot moving to look at person in the right.
2025-12-04 14:38:55,578 - INFO - BuildTower - Attempting to go to position: x=0.5, y=0.08, z=0.5, theta_x=80, theta_y=0, theta_z=105
2025-12-04 14:38:55,578 - DEBUG - BuildTower - Set speed for pose: translation=1, orientation=100
2025-12-04 14:38:55,600 - INFO - BuildTower - Pose action initiated, waiting for completion.
2025-12-04 14:39:01,104 - INFO - BuildTower - Robot action ended.
2025-12-04 14:39:01,105 - INFO - BuildTower - Robot moving to look at person in the left.
2025-12-04 14:39:01,105 - INFO - BuildTower - Attempting to go to position: x=0.5, y=-0.08, z=0.5, theta_x=80, theta_y=0, theta_z=75
2025-12-04 14:39:01,105 - DEBUG - BuildTower - Set speed for pose: translation=1, orientation=100
2025-12-04 14:39:01,125 - INFO - BuildTower - Pose action initiated, waiting for completion.
2025-12-04 14:39:06,631 - INFO - BuildTower - Robot action ended.
2025-12-04 14:39:06,632 - INFO - BuildTower - Robot moving to look at tower.
2025-12-04 14:39:06,632 - INFO - BuildTower - Attempting to go to position: x=0.5, y=0, z=0.3, theta_x=110, theta_y=0, theta_z=90
2025-12-04 14:39:06,632 - DEBUG - BuildTower - Set speed for pose: translation=1, orientation=100
2025-12-04 14:39:06,651 - INFO - BuildTower - Pose action initiated, waiting for completion.
2025-12-04 14:39:12,762 - INFO - BuildTower - Robot action ended.
2025-12-04 14:39:12,763 - INFO - BuildTower - Robot moving to look at tower.
2025-12-04 14:39:12,763 - INFO - BuildTower - Attempting to go to position: x=0.5, y=0, z=0.3, theta_x=110, theta_y=0, theta_z=90
2025-12-04 14:39:12,763 - DEBUG - BuildTower - Set speed for pose: translation=1, orientation=100
2025-12-04 14:39:12,776 - INFO - BuildTower - Pose action initiated, waiting for completion.
2025-12-04 14:39:12,809 - INFO - BuildTower - Robot action ended.
