2025-11-14 15:02:19,092 - INFO - BuildTower - Connected to OpenPose server
2025-11-14 15:02:19,092 - INFO - BuildTower - Connected to Gaze server
2025-11-14 15:02:19,238 - INFO - BuildTower - Robot parameters: robot_name=my_gen3, dof=7, gripper_present=True
2025-11-14 15:02:19,242 - INFO - BuildTower - Service initialized: /my_gen3/base/clear_faults
2025-11-14 15:02:19,244 - INFO - BuildTower - Service initialized: /my_gen3/base/read_action
2025-11-14 15:02:19,246 - INFO - BuildTower - Service initialized: /my_gen3/base/execute_action
2025-11-14 15:02:19,248 - INFO - BuildTower - Service initialized: /my_gen3/control_config/set_cartesian_reference_frame
2025-11-14 15:02:19,250 - INFO - BuildTower - Service initialized: /my_gen3/base/activate_publishing_of_action_topic
2025-11-14 15:02:19,252 - INFO - BuildTower - Service initialized: /my_gen3/base/send_gripper_command
2025-11-14 15:02:19,252 - INFO - BuildTower - BuildTower class initialized successfully.
2025-11-14 15:02:19,252 - INFO - BuildTower - ROS parameter /kortex_examples_test_results/cartesian_poses_with_notifications_python did not exist or could not be deleted.
2025-11-14 15:02:19,252 - INFO - BuildTower - Starting main robot control loop.
2025-11-14 15:02:19,277 - INFO - BuildTower - Robot faults cleared successfully.
2025-11-14 15:02:21,809 - INFO - BuildTower - Cartesian reference frame set successfully.
2025-11-14 15:02:21,811 - INFO - BuildTower - Activating action notifications.
2025-11-14 15:02:21,828 - INFO - BuildTower - Action Notifications successfully activated.
2025-11-14 15:02:22,881 - INFO - BuildTower - Sending robot to home position.
2025-11-14 15:02:24,550 - INFO - BuildTower - User pressed Enter. Continuing with configuration 1
2025-11-14 15:02:24,551 - INFO - BuildTower - Parsing information from file: config2
2025-11-14 15:02:24,551 - INFO - BuildTower - Parsed turn_order: ybypbpbpy

2025-11-14 15:02:24,551 - INFO - BuildTower - Parsed object_order: 143

2025-11-14 15:02:24,552 - INFO - BuildTower - Sent turn_order and waiting for response from OpenPose server.
2025-11-14 15:02:24,552 - INFO - BuildTower - Sending turn order to OpenPose server: ybypbpbpy

2025-11-14 15:02:24,552 - DEBUG - BuildTower - Gaze rx: (none available)
2025-11-14 15:02:24,552 - DEBUG - BuildTower - Gaze rx: (none available)
2025-11-14 15:02:24,553 - DEBUG - BuildTower - Gaze rx: (none available)
2025-11-14 15:02:24,553 - INFO - BuildTower - Received reply from OpenPose server: Order Received
2025-11-14 15:02:24,553 - INFO - BuildTower - Executing turn 0 out of 9.
2025-11-14 15:02:24,582 - INFO - BuildTower - Sending robot to home position.
2025-11-14 15:02:25,201 - INFO - BuildTower - Moving block from start 0.28 to target 0.307. Turn: 0, Block Shape: 1
2025-11-14 15:02:25,203 - INFO - BuildTower - Sending gripper command: value=0
2025-11-14 15:02:25,726 - INFO - BuildTower - Gripper command 0 sent successfully.
2025-11-14 15:02:25,728 - INFO - BuildTower - Attempting to go to position: x=0.47, y=0.18, z=0.325, theta_x=100.0, theta_y=0.0, theta_z=90.0
2025-11-14 15:02:25,728 - DEBUG - BuildTower - Set speed for pose: translation=1, orientation=100
2025-11-14 15:02:25,754 - INFO - BuildTower - Pose action initiated, waiting for completion.
2025-11-14 15:02:28,386 - INFO - BuildTower - Robot action ended.
2025-11-14 15:02:28,386 - INFO - BuildTower - Attempting to go to position: x=0.47, y=0.18, z=0.28, theta_x=100.0, theta_y=0.0, theta_z=90.0
2025-11-14 15:02:28,386 - DEBUG - BuildTower - Set speed for pose: translation=1, orientation=100
2025-11-14 15:02:28,403 - INFO - BuildTower - Pose action initiated, waiting for completion.
2025-11-14 15:02:29,132 - INFO - BuildTower - Robot action ended.
2025-11-14 15:02:29,133 - INFO - BuildTower - Sending gripper command: value=0.075
2025-11-14 15:02:29,651 - INFO - BuildTower - Gripper command 0.075 sent successfully.
2025-11-14 15:02:29,654 - INFO - BuildTower - Attempting to go to position: x=0.47, y=0.18, z=0.325, theta_x=100.0, theta_y=0.0, theta_z=90.0
2025-11-14 15:02:29,654 - DEBUG - BuildTower - Set speed for pose: translation=1, orientation=100
2025-11-14 15:02:29,678 - INFO - BuildTower - Pose action initiated, waiting for completion.
2025-11-14 15:02:30,386 - INFO - BuildTower - Robot action ended.
2025-11-14 15:02:30,386 - INFO - BuildTower - Attempting to go to position: x=0.735, y=0.0, z=0.352, theta_x=100.0, theta_y=0.0, theta_z=90.0
2025-11-14 15:02:30,386 - DEBUG - BuildTower - Set speed for pose: translation=1, orientation=100
2025-11-14 15:02:30,403 - INFO - BuildTower - Pose action initiated, waiting for completion.
2025-11-14 15:02:33,893 - INFO - BuildTower - Robot action ended.
2025-11-14 15:02:33,893 - INFO - BuildTower - Attempting to go to position: x=0.735, y=0.0, z=0.307, theta_x=100.0, theta_y=0.0, theta_z=90.0
2025-11-14 15:02:33,893 - DEBUG - BuildTower - Set speed for pose: translation=1, orientation=100
2025-11-14 15:02:33,902 - INFO - BuildTower - Pose action initiated, waiting for completion.
2025-11-14 15:02:34,610 - INFO - BuildTower - Robot action ended.
2025-11-14 15:02:34,611 - INFO - BuildTower - Sending gripper command: value=0
2025-11-14 15:02:35,127 - INFO - BuildTower - Gripper command 0 sent successfully.
2025-11-14 15:02:35,130 - INFO - BuildTower - Attempting to go to position: x=0.735, y=0.0, z=0.352, theta_x=100.0, theta_y=0.0, theta_z=90.0
2025-11-14 15:02:35,130 - DEBUG - BuildTower - Set speed for pose: translation=1, orientation=100
2025-11-14 15:02:35,153 - INFO - BuildTower - Pose action initiated, waiting for completion.
2025-11-14 15:02:35,882 - INFO - BuildTower - Robot action ended.
2025-11-14 15:02:35,882 - INFO - BuildTower - Robot completed its turn. Robot turn count: 1
2025-11-14 15:02:35,883 - INFO - BuildTower - Executing turn 1 out of 9.
2025-11-14 15:02:35,906 - INFO - BuildTower - Sending robot to home position.
2025-11-14 15:02:36,532 - DEBUG - BuildTower - Gaze rx: (none available)
2025-11-14 15:02:36,532 - INFO - BuildTower - Sent 'PL: Arm Extended Check' to OpenPose server.
2025-11-14 15:02:36,532 - DEBUG - BuildTower - Gaze rx: (none available)
2025-11-14 15:02:45,051 - DEBUG - BuildTower - Gaze rx: (none available)
2025-11-14 15:02:45,051 - INFO - BuildTower - Received reply from OpenPose: Left: Arm Extended
2025-11-14 15:02:45,051 - DEBUG - BuildTower - Gaze rx: (none available)
2025-11-14 15:02:45,052 - INFO - BuildTower - Sent 'PL: Arm Retracted Check' to OpenPose server.
2025-11-14 15:02:45,052 - DEBUG - BuildTower - Gaze rx: (none available)
2025-11-14 15:02:48,592 - DEBUG - BuildTower - Gaze rx: (none available)
2025-11-14 15:02:48,592 - INFO - BuildTower - Received reply from OpenPose: Left: Arm Retracted
2025-11-14 15:02:48,592 - INFO - BuildTower - Executing turn 2 out of 9.
2025-11-14 15:02:48,611 - INFO - BuildTower - Sending robot to home position.
2025-11-14 15:02:49,228 - INFO - BuildTower - Moving block from start 0.3 to target 0.387. Turn: 2, Block Shape: 4
2025-11-14 15:02:49,232 - INFO - BuildTower - Sending gripper command: value=0
2025-11-14 15:02:49,753 - INFO - BuildTower - Gripper command 0 sent successfully.
2025-11-14 15:02:49,755 - INFO - BuildTower - Attempting to go to position: x=0.3, y=0.3, z=0.345, theta_x=100.0, theta_y=0.0, theta_z=90.0
2025-11-14 15:02:49,755 - DEBUG - BuildTower - Set speed for pose: translation=1, orientation=100
2025-11-14 15:02:49,784 - INFO - BuildTower - Pose action initiated, waiting for completion.
2025-11-14 15:02:54,210 - INFO - BuildTower - Robot action ended.
2025-11-14 15:02:54,211 - INFO - BuildTower - Attempting to go to position: x=0.3, y=0.3, z=0.3, theta_x=100.0, theta_y=0.0, theta_z=90.0
2025-11-14 15:02:54,211 - DEBUG - BuildTower - Set speed for pose: translation=1, orientation=100
2025-11-14 15:02:54,230 - INFO - BuildTower - Pose action initiated, waiting for completion.
2025-11-14 15:02:54,958 - INFO - BuildTower - Robot action ended.
2025-11-14 15:02:54,960 - INFO - BuildTower - Sending gripper command: value=0.7
2025-11-14 15:02:55,478 - INFO - BuildTower - Gripper command 0.7 sent successfully.
2025-11-14 15:02:55,482 - INFO - BuildTower - Attempting to go to position: x=0.3, y=0.3, z=0.435, theta_x=100.0, theta_y=0.0, theta_z=90.0
2025-11-14 15:02:55,482 - DEBUG - BuildTower - Set speed for pose: translation=1, orientation=100
2025-11-14 15:02:55,506 - INFO - BuildTower - Pose action initiated, waiting for completion.
2025-11-14 15:02:57,141 - INFO - BuildTower - Robot action ended.
2025-11-14 15:02:57,141 - INFO - BuildTower - Attempting to go to position: x=0.735, y=0.0, z=0.432, theta_x=100.0, theta_y=0.0, theta_z=90.0
2025-11-14 15:02:57,141 - DEBUG - BuildTower - Set speed for pose: translation=1, orientation=100
2025-11-14 15:02:57,156 - INFO - BuildTower - Pose action initiated, waiting for completion.
2025-11-14 15:03:02,711 - INFO - BuildTower - Robot action ended.
2025-11-14 15:03:02,711 - INFO - BuildTower - Attempting to go to position: x=0.735, y=0.0, z=0.387, theta_x=100.0, theta_y=0.0, theta_z=90.0
2025-11-14 15:03:02,711 - DEBUG - BuildTower - Set speed for pose: translation=1, orientation=100
2025-11-14 15:03:02,731 - INFO - BuildTower - Pose action initiated, waiting for completion.
2025-11-14 15:03:03,459 - INFO - BuildTower - Robot action ended.
2025-11-14 15:03:03,461 - INFO - BuildTower - Sending gripper command: value=0
2025-11-14 15:03:03,983 - INFO - BuildTower - Gripper command 0 sent successfully.
2025-11-14 15:03:03,985 - INFO - BuildTower - Attempting to go to position: x=0.735, y=0.0, z=0.432, theta_x=100.0, theta_y=0.0, theta_z=90.0
2025-11-14 15:03:03,985 - DEBUG - BuildTower - Set speed for pose: translation=1, orientation=100
2025-11-14 15:03:04,006 - INFO - BuildTower - Pose action initiated, waiting for completion.
2025-11-14 15:03:04,735 - INFO - BuildTower - Robot action ended.
2025-11-14 15:03:04,735 - INFO - BuildTower - Robot completed its turn. Robot turn count: 2
2025-11-14 15:03:04,735 - INFO - BuildTower - Executing turn 3 out of 9.
2025-11-14 15:03:04,759 - INFO - BuildTower - Sending robot to home position.
2025-11-14 15:03:05,380 - DEBUG - BuildTower - Gaze rx: (none available)
2025-11-14 15:03:05,380 - INFO - BuildTower - Sent 'PR: Arm Extended Check' to OpenPose server.
2025-11-14 15:03:05,380 - DEBUG - BuildTower - Gaze rx: (none available)
2025-11-14 15:03:05,444 - DEBUG - BuildTower - Gaze rx: (none available)
2025-11-14 15:03:05,445 - INFO - BuildTower - Received reply from OpenPose: Right: Arm Extended
2025-11-14 15:03:05,445 - DEBUG - BuildTower - Gaze rx: (none available)
2025-11-14 15:03:05,445 - INFO - BuildTower - Sent 'PR: Arm Retracted Check' to OpenPose server.
2025-11-14 15:03:05,445 - DEBUG - BuildTower - Gaze rx: (none available)
2025-11-14 15:03:05,498 - DEBUG - BuildTower - Gaze rx: (none available)
2025-11-14 15:03:05,498 - INFO - BuildTower - Received reply from OpenPose: Right: Arm Retracted
2025-11-14 15:03:05,498 - INFO - BuildTower - Executing turn 4 out of 9.
2025-11-14 15:03:05,509 - INFO - BuildTower - Sending robot to home position.
2025-11-14 15:03:06,133 - DEBUG - BuildTower - Gaze rx: (none available)
2025-11-14 15:03:06,134 - INFO - BuildTower - Sent 'PL: Arm Extended Check' to OpenPose server.
2025-11-14 15:03:06,134 - DEBUG - BuildTower - Gaze rx: (none available)
2025-11-14 15:03:11,722 - DEBUG - BuildTower - Gaze rx: (none available)
2025-11-14 15:03:11,722 - INFO - BuildTower - Received reply from OpenPose: Left: Arm Extended
2025-11-14 15:03:11,723 - DEBUG - BuildTower - Gaze rx: (none available)
2025-11-14 15:03:11,723 - INFO - BuildTower - Sent 'PL: Arm Retracted Check' to OpenPose server.
2025-11-14 15:03:11,723 - DEBUG - BuildTower - Gaze rx: (none available)
2025-11-14 15:03:11,790 - DEBUG - BuildTower - Gaze rx: (none available)
2025-11-14 15:03:11,790 - INFO - BuildTower - Received reply from OpenPose: Left: Arm Retracted
2025-11-14 15:03:11,790 - INFO - BuildTower - Executing turn 5 out of 9.
2025-11-14 15:03:11,813 - INFO - BuildTower - Sending robot to home position.
2025-11-14 15:03:12,430 - DEBUG - BuildTower - Gaze rx: (none available)
2025-11-14 15:03:12,431 - INFO - BuildTower - Sent 'PR: Arm Extended Check' to OpenPose server.
2025-11-14 15:03:12,431 - DEBUG - BuildTower - Gaze rx: (none available)
2025-11-14 15:03:16,935 - DEBUG - BuildTower - Gaze rx: (none available)
2025-11-14 15:03:16,935 - INFO - BuildTower - Received reply from OpenPose: Right: Arm Extended
2025-11-14 15:03:16,935 - DEBUG - BuildTower - Gaze rx: (none available)
2025-11-14 15:03:16,935 - INFO - BuildTower - Sent 'PR: Arm Retracted Check' to OpenPose server.
2025-11-14 15:03:16,935 - DEBUG - BuildTower - Gaze rx: (none available)
2025-11-14 15:03:17,057 - DEBUG - BuildTower - Gaze rx: (none available)
2025-11-14 15:03:17,057 - INFO - BuildTower - Received reply from OpenPose: Right: Arm Retracted
2025-11-14 15:03:17,058 - INFO - BuildTower - Executing turn 6 out of 9.
2025-11-14 15:03:17,084 - INFO - BuildTower - Sending robot to home position.
2025-11-14 15:03:17,706 - DEBUG - BuildTower - Gaze rx: (none available)
2025-11-14 15:03:17,707 - INFO - BuildTower - Sent 'PL: Arm Extended Check' to OpenPose server.
2025-11-14 15:03:17,707 - DEBUG - BuildTower - Gaze rx: (none available)
2025-11-14 15:03:24,274 - DEBUG - BuildTower - Gaze rx: (none available)
2025-11-14 15:03:24,274 - INFO - BuildTower - Received reply from OpenPose: Left: Arm Extended
2025-11-14 15:03:24,274 - DEBUG - BuildTower - Gaze rx: (none available)
2025-11-14 15:03:24,275 - INFO - BuildTower - Sent 'PL: Arm Retracted Check' to OpenPose server.
2025-11-14 15:03:24,275 - DEBUG - BuildTower - Gaze rx: (none available)
2025-11-14 15:03:26,520 - DEBUG - BuildTower - Gaze rx: (none available)
2025-11-14 15:03:26,521 - INFO - BuildTower - Received reply from OpenPose: Left: Arm Retracted
2025-11-14 15:03:26,521 - INFO - BuildTower - Executing turn 7 out of 9.
2025-11-14 15:03:26,539 - INFO - BuildTower - Sending robot to home position.
2025-11-14 15:03:27,156 - DEBUG - BuildTower - Gaze rx: (none available)
2025-11-14 15:03:27,157 - INFO - BuildTower - Sent 'PR: Arm Extended Check' to OpenPose server.
2025-11-14 15:03:27,157 - DEBUG - BuildTower - Gaze rx: (none available)
2025-11-14 15:03:29,731 - DEBUG - BuildTower - Gaze rx: (none available)
2025-11-14 15:03:29,731 - INFO - BuildTower - Received reply from OpenPose: Right: Arm Extended
2025-11-14 15:03:29,731 - DEBUG - BuildTower - Gaze rx: (none available)
2025-11-14 15:03:29,731 - INFO - BuildTower - Sent 'PR: Arm Retracted Check' to OpenPose server.
2025-11-14 15:03:29,731 - DEBUG - BuildTower - Gaze rx: (none available)
2025-11-14 15:03:29,861 - DEBUG - BuildTower - Gaze rx: (none available)
2025-11-14 15:03:29,861 - INFO - BuildTower - Received reply from OpenPose: Right: Arm Retracted
2025-11-14 15:03:29,861 - INFO - BuildTower - Executing turn 8 out of 9.
2025-11-14 15:03:29,890 - INFO - BuildTower - Sending robot to home position.
2025-11-14 15:03:30,506 - INFO - BuildTower - Moving block from start 0.28 to target 0.643. Turn: 8, Block Shape: 3
2025-11-14 15:03:30,509 - INFO - BuildTower - Sending gripper command: value=0
2025-11-14 15:03:31,032 - INFO - BuildTower - Gripper command 0 sent successfully.
2025-11-14 15:03:31,042 - INFO - BuildTower - Attempting to go to position: x=0.5, y=-0.2, z=0.325, theta_x=100.0, theta_y=0.0, theta_z=90.0
2025-11-14 15:03:31,042 - DEBUG - BuildTower - Set speed for pose: translation=1, orientation=100
2025-11-14 15:03:31,062 - INFO - BuildTower - Pose action initiated, waiting for completion.
2025-11-14 15:03:33,735 - INFO - BuildTower - Robot action ended.
2025-11-14 15:03:33,736 - INFO - BuildTower - Attempting to go to position: x=0.5, y=-0.2, z=0.28, theta_x=100.0, theta_y=0.0, theta_z=90.0
2025-11-14 15:03:33,736 - DEBUG - BuildTower - Set speed for pose: translation=1, orientation=100
2025-11-14 15:03:33,758 - INFO - BuildTower - Pose action initiated, waiting for completion.
2025-11-14 15:03:34,485 - INFO - BuildTower - Robot action ended.
2025-11-14 15:03:34,486 - INFO - BuildTower - Sending gripper command: value=0.2
2025-11-14 15:03:35,007 - INFO - BuildTower - Gripper command 0.2 sent successfully.
2025-11-14 15:03:35,009 - INFO - BuildTower - Attempting to go to position: x=0.5, y=-0.2, z=0.685, theta_x=100.0, theta_y=0.0, theta_z=90.0
2025-11-14 15:03:35,009 - DEBUG - BuildTower - Set speed for pose: translation=1, orientation=100
2025-11-14 15:03:35,034 - INFO - BuildTower - Pose action initiated, waiting for completion.
2025-11-14 15:03:39,372 - INFO - BuildTower - Robot action ended.
2025-11-14 15:03:39,372 - INFO - BuildTower - Attempting to go to position: x=0.737, y=0.0, z=0.6880000000000001, theta_x=100.0, theta_y=0.0, theta_z=90.0
2025-11-14 15:03:39,373 - DEBUG - BuildTower - Set speed for pose: translation=1, orientation=100
2025-11-14 15:03:39,383 - INFO - BuildTower - Pose action initiated, waiting for completion.
2025-11-14 15:03:42,763 - INFO - BuildTower - Robot action ended.
2025-11-14 15:03:42,763 - INFO - BuildTower - Attempting to go to position: x=0.737, y=0.0, z=0.643, theta_x=100.0, theta_y=0.0, theta_z=90.0
2025-11-14 15:03:42,763 - DEBUG - BuildTower - Set speed for pose: translation=1, orientation=100
2025-11-14 15:03:42,809 - INFO - BuildTower - Pose action initiated, waiting for completion.
2025-11-14 15:03:43,537 - INFO - BuildTower - Robot action ended.
2025-11-14 15:03:43,539 - INFO - BuildTower - Sending gripper command: value=0
2025-11-14 15:03:44,058 - INFO - BuildTower - Gripper command 0 sent successfully.
2025-11-14 15:03:44,060 - INFO - BuildTower - Attempting to go to position: x=0.737, y=0.0, z=0.6880000000000001, theta_x=100.0, theta_y=0.0, theta_z=90.0
2025-11-14 15:03:44,060 - DEBUG - BuildTower - Set speed for pose: translation=1, orientation=100
2025-11-14 15:03:44,083 - INFO - BuildTower - Pose action initiated, waiting for completion.
2025-11-14 15:03:44,811 - INFO - BuildTower - Robot action ended.
2025-11-14 15:03:44,811 - INFO - BuildTower - Robot completed its turn. Robot turn count: 3
2025-11-14 15:03:44,812 - INFO - BuildTower - Configuration number 1 finished.
2025-11-14 15:03:44,812 - DEBUG - BuildTower - Gaze rx: (none available)
2025-11-14 15:03:44,812 - INFO - BuildTower - Sent 'Configuration finished' to OpenPose server.
2025-11-14 15:03:44,812 - DEBUG - BuildTower - Gaze rx: (none available)
2025-11-14 15:03:45,611 - DEBUG - BuildTower - Gaze rx: (none available)
2025-11-14 15:03:45,612 - INFO - BuildTower - Received reply from OpenPose server: Received
2025-11-14 15:03:53,869 - INFO - BuildTower - User pressed Enter. Continuing with configuration 2
