2025-12-04 16:17:22,204 - INFO - openpose - OpenPose server started and bound to tcp://*:5555
2025-12-04 16:17:22,204 - INFO - openpose - OpenPose server started and bound to tcp://*:5556
2025-12-04 16:17:22,216 - INFO - openpose - Starting OpenPose
2025-12-04 16:17:23,021 - INFO - openpose - OpenPose initialized - waiting for turn_order
2025-12-04 16:17:36,209 - INFO - openpose - Message received: ybypbpbpy

2025-12-04 16:17:36,984 - INFO - openpose - Gaze3D frame=0 id=None label=None v=[-0.404, -0.280, 0.871] yaw=-24.9 pitch=16.3 cx=473.46620178222656
2025-12-04 16:17:36,984 - INFO - openpose - Gaze3D frame=0 id=None label=None v=[-0.482, -0.012, 0.876] yaw=-28.8 pitch=0.7 cx=283.2638244628906
2025-12-04 16:17:36,984 - INFO - openpose - Gaze PUB: people=2, frame_idx=0
2025-12-04 16:17:37,243 - INFO - openpose - Gaze3D frame=0 id=None label=None v=[-0.458, -0.178, 0.871] yaw=-27.7 pitch=10.2 cx=475.9980773925781
2025-12-04 16:17:37,243 - INFO - openpose - Gaze3D frame=0 id=None label=None v=[-0.422, 0.425, 0.801] yaw=-27.8 pitch=-25.2 cx=295.09718322753906
2025-12-04 16:17:37,243 - INFO - openpose - Gaze PUB: people=2, frame_idx=0
2025-12-04 16:17:37,507 - INFO - openpose - Gaze3D frame=0 id=None label=None v=[-0.522, -0.126, 0.843] yaw=-31.8 pitch=7.2 cx=475.5679626464844
2025-12-04 16:17:37,507 - INFO - openpose - Gaze3D frame=0 id=None label=None v=[-0.335, 0.441, 0.832] yaw=-21.9 pitch=-26.2 cx=296.06227111816406
2025-12-04 16:17:37,507 - INFO - openpose - Gaze PUB: people=2, frame_idx=0
2025-12-04 16:17:37,769 - INFO - openpose - Gaze3D frame=0 id=None label=None v=[-0.485, -0.045, 0.873] yaw=-29.0 pitch=2.6 cx=476.1825408935547
2025-12-04 16:17:37,769 - INFO - openpose - Gaze3D frame=0 id=None label=None v=[-0.378, 0.493, 0.784] yaw=-25.8 pitch=-29.5 cx=295.7378234863281
2025-12-04 16:17:37,769 - INFO - openpose - Gaze PUB: people=2, frame_idx=0
2025-12-04 16:17:38,018 - INFO - openpose - Gaze3D frame=0 id=None label=None v=[-0.544, -0.018, 0.839] yaw=-33.0 pitch=1.0 cx=476.7172088623047
2025-12-04 16:17:38,018 - INFO - openpose - Gaze3D frame=0 id=None label=None v=[-0.389, 0.380, 0.839] yaw=-24.9 pitch=-22.3 cx=294.9178771972656
2025-12-04 16:17:38,018 - INFO - openpose - Gaze PUB: people=2, frame_idx=0
2025-12-04 16:17:38,283 - INFO - openpose - Gaze3D frame=0 id=None label=None v=[-0.378, 0.349, 0.858] yaw=-23.8 pitch=-20.4 cx=293.8202362060547
2025-12-04 16:17:38,283 - INFO - openpose - Gaze3D frame=0 id=None label=None v=[-0.519, 0.006, 0.855] yaw=-31.2 pitch=-0.4 cx=477.74623107910156
2025-12-04 16:17:38,291 - INFO - openpose - Gaze PUB: people=2, frame_idx=0
2025-12-04 16:17:38,543 - INFO - openpose - Gaze3D frame=0 id=None label=None v=[-0.492, -0.149, 0.858] yaw=-29.8 pitch=8.6 cx=484.00750732421875
2025-12-04 16:17:38,544 - INFO - openpose - Gaze3D frame=0 id=None label=None v=[-0.409, 0.403, 0.819] yaw=-26.5 pitch=-23.8 cx=292.2063446044922
2025-12-04 16:17:38,544 - INFO - openpose - Gaze PUB: people=2, frame_idx=0
2025-12-04 16:17:38,799 - INFO - openpose - Gaze3D frame=0 id=None label=None v=[-0.528, -0.067, 0.846] yaw=-32.0 pitch=3.9 cx=494.2953338623047
2025-12-04 16:17:38,799 - INFO - openpose - Gaze3D frame=0 id=None label=None v=[-0.385, 0.363, 0.848] yaw=-24.4 pitch=-21.3 cx=291.6857147216797
2025-12-04 16:17:38,799 - INFO - openpose - Gaze PUB: people=2, frame_idx=0
2025-12-04 16:17:39,042 - INFO - openpose - Gaze3D frame=0 id=None label=None v=[-0.473, -0.122, 0.872] yaw=-28.5 pitch=7.0 cx=485.2432556152344
2025-12-04 16:17:39,043 - INFO - openpose - Gaze3D frame=0 id=None label=None v=[-0.491, 0.305, 0.816] yaw=-31.1 pitch=-17.8 cx=291.71498107910156
2025-12-04 16:17:39,043 - INFO - openpose - Gaze PUB: people=2, frame_idx=0
2025-12-04 16:17:39,307 - INFO - openpose - Gaze3D frame=0 id=None label=None v=[-0.461, -0.137, 0.877] yaw=-27.7 pitch=7.9 cx=466.403564453125
2025-12-04 16:17:39,307 - INFO - openpose - Gaze3D frame=0 id=None label=None v=[-0.405, 0.293, 0.866] yaw=-25.0 pitch=-17.0 cx=291.5670623779297
2025-12-04 16:17:39,307 - INFO - openpose - Gaze PUB: people=2, frame_idx=0
2025-12-04 16:17:39,573 - INFO - openpose - Gaze3D frame=0 id=None label=None v=[-0.490, 0.418, 0.765] yaw=-32.7 pitch=-24.7 cx=461.1827850341797
2025-12-04 16:17:39,573 - INFO - openpose - Gaze3D frame=0 id=None label=None v=[-0.426, 0.319, 0.847] yaw=-26.7 pitch=-18.6 cx=291.47117614746094
2025-12-04 16:17:39,573 - INFO - openpose - Gaze PUB: people=2, frame_idx=0
2025-12-04 16:17:39,806 - INFO - openpose - Gaze3D frame=0 id=None label=None v=[-0.450, 0.198, 0.871] yaw=-27.3 pitch=-11.4 cx=467.641845703125
2025-12-04 16:17:39,806 - INFO - openpose - Gaze3D frame=0 id=None label=None v=[-0.438, 0.480, 0.760] yaw=-29.9 pitch=-28.7 cx=291.1115264892578
2025-12-04 16:17:39,806 - INFO - openpose - Gaze PUB: people=2, frame_idx=0
2025-12-04 16:17:40,048 - INFO - openpose - Gaze3D frame=0 id=None label=None v=[-0.484, -0.066, 0.873] yaw=-29.0 pitch=3.8 cx=469.9168701171875
2025-12-04 16:17:40,049 - INFO - openpose - Gaze3D frame=0 id=None label=None v=[-0.544, 0.350, 0.762] yaw=-35.5 pitch=-20.5 cx=290.1630401611328
2025-12-04 16:17:40,049 - INFO - openpose - Gaze PUB: people=2, frame_idx=0
2025-12-04 16:17:40,307 - INFO - openpose - Gaze3D frame=0 id=None label=None v=[-0.528, 0.157, 0.834] yaw=-32.3 pitch=-9.0 cx=469.95916748046875
2025-12-04 16:17:40,307 - INFO - openpose - Gaze3D frame=0 id=None label=None v=[-0.460, 0.258, 0.849] yaw=-28.5 pitch=-15.0 cx=289.75709533691406
2025-12-04 16:17:40,307 - INFO - openpose - Gaze PUB: people=2, frame_idx=0
2025-12-04 16:17:40,567 - INFO - openpose - Gaze3D frame=0 id=None label=None v=[-0.356, 0.019, 0.934] yaw=-20.9 pitch=-1.1 cx=468.07444763183594
2025-12-04 16:17:40,567 - INFO - openpose - Gaze3D frame=0 id=None label=None v=[-0.405, 0.230, 0.885] yaw=-24.6 pitch=-13.3 cx=290.1020812988281
2025-12-04 16:17:40,567 - INFO - openpose - Gaze PUB: people=2, frame_idx=0
2025-12-04 16:17:40,809 - INFO - openpose - Gaze3D frame=0 id=None label=None v=[-0.476, 0.077, 0.876] yaw=-28.5 pitch=-4.4 cx=468.1865539550781
2025-12-04 16:17:40,809 - INFO - openpose - Gaze3D frame=0 id=None label=None v=[-0.478, 0.279, 0.833] yaw=-29.9 pitch=-16.2 cx=290.74705505371094
2025-12-04 16:17:40,809 - INFO - openpose - Gaze PUB: people=2, frame_idx=0
2025-12-04 16:17:41,047 - INFO - openpose - Gaze3D frame=0 id=None label=None v=[-0.505, -0.079, 0.859] yaw=-30.5 pitch=4.5 cx=469.231689453125
2025-12-04 16:17:41,047 - INFO - openpose - Gaze3D frame=0 id=None label=None v=[-0.484, 0.293, 0.824] yaw=-30.4 pitch=-17.0 cx=290.5036315917969
2025-12-04 16:17:41,047 - INFO - openpose - Gaze PUB: people=2, frame_idx=0
2025-12-04 16:17:41,305 - INFO - openpose - Gaze3D frame=0 id=None label=None v=[-0.547, -0.025, 0.837] yaw=-33.1 pitch=1.4 cx=471.63645935058594
2025-12-04 16:17:41,306 - INFO - openpose - Gaze3D frame=0 id=None label=None v=[-0.442, 0.372, 0.816] yaw=-28.4 pitch=-21.8 cx=290.62791442871094
2025-12-04 16:17:41,306 - INFO - openpose - Gaze PUB: people=2, frame_idx=0
2025-12-04 16:17:41,560 - INFO - openpose - Gaze3D frame=0 id=None label=None v=[-0.441, 0.204, 0.874] yaw=-26.8 pitch=-11.8 cx=472.7459411621094
2025-12-04 16:17:41,560 - INFO - openpose - Gaze3D frame=0 id=None label=None v=[-0.426, 0.265, 0.865] yaw=-26.2 pitch=-15.3 cx=290.6260223388672
2025-12-04 16:17:41,560 - INFO - openpose - Gaze PUB: people=2, frame_idx=0
2025-12-04 16:17:41,821 - INFO - openpose - Gaze3D frame=0 id=None label=None v=[-0.398, 0.029, 0.917] yaw=-23.5 pitch=-1.7 cx=475.62498474121094
2025-12-04 16:17:41,821 - INFO - openpose - Gaze3D frame=0 id=None label=None v=[-0.429, 0.284, 0.858] yaw=-26.6 pitch=-16.5 cx=290.8298645019531
2025-12-04 16:17:41,821 - INFO - openpose - Gaze PUB: people=2, frame_idx=0
2025-12-04 16:17:42,065 - INFO - openpose - Gaze3D frame=0 id=None label=None v=[-0.466, -0.079, 0.882] yaw=-27.8 pitch=4.5 cx=478.7570495605469
2025-12-04 16:17:42,065 - INFO - openpose - Gaze3D frame=0 id=None label=None v=[-0.399, 0.340, 0.852] yaw=-25.1 pitch=-19.9 cx=290.3491516113281
2025-12-04 16:17:42,065 - INFO - openpose - Gaze PUB: people=2, frame_idx=0
2025-12-04 16:17:42,314 - INFO - openpose - Gaze3D frame=0 id=None label=None v=[-0.451, 0.134, 0.882] yaw=-27.1 pitch=-7.7 cx=475.0697479248047
2025-12-04 16:17:42,315 - INFO - openpose - Gaze3D frame=0 id=None label=None v=[-0.476, 0.250, 0.843] yaw=-29.5 pitch=-14.5 cx=290.7129821777344
2025-12-04 16:17:42,315 - INFO - openpose - Gaze PUB: people=2, frame_idx=0
2025-12-04 16:17:42,564 - INFO - openpose - Gaze3D frame=0 id=None label=None v=[-0.437, 0.013, 0.899] yaw=-25.9 pitch=-0.8 cx=469.34527587890625
2025-12-04 16:17:42,564 - INFO - openpose - Gaze3D frame=0 id=None label=None v=[-0.402, 0.504, 0.764] yaw=-27.7 pitch=-30.3 cx=291.1157989501953
2025-12-04 16:17:42,564 - INFO - openpose - Gaze PUB: people=2, frame_idx=0
2025-12-04 16:17:42,831 - INFO - openpose - Gaze3D frame=0 id=None label=None v=[-0.491, 0.032, 0.871] yaw=-29.4 pitch=-1.8 cx=474.05015563964844
2025-12-04 16:17:42,831 - INFO - openpose - Gaze3D frame=0 id=None label=None v=[-0.406, 0.401, 0.821] yaw=-26.3 pitch=-23.6 cx=291.00083923339844
2025-12-04 16:17:42,831 - INFO - openpose - Gaze PUB: people=2, frame_idx=0
2025-12-04 16:17:43,082 - INFO - openpose - Gaze3D frame=0 id=None label=None v=[-0.557, 0.046, 0.829] yaw=-33.9 pitch=-2.6 cx=478.4657287597656
2025-12-04 16:17:43,082 - INFO - openpose - Gaze3D frame=0 id=None label=None v=[-0.436, 0.314, 0.843] yaw=-27.3 pitch=-18.3 cx=290.83502197265625
2025-12-04 16:17:43,082 - INFO - openpose - Gaze PUB: people=2, frame_idx=0
2025-12-04 16:17:43,340 - INFO - openpose - Gaze3D frame=0 id=None label=None v=[-0.611, 0.048, 0.790] yaw=-37.7 pitch=-2.7 cx=476.1679992675781
2025-12-04 16:17:43,340 - INFO - openpose - Gaze3D frame=0 id=None label=None v=[-0.384, 0.486, 0.785] yaw=-26.0 pitch=-29.1 cx=291.1339416503906
2025-12-04 16:17:43,348 - INFO - openpose - Gaze PUB: people=2, frame_idx=0
2025-12-04 16:17:43,598 - INFO - openpose - Gaze3D frame=0 id=None label=None v=[-0.537, -0.159, 0.828] yaw=-33.0 pitch=9.1 cx=471.11534118652344
2025-12-04 16:17:43,598 - INFO - openpose - Gaze3D frame=0 id=None label=None v=[-0.450, 0.278, 0.849] yaw=-27.9 pitch=-16.1 cx=290.83802795410156
2025-12-04 16:17:43,598 - INFO - openpose - Gaze PUB: people=2, frame_idx=0
2025-12-04 16:17:43,852 - INFO - openpose - Gaze3D frame=0 id=None label=None v=[-0.503, -0.282, 0.817] yaw=-31.7 pitch=16.4 cx=474.5486602783203
2025-12-04 16:17:43,852 - INFO - openpose - Gaze3D frame=0 id=None label=None v=[-0.347, 0.407, 0.845] yaw=-22.3 pitch=-24.0 cx=290.1983337402344
2025-12-04 16:17:43,852 - INFO - openpose - Gaze PUB: people=2, frame_idx=0
2025-12-04 16:17:44,086 - INFO - openpose - Gaze3D frame=0 id=None label=None v=[-0.536, -0.159, 0.829] yaw=-32.9 pitch=9.1 cx=477.06871032714844
2025-12-04 16:17:44,086 - INFO - openpose - Gaze3D frame=0 id=None label=None v=[-0.472, 0.227, 0.852] yaw=-29.0 pitch=-13.1 cx=290.82044982910156
2025-12-04 16:17:44,086 - INFO - openpose - Gaze PUB: people=2, frame_idx=0
2025-12-04 16:17:44,348 - INFO - openpose - Gaze3D frame=0 id=None label=None v=[-0.437, -0.014, 0.899] yaw=-25.9 pitch=0.8 cx=472.4119415283203
2025-12-04 16:17:44,348 - INFO - openpose - Gaze3D frame=0 id=None label=None v=[-0.389, 0.410, 0.825] yaw=-25.2 pitch=-24.2 cx=290.9688720703125
2025-12-04 16:17:44,348 - INFO - openpose - Gaze PUB: people=2, frame_idx=0
2025-12-04 16:17:44,596 - INFO - openpose - Gaze3D frame=0 id=None label=None v=[-0.447, -0.148, 0.882] yaw=-26.9 pitch=8.5 cx=467.9236602783203
2025-12-04 16:17:44,596 - INFO - openpose - Gaze3D frame=0 id=None label=None v=[-0.459, 0.216, 0.862] yaw=-28.0 pitch=-12.4 cx=290.8763732910156
2025-12-04 16:17:44,596 - INFO - openpose - Gaze PUB: people=2, frame_idx=0
2025-12-04 16:17:44,849 - INFO - openpose - Gaze3D frame=0 id=None label=None v=[-0.430, -0.142, 0.892] yaw=-25.7 pitch=8.2 cx=470.6170349121094
2025-12-04 16:17:44,849 - INFO - openpose - Gaze3D frame=0 id=None label=None v=[-0.423, 0.384, 0.821] yaw=-27.2 pitch=-22.6 cx=291.006591796875
2025-12-04 16:17:44,849 - INFO - openpose - Gaze PUB: people=2, frame_idx=0
2025-12-04 16:17:45,094 - INFO - openpose - Gaze3D frame=0 id=None label=None v=[-0.465, -0.171, 0.869] yaw=-28.2 pitch=9.8 cx=473.9930877685547
2025-12-04 16:17:45,094 - INFO - openpose - Gaze3D frame=0 id=None label=None v=[-0.471, 0.279, 0.837] yaw=-29.4 pitch=-16.2 cx=291.3612365722656
2025-12-04 16:17:45,094 - INFO - openpose - Gaze PUB: people=2, frame_idx=0
2025-12-04 16:17:45,347 - INFO - openpose - Gaze3D frame=0 id=None label=None v=[-0.466, -0.179, 0.867] yaw=-28.3 pitch=10.3 cx=473.5124969482422
2025-12-04 16:17:45,347 - INFO - openpose - Gaze3D frame=0 id=None label=None v=[-0.402, 0.414, 0.817] yaw=-26.2 pitch=-24.4 cx=291.24375915527344
2025-12-04 16:17:45,347 - INFO - openpose - Gaze PUB: people=2, frame_idx=0
2025-12-04 16:17:45,604 - INFO - openpose - Gaze3D frame=0 id=None label=None v=[-0.495, -0.027, 0.868] yaw=-29.7 pitch=1.5 cx=475.6278991699219
2025-12-04 16:17:45,604 - INFO - openpose - Gaze3D frame=0 id=None label=None v=[-0.468, 0.267, 0.843] yaw=-29.0 pitch=-15.5 cx=291.3743438720703
2025-12-04 16:17:45,604 - INFO - openpose - Gaze PUB: people=2, frame_idx=0
2025-12-04 16:17:45,862 - INFO - openpose - Gaze3D frame=0 id=None label=None v=[-0.523, -0.241, 0.818] yaw=-32.6 pitch=13.9 cx=477.4481201171875
2025-12-04 16:17:45,863 - INFO - openpose - Gaze3D frame=0 id=None label=None v=[-0.454, 0.337, 0.825] yaw=-28.8 pitch=-19.7 cx=291.5309143066406
2025-12-04 16:17:45,863 - INFO - openpose - Gaze PUB: people=2, frame_idx=0
2025-12-04 16:17:46,102 - INFO - openpose - Gaze3D frame=0 id=None label=None v=[-0.482, -0.002, 0.876] yaw=-28.8 pitch=0.1 cx=475.5696105957031
2025-12-04 16:17:46,102 - INFO - openpose - Gaze3D frame=0 id=None label=None v=[-0.469, 0.157, 0.869] yaw=-28.3 pitch=-9.0 cx=291.4238586425781
2025-12-04 16:17:46,102 - INFO - openpose - Gaze PUB: people=2, frame_idx=0
2025-12-04 16:17:46,368 - INFO - openpose - Gaze3D frame=0 id=None label=None v=[-0.428, -0.115, 0.896] yaw=-25.5 pitch=6.6 cx=471.31727600097656
2025-12-04 16:17:46,368 - INFO - openpose - Gaze3D frame=0 id=None label=None v=[-0.356, 0.460, 0.813] yaw=-23.6 pitch=-27.4 cx=291.1464385986328
2025-12-04 16:17:46,368 - INFO - openpose - Gaze PUB: people=2, frame_idx=0
2025-12-04 16:17:46,643 - INFO - openpose - Gaze3D frame=0 id=None label=None v=[-0.397, -0.071, 0.915] yaw=-23.5 pitch=4.1 cx=468.3251953125
2025-12-04 16:17:46,644 - INFO - openpose - Gaze3D frame=0 id=None label=None v=[-0.419, 0.246, 0.874] yaw=-25.6 pitch=-14.2 cx=291.10145568847656
2025-12-04 16:17:46,644 - INFO - openpose - Gaze PUB: people=2, frame_idx=0
2025-12-04 16:17:46,903 - INFO - openpose - Gaze3D frame=0 id=None label=None v=[-0.451, 0.187, 0.873] yaw=-27.4 pitch=-10.8 cx=467.08819580078125
2025-12-04 16:17:46,903 - INFO - openpose - Gaze3D frame=0 id=None label=None v=[-0.406, 0.332, 0.851] yaw=-25.5 pitch=-19.4 cx=290.9987335205078
2025-12-04 16:17:46,904 - INFO - openpose - Gaze PUB: people=2, frame_idx=0
2025-12-04 16:17:47,170 - INFO - openpose - Gaze3D frame=0 id=None label=None v=[-0.546, 0.103, 0.831] yaw=-33.3 pitch=-5.9 cx=466.92662048339844
2025-12-04 16:17:47,170 - INFO - openpose - Gaze3D frame=0 id=None label=None v=[-0.321, 0.315, 0.893] yaw=-19.8 pitch=-18.4 cx=290.0475158691406
2025-12-04 16:17:47,170 - INFO - openpose - Gaze PUB: people=2, frame_idx=0
2025-12-04 16:17:47,396 - INFO - openpose - Gaze3D frame=0 id=None label=None v=[-0.450, 0.051, 0.892] yaw=-26.8 pitch=-2.9 cx=467.30625915527344
2025-12-04 16:17:47,396 - INFO - openpose - Gaze3D frame=0 id=None label=None v=[-0.330, 0.315, 0.890] yaw=-20.3 pitch=-18.3 cx=288.71026611328125
2025-12-04 16:17:47,396 - INFO - openpose - Gaze PUB: people=2, frame_idx=0
2025-12-04 16:17:47,658 - INFO - openpose - Gaze3D frame=0 id=None label=None v=[-0.487, 0.067, 0.871] yaw=-29.2 pitch=-3.8 cx=468.00921630859375
2025-12-04 16:17:47,658 - INFO - openpose - Gaze3D frame=0 id=None label=None v=[-0.309, 0.335, 0.890] yaw=-19.2 pitch=-19.5 cx=288.29954528808594
2025-12-04 16:17:47,658 - INFO - openpose - Gaze PUB: people=2, frame_idx=0
2025-12-04 16:17:47,906 - INFO - openpose - Gaze3D frame=0 id=None label=None v=[-0.460, 0.111, 0.881] yaw=-27.6 pitch=-6.4 cx=468.66412353515625
2025-12-04 16:17:47,906 - INFO - openpose - Gaze3D frame=0 id=None label=None v=[-0.412, 0.247, 0.877] yaw=-25.1 pitch=-14.3 cx=287.40538024902344
2025-12-04 16:17:47,906 - INFO - openpose - Gaze PUB: people=2, frame_idx=0
2025-12-04 16:17:48,168 - INFO - openpose - Gaze3D frame=0 id=None label=None v=[-0.517, 0.038, 0.855] yaw=-31.2 pitch=-2.2 cx=469.14292907714844
2025-12-04 16:17:48,168 - INFO - openpose - Gaze3D frame=0 id=None label=None v=[-0.403, 0.217, 0.889] yaw=-24.4 pitch=-12.5 cx=287.1904602050781
2025-12-04 16:17:48,168 - INFO - openpose - Gaze PUB: people=2, frame_idx=0
2025-12-04 16:17:48,408 - INFO - openpose - Gaze3D frame=0 id=None label=None v=[-0.516, 0.166, 0.840] yaw=-31.6 pitch=-9.6 cx=470.11767578125
2025-12-04 16:17:48,408 - INFO - openpose - Gaze3D frame=0 id=None label=None v=[-0.424, 0.236, 0.874] yaw=-25.9 pitch=-13.7 cx=287.068359375
2025-12-04 16:17:48,408 - INFO - openpose - Gaze PUB: people=2, frame_idx=0
2025-12-04 16:17:48,663 - INFO - openpose - Gaze3D frame=0 id=None label=None v=[-0.524, -0.080, 0.848] yaw=-31.7 pitch=4.6 cx=470.4998779296875
2025-12-04 16:17:48,663 - INFO - openpose - Gaze3D frame=0 id=None label=None v=[-0.388, 0.294, 0.873] yaw=-24.0 pitch=-17.1 cx=287.32566833496094
2025-12-04 16:17:48,663 - INFO - openpose - Gaze PUB: people=2, frame_idx=0
2025-12-04 16:17:48,929 - INFO - openpose - Gaze3D frame=0 id=None label=None v=[-0.596, 0.128, 0.793] yaw=-36.9 pitch=-7.4 cx=470.1289825439453
2025-12-04 16:17:48,929 - INFO - openpose - Gaze3D frame=0 id=None label=None v=[-0.373, 0.232, 0.898] yaw=-22.6 pitch=-13.4 cx=287.48353576660156
2025-12-04 16:17:48,929 - INFO - openpose - Gaze PUB: people=2, frame_idx=0
2025-12-04 16:17:49,160 - INFO - openpose - Gaze3D frame=0 id=None label=None v=[-0.527, 0.024, 0.849] yaw=-31.8 pitch=-1.4 cx=469.3978729248047
2025-12-04 16:17:49,160 - INFO - openpose - Gaze3D frame=0 id=None label=None v=[-0.393, 0.256, 0.883] yaw=-24.0 pitch=-14.8 cx=287.91526794433594
2025-12-04 16:17:49,160 - INFO - openpose - Gaze PUB: people=2, frame_idx=0
2025-12-04 16:17:49,387 - INFO - openpose - Gaze3D frame=0 id=None label=None v=[-0.549, -0.004, 0.836] yaw=-33.3 pitch=0.2 cx=468.89744567871094
2025-12-04 16:17:49,388 - INFO - openpose - Gaze3D frame=0 id=None label=None v=[-0.389, 0.230, 0.892] yaw=-23.6 pitch=-13.3 cx=288.61598205566406
2025-12-04 16:17:49,388 - INFO - openpose - Gaze PUB: people=2, frame_idx=0
2025-12-04 16:17:49,642 - INFO - openpose - Gaze3D frame=0 id=None label=None v=[-0.563, -0.102, 0.820] yaw=-34.5 pitch=5.9 cx=468.4327392578125
2025-12-04 16:17:49,642 - INFO - openpose - Gaze3D frame=0 id=None label=None v=[-0.389, 0.154, 0.908] yaw=-23.2 pitch=-8.8 cx=288.5061340332031
2025-12-04 16:17:49,642 - INFO - openpose - Gaze PUB: people=2, frame_idx=0
2025-12-04 16:17:49,911 - INFO - openpose - Gaze3D frame=0 id=None label=None v=[-0.548, -0.017, 0.836] yaw=-33.3 pitch=1.0 cx=467.9261169433594
2025-12-04 16:17:49,912 - INFO - openpose - Gaze3D frame=0 id=None label=None v=[-0.303, 0.236, 0.923] yaw=-18.2 pitch=-13.7 cx=288.57794189453125
2025-12-04 16:17:49,912 - INFO - openpose - Gaze PUB: people=2, frame_idx=0
2025-12-04 16:17:50,169 - INFO - openpose - Gaze3D frame=0 id=None label=None v=[-0.555, -0.061, 0.830] yaw=-33.8 pitch=3.5 cx=467.20497131347656
2025-12-04 16:17:50,170 - INFO - openpose - Gaze3D frame=0 id=None label=None v=[-0.392, 0.138, 0.909] yaw=-23.3 pitch=-7.9 cx=287.67852783203125
2025-12-04 16:17:50,170 - INFO - openpose - Gaze PUB: people=2, frame_idx=0
2025-12-04 16:17:50,442 - INFO - openpose - Gaze3D frame=0 id=None label=None v=[-0.572, -0.079, 0.816] yaw=-35.0 pitch=4.6 cx=467.2912292480469
2025-12-04 16:17:50,442 - INFO - openpose - Gaze3D frame=0 id=None label=None v=[-0.382, 0.170, 0.908] yaw=-22.8 pitch=-9.8 cx=287.4007263183594
2025-12-04 16:17:50,442 - INFO - openpose - Gaze PUB: people=2, frame_idx=0
2025-12-04 16:17:50,697 - INFO - openpose - Gaze3D frame=0 id=None label=None v=[-0.574, -0.229, 0.786] yaw=-36.2 pitch=13.3 cx=467.3778533935547
2025-12-04 16:17:50,697 - INFO - openpose - Gaze3D frame=0 id=None label=None v=[-0.407, 0.204, 0.890] yaw=-24.6 pitch=-11.8 cx=287.5872344970703
2025-12-04 16:17:50,697 - INFO - openpose - Gaze PUB: people=2, frame_idx=0
2025-12-04 16:17:50,989 - INFO - openpose - Gaze3D frame=0 id=None label=None v=[-0.550, -0.160, 0.820] yaw=-33.9 pitch=9.2 cx=467.99415588378906
2025-12-04 16:17:50,990 - INFO - openpose - Gaze3D frame=0 id=None label=None v=[-0.435, 0.180, 0.882] yaw=-26.3 pitch=-10.4 cx=287.79949951171875
2025-12-04 16:17:50,990 - INFO - openpose - Gaze PUB: people=2, frame_idx=0
2025-12-04 16:17:51,251 - INFO - openpose - Gaze3D frame=0 id=None label=None v=[-0.561, -0.212, 0.800] yaw=-35.0 pitch=12.2 cx=467.8612060546875
2025-12-04 16:17:51,251 - INFO - openpose - Gaze3D frame=0 id=None label=None v=[-0.415, 0.258, 0.873] yaw=-25.4 pitch=-14.9 cx=288.0051574707031
2025-12-04 16:17:51,251 - INFO - openpose - Gaze PUB: people=2, frame_idx=0
2025-12-04 16:17:51,515 - INFO - openpose - Gaze3D frame=0 id=None label=None v=[-0.522, -0.184, 0.833] yaw=-32.1 pitch=10.6 cx=467.8727569580078
2025-12-04 16:17:51,515 - INFO - openpose - Gaze3D frame=0 id=None label=None v=[-0.323, 0.277, 0.905] yaw=-19.6 pitch=-16.1 cx=288.2774353027344
2025-12-04 16:17:51,515 - INFO - openpose - Gaze PUB: people=2, frame_idx=0
2025-12-04 16:17:51,773 - INFO - openpose - Gaze3D frame=0 id=None label=None v=[-0.527, -0.107, 0.843] yaw=-32.0 pitch=6.1 cx=468.09901428222656
2025-12-04 16:17:51,773 - INFO - openpose - Gaze3D frame=0 id=None label=None v=[-0.340, 0.366, 0.866] yaw=-21.4 pitch=-21.5 cx=288.3755798339844
2025-12-04 16:17:51,773 - INFO - openpose - Gaze PUB: people=2, frame_idx=0
2025-12-04 16:17:51,995 - INFO - openpose - Gaze3D frame=0 id=None label=None v=[-0.593, -0.052, 0.804] yaw=-36.4 pitch=3.0 cx=468.2638702392578
2025-12-04 16:17:51,995 - INFO - openpose - Gaze3D frame=0 id=None label=None v=[-0.346, 0.268, 0.899] yaw=-21.1 pitch=-15.6 cx=288.3388366699219
2025-12-04 16:17:51,995 - INFO - openpose - Gaze PUB: people=2, frame_idx=0
2025-12-04 16:17:52,253 - INFO - openpose - Gaze3D frame=0 id=None label=None v=[-0.569, -0.156, 0.807] yaw=-35.2 pitch=9.0 cx=467.8590087890625
2025-12-04 16:17:52,253 - INFO - openpose - Gaze3D frame=0 id=None label=None v=[-0.435, 0.229, 0.871] yaw=-26.6 pitch=-13.2 cx=288.2740936279297
2025-12-04 16:17:52,253 - INFO - openpose - Gaze PUB: people=2, frame_idx=0
2025-12-04 16:17:52,504 - INFO - openpose - Gaze3D frame=0 id=None label=None v=[-0.552, 0.003, 0.834] yaw=-33.5 pitch=-0.2 cx=467.6365509033203
2025-12-04 16:17:52,504 - INFO - openpose - Gaze3D frame=0 id=None label=None v=[-0.378, 0.324, 0.867] yaw=-23.5 pitch=-18.9 cx=288.24839782714844
2025-12-04 16:17:52,504 - INFO - openpose - Gaze PUB: people=2, frame_idx=0
2025-12-04 16:17:52,756 - INFO - openpose - Gaze3D frame=0 id=None label=None v=[-0.600, -0.062, 0.798] yaw=-36.9 pitch=3.5 cx=467.40074157714844
2025-12-04 16:17:52,756 - INFO - openpose - Gaze3D frame=0 id=None label=None v=[-0.368, 0.239, 0.899] yaw=-22.3 pitch=-13.8 cx=287.7306365966797
2025-12-04 16:17:52,756 - INFO - openpose - Gaze PUB: people=2, frame_idx=0
2025-12-04 16:17:53,011 - INFO - openpose - Gaze3D frame=0 id=None label=None v=[-0.471, -0.028, 0.882] yaw=-28.1 pitch=1.6 cx=466.8856964111328
2025-12-04 16:17:53,011 - INFO - openpose - Gaze3D frame=0 id=None label=None v=[-0.333, 0.314, 0.889] yaw=-20.5 pitch=-18.3 cx=287.63719177246094
2025-12-04 16:17:53,011 - INFO - openpose - Gaze PUB: people=2, frame_idx=0
2025-12-04 16:17:53,237 - INFO - openpose - Gaze3D frame=0 id=None label=None v=[-0.564, -0.210, 0.799] yaw=-35.2 pitch=12.1 cx=466.7632598876953
2025-12-04 16:17:53,237 - INFO - openpose - Gaze3D frame=0 id=None label=None v=[-0.429, 0.217, 0.877] yaw=-26.1 pitch=-12.6 cx=287.8550567626953
2025-12-04 16:17:53,237 - INFO - openpose - Gaze PUB: people=2, frame_idx=0
2025-12-04 16:17:53,495 - INFO - openpose - Gaze3D frame=0 id=None label=None v=[-0.484, 0.023, 0.875] yaw=-29.0 pitch=-1.3 cx=467.17225646972656
2025-12-04 16:17:53,495 - INFO - openpose - Gaze3D frame=0 id=None label=None v=[-0.372, 0.316, 0.873] yaw=-23.1 pitch=-18.4 cx=288.51513671875
2025-12-04 16:17:53,495 - INFO - openpose - Gaze PUB: people=2, frame_idx=0
2025-12-04 16:17:53,763 - INFO - openpose - Gaze3D frame=0 id=None label=None v=[-0.534, -0.007, 0.846] yaw=-32.3 pitch=0.4 cx=468.06700134277344
2025-12-04 16:17:53,763 - INFO - openpose - Gaze3D frame=0 id=None label=None v=[-0.402, 0.296, 0.867] yaw=-24.9 pitch=-17.2 cx=288.6790466308594
2025-12-04 16:17:53,763 - INFO - openpose - Gaze PUB: people=2, frame_idx=0
2025-12-04 16:17:54,038 - INFO - openpose - Gaze3D frame=0 id=None label=None v=[-0.475, -0.017, 0.880] yaw=-28.3 pitch=1.0 cx=468.69122314453125
2025-12-04 16:17:54,039 - INFO - openpose - Gaze3D frame=0 id=None label=None v=[-0.337, 0.321, 0.885] yaw=-20.9 pitch=-18.7 cx=289.41082763671875
2025-12-04 16:17:54,039 - INFO - openpose - Gaze PUB: people=2, frame_idx=0
2025-12-04 16:17:54,298 - INFO - openpose - Gaze3D frame=0 id=None label=None v=[-0.588, 0.012, 0.809] yaw=-36.0 pitch=-0.7 cx=468.6766815185547
2025-12-04 16:17:54,298 - INFO - openpose - Gaze3D frame=0 id=None label=None v=[-0.387, 0.221, 0.895] yaw=-23.4 pitch=-12.7 cx=290.1741485595703
2025-12-04 16:17:54,299 - INFO - openpose - Gaze PUB: people=2, frame_idx=0
2025-12-04 16:17:54,554 - INFO - openpose - Gaze3D frame=0 id=None label=None v=[-0.548, 0.081, 0.833] yaw=-33.3 pitch=-4.6 cx=468.7394256591797
2025-12-04 16:17:54,555 - INFO - openpose - Gaze3D frame=0 id=None label=None v=[-0.343, 0.389, 0.855] yaw=-21.9 pitch=-22.9 cx=290.0858459472656
2025-12-04 16:17:54,555 - INFO - openpose - Gaze PUB: people=2, frame_idx=0
2025-12-04 16:17:54,808 - INFO - openpose - Gaze3D frame=0 id=None label=None v=[-0.547, 0.001, 0.837] yaw=-33.2 pitch=-0.1 cx=466.6617126464844
2025-12-04 16:17:54,808 - INFO - openpose - Gaze3D frame=0 id=None label=None v=[-0.347, 0.338, 0.875] yaw=-21.6 pitch=-19.8 cx=289.37066650390625
2025-12-04 16:17:54,808 - INFO - openpose - Gaze PUB: people=2, frame_idx=0
2025-12-04 16:17:55,069 - INFO - openpose - Gaze3D frame=0 id=None label=None v=[-0.652, 0.137, 0.746] yaw=-41.2 pitch=-7.9 cx=462.8306121826172
2025-12-04 16:17:55,069 - INFO - openpose - Gaze3D frame=0 id=None label=None v=[-0.361, 0.455, 0.814] yaw=-23.9 pitch=-27.1 cx=288.34483337402344
2025-12-04 16:17:55,069 - INFO - openpose - Gaze PUB: people=2, frame_idx=0
2025-12-04 16:17:55,329 - INFO - openpose - Gaze3D frame=0 id=None label=None v=[-0.609, 0.190, 0.770] yaw=-38.3 pitch=-11.0 cx=461.8227081298828
2025-12-04 16:17:55,329 - INFO - openpose - Gaze3D frame=0 id=None label=None v=[-0.357, 0.410, 0.839] yaw=-23.1 pitch=-24.2 cx=287.3852233886719
2025-12-04 16:17:55,329 - INFO - openpose - Gaze PUB: people=2, frame_idx=0
2025-12-04 16:17:55,590 - INFO - openpose - Gaze3D frame=0 id=None label=None v=[-0.601, 0.203, 0.773] yaw=-37.9 pitch=-11.7 cx=459.5950622558594
2025-12-04 16:17:55,591 - INFO - openpose - Gaze3D frame=0 id=None label=None v=[-0.417, 0.365, 0.833] yaw=-26.6 pitch=-21.4 cx=287.2984924316406
2025-12-04 16:17:55,591 - INFO - openpose - Gaze PUB: people=2, frame_idx=0
2025-12-04 16:17:55,855 - INFO - openpose - Gaze3D frame=0 id=None label=None v=[-0.615, 0.237, 0.752] yaw=-39.3 pitch=-13.7 cx=457.4235534667969
2025-12-04 16:17:55,855 - INFO - openpose - Gaze3D frame=0 id=None label=None v=[-0.527, 0.275, 0.804] yaw=-33.2 pitch=-15.9 cx=287.19325256347656
2025-12-04 16:17:55,855 - INFO - openpose - Gaze PUB: people=2, frame_idx=0
2025-12-04 16:17:56,107 - INFO - openpose - Gaze3D frame=0 id=None label=None v=[-0.673, 0.028, 0.739] yaw=-42.3 pitch=-1.6 cx=455.1283264160156
2025-12-04 16:17:56,107 - INFO - openpose - Gaze3D frame=0 id=None label=None v=[-0.496, 0.253, 0.831] yaw=-30.8 pitch=-14.6 cx=287.9294891357422
2025-12-04 16:17:56,107 - INFO - openpose - Gaze PUB: people=2, frame_idx=0
2025-12-04 16:17:56,363 - INFO - openpose - Gaze3D frame=0 id=None label=None v=[-0.679, 0.047, 0.732] yaw=-42.8 pitch=-2.7 cx=454.9516143798828
2025-12-04 16:17:56,363 - INFO - openpose - Gaze3D frame=0 id=None label=None v=[-0.371, 0.414, 0.831] yaw=-24.0 pitch=-24.5 cx=288.994384765625
2025-12-04 16:17:56,363 - INFO - openpose - Gaze PUB: people=2, frame_idx=0
2025-12-04 16:17:56,629 - INFO - openpose - Gaze3D frame=0 id=None label=None v=[-0.655, 0.113, 0.747] yaw=-41.2 pitch=-6.5 cx=455.7120056152344
2025-12-04 16:17:56,629 - INFO - openpose - Gaze3D frame=0 id=None label=None v=[-0.326, 0.351, 0.878] yaw=-20.4 pitch=-20.5 cx=290.33848571777344
2025-12-04 16:17:56,629 - INFO - openpose - Gaze PUB: people=2, frame_idx=0
2025-12-04 16:17:56,882 - INFO - openpose - Gaze3D frame=0 id=None label=None v=[-0.608, 0.240, 0.757] yaw=-38.8 pitch=-13.9 cx=457.6510467529297
2025-12-04 16:17:56,882 - INFO - openpose - Gaze3D frame=0 id=None label=None v=[-0.411, 0.309, 0.857] yaw=-25.6 pitch=-18.0 cx=289.5856170654297
2025-12-04 16:17:56,882 - INFO - openpose - Gaze PUB: people=2, frame_idx=0
2025-12-04 16:17:57,128 - INFO - openpose - Gaze3D frame=0 id=None label=None v=[-0.637, 0.239, 0.733] yaw=-41.0 pitch=-13.8 cx=459.04774475097656
2025-12-04 16:17:57,128 - INFO - openpose - Gaze3D frame=0 id=None label=None v=[-0.378, 0.430, 0.820] yaw=-24.8 pitch=-25.5 cx=289.46299743652344
2025-12-04 16:17:57,128 - INFO - openpose - Gaze PUB: people=2, frame_idx=0
2025-12-04 16:17:57,372 - INFO - openpose - Gaze3D frame=0 id=None label=None v=[-0.588, 0.274, 0.761] yaw=-37.7 pitch=-15.9 cx=459.2789764404297
2025-12-04 16:17:57,372 - INFO - openpose - Gaze3D frame=0 id=None label=None v=[-0.391, 0.255, 0.884] yaw=-23.9 pitch=-14.8 cx=288.32029724121094
2025-12-04 16:17:57,372 - INFO - openpose - Gaze PUB: people=2, frame_idx=0
2025-12-04 16:17:57,612 - INFO - openpose - Gaze3D frame=0 id=None label=None v=[-0.631, 0.299, 0.716] yaw=-41.4 pitch=-17.4 cx=459.5076599121094
2025-12-04 16:17:57,612 - INFO - openpose - Gaze3D frame=0 id=None label=None v=[-0.387, 0.325, 0.863] yaw=-24.2 pitch=-19.0 cx=287.5662841796875
2025-12-04 16:17:57,612 - INFO - openpose - Gaze PUB: people=2, frame_idx=0
2025-12-04 16:17:57,869 - INFO - openpose - Gaze3D frame=0 id=None label=None v=[-0.684, 0.079, 0.726] yaw=-43.3 pitch=-4.5 cx=460.1320495605469
2025-12-04 16:17:57,869 - INFO - openpose - Gaze3D frame=0 id=None label=None v=[-0.425, 0.394, 0.815] yaw=-27.5 pitch=-23.2 cx=287.3310546875
2025-12-04 16:17:57,869 - INFO - openpose - Gaze PUB: people=2, frame_idx=0
2025-12-04 16:17:58,113 - INFO - openpose - Gaze3D frame=0 id=None label=None v=[-0.540, -0.001, 0.841] yaw=-32.7 pitch=0.0 cx=461.7260284423828
2025-12-04 16:17:58,113 - INFO - openpose - Gaze3D frame=0 id=None label=None v=[-0.395, 0.284, 0.873] yaw=-24.4 pitch=-16.5 cx=287.7246551513672
2025-12-04 16:17:58,113 - INFO - openpose - Gaze PUB: people=2, frame_idx=0
2025-12-04 16:17:58,380 - INFO - openpose - Gaze3D frame=0 id=None label=None v=[-0.569, 0.019, 0.822] yaw=-34.7 pitch=-1.1 cx=463.15028381347656
2025-12-04 16:17:58,380 - INFO - openpose - Gaze3D frame=0 id=None label=None v=[-0.395, 0.309, 0.865] yaw=-24.6 pitch=-18.0 cx=288.91156005859375
2025-12-04 16:17:58,380 - INFO - openpose - Gaze PUB: people=2, frame_idx=0
2025-12-04 16:17:58,645 - INFO - openpose - Gaze3D frame=0 id=None label=None v=[-0.617, 0.204, 0.760] yaw=-39.0 pitch=-11.8 cx=464.4617462158203
2025-12-04 16:17:58,645 - INFO - openpose - Gaze3D frame=0 id=None label=None v=[-0.375, 0.257, 0.891] yaw=-22.8 pitch=-14.9 cx=290.7830810546875
2025-12-04 16:17:58,645 - INFO - openpose - Gaze PUB: people=2, frame_idx=0
2025-12-04 16:17:58,899 - INFO - openpose - Gaze3D frame=0 id=None label=None v=[-0.621, 0.071, 0.781] yaw=-38.5 pitch=-4.1 cx=465.83546447753906
2025-12-04 16:17:58,899 - INFO - openpose - Gaze3D frame=0 id=None label=None v=[-0.428, 0.516, 0.742] yaw=-30.0 pitch=-31.1 cx=291.81211853027344
2025-12-04 16:17:58,899 - INFO - openpose - Gaze PUB: people=2, frame_idx=0
2025-12-04 16:17:59,155 - INFO - openpose - Gaze3D frame=0 id=None label=None v=[-0.620, 0.234, 0.749] yaw=-39.6 pitch=-13.5 cx=466.2626647949219
2025-12-04 16:17:59,155 - INFO - openpose - Gaze3D frame=0 id=None label=None v=[-0.323, 0.361, 0.875] yaw=-20.3 pitch=-21.1 cx=291.02088928222656
2025-12-04 16:17:59,156 - INFO - openpose - Gaze PUB: people=2, frame_idx=0
2025-12-04 16:17:59,383 - INFO - openpose - Gaze3D frame=0 id=None label=None v=[-0.616, 0.174, 0.768] yaw=-38.8 pitch=-10.0 cx=467.30149841308594
2025-12-04 16:17:59,383 - INFO - openpose - Gaze3D frame=0 id=None label=None v=[-0.363, 0.354, 0.862] yaw=-22.8 pitch=-20.7 cx=290.6782684326172
2025-12-04 16:17:59,383 - INFO - openpose - Gaze PUB: people=2, frame_idx=0
2025-12-04 16:17:59,628 - INFO - openpose - Gaze3D frame=0 id=None label=None v=[-0.568, 0.164, 0.806] yaw=-35.2 pitch=-9.5 cx=467.6200866699219
2025-12-04 16:17:59,628 - INFO - openpose - Gaze3D frame=0 id=None label=None v=[-0.398, 0.394, 0.828] yaw=-25.7 pitch=-23.2 cx=291.4543914794922
2025-12-04 16:17:59,628 - INFO - openpose - Gaze PUB: people=2, frame_idx=0
2025-12-04 16:17:59,868 - INFO - openpose - Gaze3D frame=0 id=None label=None v=[-0.593, 0.069, 0.802] yaw=-36.5 pitch=-4.0 cx=467.3478698730469
2025-12-04 16:17:59,868 - INFO - openpose - Gaze3D frame=0 id=None label=None v=[-0.364, 0.311, 0.878] yaw=-22.5 pitch=-18.1 cx=292.87738037109375
2025-12-04 16:17:59,868 - INFO - openpose - Gaze PUB: people=2, frame_idx=0
2025-12-04 16:18:00,090 - INFO - openpose - Gaze3D frame=0 id=None label=None v=[-0.390, 0.334, 0.858] yaw=-24.5 pitch=-19.5 cx=292.6986541748047
2025-12-04 16:18:00,090 - INFO - openpose - Gaze3D frame=0 id=None label=None v=[-0.608, 0.263, 0.749] yaw=-39.1 pitch=-15.3 cx=466.8169860839844
2025-12-04 16:18:00,090 - INFO - openpose - Gaze PUB: people=2, frame_idx=0
2025-12-04 16:18:00,331 - INFO - openpose - Gaze3D frame=0 id=None label=None v=[-0.365, 0.256, 0.895] yaw=-22.2 pitch=-14.8 cx=292.5569763183594
2025-12-04 16:18:00,331 - INFO - openpose - Gaze3D frame=0 id=None label=None v=[-0.584, 0.134, 0.800] yaw=-36.1 pitch=-7.7 cx=466.80291748046875
2025-12-04 16:18:00,331 - INFO - openpose - Gaze PUB: people=2, frame_idx=0
2025-12-04 16:18:00,561 - INFO - openpose - Gaze3D frame=0 id=None label=None v=[-0.339, 0.363, 0.868] yaw=-21.4 pitch=-21.3 cx=292.9364929199219
2025-12-04 16:18:00,561 - INFO - openpose - Gaze3D frame=0 id=None label=None v=[-0.590, 0.224, 0.776] yaw=-37.2 pitch=-12.9 cx=467.2863006591797
2025-12-04 16:18:00,561 - INFO - openpose - Gaze PUB: people=2, frame_idx=0
2025-12-04 16:18:00,816 - INFO - openpose - Gaze3D frame=0 id=None label=None v=[-0.415, 0.416, 0.809] yaw=-27.1 pitch=-24.6 cx=292.38525390625
2025-12-04 16:18:00,816 - INFO - openpose - Gaze3D frame=0 id=None label=None v=[-0.612, 0.172, 0.772] yaw=-38.4 pitch=-9.9 cx=467.68138122558594
2025-12-04 16:18:00,816 - INFO - openpose - Gaze PUB: people=2, frame_idx=0
2025-12-04 16:18:01,070 - INFO - openpose - Gaze3D frame=0 id=None label=None v=[-0.524, 0.040, 0.851] yaw=-31.6 pitch=-2.3 cx=468.2103576660156
2025-12-04 16:18:01,070 - INFO - openpose - Gaze3D frame=0 id=None label=None v=[-0.358, 0.350, 0.865] yaw=-22.5 pitch=-20.5 cx=291.0715789794922
2025-12-04 16:18:01,070 - INFO - openpose - Gaze PUB: people=2, frame_idx=0
2025-12-04 16:18:01,311 - INFO - openpose - Gaze3D frame=0 id=None label=None v=[-0.588, 0.183, 0.788] yaw=-36.8 pitch=-10.6 cx=468.3223876953125
2025-12-04 16:18:01,311 - INFO - openpose - Gaze3D frame=0 id=None label=None v=[-0.367, 0.214, 0.905] yaw=-22.1 pitch=-12.4 cx=290.9435729980469
2025-12-04 16:18:01,311 - INFO - openpose - Gaze PUB: people=2, frame_idx=0
2025-12-04 16:18:01,530 - INFO - openpose - Gaze3D frame=0 id=None label=None v=[-0.602, 0.192, 0.775] yaw=-37.8 pitch=-11.1 cx=468.4546813964844
2025-12-04 16:18:01,530 - INFO - openpose - Gaze3D frame=0 id=None label=None v=[-0.433, 0.299, 0.851] yaw=-27.0 pitch=-17.4 cx=290.57704162597656
2025-12-04 16:18:01,531 - INFO - openpose - Gaze PUB: people=2, frame_idx=0
2025-12-04 16:18:01,774 - INFO - openpose - Gaze3D frame=0 id=None label=None v=[-0.655, 0.110, 0.747] yaw=-41.2 pitch=-6.3 cx=468.893310546875
2025-12-04 16:18:01,774 - INFO - openpose - Gaze3D frame=0 id=None label=None v=[-0.416, 0.252, 0.874] yaw=-25.5 pitch=-14.6 cx=290.76292419433594
2025-12-04 16:18:01,774 - INFO - openpose - Gaze PUB: people=2, frame_idx=0
2025-12-04 16:18:02,026 - INFO - openpose - Gaze3D frame=0 id=None label=None v=[-0.568, 0.232, 0.790] yaw=-35.7 pitch=-13.4 cx=469.83412170410156
2025-12-04 16:18:02,026 - INFO - openpose - Gaze3D frame=0 id=None label=None v=[-0.411, 0.360, 0.838] yaw=-26.1 pitch=-21.1 cx=289.90196228027344
2025-12-04 16:18:02,026 - INFO - openpose - Gaze PUB: people=2, frame_idx=0
2025-12-04 16:18:02,290 - INFO - openpose - Gaze3D frame=0 id=None label=None v=[-0.589, 0.058, 0.806] yaw=-36.2 pitch=-3.3 cx=469.8716735839844
2025-12-04 16:18:02,290 - INFO - openpose - Gaze3D frame=0 id=None label=None v=[-0.431, 0.126, 0.894] yaw=-25.7 pitch=-7.2 cx=289.59886169433594
2025-12-04 16:18:02,290 - INFO - openpose - Gaze PUB: people=2, frame_idx=0
2025-12-04 16:18:02,548 - INFO - openpose - Gaze3D frame=0 id=None label=None v=[-0.583, 0.271, 0.766] yaw=-37.3 pitch=-15.7 cx=469.4173126220703
2025-12-04 16:18:02,548 - INFO - openpose - Gaze3D frame=0 id=None label=None v=[-0.378, 0.153, 0.913] yaw=-22.5 pitch=-8.8 cx=289.5526580810547
2025-12-04 16:18:02,548 - INFO - openpose - Gaze PUB: people=2, frame_idx=0
2025-12-04 16:18:02,818 - INFO - openpose - Gaze3D frame=0 id=None label=None v=[-0.627, 0.187, 0.757] yaw=-39.6 pitch=-10.7 cx=469.4167785644531
2025-12-04 16:18:02,818 - INFO - openpose - Gaze3D frame=0 id=None label=None v=[-0.360, 0.242, 0.901] yaw=-21.8 pitch=-14.0 cx=289.46717834472656
2025-12-04 16:18:02,818 - INFO - openpose - Gaze PUB: people=2, frame_idx=0
2025-12-04 16:18:03,064 - INFO - openpose - Gaze3D frame=0 id=None label=None v=[-0.588, 0.088, 0.804] yaw=-36.2 pitch=-5.0 cx=469.38414001464844
2025-12-04 16:18:03,064 - INFO - openpose - Gaze3D frame=0 id=None label=None v=[-0.387, 0.224, 0.894] yaw=-23.4 pitch=-13.0 cx=288.95794677734375
2025-12-04 16:18:03,064 - INFO - openpose - Gaze PUB: people=2, frame_idx=0
2025-12-04 16:18:03,327 - INFO - openpose - Gaze3D frame=0 id=None label=None v=[-0.656, 0.218, 0.723] yaw=-42.2 pitch=-12.6 cx=469.4575653076172
2025-12-04 16:18:03,327 - INFO - openpose - Gaze3D frame=0 id=None label=None v=[-0.305, 0.028, 0.952] yaw=-17.7 pitch=-1.6 cx=289.3406982421875
2025-12-04 16:18:03,327 - INFO - openpose - Gaze PUB: people=2, frame_idx=0
2025-12-04 16:18:03,602 - INFO - openpose - Gaze3D frame=0 id=None label=None v=[-0.631, 0.140, 0.763] yaw=-39.6 pitch=-8.1 cx=470.0469970703125
2025-12-04 16:18:03,603 - INFO - openpose - Gaze3D frame=0 id=None label=None v=[-0.368, -0.035, 0.929] yaw=-21.6 pitch=2.0 cx=289.1647186279297
2025-12-04 16:18:03,603 - INFO - openpose - Gaze PUB: people=2, frame_idx=0
2025-12-04 16:18:03,895 - INFO - openpose - Gaze3D frame=0 id=None label=None v=[-0.582, 0.020, 0.813] yaw=-35.6 pitch=-1.2 cx=471.04600524902344
2025-12-04 16:18:03,895 - INFO - openpose - Gaze3D frame=0 id=None label=None v=[-0.469, 0.254, 0.846] yaw=-29.0 pitch=-14.7 cx=289.4319305419922
2025-12-04 16:18:03,895 - INFO - openpose - Gaze PUB: people=2, frame_idx=0
2025-12-04 16:18:04,167 - INFO - openpose - Gaze3D frame=0 id=None label=None v=[-0.648, 0.123, 0.752] yaw=-40.8 pitch=-7.1 cx=472.19651794433594
2025-12-04 16:18:04,167 - INFO - openpose - Gaze3D frame=0 id=None label=None v=[-0.369, 0.262, 0.892] yaw=-22.5 pitch=-15.2 cx=290.6983184814453
2025-12-04 16:18:04,167 - INFO - openpose - Gaze PUB: people=2, frame_idx=0
2025-12-04 16:18:04,402 - INFO - openpose - Gaze3D frame=0 id=None label=None v=[-0.659, 0.179, 0.730] yaw=-42.1 pitch=-10.3 cx=476.15760803222656
2025-12-04 16:18:04,402 - INFO - openpose - Gaze3D frame=0 id=None label=None v=[-0.489, 0.260, 0.832] yaw=-30.5 pitch=-15.1 cx=293.5420379638672
2025-12-04 16:18:04,402 - INFO - openpose - Gaze PUB: people=2, frame_idx=0
2025-12-04 16:18:04,631 - INFO - openpose - Gaze3D frame=0 id=None label=None v=[-0.439, 0.034, 0.898] yaw=-26.1 pitch=-2.0 cx=488.60594177246094
2025-12-04 16:18:04,631 - INFO - openpose - Gaze3D frame=0 id=None label=None v=[-0.499, 0.310, 0.809] yaw=-31.7 pitch=-18.1 cx=294.56170654296875
2025-12-04 16:18:04,631 - INFO - openpose - Gaze PUB: people=2, frame_idx=0
2025-12-04 16:18:04,876 - INFO - openpose - Gaze3D frame=0 id=None label=None v=[-0.568, -0.166, 0.806] yaw=-35.2 pitch=9.5 cx=503.86444091796875
2025-12-04 16:18:04,876 - INFO - openpose - Gaze3D frame=0 id=None label=None v=[-0.524, 0.360, 0.772] yaw=-34.2 pitch=-21.1 cx=296.0658416748047
2025-12-04 16:18:04,876 - INFO - openpose - Gaze PUB: people=2, frame_idx=0
2025-12-04 16:18:05,127 - INFO - openpose - Gaze3D frame=0 id=None label=None v=[-0.510, 0.293, 0.809] yaw=-32.2 pitch=-17.0 cx=510.468017578125
2025-12-04 16:18:05,127 - INFO - openpose - Gaze3D frame=0 id=None label=None v=[-0.436, 0.563, 0.702] yaw=-31.9 pitch=-34.3 cx=297.6387481689453
2025-12-04 16:18:05,134 - INFO - openpose - Gaze PUB: people=2, frame_idx=0
2025-12-04 16:18:05,368 - INFO - openpose - Gaze3D frame=0 id=None label=None v=[-0.378, 0.387, 0.841] yaw=-24.2 pitch=-22.7 cx=503.7106475830078
2025-12-04 16:18:05,368 - INFO - openpose - Gaze3D frame=0 id=None label=None v=[-0.467, 0.338, 0.817] yaw=-29.8 pitch=-19.8 cx=296.3737487792969
2025-12-04 16:18:05,368 - INFO - openpose - Gaze PUB: people=2, frame_idx=0
2025-12-04 16:18:05,619 - INFO - openpose - Gaze3D frame=0 id=None label=None v=[-0.552, 0.412, 0.725] yaw=-37.3 pitch=-24.3 cx=490.55177307128906
2025-12-04 16:18:05,619 - INFO - openpose - Gaze3D frame=0 id=None label=None v=[-0.470, 0.343, 0.813] yaw=-30.0 pitch=-20.1 cx=295.81553649902344
2025-12-04 16:18:05,619 - INFO - openpose - Gaze PUB: people=2, frame_idx=0
2025-12-04 16:18:05,977 - INFO - openpose - Gaze3D frame=0 id=None label=None v=[-0.438, 0.425, 0.792] yaw=-28.9 pitch=-25.2 cx=487.0537567138672
2025-12-04 16:18:05,977 - INFO - openpose - Gaze3D frame=0 id=None label=None v=[-0.456, 0.492, 0.742] yaw=-31.6 pitch=-29.5 cx=295.40965270996094
2025-12-04 16:18:05,977 - INFO - openpose - Gaze3D frame=0 id=None label=None v=[-0.025, 0.592, 0.806] yaw=-1.8 pitch=-36.3 cx=428.79742431640625
2025-12-04 16:18:05,977 - INFO - openpose - Gaze PUB: people=3, frame_idx=0
2025-12-04 16:18:06,247 - INFO - openpose - Gaze3D frame=0 id=None label=None v=[-0.422, 0.584, 0.693] yaw=-31.3 pitch=-35.7 cx=295.1135711669922
2025-12-04 16:18:06,247 - INFO - openpose - Gaze3D frame=0 id=None label=None v=[-0.358, 0.679, 0.641] yaw=-29.2 pitch=-42.8 cx=483.3572692871094
2025-12-04 16:18:06,247 - INFO - openpose - Gaze PUB: people=2, frame_idx=0
2025-12-04 16:18:06,501 - INFO - openpose - Gaze3D frame=0 id=None label=None v=[-0.559, 0.456, 0.693] yaw=-38.9 pitch=-27.1 cx=293.7118835449219
2025-12-04 16:18:06,502 - INFO - openpose - Gaze3D frame=0 id=None label=None v=[-0.194, 0.661, 0.725] yaw=-15.0 pitch=-41.4 cx=480.56578063964844
2025-12-04 16:18:06,502 - INFO - openpose - Gaze PUB: people=2, frame_idx=0
2025-12-04 16:18:06,759 - INFO - openpose - Gaze3D frame=0 id=None label=None v=[-0.336, 0.640, 0.691] yaw=-25.9 pitch=-39.8 cx=479.0391082763672
2025-12-04 16:18:06,760 - INFO - openpose - Gaze3D frame=0 id=None label=None v=[-0.509, 0.192, 0.839] yaw=-31.3 pitch=-11.1 cx=290.99916076660156
2025-12-04 16:18:06,760 - INFO - openpose - Gaze PUB: people=2, frame_idx=0
2025-12-04 16:18:06,999 - INFO - openpose - Gaze3D frame=0 id=None label=None v=[-0.528, 0.187, 0.829] yaw=-32.5 pitch=-10.8 cx=289.7516632080078
2025-12-04 16:18:06,999 - INFO - openpose - Gaze3D frame=0 id=None label=None v=[-0.293, 0.766, 0.572] yaw=-27.1 pitch=-50.0 cx=480.7665557861328
2025-12-04 16:18:06,999 - INFO - openpose - Gaze PUB: people=2, frame_idx=0
2025-12-04 16:18:07,253 - INFO - openpose - Gaze3D frame=0 id=None label=None v=[-0.497, 0.498, 0.711] yaw=-35.0 pitch=-29.9 cx=488.6808319091797
2025-12-04 16:18:07,253 - INFO - openpose - Gaze3D frame=0 id=None label=None v=[-0.463, 0.157, 0.873] yaw=-27.9 pitch=-9.0 cx=289.3669891357422
2025-12-04 16:18:07,253 - INFO - openpose - Gaze PUB: people=2, frame_idx=0
2025-12-04 16:18:07,482 - INFO - openpose - Gaze3D frame=0 id=None label=None v=[-0.439, 0.014, 0.899] yaw=-26.0 pitch=-0.8 cx=489.49021911621094
2025-12-04 16:18:07,482 - INFO - openpose - Gaze3D frame=0 id=None label=None v=[-0.444, 0.194, 0.875] yaw=-26.9 pitch=-11.2 cx=291.2789306640625
2025-12-04 16:18:07,483 - INFO - openpose - Gaze PUB: people=2, frame_idx=0
2025-12-04 16:18:07,737 - INFO - openpose - Gaze3D frame=0 id=None label=None v=[-0.135, -0.511, 0.849] yaw=-9.0 pitch=30.7 cx=492.40643310546875
2025-12-04 16:18:07,737 - INFO - openpose - Gaze3D frame=0 id=None label=None v=[-0.392, 0.486, 0.781] yaw=-26.6 pitch=-29.1 cx=293.0135192871094
2025-12-04 16:18:07,738 - INFO - openpose - Gaze PUB: people=2, frame_idx=0
2025-12-04 16:18:07,995 - INFO - openpose - Gaze3D frame=0 id=None label=None v=[-0.416, 0.025, 0.909] yaw=-24.6 pitch=-1.4 cx=293.11183166503906
2025-12-04 16:18:07,995 - INFO - openpose - Gaze3D frame=0 id=None label=None v=[-0.226, -0.505, 0.833] yaw=-15.2 pitch=30.4 cx=495.6123046875
2025-12-04 16:18:07,995 - INFO - openpose - Gaze PUB: people=2, frame_idx=0
2025-12-04 16:18:08,259 - INFO - openpose - Gaze3D frame=0 id=None label=None v=[-0.450, 0.312, 0.837] yaw=-28.3 pitch=-18.2 cx=293.92320251464844
2025-12-04 16:18:08,259 - INFO - openpose - Gaze3D frame=0 id=None label=None v=[-0.173, -0.649, 0.741] yaw=-13.1 pitch=40.4 cx=492.82220458984375
2025-12-04 16:18:08,259 - INFO - openpose - Gaze PUB: people=2, frame_idx=0
2025-12-04 16:18:08,524 - INFO - openpose - Gaze3D frame=0 id=None label=None v=[-0.371, -0.645, 0.668] yaw=-29.0 pitch=40.1 cx=491.83998107910156
2025-12-04 16:18:08,524 - INFO - openpose - Gaze3D frame=0 id=None label=None v=[-0.384, 0.240, 0.892] yaw=-23.3 pitch=-13.9 cx=299.2523193359375
2025-12-04 16:18:08,524 - INFO - openpose - Gaze PUB: people=2, frame_idx=0
2025-12-04 16:18:08,788 - INFO - openpose - Gaze3D frame=0 id=None label=None v=[-0.537, -0.345, 0.770] yaw=-34.9 pitch=20.2 cx=490.96156311035156
2025-12-04 16:18:08,788 - INFO - openpose - Gaze3D frame=0 id=None label=None v=[-0.463, 0.324, 0.825] yaw=-29.3 pitch=-18.9 cx=303.9517517089844
2025-12-04 16:18:08,788 - INFO - openpose - Gaze PUB: people=2, frame_idx=0
2025-12-04 16:18:09,024 - INFO - openpose - Gaze3D frame=0 id=None label=None v=[-0.519, -0.329, 0.789] yaw=-33.3 pitch=19.2 cx=490.50746154785156
2025-12-04 16:18:09,024 - INFO - openpose - Gaze3D frame=0 id=None label=None v=[-0.452, 0.358, 0.817] yaw=-28.9 pitch=-21.0 cx=309.9234161376953
2025-12-04 16:18:09,025 - INFO - openpose - Gaze PUB: people=2, frame_idx=0
2025-12-04 16:18:09,284 - INFO - openpose - Gaze3D frame=0 id=None label=None v=[-0.525, -0.455, 0.720] yaw=-36.1 pitch=27.0 cx=489.9940643310547
2025-12-04 16:18:09,284 - INFO - openpose - Gaze3D frame=0 id=None label=None v=[-0.233, 0.502, 0.833] yaw=-15.6 pitch=-30.2 cx=309.46116638183594
2025-12-04 16:18:09,284 - INFO - openpose - Gaze PUB: people=2, frame_idx=0
2025-12-04 16:18:09,545 - INFO - openpose - Gaze3D frame=0 id=None label=None v=[-0.529, -0.189, 0.827] yaw=-32.6 pitch=10.9 cx=490.58038330078125
2025-12-04 16:18:09,545 - INFO - openpose - Gaze3D frame=0 id=None label=None v=[-0.389, 0.627, 0.675] yaw=-29.9 pitch=-38.8 cx=309.3920135498047
2025-12-04 16:18:09,545 - INFO - openpose - Gaze PUB: people=2, frame_idx=0
2025-12-04 16:18:09,794 - INFO - openpose - Gaze3D frame=0 id=None label=None v=[-0.543, -0.252, 0.801] yaw=-34.1 pitch=14.6 cx=491.65997314453125
2025-12-04 16:18:09,794 - INFO - openpose - Gaze3D frame=0 id=None label=None v=[-0.226, 0.420, 0.879] yaw=-14.4 pitch=-24.8 cx=315.05279541015625
2025-12-04 16:18:09,794 - INFO - openpose - Gaze PUB: people=2, frame_idx=0
2025-12-04 16:18:10,035 - INFO - openpose - Gaze3D frame=0 id=None label=None v=[-0.566, -0.043, 0.823] yaw=-34.5 pitch=2.5 cx=493.00819396972656
2025-12-04 16:18:10,035 - INFO - openpose - Gaze3D frame=0 id=None label=None v=[-0.571, 0.318, 0.757] yaw=-37.0 pitch=-18.5 cx=324.1924285888672
2025-12-04 16:18:10,035 - INFO - openpose - Gaze PUB: people=2, frame_idx=0
2025-12-04 16:18:10,292 - INFO - openpose - Gaze3D frame=0 id=None label=None v=[-0.628, -0.237, 0.742] yaw=-40.2 pitch=13.7 cx=492.78802490234375
2025-12-04 16:18:10,292 - INFO - openpose - Gaze3D frame=0 id=None label=None v=[-0.323, 0.748, 0.579] yaw=-29.1 pitch=-48.5 cx=330.0003356933594
2025-12-04 16:18:10,299 - INFO - openpose - Gaze PUB: people=2, frame_idx=0
2025-12-04 16:18:10,554 - INFO - openpose - Gaze3D frame=0 id=left label=Left person v=[-0.301, 0.400, 0.866] yaw=-19.2 pitch=-23.6 cx=323.4136505126953
2025-12-04 16:18:10,555 - INFO - openpose - Gaze3D frame=0 id=right label=Right person v=[-0.542, -0.176, 0.822] yaw=-33.4 pitch=10.1 cx=491.2706298828125
2025-12-04 16:18:10,555 - INFO - openpose - Gaze PUB: people=2, frame_idx=0
2025-12-04 16:18:10,555 - INFO - openpose - Robot's turn detected
2025-12-04 16:18:40,307 - INFO - openpose - Gaze3D frame=8 id=None label=None v=[-0.090, -0.598, 0.797] yaw=-6.4 pitch=36.7 cx=509.14361572265625
2025-12-04 16:18:40,307 - INFO - openpose - Gaze3D frame=8 id=None label=None v=[-0.330, -0.481, 0.812] yaw=-22.1 pitch=28.8 cx=282.65647888183594
2025-12-04 16:18:40,307 - INFO - openpose - Gaze PUB: people=2, frame_idx=8
2025-12-04 16:18:40,564 - INFO - openpose - Gaze3D frame=8 id=None label=None v=[-0.270, -0.403, 0.875] yaw=-17.2 pitch=23.7 cx=489.0531311035156
2025-12-04 16:18:40,565 - INFO - openpose - Gaze3D frame=8 id=None label=None v=[-0.238, -0.646, 0.725] yaw=-18.2 pitch=40.2 cx=266.4210739135742
2025-12-04 16:18:40,565 - INFO - openpose - Gaze PUB: people=2, frame_idx=8
2025-12-04 16:18:40,819 - INFO - openpose - Gaze3D frame=8 id=None label=None v=[-0.316, -0.354, 0.880] yaw=-19.8 pitch=20.7 cx=464.18373107910156
2025-12-04 16:18:40,819 - INFO - openpose - Gaze3D frame=8 id=None label=None v=[-0.190, -0.804, 0.563] yaw=-18.6 pitch=53.5 cx=255.4929962158203
2025-12-04 16:18:40,819 - INFO - openpose - Gaze PUB: people=2, frame_idx=8
2025-12-04 16:18:41,078 - INFO - openpose - Gaze3D frame=8 id=None label=None v=[-0.398, -0.403, 0.824] yaw=-25.8 pitch=23.8 cx=448.1157989501953
2025-12-04 16:18:41,078 - INFO - openpose - Gaze3D frame=8 id=None label=None v=[-0.354, -0.126, 0.927] yaw=-20.9 pitch=7.3 cx=256.1815490722656
2025-12-04 16:18:41,078 - INFO - openpose - Gaze PUB: people=2, frame_idx=8
2025-12-04 16:18:41,340 - INFO - openpose - Gaze3D frame=8 id=None label=None v=[-0.290, -0.540, 0.790] yaw=-20.2 pitch=32.7 cx=436.73377990722656
2025-12-04 16:18:41,340 - INFO - openpose - Gaze3D frame=8 id=None label=None v=[-0.357, -0.005, 0.934] yaw=-20.9 pitch=0.3 cx=253.48248291015625
2025-12-04 16:18:41,340 - INFO - openpose - Gaze PUB: people=2, frame_idx=8
2025-12-04 16:18:41,607 - INFO - openpose - Gaze3D frame=8 id=None label=None v=[-0.293, -0.411, 0.863] yaw=-18.8 pitch=24.3 cx=426.88987731933594
2025-12-04 16:18:41,607 - INFO - openpose - Gaze3D frame=8 id=None label=None v=[-0.401, -0.153, 0.903] yaw=-23.9 pitch=8.8 cx=252.5118865966797
2025-12-04 16:18:41,607 - INFO - openpose - Gaze PUB: people=2, frame_idx=8
2025-12-04 16:18:41,858 - INFO - openpose - Gaze3D frame=8 id=None label=None v=[-0.109, -0.744, 0.659] yaw=-9.4 pitch=48.1 cx=420.17803955078125
2025-12-04 16:18:41,858 - INFO - openpose - Gaze3D frame=8 id=None label=None v=[-0.345, 0.086, 0.935] yaw=-20.3 pitch=-4.9 cx=252.14886474609375
2025-12-04 16:18:41,858 - INFO - openpose - Gaze PUB: people=2, frame_idx=8
2025-12-04 16:18:42,105 - INFO - openpose - Gaze3D frame=8 id=None label=None v=[-0.164, -0.602, 0.782] yaw=-11.9 pitch=37.0 cx=423.40748596191406
2025-12-04 16:18:42,105 - INFO - openpose - Gaze3D frame=8 id=None label=None v=[-0.327, -0.192, 0.925] yaw=-19.4 pitch=11.1 cx=251.6542205810547
2025-12-04 16:18:42,105 - INFO - openpose - Gaze PUB: people=2, frame_idx=8
2025-12-04 16:18:42,363 - INFO - openpose - Gaze3D frame=8 id=None label=None v=[-0.057, -0.474, 0.879] yaw=-3.7 pitch=28.3 cx=445.81336975097656
2025-12-04 16:18:42,363 - INFO - openpose - Gaze3D frame=8 id=None label=None v=[-0.261, -0.299, 0.918] yaw=-15.9 pitch=17.4 cx=251.98542022705078
2025-12-04 16:18:42,363 - INFO - openpose - Gaze PUB: people=2, frame_idx=8
2025-12-04 16:18:42,612 - INFO - openpose - Gaze3D frame=8 id=None label=None v=[0.037, -0.622, 0.782] yaw=2.7 pitch=38.5 cx=469.9136657714844
2025-12-04 16:18:42,612 - INFO - openpose - Gaze3D frame=8 id=None label=None v=[-0.277, -0.190, 0.942] yaw=-16.4 pitch=11.0 cx=253.25205993652344
2025-12-04 16:18:42,612 - INFO - openpose - Gaze PUB: people=2, frame_idx=8
2025-12-04 16:18:42,886 - INFO - openpose - Gaze3D frame=8 id=None label=None v=[-0.092, -0.496, 0.863] yaw=-6.1 pitch=29.7 cx=481.03863525390625
2025-12-04 16:18:42,886 - INFO - openpose - Gaze3D frame=8 id=None label=None v=[-0.266, -0.198, 0.943] yaw=-15.7 pitch=11.4 cx=253.52793884277344
2025-12-04 16:18:42,886 - INFO - openpose - Gaze PUB: people=2, frame_idx=8
2025-12-04 16:18:43,143 - INFO - openpose - Gaze3D frame=8 id=None label=None v=[0.019, -0.507, 0.862] yaw=1.2 pitch=30.4 cx=482.78021240234375
2025-12-04 16:18:43,144 - INFO - openpose - Gaze3D frame=8 id=None label=None v=[-0.336, -0.208, 0.918] yaw=-20.1 pitch=12.0 cx=254.06925201416016
2025-12-04 16:18:43,144 - INFO - openpose - Gaze PUB: people=2, frame_idx=8
2025-12-04 16:18:43,404 - INFO - openpose - Gaze3D frame=8 id=None label=None v=[0.045, -0.623, 0.781] yaw=3.3 pitch=38.5 cx=479.2291259765625
2025-12-04 16:18:43,404 - INFO - openpose - Gaze3D frame=8 id=None label=None v=[-0.317, -0.222, 0.922] yaw=-19.0 pitch=12.8 cx=253.96371459960938
2025-12-04 16:18:43,404 - INFO - openpose - Gaze PUB: people=2, frame_idx=8
2025-12-04 16:18:43,672 - INFO - openpose - Gaze3D frame=8 id=None label=None v=[-0.057, -0.696, 0.715] yaw=-4.5 pitch=44.1 cx=475.97279357910156
2025-12-04 16:18:43,672 - INFO - openpose - Gaze3D frame=8 id=None label=None v=[-0.296, -0.122, 0.947] yaw=-17.4 pitch=7.0 cx=252.75279235839844
2025-12-04 16:18:43,672 - INFO - openpose - Gaze PUB: people=2, frame_idx=8
2025-12-04 16:18:43,918 - INFO - openpose - Gaze3D frame=8 id=None label=None v=[0.023, -0.631, 0.775] yaw=1.7 pitch=39.1 cx=471.33396911621094
2025-12-04 16:18:43,918 - INFO - openpose - Gaze3D frame=8 id=None label=None v=[-0.309, -0.156, 0.938] yaw=-18.2 pitch=9.0 cx=252.71180725097656
2025-12-04 16:18:43,919 - INFO - openpose - Gaze PUB: people=2, frame_idx=8
2025-12-04 16:18:44,184 - INFO - openpose - Gaze3D frame=8 id=None label=None v=[-0.030, -0.549, 0.835] yaw=-2.1 pitch=33.3 cx=469.0458679199219
2025-12-04 16:18:44,184 - INFO - openpose - Gaze3D frame=8 id=None label=None v=[-0.235, -0.235, 0.943] yaw=-14.0 pitch=13.6 cx=252.7561492919922
2025-12-04 16:18:44,184 - INFO - openpose - Gaze PUB: people=2, frame_idx=8
2025-12-04 16:18:44,451 - INFO - openpose - Gaze3D frame=8 id=None label=None v=[-0.014, -0.399, 0.917] yaw=-0.9 pitch=23.5 cx=469.0886688232422
2025-12-04 16:18:44,452 - INFO - openpose - Gaze3D frame=8 id=None label=None v=[-0.274, -0.261, 0.926] yaw=-16.5 pitch=15.2 cx=252.40056610107422
2025-12-04 16:18:44,452 - INFO - openpose - Gaze PUB: people=2, frame_idx=8
2025-12-04 16:18:44,699 - INFO - openpose - Gaze3D frame=8 id=None label=None v=[-0.004, -0.567, 0.823] yaw=-0.3 pitch=34.6 cx=472.72325134277344
2025-12-04 16:18:44,699 - INFO - openpose - Gaze3D frame=8 id=None label=None v=[-0.299, -0.279, 0.913] yaw=-18.1 pitch=16.2 cx=252.34857177734375
2025-12-04 16:18:44,699 - INFO - openpose - Gaze PUB: people=2, frame_idx=8
2025-12-04 16:18:44,961 - INFO - openpose - Gaze3D frame=8 id=None label=None v=[0.050, -0.503, 0.863] yaw=3.3 pitch=30.2 cx=473.66233825683594
2025-12-04 16:18:44,961 - INFO - openpose - Gaze3D frame=8 id=None label=None v=[-0.255, -0.273, 0.927] yaw=-15.4 pitch=15.9 cx=252.1356201171875
2025-12-04 16:18:44,961 - INFO - openpose - Gaze PUB: people=2, frame_idx=8
2025-12-04 16:18:45,227 - INFO - openpose - Gaze3D frame=8 id=None label=None v=[0.141, -0.488, 0.861] yaw=9.3 pitch=29.2 cx=468.8194580078125
2025-12-04 16:18:45,227 - INFO - openpose - Gaze3D frame=8 id=None label=None v=[-0.287, -0.119, 0.950] yaw=-16.8 pitch=6.9 cx=250.9030303955078
2025-12-04 16:18:45,227 - INFO - openpose - Gaze PUB: people=2, frame_idx=8
2025-12-04 16:18:45,501 - INFO - openpose - Gaze3D frame=8 id=None label=None v=[0.164, -0.262, 0.951] yaw=9.8 pitch=15.2 cx=462.8945770263672
2025-12-04 16:18:45,501 - INFO - openpose - Gaze3D frame=8 id=None label=None v=[-0.394, -0.100, 0.914] yaw=-23.3 pitch=5.8 cx=248.54351806640625
2025-12-04 16:18:45,501 - INFO - openpose - Gaze PUB: people=2, frame_idx=8
2025-12-04 16:18:45,755 - INFO - openpose - Gaze3D frame=8 id=None label=None v=[0.221, 0.443, 0.869] yaw=14.3 pitch=-26.3 cx=452.673583984375
2025-12-04 16:18:45,755 - INFO - openpose - Gaze3D frame=8 id=None label=None v=[-0.244, -0.261, 0.934] yaw=-14.6 pitch=15.1 cx=244.41366577148438
2025-12-04 16:18:45,755 - INFO - openpose - Gaze PUB: people=2, frame_idx=8
2025-12-04 16:18:45,998 - INFO - openpose - Gaze3D frame=8 id=None label=None v=[0.058, 0.594, 0.803] yaw=4.1 pitch=-36.4 cx=456.4121551513672
2025-12-04 16:18:45,999 - INFO - openpose - Gaze3D frame=8 id=None label=None v=[-0.470, -0.347, 0.812] yaw=-30.1 pitch=20.3 cx=236.1824951171875
2025-12-04 16:18:45,999 - INFO - openpose - Gaze PUB: people=2, frame_idx=8
2025-12-04 16:18:46,249 - INFO - openpose - Gaze3D frame=8 id=None label=None v=[0.053, 0.697, 0.715] yaw=4.2 pitch=-44.2 cx=482.571044921875
2025-12-04 16:18:46,249 - INFO - openpose - Gaze3D frame=8 id=None label=None v=[-0.502, -0.238, 0.831] yaw=-31.1 pitch=13.8 cx=226.28343200683594
2025-12-04 16:18:46,249 - INFO - openpose - Gaze PUB: people=2, frame_idx=8
2025-12-04 16:18:46,521 - INFO - openpose - Gaze3D frame=8 id=None label=None v=[-0.075, 0.663, 0.745] yaw=-5.7 pitch=-41.5 cx=512.7511291503906
2025-12-04 16:18:46,521 - INFO - openpose - Gaze3D frame=8 id=None label=None v=[-0.392, -0.264, 0.881] yaw=-24.0 pitch=15.3 cx=231.70370483398438
2025-12-04 16:18:46,521 - INFO - openpose - Gaze PUB: people=2, frame_idx=8
2025-12-04 16:18:46,792 - INFO - openpose - Gaze3D frame=8 id=None label=None v=[-0.416, -0.286, 0.863] yaw=-25.8 pitch=16.6 cx=234.39368438720703
2025-12-04 16:18:46,792 - INFO - openpose - Gaze3D frame=8 id=None label=None v=[-0.030, 0.610, 0.792] yaw=-2.1 pitch=-37.6 cx=540.4129638671875
2025-12-04 16:18:46,792 - INFO - openpose - Gaze PUB: people=2, frame_idx=8
2025-12-04 16:18:47,050 - INFO - openpose - Gaze3D frame=8 id=None label=None v=[-0.077, 0.790, 0.608] yaw=-7.3 pitch=-52.2 cx=553.9433288574219
2025-12-04 16:18:47,050 - INFO - openpose - Gaze3D frame=8 id=None label=None v=[-0.475, -0.228, 0.850] yaw=-29.2 pitch=13.2 cx=233.4884796142578
2025-12-04 16:18:47,050 - INFO - openpose - Gaze PUB: people=2, frame_idx=8
2025-12-04 16:18:47,309 - INFO - openpose - Gaze3D frame=8 id=None label=None v=[-0.191, 0.439, 0.878] yaw=-12.3 pitch=-26.1 cx=542.4378662109375
2025-12-04 16:18:47,309 - INFO - openpose - Gaze3D frame=8 id=None label=None v=[-0.211, -0.670, 0.712] yaw=-16.5 pitch=42.1 cx=233.8189697265625
2025-12-04 16:18:47,310 - INFO - openpose - Gaze PUB: people=2, frame_idx=8
2025-12-04 16:18:47,561 - INFO - openpose - Gaze3D frame=8 id=None label=None v=[-0.404, -0.301, 0.864] yaw=-25.0 pitch=17.5 cx=233.24331665039062
2025-12-04 16:18:47,561 - INFO - openpose - Gaze3D frame=8 id=None label=None v=[-0.131, 0.468, 0.874] yaw=-8.5 pitch=-27.9 cx=540.1479797363281
2025-12-04 16:18:47,561 - INFO - openpose - Gaze PUB: people=2, frame_idx=8
2025-12-04 16:18:47,823 - INFO - openpose - Gaze3D frame=8 id=None label=None v=[-0.396, -0.331, 0.856] yaw=-24.8 pitch=19.4 cx=230.14347076416016
2025-12-04 16:18:47,823 - INFO - openpose - Gaze3D frame=8 id=None label=None v=[-0.061, 0.340, 0.938] yaw=-3.7 pitch=-19.9 cx=541.0657348632812
2025-12-04 16:18:47,823 - INFO - openpose - Gaze PUB: people=2, frame_idx=8
2025-12-04 16:18:48,071 - INFO - openpose - Gaze3D frame=8 id=None label=None v=[-0.167, 0.285, 0.944] yaw=-10.1 pitch=-16.5 cx=540.5512390136719
2025-12-04 16:18:48,071 - INFO - openpose - Gaze3D frame=8 id=None label=None v=[-0.303, -0.423, 0.854] yaw=-19.5 pitch=25.0 cx=224.68701934814453
2025-12-04 16:18:48,071 - INFO - openpose - Gaze PUB: people=2, frame_idx=8
2025-12-04 16:18:48,331 - INFO - openpose - Gaze3D frame=8 id=None label=None v=[-0.241, -0.160, 0.957] yaw=-14.1 pitch=9.2 cx=219.5679931640625
2025-12-04 16:18:48,331 - INFO - openpose - Gaze3D frame=8 id=None label=None v=[-0.014, 0.301, 0.953] yaw=-0.9 pitch=-17.5 cx=535.5000305175781
2025-12-04 16:18:48,331 - INFO - openpose - Gaze PUB: people=2, frame_idx=8
2025-12-04 16:18:48,585 - INFO - openpose - Gaze3D frame=8 id=None label=None v=[-0.313, 0.362, 0.878] yaw=-19.6 pitch=-21.2 cx=516.9787292480469
2025-12-04 16:18:48,585 - INFO - openpose - Gaze3D frame=8 id=None label=None v=[-0.198, 0.050, 0.979] yaw=-11.5 pitch=-2.9 cx=216.12972259521484
2025-12-04 16:18:48,585 - INFO - openpose - Gaze PUB: people=2, frame_idx=8
2025-12-04 16:18:48,833 - INFO - openpose - Gaze3D frame=8 id=None label=None v=[-0.136, -0.150, 0.979] yaw=-7.9 pitch=8.6 cx=491.41131591796875
2025-12-04 16:18:48,833 - INFO - openpose - Gaze3D frame=8 id=None label=None v=[-0.343, -0.353, 0.870] yaw=-21.5 pitch=20.7 cx=216.77486419677734
2025-12-04 16:18:48,833 - INFO - openpose - Gaze PUB: people=2, frame_idx=8
2025-12-04 16:18:49,084 - INFO - openpose - Gaze3D frame=8 id=None label=None v=[-0.195, -0.248, 0.949] yaw=-11.6 pitch=14.4 cx=456.932373046875
2025-12-04 16:18:49,084 - INFO - openpose - Gaze3D frame=8 id=None label=None v=[-0.270, -0.354, 0.895] yaw=-16.8 pitch=20.8 cx=219.71942138671875
2025-12-04 16:18:49,084 - INFO - openpose - Gaze PUB: people=2, frame_idx=8
2025-12-04 16:18:49,343 - INFO - openpose - Gaze3D frame=8 id=None label=None v=[-0.207, -0.507, 0.837] yaw=-13.9 pitch=30.5 cx=438.0290985107422
2025-12-04 16:18:49,343 - INFO - openpose - Gaze3D frame=8 id=None label=None v=[-0.373, -0.462, 0.804] yaw=-24.9 pitch=27.5 cx=223.6728744506836
2025-12-04 16:18:49,343 - INFO - openpose - Gaze PUB: people=2, frame_idx=8
2025-12-04 16:18:49,590 - INFO - openpose - Gaze3D frame=8 id=None label=None v=[-0.268, -0.410, 0.872] yaw=-17.1 pitch=24.2 cx=424.88758850097656
2025-12-04 16:18:49,591 - INFO - openpose - Gaze3D frame=8 id=None label=None v=[-0.452, -0.201, 0.869] yaw=-27.5 pitch=11.6 cx=229.43235778808594
2025-12-04 16:18:49,591 - INFO - openpose - Gaze PUB: people=2, frame_idx=8
2025-12-04 16:18:49,839 - INFO - openpose - Gaze3D frame=8 id=None label=None v=[-0.357, -0.451, 0.818] yaw=-23.6 pitch=26.8 cx=417.9799041748047
2025-12-04 16:18:49,839 - INFO - openpose - Gaze3D frame=8 id=None label=None v=[-0.386, -0.137, 0.912] yaw=-23.0 pitch=7.8 cx=231.91529083251953
2025-12-04 16:18:49,839 - INFO - openpose - Gaze PUB: people=2, frame_idx=8
2025-12-04 16:18:50,091 - INFO - openpose - Gaze3D frame=8 id=None label=None v=[-0.396, -0.529, 0.750] yaw=-27.8 pitch=31.9 cx=417.7165222167969
2025-12-04 16:18:50,091 - INFO - openpose - Gaze3D frame=8 id=None label=None v=[-0.326, 0.004, 0.945] yaw=-19.1 pitch=-0.2 cx=232.22591400146484
2025-12-04 16:18:50,091 - INFO - openpose - Gaze PUB: people=2, frame_idx=8
2025-12-04 16:18:50,348 - INFO - openpose - Gaze3D frame=8 id=None label=None v=[-0.355, -0.341, 0.870] yaw=-22.2 pitch=20.0 cx=417.90516662597656
2025-12-04 16:18:50,348 - INFO - openpose - Gaze3D frame=8 id=None label=None v=[-0.309, -0.220, 0.925] yaw=-18.5 pitch=12.7 cx=231.67488861083984
2025-12-04 16:18:50,348 - INFO - openpose - Gaze PUB: people=2, frame_idx=8
2025-12-04 16:18:50,614 - INFO - openpose - Gaze3D frame=8 id=None label=None v=[-0.464, -0.442, 0.768] yaw=-31.1 pitch=26.3 cx=417.8620147705078
2025-12-04 16:18:50,614 - INFO - openpose - Gaze3D frame=8 id=None label=None v=[-0.322, -0.183, 0.929] yaw=-19.1 pitch=10.5 cx=231.97103881835938
2025-12-04 16:18:50,614 - INFO - openpose - Gaze PUB: people=2, frame_idx=8
2025-12-04 16:18:50,883 - INFO - openpose - Gaze3D frame=8 id=None label=None v=[-0.349, -0.525, 0.776] yaw=-24.2 pitch=31.7 cx=419.0551452636719
2025-12-04 16:18:50,883 - INFO - openpose - Gaze3D frame=8 id=None label=None v=[-0.212, -0.230, 0.950] yaw=-12.6 pitch=13.3 cx=232.5130157470703
2025-12-04 16:18:50,883 - INFO - openpose - Gaze PUB: people=2, frame_idx=8
2025-12-04 16:18:51,151 - INFO - openpose - Gaze3D frame=8 id=None label=None v=[-0.396, -0.319, 0.861] yaw=-24.7 pitch=18.6 cx=421.04615783691406
2025-12-04 16:18:51,151 - INFO - openpose - Gaze3D frame=8 id=None label=None v=[-0.277, -0.242, 0.930] yaw=-16.6 pitch=14.0 cx=232.903076171875
2025-12-04 16:18:51,151 - INFO - openpose - Gaze PUB: people=2, frame_idx=8
2025-12-04 16:18:51,404 - INFO - openpose - Gaze3D frame=8 id=None label=None v=[-0.648, 0.064, 0.759] yaw=-40.5 pitch=-3.7 cx=424.7982177734375
2025-12-04 16:18:51,404 - INFO - openpose - Gaze3D frame=8 id=None label=None v=[-0.311, -0.165, 0.936] yaw=-18.4 pitch=9.5 cx=232.6342544555664
2025-12-04 16:18:51,404 - INFO - openpose - Gaze PUB: people=2, frame_idx=8
2025-12-04 16:18:51,659 - INFO - openpose - Gaze3D frame=8 id=None label=None v=[-0.677, 0.107, 0.728] yaw=-43.0 pitch=-6.2 cx=426.69403076171875
2025-12-04 16:18:51,659 - INFO - openpose - Gaze3D frame=8 id=None label=None v=[-0.270, -0.196, 0.943] yaw=-16.0 pitch=11.3 cx=232.41067504882812
2025-12-04 16:18:51,659 - INFO - openpose - Gaze PUB: people=2, frame_idx=8
2025-12-04 16:18:51,892 - INFO - openpose - Gaze3D frame=8 id=None label=None v=[-0.571, -0.219, 0.791] yaw=-35.9 pitch=12.7 cx=425.57371520996094
2025-12-04 16:18:51,892 - INFO - openpose - Gaze3D frame=8 id=None label=None v=[-0.294, -0.211, 0.932] yaw=-17.5 pitch=12.2 cx=231.9075927734375
2025-12-04 16:18:51,892 - INFO - openpose - Gaze PUB: people=2, frame_idx=8
2025-12-04 16:18:52,131 - INFO - openpose - Gaze3D frame=8 id=None label=None v=[-0.445, -0.389, 0.807] yaw=-28.9 pitch=22.9 cx=424.1784362792969
2025-12-04 16:18:52,131 - INFO - openpose - Gaze3D frame=8 id=None label=None v=[-0.336, -0.277, 0.900] yaw=-20.5 pitch=16.1 cx=231.12091827392578
2025-12-04 16:18:52,131 - INFO - openpose - Gaze PUB: people=2, frame_idx=8
2025-12-04 16:18:52,401 - INFO - openpose - Gaze3D frame=8 id=None label=None v=[-0.146, -0.596, 0.790] yaw=-10.5 pitch=36.6 cx=422.5957336425781
2025-12-04 16:18:52,401 - INFO - openpose - Gaze3D frame=8 id=None label=None v=[-0.395, -0.183, 0.900] yaw=-23.7 pitch=10.5 cx=230.42738342285156
2025-12-04 16:18:52,401 - INFO - openpose - Gaze PUB: people=2, frame_idx=8
2025-12-04 16:18:52,653 - INFO - openpose - Gaze3D frame=8 id=None label=None v=[-0.183, -0.576, 0.797] yaw=-12.9 pitch=35.2 cx=421.5108337402344
2025-12-04 16:18:52,653 - INFO - openpose - Gaze3D frame=8 id=None label=None v=[-0.358, -0.455, 0.816] yaw=-23.7 pitch=27.1 cx=230.0152130126953
2025-12-04 16:18:52,653 - INFO - openpose - Gaze PUB: people=2, frame_idx=8
2025-12-04 16:18:52,894 - INFO - openpose - Gaze3D frame=8 id=None label=None v=[-0.327, -0.555, 0.765] yaw=-23.2 pitch=33.7 cx=421.17491149902344
2025-12-04 16:18:52,894 - INFO - openpose - Gaze3D frame=8 id=None label=None v=[-0.330, -0.434, 0.839] yaw=-21.5 pitch=25.7 cx=230.79918670654297
2025-12-04 16:18:52,894 - INFO - openpose - Gaze PUB: people=2, frame_idx=8
2025-12-04 16:18:53,150 - INFO - openpose - Gaze3D frame=8 id=None label=None v=[-0.248, -0.627, 0.739] yaw=-18.6 pitch=38.8 cx=420.93528747558594
2025-12-04 16:18:53,150 - INFO - openpose - Gaze3D frame=8 id=None label=None v=[-0.240, -0.345, 0.907] yaw=-14.8 pitch=20.2 cx=231.34056091308594
2025-12-04 16:18:53,150 - INFO - openpose - Gaze PUB: people=2, frame_idx=8
2025-12-04 16:18:53,422 - INFO - openpose - Gaze3D frame=8 id=None label=None v=[-0.203, -0.655, 0.728] yaw=-15.6 pitch=40.9 cx=420.40574645996094
2025-12-04 16:18:53,422 - INFO - openpose - Gaze3D frame=8 id=None label=None v=[-0.301, -0.477, 0.826] yaw=-20.0 pitch=28.5 cx=231.3258514404297
2025-12-04 16:18:53,422 - INFO - openpose - Gaze PUB: people=2, frame_idx=8
2025-12-04 16:18:53,681 - INFO - openpose - Gaze3D frame=8 id=None label=None v=[-0.505, -0.227, 0.833] yaw=-31.2 pitch=13.1 cx=423.0111846923828
2025-12-04 16:18:53,681 - INFO - openpose - Gaze3D frame=8 id=None label=None v=[-0.347, -0.402, 0.847] yaw=-22.2 pitch=23.7 cx=231.15689086914062
2025-12-04 16:18:53,681 - INFO - openpose - Gaze PUB: people=2, frame_idx=8
2025-12-04 16:18:53,941 - INFO - openpose - Gaze3D frame=8 id=None label=None v=[-0.349, -0.014, 0.937] yaw=-20.4 pitch=0.8 cx=436.0350036621094
2025-12-04 16:18:53,941 - INFO - openpose - Gaze3D frame=8 id=None label=None v=[-0.296, -0.544, 0.785] yaw=-20.7 pitch=32.9 cx=231.11339569091797
2025-12-04 16:18:53,941 - INFO - openpose - Gaze PUB: people=2, frame_idx=8
2025-12-04 16:18:54,199 - INFO - openpose - Gaze3D frame=8 id=None label=None v=[-0.400, -0.040, 0.916] yaw=-23.6 pitch=2.3 cx=463.47174072265625
2025-12-04 16:18:54,200 - INFO - openpose - Gaze3D frame=8 id=None label=None v=[-0.424, -0.379, 0.823] yaw=-27.2 pitch=22.3 cx=230.22557830810547
2025-12-04 16:18:54,200 - INFO - openpose - Gaze PUB: people=2, frame_idx=8
2025-12-04 16:18:54,458 - INFO - openpose - Gaze3D frame=8 id=None label=None v=[-0.206, -0.211, 0.955] yaw=-12.2 pitch=12.2 cx=505.8118896484375
2025-12-04 16:18:54,458 - INFO - openpose - Gaze3D frame=8 id=None label=None v=[-0.391, -0.253, 0.885] yaw=-23.8 pitch=14.7 cx=230.05049896240234
2025-12-04 16:18:54,458 - INFO - openpose - Gaze PUB: people=2, frame_idx=8
2025-12-04 16:18:54,713 - INFO - openpose - Gaze3D frame=8 id=None label=None v=[-0.230, 0.631, 0.741] yaw=-17.3 pitch=-39.1 cx=548.2127075195312
2025-12-04 16:18:54,713 - INFO - openpose - Gaze3D frame=8 id=None label=None v=[-0.429, -0.116, 0.896] yaw=-25.6 pitch=6.6 cx=229.58650970458984
2025-12-04 16:18:54,713 - INFO - openpose - Gaze PUB: people=2, frame_idx=8
2025-12-04 16:18:54,974 - INFO - openpose - Gaze3D frame=8 id=None label=None v=[-0.409, -0.097, 0.907] yaw=-24.3 pitch=5.6 cx=565.4107360839844
2025-12-04 16:18:54,974 - INFO - openpose - Gaze3D frame=8 id=None label=None v=[-0.451, -0.178, 0.875] yaw=-27.3 pitch=10.2 cx=229.9082794189453
2025-12-04 16:18:54,974 - INFO - openpose - Gaze PUB: people=2, frame_idx=8
2025-12-04 16:18:55,233 - INFO - openpose - Gaze3D frame=8 id=None label=None v=[-0.394, 0.398, 0.828] yaw=-25.5 pitch=-23.4 cx=571.6418762207031
2025-12-04 16:18:55,233 - INFO - openpose - Gaze3D frame=8 id=None label=None v=[-0.409, -0.277, 0.870] yaw=-25.2 pitch=16.1 cx=229.01248168945312
2025-12-04 16:18:55,233 - INFO - openpose - Gaze PUB: people=2, frame_idx=8
2025-12-04 16:18:55,487 - INFO - openpose - Gaze3D frame=8 id=None label=None v=[-0.499, -0.249, 0.830] yaw=-31.0 pitch=14.4 cx=575.9428100585938
2025-12-04 16:18:55,487 - INFO - openpose - Gaze3D frame=8 id=None label=None v=[-0.439, -0.184, 0.879] yaw=-26.6 pitch=10.6 cx=227.99835968017578
2025-12-04 16:18:55,487 - INFO - openpose - Gaze PUB: people=2, frame_idx=8
2025-12-04 16:18:55,737 - INFO - openpose - Gaze3D frame=8 id=None label=None v=[-0.460, -0.448, 0.767] yaw=-31.0 pitch=26.6 cx=594.1493835449219
2025-12-04 16:18:55,737 - INFO - openpose - Gaze3D frame=8 id=None label=None v=[-0.460, -0.251, 0.852] yaw=-28.4 pitch=14.5 cx=227.14110565185547
2025-12-04 16:18:55,737 - INFO - openpose - Gaze PUB: people=2, frame_idx=8
2025-12-04 16:18:55,997 - INFO - openpose - Gaze3D frame=8 id=None label=None v=[-0.462, -0.284, 0.840] yaw=-28.8 pitch=16.5 cx=613.8931579589844
2025-12-04 16:18:55,997 - INFO - openpose - Gaze3D frame=8 id=None label=None v=[-0.416, -0.380, 0.826] yaw=-26.7 pitch=22.4 cx=227.57593536376953
2025-12-04 16:18:55,997 - INFO - openpose - Gaze PUB: people=2, frame_idx=8
2025-12-04 16:18:56,168 - INFO - openpose - Gaze3D frame=8 id=None label=None v=[-0.360, -0.243, 0.901] yaw=-21.8 pitch=14.1 cx=227.3644256591797
2025-12-04 16:18:56,168 - INFO - openpose - Gaze PUB: people=1, frame_idx=8
2025-12-04 16:18:56,343 - INFO - openpose - Gaze3D frame=8 id=None label=None v=[-0.307, -0.258, 0.916] yaw=-18.5 pitch=14.9 cx=227.17660522460938
2025-12-04 16:18:56,343 - INFO - openpose - Gaze PUB: people=1, frame_idx=8
2025-12-04 16:18:56,523 - INFO - openpose - Gaze3D frame=8 id=None label=None v=[-0.278, -0.147, 0.949] yaw=-16.3 pitch=8.4 cx=226.74649810791016
2025-12-04 16:18:56,523 - INFO - openpose - Gaze PUB: people=1, frame_idx=8
2025-12-04 16:18:56,705 - INFO - openpose - Gaze3D frame=8 id=None label=None v=[-0.331, -0.119, 0.936] yaw=-19.4 pitch=6.8 cx=225.6388397216797
2025-12-04 16:18:56,705 - INFO - openpose - Gaze PUB: people=1, frame_idx=8
2025-12-04 16:18:56,896 - INFO - openpose - Gaze3D frame=8 id=right label=Right person v=[-0.403, -0.407, 0.820] yaw=-26.2 pitch=24.0 cx=225.51806640625
2025-12-04 16:18:56,896 - INFO - openpose - Gaze PUB: people=1, frame_idx=8
2025-12-04 16:18:57,833 - INFO - openpose - Gaze3D frame=16 id=right label=Right person v=[-0.394, -0.294, 0.871] yaw=-24.3 pitch=17.1 cx=226.43944549560547
2025-12-04 16:18:57,833 - INFO - openpose - Gaze PUB: people=1, frame_idx=16
2025-12-04 16:18:58,467 - INFO - openpose - Gaze3D frame=24 id=right label=Right person v=[-0.527, -0.152, 0.836] yaw=-32.2 pitch=8.7 cx=229.3110122680664
2025-12-04 16:18:58,467 - INFO - openpose - Gaze PUB: people=1, frame_idx=24
2025-12-04 16:18:59,358 - INFO - openpose - Gaze3D frame=32 id=right label=Right person v=[-0.562, -0.230, 0.795] yaw=-35.2 pitch=13.3 cx=230.17481994628906
2025-12-04 16:18:59,358 - INFO - openpose - Gaze PUB: people=1, frame_idx=32
2025-12-04 16:19:00,067 - INFO - openpose - Gaze3D frame=40 id=right label=Right person v=[-0.550, -0.074, 0.832] yaw=-33.5 pitch=4.2 cx=235.22720336914062
2025-12-04 16:19:00,067 - INFO - openpose - Gaze PUB: people=1, frame_idx=40
