2025-12-04 16:17:24,600 - INFO - BuildTower - Robot parameters: robot_name=my_gen3, dof=7, gripper_present=True
2025-12-04 16:17:24,605 - INFO - BuildTower - Service initialized: /my_gen3/base/clear_faults
2025-12-04 16:17:24,608 - INFO - BuildTower - Service initialized: /my_gen3/base/read_action
2025-12-04 16:17:24,610 - INFO - BuildTower - Service initialized: /my_gen3/base/execute_action
2025-12-04 16:17:24,613 - INFO - BuildTower - Service initialized: /my_gen3/control_config/set_cartesian_reference_frame
2025-12-04 16:17:24,615 - INFO - BuildTower - Service initialized: /my_gen3/base/activate_publishing_of_action_topic
2025-12-04 16:17:24,617 - INFO - BuildTower - Service initialized: /my_gen3/base/send_gripper_command
2025-12-04 16:17:24,618 - INFO - BuildTower - OpenPoseThread: Connected REQ to tcp://localhost:5555
2025-12-04 16:17:24,618 - INFO - BuildTower - OpenPoseThread started.
2025-12-04 16:17:24,618 - INFO - BuildTower - OpenPoseThread: Connected SUB to tcp://localhost:5556
2025-12-04 16:17:24,618 - INFO - BuildTower - BuildTower class initialized successfully.
2025-12-04 16:17:24,619 - INFO - BuildTower - ROS parameter /kortex_examples_test_results/cartesian_poses_with_notifications_python did not exist or could not be deleted.
2025-12-04 16:17:24,619 - INFO - BuildTower - Starting main robot control loop.
2025-12-04 16:17:24,649 - INFO - BuildTower - Robot faults cleared successfully.
2025-12-04 16:17:27,174 - INFO - BuildTower - Cartesian reference frame set successfully.
2025-12-04 16:17:27,427 - INFO - BuildTower - Activating action notifications.
2025-12-04 16:17:27,449 - INFO - BuildTower - Action Notifications successfully activated.
2025-12-04 16:17:28,480 - INFO - BuildTower - Sending robot to home position.
2025-12-04 16:17:36,206 - INFO - BuildTower - User pressed Enter. Continuing with configuration 1
2025-12-04 16:17:36,207 - INFO - BuildTower - Parsing information from file: config2
2025-12-04 16:17:36,207 - INFO - BuildTower - Parsed turn_order: ybypbpbpy

2025-12-04 16:17:36,207 - INFO - BuildTower - Parsed object_order: 143

2025-12-04 16:17:36,208 - INFO - BuildTower - Sent turn_order and waiting for response from OpenPose server.
2025-12-04 16:17:36,208 - INFO - BuildTower - Sending turn order to OpenPose server: ybypbpbpy

2025-12-04 16:17:36,208 - INFO - BuildTower - OpenPoseThread: sending cmd: ybypbpbpy

2025-12-04 16:17:36,209 - INFO - BuildTower - OpenPoseThread: received reply: Order Received
2025-12-04 16:17:36,209 - INFO - BuildTower - Received reply from OpenPose server: Order Received
2025-12-04 16:17:36,210 - INFO - BuildTower - Starting mutual gaze calibration for 10.0 seconds
2025-12-04 16:17:37,083 - INFO - BuildTower - OpenPoseThread: gaze frame_idx=0 ts=2025-12-04T16:17:36.984117Z people=2
2025-12-04 16:17:37,083 - INFO - BuildTower - OpenPoseThread: Gaze3D frame=0 id=None label=None v=[-0.404, -0.280, 0.871] yaw=-24.9 pitch=16.3
2025-12-04 16:17:37,083 - INFO - BuildTower - OpenPoseThread: Gaze3D frame=0 id=None label=None v=[-0.482, -0.012, 0.876] yaw=-28.8 pitch=0.7
2025-12-04 16:17:37,294 - INFO - BuildTower - OpenPoseThread: gaze frame_idx=0 ts=2025-12-04T16:17:37.243158Z people=2
2025-12-04 16:17:37,295 - INFO - BuildTower - OpenPoseThread: Gaze3D frame=0 id=None label=None v=[-0.458, -0.178, 0.871] yaw=-27.7 pitch=10.2
2025-12-04 16:17:37,295 - INFO - BuildTower - OpenPoseThread: Gaze3D frame=0 id=None label=None v=[-0.422, 0.425, 0.801] yaw=-27.8 pitch=-25.2
2025-12-04 16:17:37,507 - INFO - BuildTower - OpenPoseThread: gaze frame_idx=0 ts=2025-12-04T16:17:37.506981Z people=2
2025-12-04 16:17:37,507 - INFO - BuildTower - OpenPoseThread: Gaze3D frame=0 id=None label=None v=[-0.522, -0.126, 0.843] yaw=-31.8 pitch=7.2
2025-12-04 16:17:37,508 - INFO - BuildTower - OpenPoseThread: Gaze3D frame=0 id=None label=None v=[-0.335, 0.441, 0.832] yaw=-21.9 pitch=-26.2
2025-12-04 16:17:37,829 - INFO - BuildTower - OpenPoseThread: gaze frame_idx=0 ts=2025-12-04T16:17:37.769512Z people=2
2025-12-04 16:17:37,829 - INFO - BuildTower - OpenPoseThread: Gaze3D frame=0 id=None label=None v=[-0.485, -0.045, 0.873] yaw=-29.0 pitch=2.6
2025-12-04 16:17:37,829 - INFO - BuildTower - OpenPoseThread: Gaze3D frame=0 id=None label=None v=[-0.378, 0.493, 0.784] yaw=-25.8 pitch=-29.5
2025-12-04 16:17:38,040 - INFO - BuildTower - OpenPoseThread: gaze frame_idx=0 ts=2025-12-04T16:17:38.018226Z people=2
2025-12-04 16:17:38,040 - INFO - BuildTower - OpenPoseThread: Gaze3D frame=0 id=None label=None v=[-0.544, -0.018, 0.839] yaw=-33.0 pitch=1.0
2025-12-04 16:17:38,040 - INFO - BuildTower - OpenPoseThread: Gaze3D frame=0 id=None label=None v=[-0.389, 0.380, 0.839] yaw=-24.9 pitch=-22.3
2025-12-04 16:17:38,362 - INFO - BuildTower - OpenPoseThread: gaze frame_idx=0 ts=2025-12-04T16:17:38.283486Z people=2
2025-12-04 16:17:38,362 - INFO - BuildTower - OpenPoseThread: Gaze3D frame=0 id=None label=None v=[-0.378, 0.349, 0.858] yaw=-23.8 pitch=-20.4
2025-12-04 16:17:38,362 - INFO - BuildTower - OpenPoseThread: Gaze3D frame=0 id=None label=None v=[-0.519, 0.006, 0.855] yaw=-31.2 pitch=-0.4
2025-12-04 16:17:38,573 - INFO - BuildTower - OpenPoseThread: gaze frame_idx=0 ts=2025-12-04T16:17:38.543764Z people=2
2025-12-04 16:17:38,573 - INFO - BuildTower - OpenPoseThread: Gaze3D frame=0 id=None label=None v=[-0.492, -0.149, 0.858] yaw=-29.8 pitch=8.6
2025-12-04 16:17:38,573 - INFO - BuildTower - OpenPoseThread: Gaze3D frame=0 id=None label=None v=[-0.409, 0.403, 0.819] yaw=-26.5 pitch=-23.8
2025-12-04 16:17:38,894 - INFO - BuildTower - OpenPoseThread: gaze frame_idx=0 ts=2025-12-04T16:17:38.799142Z people=2
2025-12-04 16:17:38,894 - INFO - BuildTower - OpenPoseThread: Gaze3D frame=0 id=None label=None v=[-0.528, -0.067, 0.846] yaw=-32.0 pitch=3.9
2025-12-04 16:17:38,895 - INFO - BuildTower - OpenPoseThread: Gaze3D frame=0 id=None label=None v=[-0.385, 0.363, 0.848] yaw=-24.4 pitch=-21.3
2025-12-04 16:17:39,106 - INFO - BuildTower - OpenPoseThread: gaze frame_idx=0 ts=2025-12-04T16:17:39.042713Z people=2
2025-12-04 16:17:39,106 - INFO - BuildTower - OpenPoseThread: Gaze3D frame=0 id=None label=None v=[-0.473, -0.122, 0.872] yaw=-28.5 pitch=7.0
2025-12-04 16:17:39,106 - INFO - BuildTower - OpenPoseThread: Gaze3D frame=0 id=None label=None v=[-0.491, 0.305, 0.816] yaw=-31.1 pitch=-17.8
2025-12-04 16:17:39,317 - INFO - BuildTower - OpenPoseThread: gaze frame_idx=0 ts=2025-12-04T16:17:39.307368Z people=2
2025-12-04 16:17:39,318 - INFO - BuildTower - OpenPoseThread: Gaze3D frame=0 id=None label=None v=[-0.461, -0.137, 0.877] yaw=-27.7 pitch=7.9
2025-12-04 16:17:39,318 - INFO - BuildTower - OpenPoseThread: Gaze3D frame=0 id=None label=None v=[-0.405, 0.293, 0.866] yaw=-25.0 pitch=-17.0
2025-12-04 16:17:39,639 - INFO - BuildTower - OpenPoseThread: gaze frame_idx=0 ts=2025-12-04T16:17:39.573096Z people=2
2025-12-04 16:17:39,640 - INFO - BuildTower - OpenPoseThread: Gaze3D frame=0 id=None label=None v=[-0.490, 0.418, 0.765] yaw=-32.7 pitch=-24.7
2025-12-04 16:17:39,640 - INFO - BuildTower - OpenPoseThread: Gaze3D frame=0 id=None label=None v=[-0.426, 0.319, 0.847] yaw=-26.7 pitch=-18.6
2025-12-04 16:17:39,851 - INFO - BuildTower - OpenPoseThread: gaze frame_idx=0 ts=2025-12-04T16:17:39.806371Z people=2
2025-12-04 16:17:39,851 - INFO - BuildTower - OpenPoseThread: Gaze3D frame=0 id=None label=None v=[-0.450, 0.198, 0.871] yaw=-27.3 pitch=-11.4
2025-12-04 16:17:39,851 - INFO - BuildTower - OpenPoseThread: Gaze3D frame=0 id=None label=None v=[-0.438, 0.480, 0.760] yaw=-29.9 pitch=-28.7
2025-12-04 16:17:40,062 - INFO - BuildTower - OpenPoseThread: gaze frame_idx=0 ts=2025-12-04T16:17:40.048834Z people=2
2025-12-04 16:17:40,063 - INFO - BuildTower - OpenPoseThread: Gaze3D frame=0 id=None label=None v=[-0.484, -0.066, 0.873] yaw=-29.0 pitch=3.8
2025-12-04 16:17:40,063 - INFO - BuildTower - OpenPoseThread: Gaze3D frame=0 id=None label=None v=[-0.544, 0.350, 0.762] yaw=-35.5 pitch=-20.5
2025-12-04 16:17:40,384 - INFO - BuildTower - OpenPoseThread: gaze frame_idx=0 ts=2025-12-04T16:17:40.307040Z people=2
2025-12-04 16:17:40,384 - INFO - BuildTower - OpenPoseThread: Gaze3D frame=0 id=None label=None v=[-0.528, 0.157, 0.834] yaw=-32.3 pitch=-9.0
2025-12-04 16:17:40,384 - INFO - BuildTower - OpenPoseThread: Gaze3D frame=0 id=None label=None v=[-0.460, 0.258, 0.849] yaw=-28.5 pitch=-15.0
2025-12-04 16:17:40,596 - INFO - BuildTower - OpenPoseThread: gaze frame_idx=0 ts=2025-12-04T16:17:40.567198Z people=2
2025-12-04 16:17:40,596 - INFO - BuildTower - OpenPoseThread: Gaze3D frame=0 id=None label=None v=[-0.356, 0.019, 0.934] yaw=-20.9 pitch=-1.1
2025-12-04 16:17:40,596 - INFO - BuildTower - OpenPoseThread: Gaze3D frame=0 id=None label=None v=[-0.405, 0.230, 0.885] yaw=-24.6 pitch=-13.3
2025-12-04 16:17:40,810 - INFO - BuildTower - OpenPoseThread: gaze frame_idx=0 ts=2025-12-04T16:17:40.809070Z people=2
2025-12-04 16:17:40,810 - INFO - BuildTower - OpenPoseThread: Gaze3D frame=0 id=None label=None v=[-0.476, 0.077, 0.876] yaw=-28.5 pitch=-4.4
2025-12-04 16:17:40,810 - INFO - BuildTower - OpenPoseThread: Gaze3D frame=0 id=None label=None v=[-0.478, 0.279, 0.833] yaw=-29.9 pitch=-16.2
2025-12-04 16:17:41,131 - INFO - BuildTower - OpenPoseThread: gaze frame_idx=0 ts=2025-12-04T16:17:41.047405Z people=2
2025-12-04 16:17:41,131 - INFO - BuildTower - OpenPoseThread: Gaze3D frame=0 id=None label=None v=[-0.505, -0.079, 0.859] yaw=-30.5 pitch=4.5
2025-12-04 16:17:41,132 - INFO - BuildTower - OpenPoseThread: Gaze3D frame=0 id=None label=None v=[-0.484, 0.293, 0.824] yaw=-30.4 pitch=-17.0
2025-12-04 16:17:41,343 - INFO - BuildTower - OpenPoseThread: gaze frame_idx=0 ts=2025-12-04T16:17:41.305759Z people=2
2025-12-04 16:17:41,343 - INFO - BuildTower - OpenPoseThread: Gaze3D frame=0 id=None label=None v=[-0.547, -0.025, 0.837] yaw=-33.1 pitch=1.4
2025-12-04 16:17:41,343 - INFO - BuildTower - OpenPoseThread: Gaze3D frame=0 id=None label=None v=[-0.442, 0.372, 0.816] yaw=-28.4 pitch=-21.8
2025-12-04 16:17:41,561 - INFO - BuildTower - OpenPoseThread: gaze frame_idx=0 ts=2025-12-04T16:17:41.560637Z people=2
2025-12-04 16:17:41,561 - INFO - BuildTower - OpenPoseThread: Gaze3D frame=0 id=None label=None v=[-0.441, 0.204, 0.874] yaw=-26.8 pitch=-11.8
2025-12-04 16:17:41,561 - INFO - BuildTower - OpenPoseThread: Gaze3D frame=0 id=None label=None v=[-0.426, 0.265, 0.865] yaw=-26.2 pitch=-15.3
2025-12-04 16:17:41,883 - INFO - BuildTower - OpenPoseThread: gaze frame_idx=0 ts=2025-12-04T16:17:41.821102Z people=2
2025-12-04 16:17:41,883 - INFO - BuildTower - OpenPoseThread: Gaze3D frame=0 id=None label=None v=[-0.398, 0.029, 0.917] yaw=-23.5 pitch=-1.7
2025-12-04 16:17:41,883 - INFO - BuildTower - OpenPoseThread: Gaze3D frame=0 id=None label=None v=[-0.429, 0.284, 0.858] yaw=-26.6 pitch=-16.5
2025-12-04 16:17:42,094 - INFO - BuildTower - OpenPoseThread: gaze frame_idx=0 ts=2025-12-04T16:17:42.065436Z people=2
2025-12-04 16:17:42,095 - INFO - BuildTower - OpenPoseThread: Gaze3D frame=0 id=None label=None v=[-0.466, -0.079, 0.882] yaw=-27.8 pitch=4.5
2025-12-04 16:17:42,095 - INFO - BuildTower - OpenPoseThread: Gaze3D frame=0 id=None label=None v=[-0.399, 0.340, 0.852] yaw=-25.1 pitch=-19.9
2025-12-04 16:17:42,315 - INFO - BuildTower - OpenPoseThread: gaze frame_idx=0 ts=2025-12-04T16:17:42.314661Z people=2
2025-12-04 16:17:42,316 - INFO - BuildTower - OpenPoseThread: Gaze3D frame=0 id=None label=None v=[-0.451, 0.134, 0.882] yaw=-27.1 pitch=-7.7
2025-12-04 16:17:42,316 - INFO - BuildTower - OpenPoseThread: Gaze3D frame=0 id=None label=None v=[-0.476, 0.250, 0.843] yaw=-29.5 pitch=-14.5
2025-12-04 16:17:42,637 - INFO - BuildTower - OpenPoseThread: gaze frame_idx=0 ts=2025-12-04T16:17:42.564570Z people=2
2025-12-04 16:17:42,637 - INFO - BuildTower - OpenPoseThread: Gaze3D frame=0 id=None label=None v=[-0.437, 0.013, 0.899] yaw=-25.9 pitch=-0.8
2025-12-04 16:17:42,637 - INFO - BuildTower - OpenPoseThread: Gaze3D frame=0 id=None label=None v=[-0.402, 0.504, 0.764] yaw=-27.7 pitch=-30.3
2025-12-04 16:17:42,848 - INFO - BuildTower - OpenPoseThread: gaze frame_idx=0 ts=2025-12-04T16:17:42.831131Z people=2
2025-12-04 16:17:42,849 - INFO - BuildTower - OpenPoseThread: Gaze3D frame=0 id=None label=None v=[-0.491, 0.032, 0.871] yaw=-29.4 pitch=-1.8
2025-12-04 16:17:42,849 - INFO - BuildTower - OpenPoseThread: Gaze3D frame=0 id=None label=None v=[-0.406, 0.401, 0.821] yaw=-26.3 pitch=-23.6
2025-12-04 16:17:43,170 - INFO - BuildTower - OpenPoseThread: gaze frame_idx=0 ts=2025-12-04T16:17:43.081899Z people=2
2025-12-04 16:17:43,170 - INFO - BuildTower - OpenPoseThread: Gaze3D frame=0 id=None label=None v=[-0.557, 0.046, 0.829] yaw=-33.9 pitch=-2.6
2025-12-04 16:17:43,171 - INFO - BuildTower - OpenPoseThread: Gaze3D frame=0 id=None label=None v=[-0.436, 0.314, 0.843] yaw=-27.3 pitch=-18.3
2025-12-04 16:17:43,382 - INFO - BuildTower - OpenPoseThread: gaze frame_idx=0 ts=2025-12-04T16:17:43.340344Z people=2
2025-12-04 16:17:43,382 - INFO - BuildTower - OpenPoseThread: Gaze3D frame=0 id=None label=None v=[-0.611, 0.048, 0.790] yaw=-37.7 pitch=-2.7
2025-12-04 16:17:43,382 - INFO - BuildTower - OpenPoseThread: Gaze3D frame=0 id=None label=None v=[-0.384, 0.486, 0.785] yaw=-26.0 pitch=-29.1
2025-12-04 16:17:43,599 - INFO - BuildTower - OpenPoseThread: gaze frame_idx=0 ts=2025-12-04T16:17:43.598486Z people=2
2025-12-04 16:17:43,599 - INFO - BuildTower - OpenPoseThread: Gaze3D frame=0 id=None label=None v=[-0.537, -0.159, 0.828] yaw=-33.0 pitch=9.1
2025-12-04 16:17:43,599 - INFO - BuildTower - OpenPoseThread: Gaze3D frame=0 id=None label=None v=[-0.450, 0.278, 0.849] yaw=-27.9 pitch=-16.1
2025-12-04 16:17:43,920 - INFO - BuildTower - OpenPoseThread: gaze frame_idx=0 ts=2025-12-04T16:17:43.852171Z people=2
2025-12-04 16:17:43,920 - INFO - BuildTower - OpenPoseThread: Gaze3D frame=0 id=None label=None v=[-0.503, -0.282, 0.817] yaw=-31.7 pitch=16.4
2025-12-04 16:17:43,920 - INFO - BuildTower - OpenPoseThread: Gaze3D frame=0 id=None label=None v=[-0.347, 0.407, 0.845] yaw=-22.3 pitch=-24.0
2025-12-04 16:17:44,131 - INFO - BuildTower - OpenPoseThread: gaze frame_idx=0 ts=2025-12-04T16:17:44.085858Z people=2
2025-12-04 16:17:44,131 - INFO - BuildTower - OpenPoseThread: Gaze3D frame=0 id=None label=None v=[-0.536, -0.159, 0.829] yaw=-32.9 pitch=9.1
2025-12-04 16:17:44,132 - INFO - BuildTower - OpenPoseThread: Gaze3D frame=0 id=None label=None v=[-0.472, 0.227, 0.852] yaw=-29.0 pitch=-13.1
2025-12-04 16:17:44,349 - INFO - BuildTower - OpenPoseThread: gaze frame_idx=0 ts=2025-12-04T16:17:44.348367Z people=2
2025-12-04 16:17:44,349 - INFO - BuildTower - OpenPoseThread: Gaze3D frame=0 id=None label=None v=[-0.437, -0.014, 0.899] yaw=-25.9 pitch=0.8
2025-12-04 16:17:44,350 - INFO - BuildTower - OpenPoseThread: Gaze3D frame=0 id=None label=None v=[-0.389, 0.410, 0.825] yaw=-25.2 pitch=-24.2
2025-12-04 16:17:44,671 - INFO - BuildTower - OpenPoseThread: gaze frame_idx=0 ts=2025-12-04T16:17:44.596554Z people=2
2025-12-04 16:17:44,671 - INFO - BuildTower - OpenPoseThread: Gaze3D frame=0 id=None label=None v=[-0.447, -0.148, 0.882] yaw=-26.9 pitch=8.5
2025-12-04 16:17:44,671 - INFO - BuildTower - OpenPoseThread: Gaze3D frame=0 id=None label=None v=[-0.459, 0.216, 0.862] yaw=-28.0 pitch=-12.4
2025-12-04 16:17:44,882 - INFO - BuildTower - OpenPoseThread: gaze frame_idx=0 ts=2025-12-04T16:17:44.849253Z people=2
2025-12-04 16:17:44,882 - INFO - BuildTower - OpenPoseThread: Gaze3D frame=0 id=None label=None v=[-0.430, -0.142, 0.892] yaw=-25.7 pitch=8.2
2025-12-04 16:17:44,882 - INFO - BuildTower - OpenPoseThread: Gaze3D frame=0 id=None label=None v=[-0.423, 0.384, 0.821] yaw=-27.2 pitch=-22.6
2025-12-04 16:17:45,095 - INFO - BuildTower - OpenPoseThread: gaze frame_idx=0 ts=2025-12-04T16:17:45.094317Z people=2
2025-12-04 16:17:45,095 - INFO - BuildTower - OpenPoseThread: Gaze3D frame=0 id=None label=None v=[-0.465, -0.171, 0.869] yaw=-28.2 pitch=9.8
2025-12-04 16:17:45,095 - INFO - BuildTower - OpenPoseThread: Gaze3D frame=0 id=None label=None v=[-0.471, 0.279, 0.837] yaw=-29.4 pitch=-16.2
2025-12-04 16:17:45,416 - INFO - BuildTower - OpenPoseThread: gaze frame_idx=0 ts=2025-12-04T16:17:45.347602Z people=2
2025-12-04 16:17:45,417 - INFO - BuildTower - OpenPoseThread: Gaze3D frame=0 id=None label=None v=[-0.466, -0.179, 0.867] yaw=-28.3 pitch=10.3
2025-12-04 16:17:45,417 - INFO - BuildTower - OpenPoseThread: Gaze3D frame=0 id=None label=None v=[-0.402, 0.414, 0.817] yaw=-26.2 pitch=-24.4
2025-12-04 16:17:45,628 - INFO - BuildTower - OpenPoseThread: gaze frame_idx=0 ts=2025-12-04T16:17:45.604234Z people=2
2025-12-04 16:17:45,628 - INFO - BuildTower - OpenPoseThread: Gaze3D frame=0 id=None label=None v=[-0.495, -0.027, 0.868] yaw=-29.7 pitch=1.5
2025-12-04 16:17:45,628 - INFO - BuildTower - OpenPoseThread: Gaze3D frame=0 id=None label=None v=[-0.468, 0.267, 0.843] yaw=-29.0 pitch=-15.5
2025-12-04 16:17:45,949 - INFO - BuildTower - OpenPoseThread: gaze frame_idx=0 ts=2025-12-04T16:17:45.862817Z people=2
2025-12-04 16:17:45,949 - INFO - BuildTower - OpenPoseThread: Gaze3D frame=0 id=None label=None v=[-0.523, -0.241, 0.818] yaw=-32.6 pitch=13.9
2025-12-04 16:17:45,949 - INFO - BuildTower - OpenPoseThread: Gaze3D frame=0 id=None label=None v=[-0.454, 0.337, 0.825] yaw=-28.8 pitch=-19.7
2025-12-04 16:17:46,161 - INFO - BuildTower - OpenPoseThread: gaze frame_idx=0 ts=2025-12-04T16:17:46.102366Z people=2
2025-12-04 16:17:46,161 - INFO - BuildTower - OpenPoseThread: Gaze3D frame=0 id=None label=None v=[-0.482, -0.002, 0.876] yaw=-28.8 pitch=0.1
2025-12-04 16:17:46,161 - INFO - BuildTower - OpenPoseThread: Gaze3D frame=0 id=None label=None v=[-0.469, 0.157, 0.869] yaw=-28.3 pitch=-9.0
2025-12-04 16:17:46,219 - INFO - BuildTower - Calibration done: yaw_bias=-28.339 deg, pitch_bias=-8.638 deg
2025-12-04 16:17:46,220 - INFO - BuildTower - Executing turn 0 out of 9.
2025-12-04 16:17:46,220 - INFO - BuildTower - Moving block from start 0.28 to target 0.307. Turn: 0, Block Shape: 1
2025-12-04 16:17:46,222 - INFO - BuildTower - Sending gripper command: value=0
2025-12-04 16:17:46,372 - INFO - BuildTower - OpenPoseThread: gaze frame_idx=0 ts=2025-12-04T16:17:46.367927Z people=2
2025-12-04 16:17:46,372 - INFO - BuildTower - OpenPoseThread: Gaze3D frame=0 id=None label=None v=[-0.428, -0.115, 0.896] yaw=-25.5 pitch=6.6
2025-12-04 16:17:46,372 - INFO - BuildTower - OpenPoseThread: Gaze3D frame=0 id=None label=None v=[-0.356, 0.460, 0.813] yaw=-23.6 pitch=-27.4
2025-12-04 16:17:46,694 - INFO - BuildTower - OpenPoseThread: gaze frame_idx=0 ts=2025-12-04T16:17:46.643785Z people=2
2025-12-04 16:17:46,694 - INFO - BuildTower - OpenPoseThread: Gaze3D frame=0 id=None label=None v=[-0.397, -0.071, 0.915] yaw=-23.5 pitch=4.1
2025-12-04 16:17:46,694 - INFO - BuildTower - OpenPoseThread: Gaze3D frame=0 id=None label=None v=[-0.419, 0.246, 0.874] yaw=-25.6 pitch=-14.2
2025-12-04 16:17:46,753 - INFO - BuildTower - Gripper command 0 sent successfully.
2025-12-04 16:17:46,755 - INFO - BuildTower - Attempting to go to position: x=0.47, y=0.18, z=0.325, theta_x=100.0, theta_y=0.0, theta_z=90.0
2025-12-04 16:17:46,755 - DEBUG - BuildTower - Set speed for pose: translation=1, orientation=100
2025-12-04 16:17:46,775 - INFO - BuildTower - Pose action initiated, waiting for completion.
2025-12-04 16:17:46,905 - INFO - BuildTower - OpenPoseThread: gaze frame_idx=0 ts=2025-12-04T16:17:46.903678Z people=2
2025-12-04 16:17:46,905 - INFO - BuildTower - OpenPoseThread: Gaze3D frame=0 id=None label=None v=[-0.451, 0.187, 0.873] yaw=-27.4 pitch=-10.8
2025-12-04 16:17:46,905 - INFO - BuildTower - OpenPoseThread: Gaze3D frame=0 id=None label=None v=[-0.406, 0.332, 0.851] yaw=-25.5 pitch=-19.4
2025-12-04 16:17:47,226 - INFO - BuildTower - OpenPoseThread: gaze frame_idx=0 ts=2025-12-04T16:17:47.169975Z people=2
2025-12-04 16:17:47,227 - INFO - BuildTower - OpenPoseThread: Gaze3D frame=0 id=None label=None v=[-0.546, 0.103, 0.831] yaw=-33.3 pitch=-5.9
2025-12-04 16:17:47,227 - INFO - BuildTower - OpenPoseThread: Gaze3D frame=0 id=None label=None v=[-0.321, 0.315, 0.893] yaw=-19.8 pitch=-18.4
2025-12-04 16:17:47,438 - INFO - BuildTower - OpenPoseThread: gaze frame_idx=0 ts=2025-12-04T16:17:47.396173Z people=2
2025-12-04 16:17:47,438 - INFO - BuildTower - OpenPoseThread: Gaze3D frame=0 id=None label=None v=[-0.450, 0.051, 0.892] yaw=-26.8 pitch=-2.9
2025-12-04 16:17:47,438 - INFO - BuildTower - OpenPoseThread: Gaze3D frame=0 id=None label=None v=[-0.330, 0.315, 0.890] yaw=-20.3 pitch=-18.3
2025-12-04 16:17:47,659 - INFO - BuildTower - OpenPoseThread: gaze frame_idx=0 ts=2025-12-04T16:17:47.658213Z people=2
2025-12-04 16:17:47,659 - INFO - BuildTower - OpenPoseThread: Gaze3D frame=0 id=None label=None v=[-0.487, 0.067, 0.871] yaw=-29.2 pitch=-3.8
2025-12-04 16:17:47,659 - INFO - BuildTower - OpenPoseThread: Gaze3D frame=0 id=None label=None v=[-0.309, 0.335, 0.890] yaw=-19.2 pitch=-19.5
2025-12-04 16:17:47,980 - INFO - BuildTower - OpenPoseThread: gaze frame_idx=0 ts=2025-12-04T16:17:47.906438Z people=2
2025-12-04 16:17:47,980 - INFO - BuildTower - OpenPoseThread: Gaze3D frame=0 id=None label=None v=[-0.460, 0.111, 0.881] yaw=-27.6 pitch=-6.4
2025-12-04 16:17:47,980 - INFO - BuildTower - OpenPoseThread: Gaze3D frame=0 id=None label=None v=[-0.412, 0.247, 0.877] yaw=-25.1 pitch=-14.3
2025-12-04 16:17:48,191 - INFO - BuildTower - OpenPoseThread: gaze frame_idx=0 ts=2025-12-04T16:17:48.168056Z people=2
2025-12-04 16:17:48,191 - INFO - BuildTower - OpenPoseThread: Gaze3D frame=0 id=None label=None v=[-0.517, 0.038, 0.855] yaw=-31.2 pitch=-2.2
2025-12-04 16:17:48,191 - INFO - BuildTower - OpenPoseThread: Gaze3D frame=0 id=None label=None v=[-0.403, 0.217, 0.889] yaw=-24.4 pitch=-12.5
2025-12-04 16:17:48,409 - INFO - BuildTower - OpenPoseThread: gaze frame_idx=0 ts=2025-12-04T16:17:48.408038Z people=2
2025-12-04 16:17:48,409 - INFO - BuildTower - OpenPoseThread: Gaze3D frame=0 id=None label=None v=[-0.516, 0.166, 0.840] yaw=-31.6 pitch=-9.6
2025-12-04 16:17:48,409 - INFO - BuildTower - OpenPoseThread: Gaze3D frame=0 id=None label=None v=[-0.424, 0.236, 0.874] yaw=-25.9 pitch=-13.7
2025-12-04 16:17:48,730 - INFO - BuildTower - OpenPoseThread: gaze frame_idx=0 ts=2025-12-04T16:17:48.663088Z people=2
2025-12-04 16:17:48,731 - INFO - BuildTower - OpenPoseThread: Gaze3D frame=0 id=None label=None v=[-0.524, -0.080, 0.848] yaw=-31.7 pitch=4.6
2025-12-04 16:17:48,731 - INFO - BuildTower - OpenPoseThread: Gaze3D frame=0 id=None label=None v=[-0.388, 0.294, 0.873] yaw=-24.0 pitch=-17.1
2025-12-04 16:17:48,942 - INFO - BuildTower - OpenPoseThread: gaze frame_idx=0 ts=2025-12-04T16:17:48.929178Z people=2
2025-12-04 16:17:48,942 - INFO - BuildTower - OpenPoseThread: Gaze3D frame=0 id=None label=None v=[-0.596, 0.128, 0.793] yaw=-36.9 pitch=-7.4
2025-12-04 16:17:48,942 - INFO - BuildTower - OpenPoseThread: Gaze3D frame=0 id=None label=None v=[-0.373, 0.232, 0.898] yaw=-22.6 pitch=-13.4
2025-12-04 16:17:49,161 - INFO - BuildTower - OpenPoseThread: gaze frame_idx=0 ts=2025-12-04T16:17:49.159944Z people=2
2025-12-04 16:17:49,161 - INFO - BuildTower - OpenPoseThread: Gaze3D frame=0 id=None label=None v=[-0.527, 0.024, 0.849] yaw=-31.8 pitch=-1.4
2025-12-04 16:17:49,161 - INFO - BuildTower - OpenPoseThread: Gaze3D frame=0 id=None label=None v=[-0.393, 0.256, 0.883] yaw=-24.0 pitch=-14.8
2025-12-04 16:17:49,408 - INFO - BuildTower - Robot action ended.
2025-12-04 16:17:49,408 - INFO - BuildTower - Attempting to go to position: x=0.47, y=0.18, z=0.28, theta_x=100.0, theta_y=0.0, theta_z=90.0
2025-12-04 16:17:49,408 - DEBUG - BuildTower - Set speed for pose: translation=1, orientation=100
2025-12-04 16:17:49,425 - INFO - BuildTower - Pose action initiated, waiting for completion.
2025-12-04 16:17:49,482 - INFO - BuildTower - OpenPoseThread: gaze frame_idx=0 ts=2025-12-04T16:17:49.387674Z people=2
2025-12-04 16:17:49,482 - INFO - BuildTower - OpenPoseThread: Gaze3D frame=0 id=None label=None v=[-0.549, -0.004, 0.836] yaw=-33.3 pitch=0.2
2025-12-04 16:17:49,483 - INFO - BuildTower - OpenPoseThread: Gaze3D frame=0 id=None label=None v=[-0.389, 0.230, 0.892] yaw=-23.6 pitch=-13.3
2025-12-04 16:17:49,694 - INFO - BuildTower - OpenPoseThread: gaze frame_idx=0 ts=2025-12-04T16:17:49.641929Z people=2
2025-12-04 16:17:49,694 - INFO - BuildTower - OpenPoseThread: Gaze3D frame=0 id=None label=None v=[-0.563, -0.102, 0.820] yaw=-34.5 pitch=5.9
2025-12-04 16:17:49,694 - INFO - BuildTower - OpenPoseThread: Gaze3D frame=0 id=None label=None v=[-0.389, 0.154, 0.908] yaw=-23.2 pitch=-8.8
2025-12-04 16:17:49,913 - INFO - BuildTower - OpenPoseThread: gaze frame_idx=0 ts=2025-12-04T16:17:49.911712Z people=2
2025-12-04 16:17:49,913 - INFO - BuildTower - OpenPoseThread: Gaze3D frame=0 id=None label=None v=[-0.548, -0.017, 0.836] yaw=-33.3 pitch=1.0
2025-12-04 16:17:49,913 - INFO - BuildTower - OpenPoseThread: Gaze3D frame=0 id=None label=None v=[-0.303, 0.236, 0.923] yaw=-18.2 pitch=-13.7
2025-12-04 16:17:50,153 - INFO - BuildTower - Robot action ended.
2025-12-04 16:17:50,155 - INFO - BuildTower - Sending gripper command: value=0.075
2025-12-04 16:17:50,235 - INFO - BuildTower - OpenPoseThread: gaze frame_idx=0 ts=2025-12-04T16:17:50.169805Z people=2
2025-12-04 16:17:50,235 - INFO - BuildTower - OpenPoseThread: Gaze3D frame=0 id=None label=None v=[-0.555, -0.061, 0.830] yaw=-33.8 pitch=3.5
2025-12-04 16:17:50,235 - INFO - BuildTower - OpenPoseThread: Gaze3D frame=0 id=None label=None v=[-0.392, 0.138, 0.909] yaw=-23.3 pitch=-7.9
2025-12-04 16:17:50,447 - INFO - BuildTower - OpenPoseThread: gaze frame_idx=0 ts=2025-12-04T16:17:50.442124Z people=2
2025-12-04 16:17:50,447 - INFO - BuildTower - OpenPoseThread: Gaze3D frame=0 id=None label=None v=[-0.572, -0.079, 0.816] yaw=-35.0 pitch=4.6
2025-12-04 16:17:50,447 - INFO - BuildTower - OpenPoseThread: Gaze3D frame=0 id=None label=None v=[-0.382, 0.170, 0.908] yaw=-22.8 pitch=-9.8
2025-12-04 16:17:50,674 - INFO - BuildTower - Gripper command 0.075 sent successfully.
2025-12-04 16:17:50,677 - INFO - BuildTower - Attempting to go to position: x=0.47, y=0.18, z=0.325, theta_x=100.0, theta_y=0.0, theta_z=90.0
2025-12-04 16:17:50,677 - DEBUG - BuildTower - Set speed for pose: translation=1, orientation=100
2025-12-04 16:17:50,700 - INFO - BuildTower - Pose action initiated, waiting for completion.
2025-12-04 16:17:50,769 - INFO - BuildTower - OpenPoseThread: gaze frame_idx=0 ts=2025-12-04T16:17:50.697200Z people=2
2025-12-04 16:17:50,769 - INFO - BuildTower - OpenPoseThread: Gaze3D frame=0 id=None label=None v=[-0.574, -0.229, 0.786] yaw=-36.2 pitch=13.3
2025-12-04 16:17:50,769 - INFO - BuildTower - OpenPoseThread: Gaze3D frame=0 id=None label=None v=[-0.407, 0.204, 0.890] yaw=-24.6 pitch=-11.8
2025-12-04 16:17:50,990 - INFO - BuildTower - OpenPoseThread: gaze frame_idx=0 ts=2025-12-04T16:17:50.989750Z people=2
2025-12-04 16:17:50,990 - INFO - BuildTower - OpenPoseThread: Gaze3D frame=0 id=None label=None v=[-0.550, -0.160, 0.820] yaw=-33.9 pitch=9.2
2025-12-04 16:17:50,990 - INFO - BuildTower - OpenPoseThread: Gaze3D frame=0 id=None label=None v=[-0.435, 0.180, 0.882] yaw=-26.3 pitch=-10.4
2025-12-04 16:17:51,312 - INFO - BuildTower - OpenPoseThread: gaze frame_idx=0 ts=2025-12-04T16:17:51.251117Z people=2
2025-12-04 16:17:51,312 - INFO - BuildTower - OpenPoseThread: Gaze3D frame=0 id=None label=None v=[-0.561, -0.212, 0.800] yaw=-35.0 pitch=12.2
2025-12-04 16:17:51,312 - INFO - BuildTower - OpenPoseThread: Gaze3D frame=0 id=None label=None v=[-0.415, 0.258, 0.873] yaw=-25.4 pitch=-14.9
2025-12-04 16:17:51,427 - INFO - BuildTower - Robot action ended.
2025-12-04 16:17:51,427 - INFO - BuildTower - Attempting to go to position: x=0.735, y=0.0, z=0.352, theta_x=100.0, theta_y=0.0, theta_z=90.0
2025-12-04 16:17:51,428 - DEBUG - BuildTower - Set speed for pose: translation=1, orientation=100
2025-12-04 16:17:51,451 - INFO - BuildTower - Pose action initiated, waiting for completion.
2025-12-04 16:17:51,523 - INFO - BuildTower - OpenPoseThread: gaze frame_idx=0 ts=2025-12-04T16:17:51.515032Z people=2
2025-12-04 16:17:51,523 - INFO - BuildTower - OpenPoseThread: Gaze3D frame=0 id=None label=None v=[-0.522, -0.184, 0.833] yaw=-32.1 pitch=10.6
2025-12-04 16:17:51,523 - INFO - BuildTower - OpenPoseThread: Gaze3D frame=0 id=None label=None v=[-0.323, 0.277, 0.905] yaw=-19.6 pitch=-16.1
2025-12-04 16:17:51,844 - INFO - BuildTower - OpenPoseThread: gaze frame_idx=0 ts=2025-12-04T16:17:51.773558Z people=2
2025-12-04 16:17:51,844 - INFO - BuildTower - OpenPoseThread: Gaze3D frame=0 id=None label=None v=[-0.527, -0.107, 0.843] yaw=-32.0 pitch=6.1
2025-12-04 16:17:51,844 - INFO - BuildTower - OpenPoseThread: Gaze3D frame=0 id=None label=None v=[-0.340, 0.366, 0.866] yaw=-21.4 pitch=-21.5
2025-12-04 16:17:52,055 - INFO - BuildTower - OpenPoseThread: gaze frame_idx=0 ts=2025-12-04T16:17:51.994891Z people=2
2025-12-04 16:17:52,056 - INFO - BuildTower - OpenPoseThread: Gaze3D frame=0 id=None label=None v=[-0.593, -0.052, 0.804] yaw=-36.4 pitch=3.0
2025-12-04 16:17:52,056 - INFO - BuildTower - OpenPoseThread: Gaze3D frame=0 id=None label=None v=[-0.346, 0.268, 0.899] yaw=-21.1 pitch=-15.6
2025-12-04 16:17:52,267 - INFO - BuildTower - OpenPoseThread: gaze frame_idx=0 ts=2025-12-04T16:17:52.253272Z people=2
2025-12-04 16:17:52,268 - INFO - BuildTower - OpenPoseThread: Gaze3D frame=0 id=None label=None v=[-0.569, -0.156, 0.807] yaw=-35.2 pitch=9.0
2025-12-04 16:17:52,268 - INFO - BuildTower - OpenPoseThread: Gaze3D frame=0 id=None label=None v=[-0.435, 0.229, 0.871] yaw=-26.6 pitch=-13.2
2025-12-04 16:17:52,589 - INFO - BuildTower - OpenPoseThread: gaze frame_idx=0 ts=2025-12-04T16:17:52.504458Z people=2
2025-12-04 16:17:52,589 - INFO - BuildTower - OpenPoseThread: Gaze3D frame=0 id=None label=None v=[-0.552, 0.003, 0.834] yaw=-33.5 pitch=-0.2
2025-12-04 16:17:52,589 - INFO - BuildTower - OpenPoseThread: Gaze3D frame=0 id=None label=None v=[-0.378, 0.324, 0.867] yaw=-23.5 pitch=-18.9
2025-12-04 16:17:52,800 - INFO - BuildTower - OpenPoseThread: gaze frame_idx=0 ts=2025-12-04T16:17:52.756274Z people=2
2025-12-04 16:17:52,800 - INFO - BuildTower - OpenPoseThread: Gaze3D frame=0 id=None label=None v=[-0.600, -0.062, 0.798] yaw=-36.9 pitch=3.5
2025-12-04 16:17:52,801 - INFO - BuildTower - OpenPoseThread: Gaze3D frame=0 id=None label=None v=[-0.368, 0.239, 0.899] yaw=-22.3 pitch=-13.8
2025-12-04 16:17:53,012 - INFO - BuildTower - OpenPoseThread: gaze frame_idx=0 ts=2025-12-04T16:17:53.011554Z people=2
2025-12-04 16:17:53,012 - INFO - BuildTower - OpenPoseThread: Gaze3D frame=0 id=None label=None v=[-0.471, -0.028, 0.882] yaw=-28.1 pitch=1.6
2025-12-04 16:17:53,012 - INFO - BuildTower - OpenPoseThread: Gaze3D frame=0 id=None label=None v=[-0.333, 0.314, 0.889] yaw=-20.5 pitch=-18.3
2025-12-04 16:17:53,333 - INFO - BuildTower - OpenPoseThread: gaze frame_idx=0 ts=2025-12-04T16:17:53.237613Z people=2
2025-12-04 16:17:53,334 - INFO - BuildTower - OpenPoseThread: Gaze3D frame=0 id=None label=None v=[-0.564, -0.210, 0.799] yaw=-35.2 pitch=12.1
2025-12-04 16:17:53,334 - INFO - BuildTower - OpenPoseThread: Gaze3D frame=0 id=None label=None v=[-0.429, 0.217, 0.877] yaw=-26.1 pitch=-12.6
2025-12-04 16:17:53,545 - INFO - BuildTower - OpenPoseThread: gaze frame_idx=0 ts=2025-12-04T16:17:53.495514Z people=2
2025-12-04 16:17:53,545 - INFO - BuildTower - OpenPoseThread: Gaze3D frame=0 id=None label=None v=[-0.484, 0.023, 0.875] yaw=-29.0 pitch=-1.3
2025-12-04 16:17:53,546 - INFO - BuildTower - OpenPoseThread: Gaze3D frame=0 id=None label=None v=[-0.372, 0.316, 0.873] yaw=-23.1 pitch=-18.4
2025-12-04 16:17:53,764 - INFO - BuildTower - OpenPoseThread: gaze frame_idx=0 ts=2025-12-04T16:17:53.763315Z people=2
2025-12-04 16:17:53,764 - INFO - BuildTower - OpenPoseThread: Gaze3D frame=0 id=None label=None v=[-0.534, -0.007, 0.846] yaw=-32.3 pitch=0.4
2025-12-04 16:17:53,764 - INFO - BuildTower - OpenPoseThread: Gaze3D frame=0 id=None label=None v=[-0.402, 0.296, 0.867] yaw=-24.9 pitch=-17.2
2025-12-04 16:17:54,085 - INFO - BuildTower - OpenPoseThread: gaze frame_idx=0 ts=2025-12-04T16:17:54.038787Z people=2
2025-12-04 16:17:54,086 - INFO - BuildTower - OpenPoseThread: Gaze3D frame=0 id=None label=None v=[-0.475, -0.017, 0.880] yaw=-28.3 pitch=1.0
2025-12-04 16:17:54,086 - INFO - BuildTower - OpenPoseThread: Gaze3D frame=0 id=None label=None v=[-0.337, 0.321, 0.885] yaw=-20.9 pitch=-18.7
2025-12-04 16:17:54,299 - INFO - BuildTower - OpenPoseThread: gaze frame_idx=0 ts=2025-12-04T16:17:54.298702Z people=2
2025-12-04 16:17:54,300 - INFO - BuildTower - OpenPoseThread: Gaze3D frame=0 id=None label=None v=[-0.588, 0.012, 0.809] yaw=-36.0 pitch=-0.7
2025-12-04 16:17:54,300 - INFO - BuildTower - OpenPoseThread: Gaze3D frame=0 id=None label=None v=[-0.387, 0.221, 0.895] yaw=-23.4 pitch=-12.7
2025-12-04 16:17:54,621 - INFO - BuildTower - OpenPoseThread: gaze frame_idx=0 ts=2025-12-04T16:17:54.554828Z people=2
2025-12-04 16:17:54,622 - INFO - BuildTower - OpenPoseThread: Gaze3D frame=0 id=None label=None v=[-0.548, 0.081, 0.833] yaw=-33.3 pitch=-4.6
2025-12-04 16:17:54,622 - INFO - BuildTower - OpenPoseThread: Gaze3D frame=0 id=None label=None v=[-0.343, 0.389, 0.855] yaw=-21.9 pitch=-22.9
2025-12-04 16:17:54,833 - INFO - BuildTower - OpenPoseThread: gaze frame_idx=0 ts=2025-12-04T16:17:54.808608Z people=2
2025-12-04 16:17:54,833 - INFO - BuildTower - OpenPoseThread: Gaze3D frame=0 id=None label=None v=[-0.547, 0.001, 0.837] yaw=-33.2 pitch=-0.1
2025-12-04 16:17:54,833 - INFO - BuildTower - OpenPoseThread: Gaze3D frame=0 id=None label=None v=[-0.347, 0.338, 0.875] yaw=-21.6 pitch=-19.8
2025-12-04 16:17:54,938 - INFO - BuildTower - Robot action ended.
2025-12-04 16:17:54,939 - INFO - BuildTower - Attempting to go to position: x=0.735, y=0.0, z=0.307, theta_x=100.0, theta_y=0.0, theta_z=90.0
2025-12-04 16:17:54,939 - DEBUG - BuildTower - Set speed for pose: translation=1, orientation=100
2025-12-04 16:17:54,952 - INFO - BuildTower - Pose action initiated, waiting for completion.
2025-12-04 16:17:55,154 - INFO - BuildTower - OpenPoseThread: gaze frame_idx=0 ts=2025-12-04T16:17:55.069069Z people=2
2025-12-04 16:17:55,155 - INFO - BuildTower - OpenPoseThread: Gaze3D frame=0 id=None label=None v=[-0.652, 0.137, 0.746] yaw=-41.2 pitch=-7.9
2025-12-04 16:17:55,155 - INFO - BuildTower - OpenPoseThread: Gaze3D frame=0 id=None label=None v=[-0.361, 0.455, 0.814] yaw=-23.9 pitch=-27.1
2025-12-04 16:17:55,366 - INFO - BuildTower - OpenPoseThread: gaze frame_idx=0 ts=2025-12-04T16:17:55.329188Z people=2
2025-12-04 16:17:55,366 - INFO - BuildTower - OpenPoseThread: Gaze3D frame=0 id=None label=None v=[-0.609, 0.190, 0.770] yaw=-38.3 pitch=-11.0
2025-12-04 16:17:55,367 - INFO - BuildTower - OpenPoseThread: Gaze3D frame=0 id=None label=None v=[-0.357, 0.410, 0.839] yaw=-23.1 pitch=-24.2
2025-12-04 16:17:55,680 - INFO - BuildTower - Robot action ended.
2025-12-04 16:17:55,682 - INFO - BuildTower - Sending gripper command: value=0
2025-12-04 16:17:55,688 - INFO - BuildTower - OpenPoseThread: gaze frame_idx=0 ts=2025-12-04T16:17:55.590733Z people=2
2025-12-04 16:17:55,688 - INFO - BuildTower - OpenPoseThread: Gaze3D frame=0 id=None label=None v=[-0.601, 0.203, 0.773] yaw=-37.9 pitch=-11.7
2025-12-04 16:17:55,688 - INFO - BuildTower - OpenPoseThread: Gaze3D frame=0 id=None label=None v=[-0.417, 0.365, 0.833] yaw=-26.6 pitch=-21.4
2025-12-04 16:17:55,899 - INFO - BuildTower - OpenPoseThread: gaze frame_idx=0 ts=2025-12-04T16:17:55.855074Z people=2
2025-12-04 16:17:55,899 - INFO - BuildTower - OpenPoseThread: Gaze3D frame=0 id=None label=None v=[-0.615, 0.237, 0.752] yaw=-39.3 pitch=-13.7
2025-12-04 16:17:55,900 - INFO - BuildTower - OpenPoseThread: Gaze3D frame=0 id=None label=None v=[-0.527, 0.275, 0.804] yaw=-33.2 pitch=-15.9
2025-12-04 16:17:56,111 - INFO - BuildTower - OpenPoseThread: gaze frame_idx=0 ts=2025-12-04T16:17:56.107316Z people=2
2025-12-04 16:17:56,111 - INFO - BuildTower - OpenPoseThread: Gaze3D frame=0 id=None label=None v=[-0.673, 0.028, 0.739] yaw=-42.3 pitch=-1.6
2025-12-04 16:17:56,111 - INFO - BuildTower - OpenPoseThread: Gaze3D frame=0 id=None label=None v=[-0.496, 0.253, 0.831] yaw=-30.8 pitch=-14.6
2025-12-04 16:17:56,200 - INFO - BuildTower - Gripper command 0 sent successfully.
2025-12-04 16:17:56,201 - INFO - BuildTower - Attempting to go to position: x=0.735, y=0.0, z=0.352, theta_x=100.0, theta_y=0.0, theta_z=90.0
2025-12-04 16:17:56,201 - DEBUG - BuildTower - Set speed for pose: translation=1, orientation=100
2025-12-04 16:17:56,226 - INFO - BuildTower - Pose action initiated, waiting for completion.
2025-12-04 16:17:56,432 - INFO - BuildTower - OpenPoseThread: gaze frame_idx=0 ts=2025-12-04T16:17:56.363291Z people=2
2025-12-04 16:17:56,433 - INFO - BuildTower - OpenPoseThread: Gaze3D frame=0 id=None label=None v=[-0.679, 0.047, 0.732] yaw=-42.8 pitch=-2.7
2025-12-04 16:17:56,433 - INFO - BuildTower - OpenPoseThread: Gaze3D frame=0 id=None label=None v=[-0.371, 0.414, 0.831] yaw=-24.0 pitch=-24.5
2025-12-04 16:17:56,644 - INFO - BuildTower - OpenPoseThread: gaze frame_idx=0 ts=2025-12-04T16:17:56.629191Z people=2
2025-12-04 16:17:56,644 - INFO - BuildTower - OpenPoseThread: Gaze3D frame=0 id=None label=None v=[-0.655, 0.113, 0.747] yaw=-41.2 pitch=-6.5
2025-12-04 16:17:56,644 - INFO - BuildTower - OpenPoseThread: Gaze3D frame=0 id=None label=None v=[-0.326, 0.351, 0.878] yaw=-20.4 pitch=-20.5
2025-12-04 16:17:56,954 - INFO - BuildTower - Robot action ended.
2025-12-04 16:17:56,954 - INFO - BuildTower - Robot completed its turn. Robot turn count: 1
2025-12-04 16:17:56,955 - INFO - BuildTower - Executing turn 1 out of 9.
2025-12-04 16:17:56,955 - INFO - BuildTower - look_once_from_latest_gaze: target=None
2025-12-04 16:17:56,955 - INFO - BuildTower - Robot moving to look at tower.
2025-12-04 16:17:56,955 - INFO - BuildTower - Attempting to go to position: x=0.5, y=0, z=0.3, theta_x=110, theta_y=0, theta_z=90
2025-12-04 16:17:56,955 - DEBUG - BuildTower - Set speed for pose: translation=1, orientation=100
2025-12-04 16:17:56,965 - INFO - BuildTower - OpenPoseThread: gaze frame_idx=0 ts=2025-12-04T16:17:56.882260Z people=2
2025-12-04 16:17:56,966 - INFO - BuildTower - OpenPoseThread: Gaze3D frame=0 id=None label=None v=[-0.608, 0.240, 0.757] yaw=-38.8 pitch=-13.9
2025-12-04 16:17:56,966 - INFO - BuildTower - OpenPoseThread: Gaze3D frame=0 id=None label=None v=[-0.411, 0.309, 0.857] yaw=-25.6 pitch=-18.0
2025-12-04 16:17:56,977 - INFO - BuildTower - Pose action initiated, waiting for completion.
2025-12-04 16:17:57,177 - INFO - BuildTower - OpenPoseThread: gaze frame_idx=0 ts=2025-12-04T16:17:57.127870Z people=2
2025-12-04 16:17:57,177 - INFO - BuildTower - OpenPoseThread: Gaze3D frame=0 id=None label=None v=[-0.637, 0.239, 0.733] yaw=-41.0 pitch=-13.8
2025-12-04 16:17:57,177 - INFO - BuildTower - OpenPoseThread: Gaze3D frame=0 id=None label=None v=[-0.378, 0.430, 0.820] yaw=-24.8 pitch=-25.5
2025-12-04 16:17:57,388 - INFO - BuildTower - OpenPoseThread: gaze frame_idx=0 ts=2025-12-04T16:17:57.372105Z people=2
2025-12-04 16:17:57,388 - INFO - BuildTower - OpenPoseThread: Gaze3D frame=0 id=None label=None v=[-0.588, 0.274, 0.761] yaw=-37.7 pitch=-15.9
2025-12-04 16:17:57,389 - INFO - BuildTower - OpenPoseThread: Gaze3D frame=0 id=None label=None v=[-0.391, 0.255, 0.884] yaw=-23.9 pitch=-14.8
2025-12-04 16:17:57,710 - INFO - BuildTower - OpenPoseThread: gaze frame_idx=0 ts=2025-12-04T16:17:57.612255Z people=2
2025-12-04 16:17:57,710 - INFO - BuildTower - OpenPoseThread: Gaze3D frame=0 id=None label=None v=[-0.631, 0.299, 0.716] yaw=-41.4 pitch=-17.4
2025-12-04 16:17:57,711 - INFO - BuildTower - OpenPoseThread: Gaze3D frame=0 id=None label=None v=[-0.387, 0.325, 0.863] yaw=-24.2 pitch=-19.0
2025-12-04 16:17:57,922 - INFO - BuildTower - OpenPoseThread: gaze frame_idx=0 ts=2025-12-04T16:17:57.869309Z people=2
2025-12-04 16:17:57,922 - INFO - BuildTower - OpenPoseThread: Gaze3D frame=0 id=None label=None v=[-0.684, 0.079, 0.726] yaw=-43.3 pitch=-4.5
2025-12-04 16:17:57,922 - INFO - BuildTower - OpenPoseThread: Gaze3D frame=0 id=None label=None v=[-0.425, 0.394, 0.815] yaw=-27.5 pitch=-23.2
2025-12-04 16:17:58,133 - INFO - BuildTower - OpenPoseThread: gaze frame_idx=0 ts=2025-12-04T16:17:58.113178Z people=2
2025-12-04 16:17:58,134 - INFO - BuildTower - OpenPoseThread: Gaze3D frame=0 id=None label=None v=[-0.540, -0.001, 0.841] yaw=-32.7 pitch=0.0
2025-12-04 16:17:58,134 - INFO - BuildTower - OpenPoseThread: Gaze3D frame=0 id=None label=None v=[-0.395, 0.284, 0.873] yaw=-24.4 pitch=-16.5
2025-12-04 16:17:58,455 - INFO - BuildTower - OpenPoseThread: gaze frame_idx=0 ts=2025-12-04T16:17:58.380653Z people=2
2025-12-04 16:17:58,455 - INFO - BuildTower - OpenPoseThread: Gaze3D frame=0 id=None label=None v=[-0.569, 0.019, 0.822] yaw=-34.7 pitch=-1.1
2025-12-04 16:17:58,455 - INFO - BuildTower - OpenPoseThread: Gaze3D frame=0 id=None label=None v=[-0.395, 0.309, 0.865] yaw=-24.6 pitch=-18.0
2025-12-04 16:17:58,666 - INFO - BuildTower - OpenPoseThread: gaze frame_idx=0 ts=2025-12-04T16:17:58.645199Z people=2
2025-12-04 16:17:58,666 - INFO - BuildTower - OpenPoseThread: Gaze3D frame=0 id=None label=None v=[-0.617, 0.204, 0.760] yaw=-39.0 pitch=-11.8
2025-12-04 16:17:58,666 - INFO - BuildTower - OpenPoseThread: Gaze3D frame=0 id=None label=None v=[-0.375, 0.257, 0.891] yaw=-22.8 pitch=-14.9
2025-12-04 16:17:58,987 - INFO - BuildTower - OpenPoseThread: gaze frame_idx=0 ts=2025-12-04T16:17:58.899188Z people=2
2025-12-04 16:17:58,987 - INFO - BuildTower - OpenPoseThread: Gaze3D frame=0 id=None label=None v=[-0.621, 0.071, 0.781] yaw=-38.5 pitch=-4.1
2025-12-04 16:17:58,988 - INFO - BuildTower - OpenPoseThread: Gaze3D frame=0 id=None label=None v=[-0.428, 0.516, 0.742] yaw=-30.0 pitch=-31.1
2025-12-04 16:17:59,199 - INFO - BuildTower - OpenPoseThread: gaze frame_idx=0 ts=2025-12-04T16:17:59.155516Z people=2
2025-12-04 16:17:59,199 - INFO - BuildTower - OpenPoseThread: Gaze3D frame=0 id=None label=None v=[-0.620, 0.234, 0.749] yaw=-39.6 pitch=-13.5
2025-12-04 16:17:59,199 - INFO - BuildTower - OpenPoseThread: Gaze3D frame=0 id=None label=None v=[-0.323, 0.361, 0.875] yaw=-20.3 pitch=-21.1
2025-12-04 16:17:59,410 - INFO - BuildTower - OpenPoseThread: gaze frame_idx=0 ts=2025-12-04T16:17:59.383548Z people=2
2025-12-04 16:17:59,410 - INFO - BuildTower - OpenPoseThread: Gaze3D frame=0 id=None label=None v=[-0.616, 0.174, 0.768] yaw=-38.8 pitch=-10.0
2025-12-04 16:17:59,411 - INFO - BuildTower - OpenPoseThread: Gaze3D frame=0 id=None label=None v=[-0.363, 0.354, 0.862] yaw=-22.8 pitch=-20.7
2025-12-04 16:17:59,629 - INFO - BuildTower - OpenPoseThread: gaze frame_idx=0 ts=2025-12-04T16:17:59.628555Z people=2
2025-12-04 16:17:59,629 - INFO - BuildTower - OpenPoseThread: Gaze3D frame=0 id=None label=None v=[-0.568, 0.164, 0.806] yaw=-35.2 pitch=-9.5
2025-12-04 16:17:59,629 - INFO - BuildTower - OpenPoseThread: Gaze3D frame=0 id=None label=None v=[-0.398, 0.394, 0.828] yaw=-25.7 pitch=-23.2
2025-12-04 16:17:59,660 - INFO - BuildTower - Robot action ended.
2025-12-04 16:17:59,660 - INFO - BuildTower - Sending to OpenPose (via thread): PL: Arm Extended Check
2025-12-04 16:17:59,661 - INFO - BuildTower - OpenPoseThread: sending cmd: PL: Arm Extended Check
2025-12-04 16:17:59,869 - INFO - BuildTower - OpenPoseThread: gaze frame_idx=0 ts=2025-12-04T16:17:59.868453Z people=2
2025-12-04 16:17:59,869 - INFO - BuildTower - OpenPoseThread: Gaze3D frame=0 id=None label=None v=[-0.593, 0.069, 0.802] yaw=-36.5 pitch=-4.0
2025-12-04 16:17:59,869 - INFO - BuildTower - OpenPoseThread: Gaze3D frame=0 id=None label=None v=[-0.364, 0.311, 0.878] yaw=-22.5 pitch=-18.1
2025-12-04 16:18:00,098 - INFO - BuildTower - OpenPoseThread: gaze frame_idx=0 ts=2025-12-04T16:18:00.090354Z people=2
2025-12-04 16:18:00,098 - INFO - BuildTower - OpenPoseThread: Gaze3D frame=0 id=None label=None v=[-0.390, 0.334, 0.858] yaw=-24.5 pitch=-19.5
2025-12-04 16:18:00,098 - INFO - BuildTower - OpenPoseThread: Gaze3D frame=0 id=None label=None v=[-0.608, 0.263, 0.749] yaw=-39.1 pitch=-15.3
2025-12-04 16:18:00,332 - INFO - BuildTower - OpenPoseThread: gaze frame_idx=0 ts=2025-12-04T16:18:00.331409Z people=2
2025-12-04 16:18:00,332 - INFO - BuildTower - OpenPoseThread: Gaze3D frame=0 id=None label=None v=[-0.365, 0.256, 0.895] yaw=-22.2 pitch=-14.8
2025-12-04 16:18:00,332 - INFO - BuildTower - OpenPoseThread: Gaze3D frame=0 id=None label=None v=[-0.584, 0.134, 0.800] yaw=-36.1 pitch=-7.7
2025-12-04 16:18:00,562 - INFO - BuildTower - OpenPoseThread: gaze frame_idx=0 ts=2025-12-04T16:18:00.560810Z people=2
2025-12-04 16:18:00,562 - INFO - BuildTower - OpenPoseThread: Gaze3D frame=0 id=None label=None v=[-0.339, 0.363, 0.868] yaw=-21.4 pitch=-21.3
2025-12-04 16:18:00,562 - INFO - BuildTower - OpenPoseThread: Gaze3D frame=0 id=None label=None v=[-0.590, 0.224, 0.776] yaw=-37.2 pitch=-12.9
2025-12-04 16:18:00,817 - INFO - BuildTower - OpenPoseThread: gaze frame_idx=0 ts=2025-12-04T16:18:00.816255Z people=2
2025-12-04 16:18:00,817 - INFO - BuildTower - OpenPoseThread: Gaze3D frame=0 id=None label=None v=[-0.415, 0.416, 0.809] yaw=-27.1 pitch=-24.6
2025-12-04 16:18:00,818 - INFO - BuildTower - OpenPoseThread: Gaze3D frame=0 id=None label=None v=[-0.612, 0.172, 0.772] yaw=-38.4 pitch=-9.9
2025-12-04 16:18:01,071 - INFO - BuildTower - OpenPoseThread: gaze frame_idx=0 ts=2025-12-04T16:18:01.070322Z people=2
2025-12-04 16:18:01,071 - INFO - BuildTower - OpenPoseThread: Gaze3D frame=0 id=None label=None v=[-0.524, 0.040, 0.851] yaw=-31.6 pitch=-2.3
2025-12-04 16:18:01,071 - INFO - BuildTower - OpenPoseThread: Gaze3D frame=0 id=None label=None v=[-0.358, 0.350, 0.865] yaw=-22.5 pitch=-20.5
2025-12-04 16:18:01,312 - INFO - BuildTower - OpenPoseThread: gaze frame_idx=0 ts=2025-12-04T16:18:01.311011Z people=2
2025-12-04 16:18:01,312 - INFO - BuildTower - OpenPoseThread: Gaze3D frame=0 id=None label=None v=[-0.588, 0.183, 0.788] yaw=-36.8 pitch=-10.6
2025-12-04 16:18:01,312 - INFO - BuildTower - OpenPoseThread: Gaze3D frame=0 id=None label=None v=[-0.367, 0.214, 0.905] yaw=-22.1 pitch=-12.4
2025-12-04 16:18:01,531 - INFO - BuildTower - OpenPoseThread: gaze frame_idx=0 ts=2025-12-04T16:18:01.530691Z people=2
2025-12-04 16:18:01,531 - INFO - BuildTower - OpenPoseThread: Gaze3D frame=0 id=None label=None v=[-0.602, 0.192, 0.775] yaw=-37.8 pitch=-11.1
2025-12-04 16:18:01,531 - INFO - BuildTower - OpenPoseThread: Gaze3D frame=0 id=None label=None v=[-0.433, 0.299, 0.851] yaw=-27.0 pitch=-17.4
2025-12-04 16:18:01,774 - INFO - BuildTower - OpenPoseThread: gaze frame_idx=0 ts=2025-12-04T16:18:01.773915Z people=2
2025-12-04 16:18:01,774 - INFO - BuildTower - OpenPoseThread: Gaze3D frame=0 id=None label=None v=[-0.655, 0.110, 0.747] yaw=-41.2 pitch=-6.3
2025-12-04 16:18:01,774 - INFO - BuildTower - OpenPoseThread: Gaze3D frame=0 id=None label=None v=[-0.416, 0.252, 0.874] yaw=-25.5 pitch=-14.6
2025-12-04 16:18:02,027 - INFO - BuildTower - OpenPoseThread: gaze frame_idx=0 ts=2025-12-04T16:18:02.026372Z people=2
2025-12-04 16:18:02,027 - INFO - BuildTower - OpenPoseThread: Gaze3D frame=0 id=None label=None v=[-0.568, 0.232, 0.790] yaw=-35.7 pitch=-13.4
2025-12-04 16:18:02,027 - INFO - BuildTower - OpenPoseThread: Gaze3D frame=0 id=None label=None v=[-0.411, 0.360, 0.838] yaw=-26.1 pitch=-21.1
2025-12-04 16:18:02,291 - INFO - BuildTower - OpenPoseThread: gaze frame_idx=0 ts=2025-12-04T16:18:02.290096Z people=2
2025-12-04 16:18:02,291 - INFO - BuildTower - OpenPoseThread: Gaze3D frame=0 id=None label=None v=[-0.589, 0.058, 0.806] yaw=-36.2 pitch=-3.3
2025-12-04 16:18:02,291 - INFO - BuildTower - OpenPoseThread: Gaze3D frame=0 id=None label=None v=[-0.431, 0.126, 0.894] yaw=-25.7 pitch=-7.2
2025-12-04 16:18:02,549 - INFO - BuildTower - OpenPoseThread: gaze frame_idx=0 ts=2025-12-04T16:18:02.548664Z people=2
2025-12-04 16:18:02,550 - INFO - BuildTower - OpenPoseThread: Gaze3D frame=0 id=None label=None v=[-0.583, 0.271, 0.766] yaw=-37.3 pitch=-15.7
2025-12-04 16:18:02,550 - INFO - BuildTower - OpenPoseThread: Gaze3D frame=0 id=None label=None v=[-0.378, 0.153, 0.913] yaw=-22.5 pitch=-8.8
2025-12-04 16:18:02,819 - INFO - BuildTower - OpenPoseThread: gaze frame_idx=0 ts=2025-12-04T16:18:02.818550Z people=2
2025-12-04 16:18:02,819 - INFO - BuildTower - OpenPoseThread: Gaze3D frame=0 id=None label=None v=[-0.627, 0.187, 0.757] yaw=-39.6 pitch=-10.7
2025-12-04 16:18:02,819 - INFO - BuildTower - OpenPoseThread: Gaze3D frame=0 id=None label=None v=[-0.360, 0.242, 0.901] yaw=-21.8 pitch=-14.0
2025-12-04 16:18:03,065 - INFO - BuildTower - OpenPoseThread: gaze frame_idx=0 ts=2025-12-04T16:18:03.064121Z people=2
2025-12-04 16:18:03,065 - INFO - BuildTower - OpenPoseThread: Gaze3D frame=0 id=None label=None v=[-0.588, 0.088, 0.804] yaw=-36.2 pitch=-5.0
2025-12-04 16:18:03,065 - INFO - BuildTower - OpenPoseThread: Gaze3D frame=0 id=None label=None v=[-0.387, 0.224, 0.894] yaw=-23.4 pitch=-13.0
2025-12-04 16:18:03,328 - INFO - BuildTower - OpenPoseThread: gaze frame_idx=0 ts=2025-12-04T16:18:03.327483Z people=2
2025-12-04 16:18:03,328 - INFO - BuildTower - OpenPoseThread: Gaze3D frame=0 id=None label=None v=[-0.656, 0.218, 0.723] yaw=-42.2 pitch=-12.6
2025-12-04 16:18:03,329 - INFO - BuildTower - OpenPoseThread: Gaze3D frame=0 id=None label=None v=[-0.305, 0.028, 0.952] yaw=-17.7 pitch=-1.6
2025-12-04 16:18:03,603 - INFO - BuildTower - OpenPoseThread: gaze frame_idx=0 ts=2025-12-04T16:18:03.602804Z people=2
2025-12-04 16:18:03,603 - INFO - BuildTower - OpenPoseThread: Gaze3D frame=0 id=None label=None v=[-0.631, 0.140, 0.763] yaw=-39.6 pitch=-8.1
2025-12-04 16:18:03,603 - INFO - BuildTower - OpenPoseThread: Gaze3D frame=0 id=None label=None v=[-0.368, -0.035, 0.929] yaw=-21.6 pitch=2.0
2025-12-04 16:18:03,896 - INFO - BuildTower - OpenPoseThread: gaze frame_idx=0 ts=2025-12-04T16:18:03.895234Z people=2
2025-12-04 16:18:03,896 - INFO - BuildTower - OpenPoseThread: Gaze3D frame=0 id=None label=None v=[-0.582, 0.020, 0.813] yaw=-35.6 pitch=-1.2
2025-12-04 16:18:03,896 - INFO - BuildTower - OpenPoseThread: Gaze3D frame=0 id=None label=None v=[-0.469, 0.254, 0.846] yaw=-29.0 pitch=-14.7
2025-12-04 16:18:04,168 - INFO - BuildTower - OpenPoseThread: gaze frame_idx=0 ts=2025-12-04T16:18:04.166932Z people=2
2025-12-04 16:18:04,168 - INFO - BuildTower - OpenPoseThread: Gaze3D frame=0 id=None label=None v=[-0.648, 0.123, 0.752] yaw=-40.8 pitch=-7.1
2025-12-04 16:18:04,168 - INFO - BuildTower - OpenPoseThread: Gaze3D frame=0 id=None label=None v=[-0.369, 0.262, 0.892] yaw=-22.5 pitch=-15.2
2025-12-04 16:18:04,403 - INFO - BuildTower - OpenPoseThread: gaze frame_idx=0 ts=2025-12-04T16:18:04.402140Z people=2
2025-12-04 16:18:04,403 - INFO - BuildTower - OpenPoseThread: Gaze3D frame=0 id=None label=None v=[-0.659, 0.179, 0.730] yaw=-42.1 pitch=-10.3
2025-12-04 16:18:04,403 - INFO - BuildTower - OpenPoseThread: Gaze3D frame=0 id=None label=None v=[-0.489, 0.260, 0.832] yaw=-30.5 pitch=-15.1
2025-12-04 16:18:04,632 - INFO - BuildTower - OpenPoseThread: gaze frame_idx=0 ts=2025-12-04T16:18:04.630896Z people=2
2025-12-04 16:18:04,632 - INFO - BuildTower - OpenPoseThread: Gaze3D frame=0 id=None label=None v=[-0.439, 0.034, 0.898] yaw=-26.1 pitch=-2.0
2025-12-04 16:18:04,632 - INFO - BuildTower - OpenPoseThread: Gaze3D frame=0 id=None label=None v=[-0.499, 0.310, 0.809] yaw=-31.7 pitch=-18.1
2025-12-04 16:18:04,877 - INFO - BuildTower - OpenPoseThread: gaze frame_idx=0 ts=2025-12-04T16:18:04.876154Z people=2
2025-12-04 16:18:04,877 - INFO - BuildTower - OpenPoseThread: Gaze3D frame=0 id=None label=None v=[-0.568, -0.166, 0.806] yaw=-35.2 pitch=9.5
2025-12-04 16:18:04,877 - INFO - BuildTower - OpenPoseThread: Gaze3D frame=0 id=None label=None v=[-0.524, 0.360, 0.772] yaw=-34.2 pitch=-21.1
2025-12-04 16:18:05,135 - INFO - BuildTower - OpenPoseThread: gaze frame_idx=0 ts=2025-12-04T16:18:05.127125Z people=2
2025-12-04 16:18:05,136 - INFO - BuildTower - OpenPoseThread: Gaze3D frame=0 id=None label=None v=[-0.510, 0.293, 0.809] yaw=-32.2 pitch=-17.0
2025-12-04 16:18:05,136 - INFO - BuildTower - OpenPoseThread: Gaze3D frame=0 id=None label=None v=[-0.436, 0.563, 0.702] yaw=-31.9 pitch=-34.3
2025-12-04 16:18:05,368 - INFO - BuildTower - OpenPoseThread: gaze frame_idx=0 ts=2025-12-04T16:18:05.367932Z people=2
2025-12-04 16:18:05,369 - INFO - BuildTower - OpenPoseThread: Gaze3D frame=0 id=None label=None v=[-0.378, 0.387, 0.841] yaw=-24.2 pitch=-22.7
2025-12-04 16:18:05,369 - INFO - BuildTower - OpenPoseThread: Gaze3D frame=0 id=None label=None v=[-0.467, 0.338, 0.817] yaw=-29.8 pitch=-19.8
2025-12-04 16:18:05,620 - INFO - BuildTower - OpenPoseThread: gaze frame_idx=0 ts=2025-12-04T16:18:05.619117Z people=2
2025-12-04 16:18:05,620 - INFO - BuildTower - OpenPoseThread: Gaze3D frame=0 id=None label=None v=[-0.552, 0.412, 0.725] yaw=-37.3 pitch=-24.3
2025-12-04 16:18:05,620 - INFO - BuildTower - OpenPoseThread: Gaze3D frame=0 id=None label=None v=[-0.470, 0.343, 0.813] yaw=-30.0 pitch=-20.1
2025-12-04 16:18:05,978 - INFO - BuildTower - OpenPoseThread: gaze frame_idx=0 ts=2025-12-04T16:18:05.977475Z people=3
2025-12-04 16:18:05,979 - INFO - BuildTower - OpenPoseThread: Gaze3D frame=0 id=None label=None v=[-0.438, 0.425, 0.792] yaw=-28.9 pitch=-25.2
2025-12-04 16:18:05,979 - INFO - BuildTower - OpenPoseThread: Gaze3D frame=0 id=None label=None v=[-0.456, 0.492, 0.742] yaw=-31.6 pitch=-29.5
2025-12-04 16:18:05,979 - INFO - BuildTower - OpenPoseThread: Gaze3D frame=0 id=None label=None v=[-0.025, 0.592, 0.806] yaw=-1.8 pitch=-36.3
2025-12-04 16:18:06,248 - INFO - BuildTower - OpenPoseThread: gaze frame_idx=0 ts=2025-12-04T16:18:06.247636Z people=2
2025-12-04 16:18:06,248 - INFO - BuildTower - OpenPoseThread: Gaze3D frame=0 id=None label=None v=[-0.422, 0.584, 0.693] yaw=-31.3 pitch=-35.7
2025-12-04 16:18:06,249 - INFO - BuildTower - OpenPoseThread: Gaze3D frame=0 id=None label=None v=[-0.358, 0.679, 0.641] yaw=-29.2 pitch=-42.8
2025-12-04 16:18:06,503 - INFO - BuildTower - OpenPoseThread: gaze frame_idx=0 ts=2025-12-04T16:18:06.501726Z people=2
2025-12-04 16:18:06,503 - INFO - BuildTower - OpenPoseThread: Gaze3D frame=0 id=None label=None v=[-0.559, 0.456, 0.693] yaw=-38.9 pitch=-27.1
2025-12-04 16:18:06,503 - INFO - BuildTower - OpenPoseThread: Gaze3D frame=0 id=None label=None v=[-0.194, 0.661, 0.725] yaw=-15.0 pitch=-41.4
2025-12-04 16:18:06,760 - INFO - BuildTower - OpenPoseThread: gaze frame_idx=0 ts=2025-12-04T16:18:06.759765Z people=2
2025-12-04 16:18:06,761 - INFO - BuildTower - OpenPoseThread: Gaze3D frame=0 id=None label=None v=[-0.336, 0.640, 0.691] yaw=-25.9 pitch=-39.8
2025-12-04 16:18:06,761 - INFO - BuildTower - OpenPoseThread: Gaze3D frame=0 id=None label=None v=[-0.509, 0.192, 0.839] yaw=-31.3 pitch=-11.1
2025-12-04 16:18:07,000 - INFO - BuildTower - OpenPoseThread: gaze frame_idx=0 ts=2025-12-04T16:18:06.999469Z people=2
2025-12-04 16:18:07,001 - INFO - BuildTower - OpenPoseThread: Gaze3D frame=0 id=None label=None v=[-0.528, 0.187, 0.829] yaw=-32.5 pitch=-10.8
2025-12-04 16:18:07,001 - INFO - BuildTower - OpenPoseThread: Gaze3D frame=0 id=None label=None v=[-0.293, 0.766, 0.572] yaw=-27.1 pitch=-50.0
2025-12-04 16:18:07,253 - INFO - BuildTower - OpenPoseThread: gaze frame_idx=0 ts=2025-12-04T16:18:07.253013Z people=2
2025-12-04 16:18:07,253 - INFO - BuildTower - OpenPoseThread: Gaze3D frame=0 id=None label=None v=[-0.497, 0.498, 0.711] yaw=-35.0 pitch=-29.9
2025-12-04 16:18:07,254 - INFO - BuildTower - OpenPoseThread: Gaze3D frame=0 id=None label=None v=[-0.463, 0.157, 0.873] yaw=-27.9 pitch=-9.0
2025-12-04 16:18:07,483 - INFO - BuildTower - OpenPoseThread: gaze frame_idx=0 ts=2025-12-04T16:18:07.482719Z people=2
2025-12-04 16:18:07,484 - INFO - BuildTower - OpenPoseThread: Gaze3D frame=0 id=None label=None v=[-0.439, 0.014, 0.899] yaw=-26.0 pitch=-0.8
2025-12-04 16:18:07,484 - INFO - BuildTower - OpenPoseThread: Gaze3D frame=0 id=None label=None v=[-0.444, 0.194, 0.875] yaw=-26.9 pitch=-11.2
2025-12-04 16:18:07,738 - INFO - BuildTower - OpenPoseThread: gaze frame_idx=0 ts=2025-12-04T16:18:07.737676Z people=2
2025-12-04 16:18:07,738 - INFO - BuildTower - OpenPoseThread: Gaze3D frame=0 id=None label=None v=[-0.135, -0.511, 0.849] yaw=-9.0 pitch=30.7
2025-12-04 16:18:07,738 - INFO - BuildTower - OpenPoseThread: Gaze3D frame=0 id=None label=None v=[-0.392, 0.486, 0.781] yaw=-26.6 pitch=-29.1
2025-12-04 16:18:07,996 - INFO - BuildTower - OpenPoseThread: gaze frame_idx=0 ts=2025-12-04T16:18:07.995608Z people=2
2025-12-04 16:18:07,997 - INFO - BuildTower - OpenPoseThread: Gaze3D frame=0 id=None label=None v=[-0.416, 0.025, 0.909] yaw=-24.6 pitch=-1.4
2025-12-04 16:18:07,997 - INFO - BuildTower - OpenPoseThread: Gaze3D frame=0 id=None label=None v=[-0.226, -0.505, 0.833] yaw=-15.2 pitch=30.4
2025-12-04 16:18:08,260 - INFO - BuildTower - OpenPoseThread: gaze frame_idx=0 ts=2025-12-04T16:18:08.259249Z people=2
2025-12-04 16:18:08,260 - INFO - BuildTower - OpenPoseThread: Gaze3D frame=0 id=None label=None v=[-0.450, 0.312, 0.837] yaw=-28.3 pitch=-18.2
2025-12-04 16:18:08,260 - INFO - BuildTower - OpenPoseThread: Gaze3D frame=0 id=None label=None v=[-0.173, -0.649, 0.741] yaw=-13.1 pitch=40.4
2025-12-04 16:18:08,525 - INFO - BuildTower - OpenPoseThread: gaze frame_idx=0 ts=2025-12-04T16:18:08.524415Z people=2
2025-12-04 16:18:08,525 - INFO - BuildTower - OpenPoseThread: Gaze3D frame=0 id=None label=None v=[-0.371, -0.645, 0.668] yaw=-29.0 pitch=40.1
2025-12-04 16:18:08,525 - INFO - BuildTower - OpenPoseThread: Gaze3D frame=0 id=None label=None v=[-0.384, 0.240, 0.892] yaw=-23.3 pitch=-13.9
2025-12-04 16:18:08,789 - INFO - BuildTower - OpenPoseThread: gaze frame_idx=0 ts=2025-12-04T16:18:08.788131Z people=2
2025-12-04 16:18:08,789 - INFO - BuildTower - OpenPoseThread: Gaze3D frame=0 id=None label=None v=[-0.537, -0.345, 0.770] yaw=-34.9 pitch=20.2
2025-12-04 16:18:08,789 - INFO - BuildTower - OpenPoseThread: Gaze3D frame=0 id=None label=None v=[-0.463, 0.324, 0.825] yaw=-29.3 pitch=-18.9
2025-12-04 16:18:09,025 - INFO - BuildTower - OpenPoseThread: gaze frame_idx=0 ts=2025-12-04T16:18:09.024566Z people=2
2025-12-04 16:18:09,026 - INFO - BuildTower - OpenPoseThread: Gaze3D frame=0 id=None label=None v=[-0.519, -0.329, 0.789] yaw=-33.3 pitch=19.2
2025-12-04 16:18:09,026 - INFO - BuildTower - OpenPoseThread: Gaze3D frame=0 id=None label=None v=[-0.452, 0.358, 0.817] yaw=-28.9 pitch=-21.0
2025-12-04 16:18:09,285 - INFO - BuildTower - OpenPoseThread: gaze frame_idx=0 ts=2025-12-04T16:18:09.284604Z people=2
2025-12-04 16:18:09,285 - INFO - BuildTower - OpenPoseThread: Gaze3D frame=0 id=None label=None v=[-0.525, -0.455, 0.720] yaw=-36.1 pitch=27.0
2025-12-04 16:18:09,285 - INFO - BuildTower - OpenPoseThread: Gaze3D frame=0 id=None label=None v=[-0.233, 0.502, 0.833] yaw=-15.6 pitch=-30.2
2025-12-04 16:18:09,546 - INFO - BuildTower - OpenPoseThread: gaze frame_idx=0 ts=2025-12-04T16:18:09.545457Z people=2
2025-12-04 16:18:09,546 - INFO - BuildTower - OpenPoseThread: Gaze3D frame=0 id=None label=None v=[-0.529, -0.189, 0.827] yaw=-32.6 pitch=10.9
2025-12-04 16:18:09,546 - INFO - BuildTower - OpenPoseThread: Gaze3D frame=0 id=None label=None v=[-0.389, 0.627, 0.675] yaw=-29.9 pitch=-38.8
2025-12-04 16:18:09,661 - ERROR - BuildTower - OpenPoseThread: timeout waiting for reply for cmd=PL: Arm Extended Check
2025-12-04 16:18:09,661 - INFO - BuildTower - Sending to OpenPose (via thread): PL: Arm Retracted Check
2025-12-04 16:18:09,795 - INFO - BuildTower - OpenPoseThread: gaze frame_idx=0 ts=2025-12-04T16:18:09.793874Z people=2
2025-12-04 16:18:09,795 - INFO - BuildTower - OpenPoseThread: Gaze3D frame=0 id=None label=None v=[-0.543, -0.252, 0.801] yaw=-34.1 pitch=14.6
2025-12-04 16:18:09,795 - INFO - BuildTower - OpenPoseThread: Gaze3D frame=0 id=None label=None v=[-0.226, 0.420, 0.879] yaw=-14.4 pitch=-24.8
2025-12-04 16:18:10,036 - INFO - BuildTower - OpenPoseThread: gaze frame_idx=0 ts=2025-12-04T16:18:10.035568Z people=2
2025-12-04 16:18:10,036 - INFO - BuildTower - OpenPoseThread: Gaze3D frame=0 id=None label=None v=[-0.566, -0.043, 0.823] yaw=-34.5 pitch=2.5
2025-12-04 16:18:10,036 - INFO - BuildTower - OpenPoseThread: Gaze3D frame=0 id=None label=None v=[-0.571, 0.318, 0.757] yaw=-37.0 pitch=-18.5
2025-12-04 16:18:10,300 - INFO - BuildTower - OpenPoseThread: gaze frame_idx=0 ts=2025-12-04T16:18:10.292201Z people=2
2025-12-04 16:18:10,301 - INFO - BuildTower - OpenPoseThread: Gaze3D frame=0 id=None label=None v=[-0.628, -0.237, 0.742] yaw=-40.2 pitch=13.7
2025-12-04 16:18:10,301 - INFO - BuildTower - OpenPoseThread: Gaze3D frame=0 id=None label=None v=[-0.323, 0.748, 0.579] yaw=-29.1 pitch=-48.5
2025-12-04 16:18:10,555 - INFO - BuildTower - OpenPoseThread: gaze frame_idx=0 ts=2025-12-04T16:18:10.554680Z people=2
2025-12-04 16:18:10,555 - INFO - BuildTower - OpenPoseThread: Gaze3D frame=0 id=left label=Left person v=[-0.301, 0.400, 0.866] yaw=-19.2 pitch=-23.6
2025-12-04 16:18:10,555 - INFO - BuildTower - OpenPoseThread: Gaze3D frame=0 id=right label=Right person v=[-0.542, -0.176, 0.822] yaw=-33.4 pitch=10.1
2025-12-04 16:18:19,661 - ERROR - BuildTower - OpenPoseThread: timeout waiting for reply for cmd=PL: Arm Retracted Check
2025-12-04 16:18:19,662 - INFO - BuildTower - Executing turn 2 out of 9.
2025-12-04 16:18:19,662 - INFO - BuildTower - Moving block from start 0.3 to target 0.387. Turn: 2, Block Shape: 4
2025-12-04 16:18:19,664 - INFO - BuildTower - Sending gripper command: value=0
2025-12-04 16:18:20,177 - INFO - BuildTower - Gripper command 0 sent successfully.
2025-12-04 16:18:20,179 - INFO - BuildTower - Attempting to go to position: x=0.3, y=0.3, z=0.345, theta_x=100.0, theta_y=0.0, theta_z=90.0
2025-12-04 16:18:20,180 - DEBUG - BuildTower - Set speed for pose: translation=1, orientation=100
2025-12-04 16:18:20,208 - INFO - BuildTower - Pose action initiated, waiting for completion.
2025-12-04 16:18:40,308 - INFO - BuildTower - OpenPoseThread: gaze frame_idx=8 ts=2025-12-04T16:18:40.307040Z people=2
2025-12-04 16:18:40,308 - INFO - BuildTower - OpenPoseThread: Gaze3D frame=8 id=None label=None v=[-0.090, -0.598, 0.797] yaw=-6.4 pitch=36.7
2025-12-04 16:18:40,308 - INFO - BuildTower - OpenPoseThread: Gaze3D frame=8 id=None label=None v=[-0.330, -0.481, 0.812] yaw=-22.1 pitch=28.8
2025-12-04 16:18:40,565 - INFO - BuildTower - OpenPoseThread: gaze frame_idx=8 ts=2025-12-04T16:18:40.564801Z people=2
2025-12-04 16:18:40,566 - INFO - BuildTower - OpenPoseThread: Gaze3D frame=8 id=None label=None v=[-0.270, -0.403, 0.875] yaw=-17.2 pitch=23.7
2025-12-04 16:18:40,566 - INFO - BuildTower - OpenPoseThread: Gaze3D frame=8 id=None label=None v=[-0.238, -0.646, 0.725] yaw=-18.2 pitch=40.2
2025-12-04 16:18:40,820 - INFO - BuildTower - OpenPoseThread: gaze frame_idx=8 ts=2025-12-04T16:18:40.819613Z people=2
2025-12-04 16:18:40,820 - INFO - BuildTower - OpenPoseThread: Gaze3D frame=8 id=None label=None v=[-0.316, -0.354, 0.880] yaw=-19.8 pitch=20.7
2025-12-04 16:18:40,820 - INFO - BuildTower - OpenPoseThread: Gaze3D frame=8 id=None label=None v=[-0.190, -0.804, 0.563] yaw=-18.6 pitch=53.5
2025-12-04 16:18:41,079 - INFO - BuildTower - OpenPoseThread: gaze frame_idx=8 ts=2025-12-04T16:18:41.078613Z people=2
2025-12-04 16:18:41,079 - INFO - BuildTower - OpenPoseThread: Gaze3D frame=8 id=None label=None v=[-0.398, -0.403, 0.824] yaw=-25.8 pitch=23.8
2025-12-04 16:18:41,080 - INFO - BuildTower - OpenPoseThread: Gaze3D frame=8 id=None label=None v=[-0.354, -0.126, 0.927] yaw=-20.9 pitch=7.3
2025-12-04 16:18:41,341 - INFO - BuildTower - OpenPoseThread: gaze frame_idx=8 ts=2025-12-04T16:18:41.340576Z people=2
2025-12-04 16:18:41,341 - INFO - BuildTower - OpenPoseThread: Gaze3D frame=8 id=None label=None v=[-0.290, -0.540, 0.790] yaw=-20.2 pitch=32.7
2025-12-04 16:18:41,341 - INFO - BuildTower - OpenPoseThread: Gaze3D frame=8 id=None label=None v=[-0.357, -0.005, 0.934] yaw=-20.9 pitch=0.3
2025-12-04 16:18:41,608 - INFO - BuildTower - OpenPoseThread: gaze frame_idx=8 ts=2025-12-04T16:18:41.607451Z people=2
2025-12-04 16:18:41,608 - INFO - BuildTower - OpenPoseThread: Gaze3D frame=8 id=None label=None v=[-0.293, -0.411, 0.863] yaw=-18.8 pitch=24.3
2025-12-04 16:18:41,608 - INFO - BuildTower - OpenPoseThread: Gaze3D frame=8 id=None label=None v=[-0.401, -0.153, 0.903] yaw=-23.9 pitch=8.8
2025-12-04 16:18:41,859 - INFO - BuildTower - OpenPoseThread: gaze frame_idx=8 ts=2025-12-04T16:18:41.857940Z people=2
2025-12-04 16:18:41,859 - INFO - BuildTower - OpenPoseThread: Gaze3D frame=8 id=None label=None v=[-0.109, -0.744, 0.659] yaw=-9.4 pitch=48.1
2025-12-04 16:18:41,859 - INFO - BuildTower - OpenPoseThread: Gaze3D frame=8 id=None label=None v=[-0.345, 0.086, 0.935] yaw=-20.3 pitch=-4.9
2025-12-04 16:18:42,106 - INFO - BuildTower - OpenPoseThread: gaze frame_idx=8 ts=2025-12-04T16:18:42.105452Z people=2
2025-12-04 16:18:42,106 - INFO - BuildTower - OpenPoseThread: Gaze3D frame=8 id=None label=None v=[-0.164, -0.602, 0.782] yaw=-11.9 pitch=37.0
2025-12-04 16:18:42,106 - INFO - BuildTower - OpenPoseThread: Gaze3D frame=8 id=None label=None v=[-0.327, -0.192, 0.925] yaw=-19.4 pitch=11.1
2025-12-04 16:18:42,364 - INFO - BuildTower - OpenPoseThread: gaze frame_idx=8 ts=2025-12-04T16:18:42.363274Z people=2
2025-12-04 16:18:42,364 - INFO - BuildTower - OpenPoseThread: Gaze3D frame=8 id=None label=None v=[-0.057, -0.474, 0.879] yaw=-3.7 pitch=28.3
2025-12-04 16:18:42,364 - INFO - BuildTower - OpenPoseThread: Gaze3D frame=8 id=None label=None v=[-0.261, -0.299, 0.918] yaw=-15.9 pitch=17.4
2025-12-04 16:18:42,613 - INFO - BuildTower - OpenPoseThread: gaze frame_idx=8 ts=2025-12-04T16:18:42.612681Z people=2
2025-12-04 16:18:42,613 - INFO - BuildTower - OpenPoseThread: Gaze3D frame=8 id=None label=None v=[0.037, -0.622, 0.782] yaw=2.7 pitch=38.5
2025-12-04 16:18:42,613 - INFO - BuildTower - OpenPoseThread: Gaze3D frame=8 id=None label=None v=[-0.277, -0.190, 0.942] yaw=-16.4 pitch=11.0
2025-12-04 16:18:42,887 - INFO - BuildTower - OpenPoseThread: gaze frame_idx=8 ts=2025-12-04T16:18:42.886377Z people=2
2025-12-04 16:18:42,887 - INFO - BuildTower - OpenPoseThread: Gaze3D frame=8 id=None label=None v=[-0.092, -0.496, 0.863] yaw=-6.1 pitch=29.7
2025-12-04 16:18:42,887 - INFO - BuildTower - OpenPoseThread: Gaze3D frame=8 id=None label=None v=[-0.266, -0.198, 0.943] yaw=-15.7 pitch=11.4
2025-12-04 16:18:43,144 - INFO - BuildTower - OpenPoseThread: gaze frame_idx=8 ts=2025-12-04T16:18:43.143661Z people=2
2025-12-04 16:18:43,144 - INFO - BuildTower - OpenPoseThread: Gaze3D frame=8 id=None label=None v=[0.019, -0.507, 0.862] yaw=1.2 pitch=30.4
2025-12-04 16:18:43,145 - INFO - BuildTower - OpenPoseThread: Gaze3D frame=8 id=None label=None v=[-0.336, -0.208, 0.918] yaw=-20.1 pitch=12.0
2025-12-04 16:18:43,405 - INFO - BuildTower - OpenPoseThread: gaze frame_idx=8 ts=2025-12-04T16:18:43.404296Z people=2
2025-12-04 16:18:43,405 - INFO - BuildTower - OpenPoseThread: Gaze3D frame=8 id=None label=None v=[0.045, -0.623, 0.781] yaw=3.3 pitch=38.5
2025-12-04 16:18:43,405 - INFO - BuildTower - OpenPoseThread: Gaze3D frame=8 id=None label=None v=[-0.317, -0.222, 0.922] yaw=-19.0 pitch=12.8
2025-12-04 16:18:43,673 - INFO - BuildTower - OpenPoseThread: gaze frame_idx=8 ts=2025-12-04T16:18:43.672296Z people=2
2025-12-04 16:18:43,673 - INFO - BuildTower - OpenPoseThread: Gaze3D frame=8 id=None label=None v=[-0.057, -0.696, 0.715] yaw=-4.5 pitch=44.1
2025-12-04 16:18:43,673 - INFO - BuildTower - OpenPoseThread: Gaze3D frame=8 id=None label=None v=[-0.296, -0.122, 0.947] yaw=-17.4 pitch=7.0
2025-12-04 16:18:43,919 - INFO - BuildTower - OpenPoseThread: gaze frame_idx=8 ts=2025-12-04T16:18:43.918695Z people=2
2025-12-04 16:18:43,919 - INFO - BuildTower - OpenPoseThread: Gaze3D frame=8 id=None label=None v=[0.023, -0.631, 0.775] yaw=1.7 pitch=39.1
2025-12-04 16:18:43,919 - INFO - BuildTower - OpenPoseThread: Gaze3D frame=8 id=None label=None v=[-0.309, -0.156, 0.938] yaw=-18.2 pitch=9.0
2025-12-04 16:18:44,185 - INFO - BuildTower - OpenPoseThread: gaze frame_idx=8 ts=2025-12-04T16:18:44.184036Z people=2
2025-12-04 16:18:44,185 - INFO - BuildTower - OpenPoseThread: Gaze3D frame=8 id=None label=None v=[-0.030, -0.549, 0.835] yaw=-2.1 pitch=33.3
2025-12-04 16:18:44,185 - INFO - BuildTower - OpenPoseThread: Gaze3D frame=8 id=None label=None v=[-0.235, -0.235, 0.943] yaw=-14.0 pitch=13.6
2025-12-04 16:18:44,452 - INFO - BuildTower - OpenPoseThread: gaze frame_idx=8 ts=2025-12-04T16:18:44.451730Z people=2
2025-12-04 16:18:44,452 - INFO - BuildTower - OpenPoseThread: Gaze3D frame=8 id=None label=None v=[-0.014, -0.399, 0.917] yaw=-0.9 pitch=23.5
2025-12-04 16:18:44,453 - INFO - BuildTower - OpenPoseThread: Gaze3D frame=8 id=None label=None v=[-0.274, -0.261, 0.926] yaw=-16.5 pitch=15.2
2025-12-04 16:18:44,699 - INFO - BuildTower - OpenPoseThread: gaze frame_idx=8 ts=2025-12-04T16:18:44.698937Z people=2
2025-12-04 16:18:44,700 - INFO - BuildTower - OpenPoseThread: Gaze3D frame=8 id=None label=None v=[-0.004, -0.567, 0.823] yaw=-0.3 pitch=34.6
2025-12-04 16:18:44,700 - INFO - BuildTower - OpenPoseThread: Gaze3D frame=8 id=None label=None v=[-0.299, -0.279, 0.913] yaw=-18.1 pitch=16.2
2025-12-04 16:18:44,962 - INFO - BuildTower - OpenPoseThread: gaze frame_idx=8 ts=2025-12-04T16:18:44.961269Z people=2
2025-12-04 16:18:44,962 - INFO - BuildTower - OpenPoseThread: Gaze3D frame=8 id=None label=None v=[0.050, -0.503, 0.863] yaw=3.3 pitch=30.2
2025-12-04 16:18:44,963 - INFO - BuildTower - OpenPoseThread: Gaze3D frame=8 id=None label=None v=[-0.255, -0.273, 0.927] yaw=-15.4 pitch=15.9
2025-12-04 16:18:45,223 - INFO - BuildTower - Attempting to go to position: x=0.3, y=0.3, z=0.3, theta_x=100.0, theta_y=0.0, theta_z=90.0
2025-12-04 16:18:45,223 - DEBUG - BuildTower - Set speed for pose: translation=1, orientation=100
2025-12-04 16:18:45,228 - INFO - BuildTower - OpenPoseThread: gaze frame_idx=8 ts=2025-12-04T16:18:45.227293Z people=2
2025-12-04 16:18:45,228 - INFO - BuildTower - OpenPoseThread: Gaze3D frame=8 id=None label=None v=[0.141, -0.488, 0.861] yaw=9.3 pitch=29.2
2025-12-04 16:18:45,228 - INFO - BuildTower - OpenPoseThread: Gaze3D frame=8 id=None label=None v=[-0.287, -0.119, 0.950] yaw=-16.8 pitch=6.9
2025-12-04 16:18:45,229 - ERROR - BuildTower - Failed to send pose: service [/my_gen3/base/execute_action] returned no response
2025-12-04 16:18:45,230 - INFO - BuildTower - Sending gripper command: value=0.7
2025-12-04 16:18:45,233 - ERROR - BuildTower - Failed to call SendGripperCommand: service [/my_gen3/base/send_gripper_command] returned no response
2025-12-04 16:18:45,234 - INFO - BuildTower - Attempting to go to position: x=0.3, y=0.3, z=0.435, theta_x=100.0, theta_y=0.0, theta_z=90.0
2025-12-04 16:18:45,234 - DEBUG - BuildTower - Set speed for pose: translation=1, orientation=100
2025-12-04 16:18:45,238 - ERROR - BuildTower - Failed to send pose: service [/my_gen3/base/execute_action] returned no response
2025-12-04 16:18:45,238 - INFO - BuildTower - Attempting to go to position: x=0.735, y=0.0, z=0.432, theta_x=100.0, theta_y=0.0, theta_z=90.0
2025-12-04 16:18:45,238 - DEBUG - BuildTower - Set speed for pose: translation=1, orientation=100
2025-12-04 16:18:45,243 - ERROR - BuildTower - Failed to send pose: service [/my_gen3/base/execute_action] returned no response
2025-12-04 16:18:45,243 - INFO - BuildTower - Attempting to go to position: x=0.735, y=0.0, z=0.387, theta_x=100.0, theta_y=0.0, theta_z=90.0
2025-12-04 16:18:45,244 - DEBUG - BuildTower - Set speed for pose: translation=1, orientation=100
2025-12-04 16:18:45,249 - ERROR - BuildTower - Failed to send pose: service [/my_gen3/base/execute_action] returned no response
2025-12-04 16:18:45,250 - INFO - BuildTower - Sending gripper command: value=0
2025-12-04 16:18:45,253 - ERROR - BuildTower - Failed to call SendGripperCommand: service [/my_gen3/base/send_gripper_command] returned no response
2025-12-04 16:18:45,254 - INFO - BuildTower - Attempting to go to position: x=0.735, y=0.0, z=0.432, theta_x=100.0, theta_y=0.0, theta_z=90.0
2025-12-04 16:18:45,254 - DEBUG - BuildTower - Set speed for pose: translation=1, orientation=100
2025-12-04 16:18:45,258 - ERROR - BuildTower - Failed to send pose: service [/my_gen3/base/execute_action] returned no response
2025-12-04 16:18:45,258 - INFO - BuildTower - Robot completed its turn. Robot turn count: 2
2025-12-04 16:18:45,258 - INFO - BuildTower - Executing turn 3 out of 9.
2025-12-04 16:18:45,258 - INFO - BuildTower - look_once_from_latest_gaze: target=None
2025-12-04 16:18:45,258 - INFO - BuildTower - Robot moving to look at tower.
2025-12-04 16:18:45,258 - INFO - BuildTower - Attempting to go to position: x=0.5, y=0, z=0.3, theta_x=110, theta_y=0, theta_z=90
2025-12-04 16:18:45,258 - DEBUG - BuildTower - Set speed for pose: translation=1, orientation=100
2025-12-04 16:18:45,262 - ERROR - BuildTower - Failed to send pose: service [/my_gen3/base/execute_action] returned no response
2025-12-04 16:18:45,262 - INFO - BuildTower - Sending to OpenPose (via thread): PR: Arm Extended Check
2025-12-04 16:18:45,502 - INFO - BuildTower - OpenPoseThread: gaze frame_idx=8 ts=2025-12-04T16:18:45.501381Z people=2
2025-12-04 16:18:45,502 - INFO - BuildTower - OpenPoseThread: Gaze3D frame=8 id=None label=None v=[0.164, -0.262, 0.951] yaw=9.8 pitch=15.2
2025-12-04 16:18:45,502 - INFO - BuildTower - OpenPoseThread: Gaze3D frame=8 id=None label=None v=[-0.394, -0.100, 0.914] yaw=-23.3 pitch=5.8
2025-12-04 16:18:45,756 - INFO - BuildTower - OpenPoseThread: gaze frame_idx=8 ts=2025-12-04T16:18:45.755018Z people=2
2025-12-04 16:18:45,756 - INFO - BuildTower - OpenPoseThread: Gaze3D frame=8 id=None label=None v=[0.221, 0.443, 0.869] yaw=14.3 pitch=-26.3
2025-12-04 16:18:45,756 - INFO - BuildTower - OpenPoseThread: Gaze3D frame=8 id=None label=None v=[-0.244, -0.261, 0.934] yaw=-14.6 pitch=15.1
2025-12-04 16:18:45,999 - INFO - BuildTower - OpenPoseThread: gaze frame_idx=8 ts=2025-12-04T16:18:45.998779Z people=2
2025-12-04 16:18:46,000 - INFO - BuildTower - OpenPoseThread: Gaze3D frame=8 id=None label=None v=[0.058, 0.594, 0.803] yaw=4.1 pitch=-36.4
2025-12-04 16:18:46,000 - INFO - BuildTower - OpenPoseThread: Gaze3D frame=8 id=None label=None v=[-0.470, -0.347, 0.812] yaw=-30.1 pitch=20.3
2025-12-04 16:18:46,250 - INFO - BuildTower - OpenPoseThread: gaze frame_idx=8 ts=2025-12-04T16:18:46.249528Z people=2
2025-12-04 16:18:46,251 - INFO - BuildTower - OpenPoseThread: Gaze3D frame=8 id=None label=None v=[0.053, 0.697, 0.715] yaw=4.2 pitch=-44.2
2025-12-04 16:18:46,251 - INFO - BuildTower - OpenPoseThread: Gaze3D frame=8 id=None label=None v=[-0.502, -0.238, 0.831] yaw=-31.1 pitch=13.8
2025-12-04 16:18:46,529 - INFO - BuildTower - OpenPoseThread: gaze frame_idx=8 ts=2025-12-04T16:18:46.521458Z people=2
2025-12-04 16:18:46,529 - INFO - BuildTower - OpenPoseThread: Gaze3D frame=8 id=None label=None v=[-0.075, 0.663, 0.745] yaw=-5.7 pitch=-41.5
2025-12-04 16:18:46,529 - INFO - BuildTower - OpenPoseThread: Gaze3D frame=8 id=None label=None v=[-0.392, -0.264, 0.881] yaw=-24.0 pitch=15.3
2025-12-04 16:18:46,793 - INFO - BuildTower - OpenPoseThread: gaze frame_idx=8 ts=2025-12-04T16:18:46.792115Z people=2
2025-12-04 16:18:46,793 - INFO - BuildTower - OpenPoseThread: Gaze3D frame=8 id=None label=None v=[-0.416, -0.286, 0.863] yaw=-25.8 pitch=16.6
2025-12-04 16:18:46,793 - INFO - BuildTower - OpenPoseThread: Gaze3D frame=8 id=None label=None v=[-0.030, 0.610, 0.792] yaw=-2.1 pitch=-37.6
2025-12-04 16:18:47,051 - INFO - BuildTower - OpenPoseThread: gaze frame_idx=8 ts=2025-12-04T16:18:47.050371Z people=2
2025-12-04 16:18:47,051 - INFO - BuildTower - OpenPoseThread: Gaze3D frame=8 id=None label=None v=[-0.077, 0.790, 0.608] yaw=-7.3 pitch=-52.2
2025-12-04 16:18:47,051 - INFO - BuildTower - OpenPoseThread: Gaze3D frame=8 id=None label=None v=[-0.475, -0.228, 0.850] yaw=-29.2 pitch=13.2
2025-12-04 16:18:47,310 - INFO - BuildTower - OpenPoseThread: gaze frame_idx=8 ts=2025-12-04T16:18:47.309621Z people=2
2025-12-04 16:18:47,310 - INFO - BuildTower - OpenPoseThread: Gaze3D frame=8 id=None label=None v=[-0.191, 0.439, 0.878] yaw=-12.3 pitch=-26.1
2025-12-04 16:18:47,311 - INFO - BuildTower - OpenPoseThread: Gaze3D frame=8 id=None label=None v=[-0.211, -0.670, 0.712] yaw=-16.5 pitch=42.1
2025-12-04 16:18:47,562 - INFO - BuildTower - OpenPoseThread: gaze frame_idx=8 ts=2025-12-04T16:18:47.561496Z people=2
2025-12-04 16:18:47,562 - INFO - BuildTower - OpenPoseThread: Gaze3D frame=8 id=None label=None v=[-0.404, -0.301, 0.864] yaw=-25.0 pitch=17.5
2025-12-04 16:18:47,563 - INFO - BuildTower - OpenPoseThread: Gaze3D frame=8 id=None label=None v=[-0.131, 0.468, 0.874] yaw=-8.5 pitch=-27.9
2025-12-04 16:18:47,824 - INFO - BuildTower - OpenPoseThread: gaze frame_idx=8 ts=2025-12-04T16:18:47.822902Z people=2
2025-12-04 16:18:47,824 - INFO - BuildTower - OpenPoseThread: Gaze3D frame=8 id=None label=None v=[-0.396, -0.331, 0.856] yaw=-24.8 pitch=19.4
2025-12-04 16:18:47,824 - INFO - BuildTower - OpenPoseThread: Gaze3D frame=8 id=None label=None v=[-0.061, 0.340, 0.938] yaw=-3.7 pitch=-19.9
2025-12-04 16:18:48,072 - INFO - BuildTower - OpenPoseThread: gaze frame_idx=8 ts=2025-12-04T16:18:48.071059Z people=2
2025-12-04 16:18:48,072 - INFO - BuildTower - OpenPoseThread: Gaze3D frame=8 id=None label=None v=[-0.167, 0.285, 0.944] yaw=-10.1 pitch=-16.5
2025-12-04 16:18:48,072 - INFO - BuildTower - OpenPoseThread: Gaze3D frame=8 id=None label=None v=[-0.303, -0.423, 0.854] yaw=-19.5 pitch=25.0
2025-12-04 16:18:48,332 - INFO - BuildTower - OpenPoseThread: gaze frame_idx=8 ts=2025-12-04T16:18:48.331607Z people=2
2025-12-04 16:18:48,332 - INFO - BuildTower - OpenPoseThread: Gaze3D frame=8 id=None label=None v=[-0.241, -0.160, 0.957] yaw=-14.1 pitch=9.2
2025-12-04 16:18:48,332 - INFO - BuildTower - OpenPoseThread: Gaze3D frame=8 id=None label=None v=[-0.014, 0.301, 0.953] yaw=-0.9 pitch=-17.5
2025-12-04 16:18:48,586 - INFO - BuildTower - OpenPoseThread: gaze frame_idx=8 ts=2025-12-04T16:18:48.585375Z people=2
2025-12-04 16:18:48,586 - INFO - BuildTower - OpenPoseThread: Gaze3D frame=8 id=None label=None v=[-0.313, 0.362, 0.878] yaw=-19.6 pitch=-21.2
2025-12-04 16:18:48,586 - INFO - BuildTower - OpenPoseThread: Gaze3D frame=8 id=None label=None v=[-0.198, 0.050, 0.979] yaw=-11.5 pitch=-2.9
2025-12-04 16:18:48,834 - INFO - BuildTower - OpenPoseThread: gaze frame_idx=8 ts=2025-12-04T16:18:48.833660Z people=2
2025-12-04 16:18:48,834 - INFO - BuildTower - OpenPoseThread: Gaze3D frame=8 id=None label=None v=[-0.136, -0.150, 0.979] yaw=-7.9 pitch=8.6
2025-12-04 16:18:48,834 - INFO - BuildTower - OpenPoseThread: Gaze3D frame=8 id=None label=None v=[-0.343, -0.353, 0.870] yaw=-21.5 pitch=20.7
2025-12-04 16:18:49,085 - INFO - BuildTower - OpenPoseThread: gaze frame_idx=8 ts=2025-12-04T16:18:49.084503Z people=2
2025-12-04 16:18:49,085 - INFO - BuildTower - OpenPoseThread: Gaze3D frame=8 id=None label=None v=[-0.195, -0.248, 0.949] yaw=-11.6 pitch=14.4
2025-12-04 16:18:49,085 - INFO - BuildTower - OpenPoseThread: Gaze3D frame=8 id=None label=None v=[-0.270, -0.354, 0.895] yaw=-16.8 pitch=20.8
2025-12-04 16:18:49,344 - INFO - BuildTower - OpenPoseThread: gaze frame_idx=8 ts=2025-12-04T16:18:49.342920Z people=2
2025-12-04 16:18:49,344 - INFO - BuildTower - OpenPoseThread: Gaze3D frame=8 id=None label=None v=[-0.207, -0.507, 0.837] yaw=-13.9 pitch=30.5
2025-12-04 16:18:49,344 - INFO - BuildTower - OpenPoseThread: Gaze3D frame=8 id=None label=None v=[-0.373, -0.462, 0.804] yaw=-24.9 pitch=27.5
2025-12-04 16:18:49,592 - INFO - BuildTower - OpenPoseThread: gaze frame_idx=8 ts=2025-12-04T16:18:49.590810Z people=2
2025-12-04 16:18:49,592 - INFO - BuildTower - OpenPoseThread: Gaze3D frame=8 id=None label=None v=[-0.268, -0.410, 0.872] yaw=-17.1 pitch=24.2
2025-12-04 16:18:49,592 - INFO - BuildTower - OpenPoseThread: Gaze3D frame=8 id=None label=None v=[-0.452, -0.201, 0.869] yaw=-27.5 pitch=11.6
2025-12-04 16:18:49,840 - INFO - BuildTower - OpenPoseThread: gaze frame_idx=8 ts=2025-12-04T16:18:49.839088Z people=2
2025-12-04 16:18:49,840 - INFO - BuildTower - OpenPoseThread: Gaze3D frame=8 id=None label=None v=[-0.357, -0.451, 0.818] yaw=-23.6 pitch=26.8
2025-12-04 16:18:49,840 - INFO - BuildTower - OpenPoseThread: Gaze3D frame=8 id=None label=None v=[-0.386, -0.137, 0.912] yaw=-23.0 pitch=7.8
2025-12-04 16:18:50,092 - INFO - BuildTower - OpenPoseThread: gaze frame_idx=8 ts=2025-12-04T16:18:50.091579Z people=2
2025-12-04 16:18:50,092 - INFO - BuildTower - OpenPoseThread: Gaze3D frame=8 id=None label=None v=[-0.396, -0.529, 0.750] yaw=-27.8 pitch=31.9
2025-12-04 16:18:50,092 - INFO - BuildTower - OpenPoseThread: Gaze3D frame=8 id=None label=None v=[-0.326, 0.004, 0.945] yaw=-19.1 pitch=-0.2
2025-12-04 16:18:50,349 - INFO - BuildTower - OpenPoseThread: gaze frame_idx=8 ts=2025-12-04T16:18:50.348068Z people=2
2025-12-04 16:18:50,349 - INFO - BuildTower - OpenPoseThread: Gaze3D frame=8 id=None label=None v=[-0.355, -0.341, 0.870] yaw=-22.2 pitch=20.0
2025-12-04 16:18:50,349 - INFO - BuildTower - OpenPoseThread: Gaze3D frame=8 id=None label=None v=[-0.309, -0.220, 0.925] yaw=-18.5 pitch=12.7
2025-12-04 16:18:50,615 - INFO - BuildTower - OpenPoseThread: gaze frame_idx=8 ts=2025-12-04T16:18:50.614080Z people=2
2025-12-04 16:18:50,615 - INFO - BuildTower - OpenPoseThread: Gaze3D frame=8 id=None label=None v=[-0.464, -0.442, 0.768] yaw=-31.1 pitch=26.3
2025-12-04 16:18:50,615 - INFO - BuildTower - OpenPoseThread: Gaze3D frame=8 id=None label=None v=[-0.322, -0.183, 0.929] yaw=-19.1 pitch=10.5
2025-12-04 16:18:50,884 - INFO - BuildTower - OpenPoseThread: gaze frame_idx=8 ts=2025-12-04T16:18:50.883704Z people=2
2025-12-04 16:18:50,884 - INFO - BuildTower - OpenPoseThread: Gaze3D frame=8 id=None label=None v=[-0.349, -0.525, 0.776] yaw=-24.2 pitch=31.7
2025-12-04 16:18:50,884 - INFO - BuildTower - OpenPoseThread: Gaze3D frame=8 id=None label=None v=[-0.212, -0.230, 0.950] yaw=-12.6 pitch=13.3
2025-12-04 16:18:51,152 - INFO - BuildTower - OpenPoseThread: gaze frame_idx=8 ts=2025-12-04T16:18:51.151497Z people=2
2025-12-04 16:18:51,152 - INFO - BuildTower - OpenPoseThread: Gaze3D frame=8 id=None label=None v=[-0.396, -0.319, 0.861] yaw=-24.7 pitch=18.6
2025-12-04 16:18:51,152 - INFO - BuildTower - OpenPoseThread: Gaze3D frame=8 id=None label=None v=[-0.277, -0.242, 0.930] yaw=-16.6 pitch=14.0
2025-12-04 16:18:51,405 - INFO - BuildTower - OpenPoseThread: gaze frame_idx=8 ts=2025-12-04T16:18:51.404546Z people=2
2025-12-04 16:18:51,405 - INFO - BuildTower - OpenPoseThread: Gaze3D frame=8 id=None label=None v=[-0.648, 0.064, 0.759] yaw=-40.5 pitch=-3.7
2025-12-04 16:18:51,405 - INFO - BuildTower - OpenPoseThread: Gaze3D frame=8 id=None label=None v=[-0.311, -0.165, 0.936] yaw=-18.4 pitch=9.5
2025-12-04 16:18:51,667 - INFO - BuildTower - OpenPoseThread: gaze frame_idx=8 ts=2025-12-04T16:18:51.659477Z people=2
2025-12-04 16:18:51,667 - INFO - BuildTower - OpenPoseThread: Gaze3D frame=8 id=None label=None v=[-0.677, 0.107, 0.728] yaw=-43.0 pitch=-6.2
2025-12-04 16:18:51,667 - INFO - BuildTower - OpenPoseThread: Gaze3D frame=8 id=None label=None v=[-0.270, -0.196, 0.943] yaw=-16.0 pitch=11.3
2025-12-04 16:18:51,893 - INFO - BuildTower - OpenPoseThread: gaze frame_idx=8 ts=2025-12-04T16:18:51.892029Z people=2
2025-12-04 16:18:51,893 - INFO - BuildTower - OpenPoseThread: Gaze3D frame=8 id=None label=None v=[-0.571, -0.219, 0.791] yaw=-35.9 pitch=12.7
2025-12-04 16:18:51,893 - INFO - BuildTower - OpenPoseThread: Gaze3D frame=8 id=None label=None v=[-0.294, -0.211, 0.932] yaw=-17.5 pitch=12.2
2025-12-04 16:18:52,132 - INFO - BuildTower - OpenPoseThread: gaze frame_idx=8 ts=2025-12-04T16:18:52.131313Z people=2
2025-12-04 16:18:52,132 - INFO - BuildTower - OpenPoseThread: Gaze3D frame=8 id=None label=None v=[-0.445, -0.389, 0.807] yaw=-28.9 pitch=22.9
2025-12-04 16:18:52,132 - INFO - BuildTower - OpenPoseThread: Gaze3D frame=8 id=None label=None v=[-0.336, -0.277, 0.900] yaw=-20.5 pitch=16.1
2025-12-04 16:18:52,402 - INFO - BuildTower - OpenPoseThread: gaze frame_idx=8 ts=2025-12-04T16:18:52.401416Z people=2
2025-12-04 16:18:52,402 - INFO - BuildTower - OpenPoseThread: Gaze3D frame=8 id=None label=None v=[-0.146, -0.596, 0.790] yaw=-10.5 pitch=36.6
2025-12-04 16:18:52,402 - INFO - BuildTower - OpenPoseThread: Gaze3D frame=8 id=None label=None v=[-0.395, -0.183, 0.900] yaw=-23.7 pitch=10.5
2025-12-04 16:18:52,654 - INFO - BuildTower - OpenPoseThread: gaze frame_idx=8 ts=2025-12-04T16:18:52.653635Z people=2
2025-12-04 16:18:52,654 - INFO - BuildTower - OpenPoseThread: Gaze3D frame=8 id=None label=None v=[-0.183, -0.576, 0.797] yaw=-12.9 pitch=35.2
2025-12-04 16:18:52,655 - INFO - BuildTower - OpenPoseThread: Gaze3D frame=8 id=None label=None v=[-0.358, -0.455, 0.816] yaw=-23.7 pitch=27.1
2025-12-04 16:18:52,895 - INFO - BuildTower - OpenPoseThread: gaze frame_idx=8 ts=2025-12-04T16:18:52.894476Z people=2
2025-12-04 16:18:52,895 - INFO - BuildTower - OpenPoseThread: Gaze3D frame=8 id=None label=None v=[-0.327, -0.555, 0.765] yaw=-23.2 pitch=33.7
2025-12-04 16:18:52,895 - INFO - BuildTower - OpenPoseThread: Gaze3D frame=8 id=None label=None v=[-0.330, -0.434, 0.839] yaw=-21.5 pitch=25.7
2025-12-04 16:18:53,150 - INFO - BuildTower - OpenPoseThread: gaze frame_idx=8 ts=2025-12-04T16:18:53.150039Z people=2
2025-12-04 16:18:53,151 - INFO - BuildTower - OpenPoseThread: Gaze3D frame=8 id=None label=None v=[-0.248, -0.627, 0.739] yaw=-18.6 pitch=38.8
2025-12-04 16:18:53,151 - INFO - BuildTower - OpenPoseThread: Gaze3D frame=8 id=None label=None v=[-0.240, -0.345, 0.907] yaw=-14.8 pitch=20.2
2025-12-04 16:18:53,423 - INFO - BuildTower - OpenPoseThread: gaze frame_idx=8 ts=2025-12-04T16:18:53.422698Z people=2
2025-12-04 16:18:53,423 - INFO - BuildTower - OpenPoseThread: Gaze3D frame=8 id=None label=None v=[-0.203, -0.655, 0.728] yaw=-15.6 pitch=40.9
2025-12-04 16:18:53,423 - INFO - BuildTower - OpenPoseThread: Gaze3D frame=8 id=None label=None v=[-0.301, -0.477, 0.826] yaw=-20.0 pitch=28.5
2025-12-04 16:18:53,682 - INFO - BuildTower - OpenPoseThread: gaze frame_idx=8 ts=2025-12-04T16:18:53.681497Z people=2
2025-12-04 16:18:53,682 - INFO - BuildTower - OpenPoseThread: Gaze3D frame=8 id=None label=None v=[-0.505, -0.227, 0.833] yaw=-31.2 pitch=13.1
2025-12-04 16:18:53,682 - INFO - BuildTower - OpenPoseThread: Gaze3D frame=8 id=None label=None v=[-0.347, -0.402, 0.847] yaw=-22.2 pitch=23.7
2025-12-04 16:18:53,942 - INFO - BuildTower - OpenPoseThread: gaze frame_idx=8 ts=2025-12-04T16:18:53.941042Z people=2
2025-12-04 16:18:53,942 - INFO - BuildTower - OpenPoseThread: Gaze3D frame=8 id=None label=None v=[-0.349, -0.014, 0.937] yaw=-20.4 pitch=0.8
2025-12-04 16:18:53,942 - INFO - BuildTower - OpenPoseThread: Gaze3D frame=8 id=None label=None v=[-0.296, -0.544, 0.785] yaw=-20.7 pitch=32.9
2025-12-04 16:18:54,200 - INFO - BuildTower - OpenPoseThread: gaze frame_idx=8 ts=2025-12-04T16:18:54.199703Z people=2
2025-12-04 16:18:54,201 - INFO - BuildTower - OpenPoseThread: Gaze3D frame=8 id=None label=None v=[-0.400, -0.040, 0.916] yaw=-23.6 pitch=2.3
2025-12-04 16:18:54,201 - INFO - BuildTower - OpenPoseThread: Gaze3D frame=8 id=None label=None v=[-0.424, -0.379, 0.823] yaw=-27.2 pitch=22.3
2025-12-04 16:18:54,459 - INFO - BuildTower - OpenPoseThread: gaze frame_idx=8 ts=2025-12-04T16:18:54.458126Z people=2
2025-12-04 16:18:54,459 - INFO - BuildTower - OpenPoseThread: Gaze3D frame=8 id=None label=None v=[-0.206, -0.211, 0.955] yaw=-12.2 pitch=12.2
2025-12-04 16:18:54,459 - INFO - BuildTower - OpenPoseThread: Gaze3D frame=8 id=None label=None v=[-0.391, -0.253, 0.885] yaw=-23.8 pitch=14.7
2025-12-04 16:18:54,714 - INFO - BuildTower - OpenPoseThread: gaze frame_idx=8 ts=2025-12-04T16:18:54.713074Z people=2
2025-12-04 16:18:54,714 - INFO - BuildTower - OpenPoseThread: Gaze3D frame=8 id=None label=None v=[-0.230, 0.631, 0.741] yaw=-17.3 pitch=-39.1
2025-12-04 16:18:54,714 - INFO - BuildTower - OpenPoseThread: Gaze3D frame=8 id=None label=None v=[-0.429, -0.116, 0.896] yaw=-25.6 pitch=6.6
2025-12-04 16:18:54,975 - INFO - BuildTower - OpenPoseThread: gaze frame_idx=8 ts=2025-12-04T16:18:54.974273Z people=2
2025-12-04 16:18:54,975 - INFO - BuildTower - OpenPoseThread: Gaze3D frame=8 id=None label=None v=[-0.409, -0.097, 0.907] yaw=-24.3 pitch=5.6
2025-12-04 16:18:54,975 - INFO - BuildTower - OpenPoseThread: Gaze3D frame=8 id=None label=None v=[-0.451, -0.178, 0.875] yaw=-27.3 pitch=10.2
2025-12-04 16:18:55,233 - INFO - BuildTower - OpenPoseThread: gaze frame_idx=8 ts=2025-12-04T16:18:55.233014Z people=2
2025-12-04 16:18:55,234 - INFO - BuildTower - OpenPoseThread: Gaze3D frame=8 id=None label=None v=[-0.394, 0.398, 0.828] yaw=-25.5 pitch=-23.4
2025-12-04 16:18:55,234 - INFO - BuildTower - OpenPoseThread: Gaze3D frame=8 id=None label=None v=[-0.409, -0.277, 0.870] yaw=-25.2 pitch=16.1
2025-12-04 16:18:55,262 - ERROR - BuildTower - OpenPoseThread: timeout waiting for reply for cmd=PR: Arm Extended Check
2025-12-04 16:18:55,263 - INFO - BuildTower - Sending to OpenPose (via thread): PR: Arm Retracted Check
2025-12-04 16:18:55,487 - INFO - BuildTower - OpenPoseThread: gaze frame_idx=8 ts=2025-12-04T16:18:55.486907Z people=2
2025-12-04 16:18:55,488 - INFO - BuildTower - OpenPoseThread: Gaze3D frame=8 id=None label=None v=[-0.499, -0.249, 0.830] yaw=-31.0 pitch=14.4
2025-12-04 16:18:55,488 - INFO - BuildTower - OpenPoseThread: Gaze3D frame=8 id=None label=None v=[-0.439, -0.184, 0.879] yaw=-26.6 pitch=10.6
2025-12-04 16:18:55,738 - INFO - BuildTower - OpenPoseThread: gaze frame_idx=8 ts=2025-12-04T16:18:55.737420Z people=2
2025-12-04 16:18:55,738 - INFO - BuildTower - OpenPoseThread: Gaze3D frame=8 id=None label=None v=[-0.460, -0.448, 0.767] yaw=-31.0 pitch=26.6
2025-12-04 16:18:55,739 - INFO - BuildTower - OpenPoseThread: Gaze3D frame=8 id=None label=None v=[-0.460, -0.251, 0.852] yaw=-28.4 pitch=14.5
2025-12-04 16:18:55,998 - INFO - BuildTower - OpenPoseThread: gaze frame_idx=8 ts=2025-12-04T16:18:55.996912Z people=2
2025-12-04 16:18:55,998 - INFO - BuildTower - OpenPoseThread: Gaze3D frame=8 id=None label=None v=[-0.462, -0.284, 0.840] yaw=-28.8 pitch=16.5
2025-12-04 16:18:55,998 - INFO - BuildTower - OpenPoseThread: Gaze3D frame=8 id=None label=None v=[-0.416, -0.380, 0.826] yaw=-26.7 pitch=22.4
2025-12-04 16:18:56,169 - INFO - BuildTower - OpenPoseThread: gaze frame_idx=8 ts=2025-12-04T16:18:56.168588Z people=1
2025-12-04 16:18:56,169 - INFO - BuildTower - OpenPoseThread: Gaze3D frame=8 id=None label=None v=[-0.360, -0.243, 0.901] yaw=-21.8 pitch=14.1
2025-12-04 16:18:56,344 - INFO - BuildTower - OpenPoseThread: gaze frame_idx=8 ts=2025-12-04T16:18:56.343323Z people=1
2025-12-04 16:18:56,344 - INFO - BuildTower - OpenPoseThread: Gaze3D frame=8 id=None label=None v=[-0.307, -0.258, 0.916] yaw=-18.5 pitch=14.9
2025-12-04 16:18:56,524 - INFO - BuildTower - OpenPoseThread: gaze frame_idx=8 ts=2025-12-04T16:18:56.523456Z people=1
2025-12-04 16:18:56,524 - INFO - BuildTower - OpenPoseThread: Gaze3D frame=8 id=None label=None v=[-0.278, -0.147, 0.949] yaw=-16.3 pitch=8.4
2025-12-04 16:18:56,714 - INFO - BuildTower - OpenPoseThread: gaze frame_idx=8 ts=2025-12-04T16:18:56.705609Z people=1
2025-12-04 16:18:56,714 - INFO - BuildTower - OpenPoseThread: Gaze3D frame=8 id=None label=None v=[-0.331, -0.119, 0.936] yaw=-19.4 pitch=6.8
2025-12-04 16:18:56,897 - INFO - BuildTower - OpenPoseThread: gaze frame_idx=8 ts=2025-12-04T16:18:56.896032Z people=1
2025-12-04 16:18:56,897 - INFO - BuildTower - OpenPoseThread: Gaze3D frame=8 id=right label=Right person v=[-0.403, -0.407, 0.820] yaw=-26.2 pitch=24.0
2025-12-04 16:18:57,834 - INFO - BuildTower - OpenPoseThread: gaze frame_idx=16 ts=2025-12-04T16:18:57.833101Z people=1
2025-12-04 16:18:57,834 - INFO - BuildTower - OpenPoseThread: Gaze3D frame=16 id=right label=Right person v=[-0.394, -0.294, 0.871] yaw=-24.3 pitch=17.1
2025-12-04 16:18:58,468 - INFO - BuildTower - OpenPoseThread: gaze frame_idx=24 ts=2025-12-04T16:18:58.467096Z people=1
2025-12-04 16:18:58,468 - INFO - BuildTower - OpenPoseThread: Gaze3D frame=24 id=right label=Right person v=[-0.527, -0.152, 0.836] yaw=-32.2 pitch=8.7
2025-12-04 16:18:59,359 - INFO - BuildTower - OpenPoseThread: gaze frame_idx=32 ts=2025-12-04T16:18:59.358066Z people=1
2025-12-04 16:18:59,359 - INFO - BuildTower - OpenPoseThread: Gaze3D frame=32 id=right label=Right person v=[-0.562, -0.230, 0.795] yaw=-35.2 pitch=13.3
2025-12-04 16:19:00,068 - INFO - BuildTower - OpenPoseThread: gaze frame_idx=40 ts=2025-12-04T16:19:00.067329Z people=1
2025-12-04 16:19:00,068 - INFO - BuildTower - OpenPoseThread: Gaze3D frame=40 id=right label=Right person v=[-0.550, -0.074, 0.832] yaw=-33.5 pitch=4.2
