2025-12-02 15:39:57,943 - INFO - BuildTower - Connected to OpenPose server
2025-12-02 15:39:57,944 - INFO - BuildTower - Connected to Gaze server
2025-12-02 15:39:58,092 - INFO - BuildTower - Robot parameters: robot_name=my_gen3, dof=7, gripper_present=True
2025-12-02 15:39:58,098 - INFO - BuildTower - Service initialized: /my_gen3/base/clear_faults
2025-12-02 15:39:58,100 - INFO - BuildTower - Service initialized: /my_gen3/base/read_action
2025-12-02 15:39:58,102 - INFO - BuildTower - Service initialized: /my_gen3/base/execute_action
2025-12-02 15:39:58,103 - INFO - BuildTower - Service initialized: /my_gen3/control_config/set_cartesian_reference_frame
2025-12-02 15:39:58,104 - INFO - BuildTower - Service initialized: /my_gen3/base/activate_publishing_of_action_topic
2025-12-02 15:39:58,105 - INFO - BuildTower - Service initialized: /my_gen3/base/send_gripper_command
2025-12-02 15:39:58,106 - INFO - BuildTower - BuildTower class initialized successfully.
2025-12-02 15:39:58,107 - INFO - BuildTower - ROS parameter /kortex_examples_test_results/cartesian_poses_with_notifications_python did not exist or could not be deleted.
2025-12-02 15:39:58,107 - INFO - BuildTower - Starting main robot control loop.
2025-12-02 15:39:58,113 - INFO - BuildTower - Robot faults cleared successfully.
2025-12-02 15:40:00,639 - INFO - BuildTower - Cartesian reference frame set successfully.
2025-12-02 15:40:00,642 - INFO - BuildTower - Activating action notifications.
2025-12-02 15:40:00,664 - INFO - BuildTower - Action Notifications successfully activated.
2025-12-02 15:40:01,694 - INFO - BuildTower - Sending robot to home position.
2025-12-02 15:40:04,683 - INFO - BuildTower - User pressed Enter. Continuing with configuration 1
2025-12-02 15:40:04,683 - INFO - BuildTower - Parsing information from file: config2
2025-12-02 15:40:04,683 - INFO - BuildTower - Parsed turn_order: ybypbpbpy

2025-12-02 15:40:04,684 - INFO - BuildTower - Parsed object_order: 143

2025-12-02 15:40:04,684 - INFO - BuildTower - Sent turn_order and waiting for response from OpenPose server.
2025-12-02 15:40:04,684 - INFO - BuildTower - Sending turn order to OpenPose server: ybypbpbpy

2025-12-02 15:40:04,684 - DEBUG - BuildTower - Gaze rx: (none available)
2025-12-02 15:40:04,685 - DEBUG - BuildTower - Gaze rx: (none available)
2025-12-02 15:40:04,685 - DEBUG - BuildTower - Gaze rx: (none available)
2025-12-02 15:40:04,685 - INFO - BuildTower - Received reply from OpenPose server: Order Received
2025-12-02 15:40:04,686 - INFO - BuildTower - Starting mutual gaze calibration for 10.0 seconds
2025-12-02 15:40:14,687 - INFO - BuildTower - Calibration done: yaw_bias=-16.924 deg, pitch_bias=6.822 deg
2025-12-02 15:40:14,688 - INFO - BuildTower - Executing turn 0 out of 9.
2025-12-02 15:40:14,697 - INFO - BuildTower - Sending robot to home position.
2025-12-02 15:40:15,314 - INFO - BuildTower - Moving block from start 0.28 to target 0.307. Turn: 0, Block Shape: 1
2025-12-02 15:40:15,316 - INFO - BuildTower - Sending gripper command: value=0
2025-12-02 15:40:15,839 - INFO - BuildTower - Gripper command 0 sent successfully.
2025-12-02 15:40:15,841 - INFO - BuildTower - Attempting to go to position: x=0.47, y=0.18, z=0.325, theta_x=100.0, theta_y=0.0, theta_z=90.0
2025-12-02 15:40:15,841 - DEBUG - BuildTower - Set speed for pose: translation=1, orientation=100
2025-12-02 15:40:15,869 - INFO - BuildTower - Pose action initiated, waiting for completion.
2025-12-02 15:40:18,500 - INFO - BuildTower - Robot action ended.
2025-12-02 15:40:18,500 - INFO - BuildTower - Attempting to go to position: x=0.47, y=0.18, z=0.28, theta_x=100.0, theta_y=0.0, theta_z=90.0
2025-12-02 15:40:18,500 - DEBUG - BuildTower - Set speed for pose: translation=1, orientation=100
2025-12-02 15:40:18,515 - INFO - BuildTower - Pose action initiated, waiting for completion.
2025-12-02 15:40:19,222 - INFO - BuildTower - Robot action ended.
2025-12-02 15:40:19,225 - INFO - BuildTower - Sending gripper command: value=0.075
2025-12-02 15:40:19,739 - INFO - BuildTower - Gripper command 0.075 sent successfully.
2025-12-02 15:40:19,741 - INFO - BuildTower - Attempting to go to position: x=0.47, y=0.18, z=0.325, theta_x=100.0, theta_y=0.0, theta_z=90.0
2025-12-02 15:40:19,741 - DEBUG - BuildTower - Set speed for pose: translation=1, orientation=100
2025-12-02 15:40:19,765 - INFO - BuildTower - Pose action initiated, waiting for completion.
2025-12-02 15:40:20,503 - INFO - BuildTower - Robot action ended.
2025-12-02 15:40:20,503 - INFO - BuildTower - Attempting to go to position: x=0.735, y=0.0, z=0.352, theta_x=100.0, theta_y=0.0, theta_z=90.0
2025-12-02 15:40:20,503 - DEBUG - BuildTower - Set speed for pose: translation=1, orientation=100
2025-12-02 15:40:20,515 - INFO - BuildTower - Pose action initiated, waiting for completion.
2025-12-02 15:40:23,995 - INFO - BuildTower - Robot action ended.
2025-12-02 15:40:23,995 - INFO - BuildTower - Attempting to go to position: x=0.735, y=0.0, z=0.307, theta_x=100.0, theta_y=0.0, theta_z=90.0
2025-12-02 15:40:23,995 - DEBUG - BuildTower - Set speed for pose: translation=1, orientation=100
2025-12-02 15:40:24,016 - INFO - BuildTower - Pose action initiated, waiting for completion.
2025-12-02 15:40:24,744 - INFO - BuildTower - Robot action ended.
2025-12-02 15:40:24,747 - INFO - BuildTower - Sending gripper command: value=0
2025-12-02 15:40:25,268 - INFO - BuildTower - Gripper command 0 sent successfully.
2025-12-02 15:40:25,270 - INFO - BuildTower - Attempting to go to position: x=0.735, y=0.0, z=0.352, theta_x=100.0, theta_y=0.0, theta_z=90.0
2025-12-02 15:40:25,270 - DEBUG - BuildTower - Set speed for pose: translation=1, orientation=100
2025-12-02 15:40:25,291 - INFO - BuildTower - Pose action initiated, waiting for completion.
2025-12-02 15:40:26,018 - INFO - BuildTower - Robot action ended.
2025-12-02 15:40:26,018 - INFO - BuildTower - Robot completed its turn. Robot turn count: 1
2025-12-02 15:40:26,018 - INFO - BuildTower - Executing turn 1 out of 9.
2025-12-02 15:40:26,019 - INFO - BuildTower - Gaze rx: frame_idx=140 ts=2025-12-02T15:40:25.810347Z people=2
2025-12-02 15:40:26,019 - INFO - BuildTower - Gaze3D rx frame=140 id=left label=Left person v=[-0.499, -0.139, 0.855] yaw=-30.2 pitch=8.0
2025-12-02 15:40:26,019 - INFO - BuildTower - Gaze3D rx frame=140 id=right label=Right person v=[-0.480, -0.136, 0.866] yaw=-29.0 pitch=7.8
2025-12-02 15:40:26,019 - INFO - BuildTower - Mutual gaze detected with RIGHT person -> looking at person 1.
2025-12-02 15:40:26,019 - INFO - BuildTower - Robot moving to look at person in the right.
2025-12-02 15:40:26,019 - INFO - BuildTower - Attempting to go to position: x=0.5, y=0.08, z=0.5, theta_x=80, theta_y=0, theta_z=105
2025-12-02 15:40:26,019 - DEBUG - BuildTower - Set speed for pose: translation=1, orientation=100
2025-12-02 15:40:26,042 - INFO - BuildTower - Pose action initiated, waiting for completion.
2025-12-02 15:40:30,670 - INFO - BuildTower - Robot action ended.
2025-12-02 15:40:30,670 - INFO - BuildTower - Sending to OpenPose with gaze tracking: PL: Arm Extended Check
2025-12-02 15:40:30,670 - INFO - BuildTower - Gaze rx: frame_idx=176 ts=2025-12-02T15:40:30.421866Z people=2
2025-12-02 15:40:30,670 - INFO - BuildTower - Gaze3D rx frame=176 id=left label=Left person v=[-0.363, -0.147, 0.920] yaw=-21.5 pitch=8.5
2025-12-02 15:40:30,671 - INFO - BuildTower - Gaze3D rx frame=176 id=right label=Right person v=[-0.311, -0.118, 0.943] yaw=-18.3 pitch=6.8
2025-12-02 15:40:30,671 - INFO - BuildTower - Mutual gaze detected with RIGHT person -> looking at person 1.
2025-12-02 15:40:30,671 - INFO - BuildTower - Robot moving to look at person in the right.
2025-12-02 15:40:30,671 - INFO - BuildTower - Attempting to go to position: x=0.5, y=0.08, z=0.5, theta_x=80, theta_y=0, theta_z=105
2025-12-02 15:40:30,671 - DEBUG - BuildTower - Set speed for pose: translation=1, orientation=100
2025-12-02 15:40:30,717 - INFO - BuildTower - Pose action initiated, waiting for completion.
2025-12-02 15:40:30,800 - INFO - BuildTower - Robot action ended.
2025-12-02 15:40:30,996 - INFO - BuildTower - Gaze rx: frame_idx=180 ts=2025-12-02T15:40:30.995198Z people=2
2025-12-02 15:40:30,996 - INFO - BuildTower - Gaze3D rx frame=180 id=left label=Left person v=[-0.067, -0.113, 0.991] yaw=-3.8 pitch=6.5
2025-12-02 15:40:30,996 - INFO - BuildTower - Gaze3D rx frame=180 id=right label=Right person v=[-0.317, -0.147, 0.937] yaw=-18.7 pitch=8.5
2025-12-02 15:40:30,996 - INFO - BuildTower - Mutual gaze detected with RIGHT person -> looking at person 1.
2025-12-02 15:40:30,996 - INFO - BuildTower - Robot moving to look at person in the right.
2025-12-02 15:40:30,996 - INFO - BuildTower - Attempting to go to position: x=0.5, y=0.08, z=0.5, theta_x=80, theta_y=0, theta_z=105
2025-12-02 15:40:30,996 - DEBUG - BuildTower - Set speed for pose: translation=1, orientation=100
2025-12-02 15:40:31,017 - INFO - BuildTower - Pose action initiated, waiting for completion.
2025-12-02 15:40:31,120 - INFO - BuildTower - Robot action ended.
2025-12-02 15:40:31,434 - INFO - BuildTower - Gaze rx: frame_idx=184 ts=2025-12-02T15:40:31.433699Z people=2
2025-12-02 15:40:31,441 - INFO - BuildTower - Gaze3D rx frame=184 id=left label=Left person v=[-0.242, -0.059, 0.968] yaw=-14.0 pitch=3.4
2025-12-02 15:40:31,441 - INFO - BuildTower - Gaze3D rx frame=184 id=right label=Right person v=[-0.156, 0.200, 0.967] yaw=-9.1 pitch=-11.5
2025-12-02 15:40:31,442 - INFO - BuildTower - Mutual gaze detected with LEFT person -> looking at person 2.
2025-12-02 15:40:31,442 - INFO - BuildTower - Robot moving to look at person in the left.
2025-12-02 15:40:31,442 - INFO - BuildTower - Attempting to go to position: x=0.5, y=-0.08, z=0.5, theta_x=80, theta_y=0, theta_z=75
2025-12-02 15:40:31,442 - DEBUG - BuildTower - Set speed for pose: translation=1, orientation=100
2025-12-02 15:40:31,472 - INFO - BuildTower - Pose action initiated, waiting for completion.
2025-12-02 15:40:36,977 - INFO - BuildTower - Robot action ended.
2025-12-02 15:40:36,978 - INFO - BuildTower - Gaze rx: frame_idx=228 ts=2025-12-02T15:40:36.864972Z people=2
2025-12-02 15:40:36,978 - INFO - BuildTower - Gaze3D rx frame=228 id=left label=Left person v=[-0.242, -0.054, 0.969] yaw=-14.0 pitch=3.1
2025-12-02 15:40:36,978 - INFO - BuildTower - Gaze3D rx frame=228 id=right label=Right person v=[-0.292, -0.056, 0.955] yaw=-17.0 pitch=3.2
2025-12-02 15:40:36,978 - INFO - BuildTower - Mutual gaze detected with RIGHT person -> looking at person 1.
2025-12-02 15:40:36,978 - INFO - BuildTower - Robot moving to look at person in the right.
2025-12-02 15:40:36,979 - INFO - BuildTower - Attempting to go to position: x=0.5, y=0.08, z=0.5, theta_x=80, theta_y=0, theta_z=105
2025-12-02 15:40:36,979 - DEBUG - BuildTower - Set speed for pose: translation=1, orientation=100
2025-12-02 15:40:36,992 - INFO - BuildTower - Pose action initiated, waiting for completion.
2025-12-02 15:40:42,497 - INFO - BuildTower - Robot action ended.
2025-12-02 15:40:42,498 - INFO - BuildTower - Gaze rx: frame_idx=268 ts=2025-12-02T15:40:42.301179Z people=2
2025-12-02 15:40:42,498 - INFO - BuildTower - Gaze3D rx frame=268 id=left label=Left person v=[-0.227, -0.085, 0.970] yaw=-13.2 pitch=4.9
2025-12-02 15:40:42,498 - INFO - BuildTower - Gaze3D rx frame=268 id=right label=Right person v=[-0.361, -0.091, 0.928] yaw=-21.3 pitch=5.2
2025-12-02 15:40:42,498 - INFO - BuildTower - Mutual gaze detected with LEFT person -> looking at person 2.
2025-12-02 15:40:42,499 - INFO - BuildTower - Robot moving to look at person in the left.
2025-12-02 15:40:42,499 - INFO - BuildTower - Attempting to go to position: x=0.5, y=-0.08, z=0.5, theta_x=80, theta_y=0, theta_z=75
2025-12-02 15:40:42,499 - DEBUG - BuildTower - Set speed for pose: translation=1, orientation=100
2025-12-02 15:40:42,518 - INFO - BuildTower - Pose action initiated, waiting for completion.
2025-12-02 15:40:48,023 - INFO - BuildTower - Robot action ended.
2025-12-02 15:40:48,023 - INFO - BuildTower - Received reply from OpenPose (with gaze tracking): Left: Arm Extended
2025-12-02 15:40:48,047 - INFO - BuildTower - Sending robot to home position.
2025-12-02 15:40:48,667 - INFO - BuildTower - Sending to OpenPose with gaze tracking: PL: Arm Retracted Check
2025-12-02 15:40:48,667 - INFO - BuildTower - Gaze rx: frame_idx=316 ts=2025-12-02T15:40:48.403024Z people=2
2025-12-02 15:40:48,668 - INFO - BuildTower - Gaze3D rx frame=316 id=left label=Left person v=[-0.059, -0.173, 0.983] yaw=-3.4 pitch=9.9
2025-12-02 15:40:48,668 - INFO - BuildTower - Gaze3D rx frame=316 id=right label=Right person v=[-0.305, -0.043, 0.951] yaw=-17.8 pitch=2.5
2025-12-02 15:40:48,668 - INFO - BuildTower - Mutual gaze detected with RIGHT person -> looking at person 1.
2025-12-02 15:40:48,668 - INFO - BuildTower - Robot moving to look at person in the right.
2025-12-02 15:40:48,668 - INFO - BuildTower - Attempting to go to position: x=0.5, y=0.08, z=0.5, theta_x=80, theta_y=0, theta_z=105
2025-12-02 15:40:48,669 - DEBUG - BuildTower - Set speed for pose: translation=1, orientation=100
2025-12-02 15:40:48,693 - INFO - BuildTower - Pose action initiated, waiting for completion.
2025-12-02 15:40:52,555 - INFO - BuildTower - Robot action ended.
2025-12-02 15:40:52,555 - INFO - BuildTower - Gaze rx: frame_idx=344 ts=2025-12-02T15:40:52.486287Z people=2
2025-12-02 15:40:52,555 - INFO - BuildTower - Gaze3D rx frame=344 id=left label=Left person v=[-0.229, 0.155, 0.961] yaw=-13.4 pitch=-8.9
2025-12-02 15:40:52,555 - INFO - BuildTower - Gaze3D rx frame=344 id=right label=Right person v=[-0.034, 0.094, 0.995] yaw=-2.0 pitch=-5.4
2025-12-02 15:40:52,555 - INFO - BuildTower - Mutual gaze detected with RIGHT person -> looking at person 1.
2025-12-02 15:40:52,556 - INFO - BuildTower - Robot moving to look at person in the right.
2025-12-02 15:40:52,556 - INFO - BuildTower - Attempting to go to position: x=0.5, y=0.08, z=0.5, theta_x=80, theta_y=0, theta_z=105
2025-12-02 15:40:52,556 - DEBUG - BuildTower - Set speed for pose: translation=1, orientation=100
2025-12-02 15:40:52,568 - INFO - BuildTower - Pose action initiated, waiting for completion.
2025-12-02 15:40:52,650 - INFO - BuildTower - Robot action ended.
2025-12-02 15:40:52,651 - INFO - BuildTower - Received reply from OpenPose (with gaze tracking): Left: Arm Retracted
2025-12-02 15:40:52,671 - INFO - BuildTower - Sending robot to home position.
2025-12-02 15:40:53,292 - INFO - BuildTower - Executing turn 2 out of 9.
2025-12-02 15:40:53,322 - INFO - BuildTower - Sending robot to home position.
2025-12-02 15:40:53,946 - INFO - BuildTower - Moving block from start 0.3 to target 0.387. Turn: 2, Block Shape: 4
2025-12-02 15:40:53,948 - INFO - BuildTower - Sending gripper command: value=0
2025-12-02 15:40:54,467 - INFO - BuildTower - Gripper command 0 sent successfully.
2025-12-02 15:40:54,469 - INFO - BuildTower - Attempting to go to position: x=0.3, y=0.3, z=0.345, theta_x=100.0, theta_y=0.0, theta_z=90.0
2025-12-02 15:40:54,469 - DEBUG - BuildTower - Set speed for pose: translation=1, orientation=100
2025-12-02 15:40:54,493 - INFO - BuildTower - Pose action initiated, waiting for completion.
2025-12-02 15:40:58,879 - INFO - BuildTower - Robot action ended.
2025-12-02 15:40:58,879 - INFO - BuildTower - Attempting to go to position: x=0.3, y=0.3, z=0.3, theta_x=100.0, theta_y=0.0, theta_z=90.0
2025-12-02 15:40:58,879 - DEBUG - BuildTower - Set speed for pose: translation=1, orientation=100
2025-12-02 15:40:58,898 - INFO - BuildTower - Pose action initiated, waiting for completion.
2025-12-02 15:40:59,625 - INFO - BuildTower - Robot action ended.
2025-12-02 15:40:59,627 - INFO - BuildTower - Sending gripper command: value=0.7
2025-12-02 15:41:00,143 - INFO - BuildTower - Gripper command 0.7 sent successfully.
2025-12-02 15:41:00,145 - INFO - BuildTower - Attempting to go to position: x=0.3, y=0.3, z=0.435, theta_x=100.0, theta_y=0.0, theta_z=90.0
2025-12-02 15:41:00,145 - DEBUG - BuildTower - Set speed for pose: translation=1, orientation=100
2025-12-02 15:41:00,169 - INFO - BuildTower - Pose action initiated, waiting for completion.
2025-12-02 15:41:01,804 - INFO - BuildTower - Robot action ended.
2025-12-02 15:41:01,804 - INFO - BuildTower - Attempting to go to position: x=0.735, y=0.0, z=0.432, theta_x=100.0, theta_y=0.0, theta_z=90.0
2025-12-02 15:41:01,805 - DEBUG - BuildTower - Set speed for pose: translation=1, orientation=100
2025-12-02 15:41:01,819 - INFO - BuildTower - Pose action initiated, waiting for completion.
2025-12-02 15:41:07,375 - INFO - BuildTower - Robot action ended.
2025-12-02 15:41:07,375 - INFO - BuildTower - Attempting to go to position: x=0.735, y=0.0, z=0.387, theta_x=100.0, theta_y=0.0, theta_z=90.0
2025-12-02 15:41:07,375 - DEBUG - BuildTower - Set speed for pose: translation=1, orientation=100
2025-12-02 15:41:07,394 - INFO - BuildTower - Pose action initiated, waiting for completion.
2025-12-02 15:41:08,129 - INFO - BuildTower - Robot action ended.
2025-12-02 15:41:08,131 - INFO - BuildTower - Sending gripper command: value=0
2025-12-02 15:41:08,643 - INFO - BuildTower - Gripper command 0 sent successfully.
2025-12-02 15:41:08,646 - INFO - BuildTower - Attempting to go to position: x=0.735, y=0.0, z=0.432, theta_x=100.0, theta_y=0.0, theta_z=90.0
2025-12-02 15:41:08,646 - DEBUG - BuildTower - Set speed for pose: translation=1, orientation=100
2025-12-02 15:41:08,694 - INFO - BuildTower - Pose action initiated, waiting for completion.
2025-12-02 15:41:09,402 - INFO - BuildTower - Robot action ended.
2025-12-02 15:41:09,403 - INFO - BuildTower - Robot completed its turn. Robot turn count: 2
2025-12-02 15:41:09,403 - INFO - BuildTower - Executing turn 3 out of 9.
2025-12-02 15:41:09,403 - INFO - BuildTower - Gaze rx: frame_idx=448 ts=2025-12-02T15:41:09.254043Z people=2
2025-12-02 15:41:09,404 - INFO - BuildTower - Gaze3D rx frame=448 id=left label=Left person v=[-0.383, -0.054, 0.922] yaw=-22.5 pitch=3.1
2025-12-02 15:41:09,404 - INFO - BuildTower - Gaze3D rx frame=448 id=right label=Right person v=[-0.325, -0.168, 0.931] yaw=-19.3 pitch=9.6
2025-12-02 15:41:09,404 - INFO - BuildTower - Mutual gaze detected with RIGHT person -> looking at person 1.
2025-12-02 15:41:09,404 - INFO - BuildTower - Robot moving to look at person in the right.
2025-12-02 15:41:09,404 - INFO - BuildTower - Attempting to go to position: x=0.5, y=0.08, z=0.5, theta_x=80, theta_y=0, theta_z=105
2025-12-02 15:41:09,405 - DEBUG - BuildTower - Set speed for pose: translation=1, orientation=100
2025-12-02 15:41:09,420 - INFO - BuildTower - Pose action initiated, waiting for completion.
2025-12-02 15:41:14,059 - INFO - BuildTower - Robot action ended.
2025-12-02 15:41:14,059 - INFO - BuildTower - Sending to OpenPose with gaze tracking: PR: Arm Extended Check
2025-12-02 15:41:14,060 - INFO - BuildTower - Gaze rx: frame_idx=480 ts=2025-12-02T15:41:13.895034Z people=2
2025-12-02 15:41:14,060 - INFO - BuildTower - Gaze3D rx frame=480 id=left label=Left person v=[-0.247, -0.090, 0.965] yaw=-14.4 pitch=5.2
2025-12-02 15:41:14,060 - INFO - BuildTower - Gaze3D rx frame=480 id=right label=Right person v=[-0.202, -0.112, 0.973] yaw=-11.7 pitch=6.4
2025-12-02 15:41:14,060 - INFO - BuildTower - Mutual gaze detected with LEFT person -> looking at person 2.
2025-12-02 15:41:14,061 - INFO - BuildTower - Robot moving to look at person in the left.
2025-12-02 15:41:14,061 - INFO - BuildTower - Attempting to go to position: x=0.5, y=-0.08, z=0.5, theta_x=80, theta_y=0, theta_z=75
2025-12-02 15:41:14,061 - DEBUG - BuildTower - Set speed for pose: translation=1, orientation=100
2025-12-02 15:41:14,069 - INFO - BuildTower - Pose action initiated, waiting for completion.
2025-12-02 15:41:19,573 - INFO - BuildTower - Robot action ended.
2025-12-02 15:41:19,574 - INFO - BuildTower - Gaze rx: frame_idx=516 ts=2025-12-02T15:41:19.354582Z people=2
2025-12-02 15:41:19,574 - INFO - BuildTower - Gaze3D rx frame=516 id=left label=Left person v=[-0.243, -0.036, 0.969] yaw=-14.1 pitch=2.1
2025-12-02 15:41:19,574 - INFO - BuildTower - Gaze3D rx frame=516 id=right label=Right person v=[-0.165, -0.050, 0.985] yaw=-9.5 pitch=2.8
2025-12-02 15:41:19,575 - INFO - BuildTower - Mutual gaze detected with LEFT person -> looking at person 2.
2025-12-02 15:41:19,575 - INFO - BuildTower - Robot moving to look at person in the left.
2025-12-02 15:41:19,575 - INFO - BuildTower - Attempting to go to position: x=0.5, y=-0.08, z=0.5, theta_x=80, theta_y=0, theta_z=75
2025-12-02 15:41:19,575 - DEBUG - BuildTower - Set speed for pose: translation=1, orientation=100
2025-12-02 15:41:19,601 - INFO - BuildTower - Pose action initiated, waiting for completion.
2025-12-02 15:41:19,623 - INFO - BuildTower - Robot action ended.
2025-12-02 15:41:19,623 - INFO - BuildTower - Received reply from OpenPose (with gaze tracking): Right: Arm Extended
2025-12-02 15:41:19,650 - INFO - BuildTower - Sending robot to home position.
2025-12-02 15:41:20,269 - INFO - BuildTower - Sending to OpenPose with gaze tracking: PR: Arm Retracted Check
2025-12-02 15:41:20,270 - INFO - BuildTower - Gaze rx: frame_idx=520 ts=2025-12-02T15:41:20.244888Z people=2
2025-12-02 15:41:20,270 - INFO - BuildTower - Gaze3D rx frame=520 id=left label=Left person v=[-0.143, -0.111, 0.983] yaw=-8.3 pitch=6.4
2025-12-02 15:41:20,270 - INFO - BuildTower - Gaze3D rx frame=520 id=right label=Right person v=[-0.309, -0.071, 0.948] yaw=-18.1 pitch=4.1
2025-12-02 15:41:20,271 - INFO - BuildTower - Mutual gaze detected with RIGHT person -> looking at person 1.
2025-12-02 15:41:20,271 - INFO - BuildTower - Robot moving to look at person in the right.
2025-12-02 15:41:20,271 - INFO - BuildTower - Attempting to go to position: x=0.5, y=0.08, z=0.5, theta_x=80, theta_y=0, theta_z=105
2025-12-02 15:41:20,271 - DEBUG - BuildTower - Set speed for pose: translation=1, orientation=100
2025-12-02 15:41:20,296 - INFO - BuildTower - Pose action initiated, waiting for completion.
2025-12-02 15:41:24,502 - INFO - BuildTower - Robot action ended.
2025-12-02 15:41:24,502 - INFO - BuildTower - Gaze rx: frame_idx=544 ts=2025-12-02T15:41:24.396857Z people=2
2025-12-02 15:41:24,502 - INFO - BuildTower - Gaze3D rx frame=544 id=left label=Left person v=[-0.163, -0.099, 0.982] yaw=-9.4 pitch=5.7
2025-12-02 15:41:24,502 - INFO - BuildTower - Gaze3D rx frame=544 id=right label=Right person v=[-0.249, -0.078, 0.965] yaw=-14.5 pitch=4.5
2025-12-02 15:41:24,503 - INFO - BuildTower - Mutual gaze detected with RIGHT person -> looking at person 1.
2025-12-02 15:41:24,503 - INFO - BuildTower - Robot moving to look at person in the right.
2025-12-02 15:41:24,503 - INFO - BuildTower - Attempting to go to position: x=0.5, y=0.08, z=0.5, theta_x=80, theta_y=0, theta_z=105
2025-12-02 15:41:24,503 - DEBUG - BuildTower - Set speed for pose: translation=1, orientation=100
2025-12-02 15:41:24,522 - INFO - BuildTower - Pose action initiated, waiting for completion.
2025-12-02 15:41:24,625 - INFO - BuildTower - Robot action ended.
2025-12-02 15:41:24,626 - INFO - BuildTower - Received reply from OpenPose (with gaze tracking): Right: Arm Retracted
2025-12-02 15:41:24,650 - INFO - BuildTower - Sending robot to home position.
2025-12-02 15:41:25,270 - INFO - BuildTower - Executing turn 4 out of 9.
2025-12-02 15:41:25,270 - INFO - BuildTower - Gaze rx: frame_idx=548 ts=2025-12-02T15:41:25.243135Z people=2
2025-12-02 15:41:25,271 - INFO - BuildTower - Gaze3D rx frame=548 id=left label=Left person v=[-0.147, -0.117, 0.982] yaw=-8.5 pitch=6.7
2025-12-02 15:41:25,271 - INFO - BuildTower - Gaze3D rx frame=548 id=right label=Right person v=[-0.315, -0.139, 0.939] yaw=-18.6 pitch=8.0
2025-12-02 15:41:25,271 - INFO - BuildTower - Mutual gaze detected with RIGHT person -> looking at person 1.
2025-12-02 15:41:25,271 - INFO - BuildTower - Robot moving to look at person in the right.
2025-12-02 15:41:25,271 - INFO - BuildTower - Attempting to go to position: x=0.5, y=0.08, z=0.5, theta_x=80, theta_y=0, theta_z=105
2025-12-02 15:41:25,272 - DEBUG - BuildTower - Set speed for pose: translation=1, orientation=100
2025-12-02 15:41:25,296 - INFO - BuildTower - Pose action initiated, waiting for completion.
2025-12-02 15:41:27,677 - INFO - BuildTower - Robot action ended.
2025-12-02 15:41:27,678 - INFO - BuildTower - Sending to OpenPose with gaze tracking: PL: Arm Extended Check
2025-12-02 15:41:27,678 - INFO - BuildTower - Gaze rx: frame_idx=568 ts=2025-12-02T15:41:27.642238Z people=2
2025-12-02 15:41:27,678 - INFO - BuildTower - Gaze3D rx frame=568 id=left label=Left person v=[-0.175, -0.126, 0.976] yaw=-10.2 pitch=7.2
2025-12-02 15:41:27,679 - INFO - BuildTower - Gaze3D rx frame=568 id=right label=Right person v=[-0.344, -0.132, 0.930] yaw=-20.3 pitch=7.6
2025-12-02 15:41:27,679 - INFO - BuildTower - Mutual gaze detected with RIGHT person -> looking at person 1.
2025-12-02 15:41:27,679 - INFO - BuildTower - Robot moving to look at person in the right.
2025-12-02 15:41:27,679 - INFO - BuildTower - Attempting to go to position: x=0.5, y=0.08, z=0.5, theta_x=80, theta_y=0, theta_z=105
2025-12-02 15:41:27,679 - DEBUG - BuildTower - Set speed for pose: translation=1, orientation=100
2025-12-02 15:41:27,697 - INFO - BuildTower - Pose action initiated, waiting for completion.
2025-12-02 15:41:27,800 - INFO - BuildTower - Robot action ended.
2025-12-02 15:41:27,801 - INFO - BuildTower - Received reply from OpenPose (with gaze tracking): Left: Arm Extended
2025-12-02 15:41:27,826 - INFO - BuildTower - Sending robot to home position.
2025-12-02 15:41:28,445 - INFO - BuildTower - Sending to OpenPose with gaze tracking: PL: Arm Retracted Check
2025-12-02 15:41:28,445 - INFO - BuildTower - Gaze rx: frame_idx=572 ts=2025-12-02T15:41:28.073468Z people=2
2025-12-02 15:41:28,445 - INFO - BuildTower - Gaze3D rx frame=572 id=left label=Left person v=[-0.064, -0.132, 0.989] yaw=-3.7 pitch=7.6
2025-12-02 15:41:28,445 - INFO - BuildTower - Gaze3D rx frame=572 id=right label=Right person v=[-0.342, -0.116, 0.933] yaw=-20.1 pitch=6.7
2025-12-02 15:41:28,446 - INFO - BuildTower - Mutual gaze detected with RIGHT person -> looking at person 1.
2025-12-02 15:41:28,446 - INFO - BuildTower - Robot moving to look at person in the right.
2025-12-02 15:41:28,446 - INFO - BuildTower - Attempting to go to position: x=0.5, y=0.08, z=0.5, theta_x=80, theta_y=0, theta_z=105
2025-12-02 15:41:28,446 - DEBUG - BuildTower - Set speed for pose: translation=1, orientation=100
2025-12-02 15:41:28,470 - INFO - BuildTower - Pose action initiated, waiting for completion.
2025-12-02 15:41:31,033 - INFO - BuildTower - Robot action ended.
2025-12-02 15:41:31,034 - INFO - BuildTower - Gaze rx: frame_idx=588 ts=2025-12-02T15:41:31.001940Z people=2
2025-12-02 15:41:31,034 - INFO - BuildTower - Gaze3D rx frame=588 id=None label=None v=[-0.201, -0.162, 0.966] yaw=-11.7 pitch=9.3
2025-12-02 15:41:31,034 - INFO - BuildTower - Gaze3D rx frame=588 id=None label=None v=[-0.265, -0.066, 0.962] yaw=-15.4 pitch=3.8
2025-12-02 15:41:31,034 - INFO - BuildTower - No mutual gaze detected -> looking at tower as fallback.
2025-12-02 15:41:31,034 - INFO - BuildTower - Robot moving to look at tower.
2025-12-02 15:41:31,035 - INFO - BuildTower - Attempting to go to position: x=0.5, y=0, z=0.3, theta_x=110, theta_y=0, theta_z=90
2025-12-02 15:41:31,035 - DEBUG - BuildTower - Set speed for pose: translation=1, orientation=100
2025-12-02 15:41:31,047 - INFO - BuildTower - Pose action initiated, waiting for completion.
2025-12-02 15:41:37,157 - INFO - BuildTower - Robot action ended.
2025-12-02 15:41:37,157 - INFO - BuildTower - Received reply from OpenPose (with gaze tracking): Left: Arm Retracted
2025-12-02 15:41:37,175 - INFO - BuildTower - Sending robot to home position.
2025-12-02 15:41:37,796 - INFO - BuildTower - Executing turn 5 out of 9.
2025-12-02 15:41:37,796 - INFO - BuildTower - Gaze rx: frame_idx=632 ts=2025-12-02T15:41:37.502761Z people=2
2025-12-02 15:41:37,796 - INFO - BuildTower - Gaze3D rx frame=632 id=left label=Left person v=[-0.387, -0.156, 0.909] yaw=-23.0 pitch=9.0
2025-12-02 15:41:37,796 - INFO - BuildTower - Gaze3D rx frame=632 id=right label=Right person v=[-0.175, -0.045, 0.984] yaw=-10.1 pitch=2.6
2025-12-02 15:41:37,797 - INFO - BuildTower - Mutual gaze detected with LEFT person -> looking at person 2.
2025-12-02 15:41:37,797 - INFO - BuildTower - Robot moving to look at person in the left.
2025-12-02 15:41:37,797 - INFO - BuildTower - Attempting to go to position: x=0.5, y=-0.08, z=0.5, theta_x=80, theta_y=0, theta_z=75
2025-12-02 15:41:37,797 - DEBUG - BuildTower - Set speed for pose: translation=1, orientation=100
2025-12-02 15:41:37,826 - INFO - BuildTower - Pose action initiated, waiting for completion.
2025-12-02 15:41:42,062 - INFO - BuildTower - Robot action ended.
2025-12-02 15:41:42,062 - INFO - BuildTower - Sending to OpenPose with gaze tracking: PR: Arm Extended Check
2025-12-02 15:41:42,063 - INFO - BuildTower - Gaze rx: frame_idx=664 ts=2025-12-02T15:41:41.770024Z people=2
2025-12-02 15:41:42,063 - INFO - BuildTower - Gaze3D rx frame=664 id=left label=Left person v=[-0.201, -0.013, 0.980] yaw=-11.6 pitch=0.7
2025-12-02 15:41:42,063 - INFO - BuildTower - Gaze3D rx frame=664 id=right label=Right person v=[-0.260, -0.036, 0.965] yaw=-15.1 pitch=2.1
2025-12-02 15:41:42,063 - INFO - BuildTower - Mutual gaze detected with RIGHT person -> looking at person 1.
2025-12-02 15:41:42,063 - INFO - BuildTower - Robot moving to look at person in the right.
2025-12-02 15:41:42,064 - INFO - BuildTower - Attempting to go to position: x=0.5, y=0.08, z=0.5, theta_x=80, theta_y=0, theta_z=105
2025-12-02 15:41:42,064 - DEBUG - BuildTower - Set speed for pose: translation=1, orientation=100
2025-12-02 15:41:42,072 - INFO - BuildTower - Pose action initiated, waiting for completion.
2025-12-02 15:41:47,588 - INFO - BuildTower - Robot action ended.
2025-12-02 15:41:47,588 - INFO - BuildTower - Gaze rx: frame_idx=708 ts=2025-12-02T15:41:47.519285Z people=2
2025-12-02 15:41:47,589 - INFO - BuildTower - Gaze3D rx frame=708 id=left label=Left person v=[-0.532, -0.249, 0.809] yaw=-33.3 pitch=14.4
2025-12-02 15:41:47,589 - INFO - BuildTower - Gaze3D rx frame=708 id=right label=Right person v=[-0.292, -0.036, 0.956] yaw=-17.0 pitch=2.0
2025-12-02 15:41:47,589 - INFO - BuildTower - Mutual gaze detected with RIGHT person -> looking at person 1.
2025-12-02 15:41:47,590 - INFO - BuildTower - Robot moving to look at person in the right.
2025-12-02 15:41:47,590 - INFO - BuildTower - Attempting to go to position: x=0.5, y=0.08, z=0.5, theta_x=80, theta_y=0, theta_z=105
2025-12-02 15:41:47,590 - DEBUG - BuildTower - Set speed for pose: translation=1, orientation=100
2025-12-02 15:41:47,604 - INFO - BuildTower - Pose action initiated, waiting for completion.
2025-12-02 15:41:47,626 - INFO - BuildTower - Robot action ended.
2025-12-02 15:41:47,626 - INFO - BuildTower - Received reply from OpenPose (with gaze tracking): Right: Arm Extended
2025-12-02 15:41:47,652 - INFO - BuildTower - Sending robot to home position.
2025-12-02 15:41:48,271 - INFO - BuildTower - Sending to OpenPose with gaze tracking: PR: Arm Retracted Check
2025-12-02 15:41:48,271 - INFO - BuildTower - Gaze rx: frame_idx=712 ts=2025-12-02T15:41:48.188732Z people=2
2025-12-02 15:41:48,271 - INFO - BuildTower - Gaze3D rx frame=712 id=None label=None v=[-0.111, -0.045, 0.993] yaw=-6.4 pitch=2.6
2025-12-02 15:41:48,272 - INFO - BuildTower - Gaze3D rx frame=712 id=None label=None v=[-0.292, -0.044, 0.955] yaw=-17.0 pitch=2.5
2025-12-02 15:41:48,272 - INFO - BuildTower - No mutual gaze detected -> looking at tower as fallback.
2025-12-02 15:41:48,272 - INFO - BuildTower - Robot moving to look at tower.
2025-12-02 15:41:48,272 - INFO - BuildTower - Attempting to go to position: x=0.5, y=0, z=0.3, theta_x=110, theta_y=0, theta_z=90
2025-12-02 15:41:48,272 - DEBUG - BuildTower - Set speed for pose: translation=1, orientation=100
2025-12-02 15:41:48,298 - INFO - BuildTower - Pose action initiated, waiting for completion.
2025-12-02 15:41:52,634 - INFO - BuildTower - Robot action ended.
2025-12-02 15:41:52,634 - INFO - BuildTower - Gaze rx: frame_idx=732 ts=2025-12-02T15:41:52.391966Z people=2
2025-12-02 15:41:52,634 - INFO - BuildTower - Gaze3D rx frame=732 id=left label=Left person v=[-0.285, -0.163, 0.945] yaw=-16.8 pitch=9.4
2025-12-02 15:41:52,635 - INFO - BuildTower - Gaze3D rx frame=732 id=right label=Right person v=[-0.304, 0.200, 0.931] yaw=-18.1 pitch=-11.5
2025-12-02 15:41:52,635 - INFO - BuildTower - Mutual gaze detected with LEFT person -> looking at person 2.
2025-12-02 15:41:52,635 - INFO - BuildTower - Robot moving to look at person in the left.
2025-12-02 15:41:52,635 - INFO - BuildTower - Attempting to go to position: x=0.5, y=-0.08, z=0.5, theta_x=80, theta_y=0, theta_z=75
2025-12-02 15:41:52,635 - DEBUG - BuildTower - Set speed for pose: translation=1, orientation=100
2025-12-02 15:41:52,649 - INFO - BuildTower - Pose action initiated, waiting for completion.
2025-12-02 15:41:58,759 - INFO - BuildTower - Robot action ended.
2025-12-02 15:41:58,760 - INFO - BuildTower - Received reply from OpenPose (with gaze tracking): Right: Arm Retracted
2025-12-02 15:41:58,777 - INFO - BuildTower - Sending robot to home position.
2025-12-02 15:41:59,398 - INFO - BuildTower - Executing turn 6 out of 9.
2025-12-02 15:41:59,398 - INFO - BuildTower - Gaze rx: frame_idx=780 ts=2025-12-02T15:41:59.030999Z people=2
2025-12-02 15:41:59,398 - INFO - BuildTower - Gaze3D rx frame=780 id=left label=Left person v=[-0.101, -0.658, 0.746] yaw=-7.7 pitch=41.1
2025-12-02 15:41:59,398 - INFO - BuildTower - Gaze3D rx frame=780 id=right label=Right person v=[-0.091, -0.530, 0.843] yaw=-6.1 pitch=32.0
2025-12-02 15:41:59,398 - INFO - BuildTower - No mutual gaze detected -> looking at tower as fallback.
2025-12-02 15:41:59,398 - INFO - BuildTower - Robot moving to look at tower.
2025-12-02 15:41:59,398 - INFO - BuildTower - Attempting to go to position: x=0.5, y=0, z=0.3, theta_x=110, theta_y=0, theta_z=90
2025-12-02 15:41:59,398 - DEBUG - BuildTower - Set speed for pose: translation=1, orientation=100
2025-12-02 15:41:59,424 - INFO - BuildTower - Pose action initiated, waiting for completion.
2025-12-02 15:42:03,761 - INFO - BuildTower - Robot action ended.
2025-12-02 15:42:03,761 - INFO - BuildTower - Sending to OpenPose with gaze tracking: PL: Arm Extended Check
2025-12-02 15:42:03,761 - INFO - BuildTower - Gaze rx: frame_idx=820 ts=2025-12-02T15:42:03.693503Z people=2
2025-12-02 15:42:03,761 - INFO - BuildTower - Gaze3D rx frame=820 id=left label=Left person v=[-0.178, -0.149, 0.973] yaw=-10.3 pitch=8.5
2025-12-02 15:42:03,762 - INFO - BuildTower - Gaze3D rx frame=820 id=right label=Right person v=[-0.294, 0.002, 0.956] yaw=-17.1 pitch=-0.1
2025-12-02 15:42:03,762 - INFO - BuildTower - Mutual gaze detected with RIGHT person -> looking at person 1.
2025-12-02 15:42:03,762 - INFO - BuildTower - Robot moving to look at person in the right.
2025-12-02 15:42:03,762 - INFO - BuildTower - Attempting to go to position: x=0.5, y=0.08, z=0.5, theta_x=80, theta_y=0, theta_z=105
2025-12-02 15:42:03,762 - DEBUG - BuildTower - Set speed for pose: translation=1, orientation=100
2025-12-02 15:42:03,775 - INFO - BuildTower - Pose action initiated, waiting for completion.
2025-12-02 15:42:09,885 - INFO - BuildTower - Robot action ended.
2025-12-02 15:42:09,885 - INFO - BuildTower - Gaze rx: frame_idx=864 ts=2025-12-02T15:42:09.486040Z people=2
2025-12-02 15:42:09,886 - INFO - BuildTower - Gaze3D rx frame=864 id=left label=Left person v=[0.007, 0.217, 0.976] yaw=0.4 pitch=-12.5
2025-12-02 15:42:09,886 - INFO - BuildTower - Gaze3D rx frame=864 id=right label=Right person v=[-0.102, -0.514, 0.852] yaw=-6.8 pitch=30.9
2025-12-02 15:42:09,886 - INFO - BuildTower - No mutual gaze detected -> looking at tower as fallback.
2025-12-02 15:42:09,886 - INFO - BuildTower - Robot moving to look at tower.
2025-12-02 15:42:09,886 - INFO - BuildTower - Attempting to go to position: x=0.5, y=0, z=0.3, theta_x=110, theta_y=0, theta_z=90
2025-12-02 15:42:09,886 - DEBUG - BuildTower - Set speed for pose: translation=1, orientation=100
2025-12-02 15:42:09,900 - INFO - BuildTower - Pose action initiated, waiting for completion.
2025-12-02 15:42:16,009 - INFO - BuildTower - Robot action ended.
2025-12-02 15:42:16,009 - INFO - BuildTower - Received reply from OpenPose (with gaze tracking): Left: Arm Extended
2025-12-02 15:42:16,028 - INFO - BuildTower - Sending robot to home position.
2025-12-02 15:42:16,649 - INFO - BuildTower - Sending to OpenPose with gaze tracking: PL: Arm Retracted Check
2025-12-02 15:42:16,650 - INFO - BuildTower - Gaze rx: frame_idx=912 ts=2025-12-02T15:42:16.628324Z people=2
2025-12-02 15:42:16,650 - INFO - BuildTower - Gaze3D rx frame=912 id=left label=Left person v=[-0.303, -0.216, 0.928] yaw=-18.1 pitch=12.5
2025-12-02 15:42:16,650 - INFO - BuildTower - Gaze3D rx frame=912 id=right label=Right person v=[0.052, -0.497, 0.866] yaw=3.4 pitch=29.8
2025-12-02 15:42:16,650 - INFO - BuildTower - Mutual gaze detected with LEFT person -> looking at person 2.
2025-12-02 15:42:16,650 - INFO - BuildTower - Robot moving to look at person in the left.
2025-12-02 15:42:16,650 - INFO - BuildTower - Attempting to go to position: x=0.5, y=-0.08, z=0.5, theta_x=80, theta_y=0, theta_z=75
2025-12-02 15:42:16,650 - DEBUG - BuildTower - Set speed for pose: translation=1, orientation=100
2025-12-02 15:42:16,675 - INFO - BuildTower - Pose action initiated, waiting for completion.
2025-12-02 15:42:20,931 - INFO - BuildTower - Robot action ended.
2025-12-02 15:42:20,931 - INFO - BuildTower - Gaze rx: frame_idx=944 ts=2025-12-02T15:42:20.513790Z people=2
2025-12-02 15:42:20,931 - INFO - BuildTower - Gaze3D rx frame=944 id=left label=Left person v=[0.171, -0.142, 0.975] yaw=10.0 pitch=8.2
2025-12-02 15:42:20,931 - INFO - BuildTower - Gaze3D rx frame=944 id=right label=Right person v=[-0.244, -0.064, 0.968] yaw=-14.2 pitch=3.7
2025-12-02 15:42:20,931 - INFO - BuildTower - Mutual gaze detected with RIGHT person -> looking at person 1.
2025-12-02 15:42:20,931 - INFO - BuildTower - Robot moving to look at person in the right.
2025-12-02 15:42:20,932 - INFO - BuildTower - Attempting to go to position: x=0.5, y=0.08, z=0.5, theta_x=80, theta_y=0, theta_z=105
2025-12-02 15:42:20,932 - DEBUG - BuildTower - Set speed for pose: translation=1, orientation=100
2025-12-02 15:42:20,951 - INFO - BuildTower - Pose action initiated, waiting for completion.
2025-12-02 15:42:26,457 - INFO - BuildTower - Robot action ended.
2025-12-02 15:42:26,458 - INFO - BuildTower - Received reply from OpenPose (with gaze tracking): Left: Arm Retracted
2025-12-02 15:42:26,479 - INFO - BuildTower - Sending robot to home position.
2025-12-02 15:42:27,099 - INFO - BuildTower - Executing turn 7 out of 9.
2025-12-02 15:42:27,100 - INFO - BuildTower - Gaze rx: frame_idx=988 ts=2025-12-02T15:42:26.855678Z people=2
2025-12-02 15:42:27,100 - INFO - BuildTower - Gaze3D rx frame=988 id=left label=Left person v=[-0.097, -0.601, 0.793] yaw=-7.0 pitch=37.0
2025-12-02 15:42:27,100 - INFO - BuildTower - Gaze3D rx frame=988 id=right label=Right person v=[0.055, -0.443, 0.895] yaw=3.5 pitch=26.3
2025-12-02 15:42:27,100 - INFO - BuildTower - No mutual gaze detected -> looking at tower as fallback.
2025-12-02 15:42:27,100 - INFO - BuildTower - Robot moving to look at tower.
2025-12-02 15:42:27,100 - INFO - BuildTower - Attempting to go to position: x=0.5, y=0, z=0.3, theta_x=110, theta_y=0, theta_z=90
2025-12-02 15:42:27,100 - DEBUG - BuildTower - Set speed for pose: translation=1, orientation=100
2025-12-02 15:42:27,130 - INFO - BuildTower - Pose action initiated, waiting for completion.
2025-12-02 15:42:31,456 - INFO - BuildTower - Robot action ended.
2025-12-02 15:42:31,456 - INFO - BuildTower - Sending to OpenPose with gaze tracking: PR: Arm Extended Check
2025-12-02 15:42:31,456 - INFO - BuildTower - Gaze rx: frame_idx=1020 ts=2025-12-02T15:42:30.986576Z people=2
2025-12-02 15:42:31,457 - INFO - BuildTower - Gaze3D rx frame=1020 id=left label=Left person v=[-0.246, -0.119, 0.962] yaw=-14.3 pitch=6.9
2025-12-02 15:42:31,457 - INFO - BuildTower - Gaze3D rx frame=1020 id=right label=Right person v=[-0.234, -0.051, 0.971] yaw=-13.5 pitch=2.9
2025-12-02 15:42:31,457 - INFO - BuildTower - Mutual gaze detected with LEFT person -> looking at person 2.
2025-12-02 15:42:31,457 - INFO - BuildTower - Robot moving to look at person in the left.
2025-12-02 15:42:31,457 - INFO - BuildTower - Attempting to go to position: x=0.5, y=-0.08, z=0.5, theta_x=80, theta_y=0, theta_z=75
2025-12-02 15:42:31,457 - DEBUG - BuildTower - Set speed for pose: translation=1, orientation=100
2025-12-02 15:42:31,476 - INFO - BuildTower - Pose action initiated, waiting for completion.
2025-12-02 15:42:37,593 - INFO - BuildTower - Robot action ended.
2025-12-02 15:42:37,594 - INFO - BuildTower - Gaze rx: frame_idx=1072 ts=2025-12-02T15:42:37.240284Z people=2
2025-12-02 15:42:37,594 - INFO - BuildTower - Gaze3D rx frame=1072 id=left label=Left person v=[-0.158, -0.611, 0.776] yaw=-11.5 pitch=37.6
2025-12-02 15:42:37,595 - INFO - BuildTower - Gaze3D rx frame=1072 id=right label=Right person v=[-0.281, -0.008, 0.960] yaw=-16.3 pitch=0.5
2025-12-02 15:42:37,595 - INFO - BuildTower - Mutual gaze detected with RIGHT person -> looking at person 1.
2025-12-02 15:42:37,595 - INFO - BuildTower - Robot moving to look at person in the right.
2025-12-02 15:42:37,595 - INFO - BuildTower - Attempting to go to position: x=0.5, y=0.08, z=0.5, theta_x=80, theta_y=0, theta_z=105
2025-12-02 15:42:37,595 - DEBUG - BuildTower - Set speed for pose: translation=1, orientation=100
2025-12-02 15:42:37,630 - INFO - BuildTower - Pose action initiated, waiting for completion.
2025-12-02 15:42:43,137 - INFO - BuildTower - Robot action ended.
2025-12-02 15:42:43,137 - INFO - BuildTower - Received reply from OpenPose (with gaze tracking): Right: Arm Extended
2025-12-02 15:42:43,156 - INFO - BuildTower - Sending robot to home position.
2025-12-02 15:42:43,776 - INFO - BuildTower - Sending to OpenPose with gaze tracking: PR: Arm Retracted Check
2025-12-02 15:42:43,777 - INFO - BuildTower - Gaze rx: frame_idx=1116 ts=2025-12-02T15:42:43.176871Z people=2
2025-12-02 15:42:43,777 - INFO - BuildTower - Gaze3D rx frame=1116 id=left label=Left person v=[-0.224, -0.265, 0.938] yaw=-13.4 pitch=15.4
2025-12-02 15:42:43,777 - INFO - BuildTower - Gaze3D rx frame=1116 id=right label=Right person v=[-0.053, 0.136, 0.989] yaw=-3.1 pitch=-7.8
2025-12-02 15:42:43,777 - INFO - BuildTower - Mutual gaze detected with LEFT person -> looking at person 2.
2025-12-02 15:42:43,777 - INFO - BuildTower - Robot moving to look at person in the left.
2025-12-02 15:42:43,778 - INFO - BuildTower - Attempting to go to position: x=0.5, y=-0.08, z=0.5, theta_x=80, theta_y=0, theta_z=75
2025-12-02 15:42:43,778 - DEBUG - BuildTower - Set speed for pose: translation=1, orientation=100
2025-12-02 15:42:43,802 - INFO - BuildTower - Pose action initiated, waiting for completion.
2025-12-02 15:42:47,654 - INFO - BuildTower - Robot action ended.
2025-12-02 15:42:47,655 - INFO - BuildTower - Gaze rx: frame_idx=1144 ts=2025-12-02T15:42:47.581772Z people=2
2025-12-02 15:42:47,655 - INFO - BuildTower - Gaze3D rx frame=1144 id=left label=Left person v=[-0.259, -0.479, 0.839] yaw=-17.2 pitch=28.6
2025-12-02 15:42:47,655 - INFO - BuildTower - Gaze3D rx frame=1144 id=right label=Right person v=[-0.474, -0.134, 0.870] yaw=-28.6 pitch=7.7
2025-12-02 15:42:47,655 - INFO - BuildTower - Mutual gaze detected with RIGHT person -> looking at person 1.
2025-12-02 15:42:47,656 - INFO - BuildTower - Robot moving to look at person in the right.
2025-12-02 15:42:47,656 - INFO - BuildTower - Attempting to go to position: x=0.5, y=0.08, z=0.5, theta_x=80, theta_y=0, theta_z=105
2025-12-02 15:42:47,656 - DEBUG - BuildTower - Set speed for pose: translation=1, orientation=100
2025-12-02 15:42:47,682 - INFO - BuildTower - Pose action initiated, waiting for completion.
2025-12-02 15:42:53,185 - INFO - BuildTower - Robot action ended.
2025-12-02 15:42:53,186 - INFO - BuildTower - Received reply from OpenPose (with gaze tracking): Right: Arm Retracted
2025-12-02 15:42:53,208 - INFO - BuildTower - Sending robot to home position.
2025-12-02 15:42:53,830 - INFO - BuildTower - Executing turn 8 out of 9.
2025-12-02 15:42:53,857 - INFO - BuildTower - Sending robot to home position.
2025-12-02 15:42:54,477 - INFO - BuildTower - Moving block from start 0.28 to target 0.643. Turn: 8, Block Shape: 3
2025-12-02 15:42:54,480 - INFO - BuildTower - Sending gripper command: value=0
2025-12-02 15:42:55,002 - INFO - BuildTower - Gripper command 0 sent successfully.
2025-12-02 15:42:55,003 - INFO - BuildTower - Attempting to go to position: x=0.5, y=-0.2, z=0.325, theta_x=100.0, theta_y=0.0, theta_z=90.0
2025-12-02 15:42:55,004 - DEBUG - BuildTower - Set speed for pose: translation=1, orientation=100
2025-12-02 15:42:55,029 - INFO - BuildTower - Pose action initiated, waiting for completion.
2025-12-02 15:42:57,934 - INFO - BuildTower - Robot action ended.
2025-12-02 15:42:57,934 - INFO - BuildTower - Attempting to go to position: x=0.5, y=-0.2, z=0.28, theta_x=100.0, theta_y=0.0, theta_z=90.0
2025-12-02 15:42:57,934 - DEBUG - BuildTower - Set speed for pose: translation=1, orientation=100
2025-12-02 15:42:57,953 - INFO - BuildTower - Pose action initiated, waiting for completion.
2025-12-02 15:42:58,688 - INFO - BuildTower - Robot action ended.
2025-12-02 15:42:58,690 - INFO - BuildTower - Sending gripper command: value=0.2
2025-12-02 15:42:59,202 - INFO - BuildTower - Gripper command 0.2 sent successfully.
2025-12-02 15:42:59,204 - INFO - BuildTower - Attempting to go to position: x=0.5, y=-0.2, z=0.685, theta_x=100.0, theta_y=0.0, theta_z=90.0
2025-12-02 15:42:59,204 - DEBUG - BuildTower - Set speed for pose: translation=1, orientation=100
2025-12-02 15:42:59,255 - INFO - BuildTower - Pose action initiated, waiting for completion.
2025-12-02 15:43:03,592 - INFO - BuildTower - Robot action ended.
2025-12-02 15:43:03,592 - INFO - BuildTower - Attempting to go to position: x=0.737, y=0.0, z=0.6880000000000001, theta_x=100.0, theta_y=0.0, theta_z=90.0
2025-12-02 15:43:03,593 - DEBUG - BuildTower - Set speed for pose: translation=1, orientation=100
2025-12-02 15:43:03,604 - INFO - BuildTower - Pose action initiated, waiting for completion.
2025-12-02 15:43:06,985 - INFO - BuildTower - Robot action ended.
2025-12-02 15:43:06,985 - INFO - BuildTower - Attempting to go to position: x=0.737, y=0.0, z=0.643, theta_x=100.0, theta_y=0.0, theta_z=90.0
2025-12-02 15:43:06,985 - DEBUG - BuildTower - Set speed for pose: translation=1, orientation=100
2025-12-02 15:43:07,004 - INFO - BuildTower - Pose action initiated, waiting for completion.
2025-12-02 15:43:07,732 - INFO - BuildTower - Robot action ended.
2025-12-02 15:43:07,734 - INFO - BuildTower - Sending gripper command: value=0
2025-12-02 15:43:08,253 - INFO - BuildTower - Gripper command 0 sent successfully.
2025-12-02 15:43:08,256 - INFO - BuildTower - Attempting to go to position: x=0.737, y=0.0, z=0.6880000000000001, theta_x=100.0, theta_y=0.0, theta_z=90.0
2025-12-02 15:43:08,256 - DEBUG - BuildTower - Set speed for pose: translation=1, orientation=100
2025-12-02 15:43:08,279 - INFO - BuildTower - Pose action initiated, waiting for completion.
2025-12-02 15:43:08,987 - INFO - BuildTower - Robot action ended.
2025-12-02 15:43:08,988 - INFO - BuildTower - Robot completed its turn. Robot turn count: 3
2025-12-02 15:43:08,988 - INFO - BuildTower - Configuration number 1 finished.
2025-12-02 15:43:08,988 - INFO - BuildTower - Gaze rx: frame_idx=1308 ts=2025-12-02T15:43:08.790085Z people=2
2025-12-02 15:43:08,988 - INFO - BuildTower - Gaze3D rx frame=1308 id=left label=Left person v=[-0.690, 0.086, 0.719] yaw=-43.8 pitch=-4.9
2025-12-02 15:43:08,988 - INFO - BuildTower - Gaze3D rx frame=1308 id=right label=Right person v=[-0.344, -0.115, 0.932] yaw=-20.3 pitch=6.6
2025-12-02 15:43:08,988 - INFO - BuildTower - Sent 'Configuration finished' to OpenPose server.
2025-12-02 15:43:08,988 - DEBUG - BuildTower - Gaze rx: (none available)
2025-12-02 15:43:09,233 - INFO - BuildTower - Gaze rx: frame_idx=1312 ts=2025-12-02T15:43:09.232081Z people=2
2025-12-02 15:43:09,233 - INFO - BuildTower - Gaze3D rx frame=1312 id=left label=Left person v=[-0.574, -0.210, 0.792] yaw=-35.9 pitch=12.1
2025-12-02 15:43:09,233 - INFO - BuildTower - Gaze3D rx frame=1312 id=right label=Right person v=[-0.318, -0.085, 0.944] yaw=-18.6 pitch=4.9
2025-12-02 15:43:09,233 - INFO - BuildTower - Received reply from OpenPose server: Received
2025-12-02 15:58:14,102 - INFO - BuildTower - User pressed Enter. Continuing with configuration 2
