2025-11-28 14:34:33,626 - INFO - BuildTower - Connected to OpenPose server
2025-11-28 14:34:33,626 - INFO - BuildTower - Connected to Gaze server
2025-11-28 14:34:33,775 - INFO - BuildTower - Robot parameters: robot_name=my_gen3, dof=7, gripper_present=True
2025-11-28 14:34:33,779 - INFO - BuildTower - Service initialized: /my_gen3/base/clear_faults
2025-11-28 14:34:33,781 - INFO - BuildTower - Service initialized: /my_gen3/base/read_action
2025-11-28 14:34:33,784 - INFO - BuildTower - Service initialized: /my_gen3/base/execute_action
2025-11-28 14:34:33,786 - INFO - BuildTower - Service initialized: /my_gen3/control_config/set_cartesian_reference_frame
2025-11-28 14:34:33,787 - INFO - BuildTower - Service initialized: /my_gen3/base/activate_publishing_of_action_topic
2025-11-28 14:34:33,789 - INFO - BuildTower - Service initialized: /my_gen3/base/send_gripper_command
2025-11-28 14:34:33,789 - INFO - BuildTower - BuildTower class initialized successfully.
2025-11-28 14:34:33,790 - INFO - BuildTower - ROS parameter /kortex_examples_test_results/cartesian_poses_with_notifications_python did not exist or could not be deleted.
2025-11-28 14:34:33,790 - INFO - BuildTower - Starting main robot control loop.
2025-11-28 14:34:33,818 - INFO - BuildTower - Robot faults cleared successfully.
2025-11-28 14:34:36,344 - INFO - BuildTower - Cartesian reference frame set successfully.
2025-11-28 14:34:36,346 - INFO - BuildTower - Activating action notifications.
2025-11-28 14:34:36,351 - INFO - BuildTower - Action Notifications successfully activated.
2025-11-28 14:34:37,372 - INFO - BuildTower - Sending robot to home position.
2025-11-28 14:34:39,510 - INFO - BuildTower - User pressed Enter. Continuing with configuration 1
2025-11-28 14:34:39,511 - INFO - BuildTower - Parsing information from file: config2
2025-11-28 14:34:39,511 - INFO - BuildTower - Parsed turn_order: ybypbpbpy

2025-11-28 14:34:39,511 - INFO - BuildTower - Parsed object_order: 143

2025-11-28 14:34:39,512 - INFO - BuildTower - Sent turn_order and waiting for response from OpenPose server.
2025-11-28 14:34:39,512 - INFO - BuildTower - Sending turn order to OpenPose server: ybypbpbpy

2025-11-28 14:34:39,512 - DEBUG - BuildTower - Gaze rx: (none available)
2025-11-28 14:34:39,512 - DEBUG - BuildTower - Gaze rx: (none available)
2025-11-28 14:34:39,513 - DEBUG - BuildTower - Gaze rx: (none available)
2025-11-28 14:34:39,513 - INFO - BuildTower - Received reply from OpenPose server: Order Received
2025-11-28 14:34:39,514 - INFO - BuildTower - Starting mutual gaze calibration for 5.0 seconds
2025-11-28 14:34:44,515 - WARNING - BuildTower - Calibration collected only 24 samples (< 30). Bias may be noisy.
2025-11-28 14:34:44,515 - INFO - BuildTower - Calibration done: yaw_bias=-16.332 deg, pitch_bias=6.298 deg
2025-11-28 14:34:44,515 - INFO - BuildTower - Robot moving to look at person in the right.
2025-11-28 14:34:44,515 - INFO - BuildTower - Attempting to go to position: x=0.5, y=0.08, z=0.5, theta_x=80, theta_y=0, theta_z=105
2025-11-28 14:34:44,516 - DEBUG - BuildTower - Set speed for pose: translation=1, orientation=100
2025-11-28 14:34:44,543 - INFO - BuildTower - Pose action initiated, waiting for completion.
2025-11-28 14:34:47,951 - INFO - BuildTower - Robot action ended.
2025-11-28 14:34:51,955 - INFO - BuildTower - Robot moving to look at person in the left.
2025-11-28 14:34:51,955 - INFO - BuildTower - Attempting to go to position: x=0.5, y=-0.08, z=0.5, theta_x=80, theta_y=0, theta_z=75
2025-11-28 14:34:51,955 - DEBUG - BuildTower - Set speed for pose: translation=1, orientation=100
2025-11-28 14:34:51,973 - INFO - BuildTower - Pose action initiated, waiting for completion.
2025-11-28 14:34:57,489 - INFO - BuildTower - Robot action ended.
2025-11-28 14:35:01,523 - INFO - BuildTower - Sending robot to home position.
2025-11-28 14:35:02,144 - INFO - BuildTower - Executing turn 0 out of 9.
2025-11-28 14:35:02,177 - INFO - BuildTower - Sending robot to home position.
2025-11-28 14:35:02,794 - INFO - BuildTower - Moving block from start 0.28 to target 0.307. Turn: 0, Block Shape: 1
2025-11-28 14:35:02,796 - INFO - BuildTower - Sending gripper command: value=0
2025-11-28 14:35:03,319 - INFO - BuildTower - Gripper command 0 sent successfully.
2025-11-28 14:35:03,321 - INFO - BuildTower - Attempting to go to position: x=0.47, y=0.18, z=0.325, theta_x=100.0, theta_y=0.0, theta_z=90.0
2025-11-28 14:35:03,321 - DEBUG - BuildTower - Set speed for pose: translation=1, orientation=100
2025-11-28 14:35:03,349 - INFO - BuildTower - Pose action initiated, waiting for completion.
2025-11-28 14:35:06,173 - INFO - BuildTower - Robot action ended.
2025-11-28 14:35:06,173 - INFO - BuildTower - Attempting to go to position: x=0.47, y=0.18, z=0.28, theta_x=100.0, theta_y=0.0, theta_z=90.0
2025-11-28 14:35:06,174 - DEBUG - BuildTower - Set speed for pose: translation=1, orientation=100
2025-11-28 14:35:06,196 - INFO - BuildTower - Pose action initiated, waiting for completion.
2025-11-28 14:35:06,924 - INFO - BuildTower - Robot action ended.
2025-11-28 14:35:06,925 - INFO - BuildTower - Sending gripper command: value=0.075
2025-11-28 14:35:07,444 - INFO - BuildTower - Gripper command 0.075 sent successfully.
2025-11-28 14:35:07,453 - INFO - BuildTower - Attempting to go to position: x=0.47, y=0.18, z=0.325, theta_x=100.0, theta_y=0.0, theta_z=90.0
2025-11-28 14:35:07,453 - DEBUG - BuildTower - Set speed for pose: translation=1, orientation=100
2025-11-28 14:35:07,470 - INFO - BuildTower - Pose action initiated, waiting for completion.
2025-11-28 14:35:08,198 - INFO - BuildTower - Robot action ended.
2025-11-28 14:35:08,198 - INFO - BuildTower - Attempting to go to position: x=0.735, y=0.0, z=0.352, theta_x=100.0, theta_y=0.0, theta_z=90.0
2025-11-28 14:35:08,199 - DEBUG - BuildTower - Set speed for pose: translation=1, orientation=100
2025-11-28 14:35:08,221 - INFO - BuildTower - Pose action initiated, waiting for completion.
2025-11-28 14:35:11,699 - INFO - BuildTower - Robot action ended.
2025-11-28 14:35:11,699 - INFO - BuildTower - Attempting to go to position: x=0.735, y=0.0, z=0.307, theta_x=100.0, theta_y=0.0, theta_z=90.0
2025-11-28 14:35:11,699 - DEBUG - BuildTower - Set speed for pose: translation=1, orientation=100
2025-11-28 14:35:11,721 - INFO - BuildTower - Pose action initiated, waiting for completion.
2025-11-28 14:35:12,457 - INFO - BuildTower - Robot action ended.
2025-11-28 14:35:12,459 - INFO - BuildTower - Sending gripper command: value=0
2025-11-28 14:35:12,970 - INFO - BuildTower - Gripper command 0 sent successfully.
2025-11-28 14:35:12,972 - INFO - BuildTower - Attempting to go to position: x=0.735, y=0.0, z=0.352, theta_x=100.0, theta_y=0.0, theta_z=90.0
2025-11-28 14:35:12,972 - DEBUG - BuildTower - Set speed for pose: translation=1, orientation=100
2025-11-28 14:35:12,996 - INFO - BuildTower - Pose action initiated, waiting for completion.
2025-11-28 14:35:13,705 - INFO - BuildTower - Robot action ended.
2025-11-28 14:35:13,705 - INFO - BuildTower - Robot completed its turn. Robot turn count: 1
2025-11-28 14:35:13,705 - INFO - BuildTower - Executing turn 1 out of 9.
