2025-12-16 16:53:08,577 - INFO - BuildTower - Pinned current thread to core 0
2025-12-16 16:53:08,577 - INFO - BuildTower - Main BuildTower thread pinned to core 0.
2025-12-16 16:53:08,732 - INFO - BuildTower - Robot parameters: robot_name=my_gen3, dof=7, gripper_present=True
2025-12-16 16:53:08,735 - INFO - BuildTower - Service initialized: /my_gen3/base/clear_faults
2025-12-16 16:53:08,737 - INFO - BuildTower - Service initialized: /my_gen3/base/read_action
2025-12-16 16:53:08,738 - INFO - BuildTower - Service initialized: /my_gen3/base/execute_action
2025-12-16 16:53:08,740 - INFO - BuildTower - Service initialized: /my_gen3/control_config/set_cartesian_reference_frame
2025-12-16 16:53:08,741 - INFO - BuildTower - Service initialized: /my_gen3/base/activate_publishing_of_action_topic
2025-12-16 16:53:08,743 - INFO - BuildTower - Service initialized: /my_gen3/base/send_gripper_command
2025-12-16 16:53:08,743 - INFO - BuildTower - OpenPoseThread started (core 1).
2025-12-16 16:53:08,743 - INFO - BuildTower - BuildTower class initialized successfully.
2025-12-16 16:53:08,744 - INFO - BuildTower - ROS parameter /kortex_examples_test_results/cartesian_poses_with_notifications_python did not exist or could not be deleted.
2025-12-16 16:53:08,744 - INFO - BuildTower - Pinned current thread to core 1
2025-12-16 16:53:08,745 - INFO - BuildTower - Starting main robot control loop.
2025-12-16 16:53:08,746 - INFO - BuildTower - OpenPoseThread: Connected REQ to tcp://localhost:5555
2025-12-16 16:53:08,746 - INFO - BuildTower - OpenPoseThread: Connected SUB to tcp://localhost:5556
2025-12-16 16:53:08,767 - INFO - BuildTower - Robot faults cleared successfully.
2025-12-16 16:53:11,293 - INFO - BuildTower - Cartesian reference frame set successfully.
2025-12-16 16:53:11,545 - INFO - BuildTower - Activating action notifications.
2025-12-16 16:53:11,551 - INFO - BuildTower - Action Notifications successfully activated.
2025-12-16 16:53:12,571 - INFO - BuildTower - Sending robot to home position.
2025-12-16 16:53:21,888 - INFO - BuildTower - User pressed Enter. Continuing with configuration 1
2025-12-16 16:53:21,888 - INFO - BuildTower - Parsing information from file: config2
2025-12-16 16:53:21,888 - INFO - BuildTower - Parsed turn_order: ybypbpbpy

2025-12-16 16:53:21,889 - INFO - BuildTower - Parsed object_order: 143

2025-12-16 16:53:21,889 - INFO - BuildTower - Sent turn_order and waiting for response from OpenPose server.
2025-12-16 16:53:21,889 - INFO - BuildTower - Sending turn order to OpenPose server: ybypbpbpy

2025-12-16 16:53:21,889 - INFO - BuildTower - OpenPoseThread: sending cmd: ybypbpbpy

2025-12-16 16:53:21,890 - INFO - BuildTower - OpenPoseThread: received reply: Order Received
2025-12-16 16:53:21,891 - INFO - BuildTower - Received reply from OpenPose server: Order Received
2025-12-16 16:53:21,891 - INFO - BuildTower - Starting mutual gaze calibration for 10.0 seconds
2025-12-16 16:53:22,653 - INFO - BuildTower - OpenPoseThread: gaze frame_idx=0 ts=2025-12-16T16:53:22.646131Z people=2
2025-12-16 16:53:22,654 - INFO - BuildTower - OpenPoseThread: Gaze3D frame=0 id=left label=Left person v=[-0.469, 0.191, 0.862] yaw=-28.6 pitch=-11.0
2025-12-16 16:53:22,654 - INFO - BuildTower - OpenPoseThread: Gaze3D frame=0 id=right label=Right person v=[-0.332, -0.156, 0.931] yaw=-19.6 pitch=9.0
2025-12-16 16:53:23,417 - INFO - BuildTower - OpenPoseThread: gaze frame_idx=8 ts=2025-12-16T16:53:23.344473Z people=2
2025-12-16 16:53:23,417 - INFO - BuildTower - OpenPoseThread: Gaze3D frame=8 id=left label=Left person v=[-0.449, 0.376, 0.811] yaw=-29.0 pitch=-22.1
2025-12-16 16:53:23,417 - INFO - BuildTower - OpenPoseThread: Gaze3D frame=8 id=right label=Right person v=[-0.358, -0.290, 0.887] yaw=-22.0 pitch=16.9
2025-12-16 16:53:24,070 - INFO - BuildTower - OpenPoseThread: gaze frame_idx=16 ts=2025-12-16T16:53:24.069887Z people=2
2025-12-16 16:53:24,071 - INFO - BuildTower - OpenPoseThread: Gaze3D frame=16 id=left label=Left person v=[-0.508, 0.313, 0.802] yaw=-32.3 pitch=-18.2
2025-12-16 16:53:24,071 - INFO - BuildTower - OpenPoseThread: Gaze3D frame=16 id=right label=Right person v=[-0.344, -0.252, 0.905] yaw=-20.8 pitch=14.6
2025-12-16 16:53:24,833 - INFO - BuildTower - OpenPoseThread: gaze frame_idx=24 ts=2025-12-16T16:53:24.753443Z people=2
2025-12-16 16:53:24,833 - INFO - BuildTower - OpenPoseThread: Gaze3D frame=24 id=left label=Left person v=[-0.432, 0.631, 0.644] yaw=-33.9 pitch=-39.1
2025-12-16 16:53:24,834 - INFO - BuildTower - OpenPoseThread: Gaze3D frame=24 id=right label=Right person v=[-0.450, 0.075, 0.890] yaw=-26.8 pitch=-4.3
2025-12-16 16:53:25,486 - INFO - BuildTower - OpenPoseThread: gaze frame_idx=32 ts=2025-12-16T16:53:25.433355Z people=2
2025-12-16 16:53:25,486 - INFO - BuildTower - OpenPoseThread: Gaze3D frame=32 id=left label=Left person v=[-0.471, 0.518, 0.714] yaw=-33.4 pitch=-31.2
2025-12-16 16:53:25,486 - INFO - BuildTower - OpenPoseThread: Gaze3D frame=32 id=right label=Right person v=[-0.457, -0.081, 0.886] yaw=-27.3 pitch=4.6
2025-12-16 16:53:26,138 - INFO - BuildTower - OpenPoseThread: gaze frame_idx=40 ts=2025-12-16T16:53:26.126396Z people=2
2025-12-16 16:53:26,138 - INFO - BuildTower - OpenPoseThread: Gaze3D frame=40 id=left label=Left person v=[-0.412, 0.638, 0.650] yaw=-32.4 pitch=-39.7
2025-12-16 16:53:26,138 - INFO - BuildTower - OpenPoseThread: Gaze3D frame=40 id=right label=Right person v=[-0.442, -0.296, 0.847] yaw=-27.6 pitch=17.2
2025-12-16 16:53:26,908 - INFO - BuildTower - OpenPoseThread: gaze frame_idx=48 ts=2025-12-16T16:53:26.815924Z people=2
2025-12-16 16:53:26,909 - INFO - BuildTower - OpenPoseThread: Gaze3D frame=48 id=left label=Left person v=[-0.429, 0.558, 0.710] yaw=-31.1 pitch=-33.9
2025-12-16 16:53:26,909 - INFO - BuildTower - OpenPoseThread: Gaze3D frame=48 id=right label=Right person v=[-0.313, 0.026, 0.949] yaw=-18.3 pitch=-1.5
2025-12-16 16:53:27,561 - INFO - BuildTower - OpenPoseThread: gaze frame_idx=56 ts=2025-12-16T16:53:27.502786Z people=2
2025-12-16 16:53:27,561 - INFO - BuildTower - OpenPoseThread: Gaze3D frame=56 id=left label=Left person v=[-0.443, 0.474, 0.761] yaw=-30.2 pitch=-28.3
2025-12-16 16:53:27,561 - INFO - BuildTower - OpenPoseThread: Gaze3D frame=56 id=right label=Right person v=[-0.029, -0.429, 0.903] yaw=-1.8 pitch=25.4
2025-12-16 16:53:28,213 - INFO - BuildTower - OpenPoseThread: gaze frame_idx=64 ts=2025-12-16T16:53:28.211047Z people=2
2025-12-16 16:53:28,213 - INFO - BuildTower - OpenPoseThread: Gaze3D frame=64 id=left label=Left person v=[-0.338, 0.678, 0.653] yaw=-27.4 pitch=-42.7
2025-12-16 16:53:28,213 - INFO - BuildTower - OpenPoseThread: Gaze3D frame=64 id=right label=Right person v=[-0.179, -0.346, 0.921] yaw=-11.0 pitch=20.2
2025-12-16 16:53:28,865 - INFO - BuildTower - OpenPoseThread: gaze frame_idx=72 ts=2025-12-16T16:53:28.853087Z people=2
2025-12-16 16:53:28,865 - INFO - BuildTower - OpenPoseThread: Gaze3D frame=72 id=left label=Left person v=[-0.404, 0.627, 0.666] yaw=-31.2 pitch=-38.8
2025-12-16 16:53:28,865 - INFO - BuildTower - OpenPoseThread: Gaze3D frame=72 id=right label=Right person v=[-0.428, 0.046, 0.903] yaw=-25.3 pitch=-2.6
2025-12-16 16:53:29,627 - INFO - BuildTower - OpenPoseThread: gaze frame_idx=80 ts=2025-12-16T16:53:29.561939Z people=2
2025-12-16 16:53:29,627 - INFO - BuildTower - OpenPoseThread: Gaze3D frame=80 id=left label=Left person v=[-0.440, 0.601, 0.667] yaw=-33.4 pitch=-37.0
2025-12-16 16:53:29,627 - INFO - BuildTower - OpenPoseThread: Gaze3D frame=80 id=right label=Right person v=[-0.432, 0.093, 0.897] yaw=-25.7 pitch=-5.3
2025-12-16 16:53:30,279 - INFO - BuildTower - OpenPoseThread: gaze frame_idx=88 ts=2025-12-16T16:53:30.227959Z people=2
2025-12-16 16:53:30,280 - INFO - BuildTower - OpenPoseThread: Gaze3D frame=88 id=left label=Left person v=[-0.402, 0.669, 0.625] yaw=-32.8 pitch=-42.0
2025-12-16 16:53:30,280 - INFO - BuildTower - OpenPoseThread: Gaze3D frame=88 id=right label=Right person v=[-0.359, -0.485, 0.797] yaw=-24.2 pitch=29.0
2025-12-16 16:53:30,932 - INFO - BuildTower - OpenPoseThread: gaze frame_idx=96 ts=2025-12-16T16:53:30.919223Z people=2
2025-12-16 16:53:30,932 - INFO - BuildTower - OpenPoseThread: Gaze3D frame=96 id=left label=Left person v=[-0.440, 0.579, 0.687] yaw=-32.7 pitch=-35.4
2025-12-16 16:53:30,932 - INFO - BuildTower - OpenPoseThread: Gaze3D frame=96 id=right label=Right person v=[-0.239, -0.387, 0.891] yaw=-15.1 pitch=22.7
2025-12-16 16:53:31,694 - INFO - BuildTower - OpenPoseThread: gaze frame_idx=104 ts=2025-12-16T16:53:31.596645Z people=2
2025-12-16 16:53:31,695 - INFO - BuildTower - OpenPoseThread: Gaze3D frame=104 id=left label=Left person v=[-0.449, 0.607, 0.655] yaw=-34.4 pitch=-37.4
2025-12-16 16:53:31,695 - INFO - BuildTower - OpenPoseThread: Gaze3D frame=104 id=right label=Right person v=[-0.392, 0.112, 0.913] yaw=-23.3 pitch=-6.4
2025-12-16 16:53:31,898 - INFO - BuildTower - Calibration done: yaw_bias=-26.042 deg, pitch_bias=-10.657 deg
2025-12-16 16:53:31,898 - INFO - BuildTower - Executing turn 0 out of 9.
2025-12-16 16:53:31,898 - INFO - BuildTower - Moving block from start 0.28 to target 0.307. Turn: 0, Block Shape: 1
