2025-12-19 15:32:36,468 - INFO - BuildTower - Pinned current thread to core 0
2025-12-19 15:32:36,469 - INFO - BuildTower - Main BuildTower thread pinned to core 0.
2025-12-19 15:32:36,617 - INFO - BuildTower - Robot parameters: robot_name=my_gen3, dof=7, gripper_present=True
2025-12-19 15:32:36,620 - INFO - BuildTower - Service initialized: /my_gen3/base/clear_faults
2025-12-19 15:32:36,622 - INFO - BuildTower - Service initialized: /my_gen3/base/read_action
2025-12-19 15:32:36,623 - INFO - BuildTower - Service initialized: /my_gen3/base/execute_action
2025-12-19 15:32:36,625 - INFO - BuildTower - Service initialized: /my_gen3/control_config/set_cartesian_reference_frame
2025-12-19 15:32:36,626 - INFO - BuildTower - Service initialized: /my_gen3/base/activate_publishing_of_action_topic
2025-12-19 15:32:36,627 - INFO - BuildTower - Service initialized: /my_gen3/base/send_gripper_command
2025-12-19 15:32:36,628 - INFO - BuildTower - OpenPoseThread started (core 1).
2025-12-19 15:32:36,628 - INFO - BuildTower - BuildTower class initialized successfully.
2025-12-19 15:32:36,629 - INFO - BuildTower - ROS parameter /kortex_examples_test_results/cartesian_poses_with_notifications_python did not exist or could not be deleted.
2025-12-19 15:32:36,629 - INFO - BuildTower - Starting main robot control loop.
2025-12-19 15:32:36,629 - INFO - BuildTower - Pinned current thread to core 1
2025-12-19 15:32:36,630 - INFO - BuildTower - OpenPoseThread: Connected REQ to tcp://localhost:5555
2025-12-19 15:32:36,631 - INFO - BuildTower - OpenPoseThread: Connected SUB to tcp://localhost:5556
2025-12-19 15:32:36,639 - INFO - BuildTower - Robot faults cleared successfully.
2025-12-19 15:32:39,169 - INFO - BuildTower - Cartesian reference frame set successfully.
2025-12-19 15:32:39,422 - INFO - BuildTower - Activating action notifications.
2025-12-19 15:32:39,427 - INFO - BuildTower - Action Notifications successfully activated.
2025-12-19 15:32:40,443 - INFO - BuildTower - Sending robot to home position.
2025-12-19 15:33:31,736 - INFO - BuildTower - User pressed Enter. Continuing with configuration 1
2025-12-19 15:33:31,736 - INFO - BuildTower - Parsing information from file: config2
2025-12-19 15:33:31,736 - INFO - BuildTower - Parsed turn_order: ybypbpbpy

2025-12-19 15:33:31,737 - INFO - BuildTower - Parsed object_order: 143

2025-12-19 15:33:31,737 - INFO - BuildTower - Sent turn_order and waiting for response from OpenPose server.
2025-12-19 15:33:31,737 - INFO - BuildTower - Sending turn order to OpenPose server: ybypbpbpy

2025-12-19 15:33:31,737 - INFO - BuildTower - OpenPoseThread: sending cmd: ybypbpbpy

2025-12-19 15:33:31,738 - INFO - BuildTower - OpenPoseThread: received reply: Order Received
2025-12-19 15:33:31,739 - INFO - BuildTower - Received reply from OpenPose server: Order Received
2025-12-19 15:33:31,739 - INFO - BuildTower - Starting mutual gaze calibration for 10.0 seconds
2025-12-19 15:33:32,505 - INFO - BuildTower - OpenPoseThread: gaze frame_idx=0 ts=2025-12-19T15:33:32.407296Z people=1
2025-12-19 15:33:32,505 - INFO - BuildTower - OpenPoseThread: Gaze3D frame=0 id=None label=None v=[-0.372, 0.061, 0.926] yaw=-21.9 pitch=-3.5
2025-12-19 15:33:32,606 - INFO - BuildTower - OpenPoseThread: gaze frame_idx=0 ts=2025-12-19T15:33:32.596380Z people=1
2025-12-19 15:33:32,606 - INFO - BuildTower - OpenPoseThread: Gaze3D frame=0 id=None label=None v=[-0.379, 0.042, 0.925] yaw=-22.3 pitch=-2.4
2025-12-19 15:33:32,817 - INFO - BuildTower - OpenPoseThread: gaze frame_idx=0 ts=2025-12-19T15:33:32.786849Z people=1
2025-12-19 15:33:32,817 - INFO - BuildTower - OpenPoseThread: Gaze3D frame=0 id=None label=None v=[-0.420, 0.036, 0.907] yaw=-24.9 pitch=-2.1
2025-12-19 15:33:41,747 - INFO - BuildTower - Calibration done: yaw_bias=-24.777 deg, pitch_bias=-2.082 deg
2025-12-19 15:33:41,748 - INFO - BuildTower - Executing turn 0 out of 9.
2025-12-19 15:33:41,748 - INFO - BuildTower - Moving block from start 0.28 to target 0.307. Turn: 0, Block Shape: 1
2025-12-19 15:33:41,749 - INFO - BuildTower - Sending gripper command: value=0
2025-12-19 15:33:42,269 - INFO - BuildTower - Gripper command 0 sent successfully.
2025-12-19 15:33:42,271 - INFO - BuildTower - Attempting to go to position: x=0.47, y=0.18, z=0.325, theta_x=100.0, theta_y=0.0, theta_z=90.0
2025-12-19 15:33:42,271 - DEBUG - BuildTower - Set speed for pose: translation=1, orientation=100
2025-12-19 15:33:42,295 - INFO - BuildTower - Pose action initiated, waiting for completion.
2025-12-19 15:33:44,928 - INFO - BuildTower - Robot action ended.
2025-12-19 15:33:44,928 - INFO - BuildTower - Attempting to go to position: x=0.47, y=0.18, z=0.28, theta_x=100.0, theta_y=0.0, theta_z=90.0
2025-12-19 15:33:44,929 - DEBUG - BuildTower - Set speed for pose: translation=1, orientation=100
2025-12-19 15:33:44,949 - INFO - BuildTower - Pose action initiated, waiting for completion.
2025-12-19 15:33:45,680 - INFO - BuildTower - Robot action ended.
2025-12-19 15:33:45,682 - INFO - BuildTower - Sending gripper command: value=0.075
