2025-12-19 15:32:36,787 - INFO - openpose - OpenPose server started and bound to tcp://*:5555
2025-12-19 15:32:36,788 - INFO - openpose - OpenPose server started and bound to tcp://*:5556
2025-12-19 15:32:36,799 - INFO - openpose - Starting OpenPose
2025-12-19 15:32:37,569 - INFO - openpose - OpenPose initialized - waiting for turn_order
2025-12-19 15:33:31,738 - INFO - openpose - Message received: ybypbpbpy

2025-12-19 15:33:32,407 - INFO - openpose - Gaze3D frame=0 id=None label=None v=[-0.372, 0.061, 0.926] yaw=-21.9 pitch=-3.5 cx=12.477918267250061
2025-12-19 15:33:32,407 - INFO - openpose - Gaze PUB: people=1, frame_idx=0
2025-12-19 15:33:32,596 - INFO - openpose - Gaze3D frame=0 id=None label=None v=[-0.379, 0.042, 0.925] yaw=-22.3 pitch=-2.4 cx=12.661438465118408
2025-12-19 15:33:32,596 - INFO - openpose - Gaze PUB: people=1, frame_idx=0
2025-12-19 15:33:32,786 - INFO - openpose - Gaze3D frame=0 id=None label=None v=[-0.420, 0.036, 0.907] yaw=-24.9 pitch=-2.1 cx=12.988896369934082
2025-12-19 15:33:32,787 - INFO - openpose - Gaze PUB: people=1, frame_idx=0
2025-12-19 15:33:32,892 - CRITICAL - openpose - Critical error in openpose_server: need at least one array to stack
Traceback (most recent call last):
  File "openpose_server.py", line 521, in <module>
    gaze_results = gaze_pipeline.step(frame)         # same as demo.py
  File "/home/ines/Desktop/Harmony/L2CS_Net/l2cs/pipeline.py", line 93, in step
    pitch, yaw = self.predict_gaze(np.stack(face_imgs))
  File "<__array_function__ internals>", line 200, in stack
  File "/home/ines/.local/lib/python3.8/site-packages/numpy/core/shape_base.py", line 460, in stack
    raise ValueError('need at least one array to stack')
ValueError: need at least one array to stack
