2025-11-28 14:27:31,422 - INFO - BuildTower - Connected to OpenPose server
2025-11-28 14:27:31,422 - INFO - BuildTower - Connected to Gaze server
2025-11-28 14:27:31,574 - INFO - BuildTower - Robot parameters: robot_name=my_gen3, dof=7, gripper_present=True
2025-11-28 14:27:31,579 - INFO - BuildTower - Service initialized: /my_gen3/base/clear_faults
2025-11-28 14:27:31,581 - INFO - BuildTower - Service initialized: /my_gen3/base/read_action
2025-11-28 14:27:31,582 - INFO - BuildTower - Service initialized: /my_gen3/base/execute_action
2025-11-28 14:27:31,584 - INFO - BuildTower - Service initialized: /my_gen3/control_config/set_cartesian_reference_frame
2025-11-28 14:27:31,585 - INFO - BuildTower - Service initialized: /my_gen3/base/activate_publishing_of_action_topic
2025-11-28 14:27:31,586 - INFO - BuildTower - Service initialized: /my_gen3/base/send_gripper_command
2025-11-28 14:27:31,586 - INFO - BuildTower - BuildTower class initialized successfully.
2025-11-28 14:27:31,587 - INFO - BuildTower - ROS parameter /kortex_examples_test_results/cartesian_poses_with_notifications_python did not exist or could not be deleted.
2025-11-28 14:27:31,587 - INFO - BuildTower - Starting main robot control loop.
2025-11-28 14:27:31,608 - INFO - BuildTower - Robot faults cleared successfully.
2025-11-28 14:27:34,138 - INFO - BuildTower - Cartesian reference frame set successfully.
2025-11-28 14:27:34,140 - INFO - BuildTower - Activating action notifications.
2025-11-28 14:27:34,147 - INFO - BuildTower - Action Notifications successfully activated.
2025-11-28 14:27:35,187 - INFO - BuildTower - Sending robot to home position.
2025-11-28 14:27:36,980 - INFO - BuildTower - User pressed Enter. Continuing with configuration 1
2025-11-28 14:27:36,980 - INFO - BuildTower - Parsing information from file: config2
2025-11-28 14:27:36,980 - INFO - BuildTower - Parsed turn_order: ybypbpbpy

2025-11-28 14:27:36,981 - INFO - BuildTower - Parsed object_order: 143

2025-11-28 14:27:36,981 - INFO - BuildTower - Sent turn_order and waiting for response from OpenPose server.
2025-11-28 14:27:36,981 - INFO - BuildTower - Sending turn order to OpenPose server: ybypbpbpy

2025-11-28 14:27:36,981 - DEBUG - BuildTower - Gaze rx: (none available)
2025-11-28 14:27:36,982 - DEBUG - BuildTower - Gaze rx: (none available)
2025-11-28 14:27:36,982 - DEBUG - BuildTower - Gaze rx: (none available)
2025-11-28 14:27:36,983 - INFO - BuildTower - Received reply from OpenPose server: Order Received
2025-11-28 14:27:36,983 - INFO - BuildTower - Starting mutual gaze calibration for 5.0 seconds
2025-11-28 14:27:42,002 - WARNING - BuildTower - Calibration collected only 0 samples (< 30). Bias may be noisy.
2025-11-28 14:27:42,002 - ERROR - BuildTower - Calibration failed: no valid gaze samples collected.
2025-11-28 14:27:42,003 - INFO - BuildTower - Robot moving to look at person in the right.
2025-11-28 14:27:42,003 - INFO - BuildTower - Attempting to go to position: x=0.5, y=0.08, z=0.5, theta_x=80, theta_y=0, theta_z=105
2025-11-28 14:27:42,003 - DEBUG - BuildTower - Set speed for pose: translation=1, orientation=100
2025-11-28 14:27:42,014 - INFO - BuildTower - Pose action initiated, waiting for completion.
2025-11-28 14:27:45,443 - INFO - BuildTower - Robot action ended.
2025-11-28 14:27:49,447 - INFO - BuildTower - Robot moving to look at person in the left.
2025-11-28 14:27:49,447 - INFO - BuildTower - Attempting to go to position: x=0.5, y=-0.08, z=0.5, theta_x=80, theta_y=0, theta_z=75
2025-11-28 14:27:49,448 - DEBUG - BuildTower - Set speed for pose: translation=1, orientation=100
2025-11-28 14:27:49,464 - INFO - BuildTower - Pose action initiated, waiting for completion.
2025-11-28 14:27:54,969 - INFO - BuildTower - Robot action ended.
2025-11-28 14:27:58,989 - INFO - BuildTower - Sending robot to home position.
2025-11-28 14:27:59,610 - INFO - BuildTower - Executing turn 0 out of 9.
2025-11-28 14:27:59,639 - INFO - BuildTower - Sending robot to home position.
2025-11-28 14:28:00,263 - INFO - BuildTower - Moving block from start 0.28 to target 0.307. Turn: 0, Block Shape: 1
2025-11-28 14:28:00,265 - INFO - BuildTower - Sending gripper command: value=0
2025-11-28 14:28:00,784 - INFO - BuildTower - Gripper command 0 sent successfully.
2025-11-28 14:28:00,787 - INFO - BuildTower - Attempting to go to position: x=0.47, y=0.18, z=0.325, theta_x=100.0, theta_y=0.0, theta_z=90.0
2025-11-28 14:28:00,787 - DEBUG - BuildTower - Set speed for pose: translation=1, orientation=100
2025-11-28 14:28:00,811 - INFO - BuildTower - Pose action initiated, waiting for completion.
2025-11-28 14:28:03,645 - INFO - BuildTower - Robot action ended.
2025-11-28 14:28:03,646 - INFO - BuildTower - Attempting to go to position: x=0.47, y=0.18, z=0.28, theta_x=100.0, theta_y=0.0, theta_z=90.0
2025-11-28 14:28:03,646 - DEBUG - BuildTower - Set speed for pose: translation=1, orientation=100
2025-11-28 14:28:03,661 - INFO - BuildTower - Pose action initiated, waiting for completion.
2025-11-28 14:28:04,389 - INFO - BuildTower - Robot action ended.
2025-11-28 14:28:04,391 - INFO - BuildTower - Sending gripper command: value=0.075
2025-11-28 14:28:04,910 - INFO - BuildTower - Gripper command 0.075 sent successfully.
2025-11-28 14:28:04,912 - INFO - BuildTower - Attempting to go to position: x=0.47, y=0.18, z=0.325, theta_x=100.0, theta_y=0.0, theta_z=90.0
2025-11-28 14:28:04,912 - DEBUG - BuildTower - Set speed for pose: translation=1, orientation=100
2025-11-28 14:28:04,936 - INFO - BuildTower - Pose action initiated, waiting for completion.
2025-11-28 14:28:05,644 - INFO - BuildTower - Robot action ended.
2025-11-28 14:28:05,645 - INFO - BuildTower - Attempting to go to position: x=0.735, y=0.0, z=0.352, theta_x=100.0, theta_y=0.0, theta_z=90.0
2025-11-28 14:28:05,645 - DEBUG - BuildTower - Set speed for pose: translation=1, orientation=100
2025-11-28 14:28:05,661 - INFO - BuildTower - Pose action initiated, waiting for completion.
2025-11-28 14:28:09,151 - INFO - BuildTower - Robot action ended.
2025-11-28 14:28:09,151 - INFO - BuildTower - Attempting to go to position: x=0.735, y=0.0, z=0.307, theta_x=100.0, theta_y=0.0, theta_z=90.0
2025-11-28 14:28:09,151 - DEBUG - BuildTower - Set speed for pose: translation=1, orientation=100
2025-11-28 14:28:09,161 - INFO - BuildTower - Pose action initiated, waiting for completion.
2025-11-28 14:28:09,889 - INFO - BuildTower - Robot action ended.
2025-11-28 14:28:09,891 - INFO - BuildTower - Sending gripper command: value=0
2025-11-28 14:28:10,411 - INFO - BuildTower - Gripper command 0 sent successfully.
2025-11-28 14:28:10,413 - INFO - BuildTower - Attempting to go to position: x=0.735, y=0.0, z=0.352, theta_x=100.0, theta_y=0.0, theta_z=90.0
2025-11-28 14:28:10,413 - DEBUG - BuildTower - Set speed for pose: translation=1, orientation=100
2025-11-28 14:28:10,437 - INFO - BuildTower - Pose action initiated, waiting for completion.
2025-11-28 14:28:11,165 - INFO - BuildTower - Robot action ended.
2025-11-28 14:28:11,165 - INFO - BuildTower - Robot completed its turn. Robot turn count: 1
2025-11-28 14:28:11,165 - INFO - BuildTower - Executing turn 1 out of 9.
2025-11-28 14:28:11,166 - DEBUG - BuildTower - Gaze rx: (none available)
2025-11-28 14:28:11,166 - INFO - BuildTower - No mutual gaze detected -> looking at tower as fallback.
2025-11-28 14:28:11,166 - INFO - BuildTower - Robot moving to look at tower.
2025-11-28 14:28:11,166 - INFO - BuildTower - Attempting to go to position: x=0.5, y=0, z=0.3, theta_x=110, theta_y=0, theta_z=90
2025-11-28 14:28:11,166 - DEBUG - BuildTower - Set speed for pose: translation=1, orientation=100
2025-11-28 14:28:11,190 - INFO - BuildTower - Pose action initiated, waiting for completion.
2025-11-28 14:28:13,973 - DEBUG - BuildTower - Gaze rx: (none available)
2025-11-28 14:28:13,973 - INFO - BuildTower - Sent 'PL: Arm Extended Check' to OpenPose server.
2025-11-28 14:28:13,974 - DEBUG - BuildTower - Gaze rx: (none available)
