2025-11-28 14:27:30,012 - INFO - openpose - OpenPose server started and bound to tcp://*:5555
2025-11-28 14:27:30,012 - INFO - openpose - OpenPose server started and bound to tcp://*:5556
2025-11-28 14:27:30,026 - INFO - openpose - Starting OpenPose
2025-11-28 14:27:30,823 - INFO - openpose - OpenPose initialized - waiting for turn_order
2025-11-28 14:27:36,982 - INFO - openpose - Message received: ybypbpbpy

2025-11-28 14:27:37,676 - INFO - openpose - Gaze3D frame=0 id=None label=None v=[-0.339, 0.097, 0.936] yaw=-19.9 pitch=-5.6 cx=348.639404296875
2025-11-28 14:27:37,677 - INFO - openpose - Gaze PUB: people=1, frame_idx=0
2025-11-28 14:27:37,870 - INFO - openpose - Gaze3D frame=0 id=None label=None v=[-0.316, 0.058, 0.947] yaw=-18.4 pitch=-3.3 cx=348.90020751953125
2025-11-28 14:27:37,870 - INFO - openpose - Gaze PUB: people=1, frame_idx=0
2025-11-28 14:27:38,063 - INFO - openpose - Gaze3D frame=0 id=None label=None v=[-0.402, 0.060, 0.914] yaw=-23.7 pitch=-3.5 cx=348.9690856933594
2025-11-28 14:27:38,063 - INFO - openpose - Gaze PUB: people=1, frame_idx=0
2025-11-28 14:27:38,244 - INFO - openpose - Gaze3D frame=0 id=None label=None v=[-0.326, 0.051, 0.944] yaw=-19.1 pitch=-2.9 cx=348.71026611328125
2025-11-28 14:27:38,244 - INFO - openpose - Gaze PUB: people=1, frame_idx=0
2025-11-28 14:27:38,427 - INFO - openpose - Gaze3D frame=0 id=None label=None v=[-0.372, 0.014, 0.928] yaw=-21.8 pitch=-0.8 cx=348.57872009277344
2025-11-28 14:27:38,427 - INFO - openpose - Gaze PUB: people=1, frame_idx=0
2025-11-28 14:27:38,604 - INFO - openpose - Gaze3D frame=0 id=None label=None v=[-0.343, -0.014, 0.939] yaw=-20.0 pitch=0.8 cx=347.50157165527344
2025-11-28 14:27:38,604 - INFO - openpose - Gaze PUB: people=1, frame_idx=0
2025-11-28 14:27:38,803 - INFO - openpose - Gaze3D frame=0 id=None label=None v=[-0.296, -0.024, 0.955] yaw=-17.2 pitch=1.4 cx=346.6567077636719
2025-11-28 14:27:38,803 - INFO - openpose - Gaze PUB: people=1, frame_idx=0
2025-11-28 14:27:38,981 - INFO - openpose - Gaze3D frame=0 id=None label=None v=[-0.253, -0.007, 0.967] yaw=-14.7 pitch=0.4 cx=346.48193359375
2025-11-28 14:27:38,981 - INFO - openpose - Gaze PUB: people=1, frame_idx=0
2025-11-28 14:27:39,180 - INFO - openpose - Gaze3D frame=0 id=None label=None v=[-0.348, -0.071, 0.935] yaw=-20.4 pitch=4.1 cx=346.441162109375
2025-11-28 14:27:39,180 - INFO - openpose - Gaze PUB: people=1, frame_idx=0
2025-11-28 14:27:39,371 - INFO - openpose - Gaze3D frame=0 id=None label=None v=[-0.307, -0.002, 0.952] yaw=-17.9 pitch=0.1 cx=346.82044982910156
2025-11-28 14:27:39,371 - INFO - openpose - Gaze PUB: people=1, frame_idx=0
2025-11-28 14:27:39,563 - INFO - openpose - Gaze3D frame=0 id=None label=None v=[-0.274, 0.018, 0.961] yaw=-15.9 pitch=-1.0 cx=346.7189636230469
2025-11-28 14:27:39,563 - INFO - openpose - Gaze PUB: people=1, frame_idx=0
2025-11-28 14:27:39,738 - INFO - openpose - Gaze3D frame=0 id=None label=None v=[-0.320, 0.090, 0.943] yaw=-18.7 pitch=-5.2 cx=347.0501403808594
2025-11-28 14:27:39,738 - INFO - openpose - Gaze PUB: people=1, frame_idx=0
2025-11-28 14:27:39,931 - INFO - openpose - Gaze3D frame=0 id=None label=None v=[-0.296, 0.056, 0.954] yaw=-17.2 pitch=-3.2 cx=347.5887145996094
2025-11-28 14:27:39,931 - INFO - openpose - Gaze PUB: people=1, frame_idx=0
2025-11-28 14:27:40,110 - INFO - openpose - Gaze3D frame=0 id=None label=None v=[-0.269, 0.148, 0.952] yaw=-15.8 pitch=-8.5 cx=348.40936279296875
2025-11-28 14:27:40,110 - INFO - openpose - Gaze PUB: people=1, frame_idx=0
2025-11-28 14:27:40,285 - INFO - openpose - Gaze3D frame=0 id=None label=None v=[-0.256, 0.156, 0.954] yaw=-15.0 pitch=-9.0 cx=348.67185974121094
2025-11-28 14:27:40,285 - INFO - openpose - Gaze PUB: people=1, frame_idx=0
2025-11-28 14:27:40,488 - INFO - openpose - Gaze3D frame=0 id=None label=None v=[-0.361, 0.083, 0.929] yaw=-21.2 pitch=-4.8 cx=349.015869140625
2025-11-28 14:27:40,488 - INFO - openpose - Gaze PUB: people=1, frame_idx=0
2025-11-28 14:27:40,681 - INFO - openpose - Gaze3D frame=0 id=None label=None v=[-0.401, 0.059, 0.914] yaw=-23.7 pitch=-3.4 cx=349.0634307861328
2025-11-28 14:27:40,681 - INFO - openpose - Gaze PUB: people=1, frame_idx=0
2025-11-28 14:27:40,869 - INFO - openpose - Gaze3D frame=0 id=None label=None v=[-0.281, 0.142, 0.949] yaw=-16.5 pitch=-8.2 cx=348.66026306152344
2025-11-28 14:27:40,869 - INFO - openpose - Gaze PUB: people=1, frame_idx=0
2025-11-28 14:27:41,037 - INFO - openpose - Gaze3D frame=0 id=None label=None v=[-0.266, 0.155, 0.951] yaw=-15.6 pitch=-8.9 cx=348.2527770996094
2025-11-28 14:27:41,037 - INFO - openpose - Gaze PUB: people=1, frame_idx=0
2025-11-28 14:27:41,220 - INFO - openpose - Gaze3D frame=0 id=None label=None v=[-0.268, 0.072, 0.961] yaw=-15.6 pitch=-4.1 cx=348.0845642089844
2025-11-28 14:27:41,220 - INFO - openpose - Gaze PUB: people=1, frame_idx=0
2025-11-28 14:27:41,424 - INFO - openpose - Gaze3D frame=0 id=None label=None v=[-0.293, -0.001, 0.956] yaw=-17.0 pitch=0.0 cx=347.6701965332031
2025-11-28 14:27:41,424 - INFO - openpose - Gaze PUB: people=1, frame_idx=0
2025-11-28 14:27:41,614 - INFO - openpose - Gaze3D frame=0 id=None label=None v=[-0.302, 0.067, 0.951] yaw=-17.6 pitch=-3.8 cx=347.46636962890625
2025-11-28 14:27:41,614 - INFO - openpose - Gaze PUB: people=1, frame_idx=0
2025-11-28 14:27:41,807 - INFO - openpose - Gaze3D frame=0 id=None label=None v=[-0.278, 0.067, 0.958] yaw=-16.2 pitch=-3.8 cx=347.06085205078125
2025-11-28 14:27:41,807 - INFO - openpose - Gaze PUB: people=1, frame_idx=0
2025-11-28 14:27:41,991 - INFO - openpose - Gaze3D frame=0 id=None label=None v=[-0.310, -0.020, 0.951] yaw=-18.1 pitch=1.1 cx=346.87249755859375
2025-11-28 14:27:41,992 - INFO - openpose - Gaze PUB: people=1, frame_idx=0
2025-11-28 14:27:42,185 - INFO - openpose - Gaze3D frame=0 id=None label=None v=[-0.283, -0.054, 0.958] yaw=-16.5 pitch=3.1 cx=346.847412109375
2025-11-28 14:27:42,185 - INFO - openpose - Gaze PUB: people=1, frame_idx=0
2025-11-28 14:27:42,361 - INFO - openpose - Gaze3D frame=0 id=None label=None v=[-0.274, 0.038, 0.961] yaw=-15.9 pitch=-2.2 cx=346.6022033691406
2025-11-28 14:27:42,362 - INFO - openpose - Gaze PUB: people=1, frame_idx=0
2025-11-28 14:27:42,542 - INFO - openpose - Gaze3D frame=0 id=None label=None v=[-0.253, -0.019, 0.967] yaw=-14.6 pitch=1.1 cx=346.4915466308594
2025-11-28 14:27:42,542 - INFO - openpose - Gaze PUB: people=1, frame_idx=0
2025-11-28 14:27:42,710 - INFO - openpose - Gaze3D frame=0 id=None label=None v=[-0.272, 0.008, 0.962] yaw=-15.8 pitch=-0.5 cx=346.4004364013672
2025-11-28 14:27:42,710 - INFO - openpose - Gaze PUB: people=1, frame_idx=0
2025-11-28 14:27:42,877 - INFO - openpose - Gaze3D frame=0 id=None label=None v=[-0.257, -0.012, 0.966] yaw=-14.9 pitch=0.7 cx=346.69561767578125
2025-11-28 14:27:42,877 - INFO - openpose - Gaze PUB: people=1, frame_idx=0
2025-11-28 14:27:43,052 - INFO - openpose - Gaze3D frame=0 id=None label=None v=[-0.238, 0.013, 0.971] yaw=-13.8 pitch=-0.8 cx=346.48777770996094
2025-11-28 14:27:43,052 - INFO - openpose - Gaze PUB: people=1, frame_idx=0
2025-11-28 14:27:43,243 - INFO - openpose - Gaze3D frame=0 id=None label=None v=[-0.233, 0.032, 0.972] yaw=-13.5 pitch=-1.8 cx=346.4200134277344
2025-11-28 14:27:43,244 - INFO - openpose - Gaze PUB: people=1, frame_idx=0
2025-11-28 14:27:43,451 - INFO - openpose - Gaze3D frame=0 id=None label=None v=[-0.240, 0.039, 0.970] yaw=-13.9 pitch=-2.2 cx=346.14276123046875
2025-11-28 14:27:43,451 - INFO - openpose - Gaze PUB: people=1, frame_idx=0
2025-11-28 14:27:43,635 - INFO - openpose - Gaze3D frame=0 id=None label=None v=[-0.316, -0.012, 0.949] yaw=-18.4 pitch=0.7 cx=345.864501953125
2025-11-28 14:27:43,636 - INFO - openpose - Gaze PUB: people=1, frame_idx=0
2025-11-28 14:27:43,838 - INFO - openpose - Gaze3D frame=0 id=None label=None v=[-0.258, 0.005, 0.966] yaw=-15.0 pitch=-0.3 cx=346.20751953125
2025-11-28 14:27:43,838 - INFO - openpose - Gaze PUB: people=1, frame_idx=0
2025-11-28 14:27:44,023 - INFO - openpose - Gaze3D frame=0 id=None label=None v=[-0.325, -0.063, 0.944] yaw=-19.0 pitch=3.6 cx=346.221923828125
2025-11-28 14:27:44,024 - INFO - openpose - Gaze PUB: people=1, frame_idx=0
2025-11-28 14:27:44,225 - INFO - openpose - Gaze3D frame=0 id=None label=None v=[-0.099, -0.469, 0.878] yaw=-6.4 pitch=28.0 cx=343.2198944091797
2025-11-28 14:27:44,225 - INFO - openpose - Gaze PUB: people=1, frame_idx=0
2025-11-28 14:27:44,398 - INFO - openpose - Gaze3D frame=0 id=None label=None v=[-0.021, -0.733, 0.680] yaw=-1.8 pitch=47.2 cx=339.76116943359375
2025-11-28 14:27:44,398 - INFO - openpose - Gaze PUB: people=1, frame_idx=0
2025-11-28 14:27:44,595 - INFO - openpose - Gaze3D frame=0 id=None label=None v=[-0.038, -0.762, 0.646] yaw=-3.3 pitch=49.7 cx=339.58135986328125
2025-11-28 14:27:44,595 - INFO - openpose - Gaze PUB: people=1, frame_idx=0
2025-11-28 14:27:44,790 - INFO - openpose - Gaze3D frame=0 id=None label=None v=[-0.093, -0.706, 0.703] yaw=-7.5 pitch=44.9 cx=339.1093292236328
2025-11-28 14:27:44,790 - INFO - openpose - Gaze PUB: people=1, frame_idx=0
2025-11-28 14:27:44,984 - INFO - openpose - Gaze3D frame=0 id=None label=None v=[-0.096, -0.713, 0.694] yaw=-7.9 pitch=45.5 cx=338.8130645751953
2025-11-28 14:27:44,984 - INFO - openpose - Gaze PUB: people=1, frame_idx=0
2025-11-28 14:27:45,179 - INFO - openpose - Gaze3D frame=0 id=None label=None v=[-0.071, -0.735, 0.675] yaw=-6.0 pitch=47.3 cx=338.6699676513672
2025-11-28 14:27:45,179 - INFO - openpose - Gaze PUB: people=1, frame_idx=0
2025-11-28 14:27:45,372 - INFO - openpose - Gaze3D frame=0 id=None label=None v=[-0.209, -0.262, 0.942] yaw=-12.5 pitch=15.2 cx=339.3718719482422
2025-11-28 14:27:45,372 - INFO - openpose - Gaze PUB: people=1, frame_idx=0
2025-11-28 14:27:45,566 - INFO - openpose - Gaze3D frame=0 id=None label=None v=[-0.367, -0.097, 0.925] yaw=-21.6 pitch=5.6 cx=341.6398010253906
2025-11-28 14:27:45,566 - INFO - openpose - Gaze PUB: people=1, frame_idx=0
2025-11-28 14:27:45,741 - INFO - openpose - Gaze3D frame=0 id=None label=None v=[-0.265, -0.160, 0.951] yaw=-15.5 pitch=9.2 cx=341.6929168701172
2025-11-28 14:27:45,741 - INFO - openpose - Gaze PUB: people=1, frame_idx=0
2025-11-28 14:27:45,938 - INFO - openpose - Gaze3D frame=0 id=None label=None v=[-0.263, -0.163, 0.951] yaw=-15.5 pitch=9.4 cx=341.5517883300781
2025-11-28 14:27:45,938 - INFO - openpose - Gaze PUB: people=1, frame_idx=0
2025-11-28 14:27:46,134 - INFO - openpose - Gaze3D frame=0 id=None label=None v=[-0.253, -0.133, 0.958] yaw=-14.8 pitch=7.6 cx=341.59291076660156
2025-11-28 14:27:46,134 - INFO - openpose - Gaze PUB: people=1, frame_idx=0
2025-11-28 14:27:46,323 - INFO - openpose - Gaze3D frame=0 id=None label=None v=[-0.295, -0.189, 0.937] yaw=-17.5 pitch=10.9 cx=340.8328094482422
2025-11-28 14:27:46,324 - INFO - openpose - Gaze PUB: people=1, frame_idx=0
2025-11-28 14:27:46,520 - INFO - openpose - Gaze3D frame=0 id=None label=None v=[-0.279, -0.170, 0.945] yaw=-16.5 pitch=9.8 cx=341.27284240722656
2025-11-28 14:27:46,520 - INFO - openpose - Gaze PUB: people=1, frame_idx=0
2025-11-28 14:27:46,713 - INFO - openpose - Gaze3D frame=0 id=None label=None v=[-0.120, -0.354, 0.927] yaw=-7.3 pitch=20.8 cx=341.3066101074219
2025-11-28 14:27:46,713 - INFO - openpose - Gaze PUB: people=1, frame_idx=0
2025-11-28 14:27:46,909 - INFO - openpose - Gaze3D frame=0 id=None label=None v=[-0.064, -0.688, 0.722] yaw=-5.0 pitch=43.5 cx=340.0714874267578
2025-11-28 14:27:46,909 - INFO - openpose - Gaze PUB: people=1, frame_idx=0
2025-11-28 14:27:47,104 - INFO - openpose - Gaze3D frame=0 id=None label=None v=[0.007, -0.658, 0.753] yaw=0.6 pitch=41.2 cx=339.6527862548828
2025-11-28 14:27:47,104 - INFO - openpose - Gaze PUB: people=1, frame_idx=0
2025-11-28 14:27:47,300 - INFO - openpose - Gaze3D frame=0 id=None label=None v=[-0.324, -0.175, 0.930] yaw=-19.2 pitch=10.1 cx=340.22528076171875
2025-11-28 14:27:47,301 - INFO - openpose - Gaze PUB: people=1, frame_idx=0
2025-11-28 14:27:47,487 - INFO - openpose - Gaze3D frame=0 id=None label=None v=[-0.270, -0.194, 0.943] yaw=-16.0 pitch=11.2 cx=340.27203369140625
2025-11-28 14:27:47,487 - INFO - openpose - Gaze PUB: people=1, frame_idx=0
2025-11-28 14:27:47,686 - INFO - openpose - Gaze3D frame=0 id=None label=None v=[-0.332, -0.231, 0.915] yaw=-19.9 pitch=13.4 cx=340.8043975830078
2025-11-28 14:27:47,687 - INFO - openpose - Gaze PUB: people=1, frame_idx=0
2025-11-28 14:27:47,895 - INFO - openpose - Gaze3D frame=0 id=None label=None v=[-0.263, -0.141, 0.955] yaw=-15.4 pitch=8.1 cx=340.31256103515625
2025-11-28 14:27:47,895 - INFO - openpose - Gaze PUB: people=1, frame_idx=0
2025-11-28 14:27:48,086 - INFO - openpose - Gaze3D frame=0 id=None label=None v=[-0.336, -0.190, 0.923] yaw=-20.0 pitch=10.9 cx=339.7193603515625
2025-11-28 14:27:48,087 - INFO - openpose - Gaze PUB: people=1, frame_idx=0
2025-11-28 14:27:48,274 - INFO - openpose - Gaze3D frame=0 id=None label=None v=[-0.278, -0.119, 0.953] yaw=-16.2 pitch=6.8 cx=338.7543487548828
2025-11-28 14:27:48,274 - INFO - openpose - Gaze PUB: people=1, frame_idx=0
2025-11-28 14:27:48,462 - INFO - openpose - Gaze3D frame=0 id=None label=None v=[-0.247, -0.170, 0.954] yaw=-14.5 pitch=9.8 cx=338.85166931152344
2025-11-28 14:27:48,463 - INFO - openpose - Gaze PUB: people=1, frame_idx=0
2025-11-28 14:27:48,655 - INFO - openpose - Gaze3D frame=0 id=None label=None v=[-0.303, -0.134, 0.943] yaw=-17.8 pitch=7.7 cx=338.9383850097656
2025-11-28 14:27:48,655 - INFO - openpose - Gaze PUB: people=1, frame_idx=0
2025-11-28 14:27:48,843 - INFO - openpose - Gaze3D frame=0 id=None label=None v=[-0.305, -0.178, 0.936] yaw=-18.0 pitch=10.2 cx=339.7602844238281
2025-11-28 14:27:48,843 - INFO - openpose - Gaze PUB: people=1, frame_idx=0
2025-11-28 14:27:49,041 - INFO - openpose - Gaze3D frame=0 id=None label=None v=[-0.326, -0.113, 0.938] yaw=-19.2 pitch=6.5 cx=341.23651123046875
2025-11-28 14:27:49,041 - INFO - openpose - Gaze PUB: people=1, frame_idx=0
2025-11-28 14:27:49,229 - INFO - openpose - Gaze3D frame=0 id=None label=None v=[-0.375, -0.145, 0.916] yaw=-22.3 pitch=8.3 cx=341.8142395019531
2025-11-28 14:27:49,229 - INFO - openpose - Gaze PUB: people=1, frame_idx=0
2025-11-28 14:27:49,420 - INFO - openpose - Gaze3D frame=0 id=None label=None v=[-0.335, -0.108, 0.936] yaw=-19.7 pitch=6.2 cx=342.8376922607422
2025-11-28 14:27:49,420 - INFO - openpose - Gaze PUB: people=1, frame_idx=0
2025-11-28 14:27:49,613 - INFO - openpose - Gaze3D frame=0 id=None label=None v=[-0.328, -0.019, 0.944] yaw=-19.2 pitch=1.1 cx=344.419189453125
2025-11-28 14:27:49,613 - INFO - openpose - Gaze PUB: people=1, frame_idx=0
2025-11-28 14:27:49,804 - INFO - openpose - Gaze3D frame=0 id=None label=None v=[-0.219, -0.050, 0.974] yaw=-12.7 pitch=2.9 cx=344.85301208496094
2025-11-28 14:27:49,804 - INFO - openpose - Gaze PUB: people=1, frame_idx=0
2025-11-28 14:27:50,001 - INFO - openpose - Gaze3D frame=0 id=None label=None v=[-0.318, -0.103, 0.942] yaw=-18.7 pitch=5.9 cx=345.0370788574219
2025-11-28 14:27:50,001 - INFO - openpose - Gaze PUB: people=1, frame_idx=0
2025-11-28 14:27:50,187 - INFO - openpose - Gaze3D frame=0 id=None label=None v=[-0.376, -0.088, 0.922] yaw=-22.2 pitch=5.1 cx=345.26031494140625
2025-11-28 14:27:50,188 - INFO - openpose - Gaze PUB: people=1, frame_idx=0
2025-11-28 14:27:50,380 - INFO - openpose - Gaze3D frame=0 id=None label=None v=[-0.369, -0.073, 0.926] yaw=-21.7 pitch=4.2 cx=345.3083953857422
2025-11-28 14:27:50,380 - INFO - openpose - Gaze PUB: people=1, frame_idx=0
2025-11-28 14:27:50,569 - INFO - openpose - Gaze3D frame=0 id=None label=None v=[-0.398, -0.097, 0.912] yaw=-23.6 pitch=5.6 cx=345.27099609375
2025-11-28 14:27:50,570 - INFO - openpose - Gaze PUB: people=1, frame_idx=0
2025-11-28 14:27:50,748 - INFO - openpose - Gaze3D frame=0 id=None label=None v=[-0.242, 0.005, 0.970] yaw=-14.0 pitch=-0.3 cx=344.77784729003906
2025-11-28 14:27:50,748 - INFO - openpose - Gaze PUB: people=1, frame_idx=0
2025-11-28 14:27:50,924 - INFO - openpose - Gaze3D frame=0 id=None label=None v=[-0.312, -0.091, 0.946] yaw=-18.3 pitch=5.2 cx=344.4705810546875
2025-11-28 14:27:50,924 - INFO - openpose - Gaze PUB: people=1, frame_idx=0
2025-11-28 14:27:51,095 - INFO - openpose - Gaze3D frame=0 id=None label=None v=[-0.074, -0.724, 0.685] yaw=-6.2 pitch=46.4 cx=341.3462677001953
2025-11-28 14:27:51,095 - INFO - openpose - Gaze PUB: people=1, frame_idx=0
2025-11-28 14:27:51,289 - INFO - openpose - Gaze3D frame=0 id=None label=None v=[-0.060, -0.726, 0.685] yaw=-5.0 pitch=46.5 cx=340.06898498535156
2025-11-28 14:27:51,289 - INFO - openpose - Gaze PUB: people=1, frame_idx=0
2025-11-28 14:27:51,487 - INFO - openpose - Gaze3D frame=0 id=None label=None v=[-0.110, -0.679, 0.726] yaw=-8.6 pitch=42.8 cx=338.8865203857422
2025-11-28 14:27:51,488 - INFO - openpose - Gaze PUB: people=1, frame_idx=0
2025-11-28 14:27:51,681 - INFO - openpose - Gaze3D frame=0 id=None label=None v=[-0.309, -0.312, 0.898] yaw=-19.0 pitch=18.2 cx=338.37925720214844
2025-11-28 14:27:51,681 - INFO - openpose - Gaze PUB: people=1, frame_idx=0
2025-11-28 14:27:51,870 - INFO - openpose - Gaze3D frame=0 id=None label=None v=[-0.338, -0.254, 0.906] yaw=-20.4 pitch=14.7 cx=338.5049591064453
2025-11-28 14:27:51,870 - INFO - openpose - Gaze PUB: people=1, frame_idx=0
2025-11-28 14:27:52,060 - INFO - openpose - Gaze3D frame=0 id=None label=None v=[-0.250, -0.170, 0.953] yaw=-14.7 pitch=9.8 cx=338.4969177246094
2025-11-28 14:27:52,060 - INFO - openpose - Gaze PUB: people=1, frame_idx=0
2025-11-28 14:27:52,253 - INFO - openpose - Gaze3D frame=0 id=None label=None v=[-0.277, -0.054, 0.959] yaw=-16.1 pitch=3.1 cx=339.4831085205078
2025-11-28 14:27:52,253 - INFO - openpose - Gaze PUB: people=1, frame_idx=0
2025-11-28 14:27:52,433 - INFO - openpose - Gaze3D frame=0 id=None label=None v=[-0.224, -0.079, 0.971] yaw=-13.0 pitch=4.5 cx=339.64015197753906
2025-11-28 14:27:52,433 - INFO - openpose - Gaze PUB: people=1, frame_idx=0
2025-11-28 14:27:52,634 - INFO - openpose - Gaze3D frame=0 id=None label=None v=[-0.392, -0.055, 0.919] yaw=-23.1 pitch=3.1 cx=340.2079315185547
2025-11-28 14:27:52,634 - INFO - openpose - Gaze PUB: people=1, frame_idx=0
2025-11-28 14:27:52,807 - INFO - openpose - Gaze3D frame=0 id=None label=None v=[-0.242, -0.007, 0.970] yaw=-14.0 pitch=0.4 cx=340.557373046875
2025-11-28 14:27:52,807 - INFO - openpose - Gaze PUB: people=1, frame_idx=0
2025-11-28 14:27:52,985 - INFO - openpose - Gaze3D frame=0 id=None label=None v=[-0.283, -0.009, 0.959] yaw=-16.4 pitch=0.5 cx=340.93101501464844
2025-11-28 14:27:52,985 - INFO - openpose - Gaze PUB: people=1, frame_idx=0
2025-11-28 14:27:53,173 - INFO - openpose - Gaze3D frame=0 id=None label=None v=[-0.288, 0.033, 0.957] yaw=-16.7 pitch=-1.9 cx=341.41253662109375
2025-11-28 14:27:53,173 - INFO - openpose - Gaze PUB: people=1, frame_idx=0
2025-11-28 14:27:53,369 - INFO - openpose - Gaze3D frame=0 id=None label=None v=[-0.297, -0.087, 0.951] yaw=-17.3 pitch=5.0 cx=341.9133605957031
2025-11-28 14:27:53,369 - INFO - openpose - Gaze PUB: people=1, frame_idx=0
2025-11-28 14:27:53,566 - INFO - openpose - Gaze3D frame=0 id=None label=None v=[-0.398, 0.000, 0.918] yaw=-23.4 pitch=-0.0 cx=341.93829345703125
2025-11-28 14:27:53,566 - INFO - openpose - Gaze PUB: people=1, frame_idx=0
2025-11-28 14:27:53,769 - INFO - openpose - Gaze3D frame=0 id=None label=None v=[-0.167, -0.378, 0.910] yaw=-10.4 pitch=22.2 cx=338.63233947753906
2025-11-28 14:27:53,769 - INFO - openpose - Gaze PUB: people=1, frame_idx=0
2025-11-28 14:27:53,960 - INFO - openpose - Gaze3D frame=0 id=None label=None v=[-0.123, -0.623, 0.772] yaw=-9.0 pitch=38.5 cx=328.43865966796875
2025-11-28 14:27:53,960 - INFO - openpose - Gaze PUB: people=1, frame_idx=0
2025-11-28 14:27:54,146 - INFO - openpose - Gaze3D frame=0 id=None label=None v=[-0.213, -0.636, 0.742] yaw=-16.0 pitch=39.5 cx=314.45111083984375
2025-11-28 14:27:54,146 - INFO - openpose - Gaze PUB: people=1, frame_idx=0
2025-11-28 14:27:54,347 - INFO - openpose - Gaze3D frame=0 id=None label=None v=[-0.202, -0.472, 0.858] yaw=-13.3 pitch=28.2 cx=304.91929626464844
2025-11-28 14:27:54,347 - INFO - openpose - Gaze PUB: people=1, frame_idx=0
2025-11-28 14:27:54,544 - INFO - openpose - Gaze3D frame=0 id=None label=None v=[-0.200, -0.376, 0.905] yaw=-12.5 pitch=22.1 cx=311.863525390625
2025-11-28 14:27:54,545 - INFO - openpose - Gaze PUB: people=1, frame_idx=0
2025-11-28 14:27:54,743 - INFO - openpose - Gaze3D frame=0 id=None label=None v=[-0.086, -0.561, 0.823] yaw=-6.0 pitch=34.2 cx=330.70269775390625
2025-11-28 14:27:54,743 - INFO - openpose - Gaze PUB: people=1, frame_idx=0
2025-11-28 14:27:54,925 - INFO - openpose - Gaze3D frame=0 id=None label=None v=[-0.110, -0.547, 0.830] yaw=-7.5 pitch=33.2 cx=345.833984375
2025-11-28 14:27:54,925 - INFO - openpose - Gaze PUB: people=1, frame_idx=0
2025-11-28 14:27:55,114 - INFO - openpose - Gaze3D frame=0 id=None label=None v=[-0.163, -0.559, 0.813] yaw=-11.3 pitch=34.0 cx=345.96405029296875
2025-11-28 14:27:55,114 - INFO - openpose - Gaze PUB: people=1, frame_idx=0
2025-11-28 14:27:55,315 - INFO - openpose - Gaze3D frame=0 id=None label=None v=[-0.115, -0.596, 0.795] yaw=-8.2 pitch=36.6 cx=334.0898895263672
2025-11-28 14:27:55,315 - INFO - openpose - Gaze PUB: people=1, frame_idx=0
2025-11-28 14:27:55,507 - INFO - openpose - Gaze3D frame=0 id=None label=None v=[-0.037, -0.464, 0.885] yaw=-2.4 pitch=27.7 cx=309.5130157470703
2025-11-28 14:27:55,507 - INFO - openpose - Gaze PUB: people=1, frame_idx=0
2025-11-28 14:27:55,714 - INFO - openpose - Gaze3D frame=0 id=None label=None v=[-0.045, -0.648, 0.760] yaw=-3.4 pitch=40.4 cx=281.1673583984375
2025-11-28 14:27:55,715 - INFO - openpose - Gaze PUB: people=1, frame_idx=0
2025-11-28 14:27:55,902 - INFO - openpose - Gaze3D frame=0 id=None label=None v=[-0.019, -0.550, 0.835] yaw=-1.3 pitch=33.4 cx=254.12486267089844
2025-11-28 14:27:55,902 - INFO - openpose - Gaze PUB: people=1, frame_idx=0
2025-11-28 14:27:56,083 - INFO - openpose - Gaze3D frame=0 id=None label=None v=[-0.158, -0.844, 0.513] yaw=-17.1 pitch=57.5 cx=222.02618408203125
2025-11-28 14:27:56,084 - INFO - openpose - Gaze PUB: people=1, frame_idx=0
2025-11-28 14:27:56,266 - INFO - openpose - Gaze3D frame=0 id=None label=None v=[-0.112, -0.910, 0.399] yaw=-15.6 pitch=65.5 cx=187.12664031982422
2025-11-28 14:27:56,266 - INFO - openpose - Gaze PUB: people=1, frame_idx=0
2025-11-28 14:27:56,462 - INFO - openpose - Gaze3D frame=0 id=None label=None v=[-0.096, -0.866, 0.490] yaw=-11.1 pitch=60.0 cx=145.07416534423828
2025-11-28 14:27:56,462 - INFO - openpose - Gaze PUB: people=1, frame_idx=0
2025-11-28 14:27:56,657 - INFO - openpose - Gaze3D frame=0 id=None label=None v=[-0.065, -0.782, 0.620] yaw=-6.0 pitch=51.4 cx=102.66440963745117
2025-11-28 14:27:56,657 - INFO - openpose - Gaze PUB: people=1, frame_idx=0
2025-11-28 14:27:56,848 - INFO - openpose - Gaze3D frame=0 id=None label=None v=[-0.044, -0.944, 0.328] yaw=-7.6 pitch=70.7 cx=50.38130187988281
2025-11-28 14:27:56,849 - INFO - openpose - Gaze PUB: people=1, frame_idx=0
2025-11-28 14:27:57,058 - INFO - openpose - Gaze3D frame=0 id=None label=None v=[-0.064, -0.819, 0.571] yaw=-6.4 pitch=55.0 cx=15.18617033958435
2025-11-28 14:27:57,058 - INFO - openpose - Gaze PUB: people=1, frame_idx=0
2025-11-28 14:27:57,170 - CRITICAL - openpose - Critical error in openpose_server: need at least one array to stack
Traceback (most recent call last):
  File "openpose_server.py", line 521, in <module>
    gaze_results = gaze_pipeline.step(frame)         # same as demo.py
  File "/home/ines/Desktop/Harmony/L2CS_Net/l2cs/pipeline.py", line 93, in step
    pitch, yaw = self.predict_gaze(np.stack(face_imgs))
  File "<__array_function__ internals>", line 200, in stack
  File "/home/ines/.local/lib/python3.8/site-packages/numpy/core/shape_base.py", line 460, in stack
    raise ValueError('need at least one array to stack')
ValueError: need at least one array to stack
