2025-12-04 16:19:13,911 - INFO - openpose - OpenPose server started and bound to tcp://*:5555
2025-12-04 16:19:13,911 - INFO - openpose - OpenPose server started and bound to tcp://*:5556
2025-12-04 16:19:13,924 - INFO - openpose - Starting OpenPose
2025-12-04 16:19:14,686 - INFO - openpose - OpenPose initialized - waiting for turn_order
2025-12-04 16:19:23,048 - INFO - openpose - Message received: ybypbpbpy

2025-12-04 16:19:23,800 - INFO - openpose - Gaze3D frame=0 id=None label=None v=[-0.357, -0.347, 0.867] yaw=-22.4 pitch=20.3 cx=471.6231231689453
2025-12-04 16:19:23,800 - INFO - openpose - Gaze3D frame=0 id=None label=None v=[-0.341, 0.298, 0.892] yaw=-20.9 pitch=-17.3 cx=287.16094970703125
2025-12-04 16:19:23,800 - INFO - openpose - Gaze PUB: people=2, frame_idx=0
2025-12-04 16:19:24,057 - INFO - openpose - Gaze3D frame=0 id=None label=None v=[-0.005, 0.225, 0.974] yaw=-0.3 pitch=-13.0 cx=476.02191162109375
2025-12-04 16:19:24,057 - INFO - openpose - Gaze3D frame=0 id=None label=None v=[-0.390, 0.339, 0.856] yaw=-24.5 pitch=-19.8 cx=288.76673889160156
2025-12-04 16:19:24,057 - INFO - openpose - Gaze PUB: people=2, frame_idx=0
2025-12-04 16:19:24,325 - INFO - openpose - Gaze3D frame=0 id=None label=None v=[-0.015, 0.253, 0.967] yaw=-0.9 pitch=-14.7 cx=477.42665100097656
2025-12-04 16:19:24,325 - INFO - openpose - Gaze3D frame=0 id=None label=None v=[-0.436, 0.185, 0.881] yaw=-26.3 pitch=-10.7 cx=288.5312805175781
2025-12-04 16:19:24,325 - INFO - openpose - Gaze PUB: people=2, frame_idx=0
2025-12-04 16:19:24,579 - INFO - openpose - Gaze3D frame=0 id=None label=None v=[-0.397, 0.267, 0.878] yaw=-24.3 pitch=-15.5 cx=288.364501953125
2025-12-04 16:19:24,580 - INFO - openpose - Gaze3D frame=0 id=None label=None v=[0.054, 0.382, 0.922] yaw=3.3 pitch=-22.5 cx=480.2351379394531
2025-12-04 16:19:24,580 - INFO - openpose - Gaze PUB: people=2, frame_idx=0
2025-12-04 16:19:24,823 - INFO - openpose - Gaze3D frame=0 id=None label=None v=[0.138, -0.238, 0.961] yaw=8.1 pitch=13.8 cx=482.72471618652344
2025-12-04 16:19:24,823 - INFO - openpose - Gaze3D frame=0 id=None label=None v=[-0.448, 0.083, 0.890] yaw=-26.7 pitch=-4.8 cx=287.6495819091797
2025-12-04 16:19:24,823 - INFO - openpose - Gaze PUB: people=2, frame_idx=0
2025-12-04 16:19:25,068 - INFO - openpose - Gaze3D frame=0 id=None label=None v=[0.082, -0.250, 0.965] yaw=4.9 pitch=14.5 cx=482.6148223876953
2025-12-04 16:19:25,069 - INFO - openpose - Gaze3D frame=0 id=None label=None v=[-0.410, -0.060, 0.910] yaw=-24.3 pitch=3.5 cx=287.25172424316406
2025-12-04 16:19:25,069 - INFO - openpose - Gaze PUB: people=2, frame_idx=0
2025-12-04 16:19:25,316 - INFO - openpose - Gaze3D frame=0 id=None label=None v=[-0.064, 0.154, 0.986] yaw=-3.7 pitch=-8.9 cx=480.56141662597656
2025-12-04 16:19:25,316 - INFO - openpose - Gaze3D frame=0 id=None label=None v=[-0.410, 0.211, 0.887] yaw=-24.8 pitch=-12.2 cx=287.2718505859375
2025-12-04 16:19:25,316 - INFO - openpose - Gaze PUB: people=2, frame_idx=0
2025-12-04 16:19:25,560 - INFO - openpose - Gaze3D frame=0 id=None label=None v=[-0.089, 0.411, 0.907] yaw=-5.6 pitch=-24.3 cx=479.51548767089844
2025-12-04 16:19:25,560 - INFO - openpose - Gaze3D frame=0 id=None label=None v=[-0.361, 0.282, 0.889] yaw=-22.1 pitch=-16.4 cx=287.8529968261719
2025-12-04 16:19:25,560 - INFO - openpose - Gaze PUB: people=2, frame_idx=0
2025-12-04 16:19:25,801 - INFO - openpose - Gaze3D frame=0 id=None label=None v=[-0.412, 0.293, 0.863] yaw=-25.5 pitch=-17.0 cx=288.13462829589844
2025-12-04 16:19:25,801 - INFO - openpose - Gaze3D frame=0 id=None label=None v=[-0.007, 0.414, 0.910] yaw=-0.4 pitch=-24.4 cx=479.04051208496094
2025-12-04 16:19:25,801 - INFO - openpose - Gaze PUB: people=2, frame_idx=0
2025-12-04 16:19:26,043 - INFO - openpose - Gaze3D frame=0 id=None label=None v=[-0.012, 0.722, 0.691] yaw=-1.0 pitch=-46.3 cx=479.0351867675781
2025-12-04 16:19:26,043 - INFO - openpose - Gaze3D frame=0 id=None label=None v=[-0.382, 0.261, 0.886] yaw=-23.3 pitch=-15.2 cx=288.3691711425781
2025-12-04 16:19:26,043 - INFO - openpose - Gaze PUB: people=2, frame_idx=0
2025-12-04 16:19:26,305 - INFO - openpose - Gaze3D frame=0 id=None label=None v=[-0.155, 0.209, 0.966] yaw=-9.1 pitch=-12.1 cx=479.61790466308594
2025-12-04 16:19:26,305 - INFO - openpose - Gaze3D frame=0 id=None label=None v=[-0.498, 0.156, 0.853] yaw=-30.3 pitch=-9.0 cx=288.24444580078125
2025-12-04 16:19:26,305 - INFO - openpose - Gaze PUB: people=2, frame_idx=0
2025-12-04 16:19:26,549 - INFO - openpose - Gaze3D frame=0 id=None label=None v=[-0.256, 0.068, 0.964] yaw=-14.9 pitch=-3.9 cx=479.953369140625
2025-12-04 16:19:26,550 - INFO - openpose - Gaze3D frame=0 id=None label=None v=[-0.340, 0.163, 0.926] yaw=-20.2 pitch=-9.4 cx=288.3935852050781
2025-12-04 16:19:26,550 - INFO - openpose - Gaze PUB: people=2, frame_idx=0
2025-12-04 16:19:26,807 - INFO - openpose - Gaze3D frame=0 id=None label=None v=[-0.339, 0.139, 0.930] yaw=-20.0 pitch=-8.0 cx=478.5682830810547
2025-12-04 16:19:26,807 - INFO - openpose - Gaze3D frame=0 id=None label=None v=[-0.408, 0.233, 0.883] yaw=-24.8 pitch=-13.5 cx=287.86195373535156
2025-12-04 16:19:26,807 - INFO - openpose - Gaze PUB: people=2, frame_idx=0
2025-12-04 16:19:27,071 - INFO - openpose - Gaze3D frame=0 id=None label=None v=[-0.316, 0.073, 0.946] yaw=-18.4 pitch=-4.2 cx=480.0680236816406
2025-12-04 16:19:27,071 - INFO - openpose - Gaze3D frame=0 id=None label=None v=[-0.376, 0.246, 0.893] yaw=-22.8 pitch=-14.3 cx=287.8876037597656
2025-12-04 16:19:27,071 - INFO - openpose - Gaze PUB: people=2, frame_idx=0
2025-12-04 16:19:27,319 - INFO - openpose - Gaze3D frame=0 id=None label=None v=[-0.378, 0.059, 0.924] yaw=-22.3 pitch=-3.4 cx=479.38926696777344
2025-12-04 16:19:27,319 - INFO - openpose - Gaze3D frame=0 id=None label=None v=[-0.391, 0.163, 0.906] yaw=-23.3 pitch=-9.4 cx=287.100830078125
2025-12-04 16:19:27,319 - INFO - openpose - Gaze PUB: people=2, frame_idx=0
2025-12-04 16:19:27,548 - INFO - openpose - Gaze3D frame=0 id=None label=None v=[-0.400, 0.452, 0.797] yaw=-26.6 pitch=-26.8 cx=477.0399932861328
2025-12-04 16:19:27,549 - INFO - openpose - Gaze3D frame=0 id=None label=None v=[-0.416, 0.298, 0.859] yaw=-25.9 pitch=-17.3 cx=286.63890075683594
2025-12-04 16:19:27,549 - INFO - openpose - Gaze PUB: people=2, frame_idx=0
2025-12-04 16:19:27,790 - INFO - openpose - Gaze3D frame=0 id=None label=None v=[-0.308, 0.338, 0.889] yaw=-19.1 pitch=-19.8 cx=477.1964874267578
2025-12-04 16:19:27,790 - INFO - openpose - Gaze3D frame=0 id=None label=None v=[-0.338, 0.322, 0.884] yaw=-20.9 pitch=-18.8 cx=286.5979766845703
2025-12-04 16:19:27,790 - INFO - openpose - Gaze PUB: people=2, frame_idx=0
2025-12-04 16:19:28,045 - INFO - openpose - Gaze3D frame=0 id=None label=None v=[-0.414, 0.149, 0.898] yaw=-24.8 pitch=-8.6 cx=478.20863342285156
2025-12-04 16:19:28,045 - INFO - openpose - Gaze3D frame=0 id=None label=None v=[-0.418, 0.098, 0.903] yaw=-24.8 pitch=-5.6 cx=286.24403381347656
2025-12-04 16:19:28,053 - INFO - openpose - Gaze PUB: people=2, frame_idx=0
2025-12-04 16:19:28,302 - INFO - openpose - Gaze3D frame=0 id=None label=None v=[-0.516, -0.076, 0.853] yaw=-31.2 pitch=4.3 cx=475.07411193847656
2025-12-04 16:19:28,303 - INFO - openpose - Gaze3D frame=0 id=None label=None v=[-0.396, 0.079, 0.915] yaw=-23.4 pitch=-4.5 cx=286.33644104003906
2025-12-04 16:19:28,303 - INFO - openpose - Gaze PUB: people=2, frame_idx=0
2025-12-04 16:19:28,547 - INFO - openpose - Gaze3D frame=0 id=None label=None v=[-0.392, 0.094, 0.915] yaw=-23.2 pitch=-5.4 cx=469.4794006347656
2025-12-04 16:19:28,547 - INFO - openpose - Gaze3D frame=0 id=None label=None v=[-0.399, 0.103, 0.911] yaw=-23.7 pitch=-5.9 cx=286.60240173339844
2025-12-04 16:19:28,547 - INFO - openpose - Gaze PUB: people=2, frame_idx=0
2025-12-04 16:19:28,794 - INFO - openpose - Gaze3D frame=0 id=None label=None v=[-0.421, 0.083, 0.903] yaw=-25.0 pitch=-4.8 cx=473.61053466796875
2025-12-04 16:19:28,794 - INFO - openpose - Gaze3D frame=0 id=None label=None v=[-0.403, 0.092, 0.911] yaw=-23.9 pitch=-5.3 cx=286.68064880371094
2025-12-04 16:19:28,794 - INFO - openpose - Gaze PUB: people=2, frame_idx=0
2025-12-04 16:19:29,039 - INFO - openpose - Gaze3D frame=0 id=None label=None v=[-0.467, 0.111, 0.877] yaw=-28.0 pitch=-6.4 cx=479.95599365234375
2025-12-04 16:19:29,039 - INFO - openpose - Gaze3D frame=0 id=None label=None v=[-0.423, 0.108, 0.900] yaw=-25.2 pitch=-6.2 cx=286.5348663330078
2025-12-04 16:19:29,039 - INFO - openpose - Gaze PUB: people=2, frame_idx=0
2025-12-04 16:19:29,293 - INFO - openpose - Gaze3D frame=0 id=None label=None v=[-0.449, 0.050, 0.892] yaw=-26.7 pitch=-2.9 cx=478.1032409667969
2025-12-04 16:19:29,294 - INFO - openpose - Gaze3D frame=0 id=None label=None v=[-0.348, 0.157, 0.924] yaw=-20.6 pitch=-9.0 cx=286.91416931152344
2025-12-04 16:19:29,294 - INFO - openpose - Gaze PUB: people=2, frame_idx=0
2025-12-04 16:19:29,556 - INFO - openpose - Gaze3D frame=0 id=None label=None v=[-0.408, -0.172, 0.897] yaw=-24.5 pitch=9.9 cx=469.8180389404297
2025-12-04 16:19:29,556 - INFO - openpose - Gaze3D frame=0 id=None label=None v=[-0.362, 0.127, 0.923] yaw=-21.4 pitch=-7.3 cx=287.2521057128906
2025-12-04 16:19:29,556 - INFO - openpose - Gaze PUB: people=2, frame_idx=0
2025-12-04 16:19:29,802 - INFO - openpose - Gaze3D frame=0 id=None label=None v=[-0.373, 0.050, 0.927] yaw=-21.9 pitch=-2.8 cx=473.9792938232422
2025-12-04 16:19:29,802 - INFO - openpose - Gaze3D frame=0 id=None label=None v=[-0.342, -0.078, 0.936] yaw=-20.1 pitch=4.5 cx=288.47410583496094
2025-12-04 16:19:29,802 - INFO - openpose - Gaze PUB: people=2, frame_idx=0
2025-12-04 16:19:30,069 - INFO - openpose - Gaze3D frame=0 id=None label=None v=[-0.386, 0.119, 0.915] yaw=-22.9 pitch=-6.8 cx=475.88160705566406
2025-12-04 16:19:30,069 - INFO - openpose - Gaze3D frame=0 id=None label=None v=[-0.336, 0.126, 0.934] yaw=-19.8 pitch=-7.2 cx=288.3959045410156
2025-12-04 16:19:30,070 - INFO - openpose - Gaze PUB: people=2, frame_idx=0
2025-12-04 16:19:30,326 - INFO - openpose - Gaze3D frame=0 id=None label=None v=[-0.457, -0.035, 0.889] yaw=-27.2 pitch=2.0 cx=464.9508514404297
2025-12-04 16:19:30,326 - INFO - openpose - Gaze3D frame=0 id=None label=None v=[-0.317, 0.125, 0.940] yaw=-18.7 pitch=-7.2 cx=289.1539764404297
2025-12-04 16:19:30,326 - INFO - openpose - Gaze PUB: people=2, frame_idx=0
2025-12-04 16:19:30,569 - INFO - openpose - Gaze3D frame=0 id=None label=None v=[-0.401, 0.218, 0.890] yaw=-24.3 pitch=-12.6 cx=472.4539489746094
2025-12-04 16:19:30,569 - INFO - openpose - Gaze3D frame=0 id=None label=None v=[-0.339, 0.327, 0.882] yaw=-21.0 pitch=-19.1 cx=289.9513702392578
2025-12-04 16:19:30,569 - INFO - openpose - Gaze PUB: people=2, frame_idx=0
2025-12-04 16:19:30,803 - INFO - openpose - Gaze3D frame=0 id=None label=None v=[-0.421, 0.009, 0.907] yaw=-24.9 pitch=-0.5 cx=480.17730712890625
2025-12-04 16:19:30,803 - INFO - openpose - Gaze3D frame=0 id=None label=None v=[-0.338, 0.260, 0.905] yaw=-20.5 pitch=-15.1 cx=289.63787841796875
2025-12-04 16:19:30,803 - INFO - openpose - Gaze PUB: people=2, frame_idx=0
2025-12-04 16:19:31,070 - INFO - openpose - Gaze3D frame=0 id=None label=None v=[-0.429, 0.023, 0.903] yaw=-25.4 pitch=-1.3 cx=478.92039489746094
2025-12-04 16:19:31,070 - INFO - openpose - Gaze3D frame=0 id=None label=None v=[-0.288, 0.264, 0.921] yaw=-17.3 pitch=-15.3 cx=289.66993713378906
2025-12-04 16:19:31,070 - INFO - openpose - Gaze PUB: people=2, frame_idx=0
2025-12-04 16:19:31,288 - INFO - openpose - Gaze3D frame=0 id=None label=None v=[-0.394, 0.235, 0.889] yaw=-23.9 pitch=-13.6 cx=474.5411071777344
2025-12-04 16:19:31,288 - INFO - openpose - Gaze3D frame=0 id=None label=None v=[-0.356, 0.268, 0.896] yaw=-21.7 pitch=-15.5 cx=289.3128204345703
2025-12-04 16:19:31,288 - INFO - openpose - Gaze PUB: people=2, frame_idx=0
2025-12-04 16:19:31,512 - INFO - openpose - Gaze3D frame=0 id=None label=None v=[-0.364, -0.037, 0.931] yaw=-21.4 pitch=2.1 cx=481.33905029296875
2025-12-04 16:19:31,513 - INFO - openpose - Gaze3D frame=0 id=None label=None v=[-0.351, 0.191, 0.917] yaw=-21.0 pitch=-11.0 cx=289.73138427734375
2025-12-04 16:19:31,513 - INFO - openpose - Gaze PUB: people=2, frame_idx=0
2025-12-04 16:19:31,758 - INFO - openpose - Gaze3D frame=0 id=None label=None v=[-0.526, 0.180, 0.831] yaw=-32.3 pitch=-10.4 cx=487.2978515625
2025-12-04 16:19:31,758 - INFO - openpose - Gaze3D frame=0 id=None label=None v=[-0.372, 0.254, 0.893] yaw=-22.6 pitch=-14.7 cx=290.00779724121094
2025-12-04 16:19:31,758 - INFO - openpose - Gaze PUB: people=2, frame_idx=0
2025-12-04 16:19:31,987 - INFO - openpose - Gaze3D frame=0 id=None label=None v=[-0.521, 0.065, 0.851] yaw=-31.5 pitch=-3.7 cx=477.4907531738281
2025-12-04 16:19:31,987 - INFO - openpose - Gaze3D frame=0 id=None label=None v=[-0.311, 0.188, 0.931] yaw=-18.5 pitch=-10.8 cx=289.7731628417969
2025-12-04 16:19:31,987 - INFO - openpose - Gaze PUB: people=2, frame_idx=0
2025-12-04 16:19:32,240 - INFO - openpose - Gaze3D frame=0 id=None label=None v=[-0.399, 0.085, 0.913] yaw=-23.6 pitch=-4.9 cx=473.4142303466797
2025-12-04 16:19:32,241 - INFO - openpose - Gaze3D frame=0 id=None label=None v=[-0.332, 0.178, 0.926] yaw=-19.7 pitch=-10.3 cx=289.64971923828125
2025-12-04 16:19:32,241 - INFO - openpose - Gaze PUB: people=2, frame_idx=0
2025-12-04 16:19:32,488 - INFO - openpose - Gaze3D frame=0 id=None label=None v=[-0.505, 0.083, 0.859] yaw=-30.4 pitch=-4.8 cx=478.87799072265625
2025-12-04 16:19:32,488 - INFO - openpose - Gaze3D frame=0 id=None label=None v=[-0.320, 0.274, 0.907] yaw=-19.5 pitch=-15.9 cx=288.7425079345703
2025-12-04 16:19:32,488 - INFO - openpose - Gaze PUB: people=2, frame_idx=0
2025-12-04 16:19:32,749 - INFO - openpose - Gaze3D frame=0 id=None label=None v=[-0.532, 0.022, 0.846] yaw=-32.2 pitch=-1.2 cx=482.60792541503906
2025-12-04 16:19:32,749 - INFO - openpose - Gaze3D frame=0 id=None label=None v=[-0.354, 0.346, 0.869] yaw=-22.1 pitch=-20.2 cx=288.3223571777344
2025-12-04 16:19:32,749 - INFO - openpose - Gaze PUB: people=2, frame_idx=0
2025-12-04 16:19:33,001 - INFO - openpose - Gaze3D frame=0 id=None label=None v=[-0.513, 0.136, 0.848] yaw=-31.2 pitch=-7.8 cx=478.2671203613281
2025-12-04 16:19:33,001 - INFO - openpose - Gaze3D frame=0 id=None label=None v=[-0.430, 0.084, 0.899] yaw=-25.6 pitch=-4.8 cx=287.17625427246094
2025-12-04 16:19:33,001 - INFO - openpose - Gaze PUB: people=2, frame_idx=0
2025-12-04 16:19:33,242 - INFO - openpose - Gaze3D frame=0 id=None label=None v=[-0.456, 0.032, 0.890] yaw=-27.1 pitch=-1.9 cx=479.3116149902344
2025-12-04 16:19:33,242 - INFO - openpose - Gaze3D frame=0 id=None label=None v=[-0.392, 0.064, 0.918] yaw=-23.2 pitch=-3.7 cx=289.5736083984375
2025-12-04 16:19:33,243 - INFO - openpose - Gaze PUB: people=2, frame_idx=0
2025-12-04 16:19:33,505 - INFO - openpose - Gaze3D frame=0 id=None label=None v=[-0.552, -0.048, 0.832] yaw=-33.6 pitch=2.8 cx=482.3103332519531
2025-12-04 16:19:33,506 - INFO - openpose - Gaze3D frame=0 id=None label=None v=[-0.371, 0.227, 0.900] yaw=-22.4 pitch=-13.1 cx=289.72947692871094
2025-12-04 16:19:33,506 - INFO - openpose - Gaze PUB: people=2, frame_idx=0
2025-12-04 16:19:33,772 - INFO - openpose - Gaze3D frame=0 id=None label=None v=[-0.583, -0.110, 0.805] yaw=-35.9 pitch=6.3 cx=478.7310791015625
2025-12-04 16:19:33,772 - INFO - openpose - Gaze3D frame=0 id=None label=None v=[-0.382, 0.270, 0.884] yaw=-23.4 pitch=-15.7 cx=290.6864929199219
2025-12-04 16:19:33,772 - INFO - openpose - Gaze PUB: people=2, frame_idx=0
2025-12-04 16:19:34,017 - INFO - openpose - Gaze3D frame=0 id=None label=None v=[-0.412, 0.318, 0.854] yaw=-25.7 pitch=-18.6 cx=293.55133056640625
2025-12-04 16:19:34,017 - INFO - openpose - Gaze3D frame=0 id=None label=None v=[-0.506, 0.017, 0.862] yaw=-30.4 pitch=-1.0 cx=478.4761047363281
2025-12-04 16:19:34,017 - INFO - openpose - Gaze PUB: people=2, frame_idx=0
2025-12-04 16:19:34,263 - INFO - openpose - Gaze3D frame=0 id=None label=None v=[-0.406, 0.430, 0.807] yaw=-26.7 pitch=-25.4 cx=294.55882263183594
2025-12-04 16:19:34,263 - INFO - openpose - Gaze3D frame=0 id=None label=None v=[-0.466, -0.113, 0.877] yaw=-28.0 pitch=6.5 cx=481.8233947753906
2025-12-04 16:19:34,263 - INFO - openpose - Gaze PUB: people=2, frame_idx=0
2025-12-04 16:19:34,519 - INFO - openpose - Gaze3D frame=0 id=None label=None v=[-0.452, 0.347, 0.822] yaw=-28.8 pitch=-20.3 cx=294.74681091308594
2025-12-04 16:19:34,519 - INFO - openpose - Gaze3D frame=0 id=None label=None v=[-0.513, 0.039, 0.858] yaw=-30.9 pitch=-2.2 cx=478.9202880859375
2025-12-04 16:19:34,519 - INFO - openpose - Gaze PUB: people=2, frame_idx=0
2025-12-04 16:19:34,790 - INFO - openpose - Gaze3D frame=0 id=None label=None v=[-0.457, 0.312, 0.833] yaw=-28.8 pitch=-18.2 cx=294.7938232421875
2025-12-04 16:19:34,790 - INFO - openpose - Gaze3D frame=0 id=None label=None v=[-0.553, -0.111, 0.826] yaw=-33.8 pitch=6.4 cx=477.9195861816406
2025-12-04 16:19:34,790 - INFO - openpose - Gaze PUB: people=2, frame_idx=0
2025-12-04 16:19:35,037 - INFO - openpose - Gaze3D frame=0 id=None label=None v=[-0.439, 0.200, 0.876] yaw=-26.6 pitch=-11.5 cx=293.57093811035156
2025-12-04 16:19:35,037 - INFO - openpose - Gaze3D frame=0 id=None label=None v=[-0.553, -0.177, 0.814] yaw=-34.2 pitch=10.2 cx=478.9620361328125
2025-12-04 16:19:35,037 - INFO - openpose - Gaze PUB: people=2, frame_idx=0
2025-12-04 16:19:35,297 - INFO - openpose - Gaze3D frame=0 id=None label=None v=[-0.588, 0.283, 0.757] yaw=-37.8 pitch=-16.4 cx=476.8665466308594
2025-12-04 16:19:35,297 - INFO - openpose - Gaze3D frame=0 id=None label=None v=[-0.420, 0.229, 0.878] yaw=-25.6 pitch=-13.2 cx=290.7552490234375
2025-12-04 16:19:35,297 - INFO - openpose - Gaze PUB: people=2, frame_idx=0
2025-12-04 16:19:35,548 - INFO - openpose - Gaze3D frame=0 id=None label=None v=[-0.593, 0.044, 0.804] yaw=-36.4 pitch=-2.5 cx=471.7231750488281
2025-12-04 16:19:35,549 - INFO - openpose - Gaze3D frame=0 id=None label=None v=[-0.277, 0.118, 0.953] yaw=-16.2 pitch=-6.8 cx=288.17384338378906
2025-12-04 16:19:35,549 - INFO - openpose - Gaze PUB: people=2, frame_idx=0
2025-12-04 16:19:35,802 - INFO - openpose - Gaze3D frame=0 id=None label=None v=[-0.562, 0.100, 0.821] yaw=-34.4 pitch=-5.7 cx=471.5002899169922
2025-12-04 16:19:35,802 - INFO - openpose - Gaze3D frame=0 id=None label=None v=[-0.341, 0.022, 0.940] yaw=-19.9 pitch=-1.2 cx=286.73854064941406
2025-12-04 16:19:35,802 - INFO - openpose - Gaze PUB: people=2, frame_idx=0
2025-12-04 16:19:36,070 - INFO - openpose - Gaze3D frame=0 id=None label=None v=[-0.582, 0.303, 0.754] yaw=-37.7 pitch=-17.7 cx=472.7284698486328
2025-12-04 16:19:36,070 - INFO - openpose - Gaze3D frame=0 id=None label=None v=[-0.317, 0.101, 0.943] yaw=-18.6 pitch=-5.8 cx=287.3697967529297
2025-12-04 16:19:36,070 - INFO - openpose - Gaze PUB: people=2, frame_idx=0
2025-12-04 16:19:36,323 - INFO - openpose - Gaze3D frame=0 id=None label=None v=[-0.497, -0.061, 0.866] yaw=-29.8 pitch=3.5 cx=473.46905517578125
2025-12-04 16:19:36,323 - INFO - openpose - Gaze3D frame=0 id=None label=None v=[-0.358, 0.167, 0.919] yaw=-21.3 pitch=-9.6 cx=289.63304138183594
2025-12-04 16:19:36,323 - INFO - openpose - Gaze PUB: people=2, frame_idx=0
2025-12-04 16:19:36,574 - INFO - openpose - Gaze3D frame=0 id=None label=None v=[-0.609, -0.023, 0.793] yaw=-37.5 pitch=1.3 cx=472.9031677246094
2025-12-04 16:19:36,574 - INFO - openpose - Gaze3D frame=0 id=None label=None v=[-0.375, 0.198, 0.906] yaw=-22.5 pitch=-11.4 cx=290.7204132080078
2025-12-04 16:19:36,574 - INFO - openpose - Gaze PUB: people=2, frame_idx=0
2025-12-04 16:19:36,821 - INFO - openpose - Gaze3D frame=0 id=None label=None v=[-0.531, -0.092, 0.842] yaw=-32.3 pitch=5.3 cx=472.1781463623047
2025-12-04 16:19:36,821 - INFO - openpose - Gaze3D frame=0 id=None label=None v=[-0.393, 0.143, 0.908] yaw=-23.4 pitch=-8.2 cx=290.9239959716797
2025-12-04 16:19:36,821 - INFO - openpose - Gaze PUB: people=2, frame_idx=0
2025-12-04 16:19:37,050 - INFO - openpose - Gaze3D frame=0 id=None label=None v=[-0.503, -0.227, 0.834] yaw=-31.1 pitch=13.1 cx=471.4407043457031
2025-12-04 16:19:37,051 - INFO - openpose - Gaze3D frame=0 id=None label=None v=[-0.397, 0.160, 0.904] yaw=-23.7 pitch=-9.2 cx=290.9093017578125
2025-12-04 16:19:37,051 - INFO - openpose - Gaze PUB: people=2, frame_idx=0
2025-12-04 16:19:37,301 - INFO - openpose - Gaze3D frame=0 id=None label=None v=[-0.465, -0.235, 0.854] yaw=-28.6 pitch=13.6 cx=470.902587890625
2025-12-04 16:19:37,301 - INFO - openpose - Gaze3D frame=0 id=None label=None v=[-0.430, 0.163, 0.888] yaw=-25.8 pitch=-9.4 cx=290.4064025878906
2025-12-04 16:19:37,301 - INFO - openpose - Gaze PUB: people=2, frame_idx=0
2025-12-04 16:19:37,548 - INFO - openpose - Gaze3D frame=0 id=None label=None v=[-0.513, 0.065, 0.856] yaw=-31.0 pitch=-3.7 cx=470.86512756347656
2025-12-04 16:19:37,549 - INFO - openpose - Gaze3D frame=0 id=None label=None v=[-0.387, 0.185, 0.903] yaw=-23.2 pitch=-10.7 cx=290.13255310058594
2025-12-04 16:19:37,549 - INFO - openpose - Gaze PUB: people=2, frame_idx=0
2025-12-04 16:19:37,815 - INFO - openpose - Gaze3D frame=0 id=None label=None v=[-0.520, -0.198, 0.831] yaw=-32.1 pitch=11.4 cx=470.94451904296875
2025-12-04 16:19:37,815 - INFO - openpose - Gaze3D frame=0 id=None label=None v=[-0.361, 0.253, 0.898] yaw=-21.9 pitch=-14.6 cx=290.34947204589844
2025-12-04 16:19:37,815 - INFO - openpose - Gaze PUB: people=2, frame_idx=0
2025-12-04 16:19:38,063 - INFO - openpose - Gaze3D frame=0 id=None label=None v=[-0.488, -0.254, 0.835] yaw=-30.3 pitch=14.7 cx=471.6662292480469
2025-12-04 16:19:38,063 - INFO - openpose - Gaze3D frame=0 id=None label=None v=[-0.376, 0.250, 0.892] yaw=-22.8 pitch=-14.5 cx=290.2458801269531
2025-12-04 16:19:38,071 - INFO - openpose - Gaze PUB: people=2, frame_idx=0
2025-12-04 16:19:38,329 - INFO - openpose - Gaze3D frame=0 id=None label=None v=[-0.475, -0.077, 0.877] yaw=-28.5 pitch=4.4 cx=471.79566955566406
2025-12-04 16:19:38,329 - INFO - openpose - Gaze3D frame=0 id=None label=None v=[-0.427, 0.154, 0.891] yaw=-25.6 pitch=-8.9 cx=290.5384979248047
2025-12-04 16:19:38,329 - INFO - openpose - Gaze PUB: people=2, frame_idx=0
2025-12-04 16:19:38,579 - INFO - openpose - Gaze3D frame=0 id=None label=None v=[-0.494, -0.128, 0.860] yaw=-29.9 pitch=7.4 cx=472.0653533935547
2025-12-04 16:19:38,579 - INFO - openpose - Gaze3D frame=0 id=None label=None v=[-0.360, 0.237, 0.902] yaw=-21.8 pitch=-13.7 cx=290.9622802734375
2025-12-04 16:19:38,579 - INFO - openpose - Gaze PUB: people=2, frame_idx=0
2025-12-04 16:19:38,838 - INFO - openpose - Gaze3D frame=0 id=None label=None v=[-0.458, -0.203, 0.865] yaw=-27.9 pitch=11.7 cx=472.4638977050781
2025-12-04 16:19:38,839 - INFO - openpose - Gaze3D frame=0 id=None label=None v=[-0.375, 0.225, 0.899] yaw=-22.7 pitch=-13.0 cx=290.93141174316406
2025-12-04 16:19:38,839 - INFO - openpose - Gaze PUB: people=2, frame_idx=0
2025-12-04 16:19:39,089 - INFO - openpose - Gaze3D frame=0 id=None label=None v=[-0.566, -0.020, 0.824] yaw=-34.5 pitch=1.2 cx=473.2842254638672
2025-12-04 16:19:39,089 - INFO - openpose - Gaze3D frame=0 id=None label=None v=[-0.416, 0.282, 0.864] yaw=-25.7 pitch=-16.4 cx=290.8756103515625
2025-12-04 16:19:39,089 - INFO - openpose - Gaze PUB: people=2, frame_idx=0
2025-12-04 16:19:39,325 - INFO - openpose - Gaze3D frame=0 id=None label=None v=[-0.574, 0.060, 0.817] yaw=-35.1 pitch=-3.5 cx=473.4248504638672
2025-12-04 16:19:39,326 - INFO - openpose - Gaze3D frame=0 id=None label=None v=[-0.307, 0.242, 0.920] yaw=-18.5 pitch=-14.0 cx=290.59034729003906
2025-12-04 16:19:39,326 - INFO - openpose - Gaze PUB: people=2, frame_idx=0
2025-12-04 16:19:39,575 - INFO - openpose - Gaze3D frame=0 id=None label=None v=[-0.567, -0.080, 0.820] yaw=-34.6 pitch=4.6 cx=473.18896484375
2025-12-04 16:19:39,576 - INFO - openpose - Gaze3D frame=0 id=None label=None v=[-0.473, -0.022, 0.881] yaw=-28.2 pitch=1.3 cx=289.80157470703125
2025-12-04 16:19:39,576 - INFO - openpose - Gaze PUB: people=2, frame_idx=0
2025-12-04 16:19:39,815 - INFO - openpose - Gaze3D frame=0 id=None label=None v=[-0.568, 0.146, 0.810] yaw=-35.1 pitch=-8.4 cx=473.0732879638672
2025-12-04 16:19:39,815 - INFO - openpose - Gaze3D frame=0 id=None label=None v=[-0.315, 0.264, 0.912] yaw=-19.1 pitch=-15.3 cx=289.4040985107422
2025-12-04 16:19:39,815 - INFO - openpose - Gaze PUB: people=2, frame_idx=0
2025-12-04 16:19:40,072 - INFO - openpose - Gaze3D frame=0 id=None label=None v=[-0.661, 0.177, 0.730] yaw=-42.2 pitch=-10.2 cx=473.4995880126953
2025-12-04 16:19:40,072 - INFO - openpose - Gaze3D frame=0 id=None label=None v=[-0.388, 0.249, 0.887] yaw=-23.6 pitch=-14.4 cx=289.59796142578125
2025-12-04 16:19:40,072 - INFO - openpose - Gaze PUB: people=2, frame_idx=0
2025-12-04 16:19:40,336 - INFO - openpose - Gaze3D frame=0 id=None label=None v=[-0.639, 0.102, 0.763] yaw=-39.9 pitch=-5.9 cx=474.2829132080078
2025-12-04 16:19:40,336 - INFO - openpose - Gaze3D frame=0 id=None label=None v=[-0.409, 0.183, 0.894] yaw=-24.6 pitch=-10.5 cx=290.2635803222656
2025-12-04 16:19:40,336 - INFO - openpose - Gaze PUB: people=2, frame_idx=0
2025-12-04 16:19:40,588 - INFO - openpose - Gaze3D frame=0 id=None label=None v=[-0.590, 0.106, 0.800] yaw=-36.4 pitch=-6.1 cx=474.9836120605469
2025-12-04 16:19:40,588 - INFO - openpose - Gaze3D frame=0 id=None label=None v=[-0.359, 0.318, 0.878] yaw=-22.2 pitch=-18.5 cx=291.4615020751953
2025-12-04 16:19:40,588 - INFO - openpose - Gaze PUB: people=2, frame_idx=0
2025-12-04 16:19:40,836 - INFO - openpose - Gaze3D frame=0 id=None label=None v=[-0.524, -0.251, 0.814] yaw=-32.8 pitch=14.6 cx=474.71714782714844
2025-12-04 16:19:40,836 - INFO - openpose - Gaze3D frame=0 id=None label=None v=[-0.407, 0.330, 0.852] yaw=-25.5 pitch=-19.3 cx=292.0312957763672
2025-12-04 16:19:40,836 - INFO - openpose - Gaze PUB: people=2, frame_idx=0
2025-12-04 16:19:41,104 - INFO - openpose - Gaze3D frame=0 id=None label=None v=[-0.521, -0.117, 0.846] yaw=-31.6 pitch=6.7 cx=474.7818298339844
2025-12-04 16:19:41,104 - INFO - openpose - Gaze3D frame=0 id=None label=None v=[-0.379, 0.374, 0.846] yaw=-24.1 pitch=-22.0 cx=292.04994201660156
2025-12-04 16:19:41,104 - INFO - openpose - Gaze PUB: people=2, frame_idx=0
2025-12-04 16:19:41,351 - INFO - openpose - Gaze3D frame=0 id=None label=None v=[-0.529, -0.039, 0.848] yaw=-32.0 pitch=2.3 cx=475.0235900878906
2025-12-04 16:19:41,351 - INFO - openpose - Gaze3D frame=0 id=None label=None v=[-0.451, 0.420, 0.787] yaw=-29.8 pitch=-24.9 cx=291.93150329589844
2025-12-04 16:19:41,351 - INFO - openpose - Gaze PUB: people=2, frame_idx=0
2025-12-04 16:19:41,593 - INFO - openpose - Gaze3D frame=0 id=None label=None v=[-0.524, 0.079, 0.848] yaw=-31.7 pitch=-4.5 cx=475.0306091308594
2025-12-04 16:19:41,593 - INFO - openpose - Gaze3D frame=0 id=None label=None v=[-0.413, 0.462, 0.785] yaw=-27.8 pitch=-27.5 cx=292.2138214111328
2025-12-04 16:19:41,593 - INFO - openpose - Gaze PUB: people=2, frame_idx=0
2025-12-04 16:19:41,829 - INFO - openpose - Gaze3D frame=0 id=None label=None v=[-0.471, 0.237, 0.850] yaw=-29.0 pitch=-13.7 cx=292.9151153564453
2025-12-04 16:19:41,829 - INFO - openpose - Gaze3D frame=0 id=None label=None v=[-0.604, 0.032, 0.796] yaw=-37.2 pitch=-1.9 cx=475.14990234375
2025-12-04 16:19:41,829 - INFO - openpose - Gaze PUB: people=2, frame_idx=0
2025-12-04 16:19:42,081 - INFO - openpose - Gaze3D frame=0 id=None label=None v=[-0.437, 0.307, 0.845] yaw=-27.4 pitch=-17.9 cx=293.4497375488281
2025-12-04 16:19:42,081 - INFO - openpose - Gaze3D frame=0 id=None label=None v=[-0.602, 0.150, 0.784] yaw=-37.5 pitch=-8.6 cx=475.4341735839844
2025-12-04 16:19:42,081 - INFO - openpose - Gaze PUB: people=2, frame_idx=0
2025-12-04 16:19:42,330 - INFO - openpose - Gaze3D frame=0 id=None label=None v=[-0.403, 0.409, 0.819] yaw=-26.2 pitch=-24.1 cx=294.1602325439453
2025-12-04 16:19:42,330 - INFO - openpose - Gaze3D frame=0 id=None label=None v=[-0.510, -0.032, 0.859] yaw=-30.7 pitch=1.8 cx=475.6685485839844
2025-12-04 16:19:42,330 - INFO - openpose - Gaze PUB: people=2, frame_idx=0
2025-12-04 16:19:42,582 - INFO - openpose - Gaze3D frame=0 id=None label=None v=[-0.451, 0.455, 0.768] yaw=-30.4 pitch=-27.1 cx=294.7491149902344
2025-12-04 16:19:42,582 - INFO - openpose - Gaze3D frame=0 id=None label=None v=[-0.703, -0.018, 0.711] yaw=-44.7 pitch=1.0 cx=475.58172607421875
2025-12-04 16:19:42,582 - INFO - openpose - Gaze PUB: people=2, frame_idx=0
2025-12-04 16:19:42,838 - INFO - openpose - Gaze3D frame=0 id=None label=None v=[-0.394, 0.503, 0.769] yaw=-27.1 pitch=-30.2 cx=294.44947814941406
2025-12-04 16:19:42,838 - INFO - openpose - Gaze3D frame=0 id=None label=None v=[-0.604, 0.192, 0.774] yaw=-38.0 pitch=-11.0 cx=476.2718048095703
2025-12-04 16:19:42,839 - INFO - openpose - Gaze PUB: people=2, frame_idx=0
2025-12-04 16:19:43,070 - INFO - openpose - Gaze3D frame=0 id=None label=None v=[-0.416, 0.477, 0.774] yaw=-28.3 pitch=-28.5 cx=294.4249267578125
2025-12-04 16:19:43,070 - INFO - openpose - Gaze3D frame=0 id=None label=None v=[-0.651, 0.230, 0.723] yaw=-42.0 pitch=-13.3 cx=477.67828369140625
2025-12-04 16:19:43,077 - INFO - openpose - Gaze PUB: people=2, frame_idx=0
2025-12-04 16:19:43,312 - INFO - openpose - Gaze3D frame=0 id=None label=None v=[-0.482, 0.392, 0.784] yaw=-31.6 pitch=-23.1 cx=293.8568115234375
2025-12-04 16:19:43,312 - INFO - openpose - Gaze3D frame=0 id=None label=None v=[-0.601, 0.201, 0.773] yaw=-37.9 pitch=-11.6 cx=481.388916015625
2025-12-04 16:19:43,312 - INFO - openpose - Gaze PUB: people=2, frame_idx=0
2025-12-04 16:19:43,540 - INFO - openpose - Gaze3D frame=0 id=None label=None v=[-0.376, 0.491, 0.786] yaw=-25.6 pitch=-29.4 cx=293.3119201660156
2025-12-04 16:19:43,540 - INFO - openpose - Gaze3D frame=0 id=None label=None v=[-0.527, 0.190, 0.828] yaw=-32.5 pitch=-10.9 cx=486.01747131347656
2025-12-04 16:19:43,540 - INFO - openpose - Gaze PUB: people=2, frame_idx=0
2025-12-04 16:19:43,791 - INFO - openpose - Gaze3D frame=0 id=None label=None v=[-0.356, 0.385, 0.851] yaw=-22.7 pitch=-22.6 cx=293.3373718261719
2025-12-04 16:19:43,791 - INFO - openpose - Gaze3D frame=0 id=None label=None v=[-0.559, 0.059, 0.827] yaw=-34.0 pitch=-3.4 cx=490.01434326171875
2025-12-04 16:19:43,791 - INFO - openpose - Gaze PUB: people=2, frame_idx=0
2025-12-04 16:19:44,048 - INFO - openpose - Gaze3D frame=0 id=None label=None v=[-0.425, 0.185, 0.886] yaw=-25.6 pitch=-10.7 cx=293.68983459472656
2025-12-04 16:19:44,048 - INFO - openpose - Gaze3D frame=0 id=None label=None v=[-0.403, -0.095, 0.910] yaw=-23.9 pitch=5.4 cx=493.3030700683594
2025-12-04 16:19:44,048 - INFO - openpose - Gaze PUB: people=2, frame_idx=0
2025-12-04 16:19:44,299 - INFO - openpose - Gaze3D frame=0 id=None label=None v=[-0.300, 0.508, 0.808] yaw=-20.4 pitch=-30.5 cx=294.34771728515625
2025-12-04 16:19:44,299 - INFO - openpose - Gaze3D frame=0 id=None label=None v=[-0.555, -0.023, 0.832] yaw=-33.7 pitch=1.3 cx=493.9446563720703
2025-12-04 16:19:44,299 - INFO - openpose - Gaze PUB: people=2, frame_idx=0
2025-12-04 16:19:44,549 - INFO - openpose - Gaze3D frame=0 id=None label=None v=[-0.339, 0.432, 0.836] yaw=-22.1 pitch=-25.6 cx=294.61932373046875
2025-12-04 16:19:44,549 - INFO - openpose - Gaze3D frame=0 id=None label=None v=[-0.524, 0.011, 0.852] yaw=-31.6 pitch=-0.6 cx=495.4963684082031
2025-12-04 16:19:44,549 - INFO - openpose - Gaze PUB: people=2, frame_idx=0
2025-12-04 16:19:44,808 - INFO - openpose - Gaze3D frame=0 id=None label=None v=[-0.377, 0.397, 0.837] yaw=-24.3 pitch=-23.4 cx=294.9205322265625
2025-12-04 16:19:44,809 - INFO - openpose - Gaze3D frame=0 id=None label=None v=[-0.575, 0.097, 0.812] yaw=-35.3 pitch=-5.6 cx=495.4494323730469
2025-12-04 16:19:44,809 - INFO - openpose - Gaze PUB: people=2, frame_idx=0
2025-12-04 16:19:45,075 - INFO - openpose - Gaze3D frame=0 id=None label=None v=[-0.416, 0.433, 0.800] yaw=-27.5 pitch=-25.6 cx=294.615966796875
2025-12-04 16:19:45,076 - INFO - openpose - Gaze3D frame=0 id=None label=None v=[-0.620, 0.265, 0.739] yaw=-40.0 pitch=-15.4 cx=497.0181884765625
2025-12-04 16:19:45,076 - INFO - openpose - Gaze PUB: people=2, frame_idx=0
2025-12-04 16:19:45,340 - INFO - openpose - Gaze3D frame=0 id=None label=None v=[-0.468, 0.212, 0.858] yaw=-28.6 pitch=-12.2 cx=294.03729248046875
2025-12-04 16:19:45,340 - INFO - openpose - Gaze3D frame=0 id=None label=None v=[-0.484, 0.198, 0.852] yaw=-29.6 pitch=-11.4 cx=494.3814392089844
2025-12-04 16:19:45,341 - INFO - openpose - Gaze PUB: people=2, frame_idx=0
2025-12-04 16:19:45,596 - INFO - openpose - Gaze3D frame=0 id=None label=None v=[-0.393, 0.237, 0.889] yaw=-23.8 pitch=-13.7 cx=293.35614013671875
2025-12-04 16:19:45,596 - INFO - openpose - Gaze3D frame=0 id=None label=None v=[-0.606, -0.160, 0.779] yaw=-37.8 pitch=9.2 cx=493.16563415527344
2025-12-04 16:19:45,596 - INFO - openpose - Gaze PUB: people=2, frame_idx=0
2025-12-04 16:19:45,824 - INFO - openpose - Gaze3D frame=0 id=None label=None v=[-0.422, 0.181, 0.888] yaw=-25.4 pitch=-10.4 cx=293.2999725341797
2025-12-04 16:19:45,824 - INFO - openpose - Gaze3D frame=0 id=None label=None v=[-0.551, -0.087, 0.830] yaw=-33.6 pitch=5.0 cx=492.41180419921875
2025-12-04 16:19:45,824 - INFO - openpose - Gaze PUB: people=2, frame_idx=0
2025-12-04 16:19:46,047 - INFO - openpose - Gaze3D frame=0 id=None label=None v=[-0.398, 0.266, 0.878] yaw=-24.4 pitch=-15.4 cx=293.3771667480469
2025-12-04 16:19:46,047 - INFO - openpose - Gaze3D frame=0 id=None label=None v=[-0.555, -0.280, 0.783] yaw=-35.3 pitch=16.3 cx=493.87371826171875
2025-12-04 16:19:46,047 - INFO - openpose - Gaze PUB: people=2, frame_idx=0
2025-12-04 16:19:46,290 - INFO - openpose - Gaze3D frame=0 id=None label=None v=[-0.392, 0.193, 0.899] yaw=-23.6 pitch=-11.1 cx=293.5951232910156
2025-12-04 16:19:46,290 - INFO - openpose - Gaze3D frame=0 id=None label=None v=[-0.592, -0.321, 0.739] yaw=-38.7 pitch=18.7 cx=494.7755432128906
2025-12-04 16:19:46,290 - INFO - openpose - Gaze PUB: people=2, frame_idx=0
2025-12-04 16:19:46,533 - INFO - openpose - Gaze3D frame=0 id=None label=None v=[-0.322, 0.343, 0.883] yaw=-20.0 pitch=-20.0 cx=294.6060333251953
2025-12-04 16:19:46,533 - INFO - openpose - Gaze3D frame=0 id=None label=None v=[-0.582, -0.340, 0.738] yaw=-38.3 pitch=19.9 cx=494.255126953125
2025-12-04 16:19:46,533 - INFO - openpose - Gaze PUB: people=2, frame_idx=0
2025-12-04 16:19:46,776 - INFO - openpose - Gaze3D frame=0 id=None label=None v=[-0.398, 0.182, 0.899] yaw=-23.9 pitch=-10.5 cx=294.00140380859375
2025-12-04 16:19:46,777 - INFO - openpose - Gaze3D frame=0 id=None label=None v=[-0.620, -0.228, 0.751] yaw=-39.5 pitch=13.2 cx=493.994140625
2025-12-04 16:19:46,777 - INFO - openpose - Gaze PUB: people=2, frame_idx=0
2025-12-04 16:19:47,036 - INFO - openpose - Gaze3D frame=0 id=None label=None v=[-0.407, 0.123, 0.905] yaw=-24.2 pitch=-7.1 cx=294.0640563964844
2025-12-04 16:19:47,036 - INFO - openpose - Gaze3D frame=0 id=None label=None v=[-0.528, -0.047, 0.848] yaw=-31.9 pitch=2.7 cx=494.59947204589844
2025-12-04 16:19:47,036 - INFO - openpose - Gaze PUB: people=2, frame_idx=0
2025-12-04 16:19:47,301 - INFO - openpose - Gaze3D frame=0 id=None label=None v=[-0.418, 0.253, 0.872] yaw=-25.6 pitch=-14.7 cx=293.6914978027344
2025-12-04 16:19:47,301 - INFO - openpose - Gaze3D frame=0 id=None label=None v=[-0.513, -0.173, 0.841] yaw=-31.4 pitch=10.0 cx=494.2847137451172
2025-12-04 16:19:47,301 - INFO - openpose - Gaze PUB: people=2, frame_idx=0
2025-12-04 16:19:47,540 - INFO - openpose - Gaze3D frame=0 id=None label=None v=[-0.348, 0.304, 0.887] yaw=-21.5 pitch=-17.7 cx=293.68785095214844
2025-12-04 16:19:47,540 - INFO - openpose - Gaze3D frame=0 id=None label=None v=[-0.566, 0.025, 0.824] yaw=-34.5 pitch=-1.4 cx=491.966064453125
2025-12-04 16:19:47,540 - INFO - openpose - Gaze PUB: people=2, frame_idx=0
2025-12-04 16:19:47,787 - INFO - openpose - Gaze3D frame=0 id=None label=None v=[-0.371, 0.368, 0.853] yaw=-23.5 pitch=-21.6 cx=292.8006591796875
2025-12-04 16:19:47,787 - INFO - openpose - Gaze3D frame=0 id=None label=None v=[-0.527, -0.266, 0.807] yaw=-33.1 pitch=15.4 cx=492.6124267578125
2025-12-04 16:19:47,787 - INFO - openpose - Gaze PUB: people=2, frame_idx=0
2025-12-04 16:19:48,022 - INFO - openpose - Gaze3D frame=0 id=None label=None v=[-0.438, 0.253, 0.862] yaw=-27.0 pitch=-14.7 cx=292.3984375
2025-12-04 16:19:48,023 - INFO - openpose - Gaze3D frame=0 id=None label=None v=[-0.468, -0.305, 0.829] yaw=-29.4 pitch=17.8 cx=492.4540252685547
2025-12-04 16:19:48,023 - INFO - openpose - Gaze PUB: people=2, frame_idx=0
2025-12-04 16:19:48,272 - INFO - openpose - Gaze3D frame=0 id=None label=None v=[-0.395, 0.240, 0.887] yaw=-24.0 pitch=-13.9 cx=290.23329162597656
2025-12-04 16:19:48,272 - INFO - openpose - Gaze3D frame=0 id=None label=None v=[-0.599, -0.230, 0.767] yaw=-38.0 pitch=13.3 cx=492.54942321777344
2025-12-04 16:19:48,280 - INFO - openpose - Gaze PUB: people=2, frame_idx=0
2025-12-04 16:19:48,539 - INFO - openpose - Gaze3D frame=0 id=None label=None v=[-0.447, 0.324, 0.834] yaw=-28.2 pitch=-18.9 cx=292.0536651611328
2025-12-04 16:19:48,539 - INFO - openpose - Gaze3D frame=0 id=None label=None v=[-0.527, -0.223, 0.820] yaw=-32.7 pitch=12.9 cx=492.23387145996094
2025-12-04 16:19:48,540 - INFO - openpose - Gaze PUB: people=2, frame_idx=0
2025-12-04 16:19:48,794 - INFO - openpose - Gaze3D frame=0 id=None label=None v=[-0.533, -0.112, 0.839] yaw=-32.4 pitch=6.5 cx=492.5335998535156
2025-12-04 16:19:48,794 - INFO - openpose - Gaze3D frame=0 id=None label=None v=[-0.378, 0.288, 0.880] yaw=-23.2 pitch=-16.8 cx=304.6854553222656
2025-12-04 16:19:48,794 - INFO - openpose - Gaze PUB: people=2, frame_idx=0
2025-12-04 16:19:49,032 - INFO - openpose - Gaze3D frame=0 id=None label=None v=[-0.585, -0.035, 0.811] yaw=-35.8 pitch=2.0 cx=492.80833435058594
2025-12-04 16:19:49,032 - INFO - openpose - Gaze3D frame=0 id=None label=None v=[-0.375, 0.403, 0.835] yaw=-24.2 pitch=-23.7 cx=313.9801940917969
2025-12-04 16:19:49,032 - INFO - openpose - Gaze PUB: people=2, frame_idx=0
2025-12-04 16:19:49,276 - INFO - openpose - Gaze3D frame=0 id=None label=None v=[-0.541, -0.049, 0.840] yaw=-32.8 pitch=2.8 cx=492.8406219482422
2025-12-04 16:19:49,276 - INFO - openpose - Gaze3D frame=0 id=None label=None v=[-0.295, 0.523, 0.800] yaw=-20.3 pitch=-31.5 cx=319.4815979003906
2025-12-04 16:19:49,276 - INFO - openpose - Gaze PUB: people=2, frame_idx=0
2025-12-04 16:19:49,525 - INFO - openpose - Gaze3D frame=0 id=left label=Left person v=[-0.247, 0.331, 0.911] yaw=-15.1 pitch=-19.3 cx=330.3559112548828
2025-12-04 16:19:49,525 - INFO - openpose - Gaze3D frame=0 id=right label=Right person v=[-0.521, -0.137, 0.843] yaw=-31.7 pitch=7.9 cx=493.52056884765625
2025-12-04 16:19:49,525 - INFO - openpose - Gaze PUB: people=2, frame_idx=0
2025-12-04 16:19:49,525 - INFO - openpose - Robot's turn detected
2025-12-04 16:19:55,766 - INFO - openpose - Gaze3D frame=8 id=None label=None v=[-0.364, -0.291, 0.885] yaw=-22.4 pitch=16.9 cx=492.22349548339844
2025-12-04 16:19:55,766 - INFO - openpose - Gaze3D frame=8 id=None label=None v=[-0.300, 0.625, 0.721] yaw=-22.6 pitch=-38.7 cx=340.32325744628906
2025-12-04 16:19:55,766 - INFO - openpose - Gaze PUB: people=2, frame_idx=8
2025-12-04 16:19:56,021 - INFO - openpose - Gaze3D frame=8 id=None label=None v=[-0.541, 0.012, 0.841] yaw=-32.7 pitch=-0.7 cx=492.35052490234375
2025-12-04 16:19:56,021 - INFO - openpose - Gaze3D frame=8 id=None label=None v=[-0.533, 0.466, 0.707] yaw=-37.0 pitch=-27.8 cx=351.2356262207031
2025-12-04 16:19:56,021 - INFO - openpose - Gaze PUB: people=2, frame_idx=8
2025-12-04 16:19:56,261 - INFO - openpose - Gaze3D frame=8 id=None label=None v=[-0.456, -0.278, 0.846] yaw=-28.3 pitch=16.1 cx=491.87109375
2025-12-04 16:19:56,261 - INFO - openpose - Gaze3D frame=8 id=None label=None v=[-0.541, 0.353, 0.764] yaw=-35.3 pitch=-20.7 cx=353.67767333984375
2025-12-04 16:19:56,261 - INFO - openpose - Gaze PUB: people=2, frame_idx=8
2025-12-04 16:19:56,520 - INFO - openpose - Gaze3D frame=8 id=None label=None v=[-0.481, -0.185, 0.857] yaw=-29.3 pitch=10.7 cx=491.2499694824219
2025-12-04 16:19:56,520 - INFO - openpose - Gaze3D frame=8 id=None label=None v=[-0.466, 0.627, 0.625] yaw=-36.7 pitch=-38.8 cx=355.4187469482422
2025-12-04 16:19:56,520 - INFO - openpose - Gaze PUB: people=2, frame_idx=8
2025-12-04 16:19:56,768 - INFO - openpose - Gaze3D frame=8 id=None label=None v=[-0.388, -0.288, 0.876] yaw=-23.9 pitch=16.7 cx=491.2418518066406
2025-12-04 16:19:56,768 - INFO - openpose - Gaze3D frame=8 id=None label=None v=[-0.410, 0.581, 0.703] yaw=-30.3 pitch=-35.5 cx=354.23126220703125
2025-12-04 16:19:56,768 - INFO - openpose - Gaze PUB: people=2, frame_idx=8
2025-12-04 16:19:57,034 - INFO - openpose - Gaze3D frame=8 id=None label=None v=[-0.425, -0.126, 0.897] yaw=-25.3 pitch=7.3 cx=492.0171356201172
2025-12-04 16:19:57,034 - INFO - openpose - Gaze3D frame=8 id=None label=None v=[-0.425, 0.313, 0.850] yaw=-26.5 pitch=-18.2 cx=345.7898254394531
2025-12-04 16:19:57,034 - INFO - openpose - Gaze PUB: people=2, frame_idx=8
2025-12-04 16:19:57,287 - INFO - openpose - Gaze3D frame=8 id=None label=None v=[-0.265, -0.334, 0.905] yaw=-16.3 pitch=19.5 cx=492.1097717285156
2025-12-04 16:19:57,287 - INFO - openpose - Gaze3D frame=8 id=None label=None v=[-0.245, 0.233, 0.941] yaw=-14.6 pitch=-13.5 cx=336.07513427734375
2025-12-04 16:19:57,287 - INFO - openpose - Gaze PUB: people=2, frame_idx=8
2025-12-04 16:19:57,525 - INFO - openpose - Gaze3D frame=8 id=None label=None v=[-0.180, -0.466, 0.866] yaw=-11.7 pitch=27.8 cx=491.2856750488281
2025-12-04 16:19:57,525 - INFO - openpose - Gaze3D frame=8 id=None label=None v=[-0.391, 0.217, 0.894] yaw=-23.6 pitch=-12.5 cx=316.287109375
2025-12-04 16:19:57,525 - INFO - openpose - Gaze PUB: people=2, frame_idx=8
2025-12-04 16:19:57,774 - INFO - openpose - Gaze3D frame=8 id=None label=None v=[-0.196, -0.409, 0.891] yaw=-12.4 pitch=24.2 cx=491.1743469238281
2025-12-04 16:19:57,775 - INFO - openpose - Gaze3D frame=8 id=None label=None v=[-0.446, 0.191, 0.874] yaw=-27.0 pitch=-11.0 cx=303.19439697265625
2025-12-04 16:19:57,775 - INFO - openpose - Gaze PUB: people=2, frame_idx=8
2025-12-04 16:19:58,033 - INFO - openpose - Gaze3D frame=8 id=None label=None v=[-0.501, -0.527, 0.686] yaw=-36.2 pitch=31.8 cx=490.3535461425781
2025-12-04 16:19:58,034 - INFO - openpose - Gaze3D frame=8 id=None label=None v=[-0.495, -0.179, 0.851] yaw=-30.2 pitch=10.3 cx=295.2196502685547
2025-12-04 16:19:58,034 - INFO - openpose - Gaze PUB: people=2, frame_idx=8
2025-12-04 16:19:58,285 - INFO - openpose - Gaze3D frame=8 id=None label=None v=[-0.481, -0.666, 0.570] yaw=-40.1 pitch=41.8 cx=488.9906005859375
2025-12-04 16:19:58,285 - INFO - openpose - Gaze3D frame=8 id=None label=None v=[-0.441, 0.146, 0.886] yaw=-26.5 pitch=-8.4 cx=291.11346435546875
2025-12-04 16:19:58,285 - INFO - openpose - Gaze PUB: people=2, frame_idx=8
2025-12-04 16:19:58,541 - INFO - openpose - Gaze3D frame=8 id=None label=None v=[-0.457, -0.477, 0.751] yaw=-31.3 pitch=28.5 cx=487.71791076660156
2025-12-04 16:19:58,541 - INFO - openpose - Gaze3D frame=8 id=None label=None v=[-0.450, 0.261, 0.854] yaw=-27.8 pitch=-15.2 cx=287.0361785888672
2025-12-04 16:19:58,541 - INFO - openpose - Gaze PUB: people=2, frame_idx=8
2025-12-04 16:19:58,796 - INFO - openpose - Gaze3D frame=8 id=None label=None v=[-0.355, -0.384, 0.853] yaw=-22.6 pitch=22.6 cx=488.21270751953125
2025-12-04 16:19:58,796 - INFO - openpose - Gaze3D frame=8 id=None label=None v=[-0.333, 0.490, 0.806] yaw=-22.4 pitch=-29.3 cx=283.2496795654297
2025-12-04 16:19:58,796 - INFO - openpose - Gaze PUB: people=2, frame_idx=8
2025-12-04 16:19:59,053 - INFO - openpose - Gaze3D frame=8 id=None label=None v=[-0.357, -0.296, 0.886] yaw=-22.0 pitch=17.2 cx=489.1421203613281
2025-12-04 16:19:59,054 - INFO - openpose - Gaze3D frame=8 id=None label=None v=[-0.366, 0.258, 0.894] yaw=-22.3 pitch=-15.0 cx=281.3677062988281
2025-12-04 16:19:59,054 - INFO - openpose - Gaze PUB: people=2, frame_idx=8
2025-12-04 16:19:59,290 - INFO - openpose - Gaze3D frame=8 id=None label=None v=[-0.359, -0.238, 0.902] yaw=-21.7 pitch=13.8 cx=490.2566833496094
2025-12-04 16:19:59,290 - INFO - openpose - Gaze3D frame=8 id=None label=None v=[-0.436, 0.285, 0.854] yaw=-27.0 pitch=-16.6 cx=281.1888427734375
2025-12-04 16:19:59,290 - INFO - openpose - Gaze PUB: people=2, frame_idx=8
2025-12-04 16:19:59,533 - INFO - openpose - Gaze3D frame=8 id=None label=None v=[-0.354, -0.216, 0.910] yaw=-21.3 pitch=12.5 cx=490.19947814941406
2025-12-04 16:19:59,534 - INFO - openpose - Gaze3D frame=8 id=None label=None v=[-0.444, 0.338, 0.830] yaw=-28.2 pitch=-19.7 cx=281.4895935058594
2025-12-04 16:19:59,541 - INFO - openpose - Gaze PUB: people=2, frame_idx=8
2025-12-04 16:19:59,808 - INFO - openpose - Gaze3D frame=8 id=None label=None v=[-0.370, -0.118, 0.921] yaw=-21.9 pitch=6.8 cx=491.0475158691406
2025-12-04 16:19:59,808 - INFO - openpose - Gaze3D frame=8 id=None label=None v=[-0.460, 0.280, 0.843] yaw=-28.6 pitch=-16.3 cx=284.1317901611328
2025-12-04 16:19:59,808 - INFO - openpose - Gaze PUB: people=2, frame_idx=8
2025-12-04 16:20:00,052 - INFO - openpose - Gaze3D frame=8 id=None label=None v=[-0.378, 0.003, 0.926] yaw=-22.2 pitch=-0.2 cx=491.08644104003906
2025-12-04 16:20:00,052 - INFO - openpose - Gaze3D frame=8 id=None label=None v=[-0.437, 0.316, 0.842] yaw=-27.4 pitch=-18.4 cx=285.7331848144531
2025-12-04 16:20:00,052 - INFO - openpose - Gaze PUB: people=2, frame_idx=8
2025-12-04 16:20:00,290 - INFO - openpose - Gaze3D frame=8 id=None label=None v=[-0.347, -0.025, 0.937] yaw=-20.3 pitch=1.4 cx=491.12005615234375
2025-12-04 16:20:00,290 - INFO - openpose - Gaze3D frame=8 id=None label=None v=[-0.481, 0.226, 0.847] yaw=-29.6 pitch=-13.1 cx=286.3849334716797
2025-12-04 16:20:00,290 - INFO - openpose - Gaze PUB: people=2, frame_idx=8
2025-12-04 16:20:00,545 - INFO - openpose - Gaze3D frame=8 id=None label=None v=[-0.335, -0.312, 0.889] yaw=-20.6 pitch=18.2 cx=491.0938720703125
2025-12-04 16:20:00,545 - INFO - openpose - Gaze3D frame=8 id=None label=None v=[-0.404, 0.121, 0.907] yaw=-24.0 pitch=-6.9 cx=287.0298309326172
2025-12-04 16:20:00,545 - INFO - openpose - Gaze PUB: people=2, frame_idx=8
2025-12-04 16:20:00,799 - INFO - openpose - Gaze3D frame=8 id=None label=None v=[-0.316, -0.011, 0.949] yaw=-18.4 pitch=0.6 cx=490.88116455078125
2025-12-04 16:20:00,799 - INFO - openpose - Gaze3D frame=8 id=None label=None v=[-0.357, 0.221, 0.907] yaw=-21.5 pitch=-12.8 cx=286.96717834472656
2025-12-04 16:20:00,799 - INFO - openpose - Gaze PUB: people=2, frame_idx=8
2025-12-04 16:20:01,058 - INFO - openpose - Gaze3D frame=8 id=None label=None v=[-0.452, 0.066, 0.890] yaw=-26.9 pitch=-3.8 cx=490.73731994628906
2025-12-04 16:20:01,058 - INFO - openpose - Gaze3D frame=8 id=None label=None v=[-0.371, 0.155, 0.916] yaw=-22.0 pitch=-8.9 cx=286.72166442871094
2025-12-04 16:20:01,058 - INFO - openpose - Gaze PUB: people=2, frame_idx=8
2025-12-04 16:20:01,302 - INFO - openpose - Gaze3D frame=8 id=None label=None v=[-0.495, -0.040, 0.868] yaw=-29.7 pitch=2.3 cx=491.7889404296875
2025-12-04 16:20:01,302 - INFO - openpose - Gaze3D frame=8 id=None label=None v=[-0.407, 0.257, 0.877] yaw=-24.9 pitch=-14.9 cx=287.2563171386719
2025-12-04 16:20:01,302 - INFO - openpose - Gaze PUB: people=2, frame_idx=8
2025-12-04 16:20:01,551 - INFO - openpose - Gaze3D frame=8 id=None label=None v=[-0.345, -0.159, 0.925] yaw=-20.4 pitch=9.1 cx=492.16302490234375
2025-12-04 16:20:01,551 - INFO - openpose - Gaze3D frame=8 id=None label=None v=[-0.424, 0.239, 0.874] yaw=-25.9 pitch=-13.8 cx=287.2845764160156
2025-12-04 16:20:01,551 - INFO - openpose - Gaze PUB: people=2, frame_idx=8
2025-12-04 16:20:01,801 - INFO - openpose - Gaze3D frame=8 id=None label=None v=[-0.374, -0.264, 0.889] yaw=-22.8 pitch=15.3 cx=491.304443359375
2025-12-04 16:20:01,802 - INFO - openpose - Gaze3D frame=8 id=None label=None v=[-0.485, 0.373, 0.791] yaw=-31.5 pitch=-21.9 cx=287.1740417480469
2025-12-04 16:20:01,802 - INFO - openpose - Gaze PUB: people=2, frame_idx=8
2025-12-04 16:20:02,058 - INFO - openpose - Gaze3D frame=8 id=None label=None v=[-0.474, -0.106, 0.874] yaw=-28.5 pitch=6.1 cx=491.27394104003906
2025-12-04 16:20:02,059 - INFO - openpose - Gaze3D frame=8 id=None label=None v=[-0.461, 0.257, 0.850] yaw=-28.5 pitch=-14.9 cx=287.3748474121094
2025-12-04 16:20:02,059 - INFO - openpose - Gaze PUB: people=2, frame_idx=8
2025-12-04 16:20:02,309 - INFO - openpose - Gaze3D frame=8 id=None label=None v=[-0.473, -0.162, 0.866] yaw=-28.6 pitch=9.3 cx=491.27093505859375
2025-12-04 16:20:02,309 - INFO - openpose - Gaze3D frame=8 id=None label=None v=[-0.436, 0.364, 0.823] yaw=-27.9 pitch=-21.4 cx=286.0899963378906
2025-12-04 16:20:02,309 - INFO - openpose - Gaze PUB: people=2, frame_idx=8
2025-12-04 16:20:02,556 - INFO - openpose - Gaze3D frame=8 id=None label=None v=[-0.447, -0.158, 0.881] yaw=-26.9 pitch=9.1 cx=491.2952575683594
2025-12-04 16:20:02,557 - INFO - openpose - Gaze3D frame=8 id=None label=None v=[-0.379, 0.144, 0.914] yaw=-22.5 pitch=-8.3 cx=288.05345153808594
2025-12-04 16:20:02,557 - INFO - openpose - Gaze PUB: people=2, frame_idx=8
2025-12-04 16:20:02,808 - INFO - openpose - Gaze3D frame=8 id=None label=None v=[-0.444, -0.336, 0.831] yaw=-28.1 pitch=19.6 cx=490.85450744628906
2025-12-04 16:20:02,808 - INFO - openpose - Gaze3D frame=8 id=None label=None v=[-0.445, 0.241, 0.862] yaw=-27.3 pitch=-14.0 cx=285.1220397949219
2025-12-04 16:20:02,808 - INFO - openpose - Gaze PUB: people=2, frame_idx=8
2025-12-04 16:20:03,064 - INFO - openpose - Gaze3D frame=8 id=None label=None v=[-0.557, -0.346, 0.755] yaw=-36.4 pitch=20.2 cx=490.7210388183594
2025-12-04 16:20:03,064 - INFO - openpose - Gaze3D frame=8 id=None label=None v=[-0.324, 0.350, 0.879] yaw=-20.2 pitch=-20.5 cx=284.3056945800781
2025-12-04 16:20:03,064 - INFO - openpose - Gaze PUB: people=2, frame_idx=8
2025-12-04 16:20:03,316 - INFO - openpose - Gaze3D frame=8 id=None label=None v=[-0.555, -0.215, 0.804] yaw=-34.6 pitch=12.4 cx=490.6366271972656
2025-12-04 16:20:03,316 - INFO - openpose - Gaze3D frame=8 id=None label=None v=[-0.415, 0.316, 0.853] yaw=-25.9 pitch=-18.4 cx=287.23805236816406
2025-12-04 16:20:03,316 - INFO - openpose - Gaze PUB: people=2, frame_idx=8
2025-12-04 16:20:03,568 - INFO - openpose - Gaze3D frame=8 id=None label=None v=[-0.560, -0.249, 0.791] yaw=-35.3 pitch=14.4 cx=491.10467529296875
2025-12-04 16:20:03,568 - INFO - openpose - Gaze3D frame=8 id=None label=None v=[-0.266, 0.165, 0.950] yaw=-15.7 pitch=-9.5 cx=286.4024658203125
2025-12-04 16:20:03,568 - INFO - openpose - Gaze PUB: people=2, frame_idx=8
2025-12-04 16:20:03,821 - INFO - openpose - Gaze3D frame=8 id=None label=None v=[-0.565, -0.291, 0.772] yaw=-36.2 pitch=16.9 cx=491.5052795410156
2025-12-04 16:20:03,821 - INFO - openpose - Gaze3D frame=8 id=None label=None v=[-0.179, -0.800, 0.573] yaw=-17.3 pitch=53.1 cx=276.7098846435547
2025-12-04 16:20:03,821 - INFO - openpose - Gaze PUB: people=2, frame_idx=8
2025-12-04 16:20:04,072 - INFO - openpose - Gaze3D frame=8 id=None label=None v=[-0.479, -0.232, 0.846] yaw=-29.5 pitch=13.4 cx=491.8421325683594
2025-12-04 16:20:04,073 - INFO - openpose - Gaze3D frame=8 id=None label=None v=[-0.235, -0.732, 0.640] yaw=-20.1 pitch=47.0 cx=273.7866439819336
2025-12-04 16:20:04,073 - INFO - openpose - Gaze PUB: people=2, frame_idx=8
2025-12-04 16:20:04,317 - INFO - openpose - Gaze3D frame=8 id=None label=None v=[-0.446, -0.333, 0.831] yaw=-28.2 pitch=19.4 cx=492.0968475341797
2025-12-04 16:20:04,317 - INFO - openpose - Gaze3D frame=8 id=None label=None v=[-0.329, -0.507, 0.797] yaw=-22.4 pitch=30.5 cx=277.68697357177734
2025-12-04 16:20:04,317 - INFO - openpose - Gaze PUB: people=2, frame_idx=8
2025-12-04 16:20:04,553 - INFO - openpose - Gaze3D frame=8 id=None label=None v=[-0.548, -0.332, 0.767] yaw=-35.6 pitch=19.4 cx=491.9733123779297
2025-12-04 16:20:04,553 - INFO - openpose - Gaze3D frame=8 id=None label=None v=[-0.358, -0.098, 0.929] yaw=-21.1 pitch=5.6 cx=280.7411651611328
2025-12-04 16:20:04,560 - INFO - openpose - Gaze PUB: people=2, frame_idx=8
2025-12-04 16:20:04,793 - INFO - openpose - Gaze3D frame=8 id=None label=None v=[-0.490, -0.132, 0.862] yaw=-29.6 pitch=7.6 cx=492.6019744873047
2025-12-04 16:20:04,793 - INFO - openpose - Gaze3D frame=8 id=None label=None v=[-0.341, -0.040, 0.939] yaw=-20.0 pitch=2.3 cx=281.98704528808594
2025-12-04 16:20:04,793 - INFO - openpose - Gaze PUB: people=2, frame_idx=8
2025-12-04 16:20:05,050 - INFO - openpose - Gaze3D frame=8 id=None label=None v=[-0.503, -0.067, 0.862] yaw=-30.3 pitch=3.8 cx=492.49522399902344
2025-12-04 16:20:05,051 - INFO - openpose - Gaze3D frame=8 id=None label=None v=[-0.360, -0.416, 0.835] yaw=-23.3 pitch=24.6 cx=282.46380615234375
2025-12-04 16:20:05,051 - INFO - openpose - Gaze PUB: people=2, frame_idx=8
2025-12-04 16:20:05,302 - INFO - openpose - Gaze3D frame=8 id=None label=None v=[-0.511, -0.268, 0.817] yaw=-32.0 pitch=15.5 cx=492.7945098876953
2025-12-04 16:20:05,302 - INFO - openpose - Gaze3D frame=8 id=None label=None v=[-0.344, -0.308, 0.887] yaw=-21.2 pitch=17.9 cx=282.7142028808594
2025-12-04 16:20:05,303 - INFO - openpose - Gaze PUB: people=2, frame_idx=8
2025-12-04 16:20:05,568 - INFO - openpose - Gaze3D frame=8 id=None label=None v=[-0.469, -0.468, 0.749] yaw=-32.0 pitch=27.9 cx=492.6943664550781
2025-12-04 16:20:05,568 - INFO - openpose - Gaze3D frame=8 id=None label=None v=[-0.308, -0.334, 0.891] yaw=-19.1 pitch=19.5 cx=282.83702087402344
2025-12-04 16:20:05,568 - INFO - openpose - Gaze PUB: people=2, frame_idx=8
2025-12-04 16:20:05,841 - INFO - openpose - Gaze3D frame=8 id=None label=None v=[-0.510, -0.370, 0.777] yaw=-33.3 pitch=21.7 cx=492.44049072265625
2025-12-04 16:20:05,841 - INFO - openpose - Gaze3D frame=8 id=None label=None v=[-0.296, 0.004, 0.955] yaw=-17.2 pitch=-0.3 cx=283.5126037597656
2025-12-04 16:20:05,841 - INFO - openpose - Gaze PUB: people=2, frame_idx=8
2025-12-04 16:20:06,087 - INFO - openpose - Gaze3D frame=8 id=None label=None v=[-0.468, -0.189, 0.863] yaw=-28.4 pitch=10.9 cx=492.0205841064453
2025-12-04 16:20:06,087 - INFO - openpose - Gaze3D frame=8 id=None label=None v=[-0.357, 0.001, 0.934] yaw=-20.9 pitch=-0.1 cx=283.8335266113281
2025-12-04 16:20:06,087 - INFO - openpose - Gaze PUB: people=2, frame_idx=8
2025-12-04 16:20:06,328 - INFO - openpose - Gaze3D frame=8 id=None label=None v=[-0.358, -0.304, 0.883] yaw=-22.1 pitch=17.7 cx=492.15626525878906
2025-12-04 16:20:06,328 - INFO - openpose - Gaze3D frame=8 id=None label=None v=[-0.371, -0.007, 0.929] yaw=-21.8 pitch=0.4 cx=283.95127868652344
2025-12-04 16:20:06,328 - INFO - openpose - Gaze PUB: people=2, frame_idx=8
2025-12-04 16:20:06,570 - INFO - openpose - Gaze3D frame=8 id=None label=None v=[-0.459, -0.232, 0.858] yaw=-28.1 pitch=13.4 cx=492.1630554199219
2025-12-04 16:20:06,570 - INFO - openpose - Gaze3D frame=8 id=None label=None v=[-0.347, 0.022, 0.938] yaw=-20.3 pitch=-1.2 cx=283.9306640625
2025-12-04 16:20:06,570 - INFO - openpose - Gaze PUB: people=2, frame_idx=8
2025-12-04 16:20:06,816 - INFO - openpose - Gaze3D frame=8 id=None label=None v=[-0.489, -0.296, 0.821] yaw=-30.8 pitch=17.2 cx=492.602783203125
2025-12-04 16:20:06,816 - INFO - openpose - Gaze3D frame=8 id=None label=None v=[-0.344, 0.115, 0.932] yaw=-20.2 pitch=-6.6 cx=284.1570739746094
2025-12-04 16:20:06,816 - INFO - openpose - Gaze PUB: people=2, frame_idx=8
2025-12-04 16:20:07,064 - INFO - openpose - Gaze3D frame=8 id=None label=None v=[-0.631, 0.134, 0.764] yaw=-39.5 pitch=-7.7 cx=493.9075622558594
2025-12-04 16:20:07,064 - INFO - openpose - Gaze3D frame=8 id=None label=None v=[-0.304, 0.025, 0.952] yaw=-17.7 pitch=-1.4 cx=284.3071746826172
2025-12-04 16:20:07,064 - INFO - openpose - Gaze PUB: people=2, frame_idx=8
2025-12-04 16:20:07,311 - INFO - openpose - Gaze3D frame=8 id=None label=None v=[-0.494, -0.002, 0.869] yaw=-29.6 pitch=0.1 cx=496.3194885253906
2025-12-04 16:20:07,311 - INFO - openpose - Gaze3D frame=8 id=None label=None v=[-0.322, 0.061, 0.945] yaw=-18.8 pitch=-3.5 cx=284.2438659667969
2025-12-04 16:20:07,311 - INFO - openpose - Gaze PUB: people=2, frame_idx=8
2025-12-04 16:20:07,563 - INFO - openpose - Gaze3D frame=8 id=None label=None v=[-0.413, 0.087, 0.906] yaw=-24.5 pitch=-5.0 cx=502.7838592529297
2025-12-04 16:20:07,563 - INFO - openpose - Gaze3D frame=8 id=None label=None v=[-0.319, 0.033, 0.947] yaw=-18.6 pitch=-1.9 cx=284.17755126953125
2025-12-04 16:20:07,563 - INFO - openpose - Gaze PUB: people=2, frame_idx=8
2025-12-04 16:20:07,802 - INFO - openpose - Gaze3D frame=8 id=None label=None v=[-0.458, -0.064, 0.887] yaw=-27.3 pitch=3.7 cx=504.19342041015625
2025-12-04 16:20:07,802 - INFO - openpose - Gaze3D frame=8 id=None label=None v=[-0.300, 0.184, 0.936] yaw=-17.7 pitch=-10.6 cx=284.6383514404297
2025-12-04 16:20:07,802 - INFO - openpose - Gaze PUB: people=2, frame_idx=8
2025-12-04 16:20:08,008 - INFO - openpose - Gaze3D frame=8 id=None label=None v=[-0.484, -0.055, 0.874] yaw=-29.0 pitch=3.1 cx=499.08607482910156
2025-12-04 16:20:08,009 - INFO - openpose - Gaze3D frame=8 id=None label=None v=[-0.295, 0.071, 0.953] yaw=-17.2 pitch=-4.1 cx=284.67274475097656
2025-12-04 16:20:08,009 - INFO - openpose - Gaze PUB: people=2, frame_idx=8
2025-12-04 16:20:08,226 - INFO - openpose - Gaze3D frame=8 id=None label=None v=[-0.470, -0.437, 0.767] yaw=-31.5 pitch=25.9 cx=493.7054443359375
2025-12-04 16:20:08,227 - INFO - openpose - Gaze3D frame=8 id=None label=None v=[-0.316, 0.053, 0.947] yaw=-18.5 pitch=-3.1 cx=285.1503448486328
2025-12-04 16:20:08,227 - INFO - openpose - Gaze PUB: people=2, frame_idx=8
2025-12-04 16:20:08,485 - INFO - openpose - Gaze3D frame=8 id=None label=None v=[-0.520, -0.306, 0.797] yaw=-33.1 pitch=17.8 cx=492.88665771484375
2025-12-04 16:20:08,485 - INFO - openpose - Gaze3D frame=8 id=None label=None v=[-0.298, 0.003, 0.955] yaw=-17.3 pitch=-0.2 cx=285.25071716308594
2025-12-04 16:20:08,485 - INFO - openpose - Gaze PUB: people=2, frame_idx=8
2025-12-04 16:20:08,741 - INFO - openpose - Gaze3D frame=8 id=None label=None v=[-0.566, -0.313, 0.763] yaw=-36.6 pitch=18.2 cx=491.0794372558594
2025-12-04 16:20:08,741 - INFO - openpose - Gaze3D frame=8 id=None label=None v=[-0.365, 0.052, 0.930] yaw=-21.4 pitch=-3.0 cx=285.53741455078125
2025-12-04 16:20:08,741 - INFO - openpose - Gaze PUB: people=2, frame_idx=8
2025-12-04 16:20:08,995 - INFO - openpose - Gaze3D frame=8 id=None label=None v=[-0.269, -0.300, 0.915] yaw=-16.4 pitch=17.4 cx=488.7485046386719
2025-12-04 16:20:08,995 - INFO - openpose - Gaze3D frame=8 id=None label=None v=[-0.319, -0.068, 0.945] yaw=-18.6 pitch=3.9 cx=285.5100860595703
2025-12-04 16:20:08,996 - INFO - openpose - Gaze PUB: people=2, frame_idx=8
2025-12-04 16:20:09,244 - INFO - openpose - Gaze3D frame=8 id=None label=None v=[-0.214, -0.646, 0.732] yaw=-16.3 pitch=40.3 cx=486.95880126953125
2025-12-04 16:20:09,245 - INFO - openpose - Gaze3D frame=8 id=None label=None v=[-0.232, 0.050, 0.971] yaw=-13.5 pitch=-2.9 cx=283.8806457519531
2025-12-04 16:20:09,245 - INFO - openpose - Gaze PUB: people=2, frame_idx=8
2025-12-04 16:20:09,488 - INFO - openpose - Gaze3D frame=8 id=None label=None v=[-0.219, -0.584, 0.782] yaw=-15.7 pitch=35.7 cx=485.42079162597656
2025-12-04 16:20:09,488 - INFO - openpose - Gaze3D frame=8 id=None label=None v=[-0.321, -0.141, 0.937] yaw=-18.9 pitch=8.1 cx=277.5756072998047
2025-12-04 16:20:09,488 - INFO - openpose - Gaze PUB: people=2, frame_idx=8
2025-12-04 16:20:09,723 - INFO - openpose - Gaze3D frame=8 id=None label=None v=[-0.162, -0.527, 0.834] yaw=-11.0 pitch=31.8 cx=484.7452850341797
2025-12-04 16:20:09,723 - INFO - openpose - Gaze3D frame=8 id=None label=None v=[-0.412, -0.103, 0.905] yaw=-24.5 pitch=5.9 cx=273.5583190917969
2025-12-04 16:20:09,730 - INFO - openpose - Gaze PUB: people=2, frame_idx=8
2025-12-04 16:20:09,963 - INFO - openpose - Gaze3D frame=8 id=None label=None v=[-0.358, -0.432, 0.828] yaw=-23.4 pitch=25.6 cx=484.9551544189453
2025-12-04 16:20:09,964 - INFO - openpose - Gaze3D frame=8 id=None label=None v=[-0.259, -0.004, 0.966] yaw=-15.0 pitch=0.3 cx=271.1100311279297
2025-12-04 16:20:09,964 - INFO - openpose - Gaze PUB: people=2, frame_idx=8
2025-12-04 16:20:10,213 - INFO - openpose - Gaze3D frame=8 id=None label=None v=[-0.394, -0.490, 0.777] yaw=-26.9 pitch=29.4 cx=485.1989288330078
2025-12-04 16:20:10,213 - INFO - openpose - Gaze3D frame=8 id=None label=None v=[-0.352, -0.152, 0.924] yaw=-20.8 pitch=8.7 cx=270.3277893066406
2025-12-04 16:20:10,213 - INFO - openpose - Gaze PUB: people=2, frame_idx=8
2025-12-04 16:20:10,447 - INFO - openpose - Gaze3D frame=8 id=None label=None v=[-0.500, -0.311, 0.809] yaw=-31.7 pitch=18.1 cx=485.1720275878906
2025-12-04 16:20:10,447 - INFO - openpose - Gaze3D frame=8 id=None label=None v=[-0.421, -0.069, 0.904] yaw=-25.0 pitch=4.0 cx=270.38087463378906
2025-12-04 16:20:10,447 - INFO - openpose - Gaze PUB: people=2, frame_idx=8
2025-12-04 16:20:10,704 - INFO - openpose - Gaze3D frame=8 id=None label=None v=[-0.507, -0.242, 0.827] yaw=-31.5 pitch=14.0 cx=484.418701171875
2025-12-04 16:20:10,704 - INFO - openpose - Gaze3D frame=8 id=None label=None v=[-0.329, -0.489, 0.808] yaw=-22.1 pitch=29.3 cx=272.44830322265625
2025-12-04 16:20:10,704 - INFO - openpose - Gaze PUB: people=2, frame_idx=8
2025-12-04 16:20:10,961 - INFO - openpose - Gaze3D frame=8 id=None label=None v=[-0.598, -0.434, 0.674] yaw=-41.6 pitch=25.7 cx=479.8487548828125
2025-12-04 16:20:10,961 - INFO - openpose - Gaze3D frame=8 id=None label=None v=[-0.276, -0.560, 0.781] yaw=-19.5 pitch=34.0 cx=276.2061233520508
2025-12-04 16:20:10,961 - INFO - openpose - Gaze PUB: people=2, frame_idx=8
2025-12-04 16:20:11,208 - INFO - openpose - Gaze3D frame=8 id=None label=None v=[-0.371, -0.791, 0.486] yaw=-37.4 pitch=52.3 cx=477.9297637939453
2025-12-04 16:20:11,208 - INFO - openpose - Gaze3D frame=8 id=None label=None v=[-0.184, -0.772, 0.608] yaw=-16.9 pitch=50.6 cx=282.81825256347656
2025-12-04 16:20:11,208 - INFO - openpose - Gaze PUB: people=2, frame_idx=8
2025-12-04 16:20:11,446 - INFO - openpose - Gaze3D frame=8 id=None label=None v=[-0.220, -0.848, 0.482] yaw=-24.5 pitch=58.0 cx=464.5920104980469
2025-12-04 16:20:11,447 - INFO - openpose - Gaze3D frame=8 id=None label=None v=[-0.327, -0.422, 0.846] yaw=-21.2 pitch=24.9 cx=291.1983337402344
2025-12-04 16:20:11,447 - INFO - openpose - Gaze PUB: people=2, frame_idx=8
2025-12-04 16:20:11,671 - INFO - openpose - Gaze3D frame=8 id=None label=None v=[-0.255, -0.598, 0.759] yaw=-18.6 pitch=36.8 cx=458.041259765625
2025-12-04 16:20:11,671 - INFO - openpose - Gaze3D frame=8 id=None label=None v=[-0.311, -0.414, 0.855] yaw=-20.0 pitch=24.5 cx=304.8357238769531
2025-12-04 16:20:11,671 - INFO - openpose - Gaze PUB: people=2, frame_idx=8
2025-12-04 16:20:11,926 - INFO - openpose - Gaze3D frame=8 id=None label=None v=[-0.316, -0.647, 0.694] yaw=-24.5 pitch=40.3 cx=447.14820861816406
2025-12-04 16:20:11,927 - INFO - openpose - Gaze3D frame=8 id=None label=None v=[-0.380, -0.377, 0.845] yaw=-24.2 pitch=22.1 cx=310.2677459716797
2025-12-04 16:20:11,927 - INFO - openpose - Gaze PUB: people=2, frame_idx=8
2025-12-04 16:20:12,173 - INFO - openpose - Gaze3D frame=8 id=left label=Left person v=[-0.300, -0.269, 0.915] yaw=-18.2 pitch=15.6 cx=311.9730682373047
2025-12-04 16:20:12,173 - INFO - openpose - Gaze3D frame=8 id=right label=Right person v=[-0.430, -0.386, 0.816] yaw=-27.7 pitch=22.7 cx=422.7917175292969
2025-12-04 16:20:12,173 - INFO - openpose - Gaze PUB: people=2, frame_idx=8
2025-12-04 16:20:15,107 - INFO - openpose - Gaze3D frame=16 id=right label=Right person v=[-0.229, 0.572, 0.788] yaw=-16.2 pitch=-34.9 cx=456.81532287597656
2025-12-04 16:20:15,108 - INFO - openpose - Gaze PUB: people=1, frame_idx=16
2025-12-04 16:20:24,802 - INFO - openpose - Gaze3D frame=24 id=right label=Right person v=[-0.281, -0.537, 0.795] yaw=-19.4 pitch=32.5 cx=222.19166564941406
2025-12-04 16:20:24,802 - INFO - openpose - Gaze PUB: people=1, frame_idx=24
2025-12-04 16:20:25,402 - INFO - openpose - Gaze3D frame=32 id=right label=Right person v=[-0.403, 0.099, 0.910] yaw=-23.9 pitch=-5.7 cx=201.67496490478516
2025-12-04 16:20:25,402 - INFO - openpose - Gaze PUB: people=1, frame_idx=32
2025-12-04 16:20:26,016 - INFO - openpose - Gaze3D frame=40 id=right label=Right person v=[-0.471, -0.088, 0.878] yaw=-28.2 pitch=5.0 cx=196.03803253173828
2025-12-04 16:20:26,016 - INFO - openpose - Gaze PUB: people=1, frame_idx=40
2025-12-04 16:20:26,692 - INFO - openpose - Gaze3D frame=48 id=right label=Right person v=[-0.468, -0.214, 0.858] yaw=-28.6 pitch=12.4 cx=196.74974822998047
2025-12-04 16:20:26,692 - INFO - openpose - Gaze PUB: people=1, frame_idx=48
2025-12-04 16:20:27,385 - INFO - openpose - Gaze3D frame=56 id=None label=None v=[-0.440, -0.301, 0.846] yaw=-27.5 pitch=17.5 cx=198.76599884033203
2025-12-04 16:20:27,386 - INFO - openpose - Gaze PUB: people=1, frame_idx=56
2025-12-04 16:20:27,562 - INFO - openpose - Gaze3D frame=56 id=None label=None v=[-0.333, -0.446, 0.831] yaw=-21.8 pitch=26.5 cx=200.6738052368164
2025-12-04 16:20:27,563 - INFO - openpose - Gaze PUB: people=1, frame_idx=56
2025-12-04 16:20:27,738 - INFO - openpose - Gaze3D frame=56 id=None label=None v=[-0.166, -0.494, 0.853] yaw=-11.0 pitch=29.6 cx=205.27242279052734
2025-12-04 16:20:27,738 - INFO - openpose - Gaze PUB: people=1, frame_idx=56
2025-12-04 16:20:27,928 - INFO - openpose - Gaze3D frame=56 id=None label=None v=[-0.154, -0.519, 0.841] yaw=-10.4 pitch=31.3 cx=206.25328063964844
2025-12-04 16:20:27,928 - INFO - openpose - Gaze PUB: people=1, frame_idx=56
2025-12-04 16:20:28,110 - INFO - openpose - Gaze3D frame=56 id=right label=Right person v=[-0.190, -0.406, 0.894] yaw=-12.0 pitch=24.0 cx=205.10655212402344
2025-12-04 16:20:28,110 - INFO - openpose - Gaze PUB: people=1, frame_idx=56
2025-12-04 16:20:28,741 - INFO - openpose - Gaze3D frame=64 id=right label=Right person v=[-0.349, -0.367, 0.862] yaw=-22.0 pitch=21.5 cx=203.5321044921875
2025-12-04 16:20:28,741 - INFO - openpose - Gaze PUB: people=1, frame_idx=64
2025-12-04 16:20:29,826 - INFO - openpose - Gaze3D frame=72 id=right label=Right person v=[-0.220, -0.447, 0.867] yaw=-14.3 pitch=26.5 cx=200.71298217773438
2025-12-04 16:20:29,826 - INFO - openpose - Gaze PUB: people=1, frame_idx=72
2025-12-04 16:20:30,508 - INFO - openpose - Gaze3D frame=80 id=None label=None v=[-0.222, -0.428, 0.876] yaw=-14.2 pitch=25.4 cx=199.40509796142578
2025-12-04 16:20:30,508 - INFO - openpose - Gaze PUB: people=1, frame_idx=80
2025-12-04 16:20:30,688 - INFO - openpose - Gaze3D frame=80 id=None label=None v=[-0.051, -0.551, 0.833] yaw=-3.5 pitch=33.4 cx=200.1246337890625
2025-12-04 16:20:30,688 - INFO - openpose - Gaze PUB: people=1, frame_idx=80
2025-12-04 16:20:30,859 - INFO - openpose - Gaze3D frame=80 id=None label=None v=[0.140, -0.185, 0.973] yaw=8.2 pitch=10.7 cx=206.72528839111328
2025-12-04 16:20:30,859 - INFO - openpose - Gaze PUB: people=1, frame_idx=80
2025-12-04 16:20:31,044 - INFO - openpose - Gaze3D frame=80 id=None label=None v=[0.017, -0.314, 0.949] yaw=1.0 pitch=18.3 cx=208.8896026611328
2025-12-04 16:20:31,044 - INFO - openpose - Gaze PUB: people=1, frame_idx=80
2025-12-04 16:20:31,227 - INFO - openpose - Gaze3D frame=80 id=None label=None v=[-0.116, -0.482, 0.868] yaw=-7.6 pitch=28.8 cx=207.17005157470703
2025-12-04 16:20:31,227 - INFO - openpose - Gaze PUB: people=1, frame_idx=80
2025-12-04 16:20:31,405 - INFO - openpose - Gaze3D frame=80 id=right label=Right person v=[-0.242, -0.469, 0.850] yaw=-15.9 pitch=27.9 cx=203.64282989501953
2025-12-04 16:20:31,405 - INFO - openpose - Gaze PUB: people=1, frame_idx=80
2025-12-04 16:20:32,082 - INFO - openpose - Gaze3D frame=88 id=right label=Right person v=[-0.193, -0.623, 0.758] yaw=-14.3 pitch=38.5 cx=201.65605926513672
2025-12-04 16:20:32,082 - INFO - openpose - Gaze PUB: people=1, frame_idx=88
2025-12-04 16:20:32,895 - INFO - openpose - Gaze3D frame=96 id=right label=Right person v=[0.120, -0.714, 0.690] yaw=9.9 pitch=45.6 cx=214.42115020751953
2025-12-04 16:20:32,896 - INFO - openpose - Gaze PUB: people=1, frame_idx=96
2025-12-04 16:20:33,584 - INFO - openpose - Gaze3D frame=104 id=right label=Right person v=[-0.141, -0.471, 0.871] yaw=-9.2 pitch=28.1 cx=204.33243560791016
2025-12-04 16:20:33,585 - INFO - openpose - Gaze PUB: people=1, frame_idx=104
2025-12-04 16:20:34,504 - INFO - openpose - Gaze3D frame=112 id=right label=Right person v=[-0.202, -0.327, 0.923] yaw=-12.3 pitch=19.1 cx=197.41226959228516
2025-12-04 16:20:34,504 - INFO - openpose - Gaze PUB: people=1, frame_idx=112
2025-12-04 16:20:35,443 - INFO - openpose - Gaze3D frame=120 id=right label=Right person v=[-0.149, -0.482, 0.863] yaw=-9.8 pitch=28.8 cx=211.58353424072266
2025-12-04 16:20:35,443 - INFO - openpose - Gaze PUB: people=1, frame_idx=120
2025-12-04 16:20:36,329 - INFO - openpose - Gaze3D frame=128 id=right label=Right person v=[-0.331, 0.027, 0.943] yaw=-19.3 pitch=-1.5 cx=241.84717559814453
2025-12-04 16:20:36,329 - INFO - openpose - Gaze PUB: people=1, frame_idx=128
2025-12-04 16:20:36,962 - INFO - openpose - Gaze3D frame=136 id=None label=None v=[-0.488, 0.227, 0.843] yaw=-30.1 pitch=-13.1 cx=240.89026641845703
2025-12-04 16:20:36,963 - INFO - openpose - Gaze PUB: people=1, frame_idx=136
2025-12-04 16:20:37,130 - INFO - openpose - Gaze3D frame=136 id=right label=Right person v=[-0.534, 0.263, 0.804] yaw=-33.6 pitch=-15.2 cx=240.9258270263672
2025-12-04 16:20:37,130 - INFO - openpose - Gaze PUB: people=1, frame_idx=136
2025-12-04 16:20:37,768 - INFO - openpose - Gaze3D frame=144 id=None label=None v=[-0.460, 0.199, 0.865] yaw=-28.0 pitch=-11.5 cx=240.43811798095703
2025-12-04 16:20:37,768 - INFO - openpose - Gaze PUB: people=1, frame_idx=144
2025-12-04 16:20:37,953 - INFO - openpose - Gaze3D frame=144 id=right label=Right person v=[-0.535, -0.323, 0.780] yaw=-34.4 pitch=18.9 cx=238.64395141601562
2025-12-04 16:20:37,961 - INFO - openpose - Gaze PUB: people=1, frame_idx=144
2025-12-04 16:20:39,288 - INFO - openpose - Gaze3D frame=152 id=right label=Right person v=[-0.108, -0.428, 0.897] yaw=-6.8 pitch=25.3 cx=230.87982177734375
2025-12-04 16:20:39,288 - INFO - openpose - Gaze PUB: people=1, frame_idx=152
2025-12-04 16:20:40,466 - INFO - openpose - Gaze3D frame=160 id=None label=None v=[-0.392, 0.262, 0.882] yaw=-24.0 pitch=-15.2 cx=216.80686950683594
2025-12-04 16:20:40,466 - INFO - openpose - Gaze PUB: people=1, frame_idx=160
2025-12-04 16:20:40,644 - INFO - openpose - Gaze3D frame=160 id=None label=None v=[-0.324, 0.363, 0.874] yaw=-20.4 pitch=-21.3 cx=204.63753509521484
2025-12-04 16:20:40,644 - INFO - openpose - Gaze PUB: people=1, frame_idx=160
2025-12-04 16:20:40,821 - INFO - openpose - Gaze3D frame=160 id=None label=None v=[-0.398, 0.225, 0.889] yaw=-24.1 pitch=-13.0 cx=188.79246520996094
2025-12-04 16:20:40,822 - INFO - openpose - Gaze PUB: people=1, frame_idx=160
2025-12-04 16:20:41,006 - INFO - openpose - Gaze3D frame=160 id=None label=None v=[-0.390, 0.076, 0.918] yaw=-23.0 pitch=-4.4 cx=169.71297454833984
2025-12-04 16:20:41,006 - INFO - openpose - Gaze PUB: people=1, frame_idx=160
2025-12-04 16:20:41,191 - INFO - openpose - Gaze3D frame=160 id=right label=Right person v=[-0.442, 0.061, 0.895] yaw=-26.3 pitch=-3.5 cx=134.7805938720703
2025-12-04 16:20:41,192 - INFO - openpose - Gaze PUB: people=1, frame_idx=160
