2025-11-24 17:03:55,845 - INFO - BuildTower - Connected to OpenPose server
2025-11-24 17:03:55,846 - INFO - BuildTower - Connected to Gaze server
2025-11-24 17:03:55,995 - INFO - BuildTower - Robot parameters: robot_name=my_gen3, dof=7, gripper_present=True
2025-11-24 17:03:56,001 - INFO - BuildTower - Service initialized: /my_gen3/base/clear_faults
2025-11-24 17:03:56,003 - INFO - BuildTower - Service initialized: /my_gen3/base/read_action
2025-11-24 17:03:56,005 - INFO - BuildTower - Service initialized: /my_gen3/base/execute_action
2025-11-24 17:03:56,006 - INFO - BuildTower - Service initialized: /my_gen3/control_config/set_cartesian_reference_frame
2025-11-24 17:03:56,008 - INFO - BuildTower - Service initialized: /my_gen3/base/activate_publishing_of_action_topic
2025-11-24 17:03:56,011 - INFO - BuildTower - Service initialized: /my_gen3/base/send_gripper_command
2025-11-24 17:03:56,011 - INFO - BuildTower - BuildTower class initialized successfully.
2025-11-24 17:03:56,012 - INFO - BuildTower - ROS parameter /kortex_examples_test_results/cartesian_poses_with_notifications_python did not exist or could not be deleted.
2025-11-24 17:03:56,012 - INFO - BuildTower - Starting main robot control loop.
2025-11-24 17:03:56,038 - INFO - BuildTower - Robot faults cleared successfully.
2025-11-24 17:03:58,560 - INFO - BuildTower - Cartesian reference frame set successfully.
2025-11-24 17:03:58,563 - INFO - BuildTower - Activating action notifications.
2025-11-24 17:03:58,584 - INFO - BuildTower - Action Notifications successfully activated.
2025-11-24 17:03:59,614 - INFO - BuildTower - Sending robot to home position.
2025-11-24 17:04:06,841 - INFO - BuildTower - User pressed Enter. Continuing with configuration 1
2025-11-24 17:04:06,842 - INFO - BuildTower - Parsing information from file: config2
2025-11-24 17:04:06,842 - INFO - BuildTower - Parsed turn_order: ybypbpbpy

2025-11-24 17:04:06,842 - INFO - BuildTower - Parsed object_order: 143

2025-11-24 17:04:06,842 - INFO - BuildTower - Sent turn_order and waiting for response from OpenPose server.
2025-11-24 17:04:06,842 - INFO - BuildTower - Sending turn order to OpenPose server: ybypbpbpy

2025-11-24 17:04:06,843 - DEBUG - BuildTower - Gaze rx: (none available)
2025-11-24 17:04:06,843 - DEBUG - BuildTower - Gaze rx: (none available)
2025-11-24 17:04:06,844 - DEBUG - BuildTower - Gaze rx: (none available)
2025-11-24 17:04:06,844 - INFO - BuildTower - Received reply from OpenPose server: Order Received
2025-11-24 17:04:06,844 - INFO - BuildTower - Executing turn 0 out of 9.
2025-11-24 17:04:06,863 - INFO - BuildTower - Sending robot to home position.
2025-11-24 17:04:07,484 - INFO - BuildTower - Moving block from start 0.28 to target 0.307. Turn: 0, Block Shape: 1
2025-11-24 17:04:07,488 - INFO - BuildTower - Sending gripper command: value=0
2025-11-24 17:04:08,009 - INFO - BuildTower - Gripper command 0 sent successfully.
2025-11-24 17:04:08,011 - INFO - BuildTower - Attempting to go to position: x=0.47, y=0.18, z=0.325, theta_x=100.0, theta_y=0.0, theta_z=90.0
2025-11-24 17:04:08,011 - DEBUG - BuildTower - Set speed for pose: translation=1, orientation=100
2025-11-24 17:04:08,035 - INFO - BuildTower - Pose action initiated, waiting for completion.
2025-11-24 17:04:10,667 - INFO - BuildTower - Robot action ended.
2025-11-24 17:04:10,667 - INFO - BuildTower - Attempting to go to position: x=0.47, y=0.18, z=0.28, theta_x=100.0, theta_y=0.0, theta_z=90.0
2025-11-24 17:04:10,667 - DEBUG - BuildTower - Set speed for pose: translation=1, orientation=100
2025-11-24 17:04:10,684 - INFO - BuildTower - Pose action initiated, waiting for completion.
2025-11-24 17:04:11,421 - INFO - BuildTower - Robot action ended.
2025-11-24 17:04:11,422 - INFO - BuildTower - Sending gripper command: value=0.075
2025-11-24 17:04:11,934 - INFO - BuildTower - Gripper command 0.075 sent successfully.
2025-11-24 17:04:11,937 - INFO - BuildTower - Attempting to go to position: x=0.47, y=0.18, z=0.325, theta_x=100.0, theta_y=0.0, theta_z=90.0
2025-11-24 17:04:11,937 - DEBUG - BuildTower - Set speed for pose: translation=1, orientation=100
2025-11-24 17:04:11,960 - INFO - BuildTower - Pose action initiated, waiting for completion.
2025-11-24 17:04:12,668 - INFO - BuildTower - Robot action ended.
2025-11-24 17:04:12,668 - INFO - BuildTower - Attempting to go to position: x=0.735, y=0.0, z=0.352, theta_x=100.0, theta_y=0.0, theta_z=90.0
2025-11-24 17:04:12,668 - DEBUG - BuildTower - Set speed for pose: translation=1, orientation=100
2025-11-24 17:04:12,685 - INFO - BuildTower - Pose action initiated, waiting for completion.
2025-11-24 17:04:16,173 - INFO - BuildTower - Robot action ended.
2025-11-24 17:04:16,173 - INFO - BuildTower - Attempting to go to position: x=0.735, y=0.0, z=0.307, theta_x=100.0, theta_y=0.0, theta_z=90.0
2025-11-24 17:04:16,173 - DEBUG - BuildTower - Set speed for pose: translation=1, orientation=100
2025-11-24 17:04:16,211 - INFO - BuildTower - Pose action initiated, waiting for completion.
2025-11-24 17:04:16,946 - INFO - BuildTower - Robot action ended.
2025-11-24 17:04:16,947 - INFO - BuildTower - Sending gripper command: value=0
2025-11-24 17:04:17,459 - INFO - BuildTower - Gripper command 0 sent successfully.
2025-11-24 17:04:17,463 - INFO - BuildTower - Attempting to go to position: x=0.735, y=0.0, z=0.352, theta_x=100.0, theta_y=0.0, theta_z=90.0
2025-11-24 17:04:17,463 - DEBUG - BuildTower - Set speed for pose: translation=1, orientation=100
2025-11-24 17:04:17,511 - INFO - BuildTower - Pose action initiated, waiting for completion.
2025-11-24 17:04:18,239 - INFO - BuildTower - Robot action ended.
2025-11-24 17:04:18,239 - INFO - BuildTower - Robot completed its turn. Robot turn count: 1
2025-11-24 17:04:18,239 - INFO - BuildTower - Executing turn 1 out of 9.
2025-11-24 17:04:18,264 - INFO - BuildTower - Sending robot to home position.
2025-11-24 17:04:18,885 - DEBUG - BuildTower - Gaze rx: (none available)
2025-11-24 17:04:18,885 - INFO - BuildTower - Sent 'PL: Arm Extended Check' to OpenPose server.
2025-11-24 17:04:18,885 - DEBUG - BuildTower - Gaze rx: (none available)
