2025-11-24 17:03:53,280 - INFO - openpose - OpenPose server started and bound to tcp://*:5555
2025-11-24 17:03:53,280 - INFO - openpose - OpenPose server started and bound to tcp://*:5556
2025-11-24 17:03:53,319 - INFO - openpose - Starting OpenPose
2025-11-24 17:03:54,241 - INFO - openpose - OpenPose initialized - waiting for turn_order
2025-11-24 17:04:06,843 - INFO - openpose - Message received: ybypbpbpy

2025-11-24 17:04:07,677 - INFO - openpose - Gaze3D frame=0 id=None label=None v=[-0.347, 0.216, 0.913] yaw=-20.8 pitch=-12.5 cx=277.82608795166016
2025-11-24 17:04:07,678 - INFO - openpose - Gaze PUB: people=1, frame_idx=0
2025-11-24 17:04:07,875 - INFO - openpose - Gaze3D frame=0 id=None label=None v=[-0.343, 0.059, 0.938] yaw=-20.1 pitch=-3.4 cx=277.1343002319336
2025-11-24 17:04:07,875 - INFO - openpose - Gaze PUB: people=1, frame_idx=0
2025-11-24 17:04:08,065 - INFO - openpose - Gaze3D frame=0 id=None label=None v=[-0.366, 0.062, 0.928] yaw=-21.5 pitch=-3.5 cx=276.15919494628906
2025-11-24 17:04:08,065 - INFO - openpose - Gaze PUB: people=1, frame_idx=0
2025-11-24 17:04:08,258 - INFO - openpose - Gaze3D frame=0 id=None label=None v=[-0.416, -0.220, 0.882] yaw=-25.3 pitch=12.7 cx=275.4949035644531
2025-11-24 17:04:08,258 - INFO - openpose - Gaze PUB: people=1, frame_idx=0
2025-11-24 17:04:08,445 - INFO - openpose - Gaze3D frame=0 id=None label=None v=[-0.339, -0.120, 0.933] yaw=-20.0 pitch=6.9 cx=275.0855712890625
2025-11-24 17:04:08,445 - INFO - openpose - Gaze PUB: people=1, frame_idx=0
2025-11-24 17:04:08,622 - INFO - openpose - Gaze3D frame=0 id=None label=None v=[-0.359, -0.177, 0.916] yaw=-21.4 pitch=10.2 cx=275.6681365966797
2025-11-24 17:04:08,622 - INFO - openpose - Gaze PUB: people=1, frame_idx=0
2025-11-24 17:04:08,802 - INFO - openpose - Gaze3D frame=0 id=None label=None v=[-0.358, -0.027, 0.934] yaw=-21.0 pitch=1.6 cx=275.80667877197266
2025-11-24 17:04:08,802 - INFO - openpose - Gaze PUB: people=1, frame_idx=0
2025-11-24 17:04:08,972 - INFO - openpose - Gaze3D frame=0 id=None label=None v=[-0.321, 0.215, 0.922] yaw=-19.2 pitch=-12.4 cx=276.6582336425781
2025-11-24 17:04:08,972 - INFO - openpose - Gaze PUB: people=1, frame_idx=0
2025-11-24 17:04:09,147 - INFO - openpose - Gaze3D frame=0 id=None label=None v=[-0.371, 0.054, 0.927] yaw=-21.8 pitch=-3.1 cx=277.13999938964844
2025-11-24 17:04:09,147 - INFO - openpose - Gaze PUB: people=1, frame_idx=0
2025-11-24 17:04:09,324 - INFO - openpose - Gaze3D frame=0 id=None label=None v=[-0.311, -0.049, 0.949] yaw=-18.1 pitch=2.8 cx=276.9452438354492
2025-11-24 17:04:09,325 - INFO - openpose - Gaze PUB: people=1, frame_idx=0
2025-11-24 17:04:09,505 - INFO - openpose - Gaze3D frame=0 id=None label=None v=[-0.326, -0.193, 0.926] yaw=-19.4 pitch=11.1 cx=277.06097412109375
2025-11-24 17:04:09,505 - INFO - openpose - Gaze PUB: people=1, frame_idx=0
2025-11-24 17:04:09,691 - INFO - openpose - Gaze3D frame=0 id=None label=None v=[-0.326, -0.080, 0.942] yaw=-19.1 pitch=4.6 cx=276.86092376708984
2025-11-24 17:04:09,691 - INFO - openpose - Gaze PUB: people=1, frame_idx=0
2025-11-24 17:04:09,874 - INFO - openpose - Gaze3D frame=0 id=None label=None v=[-0.418, 0.026, 0.908] yaw=-24.7 pitch=-1.5 cx=276.95542907714844
2025-11-24 17:04:09,874 - INFO - openpose - Gaze PUB: people=1, frame_idx=0
2025-11-24 17:04:10,061 - INFO - openpose - Gaze3D frame=0 id=None label=None v=[-0.400, -0.108, 0.910] yaw=-23.7 pitch=6.2 cx=277.1392059326172
2025-11-24 17:04:10,061 - INFO - openpose - Gaze PUB: people=1, frame_idx=0
2025-11-24 17:04:10,240 - INFO - openpose - Gaze3D frame=0 id=None label=None v=[-0.376, 0.028, 0.926] yaw=-22.1 pitch=-1.6 cx=277.22032165527344
2025-11-24 17:04:10,241 - INFO - openpose - Gaze PUB: people=1, frame_idx=0
2025-11-24 17:04:10,419 - INFO - openpose - Gaze3D frame=0 id=None label=None v=[-0.403, 0.256, 0.879] yaw=-24.6 pitch=-14.8 cx=277.39566802978516
2025-11-24 17:04:10,420 - INFO - openpose - Gaze PUB: people=1, frame_idx=0
2025-11-24 17:04:10,599 - INFO - openpose - Gaze3D frame=0 id=None label=None v=[-0.312, -0.016, 0.950] yaw=-18.2 pitch=0.9 cx=277.7161102294922
2025-11-24 17:04:10,599 - INFO - openpose - Gaze PUB: people=1, frame_idx=0
2025-11-24 17:04:10,775 - INFO - openpose - Gaze3D frame=0 id=None label=None v=[-0.358, 0.026, 0.933] yaw=-21.0 pitch=-1.5 cx=277.2626266479492
2025-11-24 17:04:10,775 - INFO - openpose - Gaze PUB: people=1, frame_idx=0
2025-11-24 17:04:10,954 - INFO - openpose - Gaze3D frame=0 id=None label=None v=[-0.346, -0.029, 0.938] yaw=-20.2 pitch=1.6 cx=277.4008331298828
2025-11-24 17:04:10,954 - INFO - openpose - Gaze PUB: people=1, frame_idx=0
2025-11-24 17:04:11,144 - INFO - openpose - Gaze3D frame=0 id=None label=None v=[-0.328, 0.001, 0.945] yaw=-19.1 pitch=-0.0 cx=277.3058166503906
2025-11-24 17:04:11,145 - INFO - openpose - Gaze PUB: people=1, frame_idx=0
2025-11-24 17:04:11,331 - INFO - openpose - Gaze3D frame=0 id=None label=None v=[-0.388, -0.166, 0.906] yaw=-23.2 pitch=9.6 cx=277.35486602783203
2025-11-24 17:04:11,332 - INFO - openpose - Gaze PUB: people=1, frame_idx=0
2025-11-24 17:04:11,524 - INFO - openpose - Gaze3D frame=0 id=None label=None v=[-0.384, -0.083, 0.920] yaw=-22.7 pitch=4.7 cx=277.54341888427734
2025-11-24 17:04:11,524 - INFO - openpose - Gaze PUB: people=1, frame_idx=0
2025-11-24 17:04:11,716 - INFO - openpose - Gaze3D frame=0 id=None label=None v=[-0.362, 0.033, 0.932] yaw=-21.2 pitch=-1.9 cx=277.7851028442383
2025-11-24 17:04:11,716 - INFO - openpose - Gaze PUB: people=1, frame_idx=0
2025-11-24 17:04:11,905 - INFO - openpose - Gaze3D frame=0 id=None label=None v=[-0.380, 0.085, 0.921] yaw=-22.4 pitch=-4.9 cx=277.8292770385742
2025-11-24 17:04:11,906 - INFO - openpose - Gaze PUB: people=1, frame_idx=0
2025-11-24 17:04:12,087 - INFO - openpose - Gaze3D frame=0 id=None label=None v=[-0.363, 0.005, 0.932] yaw=-21.3 pitch=-0.3 cx=277.75035858154297
2025-11-24 17:04:12,087 - INFO - openpose - Gaze PUB: people=1, frame_idx=0
2025-11-24 17:04:12,295 - INFO - openpose - Gaze3D frame=0 id=None label=None v=[-0.372, 0.052, 0.927] yaw=-21.9 pitch=-3.0 cx=277.7047119140625
2025-11-24 17:04:12,295 - INFO - openpose - Gaze PUB: people=1, frame_idx=0
2025-11-24 17:04:12,477 - INFO - openpose - Gaze3D frame=0 id=None label=None v=[-0.377, 0.026, 0.926] yaw=-22.1 pitch=-1.5 cx=277.68099212646484
2025-11-24 17:04:12,477 - INFO - openpose - Gaze PUB: people=1, frame_idx=0
2025-11-24 17:04:12,644 - INFO - openpose - Gaze3D frame=0 id=None label=None v=[-0.402, -0.004, 0.916] yaw=-23.7 pitch=0.2 cx=277.3083953857422
2025-11-24 17:04:12,644 - INFO - openpose - Gaze PUB: people=1, frame_idx=0
2025-11-24 17:04:12,829 - INFO - openpose - Gaze3D frame=0 id=None label=None v=[-0.391, 0.057, 0.919] yaw=-23.0 pitch=-3.3 cx=277.35558319091797
2025-11-24 17:04:12,829 - INFO - openpose - Gaze PUB: people=1, frame_idx=0
2025-11-24 17:04:13,022 - INFO - openpose - Gaze3D frame=0 id=None label=None v=[-0.358, 0.072, 0.931] yaw=-21.0 pitch=-4.1 cx=277.49351501464844
2025-11-24 17:04:13,022 - INFO - openpose - Gaze PUB: people=1, frame_idx=0
2025-11-24 17:04:13,212 - INFO - openpose - Gaze3D frame=0 id=None label=None v=[-0.346, 0.071, 0.935] yaw=-20.3 pitch=-4.1 cx=277.6347885131836
2025-11-24 17:04:13,213 - INFO - openpose - Gaze PUB: people=1, frame_idx=0
2025-11-24 17:04:13,397 - INFO - openpose - Gaze3D frame=0 id=None label=None v=[-0.385, 0.052, 0.921] yaw=-22.7 pitch=-3.0 cx=277.11875915527344
2025-11-24 17:04:13,397 - INFO - openpose - Gaze PUB: people=1, frame_idx=0
2025-11-24 17:04:13,584 - INFO - openpose - Gaze3D frame=0 id=None label=None v=[-0.414, -0.011, 0.910] yaw=-24.4 pitch=0.6 cx=276.98892974853516
2025-11-24 17:04:13,584 - INFO - openpose - Gaze PUB: people=1, frame_idx=0
2025-11-24 17:04:13,777 - INFO - openpose - Gaze3D frame=0 id=None label=None v=[-0.416, -0.029, 0.909] yaw=-24.6 pitch=1.6 cx=277.13450622558594
2025-11-24 17:04:13,777 - INFO - openpose - Gaze PUB: people=1, frame_idx=0
2025-11-24 17:04:13,972 - INFO - openpose - Gaze3D frame=0 id=None label=None v=[-0.435, 0.012, 0.900] yaw=-25.8 pitch=-0.7 cx=277.2461853027344
2025-11-24 17:04:13,972 - INFO - openpose - Gaze PUB: people=1, frame_idx=0
2025-11-24 17:04:14,156 - INFO - openpose - Gaze3D frame=0 id=None label=None v=[-0.376, -0.048, 0.925] yaw=-22.1 pitch=2.7 cx=277.47320556640625
2025-11-24 17:04:14,157 - INFO - openpose - Gaze PUB: people=1, frame_idx=0
2025-11-24 17:04:14,336 - INFO - openpose - Gaze3D frame=0 id=None label=None v=[-0.440, -0.112, 0.891] yaw=-26.3 pitch=6.4 cx=277.36844635009766
2025-11-24 17:04:14,336 - INFO - openpose - Gaze PUB: people=1, frame_idx=0
2025-11-24 17:04:14,520 - INFO - openpose - Gaze3D frame=0 id=None label=None v=[-0.380, 0.102, 0.919] yaw=-22.4 pitch=-5.9 cx=277.6411437988281
2025-11-24 17:04:14,521 - INFO - openpose - Gaze PUB: people=1, frame_idx=0
2025-11-24 17:04:14,710 - INFO - openpose - Gaze3D frame=0 id=None label=None v=[-0.372, -0.079, 0.925] yaw=-21.9 pitch=4.5 cx=277.5502395629883
2025-11-24 17:04:14,710 - INFO - openpose - Gaze PUB: people=1, frame_idx=0
2025-11-24 17:04:14,903 - INFO - openpose - Gaze3D frame=0 id=None label=None v=[-0.398, -0.131, 0.908] yaw=-23.7 pitch=7.5 cx=277.64239501953125
2025-11-24 17:04:14,903 - INFO - openpose - Gaze PUB: people=1, frame_idx=0
2025-11-24 17:04:15,103 - INFO - openpose - Gaze3D frame=0 id=None label=None v=[-0.363, -0.237, 0.901] yaw=-21.9 pitch=13.7 cx=277.50794982910156
2025-11-24 17:04:15,103 - INFO - openpose - Gaze PUB: people=1, frame_idx=0
2025-11-24 17:04:15,284 - INFO - openpose - Gaze3D frame=0 id=None label=None v=[-0.396, -0.157, 0.905] yaw=-23.6 pitch=9.0 cx=277.47721099853516
2025-11-24 17:04:15,285 - INFO - openpose - Gaze PUB: people=1, frame_idx=0
2025-11-24 17:04:15,473 - INFO - openpose - Gaze3D frame=0 id=None label=None v=[-0.464, -0.002, 0.886] yaw=-27.6 pitch=0.1 cx=277.75645446777344
2025-11-24 17:04:15,474 - INFO - openpose - Gaze PUB: people=1, frame_idx=0
2025-11-24 17:04:15,664 - INFO - openpose - Gaze3D frame=0 id=None label=None v=[-0.396, -0.062, 0.916] yaw=-23.4 pitch=3.5 cx=277.5286407470703
2025-11-24 17:04:15,664 - INFO - openpose - Gaze PUB: people=1, frame_idx=0
2025-11-24 17:04:15,848 - INFO - openpose - Gaze3D frame=0 id=None label=None v=[-0.421, -0.134, 0.897] yaw=-25.2 pitch=7.7 cx=277.72503662109375
2025-11-24 17:04:15,849 - INFO - openpose - Gaze PUB: people=1, frame_idx=0
2025-11-24 17:04:16,041 - INFO - openpose - Gaze3D frame=0 id=None label=None v=[-0.418, -0.025, 0.908] yaw=-24.7 pitch=1.4 cx=278.25769805908203
2025-11-24 17:04:16,041 - INFO - openpose - Gaze PUB: people=1, frame_idx=0
2025-11-24 17:04:16,223 - INFO - openpose - Gaze3D frame=0 id=None label=None v=[-0.412, 0.072, 0.908] yaw=-24.4 pitch=-4.1 cx=278.41088104248047
2025-11-24 17:04:16,224 - INFO - openpose - Gaze PUB: people=1, frame_idx=0
2025-11-24 17:04:16,407 - INFO - openpose - Gaze3D frame=0 id=None label=None v=[-0.425, 0.036, 0.905] yaw=-25.2 pitch=-2.1 cx=278.23522186279297
2025-11-24 17:04:16,407 - INFO - openpose - Gaze PUB: people=1, frame_idx=0
2025-11-24 17:04:16,589 - INFO - openpose - Gaze3D frame=0 id=None label=None v=[-0.425, -0.044, 0.904] yaw=-25.2 pitch=2.5 cx=278.23338317871094
2025-11-24 17:04:16,589 - INFO - openpose - Gaze PUB: people=1, frame_idx=0
2025-11-24 17:04:16,773 - INFO - openpose - Gaze3D frame=0 id=None label=None v=[-0.443, -0.004, 0.896] yaw=-26.3 pitch=0.2 cx=278.15152740478516
2025-11-24 17:04:16,773 - INFO - openpose - Gaze PUB: people=1, frame_idx=0
2025-11-24 17:04:16,966 - INFO - openpose - Gaze3D frame=0 id=None label=None v=[-0.428, 0.044, 0.903] yaw=-25.3 pitch=-2.5 cx=278.15484619140625
2025-11-24 17:04:16,966 - INFO - openpose - Gaze PUB: people=1, frame_idx=0
2025-11-24 17:04:17,143 - INFO - openpose - Gaze3D frame=0 id=None label=None v=[-0.463, -0.039, 0.886] yaw=-27.6 pitch=2.2 cx=278.33204650878906
2025-11-24 17:04:17,143 - INFO - openpose - Gaze PUB: people=1, frame_idx=0
2025-11-24 17:04:17,334 - INFO - openpose - Gaze3D frame=0 id=None label=None v=[-0.401, 0.013, 0.916] yaw=-23.6 pitch=-0.8 cx=278.53338623046875
2025-11-24 17:04:17,334 - INFO - openpose - Gaze PUB: people=1, frame_idx=0
2025-11-24 17:04:17,522 - INFO - openpose - Gaze3D frame=0 id=None label=None v=[-0.450, 0.010, 0.893] yaw=-26.7 pitch=-0.6 cx=277.50282287597656
2025-11-24 17:04:17,522 - INFO - openpose - Gaze PUB: people=1, frame_idx=0
2025-11-24 17:04:17,711 - INFO - openpose - Gaze3D frame=0 id=None label=None v=[-0.399, 0.123, 0.909] yaw=-23.7 pitch=-7.1 cx=278.61016845703125
2025-11-24 17:04:17,711 - INFO - openpose - Gaze PUB: people=1, frame_idx=0
2025-11-24 17:04:17,903 - INFO - openpose - Gaze3D frame=0 id=None label=None v=[-0.394, 0.145, 0.908] yaw=-23.5 pitch=-8.3 cx=278.5745849609375
2025-11-24 17:04:17,903 - INFO - openpose - Gaze PUB: people=1, frame_idx=0
2025-11-24 17:04:18,088 - INFO - openpose - Gaze3D frame=0 id=None label=None v=[-0.387, 0.023, 0.922] yaw=-22.8 pitch=-1.3 cx=277.5959167480469
2025-11-24 17:04:18,088 - INFO - openpose - Gaze PUB: people=1, frame_idx=0
2025-11-24 17:04:18,267 - INFO - openpose - Gaze3D frame=0 id=None label=None v=[-0.408, 0.094, 0.908] yaw=-24.2 pitch=-5.4 cx=278.71873474121094
2025-11-24 17:04:18,267 - INFO - openpose - Gaze PUB: people=1, frame_idx=0
2025-11-24 17:04:18,447 - INFO - openpose - Gaze3D frame=0 id=None label=None v=[-0.360, 0.254, 0.898] yaw=-21.8 pitch=-14.7 cx=278.47845458984375
2025-11-24 17:04:18,447 - INFO - openpose - Gaze PUB: people=1, frame_idx=0
2025-11-24 17:04:18,639 - INFO - openpose - Gaze3D frame=0 id=None label=None v=[-0.398, 0.087, 0.913] yaw=-23.5 pitch=-5.0 cx=278.29878997802734
2025-11-24 17:04:18,639 - INFO - openpose - Gaze PUB: people=1, frame_idx=0
2025-11-24 17:04:18,833 - INFO - openpose - Gaze3D frame=0 id=None label=None v=[-0.348, 0.203, 0.915] yaw=-20.8 pitch=-11.7 cx=278.0654296875
2025-11-24 17:04:18,833 - INFO - openpose - Gaze PUB: people=1, frame_idx=0
2025-11-24 17:04:19,023 - INFO - openpose - Gaze3D frame=0 id=None label=None v=[-0.318, 0.216, 0.923] yaw=-19.0 pitch=-12.4 cx=277.73402404785156
2025-11-24 17:04:19,023 - INFO - openpose - Gaze PUB: people=1, frame_idx=0
2025-11-24 17:04:19,194 - INFO - openpose - Gaze3D frame=0 id=None label=None v=[-0.397, 0.017, 0.918] yaw=-23.4 pitch=-0.9 cx=277.2270202636719
2025-11-24 17:04:19,194 - INFO - openpose - Gaze PUB: people=1, frame_idx=0
2025-11-24 17:04:19,357 - INFO - openpose - Gaze3D frame=0 id=None label=None v=[-0.320, 0.211, 0.924] yaw=-19.1 pitch=-12.2 cx=277.2422180175781
2025-11-24 17:04:19,357 - INFO - openpose - Gaze PUB: people=1, frame_idx=0
2025-11-24 17:04:19,533 - INFO - openpose - Gaze3D frame=0 id=None label=None v=[-0.395, 0.263, 0.880] yaw=-24.2 pitch=-15.3 cx=277.13790130615234
2025-11-24 17:04:19,533 - INFO - openpose - Gaze PUB: people=1, frame_idx=0
2025-11-24 17:04:19,708 - INFO - openpose - Gaze3D frame=0 id=None label=None v=[-0.430, 0.221, 0.875] yaw=-26.2 pitch=-12.7 cx=276.88232421875
2025-11-24 17:04:19,708 - INFO - openpose - Gaze PUB: people=1, frame_idx=0
2025-11-24 17:04:19,884 - INFO - openpose - Gaze3D frame=0 id=None label=None v=[-0.442, -0.057, 0.895] yaw=-26.3 pitch=3.3 cx=276.2255554199219
2025-11-24 17:04:19,884 - INFO - openpose - Gaze PUB: people=1, frame_idx=0
2025-11-24 17:04:20,057 - INFO - openpose - Gaze3D frame=0 id=None label=None v=[-0.435, 0.024, 0.900] yaw=-25.8 pitch=-1.4 cx=275.95033264160156
2025-11-24 17:04:20,057 - INFO - openpose - Gaze PUB: people=1, frame_idx=0
2025-11-24 17:04:20,246 - INFO - openpose - Gaze3D frame=0 id=None label=None v=[-0.426, -0.013, 0.905] yaw=-25.2 pitch=0.7 cx=276.0241165161133
2025-11-24 17:04:20,246 - INFO - openpose - Gaze PUB: people=1, frame_idx=0
2025-11-24 17:04:20,451 - INFO - openpose - Gaze3D frame=0 id=None label=None v=[-0.391, -0.098, 0.915] yaw=-23.2 pitch=5.6 cx=276.5903778076172
2025-11-24 17:04:20,451 - INFO - openpose - Gaze PUB: people=1, frame_idx=0
2025-11-24 17:04:20,613 - INFO - openpose - Gaze3D frame=0 id=None label=None v=[-0.413, 0.025, 0.910] yaw=-24.4 pitch=-1.4 cx=277.03101348876953
2025-11-24 17:04:20,613 - INFO - openpose - Gaze PUB: people=1, frame_idx=0
2025-11-24 17:04:20,799 - INFO - openpose - Gaze3D frame=0 id=None label=None v=[-0.418, 0.030, 0.908] yaw=-24.7 pitch=-1.7 cx=276.7411651611328
2025-11-24 17:04:20,799 - INFO - openpose - Gaze PUB: people=1, frame_idx=0
2025-11-24 17:04:21,009 - INFO - openpose - Gaze3D frame=0 id=None label=None v=[-0.354, 0.045, 0.934] yaw=-20.8 pitch=-2.6 cx=276.8638458251953
2025-11-24 17:04:21,010 - INFO - openpose - Gaze PUB: people=1, frame_idx=0
2025-11-24 17:04:21,205 - INFO - openpose - Gaze3D frame=0 id=None label=None v=[-0.291, 0.075, 0.954] yaw=-16.9 pitch=-4.3 cx=276.74979400634766
2025-11-24 17:04:21,205 - INFO - openpose - Gaze PUB: people=1, frame_idx=0
2025-11-24 17:04:21,394 - INFO - openpose - Gaze3D frame=0 id=None label=None v=[-0.411, 0.069, 0.909] yaw=-24.3 pitch=-4.0 cx=276.68054962158203
2025-11-24 17:04:21,394 - INFO - openpose - Gaze PUB: people=1, frame_idx=0
2025-11-24 17:04:21,571 - INFO - openpose - Gaze3D frame=0 id=None label=None v=[-0.392, -0.024, 0.919] yaw=-23.1 pitch=1.4 cx=276.6143035888672
2025-11-24 17:04:21,571 - INFO - openpose - Gaze PUB: people=1, frame_idx=0
2025-11-24 17:04:21,761 - INFO - openpose - Gaze3D frame=0 id=None label=None v=[-0.383, 0.041, 0.923] yaw=-22.5 pitch=-2.3 cx=276.8799819946289
2025-11-24 17:04:21,761 - INFO - openpose - Gaze PUB: people=1, frame_idx=0
2025-11-24 17:04:21,944 - INFO - openpose - Gaze3D frame=0 id=None label=None v=[-0.414, 0.085, 0.906] yaw=-24.5 pitch=-4.9 cx=277.47035217285156
2025-11-24 17:04:21,944 - INFO - openpose - Gaze PUB: people=1, frame_idx=0
2025-11-24 17:04:22,130 - INFO - openpose - Gaze3D frame=0 id=None label=None v=[-0.423, 0.006, 0.906] yaw=-25.0 pitch=-0.4 cx=278.0299835205078
2025-11-24 17:04:22,130 - INFO - openpose - Gaze PUB: people=1, frame_idx=0
2025-11-24 17:04:22,310 - INFO - openpose - Gaze3D frame=0 id=None label=None v=[-0.389, 0.004, 0.921] yaw=-22.9 pitch=-0.2 cx=278.2836151123047
2025-11-24 17:04:22,310 - INFO - openpose - Gaze PUB: people=1, frame_idx=0
2025-11-24 17:04:22,503 - INFO - openpose - Gaze3D frame=0 id=None label=None v=[-0.398, 0.155, 0.904] yaw=-23.7 pitch=-8.9 cx=278.11158752441406
2025-11-24 17:04:22,503 - INFO - openpose - Gaze PUB: people=1, frame_idx=0
2025-11-24 17:04:22,698 - INFO - openpose - Gaze3D frame=0 id=None label=None v=[-0.404, 0.062, 0.913] yaw=-23.9 pitch=-3.5 cx=277.96512603759766
2025-11-24 17:04:22,698 - INFO - openpose - Gaze PUB: people=1, frame_idx=0
2025-11-24 17:04:22,900 - INFO - openpose - Gaze3D frame=0 id=None label=None v=[-0.404, 0.150, 0.902] yaw=-24.1 pitch=-8.6 cx=277.72560119628906
2025-11-24 17:04:22,901 - INFO - openpose - Gaze PUB: people=1, frame_idx=0
2025-11-24 17:04:23,082 - INFO - openpose - Gaze3D frame=0 id=None label=None v=[-0.331, -0.013, 0.944] yaw=-19.3 pitch=0.8 cx=277.6535339355469
2025-11-24 17:04:23,082 - INFO - openpose - Gaze PUB: people=1, frame_idx=0
2025-11-24 17:04:23,276 - INFO - openpose - Gaze3D frame=0 id=None label=None v=[-0.452, 0.148, 0.880] yaw=-27.2 pitch=-8.5 cx=276.91876220703125
2025-11-24 17:04:23,276 - INFO - openpose - Gaze PUB: people=1, frame_idx=0
2025-11-24 17:04:23,471 - INFO - openpose - Gaze3D frame=0 id=None label=None v=[-0.379, -0.031, 0.925] yaw=-22.3 pitch=1.7 cx=276.48792266845703
2025-11-24 17:04:23,471 - INFO - openpose - Gaze PUB: people=1, frame_idx=0
2025-11-24 17:04:23,661 - INFO - openpose - Gaze3D frame=0 id=None label=None v=[-0.366, 0.066, 0.928] yaw=-21.5 pitch=-3.8 cx=276.60137939453125
2025-11-24 17:04:23,661 - INFO - openpose - Gaze PUB: people=1, frame_idx=0
2025-11-24 17:04:23,860 - INFO - openpose - Gaze3D frame=0 id=None label=None v=[-0.416, -0.084, 0.905] yaw=-24.7 pitch=4.8 cx=276.50575256347656
2025-11-24 17:04:23,860 - INFO - openpose - Gaze PUB: people=1, frame_idx=0
2025-11-24 17:04:24,049 - INFO - openpose - Gaze3D frame=0 id=None label=None v=[-0.481, 0.066, 0.874] yaw=-28.8 pitch=-3.8 cx=276.2977066040039
2025-11-24 17:04:24,050 - INFO - openpose - Gaze PUB: people=1, frame_idx=0
2025-11-24 17:04:24,237 - INFO - openpose - Gaze3D frame=0 id=None label=None v=[-0.428, 0.017, 0.904] yaw=-25.4 pitch=-1.0 cx=276.03736114501953
2025-11-24 17:04:24,237 - INFO - openpose - Gaze PUB: people=1, frame_idx=0
2025-11-24 17:04:24,416 - INFO - openpose - Gaze3D frame=0 id=None label=None v=[-0.418, 0.015, 0.908] yaw=-24.7 pitch=-0.9 cx=276.3775329589844
2025-11-24 17:04:24,416 - INFO - openpose - Gaze PUB: people=1, frame_idx=0
2025-11-24 17:04:24,594 - INFO - openpose - Gaze3D frame=0 id=None label=None v=[-0.418, -0.373, 0.829] yaw=-26.8 pitch=21.9 cx=276.3730773925781
2025-11-24 17:04:24,594 - INFO - openpose - Gaze PUB: people=1, frame_idx=0
2025-11-24 17:04:24,785 - INFO - openpose - Gaze3D frame=0 id=None label=None v=[-0.401, 0.146, 0.904] yaw=-23.9 pitch=-8.4 cx=276.6828842163086
2025-11-24 17:04:24,786 - INFO - openpose - Gaze PUB: people=1, frame_idx=0
2025-11-24 17:04:24,984 - INFO - openpose - Gaze3D frame=0 id=None label=None v=[-0.417, 0.120, 0.901] yaw=-24.8 pitch=-6.9 cx=277.8573913574219
2025-11-24 17:04:24,984 - INFO - openpose - Gaze PUB: people=1, frame_idx=0
2025-11-24 17:04:25,182 - INFO - openpose - Gaze3D frame=0 id=None label=None v=[-0.397, 0.091, 0.913] yaw=-23.5 pitch=-5.2 cx=277.9192657470703
2025-11-24 17:04:25,182 - INFO - openpose - Gaze PUB: people=1, frame_idx=0
2025-11-24 17:04:25,365 - INFO - openpose - Gaze3D frame=0 id=None label=None v=[-0.427, 0.233, 0.874] yaw=-26.1 pitch=-13.5 cx=280.47046661376953
2025-11-24 17:04:25,366 - INFO - openpose - Gaze PUB: people=1, frame_idx=0
2025-11-24 17:04:25,554 - INFO - openpose - Gaze3D frame=0 id=None label=None v=[-0.469, 0.334, 0.818] yaw=-29.8 pitch=-19.5 cx=277.3617858886719
2025-11-24 17:04:25,554 - INFO - openpose - Gaze PUB: people=1, frame_idx=0
2025-11-24 17:04:25,732 - INFO - openpose - Gaze3D frame=0 id=None label=None v=[-0.465, 0.307, 0.830] yaw=-29.2 pitch=-17.9 cx=277.5468978881836
2025-11-24 17:04:25,732 - INFO - openpose - Gaze PUB: people=1, frame_idx=0
2025-11-24 17:04:25,933 - INFO - openpose - Gaze3D frame=0 id=None label=None v=[-0.480, 0.273, 0.833] yaw=-29.9 pitch=-15.9 cx=278.09815216064453
2025-11-24 17:04:25,933 - INFO - openpose - Gaze PUB: people=1, frame_idx=0
2025-11-24 17:04:26,122 - INFO - openpose - Gaze3D frame=0 id=None label=None v=[-0.501, -0.002, 0.865] yaw=-30.1 pitch=0.1 cx=277.45336151123047
2025-11-24 17:04:26,122 - INFO - openpose - Gaze PUB: people=1, frame_idx=0
2025-11-24 17:04:26,313 - INFO - openpose - Gaze3D frame=0 id=None label=None v=[-0.376, 0.277, 0.884] yaw=-23.0 pitch=-16.1 cx=275.9398956298828
2025-11-24 17:04:26,313 - INFO - openpose - Gaze PUB: people=1, frame_idx=0
2025-11-24 17:04:26,504 - INFO - openpose - Gaze3D frame=0 id=None label=None v=[-0.406, 0.328, 0.853] yaw=-25.4 pitch=-19.2 cx=274.7312316894531
2025-11-24 17:04:26,504 - INFO - openpose - Gaze PUB: people=1, frame_idx=0
2025-11-24 17:04:26,683 - INFO - openpose - Gaze3D frame=0 id=None label=None v=[-0.427, 0.067, 0.902] yaw=-25.4 pitch=-3.8 cx=275.4726867675781
2025-11-24 17:04:26,683 - INFO - openpose - Gaze PUB: people=1, frame_idx=0
2025-11-24 17:04:26,854 - INFO - openpose - Gaze3D frame=0 id=None label=None v=[-0.409, -0.132, 0.903] yaw=-24.4 pitch=7.6 cx=276.38983154296875
2025-11-24 17:04:26,854 - INFO - openpose - Gaze PUB: people=1, frame_idx=0
2025-11-24 17:04:27,043 - INFO - openpose - Gaze3D frame=0 id=None label=None v=[-0.413, 0.013, 0.911] yaw=-24.4 pitch=-0.8 cx=276.54811096191406
2025-11-24 17:04:27,044 - INFO - openpose - Gaze PUB: people=1, frame_idx=0
2025-11-24 17:04:27,249 - INFO - openpose - Gaze3D frame=0 id=None label=None v=[-0.420, 0.048, 0.906] yaw=-24.9 pitch=-2.8 cx=276.8281555175781
2025-11-24 17:04:27,249 - INFO - openpose - Gaze PUB: people=1, frame_idx=0
2025-11-24 17:04:27,435 - INFO - openpose - Gaze3D frame=0 id=None label=None v=[-0.424, -0.047, 0.904] yaw=-25.1 pitch=2.7 cx=276.3787307739258
2025-11-24 17:04:27,435 - INFO - openpose - Gaze PUB: people=1, frame_idx=0
2025-11-24 17:04:27,632 - INFO - openpose - Gaze3D frame=0 id=None label=None v=[-0.402, 0.222, 0.888] yaw=-24.3 pitch=-12.8 cx=275.91363525390625
2025-11-24 17:04:27,633 - INFO - openpose - Gaze PUB: people=1, frame_idx=0
2025-11-24 17:04:27,816 - INFO - openpose - Gaze3D frame=0 id=None label=None v=[-0.392, 0.100, 0.915] yaw=-23.2 pitch=-5.7 cx=275.8013000488281
2025-11-24 17:04:27,816 - INFO - openpose - Gaze PUB: people=1, frame_idx=0
2025-11-24 17:04:28,012 - INFO - openpose - Gaze3D frame=0 id=None label=None v=[-0.394, 0.118, 0.911] yaw=-23.4 pitch=-6.8 cx=276.05133056640625
2025-11-24 17:04:28,012 - INFO - openpose - Gaze PUB: people=1, frame_idx=0
2025-11-24 17:04:28,205 - INFO - openpose - Gaze3D frame=0 id=None label=None v=[-0.410, 0.043, 0.911] yaw=-24.2 pitch=-2.4 cx=276.06236267089844
2025-11-24 17:04:28,205 - INFO - openpose - Gaze PUB: people=1, frame_idx=0
2025-11-24 17:04:28,399 - INFO - openpose - Gaze3D frame=0 id=None label=None v=[-0.428, 0.103, 0.898] yaw=-25.5 pitch=-5.9 cx=276.1851501464844
2025-11-24 17:04:28,399 - INFO - openpose - Gaze PUB: people=1, frame_idx=0
2025-11-24 17:04:28,581 - INFO - openpose - Gaze3D frame=0 id=None label=None v=[-0.380, 0.026, 0.925] yaw=-22.3 pitch=-1.5 cx=276.75669860839844
2025-11-24 17:04:28,581 - INFO - openpose - Gaze PUB: people=1, frame_idx=0
2025-11-24 17:04:28,783 - INFO - openpose - Gaze3D frame=0 id=None label=None v=[-0.425, 0.091, 0.901] yaw=-25.3 pitch=-5.2 cx=277.1689910888672
2025-11-24 17:04:28,783 - INFO - openpose - Gaze PUB: people=1, frame_idx=0
2025-11-24 17:04:28,972 - INFO - openpose - Gaze3D frame=0 id=None label=None v=[-0.384, -0.004, 0.923] yaw=-22.6 pitch=0.2 cx=277.1020278930664
2025-11-24 17:04:28,972 - INFO - openpose - Gaze PUB: people=1, frame_idx=0
2025-11-24 17:04:29,162 - INFO - openpose - Gaze3D frame=0 id=None label=None v=[-0.394, 0.178, 0.902] yaw=-23.6 pitch=-10.3 cx=277.6738739013672
2025-11-24 17:04:29,162 - INFO - openpose - Gaze PUB: people=1, frame_idx=0
2025-11-24 17:04:29,347 - INFO - openpose - Gaze3D frame=0 id=None label=None v=[-0.411, 0.201, 0.889] yaw=-24.8 pitch=-11.6 cx=278.3582000732422
2025-11-24 17:04:29,347 - INFO - openpose - Gaze PUB: people=1, frame_idx=0
2025-11-24 17:04:29,546 - INFO - openpose - Gaze3D frame=0 id=None label=None v=[-0.418, 0.212, 0.883] yaw=-25.3 pitch=-12.2 cx=278.8842239379883
2025-11-24 17:04:29,546 - INFO - openpose - Gaze PUB: people=1, frame_idx=0
2025-11-24 17:04:29,729 - INFO - openpose - Gaze3D frame=0 id=None label=None v=[-0.382, 0.210, 0.900] yaw=-23.0 pitch=-12.1 cx=278.3816223144531
2025-11-24 17:04:29,730 - INFO - openpose - Gaze PUB: people=1, frame_idx=0
2025-11-24 17:04:29,909 - INFO - openpose - Gaze3D frame=0 id=None label=None v=[-0.422, 0.065, 0.904] yaw=-25.0 pitch=-3.7 cx=279.1751480102539
2025-11-24 17:04:29,909 - INFO - openpose - Gaze PUB: people=1, frame_idx=0
2025-11-24 17:04:30,106 - INFO - openpose - Gaze3D frame=0 id=None label=None v=[-0.463, 0.086, 0.882] yaw=-27.7 pitch=-4.9 cx=279.6921691894531
2025-11-24 17:04:30,106 - INFO - openpose - Gaze PUB: people=1, frame_idx=0
2025-11-24 17:04:30,294 - INFO - openpose - Gaze3D frame=0 id=None label=None v=[-0.409, 0.266, 0.873] yaw=-25.1 pitch=-15.5 cx=279.8143310546875
2025-11-24 17:04:30,295 - INFO - openpose - Gaze PUB: people=1, frame_idx=0
2025-11-24 17:04:30,487 - INFO - openpose - Gaze3D frame=0 id=None label=None v=[-0.397, 0.284, 0.873] yaw=-24.5 pitch=-16.5 cx=280.3538284301758
2025-11-24 17:04:30,487 - INFO - openpose - Gaze PUB: people=1, frame_idx=0
2025-11-24 17:04:30,682 - INFO - openpose - Gaze3D frame=0 id=None label=None v=[-0.420, 0.243, 0.874] yaw=-25.6 pitch=-14.1 cx=279.81446075439453
2025-11-24 17:04:30,683 - INFO - openpose - Gaze PUB: people=1, frame_idx=0
2025-11-24 17:04:30,866 - INFO - openpose - Gaze3D frame=0 id=None label=None v=[-0.368, 0.335, 0.867] yaw=-23.0 pitch=-19.6 cx=279.8903503417969
2025-11-24 17:04:30,866 - INFO - openpose - Gaze PUB: people=1, frame_idx=0
2025-11-24 17:04:31,058 - INFO - openpose - Gaze3D frame=0 id=None label=None v=[-0.437, 0.218, 0.873] yaw=-26.6 pitch=-12.6 cx=279.54759216308594
2025-11-24 17:04:31,058 - INFO - openpose - Gaze PUB: people=1, frame_idx=0
2025-11-24 17:04:31,237 - INFO - openpose - Gaze3D frame=0 id=None label=None v=[-0.419, 0.133, 0.898] yaw=-25.0 pitch=-7.6 cx=279.93922424316406
2025-11-24 17:04:31,238 - INFO - openpose - Gaze PUB: people=1, frame_idx=0
2025-11-24 17:04:31,420 - INFO - openpose - Gaze3D frame=0 id=None label=None v=[-0.367, 0.300, 0.880] yaw=-22.6 pitch=-17.5 cx=280.3666305541992
2025-11-24 17:04:31,420 - INFO - openpose - Gaze PUB: people=1, frame_idx=0
2025-11-24 17:04:31,612 - INFO - openpose - Gaze3D frame=0 id=None label=None v=[-0.375, 0.368, 0.851] yaw=-23.8 pitch=-21.6 cx=280.5196533203125
2025-11-24 17:04:31,612 - INFO - openpose - Gaze PUB: people=1, frame_idx=0
2025-11-24 17:04:31,794 - INFO - openpose - Gaze3D frame=0 id=None label=None v=[-0.347, 0.348, 0.871] yaw=-21.7 pitch=-20.3 cx=281.01517486572266
2025-11-24 17:04:31,794 - INFO - openpose - Gaze PUB: people=1, frame_idx=0
2025-11-24 17:04:31,996 - INFO - openpose - Gaze3D frame=0 id=None label=None v=[-0.357, 0.457, 0.815] yaw=-23.7 pitch=-27.2 cx=281.38524627685547
2025-11-24 17:04:31,997 - INFO - openpose - Gaze PUB: people=1, frame_idx=0
2025-11-24 17:04:32,186 - INFO - openpose - Gaze3D frame=0 id=None label=None v=[-0.337, 0.402, 0.851] yaw=-21.6 pitch=-23.7 cx=281.0925750732422
2025-11-24 17:04:32,186 - INFO - openpose - Gaze PUB: people=1, frame_idx=0
2025-11-24 17:04:32,385 - INFO - openpose - Gaze3D frame=0 id=None label=None v=[-0.398, 0.442, 0.804] yaw=-26.4 pitch=-26.2 cx=281.41648864746094
2025-11-24 17:04:32,385 - INFO - openpose - Gaze PUB: people=1, frame_idx=0
2025-11-24 17:04:32,568 - INFO - openpose - Gaze3D frame=0 id=None label=None v=[-0.385, 0.355, 0.852] yaw=-24.3 pitch=-20.8 cx=280.3815002441406
2025-11-24 17:04:32,568 - INFO - openpose - Gaze PUB: people=1, frame_idx=0
2025-11-24 17:04:32,756 - INFO - openpose - Gaze3D frame=0 id=None label=None v=[-0.350, 0.385, 0.854] yaw=-22.3 pitch=-22.6 cx=279.8432159423828
2025-11-24 17:04:32,756 - INFO - openpose - Gaze PUB: people=1, frame_idx=0
2025-11-24 17:04:32,943 - INFO - openpose - Gaze3D frame=0 id=None label=None v=[-0.371, 0.323, 0.870] yaw=-23.1 pitch=-18.9 cx=280.3147506713867
2025-11-24 17:04:32,943 - INFO - openpose - Gaze PUB: people=1, frame_idx=0
2025-11-24 17:04:33,134 - INFO - openpose - Gaze3D frame=0 id=None label=None v=[-0.448, 0.290, 0.846] yaw=-27.9 pitch=-16.9 cx=280.5281066894531
2025-11-24 17:04:33,134 - INFO - openpose - Gaze PUB: people=1, frame_idx=0
2025-11-24 17:04:33,325 - INFO - openpose - Gaze3D frame=0 id=None label=None v=[-0.426, 0.414, 0.804] yaw=-27.9 pitch=-24.4 cx=281.38893127441406
2025-11-24 17:04:33,325 - INFO - openpose - Gaze PUB: people=1, frame_idx=0
2025-11-24 17:04:33,511 - INFO - openpose - Gaze3D frame=0 id=None label=None v=[-0.355, 0.452, 0.818] yaw=-23.5 pitch=-26.9 cx=281.58604431152344
2025-11-24 17:04:33,511 - INFO - openpose - Gaze PUB: people=1, frame_idx=0
2025-11-24 17:04:33,680 - INFO - openpose - Gaze3D frame=0 id=None label=None v=[-0.367, 0.498, 0.786] yaw=-25.0 pitch=-29.8 cx=281.33924865722656
2025-11-24 17:04:33,680 - INFO - openpose - Gaze PUB: people=1, frame_idx=0
2025-11-24 17:04:33,878 - INFO - openpose - Gaze3D frame=0 id=None label=None v=[-0.344, 0.480, 0.807] yaw=-23.1 pitch=-28.7 cx=281.0162353515625
2025-11-24 17:04:33,878 - INFO - openpose - Gaze PUB: people=1, frame_idx=0
2025-11-24 17:04:34,079 - INFO - openpose - Gaze3D frame=0 id=None label=None v=[-0.408, 0.382, 0.829] yaw=-26.2 pitch=-22.5 cx=280.50746154785156
2025-11-24 17:04:34,079 - INFO - openpose - Gaze PUB: people=1, frame_idx=0
2025-11-24 17:04:34,273 - INFO - openpose - Gaze3D frame=0 id=None label=None v=[-0.407, 0.087, 0.909] yaw=-24.1 pitch=-5.0 cx=280.3608703613281
2025-11-24 17:04:34,273 - INFO - openpose - Gaze PUB: people=1, frame_idx=0
2025-11-24 17:04:34,465 - INFO - openpose - Gaze3D frame=0 id=None label=None v=[-0.438, 0.078, 0.896] yaw=-26.0 pitch=-4.5 cx=280.3523254394531
2025-11-24 17:04:34,465 - INFO - openpose - Gaze PUB: people=1, frame_idx=0
2025-11-24 17:04:34,662 - INFO - openpose - Gaze3D frame=0 id=None label=None v=[-0.344, 0.431, 0.834] yaw=-22.4 pitch=-25.5 cx=280.15853118896484
2025-11-24 17:04:34,662 - INFO - openpose - Gaze PUB: people=1, frame_idx=0
2025-11-24 17:04:34,850 - INFO - openpose - Gaze3D frame=0 id=None label=None v=[-0.422, 0.352, 0.836] yaw=-26.8 pitch=-20.6 cx=280.30760192871094
2025-11-24 17:04:34,850 - INFO - openpose - Gaze PUB: people=1, frame_idx=0
2025-11-24 17:04:35,037 - INFO - openpose - Gaze3D frame=0 id=None label=None v=[-0.469, 0.330, 0.819] yaw=-29.8 pitch=-19.3 cx=280.29400634765625
2025-11-24 17:04:35,037 - INFO - openpose - Gaze PUB: people=1, frame_idx=0
2025-11-24 17:04:35,229 - INFO - openpose - Gaze3D frame=0 id=None label=None v=[-0.345, 0.323, 0.881] yaw=-21.4 pitch=-18.8 cx=279.9231719970703
2025-11-24 17:04:35,229 - INFO - openpose - Gaze PUB: people=1, frame_idx=0
2025-11-24 17:04:35,419 - INFO - openpose - Gaze3D frame=0 id=None label=None v=[-0.477, 0.130, 0.869] yaw=-28.7 pitch=-7.5 cx=279.1893539428711
2025-11-24 17:04:35,419 - INFO - openpose - Gaze PUB: people=1, frame_idx=0
2025-11-24 17:04:35,607 - INFO - openpose - Gaze3D frame=0 id=None label=None v=[-0.514, -0.047, 0.856] yaw=-31.0 pitch=2.7 cx=278.2871398925781
2025-11-24 17:04:35,607 - INFO - openpose - Gaze PUB: people=1, frame_idx=0
