2025-11-25 15:16:44,558 - INFO - openpose - OpenPose server started and bound to tcp://*:5555
2025-11-25 15:16:44,559 - INFO - openpose - OpenPose server started and bound to tcp://*:5556
2025-11-25 15:16:44,571 - INFO - openpose - Starting OpenPose
2025-11-25 15:16:45,369 - INFO - openpose - OpenPose initialized - waiting for turn_order
2025-11-25 15:16:59,544 - INFO - openpose - Message received: ybypbpbpy

2025-11-25 15:17:00,330 - INFO - openpose - Gaze3D frame=0 id=left label=Left person v=[-0.175, -0.138, 0.975] yaw=-10.2 pitch=7.9 cx=13.989723205566406
2025-11-25 15:17:00,330 - INFO - openpose - Gaze3D frame=0 id=right label=Right person v=[-0.245, -0.013, 0.969] yaw=-14.2 pitch=0.8 cx=386.1015167236328
2025-11-25 15:17:00,330 - INFO - openpose - Gaze PUB: people=2, frame_idx=0
2025-11-25 15:17:00,331 - INFO - openpose - Robot's turn detected
2025-11-25 15:17:00,768 - INFO - openpose - Gaze3D frame=4 id=left label=Left person v=[-0.053, 0.029, 0.998] yaw=-3.0 pitch=-1.6 cx=23.47977352142334
2025-11-25 15:17:00,769 - INFO - openpose - Gaze3D frame=4 id=right label=Right person v=[-0.287, -0.256, 0.923] yaw=-17.3 pitch=14.8 cx=383.85301208496094
2025-11-25 15:17:00,769 - INFO - openpose - Gaze PUB: people=2, frame_idx=4
2025-11-25 15:17:01,221 - INFO - openpose - Gaze3D frame=8 id=left label=Left person v=[-0.222, -0.051, 0.974] yaw=-12.9 pitch=2.9 cx=97.17822647094727
2025-11-25 15:17:01,221 - INFO - openpose - Gaze3D frame=8 id=right label=Right person v=[-0.201, -0.176, 0.964] yaw=-11.8 pitch=10.1 cx=383.94068908691406
2025-11-25 15:17:01,221 - INFO - openpose - Gaze PUB: people=2, frame_idx=8
2025-11-25 15:17:01,681 - INFO - openpose - Gaze3D frame=12 id=left label=Left person v=[-0.031, 0.093, 0.995] yaw=-1.8 pitch=-5.3 cx=192.83432006835938
2025-11-25 15:17:01,681 - INFO - openpose - Gaze3D frame=12 id=right label=Right person v=[-0.184, -0.114, 0.976] yaw=-10.7 pitch=6.5 cx=385.5377197265625
2025-11-25 15:17:01,681 - INFO - openpose - Gaze PUB: people=2, frame_idx=12
2025-11-25 15:17:02,136 - INFO - openpose - Gaze3D frame=16 id=left label=Left person v=[-0.258, 0.031, 0.966] yaw=-15.0 pitch=-1.8 cx=226.15040588378906
2025-11-25 15:17:02,136 - INFO - openpose - Gaze3D frame=16 id=right label=Right person v=[-0.309, -0.142, 0.940] yaw=-18.2 pitch=8.2 cx=385.9126892089844
2025-11-25 15:17:02,136 - INFO - openpose - Gaze PUB: people=2, frame_idx=16
2025-11-25 15:17:02,574 - INFO - openpose - Gaze3D frame=20 id=left label=Left person v=[-0.068, 0.456, 0.888] yaw=-4.4 pitch=-27.1 cx=209.5489959716797
2025-11-25 15:17:02,574 - INFO - openpose - Gaze3D frame=20 id=right label=Right person v=[-0.242, -0.350, 0.905] yaw=-15.0 pitch=20.5 cx=385.9779052734375
2025-11-25 15:17:02,574 - INFO - openpose - Gaze PUB: people=2, frame_idx=20
2025-11-25 15:17:03,001 - INFO - openpose - Gaze3D frame=24 id=left label=Left person v=[-0.223, 0.513, 0.829] yaw=-15.1 pitch=-30.8 cx=208.09162139892578
2025-11-25 15:17:03,001 - INFO - openpose - Gaze3D frame=24 id=right label=Right person v=[-0.286, -0.299, 0.910] yaw=-17.4 pitch=17.4 cx=385.8146514892578
2025-11-25 15:17:03,001 - INFO - openpose - Gaze PUB: people=2, frame_idx=24
2025-11-25 15:17:03,443 - INFO - openpose - Gaze3D frame=28 id=left label=Left person v=[-0.137, -0.029, 0.990] yaw=-7.9 pitch=1.7 cx=228.89171600341797
2025-11-25 15:17:03,443 - INFO - openpose - Gaze3D frame=28 id=right label=Right person v=[-0.239, -0.274, 0.931] yaw=-14.4 pitch=15.9 cx=385.27574157714844
2025-11-25 15:17:03,443 - INFO - openpose - Gaze PUB: people=2, frame_idx=28
2025-11-25 15:17:03,891 - INFO - openpose - Gaze3D frame=32 id=left label=Left person v=[-0.062, 0.144, 0.988] yaw=-3.6 pitch=-8.3 cx=223.27359008789062
2025-11-25 15:17:03,892 - INFO - openpose - Gaze3D frame=32 id=right label=Right person v=[-0.329, -0.136, 0.934] yaw=-19.4 pitch=7.8 cx=384.5663146972656
2025-11-25 15:17:03,892 - INFO - openpose - Gaze PUB: people=2, frame_idx=32
2025-11-25 15:17:04,415 - INFO - openpose - Gaze3D frame=36 id=left label=Left person v=[0.039, -0.065, 0.997] yaw=2.2 pitch=3.7 cx=192.8288803100586
2025-11-25 15:17:04,415 - INFO - openpose - Gaze3D frame=36 id=right label=Right person v=[-0.455, 0.064, 0.888] yaw=-27.1 pitch=-3.7 cx=386.8470001220703
2025-11-25 15:17:04,415 - INFO - openpose - Gaze3D frame=36 id=right label=Right person v=[-0.001, -0.592, 0.806] yaw=-0.1 pitch=36.3 cx=362.51593017578125
2025-11-25 15:17:04,415 - INFO - openpose - Gaze PUB: people=3, frame_idx=36
2025-11-25 15:17:04,964 - INFO - openpose - Gaze3D frame=40 id=left label=Left person v=[-0.030, -0.048, 0.998] yaw=-1.7 pitch=2.7 cx=208.30550384521484
2025-11-25 15:17:04,964 - INFO - openpose - Gaze3D frame=40 id=right label=Right person v=[-0.304, -0.172, 0.937] yaw=-18.0 pitch=9.9 cx=466.6515808105469
2025-11-25 15:17:04,964 - INFO - openpose - Gaze3D frame=40 id=right label=Right person v=[-0.070, -0.778, 0.625] yaw=-6.4 pitch=51.0 cx=340.9211120605469
2025-11-25 15:17:04,964 - INFO - openpose - Gaze PUB: people=3, frame_idx=40
2025-11-25 15:17:05,486 - INFO - openpose - Gaze3D frame=44 id=left label=Left person v=[-0.238, -0.077, 0.968] yaw=-13.8 pitch=4.4 cx=201.4197998046875
2025-11-25 15:17:05,486 - INFO - openpose - Gaze3D frame=44 id=left label=Left person v=[-0.141, -0.745, 0.652] yaw=-12.2 pitch=48.2 cx=316.21717834472656
2025-11-25 15:17:05,486 - INFO - openpose - Gaze3D frame=44 id=right label=Right person v=[-0.312, -0.590, 0.745] yaw=-22.7 pitch=36.1 cx=478.92079162597656
2025-11-25 15:17:05,486 - INFO - openpose - Gaze PUB: people=3, frame_idx=44
2025-11-25 15:17:05,897 - INFO - openpose - Gaze3D frame=48 id=left label=Left person v=[-0.252, -0.116, 0.961] yaw=-14.7 pitch=6.7 cx=202.04212188720703
2025-11-25 15:17:05,897 - INFO - openpose - Gaze3D frame=48 id=right label=Right person v=[-0.301, -0.128, 0.945] yaw=-17.7 pitch=7.3 cx=442.0843048095703
2025-11-25 15:17:05,897 - INFO - openpose - Gaze PUB: people=2, frame_idx=48
2025-11-25 15:17:06,318 - INFO - openpose - Gaze3D frame=52 id=left label=Left person v=[-0.264, -0.090, 0.960] yaw=-15.4 pitch=5.2 cx=202.30776977539062
2025-11-25 15:17:06,319 - INFO - openpose - Gaze3D frame=52 id=right label=Right person v=[-0.536, -0.208, 0.818] yaw=-33.2 pitch=12.0 cx=427.21551513671875
2025-11-25 15:17:06,326 - INFO - openpose - Gaze PUB: people=2, frame_idx=52
2025-11-25 15:17:06,739 - INFO - openpose - Gaze3D frame=56 id=left label=Left person v=[-0.258, -0.045, 0.965] yaw=-14.9 pitch=2.6 cx=202.43487548828125
2025-11-25 15:17:06,739 - INFO - openpose - Gaze3D frame=56 id=right label=Right person v=[-0.561, -0.374, 0.739] yaw=-37.2 pitch=21.9 cx=415.1782989501953
2025-11-25 15:17:06,739 - INFO - openpose - Gaze PUB: people=2, frame_idx=56
2025-11-25 15:17:07,191 - INFO - openpose - Gaze3D frame=60 id=left label=Left person v=[-0.252, 0.012, 0.968] yaw=-14.6 pitch=-0.7 cx=204.33135986328125
2025-11-25 15:17:07,192 - INFO - openpose - Gaze3D frame=60 id=right label=Right person v=[-0.597, -0.368, 0.713] yaw=-39.9 pitch=21.6 cx=420.5420227050781
2025-11-25 15:17:07,192 - INFO - openpose - Gaze PUB: people=2, frame_idx=60
2025-11-25 15:17:07,629 - INFO - openpose - Gaze3D frame=64 id=left label=Left person v=[-0.338, 0.086, 0.937] yaw=-19.8 pitch=-4.9 cx=206.87548828125
2025-11-25 15:17:07,629 - INFO - openpose - Gaze3D frame=64 id=right label=Right person v=[-0.493, -0.526, 0.694] yaw=-35.4 pitch=31.7 cx=420.5541687011719
2025-11-25 15:17:07,629 - INFO - openpose - Gaze PUB: people=2, frame_idx=64
2025-11-25 15:17:08,026 - INFO - openpose - Gaze3D frame=68 id=left label=Left person v=[-0.215, -0.001, 0.977] yaw=-12.4 pitch=0.0 cx=207.688232421875
2025-11-25 15:17:08,026 - INFO - openpose - Gaze3D frame=68 id=right label=Right person v=[-0.592, -0.423, 0.685] yaw=-40.8 pitch=25.0 cx=423.0023193359375
2025-11-25 15:17:08,026 - INFO - openpose - Gaze PUB: people=2, frame_idx=68
2025-11-25 15:17:08,469 - INFO - openpose - Gaze3D frame=72 id=left label=Left person v=[-0.205, 0.124, 0.971] yaw=-12.0 pitch=-7.1 cx=207.43377685546875
2025-11-25 15:17:08,469 - INFO - openpose - Gaze3D frame=72 id=right label=Right person v=[-0.434, -0.672, 0.600] yaw=-35.9 pitch=42.2 cx=423.6675109863281
2025-11-25 15:17:08,469 - INFO - openpose - Gaze PUB: people=2, frame_idx=72
2025-11-25 15:17:08,917 - INFO - openpose - Gaze3D frame=76 id=left label=Left person v=[-0.261, 0.060, 0.964] yaw=-15.1 pitch=-3.5 cx=208.3572006225586
2025-11-25 15:17:08,917 - INFO - openpose - Gaze3D frame=76 id=right label=Right person v=[-0.486, -0.533, 0.693] yaw=-35.0 pitch=32.2 cx=420.6939392089844
2025-11-25 15:17:08,917 - INFO - openpose - Gaze PUB: people=2, frame_idx=76
2025-11-25 15:17:09,389 - INFO - openpose - Gaze3D frame=80 id=left label=Left person v=[-0.246, 0.123, 0.961] yaw=-14.3 pitch=-7.1 cx=208.98629760742188
2025-11-25 15:17:09,389 - INFO - openpose - Gaze3D frame=80 id=right label=Right person v=[-0.627, 0.037, 0.778] yaw=-38.9 pitch=-2.1 cx=419.5401611328125
2025-11-25 15:17:09,389 - INFO - openpose - Gaze PUB: people=2, frame_idx=80
2025-11-25 15:17:09,837 - INFO - openpose - Gaze3D frame=84 id=left label=Left person v=[-0.233, 0.094, 0.968] yaw=-13.5 pitch=-5.4 cx=209.33111572265625
2025-11-25 15:17:09,837 - INFO - openpose - Gaze3D frame=84 id=right label=Right person v=[-0.602, -0.043, 0.798] yaw=-37.0 pitch=2.5 cx=420.3884735107422
2025-11-25 15:17:09,837 - INFO - openpose - Gaze PUB: people=2, frame_idx=84
2025-11-25 15:17:10,292 - INFO - openpose - Gaze3D frame=88 id=left label=Left person v=[-0.206, 0.074, 0.976] yaw=-11.9 pitch=-4.2 cx=209.26193237304688
2025-11-25 15:17:10,292 - INFO - openpose - Gaze3D frame=88 id=right label=Right person v=[-0.645, -0.314, 0.697] yaw=-42.8 pitch=18.3 cx=420.36878967285156
2025-11-25 15:17:10,293 - INFO - openpose - Gaze PUB: people=2, frame_idx=88
2025-11-25 15:17:10,727 - INFO - openpose - Gaze3D frame=92 id=left label=Left person v=[-0.236, -0.094, 0.967] yaw=-13.7 pitch=5.4 cx=209.3998565673828
2025-11-25 15:17:10,727 - INFO - openpose - Gaze3D frame=92 id=right label=Right person v=[-0.640, -0.108, 0.761] yaw=-40.1 pitch=6.2 cx=419.8281707763672
2025-11-25 15:17:10,727 - INFO - openpose - Gaze PUB: people=2, frame_idx=92
2025-11-25 15:17:11,177 - INFO - openpose - Gaze3D frame=96 id=left label=Left person v=[-0.226, 0.030, 0.974] yaw=-13.1 pitch=-1.7 cx=209.27487182617188
2025-11-25 15:17:11,177 - INFO - openpose - Gaze3D frame=96 id=right label=Right person v=[-0.504, -0.415, 0.757] yaw=-33.6 pitch=24.5 cx=428.3580017089844
2025-11-25 15:17:11,177 - INFO - openpose - Gaze PUB: people=2, frame_idx=96
2025-11-25 15:17:11,638 - INFO - openpose - Gaze3D frame=100 id=left label=Left person v=[-0.170, -0.008, 0.985] yaw=-9.8 pitch=0.4 cx=208.38121032714844
2025-11-25 15:17:11,638 - INFO - openpose - Gaze3D frame=100 id=right label=Right person v=[-0.271, -0.721, 0.638] yaw=-23.0 pitch=46.2 cx=505.8554992675781
2025-11-25 15:17:11,646 - INFO - openpose - Gaze PUB: people=2, frame_idx=100
2025-11-25 15:17:12,103 - INFO - openpose - Gaze3D frame=104 id=left label=Left person v=[-0.085, 0.024, 0.996] yaw=-4.9 pitch=-1.3 cx=207.48905181884766
2025-11-25 15:17:12,103 - INFO - openpose - Gaze3D frame=104 id=right label=Right person v=[-0.371, -0.623, 0.689] yaw=-28.3 pitch=38.5 cx=555.0846862792969
2025-11-25 15:17:12,103 - INFO - openpose - Gaze PUB: people=2, frame_idx=104
2025-11-25 15:17:12,557 - INFO - openpose - Gaze3D frame=108 id=left label=Left person v=[-0.150, 0.072, 0.986] yaw=-8.6 pitch=-4.1 cx=207.02740478515625
2025-11-25 15:17:12,557 - INFO - openpose - Gaze3D frame=108 id=right label=Right person v=[-0.287, -0.781, 0.555] yaw=-27.4 pitch=51.3 cx=511.304443359375
2025-11-25 15:17:12,557 - INFO - openpose - Gaze PUB: people=2, frame_idx=108
2025-11-25 15:17:13,013 - INFO - openpose - Gaze3D frame=112 id=left label=Left person v=[-0.082, 0.083, 0.993] yaw=-4.7 pitch=-4.7 cx=206.88916778564453
2025-11-25 15:17:13,014 - INFO - openpose - Gaze3D frame=112 id=right label=Right person v=[-0.337, -0.573, 0.747] yaw=-24.2 pitch=34.9 cx=470.224609375
2025-11-25 15:17:13,014 - INFO - openpose - Gaze PUB: people=2, frame_idx=112
2025-11-25 15:17:13,465 - INFO - openpose - Gaze3D frame=116 id=left label=Left person v=[-0.160, 0.143, 0.977] yaw=-9.3 pitch=-8.2 cx=206.94300079345703
2025-11-25 15:17:13,465 - INFO - openpose - Gaze3D frame=116 id=right label=Right person v=[-0.191, -0.438, 0.878] yaw=-12.3 pitch=26.0 cx=454.7715606689453
2025-11-25 15:17:13,465 - INFO - openpose - Gaze PUB: people=2, frame_idx=116
2025-11-25 15:17:13,904 - INFO - openpose - Gaze3D frame=120 id=left label=Left person v=[-0.163, -0.047, 0.986] yaw=-9.4 pitch=2.7 cx=206.92715454101562
2025-11-25 15:17:13,904 - INFO - openpose - Gaze3D frame=120 id=right label=Right person v=[-0.122, -0.553, 0.824] yaw=-8.4 pitch=33.6 cx=408.31346130371094
2025-11-25 15:17:13,904 - INFO - openpose - Gaze PUB: people=2, frame_idx=120
2025-11-25 15:17:14,342 - INFO - openpose - Gaze3D frame=124 id=left label=Left person v=[-0.118, 0.067, 0.991] yaw=-6.8 pitch=-3.8 cx=207.09590911865234
2025-11-25 15:17:14,342 - INFO - openpose - Gaze3D frame=124 id=right label=Right person v=[-0.028, -0.375, 0.926] yaw=-1.8 pitch=22.1 cx=378.5087432861328
2025-11-25 15:17:14,342 - INFO - openpose - Gaze PUB: people=2, frame_idx=124
2025-11-25 15:17:14,773 - INFO - openpose - Gaze3D frame=128 id=left label=Left person v=[-0.077, 0.144, 0.987] yaw=-4.5 pitch=-8.3 cx=206.5706024169922
2025-11-25 15:17:14,773 - INFO - openpose - Gaze3D frame=128 id=right label=Right person v=[-0.079, -0.271, 0.959] yaw=-4.7 pitch=15.7 cx=378.93109130859375
2025-11-25 15:17:14,773 - INFO - openpose - Gaze PUB: people=2, frame_idx=128
2025-11-25 15:17:15,210 - INFO - openpose - Gaze3D frame=132 id=left label=Left person v=[-0.065, 0.146, 0.987] yaw=-3.8 pitch=-8.4 cx=205.44705200195312
2025-11-25 15:17:15,210 - INFO - openpose - Gaze3D frame=132 id=right label=Right person v=[-0.040, -0.416, 0.908] yaw=-2.5 pitch=24.6 cx=381.1815643310547
2025-11-25 15:17:15,210 - INFO - openpose - Gaze PUB: people=2, frame_idx=132
2025-11-25 15:17:15,659 - INFO - openpose - Gaze3D frame=136 id=left label=Left person v=[-0.136, 0.373, 0.918] yaw=-8.4 pitch=-21.9 cx=206.75564575195312
2025-11-25 15:17:15,659 - INFO - openpose - Gaze3D frame=136 id=right label=Right person v=[-0.200, -0.402, 0.893] yaw=-12.6 pitch=23.7 cx=384.5284423828125
2025-11-25 15:17:15,659 - INFO - openpose - Gaze PUB: people=2, frame_idx=136
2025-11-25 15:17:16,130 - INFO - openpose - Gaze3D frame=140 id=left label=Left person v=[-0.260, 0.351, 0.900] yaw=-16.1 pitch=-20.5 cx=210.85731506347656
2025-11-25 15:17:16,130 - INFO - openpose - Gaze3D frame=140 id=right label=Right person v=[-0.197, -0.042, 0.979] yaw=-11.4 pitch=2.4 cx=393.23883056640625
2025-11-25 15:17:16,131 - INFO - openpose - Gaze PUB: people=2, frame_idx=140
2025-11-25 15:17:16,537 - INFO - openpose - Gaze3D frame=144 id=left label=Left person v=[-0.083, 0.190, 0.978] yaw=-4.9 pitch=-11.0 cx=206.43009185791016
2025-11-25 15:17:16,537 - INFO - openpose - Gaze3D frame=144 id=right label=Right person v=[-0.177, 0.047, 0.983] yaw=-10.2 pitch=-2.7 cx=409.5761413574219
2025-11-25 15:17:16,538 - INFO - openpose - Gaze PUB: people=2, frame_idx=144
2025-11-25 15:17:16,965 - INFO - openpose - Gaze3D frame=148 id=left label=Left person v=[-0.167, 0.229, 0.959] yaw=-9.9 pitch=-13.3 cx=202.08213806152344
2025-11-25 15:17:16,965 - INFO - openpose - Gaze3D frame=148 id=right label=Right person v=[-0.176, 0.072, 0.982] yaw=-10.2 pitch=-4.1 cx=419.71142578125
2025-11-25 15:17:16,973 - INFO - openpose - Gaze PUB: people=2, frame_idx=148
2025-11-25 15:17:17,430 - INFO - openpose - Gaze3D frame=152 id=left label=Left person v=[-0.229, 0.109, 0.967] yaw=-13.3 pitch=-6.2 cx=200.76598358154297
2025-11-25 15:17:17,430 - INFO - openpose - Gaze3D frame=152 id=right label=Right person v=[-0.232, 0.040, 0.972] yaw=-13.4 pitch=-2.3 cx=399.3522033691406
2025-11-25 15:17:17,430 - INFO - openpose - Gaze PUB: people=2, frame_idx=152
2025-11-25 15:17:17,881 - INFO - openpose - Gaze3D frame=156 id=left label=Left person v=[-0.194, 0.018, 0.981] yaw=-11.2 pitch=-1.0 cx=200.57345581054688
2025-11-25 15:17:17,881 - INFO - openpose - Gaze3D frame=156 id=right label=Right person v=[-0.396, -0.042, 0.917] yaw=-23.4 pitch=2.4 cx=356.9699401855469
2025-11-25 15:17:17,881 - INFO - openpose - Gaze PUB: people=2, frame_idx=156
2025-11-25 15:17:18,307 - INFO - openpose - Gaze3D frame=160 id=left label=Left person v=[-0.152, 0.209, 0.966] yaw=-8.9 pitch=-12.1 cx=200.67933654785156
2025-11-25 15:17:18,307 - INFO - openpose - Gaze3D frame=160 id=right label=Right person v=[-0.564, 0.016, 0.826] yaw=-34.3 pitch=-0.9 cx=343.2760772705078
2025-11-25 15:17:18,307 - INFO - openpose - Gaze PUB: people=2, frame_idx=160
2025-11-25 15:17:18,711 - INFO - openpose - Gaze3D frame=164 id=left label=Left person v=[-0.209, 0.032, 0.977] yaw=-12.0 pitch=-1.8 cx=200.61672973632812
2025-11-25 15:17:18,712 - INFO - openpose - Gaze3D frame=164 id=right label=Right person v=[-0.467, -0.106, 0.878] yaw=-28.0 pitch=6.1 cx=345.2078857421875
2025-11-25 15:17:18,712 - INFO - openpose - Gaze PUB: people=2, frame_idx=164
2025-11-25 15:17:19,145 - INFO - openpose - Gaze3D frame=168 id=left label=Left person v=[-0.176, -0.093, 0.980] yaw=-10.2 pitch=5.3 cx=201.04820251464844
2025-11-25 15:17:19,145 - INFO - openpose - Gaze3D frame=168 id=right label=Right person v=[-0.452, -0.135, 0.882] yaw=-27.2 pitch=7.7 cx=346.63818359375
2025-11-25 15:17:19,145 - INFO - openpose - Gaze PUB: people=2, frame_idx=168
2025-11-25 15:17:19,544 - INFO - openpose - Gaze3D frame=172 id=left label=Left person v=[0.077, -0.031, 0.997] yaw=4.4 pitch=1.8 cx=202.5821075439453
2025-11-25 15:17:19,545 - INFO - openpose - Gaze3D frame=172 id=right label=Right person v=[-0.524, -0.173, 0.834] yaw=-32.1 pitch=9.9 cx=345.2049865722656
2025-11-25 15:17:19,545 - INFO - openpose - Gaze PUB: people=2, frame_idx=172
2025-11-25 15:17:19,977 - INFO - openpose - Gaze3D frame=176 id=left label=Left person v=[0.230, 0.046, 0.972] yaw=13.3 pitch=-2.6 cx=202.94773864746094
2025-11-25 15:17:19,977 - INFO - openpose - Gaze3D frame=176 id=right label=Right person v=[0.063, -0.027, 0.998] yaw=3.6 pitch=1.5 cx=353.23992919921875
2025-11-25 15:17:19,977 - INFO - openpose - Gaze PUB: people=2, frame_idx=176
2025-11-25 15:17:20,407 - INFO - openpose - Gaze3D frame=180 id=left label=Left person v=[-0.008, 0.148, 0.989] yaw=-0.5 pitch=-8.5 cx=203.74794006347656
2025-11-25 15:17:20,407 - INFO - openpose - Gaze3D frame=180 id=right label=Right person v=[0.170, 0.093, 0.981] yaw=9.8 pitch=-5.3 cx=369.4623107910156
2025-11-25 15:17:20,407 - INFO - openpose - Gaze PUB: people=2, frame_idx=180
2025-11-25 15:17:20,822 - INFO - openpose - Gaze3D frame=184 id=left label=Left person v=[-0.133, 0.190, 0.973] yaw=-7.8 pitch=-10.9 cx=205.60694885253906
2025-11-25 15:17:20,822 - INFO - openpose - Gaze3D frame=184 id=right label=Right person v=[-0.252, -0.012, 0.968] yaw=-14.6 pitch=0.7 cx=370.29771423339844
2025-11-25 15:17:20,822 - INFO - openpose - Gaze PUB: people=2, frame_idx=184
2025-11-25 15:17:21,245 - INFO - openpose - Gaze3D frame=188 id=left label=Left person v=[-0.122, 0.335, 0.934] yaw=-7.4 pitch=-19.6 cx=206.9330291748047
2025-11-25 15:17:21,245 - INFO - openpose - Gaze3D frame=188 id=right label=Right person v=[-0.349, -0.725, 0.594] yaw=-30.4 pitch=46.5 cx=361.19544982910156
2025-11-25 15:17:21,245 - INFO - openpose - Gaze PUB: people=2, frame_idx=188
2025-11-25 15:17:21,689 - INFO - openpose - Gaze3D frame=192 id=left label=Left person v=[-0.148, 0.145, 0.978] yaw=-8.6 pitch=-8.4 cx=207.01099395751953
2025-11-25 15:17:21,689 - INFO - openpose - Gaze3D frame=192 id=right label=Right person v=[-0.398, -0.209, 0.893] yaw=-24.0 pitch=12.1 cx=356.0592346191406
2025-11-25 15:17:21,689 - INFO - openpose - Gaze PUB: people=2, frame_idx=192
2025-11-25 15:17:22,130 - INFO - openpose - Gaze3D frame=196 id=left label=Left person v=[-0.250, 0.085, 0.965] yaw=-14.5 pitch=-4.9 cx=206.58911895751953
2025-11-25 15:17:22,130 - INFO - openpose - Gaze3D frame=196 id=right label=Right person v=[-0.408, -0.147, 0.901] yaw=-24.3 pitch=8.5 cx=356.1777648925781
2025-11-25 15:17:22,130 - INFO - openpose - Gaze PUB: people=2, frame_idx=196
2025-11-25 15:17:22,571 - INFO - openpose - Gaze3D frame=200 id=left label=Left person v=[-0.183, 0.177, 0.967] yaw=-10.7 pitch=-10.2 cx=207.52086639404297
2025-11-25 15:17:22,571 - INFO - openpose - Gaze3D frame=200 id=right label=Right person v=[0.227, 0.018, 0.974] yaw=13.1 pitch=-1.0 cx=366.60968017578125
2025-11-25 15:17:22,571 - INFO - openpose - Gaze PUB: people=2, frame_idx=200
2025-11-25 15:17:23,012 - INFO - openpose - Gaze3D frame=204 id=left label=Left person v=[-0.000, 0.126, 0.992] yaw=-0.0 pitch=-7.2 cx=206.91677856445312
2025-11-25 15:17:23,012 - INFO - openpose - Gaze3D frame=204 id=right label=Right person v=[-0.384, 0.234, 0.893] yaw=-23.3 pitch=-13.5 cx=367.79345703125
2025-11-25 15:17:23,012 - INFO - openpose - Gaze PUB: people=2, frame_idx=204
2025-11-25 15:17:23,408 - INFO - openpose - Gaze3D frame=208 id=left label=Left person v=[-0.148, 0.296, 0.944] yaw=-8.9 pitch=-17.2 cx=208.6999282836914
2025-11-25 15:17:23,408 - INFO - openpose - Gaze3D frame=208 id=right label=Right person v=[-0.376, -0.174, 0.910] yaw=-22.5 pitch=10.0 cx=359.6684875488281
2025-11-25 15:17:23,409 - INFO - openpose - Gaze PUB: people=2, frame_idx=208
2025-11-25 15:17:23,821 - INFO - openpose - Gaze3D frame=212 id=left label=Left person v=[-0.240, 0.550, 0.800] yaw=-16.7 pitch=-33.3 cx=211.77919006347656
2025-11-25 15:17:23,821 - INFO - openpose - Gaze3D frame=212 id=right label=Right person v=[-0.411, -0.096, 0.907] yaw=-24.4 pitch=5.5 cx=360.7298278808594
2025-11-25 15:17:23,821 - INFO - openpose - Gaze PUB: people=2, frame_idx=212
2025-11-25 15:17:24,262 - INFO - openpose - Gaze3D frame=216 id=left label=Left person v=[-0.197, 0.256, 0.946] yaw=-11.8 pitch=-14.9 cx=210.8982696533203
2025-11-25 15:17:24,262 - INFO - openpose - Gaze3D frame=216 id=right label=Right person v=[-0.473, 0.010, 0.881] yaw=-28.2 pitch=-0.6 cx=371.01995849609375
2025-11-25 15:17:24,262 - INFO - openpose - Gaze PUB: people=2, frame_idx=216
2025-11-25 15:17:24,690 - INFO - openpose - Gaze3D frame=220 id=left label=Left person v=[-0.158, 0.170, 0.973] yaw=-9.2 pitch=-9.8 cx=206.8935775756836
2025-11-25 15:17:24,691 - INFO - openpose - Gaze3D frame=220 id=right label=Right person v=[-0.522, 0.050, 0.851] yaw=-31.5 pitch=-2.8 cx=379.37847900390625
2025-11-25 15:17:24,691 - INFO - openpose - Gaze PUB: people=2, frame_idx=220
2025-11-25 15:17:25,130 - INFO - openpose - Gaze3D frame=224 id=left label=Left person v=[-0.207, 0.131, 0.969] yaw=-12.1 pitch=-7.6 cx=206.9884033203125
2025-11-25 15:17:25,130 - INFO - openpose - Gaze3D frame=224 id=right label=Right person v=[-0.563, 0.146, 0.814] yaw=-34.7 pitch=-8.4 cx=385.70973205566406
2025-11-25 15:17:25,130 - INFO - openpose - Gaze PUB: people=2, frame_idx=224
2025-11-25 15:17:25,549 - INFO - openpose - Gaze3D frame=228 id=left label=Left person v=[-0.157, 0.043, 0.987] yaw=-9.0 pitch=-2.5 cx=206.10626220703125
2025-11-25 15:17:25,549 - INFO - openpose - Gaze3D frame=228 id=right label=Right person v=[-0.336, -0.596, 0.729] yaw=-24.7 pitch=36.6 cx=389.0800018310547
2025-11-25 15:17:25,549 - INFO - openpose - Gaze PUB: people=2, frame_idx=228
2025-11-25 15:17:25,989 - INFO - openpose - Gaze3D frame=232 id=left label=Left person v=[-0.196, 0.142, 0.970] yaw=-11.4 pitch=-8.1 cx=204.89290618896484
2025-11-25 15:17:25,989 - INFO - openpose - Gaze3D frame=232 id=right label=Right person v=[-0.313, -0.614, 0.725] yaw=-23.4 pitch=37.9 cx=388.59815979003906
2025-11-25 15:17:25,989 - INFO - openpose - Gaze PUB: people=2, frame_idx=232
2025-11-25 15:17:26,412 - INFO - openpose - Gaze3D frame=236 id=left label=Left person v=[-0.195, 0.271, 0.943] yaw=-11.7 pitch=-15.7 cx=204.27657318115234
2025-11-25 15:17:26,413 - INFO - openpose - Gaze3D frame=236 id=right label=Right person v=[-0.256, -0.799, 0.543] yaw=-25.3 pitch=53.1 cx=383.6837158203125
2025-11-25 15:17:26,413 - INFO - openpose - Gaze PUB: people=2, frame_idx=236
2025-11-25 15:17:26,865 - INFO - openpose - Gaze3D frame=240 id=left label=Left person v=[-0.096, 0.108, 0.990] yaw=-5.5 pitch=-6.2 cx=204.45475006103516
2025-11-25 15:17:26,866 - INFO - openpose - Gaze3D frame=240 id=right label=Right person v=[-0.314, -0.623, 0.716] yaw=-23.7 pitch=38.6 cx=384.1060333251953
2025-11-25 15:17:26,866 - INFO - openpose - Gaze PUB: people=2, frame_idx=240
2025-11-25 15:17:27,314 - INFO - openpose - Gaze3D frame=244 id=left label=Left person v=[-0.261, -0.003, 0.965] yaw=-15.1 pitch=0.2 cx=204.76277923583984
2025-11-25 15:17:27,314 - INFO - openpose - Gaze3D frame=244 id=right label=Right person v=[-0.267, -0.694, 0.669] yaw=-21.7 pitch=43.9 cx=386.6167449951172
2025-11-25 15:17:27,314 - INFO - openpose - Gaze PUB: people=2, frame_idx=244
2025-11-25 15:17:27,756 - INFO - openpose - Gaze3D frame=248 id=left label=Left person v=[-0.201, 0.142, 0.969] yaw=-11.7 pitch=-8.2 cx=205.08746337890625
2025-11-25 15:17:27,756 - INFO - openpose - Gaze3D frame=248 id=right label=Right person v=[-0.165, -0.217, 0.962] yaw=-9.7 pitch=12.5 cx=395.4318389892578
2025-11-25 15:17:27,756 - INFO - openpose - Gaze PUB: people=2, frame_idx=248
2025-11-25 15:17:28,178 - INFO - openpose - Gaze3D frame=252 id=left label=Left person v=[-0.145, -0.103, 0.984] yaw=-8.4 pitch=5.9 cx=204.98873901367188
2025-11-25 15:17:28,178 - INFO - openpose - Gaze3D frame=252 id=right label=Right person v=[-0.096, -0.225, 0.970] yaw=-5.7 pitch=13.0 cx=398.76611328125
2025-11-25 15:17:28,178 - INFO - openpose - Gaze PUB: people=2, frame_idx=252
2025-11-25 15:17:28,589 - INFO - openpose - Gaze3D frame=256 id=left label=Left person v=[-0.163, 0.092, 0.982] yaw=-9.4 pitch=-5.3 cx=205.14334106445312
2025-11-25 15:17:28,589 - INFO - openpose - Gaze3D frame=256 id=right label=Right person v=[-0.372, -0.022, 0.928] yaw=-21.9 pitch=1.3 cx=397.2116241455078
2025-11-25 15:17:28,589 - INFO - openpose - Gaze PUB: people=2, frame_idx=256
2025-11-25 15:17:29,013 - INFO - openpose - Gaze3D frame=260 id=left label=Left person v=[-0.103, 0.036, 0.994] yaw=-5.9 pitch=-2.1 cx=205.9121322631836
2025-11-25 15:17:29,013 - INFO - openpose - Gaze3D frame=260 id=right label=Right person v=[-0.317, 0.052, 0.947] yaw=-18.5 pitch=-3.0 cx=395.02626037597656
2025-11-25 15:17:29,013 - INFO - openpose - Gaze PUB: people=2, frame_idx=260
2025-11-25 15:17:29,431 - INFO - openpose - Gaze3D frame=264 id=left label=Left person v=[0.130, -0.044, 0.991] yaw=7.5 pitch=2.5 cx=205.47537231445312
2025-11-25 15:17:29,431 - INFO - openpose - Gaze3D frame=264 id=right label=Right person v=[-0.267, -0.011, 0.964] yaw=-15.5 pitch=0.6 cx=389.69921875
2025-11-25 15:17:29,431 - INFO - openpose - Gaze PUB: people=2, frame_idx=264
2025-11-25 15:17:29,846 - INFO - openpose - Gaze3D frame=268 id=left label=Left person v=[-0.007, -0.190, 0.982] yaw=-0.4 pitch=11.0 cx=207.97061157226562
2025-11-25 15:17:29,846 - INFO - openpose - Gaze3D frame=268 id=right label=Right person v=[-0.227, -0.061, 0.972] yaw=-13.1 pitch=3.5 cx=388.47703552246094
2025-11-25 15:17:29,846 - INFO - openpose - Gaze PUB: people=2, frame_idx=268
2025-11-25 15:17:30,281 - INFO - openpose - Gaze3D frame=272 id=left label=Left person v=[-0.087, 0.096, 0.992] yaw=-5.0 pitch=-5.5 cx=219.25080108642578
2025-11-25 15:17:30,282 - INFO - openpose - Gaze3D frame=272 id=right label=Right person v=[-0.605, -0.056, 0.794] yaw=-37.3 pitch=3.2 cx=386.9344787597656
2025-11-25 15:17:30,282 - INFO - openpose - Gaze PUB: people=2, frame_idx=272
2025-11-25 15:17:30,704 - INFO - openpose - Gaze3D frame=276 id=left label=Left person v=[-0.071, 0.136, 0.988] yaw=-4.1 pitch=-7.8 cx=231.11112213134766
2025-11-25 15:17:30,704 - INFO - openpose - Gaze3D frame=276 id=right label=Right person v=[-0.251, -0.221, 0.942] yaw=-14.9 pitch=12.8 cx=385.0916290283203
2025-11-25 15:17:30,705 - INFO - openpose - Gaze PUB: people=2, frame_idx=276
2025-11-25 15:17:31,108 - INFO - openpose - Gaze3D frame=280 id=left label=Left person v=[-0.109, 0.080, 0.991] yaw=-6.3 pitch=-4.6 cx=243.09088897705078
2025-11-25 15:17:31,108 - INFO - openpose - Gaze3D frame=280 id=right label=Right person v=[-0.301, -0.210, 0.930] yaw=-17.9 pitch=12.1 cx=384.77867126464844
2025-11-25 15:17:31,108 - INFO - openpose - Gaze PUB: people=2, frame_idx=280
2025-11-25 15:17:31,110 - INFO - openpose - Left person: Arm EXTENDED (depth-plane)
2025-11-25 15:17:31,110 - INFO - openpose - ZMQ Message received (non-blocking): PL: Arm Extended Check
2025-11-25 15:17:31,110 - INFO - openpose - ZMQ Sending: Left: Arm Extended
2025-11-25 15:17:31,171 - INFO - openpose - Left person: Arm RETRACTED (depth-plane)
2025-11-25 15:17:31,230 - INFO - openpose - Robot's turn detected
2025-11-25 15:17:31,557 - INFO - openpose - Gaze3D frame=284 id=left label=Left person v=[-0.261, 0.142, 0.955] yaw=-15.3 pitch=-8.1 cx=249.112060546875
2025-11-25 15:17:31,557 - INFO - openpose - Gaze3D frame=284 id=right label=Right person v=[-0.276, -0.244, 0.930] yaw=-16.6 pitch=14.1 cx=384.47377014160156
2025-11-25 15:17:31,557 - INFO - openpose - Gaze PUB: people=2, frame_idx=284
2025-11-25 15:17:32,028 - INFO - openpose - Gaze3D frame=288 id=left label=Left person v=[-0.249, 0.225, 0.942] yaw=-14.8 pitch=-13.0 cx=244.45602416992188
2025-11-25 15:17:32,028 - INFO - openpose - Gaze3D frame=288 id=right label=Right person v=[-0.193, -0.267, 0.944] yaw=-11.5 pitch=15.5 cx=384.40191650390625
2025-11-25 15:17:32,028 - INFO - openpose - Gaze PUB: people=2, frame_idx=288
2025-11-25 15:17:32,029 - INFO - openpose - ZMQ Message received (non-blocking): PL: Arm Retracted Check
2025-11-25 15:17:32,029 - INFO - openpose - ZMQ Sending: Left: Arm Retracted
2025-11-25 15:17:32,477 - INFO - openpose - Gaze3D frame=292 id=left label=Left person v=[-0.112, 0.232, 0.966] yaw=-6.6 pitch=-13.4 cx=226.1791763305664
2025-11-25 15:17:32,477 - INFO - openpose - Gaze3D frame=292 id=right label=Right person v=[-0.519, -0.289, 0.804] yaw=-32.8 pitch=16.8 cx=384.7225341796875
2025-11-25 15:17:32,484 - INFO - openpose - Gaze PUB: people=2, frame_idx=292
2025-11-25 15:17:32,961 - INFO - openpose - Gaze3D frame=296 id=left label=Left person v=[-0.060, 0.058, 0.997] yaw=-3.5 pitch=-3.3 cx=216.20513916015625
2025-11-25 15:17:32,961 - INFO - openpose - Gaze3D frame=296 id=right label=Right person v=[-0.483, -0.541, 0.689] yaw=-35.0 pitch=32.7 cx=380.3885955810547
2025-11-25 15:17:32,961 - INFO - openpose - Gaze PUB: people=2, frame_idx=296
2025-11-25 15:17:33,401 - INFO - openpose - Gaze3D frame=300 id=left label=Left person v=[-0.076, 0.132, 0.988] yaw=-4.4 pitch=-7.6 cx=216.34519958496094
2025-11-25 15:17:33,401 - INFO - openpose - Gaze3D frame=300 id=right label=Right person v=[-0.171, -0.766, 0.619] yaw=-15.4 pitch=50.0 cx=359.49497985839844
2025-11-25 15:17:33,402 - INFO - openpose - Gaze PUB: people=2, frame_idx=300
2025-11-25 15:17:33,821 - INFO - openpose - Gaze3D frame=304 id=left label=Left person v=[-0.209, 0.044, 0.977] yaw=-12.1 pitch=-2.5 cx=216.0648651123047
2025-11-25 15:17:33,821 - INFO - openpose - Gaze3D frame=304 id=right label=Right person v=[-0.099, -0.476, 0.874] yaw=-6.5 pitch=28.4 cx=354.4236145019531
2025-11-25 15:17:33,821 - INFO - openpose - Gaze PUB: people=2, frame_idx=304
2025-11-25 15:17:34,249 - INFO - openpose - Gaze3D frame=308 id=left label=Left person v=[-0.020, 0.094, 0.995] yaw=-1.1 pitch=-5.4 cx=215.45855712890625
2025-11-25 15:17:34,249 - INFO - openpose - Gaze3D frame=308 id=right label=Right person v=[-0.148, -0.292, 0.945] yaw=-8.9 pitch=17.0 cx=357.71156311035156
2025-11-25 15:17:34,249 - INFO - openpose - Gaze PUB: people=2, frame_idx=308
2025-11-25 15:17:34,688 - INFO - openpose - Gaze3D frame=312 id=left label=Left person v=[-0.029, 0.146, 0.989] yaw=-1.7 pitch=-8.4 cx=214.78343963623047
2025-11-25 15:17:34,688 - INFO - openpose - Gaze3D frame=312 id=right label=Right person v=[-0.226, -0.152, 0.962] yaw=-13.2 pitch=8.8 cx=366.1337432861328
2025-11-25 15:17:34,688 - INFO - openpose - Gaze PUB: people=2, frame_idx=312
2025-11-25 15:17:35,125 - INFO - openpose - Gaze3D frame=316 id=left label=Left person v=[-0.157, 0.540, 0.827] yaw=-10.7 pitch=-32.7 cx=223.7946548461914
2025-11-25 15:17:35,125 - INFO - openpose - Gaze3D frame=316 id=right label=Right person v=[-0.207, -0.202, 0.957] yaw=-12.2 pitch=11.7 cx=369.7295837402344
2025-11-25 15:17:35,125 - INFO - openpose - Gaze PUB: people=2, frame_idx=316
2025-11-25 15:17:35,581 - INFO - openpose - Gaze3D frame=320 id=left label=Left person v=[-0.205, 0.483, 0.852] yaw=-13.5 pitch=-28.9 cx=248.0067901611328
2025-11-25 15:17:35,581 - INFO - openpose - Gaze3D frame=320 id=right label=Right person v=[-0.298, -0.748, 0.593] yaw=-26.7 pitch=48.4 cx=361.7377624511719
2025-11-25 15:17:35,581 - INFO - openpose - Gaze PUB: people=2, frame_idx=320
2025-11-25 15:17:36,011 - INFO - openpose - Gaze3D frame=324 id=left label=Left person v=[-0.239, 0.272, 0.932] yaw=-14.4 pitch=-15.8 cx=264.28302001953125
2025-11-25 15:17:36,011 - INFO - openpose - Gaze3D frame=324 id=right label=Right person v=[-0.347, -0.515, 0.784] yaw=-23.9 pitch=31.0 cx=360.55604553222656
2025-11-25 15:17:36,012 - INFO - openpose - Gaze PUB: people=2, frame_idx=324
2025-11-25 15:17:36,464 - INFO - openpose - Gaze3D frame=328 id=left label=Left person v=[-0.401, 0.063, 0.914] yaw=-23.7 pitch=-3.6 cx=269.2444076538086
2025-11-25 15:17:36,464 - INFO - openpose - Gaze3D frame=328 id=right label=Right person v=[-0.311, -0.638, 0.704] yaw=-23.8 pitch=39.7 cx=363.2893981933594
2025-11-25 15:17:36,464 - INFO - openpose - Gaze PUB: people=2, frame_idx=328
2025-11-25 15:17:36,908 - INFO - openpose - Gaze3D frame=332 id=left label=Left person v=[-0.308, 0.051, 0.950] yaw=-18.0 pitch=-2.9 cx=288.0550079345703
2025-11-25 15:17:36,908 - INFO - openpose - Gaze3D frame=332 id=right label=Right person v=[-0.299, -0.373, 0.878] yaw=-18.8 pitch=21.9 cx=375.3993835449219
2025-11-25 15:17:36,908 - INFO - openpose - Gaze PUB: people=2, frame_idx=332
2025-11-25 15:17:37,369 - INFO - openpose - Gaze3D frame=336 id=left label=Left person v=[-0.235, 0.066, 0.970] yaw=-13.6 pitch=-3.8 cx=258.76636505126953
2025-11-25 15:17:37,370 - INFO - openpose - Gaze3D frame=336 id=right label=Right person v=[-0.202, -0.127, 0.971] yaw=-11.8 pitch=7.3 cx=384.1839599609375
2025-11-25 15:17:37,370 - INFO - openpose - Gaze PUB: people=2, frame_idx=336
2025-11-25 15:17:37,840 - INFO - openpose - Gaze3D frame=340 id=left label=Left person v=[-0.267, 0.025, 0.964] yaw=-15.5 pitch=-1.4 cx=205.72142791748047
2025-11-25 15:17:37,840 - INFO - openpose - Gaze3D frame=340 id=right label=Right person v=[-0.258, -0.263, 0.930] yaw=-15.5 pitch=15.3 cx=384.0862731933594
2025-11-25 15:17:37,841 - INFO - openpose - Gaze PUB: people=2, frame_idx=340
2025-11-25 15:17:38,287 - INFO - openpose - Gaze3D frame=344 id=left label=Left person v=[-0.292, -0.200, 0.935] yaw=-17.3 pitch=11.6 cx=196.8591766357422
2025-11-25 15:17:38,288 - INFO - openpose - Gaze3D frame=344 id=right label=Right person v=[-0.240, -0.230, 0.943] yaw=-14.3 pitch=13.3 cx=383.32154846191406
2025-11-25 15:17:38,288 - INFO - openpose - Gaze PUB: people=2, frame_idx=344
2025-11-25 15:17:38,693 - INFO - openpose - Gaze3D frame=348 id=left label=Left person v=[-0.193, -0.039, 0.980] yaw=-11.1 pitch=2.3 cx=209.5447998046875
2025-11-25 15:17:38,693 - INFO - openpose - Gaze3D frame=348 id=right label=Right person v=[-0.221, -0.212, 0.952] yaw=-13.1 pitch=12.2 cx=383.11058044433594
2025-11-25 15:17:38,693 - INFO - openpose - Gaze PUB: people=2, frame_idx=348
2025-11-25 15:17:39,127 - INFO - openpose - Gaze3D frame=352 id=left label=Left person v=[-0.273, -0.120, 0.954] yaw=-16.0 pitch=6.9 cx=207.64671325683594
2025-11-25 15:17:39,127 - INFO - openpose - Gaze3D frame=352 id=right label=Right person v=[-0.246, -0.268, 0.932] yaw=-14.8 pitch=15.5 cx=382.72271728515625
2025-11-25 15:17:39,127 - INFO - openpose - Gaze PUB: people=2, frame_idx=352
2025-11-25 15:17:39,583 - INFO - openpose - Gaze3D frame=356 id=left label=Left person v=[-0.281, -0.105, 0.954] yaw=-16.4 pitch=6.0 cx=206.6643829345703
2025-11-25 15:17:39,583 - INFO - openpose - Gaze3D frame=356 id=right label=Right person v=[-0.216, -0.261, 0.941] yaw=-12.9 pitch=15.1 cx=382.7081756591797
2025-11-25 15:17:39,583 - INFO - openpose - Gaze PUB: people=2, frame_idx=356
2025-11-25 15:17:40,040 - INFO - openpose - Gaze3D frame=360 id=left label=Left person v=[-0.270, -0.082, 0.959] yaw=-15.7 pitch=4.7 cx=206.99082946777344
2025-11-25 15:17:40,040 - INFO - openpose - Gaze3D frame=360 id=right label=Right person v=[-0.236, -0.242, 0.941] yaw=-14.1 pitch=14.0 cx=382.81272888183594
2025-11-25 15:17:40,040 - INFO - openpose - Gaze PUB: people=2, frame_idx=360
2025-11-25 15:17:40,488 - INFO - openpose - Gaze3D frame=364 id=left label=Left person v=[-0.051, -0.104, 0.993] yaw=-2.9 pitch=6.0 cx=203.61380004882812
2025-11-25 15:17:40,488 - INFO - openpose - Gaze3D frame=364 id=right label=Right person v=[-0.425, -0.102, 0.899] yaw=-25.3 pitch=5.9 cx=385.14366149902344
2025-11-25 15:17:40,488 - INFO - openpose - Gaze PUB: people=2, frame_idx=364
2025-11-25 15:17:40,928 - INFO - openpose - Gaze3D frame=368 id=left label=Left person v=[-0.388, -0.446, 0.807] yaw=-25.7 pitch=26.5 cx=201.47782135009766
2025-11-25 15:17:40,928 - INFO - openpose - Gaze3D frame=368 id=right label=Right person v=[-0.366, -0.206, 0.907] yaw=-22.0 pitch=11.9 cx=458.0513916015625
2025-11-25 15:17:40,928 - INFO - openpose - Gaze PUB: people=2, frame_idx=368
2025-11-25 15:17:41,337 - INFO - openpose - Gaze3D frame=372 id=left label=Left person v=[-0.191, -0.235, 0.953] yaw=-11.4 pitch=13.6 cx=195.90902709960938
2025-11-25 15:17:41,338 - INFO - openpose - Gaze3D frame=372 id=right label=Right person v=[-0.366, -0.398, 0.841] yaw=-23.5 pitch=23.5 cx=493.44313049316406
2025-11-25 15:17:41,338 - INFO - openpose - Gaze PUB: people=2, frame_idx=372
2025-11-25 15:17:41,794 - INFO - openpose - Gaze3D frame=376 id=left label=Left person v=[-0.029, -0.343, 0.939] yaw=-1.8 pitch=20.1 cx=194.04238891601562
2025-11-25 15:17:41,794 - INFO - openpose - Gaze3D frame=376 id=right label=Right person v=[-0.475, -0.490, 0.732] yaw=-33.0 pitch=29.3 cx=478.5307922363281
2025-11-25 15:17:41,794 - INFO - openpose - Gaze PUB: people=2, frame_idx=376
2025-11-25 15:17:42,228 - INFO - openpose - Gaze3D frame=380 id=left label=Left person v=[-0.143, -0.320, 0.936] yaw=-8.7 pitch=18.7 cx=195.0312271118164
2025-11-25 15:17:42,228 - INFO - openpose - Gaze3D frame=380 id=right label=Right person v=[-0.314, -0.632, 0.708] yaw=-23.9 pitch=39.2 cx=443.8840026855469
2025-11-25 15:17:42,228 - INFO - openpose - Gaze PUB: people=2, frame_idx=380
2025-11-25 15:17:42,670 - INFO - openpose - Gaze3D frame=384 id=left label=Left person v=[-0.122, -0.365, 0.923] yaw=-7.5 pitch=21.4 cx=197.1805191040039
2025-11-25 15:17:42,670 - INFO - openpose - Gaze3D frame=384 id=right label=Right person v=[-0.265, -0.794, 0.547] yaw=-25.9 pitch=52.5 cx=384.55267333984375
2025-11-25 15:17:42,670 - INFO - openpose - Gaze PUB: people=2, frame_idx=384
2025-11-25 15:17:43,096 - INFO - openpose - Gaze3D frame=388 id=left label=Left person v=[-0.207, -0.357, 0.911] yaw=-12.8 pitch=20.9 cx=201.60235595703125
2025-11-25 15:17:43,096 - INFO - openpose - Gaze3D frame=388 id=right label=Right person v=[-0.343, -0.614, 0.711] yaw=-25.8 pitch=37.9 cx=382.1351013183594
2025-11-25 15:17:43,096 - INFO - openpose - Gaze PUB: people=2, frame_idx=388
2025-11-25 15:17:43,530 - INFO - openpose - Gaze3D frame=392 id=left label=Left person v=[-0.251, -0.433, 0.866] yaw=-16.2 pitch=25.7 cx=201.3002700805664
2025-11-25 15:17:43,530 - INFO - openpose - Gaze3D frame=392 id=right label=Right person v=[-0.378, -0.696, 0.610] yaw=-31.8 pitch=44.1 cx=419.7242736816406
2025-11-25 15:17:43,538 - INFO - openpose - Gaze PUB: people=2, frame_idx=392
2025-11-25 15:17:43,967 - INFO - openpose - Gaze3D frame=396 id=left label=Left person v=[-0.222, -0.415, 0.882] yaw=-14.1 pitch=24.5 cx=201.11858367919922
2025-11-25 15:17:43,967 - INFO - openpose - Gaze3D frame=396 id=right label=Right person v=[-0.316, -0.160, 0.935] yaw=-18.6 pitch=9.2 cx=428.5962219238281
2025-11-25 15:17:43,967 - INFO - openpose - Gaze PUB: people=2, frame_idx=396
2025-11-25 15:17:44,400 - INFO - openpose - Gaze3D frame=400 id=left label=Left person v=[-0.404, -0.424, 0.811] yaw=-26.5 pitch=25.1 cx=200.4014663696289
2025-11-25 15:17:44,401 - INFO - openpose - Gaze3D frame=400 id=right label=Right person v=[-0.300, -0.295, 0.907] yaw=-18.3 pitch=17.2 cx=411.3865966796875
2025-11-25 15:17:44,401 - INFO - openpose - Gaze PUB: people=2, frame_idx=400
2025-11-25 15:17:44,831 - INFO - openpose - Gaze3D frame=404 id=left label=Left person v=[-0.295, -0.101, 0.950] yaw=-17.3 pitch=5.8 cx=202.7644805908203
2025-11-25 15:17:44,831 - INFO - openpose - Gaze3D frame=404 id=right label=Right person v=[-0.354, -0.277, 0.893] yaw=-21.6 pitch=16.1 cx=405.30931091308594
2025-11-25 15:17:44,831 - INFO - openpose - Gaze PUB: people=2, frame_idx=404
2025-11-25 15:17:45,284 - INFO - openpose - Gaze3D frame=408 id=left label=Left person v=[-0.256, -0.191, 0.948] yaw=-15.1 pitch=11.0 cx=203.28632354736328
2025-11-25 15:17:45,284 - INFO - openpose - Gaze3D frame=408 id=right label=Right person v=[-0.316, -0.254, 0.914] yaw=-19.1 pitch=14.7 cx=409.6721496582031
2025-11-25 15:17:45,284 - INFO - openpose - Gaze PUB: people=2, frame_idx=408
2025-11-25 15:17:45,732 - INFO - openpose - Gaze3D frame=412 id=left label=Left person v=[-0.165, -0.084, 0.983] yaw=-9.6 pitch=4.8 cx=201.41344451904297
2025-11-25 15:17:45,732 - INFO - openpose - Gaze3D frame=412 id=right label=Right person v=[-0.287, 0.011, 0.958] yaw=-16.7 pitch=-0.6 cx=413.8951873779297
2025-11-25 15:17:45,732 - INFO - openpose - Gaze PUB: people=2, frame_idx=412
2025-11-25 15:17:46,196 - INFO - openpose - Gaze3D frame=416 id=left label=Left person v=[-0.192, -0.082, 0.978] yaw=-11.1 pitch=4.7 cx=201.2352523803711
2025-11-25 15:17:46,196 - INFO - openpose - Gaze3D frame=416 id=right label=Right person v=[-0.329, -0.421, 0.845] yaw=-21.3 pitch=24.9 cx=414.81983947753906
2025-11-25 15:17:46,196 - INFO - openpose - Gaze PUB: people=2, frame_idx=416
2025-11-25 15:17:46,629 - INFO - openpose - Gaze3D frame=420 id=left label=Left person v=[-0.185, -0.002, 0.983] yaw=-10.7 pitch=0.1 cx=200.56106567382812
2025-11-25 15:17:46,629 - INFO - openpose - Gaze3D frame=420 id=right label=Right person v=[-0.351, -0.073, 0.934] yaw=-20.6 pitch=4.2 cx=414.1396789550781
2025-11-25 15:17:46,630 - INFO - openpose - Gaze PUB: people=2, frame_idx=420
2025-11-25 15:17:47,070 - INFO - openpose - Gaze3D frame=424 id=left label=Left person v=[-0.282, -0.090, 0.955] yaw=-16.4 pitch=5.1 cx=201.3062744140625
2025-11-25 15:17:47,070 - INFO - openpose - Gaze3D frame=424 id=right label=Right person v=[-0.346, -0.299, 0.889] yaw=-21.2 pitch=17.4 cx=414.92051696777344
2025-11-25 15:17:47,070 - INFO - openpose - Gaze PUB: people=2, frame_idx=424
2025-11-25 15:17:47,524 - INFO - openpose - Gaze3D frame=428 id=left label=Left person v=[-0.282, -0.046, 0.958] yaw=-16.4 pitch=2.6 cx=200.37630462646484
2025-11-25 15:17:47,524 - INFO - openpose - Gaze3D frame=428 id=right label=Right person v=[-0.338, -0.220, 0.915] yaw=-20.3 pitch=12.7 cx=415.2220153808594
2025-11-25 15:17:47,524 - INFO - openpose - Gaze PUB: people=2, frame_idx=428
2025-11-25 15:17:47,952 - INFO - openpose - Gaze3D frame=432 id=left label=Left person v=[-0.317, -0.149, 0.937] yaw=-18.7 pitch=8.5 cx=200.10720825195312
2025-11-25 15:17:47,953 - INFO - openpose - Gaze3D frame=432 id=right label=Right person v=[-0.334, -0.224, 0.916] yaw=-20.0 pitch=13.0 cx=415.14210510253906
2025-11-25 15:17:47,953 - INFO - openpose - Gaze PUB: people=2, frame_idx=432
2025-11-25 15:17:48,365 - INFO - openpose - Gaze3D frame=436 id=left label=Left person v=[-0.275, -0.020, 0.961] yaw=-15.9 pitch=1.1 cx=199.81736755371094
2025-11-25 15:17:48,365 - INFO - openpose - Gaze3D frame=436 id=right label=Right person v=[-0.383, -0.232, 0.894] yaw=-23.2 pitch=13.4 cx=414.9449920654297
2025-11-25 15:17:48,365 - INFO - openpose - Gaze PUB: people=2, frame_idx=436
2025-11-25 15:17:48,799 - INFO - openpose - Gaze3D frame=440 id=left label=Left person v=[-0.265, -0.165, 0.950] yaw=-15.6 pitch=9.5 cx=197.99291229248047
2025-11-25 15:17:48,799 - INFO - openpose - Gaze3D frame=440 id=right label=Right person v=[-0.391, -0.326, 0.861] yaw=-24.5 pitch=19.0 cx=414.71038818359375
2025-11-25 15:17:48,799 - INFO - openpose - Gaze PUB: people=2, frame_idx=440
2025-11-25 15:17:49,245 - INFO - openpose - Gaze3D frame=444 id=left label=Left person v=[-0.364, -0.011, 0.931] yaw=-21.3 pitch=0.6 cx=199.16547393798828
2025-11-25 15:17:49,245 - INFO - openpose - Gaze3D frame=444 id=right label=Right person v=[-0.292, -0.058, 0.955] yaw=-17.0 pitch=3.3 cx=414.14881896972656
2025-11-25 15:17:49,245 - INFO - openpose - Gaze PUB: people=2, frame_idx=444
2025-11-25 15:17:49,702 - INFO - openpose - Gaze3D frame=448 id=left label=Left person v=[-0.200, -0.066, 0.978] yaw=-11.5 pitch=3.8 cx=199.79505157470703
2025-11-25 15:17:49,702 - INFO - openpose - Gaze3D frame=448 id=right label=Right person v=[-0.388, -0.165, 0.907] yaw=-23.1 pitch=9.5 cx=427.7884063720703
2025-11-25 15:17:49,702 - INFO - openpose - Gaze PUB: people=2, frame_idx=448
2025-11-25 15:17:50,156 - INFO - openpose - Gaze3D frame=452 id=left label=Left person v=[-0.365, -0.209, 0.907] yaw=-21.9 pitch=12.1 cx=199.5027847290039
2025-11-25 15:17:50,156 - INFO - openpose - Gaze3D frame=452 id=right label=Right person v=[-0.495, -0.324, 0.806] yaw=-31.5 pitch=18.9 cx=476.2450866699219
2025-11-25 15:17:50,156 - INFO - openpose - Gaze PUB: people=2, frame_idx=452
2025-11-25 15:17:50,597 - INFO - openpose - Gaze3D frame=456 id=left label=Left person v=[-0.235, -0.040, 0.971] yaw=-13.6 pitch=2.3 cx=198.88155364990234
2025-11-25 15:17:50,597 - INFO - openpose - Gaze3D frame=456 id=right label=Right person v=[-0.337, -0.452, 0.826] yaw=-22.2 pitch=26.9 cx=526.1032409667969
2025-11-25 15:17:50,597 - INFO - openpose - Gaze PUB: people=2, frame_idx=456
2025-11-25 15:17:51,060 - INFO - openpose - Gaze3D frame=460 id=left label=Left person v=[-0.179, -0.230, 0.957] yaw=-10.6 pitch=13.3 cx=199.18008422851562
2025-11-25 15:17:51,060 - INFO - openpose - Gaze3D frame=460 id=right label=Right person v=[-0.312, -0.562, 0.767] yaw=-22.1 pitch=34.2 cx=539.9166870117188
2025-11-25 15:17:51,060 - INFO - openpose - Gaze PUB: people=2, frame_idx=460
2025-11-25 15:17:51,572 - INFO - openpose - Gaze3D frame=464 id=left label=Left person v=[-0.135, -0.148, 0.980] yaw=-7.8 pitch=8.5 cx=200.35391235351562
2025-11-25 15:17:51,572 - INFO - openpose - Gaze3D frame=464 id=right label=Right person v=[-0.377, -0.349, 0.858] yaw=-23.7 pitch=20.4 cx=545.5232849121094
2025-11-25 15:17:51,572 - INFO - openpose - Gaze PUB: people=2, frame_idx=464
2025-11-25 15:17:52,068 - INFO - openpose - Gaze3D frame=468 id=left label=Left person v=[0.136, 0.322, 0.937] yaw=8.3 pitch=-18.8 cx=201.61582946777344
2025-11-25 15:17:52,069 - INFO - openpose - Gaze3D frame=468 id=right label=Right person v=[-0.403, -0.329, 0.854] yaw=-25.3 pitch=19.2 cx=543.5240325927734
2025-11-25 15:17:52,069 - INFO - openpose - Gaze PUB: people=2, frame_idx=468
2025-11-25 15:17:52,577 - INFO - openpose - Gaze3D frame=472 id=left label=Left person v=[-0.304, 0.346, 0.888] yaw=-18.9 pitch=-20.2 cx=202.1204605102539
2025-11-25 15:17:52,577 - INFO - openpose - Gaze3D frame=472 id=right label=Right person v=[-0.403, -0.474, 0.783] yaw=-27.3 pitch=28.3 cx=537.7932586669922
2025-11-25 15:17:52,577 - INFO - openpose - Gaze PUB: people=2, frame_idx=472
2025-11-25 15:17:52,963 - INFO - openpose - Gaze3D frame=476 id=left label=Left person v=[-0.163, -0.024, 0.986] yaw=-9.4 pitch=1.4 cx=201.99920654296875
2025-11-25 15:17:52,964 - INFO - openpose - Gaze3D frame=476 id=right label=Right person v=[-0.416, -0.440, 0.796] yaw=-27.6 pitch=26.1 cx=530.4540710449219
2025-11-25 15:17:52,964 - INFO - openpose - Gaze PUB: people=2, frame_idx=476
2025-11-25 15:17:53,365 - INFO - openpose - Gaze3D frame=480 id=left label=Left person v=[-0.205, 0.001, 0.979] yaw=-11.8 pitch=-0.1 cx=202.874267578125
2025-11-25 15:17:53,365 - INFO - openpose - Gaze3D frame=480 id=right label=Right person v=[-0.421, -0.622, 0.659] yaw=-32.6 pitch=38.5 cx=522.6500244140625
2025-11-25 15:17:53,365 - INFO - openpose - Gaze PUB: people=2, frame_idx=480
2025-11-25 15:17:53,762 - INFO - openpose - Gaze3D frame=484 id=left label=Left person v=[-0.294, 0.066, 0.954] yaw=-17.1 pitch=-3.8 cx=202.4339370727539
2025-11-25 15:17:53,762 - INFO - openpose - Gaze3D frame=484 id=right label=Right person v=[-0.291, -0.484, 0.825] yaw=-19.4 pitch=28.9 cx=481.9579162597656
2025-11-25 15:17:53,762 - INFO - openpose - Gaze PUB: people=2, frame_idx=484
2025-11-25 15:17:54,186 - INFO - openpose - Gaze3D frame=488 id=left label=Left person v=[-0.174, -0.048, 0.984] yaw=-10.0 pitch=2.8 cx=202.64158630371094
2025-11-25 15:17:54,187 - INFO - openpose - Gaze3D frame=488 id=right label=Right person v=[-0.444, 0.024, 0.896] yaw=-26.3 pitch=-1.3 cx=437.3237762451172
2025-11-25 15:17:54,187 - INFO - openpose - Gaze PUB: people=2, frame_idx=488
2025-11-25 15:17:54,599 - INFO - openpose - Gaze3D frame=492 id=left label=Left person v=[-0.180, -0.091, 0.980] yaw=-10.4 pitch=5.2 cx=203.2892303466797
2025-11-25 15:17:54,599 - INFO - openpose - Gaze3D frame=492 id=right label=Right person v=[-0.293, -0.302, 0.907] yaw=-17.9 pitch=17.6 cx=419.409423828125
2025-11-25 15:17:54,599 - INFO - openpose - Gaze PUB: people=2, frame_idx=492
2025-11-25 15:17:55,027 - INFO - openpose - Gaze3D frame=496 id=left label=Left person v=[-0.153, 0.426, 0.891] yaw=-9.8 pitch=-25.2 cx=208.77558135986328
2025-11-25 15:17:55,027 - INFO - openpose - Gaze3D frame=496 id=right label=Right person v=[0.114, -0.312, 0.943] yaw=6.9 pitch=18.2 cx=427.9375915527344
2025-11-25 15:17:55,027 - INFO - openpose - Gaze PUB: people=2, frame_idx=496
2025-11-25 15:17:55,474 - INFO - openpose - Gaze3D frame=500 id=left label=Left person v=[-0.139, 0.618, 0.774] yaw=-10.2 pitch=-38.2 cx=211.747314453125
2025-11-25 15:17:55,474 - INFO - openpose - Gaze3D frame=500 id=right label=Right person v=[-0.032, -0.516, 0.856] yaw=-2.2 pitch=31.1 cx=423.77191162109375
2025-11-25 15:17:55,474 - INFO - openpose - Gaze PUB: people=2, frame_idx=500
2025-11-25 15:17:55,895 - INFO - openpose - Gaze3D frame=504 id=left label=Left person v=[-0.130, 0.050, 0.990] yaw=-7.5 pitch=-2.8 cx=207.20392608642578
2025-11-25 15:17:55,895 - INFO - openpose - Gaze3D frame=504 id=right label=Right person v=[-0.307, -0.322, 0.896] yaw=-18.9 pitch=18.8 cx=401.66827392578125
2025-11-25 15:17:55,895 - INFO - openpose - Gaze PUB: people=2, frame_idx=504
2025-11-25 15:17:56,318 - INFO - openpose - Gaze3D frame=508 id=left label=Left person v=[-0.235, 0.059, 0.970] yaw=-13.6 pitch=-3.4 cx=206.30077362060547
2025-11-25 15:17:56,318 - INFO - openpose - Gaze3D frame=508 id=right label=Right person v=[-0.252, -0.070, 0.965] yaw=-14.6 pitch=4.0 cx=415.2754211425781
2025-11-25 15:17:56,318 - INFO - openpose - Gaze PUB: people=2, frame_idx=508
2025-11-25 15:17:56,744 - INFO - openpose - Gaze3D frame=512 id=left label=Left person v=[-0.206, -0.037, 0.978] yaw=-11.9 pitch=2.1 cx=203.79627227783203
2025-11-25 15:17:56,744 - INFO - openpose - Gaze3D frame=512 id=right label=Right person v=[-0.299, -0.022, 0.954] yaw=-17.4 pitch=1.3 cx=405.27110290527344
2025-11-25 15:17:56,744 - INFO - openpose - Gaze PUB: people=2, frame_idx=512
2025-11-25 15:17:57,152 - INFO - openpose - Gaze3D frame=516 id=left label=Left person v=[-0.056, -0.370, 0.927] yaw=-3.5 pitch=21.7 cx=196.2332000732422
2025-11-25 15:17:57,152 - INFO - openpose - Gaze3D frame=516 id=right label=Right person v=[-0.374, 0.018, 0.927] yaw=-21.9 pitch=-1.0 cx=366.1527862548828
2025-11-25 15:17:57,152 - INFO - openpose - Gaze PUB: people=2, frame_idx=516
2025-11-25 15:17:57,580 - INFO - openpose - Gaze3D frame=520 id=left label=Left person v=[0.025, -0.126, 0.992] yaw=1.4 pitch=7.2 cx=191.43976593017578
2025-11-25 15:17:57,580 - INFO - openpose - Gaze3D frame=520 id=right label=Right person v=[-0.392, -0.685, 0.615] yaw=-32.5 pitch=43.2 cx=357.1413269042969
2025-11-25 15:17:57,580 - INFO - openpose - Gaze PUB: people=2, frame_idx=520
2025-11-25 15:17:58,008 - INFO - openpose - Gaze3D frame=524 id=left label=Left person v=[-0.286, -0.188, 0.939] yaw=-17.0 pitch=10.8 cx=194.5186996459961
2025-11-25 15:17:58,008 - INFO - openpose - Gaze3D frame=524 id=right label=Right person v=[-0.421, -0.137, 0.897] yaw=-25.1 pitch=7.9 cx=353.47210693359375
2025-11-25 15:17:58,008 - INFO - openpose - Gaze PUB: people=2, frame_idx=524
2025-11-25 15:17:58,444 - INFO - openpose - Gaze3D frame=528 id=left label=Left person v=[-0.210, -0.038, 0.977] yaw=-12.2 pitch=2.2 cx=201.11012268066406
2025-11-25 15:17:58,444 - INFO - openpose - Gaze3D frame=528 id=right label=Right person v=[-0.470, -0.683, 0.560] yaw=-40.0 pitch=43.0 cx=353.3219299316406
2025-11-25 15:17:58,444 - INFO - openpose - Gaze PUB: people=2, frame_idx=528
2025-11-25 15:17:58,885 - INFO - openpose - Gaze3D frame=532 id=left label=Left person v=[-0.174, 0.037, 0.984] yaw=-10.0 pitch=-2.1 cx=201.5445327758789
2025-11-25 15:17:58,885 - INFO - openpose - Gaze3D frame=532 id=right label=Right person v=[-0.480, -0.070, 0.875] yaw=-28.8 pitch=4.0 cx=371.65167236328125
2025-11-25 15:17:58,885 - INFO - openpose - Gaze PUB: people=2, frame_idx=532
2025-11-25 15:17:59,333 - INFO - openpose - Gaze3D frame=536 id=left label=Left person v=[-0.192, 0.036, 0.981] yaw=-11.1 pitch=-2.1 cx=202.84408569335938
2025-11-25 15:17:59,333 - INFO - openpose - Gaze3D frame=536 id=right label=Right person v=[0.073, -0.635, 0.769] yaw=5.4 pitch=39.4 cx=382.65306091308594
2025-11-25 15:17:59,333 - INFO - openpose - Gaze PUB: people=2, frame_idx=536
2025-11-25 15:17:59,463 - INFO - openpose - Right person: Arm EXTENDED (depth-plane)
2025-11-25 15:17:59,463 - INFO - openpose - ZMQ Message received (non-blocking): PR: Arm Extended Check
2025-11-25 15:17:59,464 - INFO - openpose - ZMQ Sending: Right: Arm Extended
2025-11-25 15:17:59,524 - INFO - openpose - Right person: Arm RETRACTED (depth-plane)
2025-11-25 15:17:59,790 - INFO - openpose - Gaze3D frame=540 id=left label=Left person v=[0.176, -0.064, 0.982] yaw=10.1 pitch=3.6 cx=203.2333526611328
2025-11-25 15:17:59,791 - INFO - openpose - Gaze3D frame=540 id=right label=Right person v=[-0.309, -0.545, 0.780] yaw=-21.6 pitch=33.0 cx=388.30731201171875
2025-11-25 15:17:59,791 - INFO - openpose - Gaze PUB: people=2, frame_idx=540
2025-11-25 15:18:00,260 - INFO - openpose - Gaze3D frame=544 id=left label=Left person v=[-0.179, -0.109, 0.978] yaw=-10.3 pitch=6.2 cx=201.22821044921875
2025-11-25 15:18:00,261 - INFO - openpose - Gaze3D frame=544 id=right label=Right person v=[-0.433, 0.132, 0.892] yaw=-25.9 pitch=-7.6 cx=395.99713134765625
2025-11-25 15:18:00,261 - INFO - openpose - Gaze PUB: people=2, frame_idx=544
2025-11-25 15:18:00,264 - INFO - openpose - ZMQ Message received (non-blocking): PR: Arm Retracted Check
2025-11-25 15:18:00,264 - INFO - openpose - ZMQ Sending: Right: Arm Retracted
2025-11-25 15:18:00,708 - INFO - openpose - Gaze3D frame=548 id=left label=Left person v=[-0.052, -0.127, 0.991] yaw=-3.0 pitch=7.3 cx=202.19688415527344
2025-11-25 15:18:00,709 - INFO - openpose - Gaze3D frame=548 id=right label=Right person v=[-0.542, -0.389, 0.745] yaw=-36.0 pitch=22.9 cx=389.30645751953125
2025-11-25 15:18:00,709 - INFO - openpose - Gaze PUB: people=2, frame_idx=548
2025-11-25 15:18:01,150 - INFO - openpose - Gaze3D frame=552 id=left label=Left person v=[-0.153, -0.135, 0.979] yaw=-8.9 pitch=7.8 cx=201.45258331298828
2025-11-25 15:18:01,150 - INFO - openpose - Gaze3D frame=552 id=right label=Right person v=[-0.471, -0.201, 0.859] yaw=-28.7 pitch=11.6 cx=387.6961975097656
2025-11-25 15:18:01,150 - INFO - openpose - Gaze PUB: people=2, frame_idx=552
2025-11-25 15:18:01,607 - INFO - openpose - Gaze3D frame=556 id=left label=Left person v=[-0.165, -0.279, 0.946] yaw=-9.9 pitch=16.2 cx=200.40814971923828
2025-11-25 15:18:01,607 - INFO - openpose - Gaze3D frame=556 id=right label=Right person v=[-0.612, 0.014, 0.791] yaw=-37.7 pitch=-0.8 cx=386.1042785644531
2025-11-25 15:18:01,614 - INFO - openpose - Gaze PUB: people=2, frame_idx=556
2025-11-25 15:18:02,076 - INFO - openpose - Gaze3D frame=560 id=left label=Left person v=[0.012, -0.095, 0.995] yaw=0.7 pitch=5.5 cx=192.52909088134766
2025-11-25 15:18:02,076 - INFO - openpose - Gaze3D frame=560 id=right label=Right person v=[-0.620, -0.144, 0.771] yaw=-38.8 pitch=8.3 cx=391.56678771972656
2025-11-25 15:18:02,077 - INFO - openpose - Gaze PUB: people=2, frame_idx=560
2025-11-25 15:18:02,479 - INFO - openpose - Gaze3D frame=564 id=left label=Left person v=[-0.295, -0.129, 0.947] yaw=-17.3 pitch=7.4 cx=195.77173614501953
2025-11-25 15:18:02,479 - INFO - openpose - Gaze3D frame=564 id=right label=Right person v=[-0.434, -0.462, 0.773] yaw=-29.3 pitch=27.5 cx=391.99256896972656
2025-11-25 15:18:02,479 - INFO - openpose - Gaze PUB: people=2, frame_idx=564
2025-11-25 15:18:02,892 - INFO - openpose - Gaze3D frame=568 id=left label=Left person v=[-0.208, 0.012, 0.978] yaw=-12.0 pitch=-0.7 cx=203.59033966064453
2025-11-25 15:18:02,892 - INFO - openpose - Gaze3D frame=568 id=right label=Right person v=[-0.365, -0.275, 0.890] yaw=-22.3 pitch=15.9 cx=397.3995056152344
2025-11-25 15:18:02,892 - INFO - openpose - Gaze PUB: people=2, frame_idx=568
2025-11-25 15:18:03,312 - INFO - openpose - Gaze3D frame=572 id=left label=Left person v=[-0.160, 0.028, 0.987] yaw=-9.2 pitch=-1.6 cx=203.9215850830078
2025-11-25 15:18:03,312 - INFO - openpose - Gaze3D frame=572 id=right label=Right person v=[-0.451, 0.350, 0.821] yaw=-28.8 pitch=-20.5 cx=412.1757507324219
2025-11-25 15:18:03,312 - INFO - openpose - Gaze PUB: people=2, frame_idx=572
2025-11-25 15:18:03,747 - INFO - openpose - Gaze3D frame=576 id=left label=Left person v=[-0.334, 0.113, 0.936] yaw=-19.6 pitch=-6.5 cx=205.54793548583984
2025-11-25 15:18:03,747 - INFO - openpose - Gaze3D frame=576 id=right label=Right person v=[-0.459, -0.077, 0.885] yaw=-27.4 pitch=4.4 cx=415.7911376953125
2025-11-25 15:18:03,747 - INFO - openpose - Gaze PUB: people=2, frame_idx=576
2025-11-25 15:18:04,188 - INFO - openpose - Gaze3D frame=580 id=left label=Left person v=[-0.163, 0.009, 0.987] yaw=-9.4 pitch=-0.5 cx=209.93899536132812
2025-11-25 15:18:04,188 - INFO - openpose - Gaze3D frame=580 id=right label=Right person v=[-0.467, -0.470, 0.749] yaw=-32.0 pitch=28.0 cx=390.1100616455078
2025-11-25 15:18:04,188 - INFO - openpose - Gaze PUB: people=2, frame_idx=580
2025-11-25 15:18:04,625 - INFO - openpose - Gaze3D frame=584 id=left label=Left person v=[-0.173, 0.143, 0.974] yaw=-10.1 pitch=-8.2 cx=210.16840362548828
2025-11-25 15:18:04,625 - INFO - openpose - Gaze3D frame=584 id=right label=Right person v=[-0.387, -0.476, 0.790] yaw=-26.1 pitch=28.4 cx=375.9400634765625
2025-11-25 15:18:04,625 - INFO - openpose - Gaze PUB: people=2, frame_idx=584
2025-11-25 15:18:05,059 - INFO - openpose - Gaze3D frame=588 id=left label=Left person v=[-0.052, -0.250, 0.967] yaw=-3.1 pitch=14.5 cx=207.12871551513672
2025-11-25 15:18:05,059 - INFO - openpose - Gaze3D frame=588 id=right label=Right person v=[0.064, -0.503, 0.862] yaw=4.2 pitch=30.2 cx=380.1260681152344
2025-11-25 15:18:05,060 - INFO - openpose - Gaze PUB: people=2, frame_idx=588
2025-11-25 15:18:05,504 - INFO - openpose - Gaze3D frame=592 id=left label=Left person v=[-0.090, -0.080, 0.993] yaw=-5.2 pitch=4.6 cx=223.4811782836914
2025-11-25 15:18:05,504 - INFO - openpose - Gaze3D frame=592 id=right label=Right person v=[0.078, -0.607, 0.791] yaw=5.7 pitch=37.4 cx=384.27215576171875
2025-11-25 15:18:05,504 - INFO - openpose - Gaze PUB: people=2, frame_idx=592
2025-11-25 15:18:05,969 - INFO - openpose - Gaze3D frame=596 id=left label=Left person v=[-0.210, 0.112, 0.971] yaw=-12.2 pitch=-6.5 cx=234.69366455078125
2025-11-25 15:18:05,969 - INFO - openpose - Gaze3D frame=596 id=right label=Right person v=[0.034, -0.623, 0.781] yaw=2.5 pitch=38.6 cx=385.70973205566406
2025-11-25 15:18:05,969 - INFO - openpose - Gaze PUB: people=2, frame_idx=596
2025-11-25 15:18:06,434 - INFO - openpose - Gaze3D frame=600 id=left label=Left person v=[-0.192, 0.322, 0.927] yaw=-11.7 pitch=-18.8 cx=237.40763092041016
2025-11-25 15:18:06,434 - INFO - openpose - Gaze3D frame=600 id=right label=Right person v=[-0.378, -0.238, 0.895] yaw=-22.9 pitch=13.8 cx=389.40769958496094
2025-11-25 15:18:06,434 - INFO - openpose - Gaze PUB: people=2, frame_idx=600
2025-11-25 15:18:06,905 - INFO - openpose - Gaze3D frame=604 id=left label=Left person v=[0.243, 0.297, 0.923] yaw=14.7 pitch=-17.3 cx=248.7595672607422
2025-11-25 15:18:06,905 - INFO - openpose - Gaze3D frame=604 id=right label=Right person v=[-0.415, -0.227, 0.881] yaw=-25.2 pitch=13.1 cx=390.26416015625
2025-11-25 15:18:06,905 - INFO - openpose - Gaze PUB: people=2, frame_idx=604
2025-11-25 15:18:06,959 - INFO - openpose - Left person: Arm EXTENDED (depth-plane)
2025-11-25 15:18:06,959 - INFO - openpose - ZMQ Message received (non-blocking): PL: Arm Extended Check
2025-11-25 15:18:06,959 - INFO - openpose - ZMQ Sending: Left: Arm Extended
2025-11-25 15:18:07,020 - INFO - openpose - Left person: Arm RETRACTED (depth-plane)
2025-11-25 15:18:07,351 - INFO - openpose - Gaze3D frame=608 id=left label=Left person v=[-0.235, -0.137, 0.962] yaw=-13.7 pitch=7.9 cx=269.5425109863281
2025-11-25 15:18:07,351 - INFO - openpose - Gaze3D frame=608 id=right label=Right person v=[-0.369, 0.022, 0.929] yaw=-21.6 pitch=-1.3 cx=392.53379821777344
2025-11-25 15:18:07,351 - INFO - openpose - Gaze PUB: people=2, frame_idx=608
2025-11-25 15:18:07,813 - INFO - openpose - Gaze3D frame=612 id=left label=Left person v=[-0.325, 0.009, 0.946] yaw=-18.9 pitch=-0.5 cx=273.5304718017578
2025-11-25 15:18:07,813 - INFO - openpose - Gaze3D frame=612 id=right label=Right person v=[-0.351, 0.106, 0.930] yaw=-20.7 pitch=-6.1 cx=392.2457275390625
2025-11-25 15:18:07,813 - INFO - openpose - Gaze PUB: people=2, frame_idx=612
2025-11-25 15:18:07,815 - INFO - openpose - ZMQ Message received (non-blocking): PL: Arm Retracted Check
2025-11-25 15:18:07,815 - INFO - openpose - ZMQ Sending: Left: Arm Retracted
2025-11-25 15:18:08,280 - INFO - openpose - Gaze3D frame=616 id=left label=Left person v=[-0.393, -0.118, 0.912] yaw=-23.3 pitch=6.8 cx=269.2834701538086
2025-11-25 15:18:08,280 - INFO - openpose - Gaze3D frame=616 id=right label=Right person v=[-0.031, -0.039, 0.999] yaw=-1.8 pitch=2.2 cx=391.955322265625
2025-11-25 15:18:08,280 - INFO - openpose - Gaze PUB: people=2, frame_idx=616
2025-11-25 15:18:08,701 - INFO - openpose - Gaze3D frame=620 id=left label=Left person v=[-0.016, 0.049, 0.999] yaw=-0.9 pitch=-2.8 cx=267.83695220947266
2025-11-25 15:18:08,701 - INFO - openpose - Gaze3D frame=620 id=right label=Right person v=[0.072, -0.639, 0.766] yaw=5.4 pitch=39.7 cx=386.40765380859375
2025-11-25 15:18:08,702 - INFO - openpose - Gaze PUB: people=2, frame_idx=620
2025-11-25 15:18:09,138 - INFO - openpose - Gaze3D frame=624 id=left label=Left person v=[-0.108, 0.241, 0.965] yaw=-6.4 pitch=-13.9 cx=250.61963653564453
2025-11-25 15:18:09,138 - INFO - openpose - Gaze3D frame=624 id=right label=Right person v=[0.042, -0.619, 0.785] yaw=3.1 pitch=38.2 cx=387.2889862060547
2025-11-25 15:18:09,138 - INFO - openpose - Gaze PUB: people=2, frame_idx=624
2025-11-25 15:18:09,599 - INFO - openpose - Gaze3D frame=628 id=left label=Left person v=[-0.121, 0.152, 0.981] yaw=-7.0 pitch=-8.8 cx=220.37869262695312
2025-11-25 15:18:09,600 - INFO - openpose - Gaze3D frame=628 id=right label=Right person v=[0.065, -0.607, 0.792] yaw=4.7 pitch=37.4 cx=387.78436279296875
2025-11-25 15:18:09,600 - INFO - openpose - Gaze PUB: people=2, frame_idx=628
2025-11-25 15:18:10,040 - INFO - openpose - Gaze3D frame=632 id=left label=Left person v=[-0.081, 0.082, 0.993] yaw=-4.7 pitch=-4.7 cx=204.1163558959961
2025-11-25 15:18:10,040 - INFO - openpose - Gaze3D frame=632 id=right label=Right person v=[0.074, -0.587, 0.806] yaw=5.2 pitch=36.0 cx=385.4789276123047
2025-11-25 15:18:10,040 - INFO - openpose - Gaze PUB: people=2, frame_idx=632
2025-11-25 15:18:10,478 - INFO - openpose - Gaze3D frame=636 id=left label=Left person v=[-0.233, 0.038, 0.972] yaw=-13.5 pitch=-2.2 cx=198.66710662841797
2025-11-25 15:18:10,478 - INFO - openpose - Gaze3D frame=636 id=right label=Right person v=[-0.403, -0.282, 0.871] yaw=-24.8 pitch=16.4 cx=385.9999084472656
2025-11-25 15:18:10,479 - INFO - openpose - Gaze PUB: people=2, frame_idx=636
2025-11-25 15:18:10,931 - INFO - openpose - Gaze3D frame=640 id=left label=Left person v=[-0.014, -0.563, 0.826] yaw=-0.9 pitch=34.3 cx=196.29898071289062
2025-11-25 15:18:10,931 - INFO - openpose - Gaze3D frame=640 id=right label=Right person v=[-0.294, -0.085, 0.952] yaw=-17.2 pitch=4.9 cx=386.44432067871094
2025-11-25 15:18:10,931 - INFO - openpose - Gaze PUB: people=2, frame_idx=640
2025-11-25 15:18:11,358 - INFO - openpose - Gaze3D frame=644 id=left label=Left person v=[-0.089, -0.261, 0.961] yaw=-5.3 pitch=15.1 cx=192.58071899414062
2025-11-25 15:18:11,358 - INFO - openpose - Gaze3D frame=644 id=right label=Right person v=[-0.280, -0.247, 0.928] yaw=-16.8 pitch=14.3 cx=386.65057373046875
2025-11-25 15:18:11,358 - INFO - openpose - Gaze PUB: people=2, frame_idx=644
2025-11-25 15:18:11,795 - INFO - openpose - Gaze3D frame=648 id=left label=Left person v=[-0.227, -0.324, 0.918] yaw=-13.9 pitch=18.9 cx=196.16049194335938
2025-11-25 15:18:11,795 - INFO - openpose - Gaze3D frame=648 id=right label=Right person v=[-0.216, -0.130, 0.968] yaw=-12.6 pitch=7.5 cx=386.87530517578125
2025-11-25 15:18:11,795 - INFO - openpose - Gaze PUB: people=2, frame_idx=648
2025-11-25 15:18:12,250 - INFO - openpose - Gaze3D frame=652 id=left label=Left person v=[-0.264, -0.004, 0.964] yaw=-15.3 pitch=0.2 cx=200.46224975585938
2025-11-25 15:18:12,251 - INFO - openpose - Gaze3D frame=652 id=right label=Right person v=[-0.317, -0.211, 0.925] yaw=-18.9 pitch=12.2 cx=386.8433532714844
2025-11-25 15:18:12,251 - INFO - openpose - Gaze PUB: people=2, frame_idx=652
2025-11-25 15:18:12,718 - INFO - openpose - Gaze3D frame=656 id=left label=Left person v=[-0.255, 0.084, 0.963] yaw=-14.8 pitch=-4.8 cx=201.43214416503906
2025-11-25 15:18:12,718 - INFO - openpose - Gaze3D frame=656 id=right label=Right person v=[-0.265, -0.221, 0.938] yaw=-15.8 pitch=12.8 cx=386.65394592285156
2025-11-25 15:18:12,719 - INFO - openpose - Gaze PUB: people=2, frame_idx=656
2025-11-25 15:18:13,180 - INFO - openpose - Gaze3D frame=660 id=left label=Left person v=[-0.217, -0.049, 0.975] yaw=-12.5 pitch=2.8 cx=201.6237030029297
2025-11-25 15:18:13,181 - INFO - openpose - Gaze3D frame=660 id=right label=Right person v=[-0.268, -0.246, 0.931] yaw=-16.1 pitch=14.3 cx=386.3917694091797
2025-11-25 15:18:13,181 - INFO - openpose - Gaze PUB: people=2, frame_idx=660
2025-11-25 15:18:13,616 - INFO - openpose - Gaze3D frame=664 id=left label=Left person v=[-0.192, 0.103, 0.976] yaw=-11.1 pitch=-5.9 cx=201.7115707397461
2025-11-25 15:18:13,616 - INFO - openpose - Gaze3D frame=664 id=right label=Right person v=[-0.307, -0.306, 0.901] yaw=-18.8 pitch=17.8 cx=386.7686767578125
2025-11-25 15:18:13,616 - INFO - openpose - Gaze PUB: people=2, frame_idx=664
2025-11-25 15:18:14,055 - INFO - openpose - Gaze3D frame=668 id=left label=Left person v=[-0.174, 0.626, 0.760] yaw=-12.9 pitch=-38.8 cx=209.82303619384766
2025-11-25 15:18:14,055 - INFO - openpose - Gaze3D frame=668 id=right label=Right person v=[-0.023, -0.385, 0.923] yaw=-1.5 pitch=22.6 cx=386.3024139404297
2025-11-25 15:18:14,055 - INFO - openpose - Gaze PUB: people=2, frame_idx=668
2025-11-25 15:18:14,498 - INFO - openpose - Gaze3D frame=672 id=left label=Left person v=[-0.224, 0.549, 0.805] yaw=-15.6 pitch=-33.3 cx=213.38263702392578
2025-11-25 15:18:14,498 - INFO - openpose - Gaze3D frame=672 id=right label=Right person v=[-0.052, -0.385, 0.921] yaw=-3.3 pitch=22.7 cx=384.1043701171875
2025-11-25 15:18:14,498 - INFO - openpose - Gaze PUB: people=2, frame_idx=672
2025-11-25 15:18:14,928 - INFO - openpose - Gaze3D frame=676 id=left label=Left person v=[-0.158, 0.053, 0.986] yaw=-9.1 pitch=-3.0 cx=205.6947784423828
2025-11-25 15:18:14,928 - INFO - openpose - Gaze3D frame=676 id=right label=Right person v=[-0.340, -0.253, 0.906] yaw=-20.6 pitch=14.7 cx=380.3756866455078
2025-11-25 15:18:14,928 - INFO - openpose - Gaze PUB: people=2, frame_idx=676
2025-11-25 15:18:15,354 - INFO - openpose - Gaze3D frame=680 id=left label=Left person v=[-0.174, 0.076, 0.982] yaw=-10.1 pitch=-4.4 cx=202.84851837158203
2025-11-25 15:18:15,354 - INFO - openpose - Gaze3D frame=680 id=right label=Right person v=[-0.058, -0.436, 0.898] yaw=-3.7 pitch=25.9 cx=371.49798583984375
2025-11-25 15:18:15,354 - INFO - openpose - Gaze PUB: people=2, frame_idx=680
2025-11-25 15:18:15,786 - INFO - openpose - Gaze3D frame=684 id=left label=Left person v=[-0.284, -0.011, 0.959] yaw=-16.5 pitch=0.6 cx=201.81641387939453
2025-11-25 15:18:15,786 - INFO - openpose - Gaze3D frame=684 id=right label=Right person v=[-0.196, -0.433, 0.880] yaw=-12.6 pitch=25.7 cx=363.4136047363281
2025-11-25 15:18:15,786 - INFO - openpose - Gaze PUB: people=2, frame_idx=684
2025-11-25 15:18:16,213 - INFO - openpose - Gaze3D frame=688 id=left label=Left person v=[-0.244, -0.017, 0.970] yaw=-14.1 pitch=1.0 cx=201.71890258789062
2025-11-25 15:18:16,213 - INFO - openpose - Gaze3D frame=688 id=right label=Right person v=[-0.510, -0.015, 0.860] yaw=-30.7 pitch=0.9 cx=374.08917236328125
2025-11-25 15:18:16,213 - INFO - openpose - Gaze PUB: people=2, frame_idx=688
2025-11-25 15:18:16,654 - INFO - openpose - Gaze3D frame=692 id=left label=Left person v=[-0.061, -0.537, 0.842] yaw=-4.1 pitch=32.5 cx=199.31575775146484
2025-11-25 15:18:16,654 - INFO - openpose - Gaze3D frame=692 id=right label=Right person v=[0.094, -0.247, 0.964] yaw=5.5 pitch=14.3 cx=381.5330810546875
2025-11-25 15:18:16,654 - INFO - openpose - Gaze PUB: people=2, frame_idx=692
2025-11-25 15:18:17,102 - INFO - openpose - Gaze3D frame=696 id=left label=Left person v=[-0.048, -0.486, 0.872] yaw=-3.1 pitch=29.1 cx=194.56070709228516
2025-11-25 15:18:17,102 - INFO - openpose - Gaze3D frame=696 id=right label=Right person v=[-0.339, -0.066, 0.939] yaw=-19.8 pitch=3.8 cx=386.5901336669922
2025-11-25 15:18:17,110 - INFO - openpose - Gaze PUB: people=2, frame_idx=696
2025-11-25 15:18:17,241 - INFO - openpose - Right person: Arm EXTENDED (depth-plane)
2025-11-25 15:18:17,241 - INFO - openpose - ZMQ Message received (non-blocking): PR: Arm Extended Check
2025-11-25 15:18:17,242 - INFO - openpose - ZMQ Sending: Right: Arm Extended
2025-11-25 15:18:17,304 - INFO - openpose - Right person: Arm RETRACTED (depth-plane)
2025-11-25 15:18:17,573 - INFO - openpose - Gaze3D frame=700 id=left label=Left person v=[-0.203, -0.075, 0.976] yaw=-11.7 pitch=4.3 cx=197.63229370117188
2025-11-25 15:18:17,573 - INFO - openpose - Gaze3D frame=700 id=right label=Right person v=[-0.344, -0.241, 0.907] yaw=-20.8 pitch=13.9 cx=379.75042724609375
2025-11-25 15:18:17,573 - INFO - openpose - Gaze PUB: people=2, frame_idx=700
2025-11-25 15:18:18,039 - INFO - openpose - Gaze3D frame=704 id=left label=Left person v=[-0.164, 0.152, 0.975] yaw=-9.6 pitch=-8.7 cx=199.34314727783203
2025-11-25 15:18:18,039 - INFO - openpose - Gaze3D frame=704 id=right label=Right person v=[-0.223, -0.222, 0.949] yaw=-13.2 pitch=12.8 cx=378.9432678222656
2025-11-25 15:18:18,039 - INFO - openpose - Gaze PUB: people=2, frame_idx=704
2025-11-25 15:18:18,040 - INFO - openpose - ZMQ Message received (non-blocking): PR: Arm Retracted Check
2025-11-25 15:18:18,041 - INFO - openpose - ZMQ Sending: Right: Arm Retracted
2025-11-25 15:18:18,479 - INFO - openpose - Gaze3D frame=708 id=left label=Left person v=[-0.241, -0.020, 0.970] yaw=-13.9 pitch=1.2 cx=198.87921142578125
2025-11-25 15:18:18,479 - INFO - openpose - Gaze3D frame=708 id=right label=Right person v=[-0.381, -0.213, 0.900] yaw=-23.0 pitch=12.3 cx=377.4940490722656
2025-11-25 15:18:18,479 - INFO - openpose - Gaze PUB: people=2, frame_idx=708
2025-11-25 15:18:18,898 - INFO - openpose - Gaze3D frame=712 id=left label=Left person v=[-0.191, -0.035, 0.981] yaw=-11.0 pitch=2.0 cx=198.63831329345703
2025-11-25 15:18:18,898 - INFO - openpose - Gaze3D frame=712 id=right label=Right person v=[-0.277, -0.026, 0.961] yaw=-16.1 pitch=1.5 cx=377.38153076171875
2025-11-25 15:18:18,898 - INFO - openpose - Gaze PUB: people=2, frame_idx=712
2025-11-25 15:18:19,348 - INFO - openpose - Gaze3D frame=716 id=left label=Left person v=[-0.328, -0.289, 0.899] yaw=-20.0 pitch=16.8 cx=198.6702423095703
2025-11-25 15:18:19,349 - INFO - openpose - Gaze3D frame=716 id=right label=Right person v=[-0.288, -0.110, 0.951] yaw=-16.9 pitch=6.3 cx=377.27207946777344
2025-11-25 15:18:19,349 - INFO - openpose - Gaze PUB: people=2, frame_idx=716
2025-11-25 15:18:19,800 - INFO - openpose - Gaze3D frame=720 id=left label=Left person v=[-0.192, -0.117, 0.974] yaw=-11.2 pitch=6.7 cx=198.39636993408203
2025-11-25 15:18:19,800 - INFO - openpose - Gaze3D frame=720 id=right label=Right person v=[-0.247, -0.188, 0.951] yaw=-14.6 pitch=10.8 cx=377.52223205566406
2025-11-25 15:18:19,800 - INFO - openpose - Gaze PUB: people=2, frame_idx=720
2025-11-25 15:18:20,254 - INFO - openpose - Gaze3D frame=724 id=left label=Left person v=[-0.205, -0.068, 0.976] yaw=-11.8 pitch=3.9 cx=198.10195922851562
2025-11-25 15:18:20,254 - INFO - openpose - Gaze3D frame=724 id=right label=Right person v=[-0.285, -0.293, 0.913] yaw=-17.3 pitch=17.0 cx=377.4061584472656
2025-11-25 15:18:20,254 - INFO - openpose - Gaze PUB: people=2, frame_idx=724
2025-11-25 15:18:20,688 - INFO - openpose - Gaze3D frame=728 id=left label=Left person v=[-0.250, -0.022, 0.968] yaw=-14.5 pitch=1.3 cx=198.3818130493164
2025-11-25 15:18:20,689 - INFO - openpose - Gaze3D frame=728 id=right label=Right person v=[-0.212, -0.347, 0.913] yaw=-13.1 pitch=20.3 cx=377.306640625
2025-11-25 15:18:20,689 - INFO - openpose - Gaze PUB: people=2, frame_idx=728
2025-11-25 15:18:21,113 - INFO - openpose - Gaze3D frame=732 id=left label=Left person v=[-0.219, 0.083, 0.972] yaw=-12.7 pitch=-4.7 cx=198.4782943725586
2025-11-25 15:18:21,113 - INFO - openpose - Gaze3D frame=732 id=right label=Right person v=[-0.250, -0.181, 0.951] yaw=-14.7 pitch=10.4 cx=377.49700927734375
2025-11-25 15:18:21,113 - INFO - openpose - Gaze PUB: people=2, frame_idx=732
2025-11-25 15:18:21,559 - INFO - openpose - Gaze3D frame=736 id=left label=Left person v=[-0.273, 0.036, 0.961] yaw=-15.9 pitch=-2.1 cx=197.83848571777344
2025-11-25 15:18:21,559 - INFO - openpose - Gaze3D frame=736 id=right label=Right person v=[-0.152, 0.031, 0.988] yaw=-8.7 pitch=-1.8 cx=381.5354766845703
2025-11-25 15:18:21,559 - INFO - openpose - Gaze PUB: people=2, frame_idx=736
2025-11-25 15:18:22,014 - INFO - openpose - Gaze3D frame=740 id=left label=Left person v=[-0.225, -0.100, 0.969] yaw=-13.1 pitch=5.7 cx=197.7447738647461
2025-11-25 15:18:22,015 - INFO - openpose - Gaze3D frame=740 id=right label=Right person v=[-0.314, -0.139, 0.939] yaw=-18.5 pitch=8.0 cx=390.40174865722656
2025-11-25 15:18:22,015 - INFO - openpose - Gaze PUB: people=2, frame_idx=740
2025-11-25 15:18:22,464 - INFO - openpose - Gaze3D frame=744 id=left label=Left person v=[-0.224, 0.064, 0.973] yaw=-12.9 pitch=-3.7 cx=197.2730484008789
2025-11-25 15:18:22,464 - INFO - openpose - Gaze3D frame=744 id=right label=Right person v=[-0.501, 0.137, 0.854] yaw=-30.4 pitch=-7.9 cx=388.27073669433594
2025-11-25 15:18:22,464 - INFO - openpose - Gaze PUB: people=2, frame_idx=744
2025-11-25 15:18:22,878 - INFO - openpose - Gaze3D frame=748 id=left label=Left person v=[-0.280, -0.251, 0.927] yaw=-16.8 pitch=14.5 cx=197.0264663696289
2025-11-25 15:18:22,878 - INFO - openpose - Gaze3D frame=748 id=right label=Right person v=[-0.512, -0.347, 0.786] yaw=-33.1 pitch=20.3 cx=388.83045959472656
2025-11-25 15:18:22,878 - INFO - openpose - Gaze PUB: people=2, frame_idx=748
2025-11-25 15:18:23,334 - INFO - openpose - Gaze3D frame=752 id=left label=Left person v=[-0.256, -0.259, 0.931] yaw=-15.4 pitch=15.0 cx=198.75504302978516
2025-11-25 15:18:23,335 - INFO - openpose - Gaze3D frame=752 id=right label=Right person v=[-0.373, -0.004, 0.928] yaw=-21.9 pitch=0.2 cx=388.42958068847656
2025-11-25 15:18:23,335 - INFO - openpose - Gaze PUB: people=2, frame_idx=752
2025-11-25 15:18:23,783 - INFO - openpose - Gaze3D frame=756 id=left label=Left person v=[-0.070, -0.462, 0.884] yaw=-4.5 pitch=27.5 cx=196.32379150390625
2025-11-25 15:18:23,783 - INFO - openpose - Gaze3D frame=756 id=right label=Right person v=[-0.491, -0.027, 0.871] yaw=-29.4 pitch=1.6 cx=390.8179931640625
2025-11-25 15:18:23,783 - INFO - openpose - Gaze PUB: people=2, frame_idx=756
2025-11-25 15:18:24,194 - INFO - openpose - Gaze3D frame=760 id=left label=Left person v=[-0.290, -0.420, 0.860] yaw=-18.7 pitch=24.8 cx=212.68912506103516
2025-11-25 15:18:24,194 - INFO - openpose - Gaze3D frame=760 id=right label=Right person v=[-0.412, -0.285, 0.865] yaw=-25.5 pitch=16.5 cx=398.0111541748047
2025-11-25 15:18:24,194 - INFO - openpose - Gaze PUB: people=2, frame_idx=760
2025-11-25 15:18:24,628 - INFO - openpose - Gaze3D frame=764 id=left label=Left person v=[-0.137, 0.124, 0.983] yaw=-7.9 pitch=-7.1 cx=243.8882064819336
2025-11-25 15:18:24,628 - INFO - openpose - Gaze3D frame=764 id=right label=Right person v=[-0.345, 0.000, 0.938] yaw=-20.2 pitch=-0.0 cx=403.07781982421875
2025-11-25 15:18:24,628 - INFO - openpose - Gaze PUB: people=2, frame_idx=764
2025-11-25 15:18:24,688 - INFO - openpose - Left person: Arm EXTENDED (depth-plane)
2025-11-25 15:18:24,688 - INFO - openpose - ZMQ Message received (non-blocking): PL: Arm Extended Check
2025-11-25 15:18:24,688 - INFO - openpose - ZMQ Sending: Left: Arm Extended
2025-11-25 15:18:25,059 - INFO - openpose - Gaze3D frame=768 id=left label=Left person v=[-0.251, -0.025, 0.968] yaw=-14.6 pitch=1.4 cx=261.2164001464844
2025-11-25 15:18:25,059 - INFO - openpose - Gaze3D frame=768 id=right label=Right person v=[-0.379, -0.006, 0.925] yaw=-22.3 pitch=0.3 cx=400.55909729003906
2025-11-25 15:18:25,059 - INFO - openpose - Gaze PUB: people=2, frame_idx=768
2025-11-25 15:18:25,117 - INFO - openpose - Left person: Arm RETRACTED (depth-plane)
2025-11-25 15:18:25,475 - INFO - openpose - Gaze3D frame=772 id=left label=Left person v=[-0.352, 0.056, 0.934] yaw=-20.7 pitch=-3.2 cx=260.6023254394531
2025-11-25 15:18:25,475 - INFO - openpose - Gaze3D frame=772 id=right label=Right person v=[-0.214, 0.068, 0.975] yaw=-12.4 pitch=-3.9 cx=398.17718505859375
2025-11-25 15:18:25,475 - INFO - openpose - Gaze PUB: people=2, frame_idx=772
2025-11-25 15:18:25,477 - INFO - openpose - ZMQ Message received (non-blocking): PL: Arm Retracted Check
2025-11-25 15:18:25,477 - INFO - openpose - ZMQ Sending: Left: Arm Retracted
2025-11-25 15:18:25,881 - INFO - openpose - Gaze3D frame=776 id=left label=Left person v=[-0.332, 0.193, 0.923] yaw=-19.8 pitch=-11.1 cx=258.29962158203125
2025-11-25 15:18:25,881 - INFO - openpose - Gaze3D frame=776 id=right label=Right person v=[-0.198, 0.074, 0.978] yaw=-11.4 pitch=-4.2 cx=397.1069030761719
2025-11-25 15:18:25,881 - INFO - openpose - Gaze PUB: people=2, frame_idx=776
2025-11-25 15:18:26,320 - INFO - openpose - Gaze3D frame=780 id=left label=Left person v=[-0.181, -0.145, 0.973] yaw=-10.6 pitch=8.3 cx=257.0800323486328
2025-11-25 15:18:26,320 - INFO - openpose - Gaze3D frame=780 id=right label=Right person v=[-0.163, -0.017, 0.986] yaw=-9.4 pitch=1.0 cx=396.49217224121094
2025-11-25 15:18:26,321 - INFO - openpose - Gaze PUB: people=2, frame_idx=780
2025-11-25 15:18:26,762 - INFO - openpose - Gaze3D frame=784 id=left label=Left person v=[-0.050, -0.440, 0.896] yaw=-3.2 pitch=26.1 cx=219.85215759277344
2025-11-25 15:18:26,762 - INFO - openpose - Gaze3D frame=784 id=right label=Right person v=[-0.190, -0.050, 0.981] yaw=-11.0 pitch=2.9 cx=396.44317626953125
2025-11-25 15:18:26,762 - INFO - openpose - Gaze PUB: people=2, frame_idx=784
2025-11-25 15:18:27,208 - INFO - openpose - Gaze3D frame=788 id=left label=Left person v=[-0.141, -0.071, 0.988] yaw=-8.1 pitch=4.1 cx=157.5362319946289
2025-11-25 15:18:27,209 - INFO - openpose - Gaze3D frame=788 id=right label=Right person v=[0.078, -0.469, 0.880] yaw=5.1 pitch=28.0 cx=394.22694396972656
2025-11-25 15:18:27,209 - INFO - openpose - Gaze PUB: people=2, frame_idx=788
2025-11-25 15:18:27,656 - INFO - openpose - Gaze3D frame=792 id=left label=Left person v=[-0.192, -0.101, 0.976] yaw=-11.1 pitch=5.8 cx=162.4561538696289
2025-11-25 15:18:27,656 - INFO - openpose - Gaze3D frame=792 id=right label=Right person v=[0.292, -0.385, 0.876] yaw=18.4 pitch=22.6 cx=397.43804931640625
2025-11-25 15:18:27,656 - INFO - openpose - Gaze PUB: people=2, frame_idx=792
2025-11-25 15:18:28,070 - INFO - openpose - Gaze3D frame=796 id=left label=Left person v=[-0.226, 0.035, 0.973] yaw=-13.1 pitch=-2.0 cx=189.9080352783203
2025-11-25 15:18:28,070 - INFO - openpose - Gaze3D frame=796 id=right label=Right person v=[0.028, 0.119, 0.993] yaw=1.6 pitch=-6.8 cx=398.3531799316406
2025-11-25 15:18:28,070 - INFO - openpose - Gaze PUB: people=2, frame_idx=796
2025-11-25 15:18:28,494 - INFO - openpose - Gaze3D frame=800 id=left label=Left person v=[0.053, -0.109, 0.993] yaw=3.1 pitch=6.3 cx=181.67874145507812
2025-11-25 15:18:28,494 - INFO - openpose - Gaze3D frame=800 id=right label=Right person v=[-0.081, 0.237, 0.968] yaw=-4.8 pitch=-13.7 cx=400.1513214111328
2025-11-25 15:18:28,495 - INFO - openpose - Gaze PUB: people=2, frame_idx=800
2025-11-25 15:18:28,933 - INFO - openpose - Gaze3D frame=804 id=left label=Left person v=[0.129, 0.595, 0.793] yaw=9.2 pitch=-36.5 cx=158.8461685180664
2025-11-25 15:18:28,933 - INFO - openpose - Gaze3D frame=804 id=right label=Right person v=[-0.051, 0.090, 0.995] yaw=-3.0 pitch=-5.2 cx=399.60951232910156
2025-11-25 15:18:28,933 - INFO - openpose - Gaze PUB: people=2, frame_idx=804
2025-11-25 15:18:29,386 - INFO - openpose - Gaze3D frame=808 id=left label=Left person v=[0.092, 0.759, 0.644] yaw=8.1 pitch=-49.4 cx=150.85874938964844
2025-11-25 15:18:29,387 - INFO - openpose - Gaze3D frame=808 id=right label=Right person v=[0.107, -0.230, 0.967] yaw=6.3 pitch=13.3 cx=398.46766662597656
2025-11-25 15:18:29,387 - INFO - openpose - Gaze PUB: people=2, frame_idx=808
2025-11-25 15:18:29,814 - INFO - openpose - Gaze3D frame=812 id=left label=Left person v=[-0.176, -0.086, 0.981] yaw=-10.2 pitch=4.9 cx=166.95318603515625
2025-11-25 15:18:29,815 - INFO - openpose - Gaze3D frame=812 id=right label=Right person v=[-0.026, -0.237, 0.971] yaw=-1.5 pitch=13.7 cx=397.4071502685547
2025-11-25 15:18:29,815 - INFO - openpose - Gaze PUB: people=2, frame_idx=812
2025-11-25 15:18:30,261 - INFO - openpose - Gaze3D frame=816 id=left label=Left person v=[-0.073, -0.145, 0.987] yaw=-4.2 pitch=8.3 cx=205.4180145263672
2025-11-25 15:18:30,262 - INFO - openpose - Gaze3D frame=816 id=right label=Right person v=[-0.267, -0.007, 0.964] yaw=-15.5 pitch=0.4 cx=397.1501007080078
2025-11-25 15:18:30,262 - INFO - openpose - Gaze PUB: people=2, frame_idx=816
2025-11-25 15:18:30,716 - INFO - openpose - Gaze3D frame=820 id=left label=Left person v=[-0.095, -0.165, 0.982] yaw=-5.5 pitch=9.5 cx=209.9460678100586
2025-11-25 15:18:30,716 - INFO - openpose - Gaze3D frame=820 id=right label=Right person v=[-0.190, 0.187, 0.964] yaw=-11.1 pitch=-10.8 cx=402.83323669433594
2025-11-25 15:18:30,716 - INFO - openpose - Gaze PUB: people=2, frame_idx=820
2025-11-25 15:18:31,169 - INFO - openpose - Gaze3D frame=824 id=left label=Left person v=[-0.131, -0.139, 0.982] yaw=-7.6 pitch=8.0 cx=157.8482437133789
2025-11-25 15:18:31,170 - INFO - openpose - Gaze3D frame=824 id=right label=Right person v=[-0.067, 0.138, 0.988] yaw=-3.9 pitch=-7.9 cx=423.1890563964844
2025-11-25 15:18:31,170 - INFO - openpose - Gaze PUB: people=2, frame_idx=824
2025-11-25 15:18:31,360 - INFO - openpose - Right person: Arm EXTENDED (depth-plane)
2025-11-25 15:18:31,360 - INFO - openpose - ZMQ Message received (non-blocking): PR: Arm Extended Check
2025-11-25 15:18:31,360 - INFO - openpose - ZMQ Sending: Right: Arm Extended
2025-11-25 15:18:31,624 - INFO - openpose - Gaze3D frame=828 id=left label=Left person v=[-0.258, -0.106, 0.960] yaw=-15.0 pitch=6.1 cx=139.88666915893555
2025-11-25 15:18:31,624 - INFO - openpose - Gaze3D frame=828 id=right label=Right person v=[-0.236, 0.466, 0.853] yaw=-15.5 pitch=-27.8 cx=411.41612243652344
2025-11-25 15:18:31,624 - INFO - openpose - Gaze PUB: people=2, frame_idx=828
2025-11-25 15:18:31,625 - INFO - openpose - Right person: Arm RETRACTED (depth-plane)
2025-11-25 15:18:31,686 - INFO - openpose - Robot's turn detected
2025-11-25 15:18:32,070 - INFO - openpose - Gaze3D frame=832 id=left label=Left person v=[-0.233, 0.054, 0.971] yaw=-13.5 pitch=-3.1 cx=143.95465850830078
2025-11-25 15:18:32,071 - INFO - openpose - Gaze3D frame=832 id=right label=Right person v=[-0.175, 0.346, 0.922] yaw=-10.8 pitch=-20.2 cx=395.37567138671875
2025-11-25 15:18:32,071 - INFO - openpose - Gaze PUB: people=2, frame_idx=832
2025-11-25 15:18:32,071 - INFO - openpose - ZMQ Message received (non-blocking): PR: Arm Retracted Check
2025-11-25 15:18:32,071 - INFO - openpose - ZMQ Sending: Right: Arm Retracted
2025-11-25 15:18:32,503 - INFO - openpose - Gaze3D frame=836 id=left label=Left person v=[-0.204, 0.070, 0.976] yaw=-11.8 pitch=-4.0 cx=139.17140197753906
2025-11-25 15:18:32,503 - INFO - openpose - Gaze3D frame=836 id=right label=Right person v=[-0.307, -0.051, 0.950] yaw=-17.9 pitch=2.9 cx=393.3684844970703
2025-11-25 15:18:32,503 - INFO - openpose - Gaze PUB: people=2, frame_idx=836
2025-11-25 15:18:32,952 - INFO - openpose - Gaze3D frame=840 id=left label=Left person v=[-0.297, -0.084, 0.951] yaw=-17.3 pitch=4.8 cx=131.7626609802246
2025-11-25 15:18:32,952 - INFO - openpose - Gaze3D frame=840 id=right label=Right person v=[-0.302, -0.147, 0.942] yaw=-17.7 pitch=8.5 cx=388.5284118652344
2025-11-25 15:18:32,952 - INFO - openpose - Gaze PUB: people=2, frame_idx=840
2025-11-25 15:18:33,386 - INFO - openpose - Gaze3D frame=844 id=left label=Left person v=[-0.275, -0.005, 0.961] yaw=-15.9 pitch=0.3 cx=126.98550415039062
2025-11-25 15:18:33,387 - INFO - openpose - Gaze3D frame=844 id=right label=Right person v=[-0.292, 0.170, 0.941] yaw=-17.2 pitch=-9.8 cx=390.19078063964844
2025-11-25 15:18:33,387 - INFO - openpose - Gaze PUB: people=2, frame_idx=844
2025-11-25 15:18:33,824 - INFO - openpose - Gaze3D frame=848 id=left label=Left person v=[-0.294, -0.210, 0.932] yaw=-17.5 pitch=12.1 cx=162.85577392578125
2025-11-25 15:18:33,824 - INFO - openpose - Gaze3D frame=848 id=right label=Right person v=[0.090, -0.245, 0.965] yaw=5.3 pitch=14.2 cx=382.0375518798828
2025-11-25 15:18:33,824 - INFO - openpose - Gaze PUB: people=2, frame_idx=848
2025-11-25 15:18:34,254 - INFO - openpose - Gaze3D frame=852 id=left label=Left person v=[-0.140, 0.015, 0.990] yaw=-8.1 pitch=-0.9 cx=214.33860778808594
2025-11-25 15:18:34,254 - INFO - openpose - Gaze3D frame=852 id=right label=Right person v=[-0.150, 0.085, 0.985] yaw=-8.7 pitch=-4.9 cx=403.7205047607422
2025-11-25 15:18:34,254 - INFO - openpose - Gaze PUB: people=2, frame_idx=852
2025-11-25 15:18:34,700 - INFO - openpose - Gaze3D frame=856 id=left label=Left person v=[-0.200, 0.092, 0.975] yaw=-11.6 pitch=-5.3 cx=229.68809509277344
2025-11-25 15:18:34,700 - INFO - openpose - Gaze3D frame=856 id=right label=Right person v=[-0.197, 0.199, 0.960] yaw=-11.6 pitch=-11.5 cx=412.406005859375
2025-11-25 15:18:34,700 - INFO - openpose - Gaze PUB: people=2, frame_idx=856
2025-11-25 15:18:35,120 - INFO - openpose - Gaze3D frame=860 id=left label=Left person v=[-0.144, -0.312, 0.939] yaw=-8.7 pitch=18.2 cx=213.05448150634766
2025-11-25 15:18:35,120 - INFO - openpose - Gaze3D frame=860 id=right label=Right person v=[-0.283, 0.169, 0.944] yaw=-16.7 pitch=-9.7 cx=408.6895294189453
2025-11-25 15:18:35,121 - INFO - openpose - Gaze PUB: people=2, frame_idx=860
2025-11-25 15:18:35,568 - INFO - openpose - Gaze3D frame=864 id=left label=Left person v=[-0.072, -0.253, 0.965] yaw=-4.2 pitch=14.7 cx=171.87246704101562
2025-11-25 15:18:35,568 - INFO - openpose - Gaze3D frame=864 id=right label=Right person v=[-0.294, 0.139, 0.946] yaw=-17.3 pitch=-8.0 cx=399.6901092529297
2025-11-25 15:18:35,568 - INFO - openpose - Gaze PUB: people=2, frame_idx=864
2025-11-25 15:18:36,018 - INFO - openpose - Gaze3D frame=868 id=left label=Left person v=[-0.250, -0.308, 0.918] yaw=-15.2 pitch=18.0 cx=139.16851043701172
2025-11-25 15:18:36,018 - INFO - openpose - Gaze3D frame=868 id=right label=Right person v=[-0.329, 0.094, 0.940] yaw=-19.3 pitch=-5.4 cx=399.17657470703125
2025-11-25 15:18:36,018 - INFO - openpose - Gaze PUB: people=2, frame_idx=868
2025-11-25 15:18:36,451 - INFO - openpose - Gaze3D frame=872 id=left label=Left person v=[-0.108, -0.502, 0.858] yaw=-7.2 pitch=30.1 cx=129.71345138549805
2025-11-25 15:18:36,451 - INFO - openpose - Gaze3D frame=872 id=right label=Right person v=[-0.333, 0.078, 0.940] yaw=-19.5 pitch=-4.4 cx=400.65476989746094
2025-11-25 15:18:36,451 - INFO - openpose - Gaze PUB: people=2, frame_idx=872
2025-11-25 15:18:36,891 - INFO - openpose - Gaze3D frame=876 id=left label=Left person v=[-0.037, -0.184, 0.982] yaw=-2.2 pitch=10.6 cx=126.10937118530273
2025-11-25 15:18:36,891 - INFO - openpose - Gaze3D frame=876 id=right label=Right person v=[-0.361, 0.040, 0.932] yaw=-21.2 pitch=-2.3 cx=404.72914123535156
2025-11-25 15:18:36,891 - INFO - openpose - Gaze PUB: people=2, frame_idx=876
2025-11-25 15:18:37,341 - INFO - openpose - Gaze3D frame=880 id=left label=Left person v=[0.043, -0.033, 0.999] yaw=2.5 pitch=1.9 cx=126.54121398925781
2025-11-25 15:18:37,341 - INFO - openpose - Gaze3D frame=880 id=right label=Right person v=[-0.412, 0.078, 0.908] yaw=-24.4 pitch=-4.5 cx=416.42103576660156
2025-11-25 15:18:37,341 - INFO - openpose - Gaze PUB: people=2, frame_idx=880
2025-11-25 15:18:37,778 - INFO - openpose - Gaze3D frame=884 id=left label=Left person v=[-0.117, 0.266, 0.957] yaw=-7.0 pitch=-15.4 cx=129.83384704589844
2025-11-25 15:18:37,778 - INFO - openpose - Gaze3D frame=884 id=right label=Right person v=[-0.413, -0.158, 0.897] yaw=-24.7 pitch=9.1 cx=419.3155059814453
2025-11-25 15:18:37,786 - INFO - openpose - Gaze PUB: people=2, frame_idx=884
2025-11-25 15:18:38,233 - INFO - openpose - Gaze3D frame=888 id=left label=Left person v=[-0.136, 0.185, 0.973] yaw=-7.9 pitch=-10.6 cx=137.04641342163086
2025-11-25 15:18:38,233 - INFO - openpose - Gaze3D frame=888 id=right label=Right person v=[-0.454, -0.044, 0.890] yaw=-27.1 pitch=2.5 cx=479.4122314453125
2025-11-25 15:18:38,233 - INFO - openpose - Gaze PUB: people=2, frame_idx=888
2025-11-25 15:18:38,660 - INFO - openpose - Gaze3D frame=892 id=left label=Left person v=[-0.201, 0.162, 0.966] yaw=-11.8 pitch=-9.3 cx=145.10834503173828
2025-11-25 15:18:38,660 - INFO - openpose - Gaze3D frame=892 id=right label=Right person v=[-0.572, -0.181, 0.800] yaw=-35.6 pitch=10.4 cx=520.8446960449219
2025-11-25 15:18:38,660 - INFO - openpose - Gaze PUB: people=2, frame_idx=892
2025-11-25 15:18:39,095 - INFO - openpose - Gaze3D frame=896 id=left label=Left person v=[-0.077, -0.072, 0.994] yaw=-4.5 pitch=4.1 cx=178.19039154052734
2025-11-25 15:18:39,096 - INFO - openpose - Gaze3D frame=896 id=right label=Right person v=[-0.564, -0.356, 0.745] yaw=-37.1 pitch=20.8 cx=512.9500885009766
2025-11-25 15:18:39,096 - INFO - openpose - Gaze PUB: people=2, frame_idx=896
2025-11-25 15:18:39,547 - INFO - openpose - Gaze3D frame=900 id=left label=Left person v=[-0.089, -0.017, 0.996] yaw=-5.1 pitch=1.0 cx=238.95844268798828
2025-11-25 15:18:39,547 - INFO - openpose - Gaze3D frame=900 id=right label=Right person v=[-0.496, -0.495, 0.713] yaw=-34.8 pitch=29.7 cx=529.2774963378906
2025-11-25 15:18:39,547 - INFO - openpose - Gaze PUB: people=2, frame_idx=900
2025-11-25 15:18:40,015 - INFO - openpose - Gaze3D frame=904 id=left label=Left person v=[-0.018, 0.045, 0.999] yaw=-1.0 pitch=-2.6 cx=258.6446228027344
2025-11-25 15:18:40,015 - INFO - openpose - Gaze3D frame=904 id=right label=Right person v=[-0.537, 0.065, 0.841] yaw=-32.6 pitch=-3.7 cx=535.0873107910156
2025-11-25 15:18:40,015 - INFO - openpose - Gaze PUB: people=2, frame_idx=904
2025-11-25 15:18:40,450 - INFO - openpose - Gaze3D frame=908 id=left label=Left person v=[-0.075, -0.120, 0.990] yaw=-4.3 pitch=6.9 cx=261.10379791259766
2025-11-25 15:18:40,450 - INFO - openpose - Gaze3D frame=908 id=right label=Right person v=[-0.475, -0.362, 0.802] yaw=-30.7 pitch=21.2 cx=531.671142578125
2025-11-25 15:18:40,450 - INFO - openpose - Gaze PUB: people=2, frame_idx=908
2025-11-25 15:18:40,928 - INFO - openpose - Gaze3D frame=912 id=left label=Left person v=[-0.141, 0.032, 0.989] yaw=-8.1 pitch=-1.8 cx=243.70642852783203
2025-11-25 15:18:40,929 - INFO - openpose - Gaze3D frame=912 id=right label=Right person v=[-0.389, -0.278, 0.878] yaw=-23.9 pitch=16.2 cx=533.2475433349609
2025-11-25 15:18:40,929 - INFO - openpose - Gaze PUB: people=2, frame_idx=912
2025-11-25 15:18:41,360 - INFO - openpose - Gaze3D frame=916 id=left label=Left person v=[-0.115, 0.063, 0.991] yaw=-6.6 pitch=-3.6 cx=224.1692123413086
2025-11-25 15:18:41,360 - INFO - openpose - Gaze3D frame=916 id=right label=Right person v=[-0.479, -0.280, 0.832] yaw=-29.9 pitch=16.3 cx=538.6492309570312
2025-11-25 15:18:41,360 - INFO - openpose - Gaze PUB: people=2, frame_idx=916
2025-11-25 15:18:41,857 - INFO - openpose - Gaze3D frame=920 id=left label=Left person v=[-0.163, -0.229, 0.960] yaw=-9.6 pitch=13.3 cx=271.0915222167969
2025-11-25 15:18:41,857 - INFO - openpose - Gaze3D frame=920 id=right label=Right person v=[-0.488, -0.244, 0.838] yaw=-30.2 pitch=14.1 cx=547.9203186035156
2025-11-25 15:18:41,857 - INFO - openpose - Gaze PUB: people=2, frame_idx=920
2025-11-25 15:18:42,336 - INFO - openpose - Gaze3D frame=924 id=left label=Left person v=[-0.259, -0.237, 0.936] yaw=-15.5 pitch=13.7 cx=310.651123046875
2025-11-25 15:18:42,337 - INFO - openpose - Gaze3D frame=924 id=right label=Right person v=[-0.451, -0.409, 0.793] yaw=-29.7 pitch=24.2 cx=553.0976257324219
2025-11-25 15:18:42,337 - INFO - openpose - Gaze PUB: people=2, frame_idx=924
2025-11-25 15:18:42,784 - INFO - openpose - Gaze3D frame=928 id=left label=Left person v=[-0.194, -0.159, 0.968] yaw=-11.3 pitch=9.2 cx=305.8627014160156
2025-11-25 15:18:42,784 - INFO - openpose - Gaze3D frame=928 id=right label=Right person v=[-0.481, -0.486, 0.730] yaw=-33.4 pitch=29.1 cx=556.0689392089844
2025-11-25 15:18:42,784 - INFO - openpose - Gaze PUB: people=2, frame_idx=928
2025-11-25 15:18:43,235 - INFO - openpose - Gaze3D frame=932 id=left label=Left person v=[-0.212, -0.236, 0.948] yaw=-12.6 pitch=13.7 cx=307.54852294921875
2025-11-25 15:18:43,235 - INFO - openpose - Gaze3D frame=932 id=right label=Right person v=[-0.400, -0.415, 0.817] yaw=-26.1 pitch=24.5 cx=551.4280853271484
2025-11-25 15:18:43,235 - INFO - openpose - Gaze PUB: people=2, frame_idx=932
2025-11-25 15:18:43,672 - INFO - openpose - Gaze3D frame=936 id=left label=Left person v=[-0.262, -0.215, 0.941] yaw=-15.6 pitch=12.4 cx=308.76922607421875
2025-11-25 15:18:43,672 - INFO - openpose - Gaze3D frame=936 id=right label=Right person v=[-0.420, -0.464, 0.780] yaw=-28.3 pitch=27.7 cx=540.2396240234375
2025-11-25 15:18:43,672 - INFO - openpose - Gaze PUB: people=2, frame_idx=936
2025-11-25 15:18:44,116 - INFO - openpose - Gaze3D frame=940 id=left label=Left person v=[-0.181, 0.138, 0.974] yaw=-10.5 pitch=-7.9 cx=309.32566833496094
2025-11-25 15:18:44,116 - INFO - openpose - Gaze3D frame=940 id=right label=Right person v=[-0.381, -0.612, 0.693] yaw=-28.8 pitch=37.7 cx=524.7381134033203
2025-11-25 15:18:44,116 - INFO - openpose - Gaze PUB: people=2, frame_idx=940
2025-11-25 15:18:44,558 - INFO - openpose - Gaze3D frame=944 id=left label=Left person v=[-0.176, -0.093, 0.980] yaw=-10.2 pitch=5.3 cx=301.6685028076172
2025-11-25 15:18:44,558 - INFO - openpose - Gaze3D frame=944 id=right label=Right person v=[-0.346, -0.699, 0.626] yaw=-28.9 pitch=44.4 cx=514.60693359375
2025-11-25 15:18:44,559 - INFO - openpose - Gaze PUB: people=2, frame_idx=944
2025-11-25 15:18:45,031 - INFO - openpose - Gaze3D frame=948 id=left label=Left person v=[-0.111, 0.073, 0.991] yaw=-6.4 pitch=-4.2 cx=298.75230407714844
2025-11-25 15:18:45,031 - INFO - openpose - Gaze3D frame=948 id=right label=Right person v=[-0.335, -0.743, 0.579] yaw=-30.1 pitch=48.0 cx=506.35060119628906
2025-11-25 15:18:45,032 - INFO - openpose - Gaze PUB: people=2, frame_idx=948
2025-11-25 15:18:45,461 - INFO - openpose - Gaze3D frame=952 id=left label=Left person v=[-0.227, -0.118, 0.967] yaw=-13.2 pitch=6.8 cx=299.0199432373047
2025-11-25 15:18:45,461 - INFO - openpose - Gaze3D frame=952 id=right label=Right person v=[-0.305, -0.788, 0.534] yaw=-29.7 pitch=52.0 cx=503.62962341308594
2025-11-25 15:18:45,461 - INFO - openpose - Gaze PUB: people=2, frame_idx=952
2025-11-25 15:18:45,921 - INFO - openpose - Gaze3D frame=956 id=left label=Left person v=[-0.174, 0.079, 0.982] yaw=-10.1 pitch=-4.5 cx=297.84397888183594
2025-11-25 15:18:45,921 - INFO - openpose - Gaze3D frame=956 id=right label=Right person v=[-0.342, -0.709, 0.617] yaw=-29.0 pitch=45.1 cx=503.1020965576172
2025-11-25 15:18:45,921 - INFO - openpose - Gaze PUB: people=2, frame_idx=956
2025-11-25 15:18:46,352 - INFO - openpose - Gaze3D frame=960 id=left label=Left person v=[-0.080, 0.088, 0.993] yaw=-4.6 pitch=-5.0 cx=294.9464874267578
2025-11-25 15:18:46,352 - INFO - openpose - Gaze3D frame=960 id=right label=Right person v=[-0.308, -0.714, 0.629] yaw=-26.1 pitch=45.6 cx=504.224853515625
2025-11-25 15:18:46,352 - INFO - openpose - Gaze PUB: people=2, frame_idx=960
2025-11-25 15:18:46,766 - INFO - openpose - Gaze3D frame=964 id=left label=Left person v=[-0.139, 0.066, 0.988] yaw=-8.0 pitch=-3.8 cx=290.671875
2025-11-25 15:18:46,766 - INFO - openpose - Gaze3D frame=964 id=right label=Right person v=[-0.410, -0.466, 0.784] yaw=-27.6 pitch=27.8 cx=502.4466247558594
2025-11-25 15:18:46,766 - INFO - openpose - Gaze PUB: people=2, frame_idx=964
2025-11-25 15:18:47,204 - INFO - openpose - Gaze3D frame=968 id=left label=Left person v=[-0.193, -0.007, 0.981] yaw=-11.1 pitch=0.4 cx=275.0473175048828
2025-11-25 15:18:47,204 - INFO - openpose - Gaze3D frame=968 id=right label=Right person v=[-0.338, -0.623, 0.706] yaw=-25.6 pitch=38.5 cx=497.11082458496094
2025-11-25 15:18:47,204 - INFO - openpose - Gaze PUB: people=2, frame_idx=968
2025-11-25 15:18:47,659 - INFO - openpose - Gaze3D frame=972 id=left label=Left person v=[-0.085, -0.405, 0.910] yaw=-5.3 pitch=23.9 cx=266.5043182373047
2025-11-25 15:18:47,659 - INFO - openpose - Gaze3D frame=972 id=right label=Right person v=[-0.410, -0.407, 0.816] yaw=-26.7 pitch=24.0 cx=493.21978759765625
2025-11-25 15:18:47,659 - INFO - openpose - Gaze PUB: people=2, frame_idx=972
2025-11-25 15:18:47,719 - INFO - openpose - ZMQ Message received (non-blocking): Configuration finished
2025-11-25 15:18:47,719 - INFO - openpose - Configuration finished. Waiting for next configuration
2025-11-25 15:18:47,719 - INFO - openpose - OpenPose initialized - waiting for turn_order
