2025-12-02 16:57:32,575 - INFO - BuildTower - Connected to OpenPose server
2025-12-02 16:57:32,575 - INFO - BuildTower - Connected to Gaze server
2025-12-02 16:57:32,722 - INFO - BuildTower - Robot parameters: robot_name=my_gen3, dof=7, gripper_present=True
2025-12-02 16:57:32,728 - INFO - BuildTower - Service initialized: /my_gen3/base/clear_faults
2025-12-02 16:57:32,730 - INFO - BuildTower - Service initialized: /my_gen3/base/read_action
2025-12-02 16:57:32,732 - INFO - BuildTower - Service initialized: /my_gen3/base/execute_action
2025-12-02 16:57:32,733 - INFO - BuildTower - Service initialized: /my_gen3/control_config/set_cartesian_reference_frame
2025-12-02 16:57:32,735 - INFO - BuildTower - Service initialized: /my_gen3/base/activate_publishing_of_action_topic
2025-12-02 16:57:32,736 - INFO - BuildTower - Service initialized: /my_gen3/base/send_gripper_command
2025-12-02 16:57:32,736 - INFO - BuildTower - BuildTower class initialized successfully.
2025-12-02 16:57:32,737 - INFO - BuildTower - ROS parameter /kortex_examples_test_results/cartesian_poses_with_notifications_python did not exist or could not be deleted.
2025-12-02 16:57:32,737 - INFO - BuildTower - Starting main robot control loop.
2025-12-02 16:57:32,751 - INFO - BuildTower - Robot faults cleared successfully.
2025-12-02 16:57:35,276 - INFO - BuildTower - Cartesian reference frame set successfully.
2025-12-02 16:57:35,278 - INFO - BuildTower - Activating action notifications.
2025-12-02 16:57:35,283 - INFO - BuildTower - Action Notifications successfully activated.
2025-12-02 16:57:36,304 - INFO - BuildTower - Sending robot to home position.
2025-12-02 16:57:43,900 - INFO - BuildTower - User pressed Enter. Continuing with configuration 1
2025-12-02 16:57:43,901 - INFO - BuildTower - Parsing information from file: config2
2025-12-02 16:57:43,901 - INFO - BuildTower - Parsed turn_order: ybypbpbpy

2025-12-02 16:57:43,901 - INFO - BuildTower - Parsed object_order: 143

2025-12-02 16:57:43,901 - INFO - BuildTower - Sent turn_order and waiting for response from OpenPose server.
2025-12-02 16:57:43,902 - INFO - BuildTower - Sending turn order to OpenPose server: ybypbpbpy

2025-12-02 16:57:43,902 - DEBUG - BuildTower - Gaze rx: (none available)
2025-12-02 16:57:43,902 - DEBUG - BuildTower - Gaze rx: (none available)
2025-12-02 16:57:43,903 - DEBUG - BuildTower - Gaze rx: (none available)
2025-12-02 16:57:43,903 - INFO - BuildTower - Received reply from OpenPose server: Order Received
2025-12-02 16:57:43,903 - INFO - BuildTower - Starting mutual gaze calibration for 10.0 seconds
2025-12-02 16:57:53,922 - INFO - BuildTower - Calibration done: yaw_bias=-17.676 deg, pitch_bias=-19.292 deg
2025-12-02 16:57:53,923 - INFO - BuildTower - Executing turn 0 out of 9.
2025-12-02 16:57:53,955 - INFO - BuildTower - Sending robot to home position.
2025-12-02 16:57:54,575 - INFO - BuildTower - Moving block from start 0.28 to target 0.307. Turn: 0, Block Shape: 1
2025-12-02 16:57:54,578 - INFO - BuildTower - Sending gripper command: value=0
2025-12-02 16:57:55,100 - INFO - BuildTower - Gripper command 0 sent successfully.
2025-12-02 16:57:55,102 - INFO - BuildTower - Attempting to go to position: x=0.47, y=0.18, z=0.325, theta_x=100.0, theta_y=0.0, theta_z=90.0
2025-12-02 16:57:55,102 - DEBUG - BuildTower - Set speed for pose: translation=1, orientation=100
2025-12-02 16:57:55,126 - INFO - BuildTower - Pose action initiated, waiting for completion.
2025-12-02 16:57:57,759 - INFO - BuildTower - Robot action ended.
2025-12-02 16:57:57,759 - INFO - BuildTower - Attempting to go to position: x=0.47, y=0.18, z=0.28, theta_x=100.0, theta_y=0.0, theta_z=90.0
2025-12-02 16:57:57,759 - DEBUG - BuildTower - Set speed for pose: translation=1, orientation=100
2025-12-02 16:57:57,802 - INFO - BuildTower - Pose action initiated, waiting for completion.
2025-12-02 16:57:58,530 - INFO - BuildTower - Robot action ended.
2025-12-02 16:57:58,533 - INFO - BuildTower - Sending gripper command: value=0.075
2025-12-02 16:57:59,051 - INFO - BuildTower - Gripper command 0.075 sent successfully.
2025-12-02 16:57:59,053 - INFO - BuildTower - Attempting to go to position: x=0.47, y=0.18, z=0.325, theta_x=100.0, theta_y=0.0, theta_z=90.0
2025-12-02 16:57:59,053 - DEBUG - BuildTower - Set speed for pose: translation=1, orientation=100
2025-12-02 16:57:59,078 - INFO - BuildTower - Pose action initiated, waiting for completion.
2025-12-02 16:57:59,806 - INFO - BuildTower - Robot action ended.
2025-12-02 16:57:59,807 - INFO - BuildTower - Attempting to go to position: x=0.735, y=0.0, z=0.352, theta_x=100.0, theta_y=0.0, theta_z=90.0
2025-12-02 16:57:59,807 - DEBUG - BuildTower - Set speed for pose: translation=1, orientation=100
2025-12-02 16:57:59,828 - INFO - BuildTower - Pose action initiated, waiting for completion.
2025-12-02 16:58:03,308 - INFO - BuildTower - Robot action ended.
2025-12-02 16:58:03,308 - INFO - BuildTower - Attempting to go to position: x=0.735, y=0.0, z=0.307, theta_x=100.0, theta_y=0.0, theta_z=90.0
2025-12-02 16:58:03,308 - DEBUG - BuildTower - Set speed for pose: translation=1, orientation=100
2025-12-02 16:58:03,353 - INFO - BuildTower - Pose action initiated, waiting for completion.
2025-12-02 16:58:04,081 - INFO - BuildTower - Robot action ended.
2025-12-02 16:58:04,084 - INFO - BuildTower - Sending gripper command: value=0
2025-12-02 16:58:04,601 - INFO - BuildTower - Gripper command 0 sent successfully.
2025-12-02 16:58:04,604 - INFO - BuildTower - Attempting to go to position: x=0.735, y=0.0, z=0.352, theta_x=100.0, theta_y=0.0, theta_z=90.0
2025-12-02 16:58:04,604 - DEBUG - BuildTower - Set speed for pose: translation=1, orientation=100
2025-12-02 16:58:04,628 - INFO - BuildTower - Pose action initiated, waiting for completion.
2025-12-02 16:58:05,355 - INFO - BuildTower - Robot action ended.
2025-12-02 16:58:05,355 - INFO - BuildTower - Robot completed its turn. Robot turn count: 1
2025-12-02 16:58:05,355 - INFO - BuildTower - Executing turn 1 out of 9.
2025-12-02 16:58:05,382 - INFO - BuildTower - Sending robot to home position.
2025-12-02 16:58:06,002 - INFO - BuildTower - Sending to OpenPose (no gaze tracking): PL: Arm Extended Check
2025-12-02 16:58:10,785 - INFO - BuildTower - Received reply from OpenPose: Left: Arm Extended
2025-12-02 16:58:10,786 - INFO - BuildTower - Sending to OpenPose (no gaze tracking): PL: Arm Retracted Check
2025-12-02 16:58:10,851 - INFO - BuildTower - Received reply from OpenPose: Left: Arm Retracted
2025-12-02 16:58:10,851 - INFO - BuildTower - Executing turn 2 out of 9.
2025-12-02 16:58:10,882 - INFO - BuildTower - Sending robot to home position.
2025-12-02 16:58:11,502 - INFO - BuildTower - Moving block from start 0.3 to target 0.387. Turn: 2, Block Shape: 4
2025-12-02 16:58:11,505 - INFO - BuildTower - Sending gripper command: value=0
2025-12-02 16:58:12,027 - INFO - BuildTower - Gripper command 0 sent successfully.
2025-12-02 16:58:12,029 - INFO - BuildTower - Attempting to go to position: x=0.3, y=0.3, z=0.345, theta_x=100.0, theta_y=0.0, theta_z=90.0
2025-12-02 16:58:12,029 - DEBUG - BuildTower - Set speed for pose: translation=1, orientation=100
2025-12-02 16:58:12,054 - INFO - BuildTower - Pose action initiated, waiting for completion.
2025-12-02 16:58:16,490 - INFO - BuildTower - Robot action ended.
2025-12-02 16:58:16,491 - INFO - BuildTower - Attempting to go to position: x=0.3, y=0.3, z=0.3, theta_x=100.0, theta_y=0.0, theta_z=90.0
2025-12-02 16:58:16,491 - DEBUG - BuildTower - Set speed for pose: translation=1, orientation=100
2025-12-02 16:58:16,503 - INFO - BuildTower - Pose action initiated, waiting for completion.
2025-12-02 16:58:17,231 - INFO - BuildTower - Robot action ended.
2025-12-02 16:58:17,233 - INFO - BuildTower - Sending gripper command: value=0.7
2025-12-02 16:58:17,757 - INFO - BuildTower - Gripper command 0.7 sent successfully.
2025-12-02 16:58:17,759 - INFO - BuildTower - Attempting to go to position: x=0.3, y=0.3, z=0.435, theta_x=100.0, theta_y=0.0, theta_z=90.0
2025-12-02 16:58:17,760 - DEBUG - BuildTower - Set speed for pose: translation=1, orientation=100
2025-12-02 16:58:17,779 - INFO - BuildTower - Pose action initiated, waiting for completion.
2025-12-02 16:58:19,414 - INFO - BuildTower - Robot action ended.
2025-12-02 16:58:19,414 - INFO - BuildTower - Attempting to go to position: x=0.735, y=0.0, z=0.432, theta_x=100.0, theta_y=0.0, theta_z=90.0
2025-12-02 16:58:19,415 - DEBUG - BuildTower - Set speed for pose: translation=1, orientation=100
2025-12-02 16:58:19,454 - INFO - BuildTower - Pose action initiated, waiting for completion.
2025-12-02 16:58:25,011 - INFO - BuildTower - Robot action ended.
2025-12-02 16:58:25,011 - INFO - BuildTower - Attempting to go to position: x=0.735, y=0.0, z=0.387, theta_x=100.0, theta_y=0.0, theta_z=90.0
2025-12-02 16:58:25,011 - DEBUG - BuildTower - Set speed for pose: translation=1, orientation=100
2025-12-02 16:58:25,030 - INFO - BuildTower - Pose action initiated, waiting for completion.
2025-12-02 16:58:25,759 - INFO - BuildTower - Robot action ended.
2025-12-02 16:58:25,761 - INFO - BuildTower - Sending gripper command: value=0
2025-12-02 16:58:26,278 - INFO - BuildTower - Gripper command 0 sent successfully.
2025-12-02 16:58:26,280 - INFO - BuildTower - Attempting to go to position: x=0.735, y=0.0, z=0.432, theta_x=100.0, theta_y=0.0, theta_z=90.0
2025-12-02 16:58:26,280 - DEBUG - BuildTower - Set speed for pose: translation=1, orientation=100
2025-12-02 16:58:26,305 - INFO - BuildTower - Pose action initiated, waiting for completion.
2025-12-02 16:58:27,033 - INFO - BuildTower - Robot action ended.
2025-12-02 16:58:27,033 - INFO - BuildTower - Robot completed its turn. Robot turn count: 2
2025-12-02 16:58:27,034 - INFO - BuildTower - Executing turn 3 out of 9.
2025-12-02 16:58:27,057 - INFO - BuildTower - Sending robot to home position.
2025-12-02 16:58:27,678 - INFO - BuildTower - Sending to OpenPose (no gaze tracking): PR: Arm Extended Check
2025-12-02 16:58:27,815 - INFO - BuildTower - Received reply from OpenPose: Right: Arm Extended
2025-12-02 16:58:27,815 - INFO - BuildTower - Sending to OpenPose (no gaze tracking): PR: Arm Retracted Check
2025-12-02 16:58:27,884 - INFO - BuildTower - Received reply from OpenPose: Right: Arm Retracted
2025-12-02 16:58:27,885 - INFO - BuildTower - Executing turn 4 out of 9.
2025-12-02 16:58:27,907 - INFO - BuildTower - Sending robot to home position.
2025-12-02 16:58:28,529 - INFO - BuildTower - Sending to OpenPose (no gaze tracking): PL: Arm Extended Check
2025-12-02 16:58:31,096 - INFO - BuildTower - Received reply from OpenPose: Left: Arm Extended
2025-12-02 16:58:31,096 - INFO - BuildTower - Sending to OpenPose (no gaze tracking): PL: Arm Retracted Check
2025-12-02 16:58:31,200 - INFO - BuildTower - Received reply from OpenPose: Left: Arm Retracted
2025-12-02 16:58:31,200 - INFO - BuildTower - Executing turn 5 out of 9.
2025-12-02 16:58:31,234 - INFO - BuildTower - Sending robot to home position.
2025-12-02 16:58:31,857 - INFO - BuildTower - Sending to OpenPose (no gaze tracking): PR: Arm Extended Check
2025-12-02 16:58:39,496 - INFO - BuildTower - Received reply from OpenPose: Right: Arm Extended
2025-12-02 16:58:39,497 - INFO - BuildTower - Sending to OpenPose (no gaze tracking): PR: Arm Retracted Check
2025-12-02 16:58:39,685 - INFO - BuildTower - Received reply from OpenPose: Right: Arm Retracted
2025-12-02 16:58:39,685 - INFO - BuildTower - Executing turn 6 out of 9.
2025-12-02 16:58:39,734 - INFO - BuildTower - Sending robot to home position.
2025-12-02 16:58:40,355 - INFO - BuildTower - Sending to OpenPose (no gaze tracking): PL: Arm Extended Check
2025-12-02 16:58:43,409 - INFO - BuildTower - Received reply from OpenPose: Left: Arm Extended
2025-12-02 16:58:43,409 - INFO - BuildTower - Sending to OpenPose (no gaze tracking): PL: Arm Retracted Check
2025-12-02 16:58:43,467 - INFO - BuildTower - Received reply from OpenPose: Left: Arm Retracted
2025-12-02 16:58:43,468 - INFO - BuildTower - Executing turn 7 out of 9.
2025-12-02 16:58:43,484 - INFO - BuildTower - Sending robot to home position.
2025-12-02 16:58:44,108 - INFO - BuildTower - Sending to OpenPose (no gaze tracking): PR: Arm Extended Check
2025-12-02 16:58:46,652 - INFO - BuildTower - Received reply from OpenPose: Right: Arm Extended
2025-12-02 16:58:46,653 - INFO - BuildTower - Sending to OpenPose (no gaze tracking): PR: Arm Retracted Check
2025-12-02 16:58:46,714 - INFO - BuildTower - Received reply from OpenPose: Right: Arm Retracted
2025-12-02 16:58:46,714 - INFO - BuildTower - Executing turn 8 out of 9.
2025-12-02 16:58:46,734 - INFO - BuildTower - Sending robot to home position.
2025-12-02 16:58:47,355 - INFO - BuildTower - Moving block from start 0.28 to target 0.643. Turn: 8, Block Shape: 3
2025-12-02 16:58:47,357 - INFO - BuildTower - Sending gripper command: value=0
2025-12-02 16:58:47,880 - INFO - BuildTower - Gripper command 0 sent successfully.
2025-12-02 16:58:47,882 - INFO - BuildTower - Attempting to go to position: x=0.5, y=-0.2, z=0.325, theta_x=100.0, theta_y=0.0, theta_z=90.0
2025-12-02 16:58:47,882 - DEBUG - BuildTower - Set speed for pose: translation=1, orientation=100
2025-12-02 16:58:47,906 - INFO - BuildTower - Pose action initiated, waiting for completion.
2025-12-02 16:58:50,589 - INFO - BuildTower - Robot action ended.
2025-12-02 16:58:50,589 - INFO - BuildTower - Attempting to go to position: x=0.5, y=-0.2, z=0.28, theta_x=100.0, theta_y=0.0, theta_z=90.0
2025-12-02 16:58:50,589 - DEBUG - BuildTower - Set speed for pose: translation=1, orientation=100
2025-12-02 16:58:50,606 - INFO - BuildTower - Pose action initiated, waiting for completion.
2025-12-02 16:58:51,334 - INFO - BuildTower - Robot action ended.
2025-12-02 16:58:51,336 - INFO - BuildTower - Sending gripper command: value=0.2
2025-12-02 16:58:51,855 - INFO - BuildTower - Gripper command 0.2 sent successfully.
2025-12-02 16:58:51,858 - INFO - BuildTower - Attempting to go to position: x=0.5, y=-0.2, z=0.685, theta_x=100.0, theta_y=0.0, theta_z=90.0
2025-12-02 16:58:51,858 - DEBUG - BuildTower - Set speed for pose: translation=1, orientation=100
2025-12-02 16:58:51,881 - INFO - BuildTower - Pose action initiated, waiting for completion.
2025-12-02 16:58:56,198 - INFO - BuildTower - Robot action ended.
2025-12-02 16:58:56,198 - INFO - BuildTower - Attempting to go to position: x=0.737, y=0.0, z=0.6880000000000001, theta_x=100.0, theta_y=0.0, theta_z=90.0
2025-12-02 16:58:56,199 - DEBUG - BuildTower - Set speed for pose: translation=1, orientation=100
2025-12-02 16:58:56,207 - INFO - BuildTower - Pose action initiated, waiting for completion.
2025-12-02 16:58:59,586 - INFO - BuildTower - Robot action ended.
2025-12-02 16:58:59,586 - INFO - BuildTower - Attempting to go to position: x=0.737, y=0.0, z=0.643, theta_x=100.0, theta_y=0.0, theta_z=90.0
2025-12-02 16:58:59,586 - DEBUG - BuildTower - Set speed for pose: translation=1, orientation=100
2025-12-02 16:58:59,607 - INFO - BuildTower - Pose action initiated, waiting for completion.
2025-12-02 16:59:00,336 - INFO - BuildTower - Robot action ended.
2025-12-02 16:59:00,337 - INFO - BuildTower - Sending gripper command: value=0
2025-12-02 16:59:00,856 - INFO - BuildTower - Gripper command 0 sent successfully.
2025-12-02 16:59:00,858 - INFO - BuildTower - Attempting to go to position: x=0.737, y=0.0, z=0.6880000000000001, theta_x=100.0, theta_y=0.0, theta_z=90.0
2025-12-02 16:59:00,858 - DEBUG - BuildTower - Set speed for pose: translation=1, orientation=100
2025-12-02 16:59:00,883 - INFO - BuildTower - Pose action initiated, waiting for completion.
2025-12-02 16:59:01,591 - INFO - BuildTower - Robot action ended.
2025-12-02 16:59:01,591 - INFO - BuildTower - Robot completed its turn. Robot turn count: 3
2025-12-02 16:59:01,592 - INFO - BuildTower - Configuration number 1 finished.
2025-12-02 16:59:01,592 - INFO - BuildTower - Gaze rx: frame_idx=800 ts=2025-12-02T16:59:01.513212Z people=2
2025-12-02 16:59:01,592 - INFO - BuildTower - Gaze3D rx frame=800 id=None label=None v=[-0.181, -0.625, 0.759] yaw=-13.4 pitch=38.7
2025-12-02 16:59:01,592 - INFO - BuildTower - Gaze3D rx frame=800 id=None label=None v=[-0.559, -0.110, 0.822] yaw=-34.2 pitch=6.3
2025-12-02 16:59:01,593 - INFO - BuildTower - Sent 'Configuration finished' to OpenPose server.
2025-12-02 16:59:01,593 - DEBUG - BuildTower - Gaze rx: (none available)
2025-12-02 16:59:01,786 - INFO - BuildTower - Gaze rx: frame_idx=800 ts=2025-12-02T16:59:01.785621Z people=2
2025-12-02 16:59:01,786 - INFO - BuildTower - Gaze3D rx frame=800 id=left label=Left person v=[-0.643, 0.178, 0.745] yaw=-40.8 pitch=-10.2
2025-12-02 16:59:01,787 - INFO - BuildTower - Gaze3D rx frame=800 id=right label=Right person v=[-0.369, -0.293, 0.882] yaw=-22.7 pitch=17.1
2025-12-02 16:59:01,787 - INFO - BuildTower - Received reply from OpenPose server: Received
2025-12-02 16:59:10,739 - INFO - BuildTower - User pressed Enter. Continuing with configuration 2
