2025-11-28 14:11:01,746 - INFO - openpose - OpenPose server started and bound to tcp://*:5555
2025-11-28 14:11:01,747 - INFO - openpose - OpenPose server started and bound to tcp://*:5556
2025-11-28 14:11:01,759 - INFO - openpose - Starting OpenPose
2025-11-28 14:11:02,590 - INFO - openpose - OpenPose initialized - waiting for turn_order
2025-11-28 14:11:08,467 - INFO - openpose - Message received: ybypbpbpy

2025-11-28 14:11:09,230 - INFO - openpose - Gaze3D frame=0 id=left label=Left person v=[-0.090, 0.369, 0.925] yaw=-5.6 pitch=-21.6 cx=19.313792824745178
2025-11-28 14:11:09,230 - INFO - openpose - Gaze3D frame=0 id=right label=Right person v=[-0.319, -0.365, 0.875] yaw=-20.0 pitch=21.4 cx=326.68223571777344
2025-11-28 14:11:09,230 - INFO - openpose - Gaze PUB: people=2, frame_idx=0
2025-11-28 14:11:09,231 - INFO - openpose - Robot's turn detected
2025-11-28 14:11:09,683 - INFO - openpose - Gaze3D frame=4 id=left label=Left person v=[-0.011, 0.328, 0.945] yaw=-0.7 pitch=-19.1 cx=21.50540018081665
2025-11-28 14:11:09,683 - INFO - openpose - Gaze3D frame=4 id=right label=Right person v=[-0.119, -0.086, 0.989] yaw=-6.9 pitch=4.9 cx=331.9989776611328
2025-11-28 14:11:09,683 - INFO - openpose - Gaze PUB: people=2, frame_idx=4
2025-11-28 14:11:10,200 - INFO - openpose - Gaze3D frame=8 id=left label=Left person v=[-0.057, 0.391, 0.918] yaw=-3.5 pitch=-23.0 cx=21.954885721206665
2025-11-28 14:11:10,200 - INFO - openpose - Gaze3D frame=8 id=right label=Right person v=[-0.260, -0.132, 0.957] yaw=-15.2 pitch=7.6 cx=335.11509704589844
2025-11-28 14:11:10,201 - INFO - openpose - Gaze PUB: people=2, frame_idx=8
2025-11-28 14:11:10,726 - INFO - openpose - Gaze3D frame=12 id=left label=Left person v=[-0.042, 0.389, 0.920] yaw=-2.6 pitch=-22.9 cx=21.530829668045044
2025-11-28 14:11:10,726 - INFO - openpose - Gaze3D frame=12 id=right label=Right person v=[-0.354, -0.165, 0.921] yaw=-21.0 pitch=9.5 cx=334.3925476074219
2025-11-28 14:11:10,726 - INFO - openpose - Gaze PUB: people=2, frame_idx=12
2025-11-28 14:11:11,224 - INFO - openpose - Gaze3D frame=16 id=left label=Left person v=[-0.243, 0.351, 0.904] yaw=-15.1 pitch=-20.5 cx=19.172699213027954
2025-11-28 14:11:11,224 - INFO - openpose - Gaze3D frame=16 id=right label=Right person v=[-0.308, -0.104, 0.946] yaw=-18.0 pitch=6.0 cx=335.0139465332031
2025-11-28 14:11:11,224 - INFO - openpose - Gaze PUB: people=2, frame_idx=16
2025-11-28 14:11:11,677 - INFO - openpose - Gaze3D frame=20 id=left label=Left person v=[-0.089, 0.463, 0.882] yaw=-5.8 pitch=-27.6 cx=19.145300269126892
2025-11-28 14:11:11,677 - INFO - openpose - Gaze3D frame=20 id=right label=Right person v=[-0.346, -0.177, 0.921] yaw=-20.6 pitch=10.2 cx=334.25006103515625
2025-11-28 14:11:11,677 - INFO - openpose - Gaze PUB: people=2, frame_idx=20
2025-11-28 14:11:12,118 - INFO - openpose - Gaze3D frame=24 id=left label=Left person v=[-0.155, 0.380, 0.912] yaw=-9.6 pitch=-22.3 cx=19.247941493988037
2025-11-28 14:11:12,118 - INFO - openpose - Gaze3D frame=24 id=right label=Right person v=[-0.137, -0.605, 0.784] yaw=-9.9 pitch=37.3 cx=330.8148498535156
2025-11-28 14:11:12,118 - INFO - openpose - Gaze PUB: people=2, frame_idx=24
2025-11-28 14:11:12,561 - INFO - openpose - Gaze3D frame=28 id=left label=Left person v=[-0.027, 0.485, 0.874] yaw=-1.7 pitch=-29.0 cx=19.210496068000793
2025-11-28 14:11:12,561 - INFO - openpose - Gaze3D frame=28 id=right label=Right person v=[-0.093, -0.621, 0.778] yaw=-6.8 pitch=38.4 cx=324.5932922363281
2025-11-28 14:11:12,561 - INFO - openpose - Gaze PUB: people=2, frame_idx=28
2025-11-28 14:11:12,999 - INFO - openpose - Gaze3D frame=32 id=left label=Left person v=[-0.084, 0.468, 0.880] yaw=-5.5 pitch=-27.9 cx=18.942829966545105
2025-11-28 14:11:13,000 - INFO - openpose - Gaze3D frame=32 id=right label=Right person v=[-0.155, -0.624, 0.766] yaw=-11.4 pitch=38.6 cx=322.11077880859375
2025-11-28 14:11:13,000 - INFO - openpose - Gaze PUB: people=2, frame_idx=32
2025-11-28 14:11:13,419 - INFO - openpose - Gaze3D frame=36 id=left label=Left person v=[-0.163, 0.342, 0.926] yaw=-10.0 pitch=-20.0 cx=19.330490112304688
2025-11-28 14:11:13,420 - INFO - openpose - Gaze3D frame=36 id=right label=Right person v=[-0.195, -0.531, 0.825] yaw=-13.3 pitch=32.1 cx=320.70465087890625
2025-11-28 14:11:13,420 - INFO - openpose - Gaze PUB: people=2, frame_idx=36
2025-11-28 14:11:14,086 - INFO - openpose - Gaze3D frame=40 id=None label=None v=[-0.197, -0.577, 0.793] yaw=-13.9 pitch=35.2 cx=323.81480407714844
2025-11-28 14:11:14,087 - INFO - openpose - Gaze3D frame=40 id=None label=None v=[-0.087, 0.369, 0.925] yaw=-5.4 pitch=-21.6 cx=19.85588502883911
2025-11-28 14:11:14,087 - INFO - openpose - Gaze PUB: people=2, frame_idx=40
2025-11-28 14:11:14,328 - INFO - openpose - Gaze3D frame=40 id=left label=Left person v=[-0.162, 0.214, 0.963] yaw=-9.6 pitch=-12.4 cx=19.712536811828613
2025-11-28 14:11:14,329 - INFO - openpose - Gaze3D frame=40 id=right label=Right person v=[-0.130, -0.706, 0.696] yaw=-10.6 pitch=44.9 cx=323.1764831542969
2025-11-28 14:11:14,329 - INFO - openpose - Gaze PUB: people=2, frame_idx=40
2025-11-28 14:11:14,850 - INFO - openpose - Gaze3D frame=44 id=left label=Left person v=[-0.196, 0.359, 0.913] yaw=-12.1 pitch=-21.0 cx=19.622886538505554
2025-11-28 14:11:14,850 - INFO - openpose - Gaze3D frame=44 id=right label=Right person v=[-0.083, -0.546, 0.834] yaw=-5.7 pitch=33.1 cx=326.3047790527344
2025-11-28 14:11:14,851 - INFO - openpose - Gaze PUB: people=2, frame_idx=44
2025-11-28 14:11:15,294 - INFO - openpose - Gaze3D frame=48 id=None label=None v=[-0.028, -0.371, 0.928] yaw=-1.7 pitch=21.8 cx=325.89605712890625
2025-11-28 14:11:15,294 - INFO - openpose - Gaze3D frame=48 id=None label=None v=[-0.210, 0.403, 0.891] yaw=-13.2 pitch=-23.8 cx=19.741212129592896
2025-11-28 14:11:15,294 - INFO - openpose - Gaze PUB: people=2, frame_idx=48
2025-11-28 14:11:15,552 - INFO - openpose - Gaze3D frame=48 id=None label=None v=[-0.131, -0.520, 0.844] yaw=-8.8 pitch=31.3 cx=326.0074462890625
2025-11-28 14:11:15,552 - INFO - openpose - Gaze3D frame=48 id=None label=None v=[-0.182, 0.216, 0.959] yaw=-10.7 pitch=-12.5 cx=20.048600554466248
2025-11-28 14:11:15,552 - INFO - openpose - Gaze PUB: people=2, frame_idx=48
2025-11-28 14:11:15,807 - INFO - openpose - Gaze3D frame=48 id=left label=Left person v=[-0.068, 0.277, 0.958] yaw=-4.0 pitch=-16.1 cx=20.03601384162903
2025-11-28 14:11:15,807 - INFO - openpose - Gaze3D frame=48 id=right label=Right person v=[-0.109, -0.504, 0.857] yaw=-7.2 pitch=30.3 cx=323.93121337890625
2025-11-28 14:11:15,807 - INFO - openpose - Gaze PUB: people=2, frame_idx=48
2025-11-28 14:11:17,139 - INFO - openpose - Gaze3D frame=52 id=None label=None v=[-0.236, -0.473, 0.849] yaw=-15.5 pitch=28.2 cx=319.6626892089844
2025-11-28 14:11:17,139 - INFO - openpose - Gaze3D frame=52 id=None label=None v=[-0.005, 0.415, 0.910] yaw=-0.3 pitch=-24.5 cx=22.22116756439209
2025-11-28 14:11:17,139 - INFO - openpose - Gaze PUB: people=2, frame_idx=52
2025-11-28 14:11:17,401 - INFO - openpose - Gaze3D frame=52 id=left label=Left person v=[-0.094, 0.376, 0.922] yaw=-5.8 pitch=-22.1 cx=21.997756004333496
2025-11-28 14:11:17,401 - INFO - openpose - Gaze3D frame=52 id=right label=Right person v=[-0.248, -0.538, 0.806] yaw=-17.1 pitch=32.5 cx=319.7236328125
2025-11-28 14:11:17,401 - INFO - openpose - Gaze PUB: people=2, frame_idx=52
2025-11-28 14:11:18,278 - INFO - openpose - Gaze3D frame=56 id=None label=None v=[-0.254, -0.524, 0.813] yaw=-17.4 pitch=31.6 cx=322.68748474121094
2025-11-28 14:11:18,279 - INFO - openpose - Gaze3D frame=56 id=None label=None v=[-0.092, 0.201, 0.975] yaw=-5.4 pitch=-11.6 cx=22.157400727272034
2025-11-28 14:11:18,279 - INFO - openpose - Gaze PUB: people=2, frame_idx=56
2025-11-28 14:11:18,525 - INFO - openpose - Gaze3D frame=56 id=None label=None v=[-0.310, -0.549, 0.776] yaw=-21.8 pitch=33.3 cx=322.87767028808594
2025-11-28 14:11:18,525 - INFO - openpose - Gaze3D frame=56 id=None label=None v=[-0.065, 0.275, 0.959] yaw=-3.9 pitch=-16.0 cx=20.870352864265442
2025-11-28 14:11:18,533 - INFO - openpose - Gaze PUB: people=2, frame_idx=56
2025-11-28 14:11:18,793 - INFO - openpose - Gaze3D frame=56 id=None label=None v=[-0.200, -0.509, 0.837] yaw=-13.5 pitch=30.6 cx=322.9425811767578
2025-11-28 14:11:18,794 - INFO - openpose - Gaze3D frame=56 id=None label=None v=[-0.148, 0.293, 0.945] yaw=-8.9 pitch=-17.0 cx=22.993669390678406
2025-11-28 14:11:18,794 - INFO - openpose - Gaze PUB: people=2, frame_idx=56
2025-11-28 14:11:19,056 - INFO - openpose - Gaze3D frame=56 id=None label=None v=[-0.060, -0.566, 0.822] yaw=-4.2 pitch=34.5 cx=321.8916931152344
2025-11-28 14:11:19,056 - INFO - openpose - Gaze3D frame=56 id=None label=None v=[-0.030, 0.214, 0.976] yaw=-1.7 pitch=-12.3 cx=22.651630759239197
2025-11-28 14:11:19,056 - INFO - openpose - Gaze PUB: people=2, frame_idx=56
2025-11-28 14:11:19,312 - INFO - openpose - Gaze3D frame=56 id=left label=Left person v=[-0.115, 0.291, 0.950] yaw=-6.9 pitch=-16.9 cx=21.167500615119934
2025-11-28 14:11:19,312 - INFO - openpose - Gaze3D frame=56 id=right label=Right person v=[-0.077, -0.489, 0.869] yaw=-5.0 pitch=29.3 cx=319.32403564453125
2025-11-28 14:11:19,312 - INFO - openpose - Gaze PUB: people=2, frame_idx=56
2025-11-28 14:11:19,910 - INFO - openpose - Gaze3D frame=60 id=left label=Left person v=[-0.011, 0.196, 0.980] yaw=-0.6 pitch=-11.3 cx=22.581278681755066
2025-11-28 14:11:19,910 - INFO - openpose - Gaze3D frame=60 id=left label=Left person v=[-0.203, 0.768, 0.607] yaw=-18.5 pitch=-50.2 cx=47.56245422363281
2025-11-28 14:11:19,910 - INFO - openpose - Gaze3D frame=60 id=right label=Right person v=[-0.065, -0.544, 0.836] yaw=-4.4 pitch=33.0 cx=318.7199401855469
2025-11-28 14:11:19,910 - INFO - openpose - Gaze PUB: people=3, frame_idx=60
2025-11-28 14:11:21,399 - INFO - openpose - Gaze3D frame=64 id=None label=None v=[-0.399, -0.550, 0.733] yaw=-28.6 pitch=33.4 cx=318.9888153076172
2025-11-28 14:11:21,400 - INFO - openpose - Gaze3D frame=64 id=None label=None v=[-0.116, 0.467, 0.877] yaw=-7.5 pitch=-27.9 cx=20.35213339328766
2025-11-28 14:11:21,400 - INFO - openpose - Gaze PUB: people=2, frame_idx=64
2025-11-28 14:11:21,633 - INFO - openpose - Gaze3D frame=64 id=None label=None v=[-0.416, -0.432, 0.800] yaw=-27.4 pitch=25.6 cx=320.3021240234375
2025-11-28 14:11:21,633 - INFO - openpose - Gaze3D frame=64 id=None label=None v=[-0.228, 0.016, 0.974] yaw=-13.2 pitch=-0.9 cx=19.218981623649597
2025-11-28 14:11:21,633 - INFO - openpose - Gaze PUB: people=2, frame_idx=64
