2025-12-19 14:41:17,826 - INFO - openpose - OpenPose server started and bound to tcp://*:5555
2025-12-19 14:41:17,826 - INFO - openpose - OpenPose server started and bound to tcp://*:5556
2025-12-19 14:41:17,838 - INFO - openpose - Starting OpenPose
2025-12-19 14:41:18,605 - INFO - openpose - OpenPose initialized - waiting for turn_order
2025-12-19 14:41:49,028 - INFO - openpose - Message received: ybypbpbpy

2025-12-19 14:41:49,821 - INFO - openpose - Gaze3D frame=0 id=left label=Left person v=[-0.453, 0.189, 0.871] yaw=-27.5 pitch=-10.9 cx=311.11293029785156
2025-12-19 14:41:49,821 - INFO - openpose - Gaze3D frame=0 id=right label=Right person v=[-0.397, -0.097, 0.913] yaw=-23.5 pitch=5.6 cx=474.7850646972656
2025-12-19 14:41:49,821 - INFO - openpose - Gaze PUB: people=2, frame_idx=0
2025-12-19 14:41:49,822 - INFO - openpose - Robot's turn detected
2025-12-19 14:41:50,528 - INFO - openpose - Gaze3D frame=8 id=left label=Left person v=[-0.511, 0.283, 0.811] yaw=-32.2 pitch=-16.5 cx=310.0133972167969
2025-12-19 14:41:50,528 - INFO - openpose - Gaze3D frame=8 id=right label=Right person v=[-0.333, -0.148, 0.931] yaw=-19.7 pitch=8.5 cx=474.1315155029297
2025-12-19 14:41:50,528 - INFO - openpose - Gaze PUB: people=2, frame_idx=8
2025-12-19 14:41:51,253 - INFO - openpose - Gaze3D frame=16 id=left label=Left person v=[-0.426, 0.207, 0.881] yaw=-25.8 pitch=-12.0 cx=310.8669738769531
2025-12-19 14:41:51,253 - INFO - openpose - Gaze3D frame=16 id=right label=Right person v=[-0.346, -0.090, 0.934] yaw=-20.3 pitch=5.2 cx=475.4990234375
2025-12-19 14:41:51,253 - INFO - openpose - Gaze PUB: people=2, frame_idx=16
2025-12-19 14:41:51,899 - INFO - openpose - Gaze3D frame=24 id=left label=Left person v=[-0.471, 0.166, 0.866] yaw=-28.6 pitch=-9.6 cx=310.35540771484375
2025-12-19 14:41:51,899 - INFO - openpose - Gaze3D frame=24 id=right label=Right person v=[-0.502, -0.169, 0.848] yaw=-30.6 pitch=9.7 cx=473.3137664794922
2025-12-19 14:41:51,899 - INFO - openpose - Gaze PUB: people=2, frame_idx=24
2025-12-19 14:41:52,556 - INFO - openpose - Gaze3D frame=32 id=left label=Left person v=[-0.406, 0.190, 0.894] yaw=-24.4 pitch=-11.0 cx=310.3698425292969
2025-12-19 14:41:52,556 - INFO - openpose - Gaze3D frame=32 id=right label=Right person v=[-0.377, -0.100, 0.921] yaw=-22.3 pitch=5.7 cx=475.9754943847656
2025-12-19 14:41:52,556 - INFO - openpose - Gaze PUB: people=2, frame_idx=32
2025-12-19 14:41:53,236 - INFO - openpose - Gaze3D frame=40 id=left label=Left person v=[-0.441, 0.252, 0.861] yaw=-27.1 pitch=-14.6 cx=310.1979064941406
2025-12-19 14:41:53,236 - INFO - openpose - Gaze3D frame=40 id=right label=Right person v=[-0.361, -0.148, 0.921] yaw=-21.4 pitch=8.5 cx=475.95652770996094
2025-12-19 14:41:53,236 - INFO - openpose - Gaze PUB: people=2, frame_idx=40
2025-12-19 14:41:53,957 - INFO - openpose - Gaze3D frame=48 id=left label=Left person v=[-0.416, 0.178, 0.892] yaw=-25.0 pitch=-10.2 cx=310.8744659423828
2025-12-19 14:41:53,957 - INFO - openpose - Gaze3D frame=48 id=right label=Right person v=[-0.319, -0.119, 0.940] yaw=-18.8 pitch=6.8 cx=476.4329833984375
2025-12-19 14:41:53,957 - INFO - openpose - Gaze PUB: people=2, frame_idx=48
2025-12-19 14:41:54,662 - INFO - openpose - Gaze3D frame=56 id=left label=Left person v=[-0.459, 0.223, 0.860] yaw=-28.1 pitch=-12.9 cx=310.8765106201172
2025-12-19 14:41:54,663 - INFO - openpose - Gaze3D frame=56 id=right label=Right person v=[-0.388, -0.122, 0.914] yaw=-23.0 pitch=7.0 cx=475.0922393798828
2025-12-19 14:41:54,663 - INFO - openpose - Gaze PUB: people=2, frame_idx=56
2025-12-19 14:41:55,344 - INFO - openpose - Gaze3D frame=64 id=left label=Left person v=[-0.416, 0.225, 0.881] yaw=-25.3 pitch=-13.0 cx=310.8372497558594
2025-12-19 14:41:55,344 - INFO - openpose - Gaze3D frame=64 id=right label=Right person v=[-0.343, -0.119, 0.932] yaw=-20.2 pitch=6.9 cx=475.90875244140625
2025-12-19 14:41:55,344 - INFO - openpose - Gaze PUB: people=2, frame_idx=64
2025-12-19 14:41:56,050 - INFO - openpose - Gaze3D frame=72 id=left label=Left person v=[-0.424, 0.235, 0.874] yaw=-25.9 pitch=-13.6 cx=310.1936950683594
2025-12-19 14:41:56,058 - INFO - openpose - Gaze3D frame=72 id=right label=Right person v=[-0.322, -0.127, 0.938] yaw=-18.9 pitch=7.3 cx=475.26470947265625
2025-12-19 14:41:56,058 - INFO - openpose - Gaze PUB: people=2, frame_idx=72
2025-12-19 14:41:56,781 - INFO - openpose - Gaze3D frame=80 id=left label=Left person v=[-0.407, 0.166, 0.898] yaw=-24.4 pitch=-9.6 cx=310.73419189453125
2025-12-19 14:41:56,781 - INFO - openpose - Gaze3D frame=80 id=right label=Right person v=[-0.475, -0.300, 0.827] yaw=-29.9 pitch=17.5 cx=475.1312713623047
2025-12-19 14:41:56,781 - INFO - openpose - Gaze PUB: people=2, frame_idx=80
2025-12-19 14:41:57,450 - INFO - openpose - Gaze3D frame=88 id=left label=Left person v=[-0.440, 0.214, 0.872] yaw=-26.8 pitch=-12.4 cx=310.5652313232422
2025-12-19 14:41:57,450 - INFO - openpose - Gaze3D frame=88 id=right label=Right person v=[-0.352, -0.081, 0.932] yaw=-20.7 pitch=4.7 cx=475.0823974609375
2025-12-19 14:41:57,450 - INFO - openpose - Gaze PUB: people=2, frame_idx=88
2025-12-19 14:41:58,120 - INFO - openpose - Gaze3D frame=96 id=left label=Left person v=[-0.375, 0.234, 0.897] yaw=-22.7 pitch=-13.5 cx=310.7371520996094
2025-12-19 14:41:58,120 - INFO - openpose - Gaze3D frame=96 id=right label=Right person v=[-0.339, -0.116, 0.934] yaw=-20.0 pitch=6.6 cx=473.5487823486328
2025-12-19 14:41:58,120 - INFO - openpose - Gaze PUB: people=2, frame_idx=96
2025-12-19 14:41:58,803 - INFO - openpose - Gaze3D frame=104 id=left label=Left person v=[-0.408, 0.158, 0.899] yaw=-24.4 pitch=-9.1 cx=310.3856658935547
2025-12-19 14:41:58,803 - INFO - openpose - Gaze3D frame=104 id=right label=Right person v=[-0.332, -0.096, 0.938] yaw=-19.5 pitch=5.5 cx=473.3811950683594
2025-12-19 14:41:58,803 - INFO - openpose - Gaze PUB: people=2, frame_idx=104
2025-12-19 14:41:59,489 - INFO - openpose - Gaze3D frame=112 id=left label=Left person v=[-0.387, 0.168, 0.907] yaw=-23.1 pitch=-9.7 cx=310.2897491455078
2025-12-19 14:41:59,489 - INFO - openpose - Gaze3D frame=112 id=right label=Right person v=[-0.345, -0.074, 0.936] yaw=-20.3 pitch=4.2 cx=475.04786682128906
2025-12-19 14:41:59,489 - INFO - openpose - Gaze PUB: people=2, frame_idx=112
2025-12-19 14:42:00,156 - INFO - openpose - Gaze3D frame=120 id=left label=Left person v=[-0.390, 0.248, 0.887] yaw=-23.7 pitch=-14.3 cx=310.1418914794922
2025-12-19 14:42:00,156 - INFO - openpose - Gaze3D frame=120 id=right label=Right person v=[-0.319, -0.135, 0.938] yaw=-18.8 pitch=7.8 cx=475.4820098876953
2025-12-19 14:42:00,156 - INFO - openpose - Gaze PUB: people=2, frame_idx=120
2025-12-19 14:42:00,842 - INFO - openpose - Gaze3D frame=128 id=left label=Left person v=[-0.503, 0.162, 0.849] yaw=-30.6 pitch=-9.3 cx=309.7141571044922
2025-12-19 14:42:00,842 - INFO - openpose - Gaze3D frame=128 id=right label=Right person v=[-0.338, -0.129, 0.932] yaw=-20.0 pitch=7.4 cx=475.0717468261719
2025-12-19 14:42:00,842 - INFO - openpose - Gaze PUB: people=2, frame_idx=128
2025-12-19 14:42:01,543 - INFO - openpose - Gaze3D frame=136 id=left label=Left person v=[-0.368, -0.219, 0.904] yaw=-22.2 pitch=12.6 cx=310.86170959472656
2025-12-19 14:42:01,543 - INFO - openpose - Gaze3D frame=136 id=right label=Right person v=[-0.537, -0.255, 0.804] yaw=-33.7 pitch=14.8 cx=476.19898986816406
2025-12-19 14:42:01,543 - INFO - openpose - Gaze PUB: people=2, frame_idx=136
2025-12-19 14:42:02,207 - INFO - openpose - Gaze3D frame=144 id=left label=Left person v=[-0.311, -0.135, 0.941] yaw=-18.3 pitch=7.8 cx=310.1728515625
2025-12-19 14:42:02,207 - INFO - openpose - Gaze3D frame=144 id=right label=Right person v=[-0.463, -0.059, 0.884] yaw=-27.6 pitch=3.4 cx=474.4141082763672
2025-12-19 14:42:02,207 - INFO - openpose - Gaze PUB: people=2, frame_idx=144
2025-12-19 14:42:02,921 - INFO - openpose - Gaze3D frame=152 id=left label=Left person v=[-0.307, -0.128, 0.943] yaw=-18.0 pitch=7.3 cx=310.74932861328125
2025-12-19 14:42:02,921 - INFO - openpose - Gaze3D frame=152 id=right label=Right person v=[-0.378, -0.211, 0.902] yaw=-22.7 pitch=12.2 cx=474.7406005859375
2025-12-19 14:42:02,921 - INFO - openpose - Gaze PUB: people=2, frame_idx=152
2025-12-19 14:42:03,651 - INFO - openpose - Gaze3D frame=160 id=left label=Left person v=[-0.545, -0.009, 0.839] yaw=-33.0 pitch=0.5 cx=311.78369140625
2025-12-19 14:42:03,651 - INFO - openpose - Gaze3D frame=160 id=right label=Right person v=[-0.424, -0.212, 0.880] yaw=-25.7 pitch=12.3 cx=473.1543273925781
2025-12-19 14:42:03,651 - INFO - openpose - Gaze PUB: people=2, frame_idx=160
2025-12-19 14:42:04,327 - INFO - openpose - Gaze3D frame=168 id=left label=Left person v=[-0.541, 0.073, 0.838] yaw=-32.8 pitch=-4.2 cx=310.4301300048828
2025-12-19 14:42:04,327 - INFO - openpose - Gaze3D frame=168 id=right label=Right person v=[-0.335, -0.189, 0.923] yaw=-20.0 pitch=10.9 cx=475.87799072265625
2025-12-19 14:42:04,327 - INFO - openpose - Gaze PUB: people=2, frame_idx=168
2025-12-19 14:42:05,034 - INFO - openpose - Gaze3D frame=176 id=left label=Left person v=[-0.502, 0.087, 0.860] yaw=-30.3 pitch=-5.0 cx=309.6942138671875
2025-12-19 14:42:05,035 - INFO - openpose - Gaze3D frame=176 id=right label=Right person v=[-0.418, -0.184, 0.890] yaw=-25.1 pitch=10.6 cx=473.9687042236328
2025-12-19 14:42:05,035 - INFO - openpose - Gaze PUB: people=2, frame_idx=176
2025-12-19 14:42:05,747 - INFO - openpose - Gaze3D frame=184 id=left label=Left person v=[-0.494, 0.112, 0.862] yaw=-29.8 pitch=-6.4 cx=310.4889221191406
2025-12-19 14:42:05,747 - INFO - openpose - Gaze3D frame=184 id=right label=Right person v=[-0.586, -0.270, 0.764] yaw=-37.5 pitch=15.7 cx=474.8260498046875
2025-12-19 14:42:05,747 - INFO - openpose - Gaze PUB: people=2, frame_idx=184
2025-12-19 14:42:06,478 - INFO - openpose - Gaze3D frame=192 id=left label=Left person v=[-0.552, 0.041, 0.833] yaw=-33.6 pitch=-2.3 cx=307.4864196777344
2025-12-19 14:42:06,478 - INFO - openpose - Gaze3D frame=192 id=right label=Right person v=[-0.487, -0.146, 0.861] yaw=-29.5 pitch=8.4 cx=474.7152099609375
2025-12-19 14:42:06,478 - INFO - openpose - Gaze PUB: people=2, frame_idx=192
2025-12-19 14:42:07,179 - INFO - openpose - Gaze3D frame=200 id=left label=Left person v=[-0.598, 0.172, 0.783] yaw=-37.4 pitch=-9.9 cx=309.39512634277344
2025-12-19 14:42:07,180 - INFO - openpose - Gaze3D frame=200 id=right label=Right person v=[-0.547, -0.143, 0.825] yaw=-33.5 pitch=8.2 cx=474.9446716308594
2025-12-19 14:42:07,180 - INFO - openpose - Gaze PUB: people=2, frame_idx=200
2025-12-19 14:42:07,869 - INFO - openpose - Gaze3D frame=208 id=left label=Left person v=[-0.588, 0.209, 0.781] yaw=-37.0 pitch=-12.1 cx=310.7023620605469
2025-12-19 14:42:07,869 - INFO - openpose - Gaze3D frame=208 id=right label=Right person v=[-0.475, -0.158, 0.866] yaw=-28.7 pitch=9.1 cx=475.00978088378906
2025-12-19 14:42:07,869 - INFO - openpose - Gaze PUB: people=2, frame_idx=208
2025-12-19 14:42:14,221 - INFO - openpose - Gaze3D frame=216 id=left label=Left person v=[-0.485, 0.189, 0.854] yaw=-29.6 pitch=-10.9 cx=308.3587646484375
2025-12-19 14:42:14,222 - INFO - openpose - Gaze3D frame=216 id=right label=Right person v=[-0.322, -0.133, 0.937] yaw=-19.0 pitch=7.6 cx=475.3288879394531
2025-12-19 14:42:14,222 - INFO - openpose - Gaze PUB: people=2, frame_idx=216
2025-12-19 14:42:14,949 - INFO - openpose - Gaze3D frame=224 id=left label=Left person v=[-0.354, -0.397, 0.847] yaw=-22.7 pitch=23.4 cx=304.19264221191406
2025-12-19 14:42:14,949 - INFO - openpose - Gaze3D frame=224 id=right label=Right person v=[-0.380, -0.460, 0.802] yaw=-25.4 pitch=27.4 cx=473.82334899902344
2025-12-19 14:42:14,949 - INFO - openpose - Gaze PUB: people=2, frame_idx=224
2025-12-19 14:42:15,668 - INFO - openpose - Gaze3D frame=232 id=left label=Left person v=[-0.392, -0.230, 0.891] yaw=-23.8 pitch=13.3 cx=301.70074462890625
2025-12-19 14:42:15,668 - INFO - openpose - Gaze3D frame=232 id=right label=Right person v=[-0.307, -0.126, 0.943] yaw=-18.1 pitch=7.3 cx=475.40599060058594
2025-12-19 14:42:15,668 - INFO - openpose - Gaze PUB: people=2, frame_idx=232
2025-12-19 14:42:16,347 - INFO - openpose - Gaze3D frame=240 id=left label=Left person v=[-0.592, 0.232, 0.772] yaw=-37.5 pitch=-13.4 cx=302.4085388183594
2025-12-19 14:42:16,347 - INFO - openpose - Gaze3D frame=240 id=right label=Right person v=[-0.448, -0.132, 0.884] yaw=-26.9 pitch=7.6 cx=476.7498016357422
2025-12-19 14:42:16,347 - INFO - openpose - Gaze PUB: people=2, frame_idx=240
2025-12-19 14:42:16,738 - INFO - openpose - Left person: Arm EXTENDED (depth-plane)
2025-12-19 14:42:16,739 - INFO - openpose - ZMQ Message received (non-blocking): PL: Arm Extended Check
2025-12-19 14:42:16,739 - INFO - openpose - ZMQ Sending: Left: Arm Extended
2025-12-19 14:42:16,803 - INFO - openpose - Left person: Arm RETRACTED (depth-plane)
2025-12-19 14:42:16,803 - INFO - openpose - ZMQ Message received (non-blocking): PL: Arm Retracted Check
2025-12-19 14:42:16,803 - INFO - openpose - ZMQ Sending: Left: Arm Retracted
2025-12-19 14:42:17,059 - INFO - openpose - Gaze3D frame=248 id=left label=Left person v=[-0.419, -0.494, 0.762] yaw=-28.8 pitch=29.6 cx=313.4527893066406
2025-12-19 14:42:17,059 - INFO - openpose - Gaze3D frame=248 id=right label=Right person v=[-0.354, -0.176, 0.919] yaw=-21.1 pitch=10.1 cx=477.1073913574219
2025-12-19 14:42:17,059 - INFO - openpose - Gaze PUB: people=2, frame_idx=248
2025-12-19 14:42:17,059 - INFO - openpose - Robot's turn detected
2025-12-19 14:42:17,678 - INFO - openpose - Gaze3D frame=256 id=left label=Left person v=[-0.533, -0.060, 0.844] yaw=-32.3 pitch=3.4 cx=337.30873107910156
2025-12-19 14:42:17,679 - INFO - openpose - Gaze3D frame=256 id=right label=Right person v=[-0.117, -0.316, 0.941] yaw=-7.1 pitch=18.4 cx=476.5093078613281
2025-12-19 14:42:17,679 - INFO - openpose - Gaze PUB: people=2, frame_idx=256
2025-12-19 14:42:18,405 - INFO - openpose - Gaze3D frame=264 id=left label=Left person v=[-0.469, -0.022, 0.883] yaw=-28.0 pitch=1.2 cx=336.8204345703125
2025-12-19 14:42:18,405 - INFO - openpose - Gaze3D frame=264 id=right label=Right person v=[-0.269, -0.164, 0.949] yaw=-15.8 pitch=9.4 cx=476.14991760253906
2025-12-19 14:42:18,405 - INFO - openpose - Gaze PUB: people=2, frame_idx=264
2025-12-19 14:42:19,097 - INFO - openpose - Gaze3D frame=272 id=left label=Left person v=[-0.407, -0.308, 0.860] yaw=-25.3 pitch=18.0 cx=336.7106628417969
2025-12-19 14:42:19,097 - INFO - openpose - Gaze3D frame=272 id=right label=Right person v=[-0.477, -0.145, 0.867] yaw=-28.8 pitch=8.3 cx=476.2655029296875
2025-12-19 14:42:19,097 - INFO - openpose - Gaze PUB: people=2, frame_idx=272
2025-12-19 14:42:19,788 - INFO - openpose - Gaze3D frame=280 id=left label=Left person v=[-0.430, 0.040, 0.902] yaw=-25.5 pitch=-2.3 cx=309.81919860839844
2025-12-19 14:42:19,788 - INFO - openpose - Gaze3D frame=280 id=right label=Right person v=[-0.532, -0.221, 0.818] yaw=-33.0 pitch=12.8 cx=473.95599365234375
2025-12-19 14:42:19,788 - INFO - openpose - Gaze PUB: people=2, frame_idx=280
2025-12-19 14:42:20,467 - INFO - openpose - Gaze3D frame=288 id=left label=Left person v=[-0.424, 0.045, 0.905] yaw=-25.1 pitch=-2.6 cx=308.88243103027344
2025-12-19 14:42:20,467 - INFO - openpose - Gaze3D frame=288 id=right label=Right person v=[-0.159, -0.364, 0.918] yaw=-9.9 pitch=21.3 cx=473.48329162597656
2025-12-19 14:42:20,467 - INFO - openpose - Gaze PUB: people=2, frame_idx=288
2025-12-19 14:42:21,170 - INFO - openpose - Gaze3D frame=296 id=left label=Left person v=[-0.398, -0.098, 0.912] yaw=-23.6 pitch=5.6 cx=305.41961669921875
2025-12-19 14:42:21,170 - INFO - openpose - Gaze3D frame=296 id=right label=Right person v=[-0.249, -0.232, 0.940] yaw=-14.8 pitch=13.4 cx=471.9982452392578
2025-12-19 14:42:21,170 - INFO - openpose - Gaze PUB: people=2, frame_idx=296
2025-12-19 14:42:21,865 - INFO - openpose - Gaze3D frame=304 id=left label=Left person v=[-0.435, 0.008, 0.900] yaw=-25.8 pitch=-0.5 cx=303.72991943359375
2025-12-19 14:42:21,865 - INFO - openpose - Gaze3D frame=304 id=right label=Right person v=[-0.349, -0.170, 0.922] yaw=-20.7 pitch=9.8 cx=476.9525451660156
2025-12-19 14:42:21,865 - INFO - openpose - Gaze PUB: people=2, frame_idx=304
2025-12-19 14:42:22,540 - INFO - openpose - Gaze3D frame=312 id=left label=Left person v=[-0.478, -0.166, 0.863] yaw=-29.0 pitch=9.6 cx=305.15821838378906
2025-12-19 14:42:22,541 - INFO - openpose - Gaze3D frame=312 id=right label=Right person v=[-0.315, -0.160, 0.936] yaw=-18.6 pitch=9.2 cx=475.8003387451172
2025-12-19 14:42:22,541 - INFO - openpose - Gaze PUB: people=2, frame_idx=312
2025-12-19 14:42:23,251 - INFO - openpose - Gaze3D frame=320 id=left label=Left person v=[-0.361, -0.211, 0.908] yaw=-21.7 pitch=12.2 cx=305.70111083984375
2025-12-19 14:42:23,251 - INFO - openpose - Gaze3D frame=320 id=right label=Right person v=[-0.337, -0.183, 0.924] yaw=-20.0 pitch=10.5 cx=475.67803955078125
2025-12-19 14:42:23,251 - INFO - openpose - Gaze PUB: people=2, frame_idx=320
2025-12-19 14:42:23,961 - INFO - openpose - Gaze3D frame=328 id=left label=Left person v=[-0.369, -0.335, 0.867] yaw=-23.1 pitch=19.6 cx=304.4354705810547
2025-12-19 14:42:23,961 - INFO - openpose - Gaze3D frame=328 id=right label=Right person v=[-0.379, -0.167, 0.910] yaw=-22.6 pitch=9.6 cx=475.18043518066406
2025-12-19 14:42:23,969 - INFO - openpose - Gaze PUB: people=2, frame_idx=328
2025-12-19 14:42:24,620 - INFO - openpose - Gaze3D frame=336 id=left label=Left person v=[-0.526, -0.331, 0.783] yaw=-33.9 pitch=19.4 cx=302.5187072753906
2025-12-19 14:42:24,620 - INFO - openpose - Gaze3D frame=336 id=right label=Right person v=[-0.401, -0.204, 0.893] yaw=-24.2 pitch=11.8 cx=475.33892822265625
2025-12-19 14:42:24,620 - INFO - openpose - Gaze PUB: people=2, frame_idx=336
2025-12-19 14:42:25,338 - INFO - openpose - Gaze3D frame=344 id=left label=Left person v=[-0.372, -0.366, 0.853] yaw=-23.6 pitch=21.5 cx=301.9644470214844
2025-12-19 14:42:25,338 - INFO - openpose - Gaze3D frame=344 id=right label=Right person v=[-0.299, -0.163, 0.940] yaw=-17.6 pitch=9.4 cx=472.71034240722656
2025-12-19 14:42:25,338 - INFO - openpose - Gaze PUB: people=2, frame_idx=344
2025-12-19 14:42:26,029 - INFO - openpose - Gaze3D frame=352 id=left label=Left person v=[-0.340, -0.321, 0.884] yaw=-21.1 pitch=18.7 cx=302.3679504394531
2025-12-19 14:42:26,029 - INFO - openpose - Gaze3D frame=352 id=right label=Right person v=[-0.358, -0.108, 0.927] yaw=-21.1 pitch=6.2 cx=475.620849609375
2025-12-19 14:42:26,029 - INFO - openpose - Gaze PUB: people=2, frame_idx=352
2025-12-19 14:42:26,719 - INFO - openpose - Gaze3D frame=360 id=left label=Left person v=[-0.303, -0.400, 0.865] yaw=-19.3 pitch=23.6 cx=305.10096740722656
2025-12-19 14:42:26,720 - INFO - openpose - Gaze3D frame=360 id=right label=Right person v=[-0.255, -0.162, 0.953] yaw=-15.0 pitch=9.3 cx=476.2640686035156
2025-12-19 14:42:26,720 - INFO - openpose - Gaze PUB: people=2, frame_idx=360
2025-12-19 14:42:27,420 - INFO - openpose - Gaze3D frame=368 id=left label=Left person v=[-0.557, 0.199, 0.806] yaw=-34.6 pitch=-11.5 cx=309.1675262451172
2025-12-19 14:42:27,421 - INFO - openpose - Gaze3D frame=368 id=right label=Right person v=[-0.293, -0.226, 0.929] yaw=-17.5 pitch=13.1 cx=478.8509826660156
2025-12-19 14:42:27,421 - INFO - openpose - Gaze PUB: people=2, frame_idx=368
2025-12-19 14:42:28,125 - INFO - openpose - Gaze3D frame=376 id=left label=Left person v=[-0.483, 0.076, 0.872] yaw=-29.0 pitch=-4.3 cx=309.14967346191406
2025-12-19 14:42:28,125 - INFO - openpose - Gaze3D frame=376 id=right label=Right person v=[-0.432, -0.337, 0.836] yaw=-27.3 pitch=19.7 cx=474.0001525878906
2025-12-19 14:42:28,125 - INFO - openpose - Gaze PUB: people=2, frame_idx=376
2025-12-19 14:42:28,833 - INFO - openpose - Gaze3D frame=384 id=left label=Left person v=[-0.573, 0.126, 0.810] yaw=-35.3 pitch=-7.3 cx=309.9751281738281
2025-12-19 14:42:28,833 - INFO - openpose - Gaze3D frame=384 id=right label=Right person v=[-0.361, -0.199, 0.911] yaw=-21.6 pitch=11.5 cx=476.1056823730469
2025-12-19 14:42:28,833 - INFO - openpose - Gaze PUB: people=2, frame_idx=384
2025-12-19 14:42:29,538 - INFO - openpose - Gaze3D frame=392 id=left label=Left person v=[-0.518, 0.170, 0.838] yaw=-31.7 pitch=-9.8 cx=311.9554138183594
2025-12-19 14:42:29,539 - INFO - openpose - Gaze3D frame=392 id=right label=Right person v=[-0.471, -0.178, 0.864] yaw=-28.6 pitch=10.2 cx=476.2866516113281
2025-12-19 14:42:29,539 - INFO - openpose - Gaze PUB: people=2, frame_idx=392
2025-12-19 14:42:30,267 - INFO - openpose - Gaze3D frame=400 id=left label=Left person v=[-0.481, 0.428, 0.765] yaw=-32.1 pitch=-25.3 cx=311.727294921875
2025-12-19 14:42:30,267 - INFO - openpose - Gaze3D frame=400 id=right label=Right person v=[-0.497, -0.145, 0.856] yaw=-30.1 pitch=8.3 cx=474.9986572265625
2025-12-19 14:42:30,267 - INFO - openpose - Gaze PUB: people=2, frame_idx=400
2025-12-19 14:42:31,010 - INFO - openpose - Gaze3D frame=408 id=left label=Left person v=[-0.492, 0.259, 0.831] yaw=-30.6 pitch=-15.0 cx=310.9452667236328
2025-12-19 14:42:31,010 - INFO - openpose - Gaze3D frame=408 id=right label=Right person v=[-0.426, -0.191, 0.884] yaw=-25.7 pitch=11.0 cx=473.7714080810547
2025-12-19 14:42:31,010 - INFO - openpose - Gaze PUB: people=2, frame_idx=408
2025-12-19 14:42:31,750 - INFO - openpose - Gaze3D frame=416 id=left label=Left person v=[-0.546, 0.292, 0.785] yaw=-34.8 pitch=-17.0 cx=311.1849822998047
2025-12-19 14:42:31,750 - INFO - openpose - Gaze3D frame=416 id=right label=Right person v=[-0.401, -0.130, 0.907] yaw=-23.8 pitch=7.5 cx=473.0352325439453
2025-12-19 14:42:31,750 - INFO - openpose - Gaze PUB: people=2, frame_idx=416
2025-12-19 14:42:32,421 - INFO - openpose - Gaze3D frame=424 id=left label=Left person v=[-0.514, 0.269, 0.815] yaw=-32.2 pitch=-15.6 cx=310.93324279785156
2025-12-19 14:42:32,421 - INFO - openpose - Gaze3D frame=424 id=right label=Right person v=[-0.332, -0.121, 0.936] yaw=-19.5 pitch=7.0 cx=475.82456970214844
2025-12-19 14:42:32,421 - INFO - openpose - Gaze PUB: people=2, frame_idx=424
2025-12-19 14:42:33,134 - INFO - openpose - Gaze3D frame=432 id=left label=Left person v=[-0.499, 0.276, 0.822] yaw=-31.3 pitch=-16.0 cx=307.1216125488281
2025-12-19 14:42:33,134 - INFO - openpose - Gaze3D frame=432 id=right label=Right person v=[-0.410, -0.090, 0.908] yaw=-24.3 pitch=5.2 cx=475.4057312011719
2025-12-19 14:42:33,134 - INFO - openpose - Gaze PUB: people=2, frame_idx=432
2025-12-19 14:42:33,831 - INFO - openpose - Gaze3D frame=440 id=left label=Left person v=[-0.493, 0.107, 0.863] yaw=-29.7 pitch=-6.1 cx=307.2433776855469
2025-12-19 14:42:33,831 - INFO - openpose - Gaze3D frame=440 id=right label=Right person v=[-0.502, -0.154, 0.851] yaw=-30.6 pitch=8.9 cx=475.34295654296875
2025-12-19 14:42:33,831 - INFO - openpose - Gaze PUB: people=2, frame_idx=440
2025-12-19 14:42:34,558 - INFO - openpose - Gaze3D frame=448 id=left label=Left person v=[-0.365, -0.089, 0.927] yaw=-21.5 pitch=5.1 cx=307.3539733886719
2025-12-19 14:42:34,558 - INFO - openpose - Gaze3D frame=448 id=right label=Right person v=[-0.024, -0.366, 0.930] yaw=-1.5 pitch=21.5 cx=475.22901916503906
2025-12-19 14:42:34,558 - INFO - openpose - Gaze PUB: people=2, frame_idx=448
2025-12-19 14:42:35,270 - INFO - openpose - Gaze3D frame=456 id=left label=Left person v=[-0.496, 0.191, 0.847] yaw=-30.4 pitch=-11.0 cx=304.6566467285156
2025-12-19 14:42:35,270 - INFO - openpose - Gaze3D frame=456 id=right label=Right person v=[-0.267, -0.168, 0.949] yaw=-15.7 pitch=9.7 cx=477.3282012939453
2025-12-19 14:42:35,270 - INFO - openpose - Gaze PUB: people=2, frame_idx=456
2025-12-19 14:42:35,935 - INFO - openpose - Gaze3D frame=464 id=left label=Left person v=[-0.515, 0.093, 0.852] yaw=-31.1 pitch=-5.3 cx=303.9498291015625
2025-12-19 14:42:35,935 - INFO - openpose - Gaze3D frame=464 id=right label=Right person v=[-0.340, -0.160, 0.927] yaw=-20.1 pitch=9.2 cx=498.9340057373047
2025-12-19 14:42:35,935 - INFO - openpose - Gaze PUB: people=2, frame_idx=464
2025-12-19 14:42:36,634 - INFO - openpose - Gaze3D frame=472 id=left label=Left person v=[-0.518, 0.200, 0.832] yaw=-31.9 pitch=-11.5 cx=303.92881774902344
2025-12-19 14:42:36,634 - INFO - openpose - Gaze3D frame=472 id=right label=Right person v=[-0.426, -0.229, 0.875] yaw=-26.0 pitch=13.3 cx=502.43772888183594
2025-12-19 14:42:36,634 - INFO - openpose - Gaze PUB: people=2, frame_idx=472
2025-12-19 14:42:36,700 - INFO - openpose - Right person: Arm EXTENDED (depth-plane)
2025-12-19 14:42:36,701 - INFO - openpose - ZMQ Message received (non-blocking): PR: Arm Extended Check
2025-12-19 14:42:36,701 - INFO - openpose - ZMQ Sending: Right: Arm Extended
2025-12-19 14:42:36,766 - INFO - openpose - Right person: Arm RETRACTED (depth-plane)
2025-12-19 14:42:36,767 - INFO - openpose - ZMQ Message received (non-blocking): PR: Arm Retracted Check
2025-12-19 14:42:36,767 - INFO - openpose - ZMQ Sending: Right: Arm Retracted
2025-12-19 14:42:36,834 - INFO - openpose - Left person: Arm EXTENDED (depth-plane)
2025-12-19 14:42:36,834 - INFO - openpose - ZMQ Message received (non-blocking): PL: Arm Extended Check
2025-12-19 14:42:36,834 - INFO - openpose - ZMQ Sending: Left: Arm Extended
2025-12-19 14:42:36,900 - INFO - openpose - Left person: Arm RETRACTED (depth-plane)
2025-12-19 14:42:36,900 - INFO - openpose - ZMQ Message received (non-blocking): PL: Arm Retracted Check
2025-12-19 14:42:36,900 - INFO - openpose - ZMQ Sending: Left: Arm Retracted
2025-12-19 14:42:37,354 - INFO - openpose - Gaze3D frame=480 id=left label=Left person v=[-0.507, 0.155, 0.848] yaw=-30.9 pitch=-8.9 cx=303.15330505371094
2025-12-19 14:42:37,354 - INFO - openpose - Gaze3D frame=480 id=right label=Right person v=[-0.482, -0.405, 0.777] yaw=-31.8 pitch=23.9 cx=473.6906433105469
2025-12-19 14:42:37,354 - INFO - openpose - Gaze PUB: people=2, frame_idx=480
2025-12-19 14:42:38,035 - INFO - openpose - Gaze3D frame=488 id=left label=Left person v=[-0.506, 0.131, 0.853] yaw=-30.7 pitch=-7.5 cx=303.0589294433594
2025-12-19 14:42:38,035 - INFO - openpose - Gaze3D frame=488 id=right label=Right person v=[-0.462, -0.372, 0.805] yaw=-29.9 pitch=21.8 cx=469.3421630859375
2025-12-19 14:42:38,035 - INFO - openpose - Gaze PUB: people=2, frame_idx=488
2025-12-19 14:42:38,729 - INFO - openpose - Gaze3D frame=496 id=left label=Left person v=[-0.539, 0.142, 0.830] yaw=-33.0 pitch=-8.1 cx=303.59214782714844
2025-12-19 14:42:38,729 - INFO - openpose - Gaze3D frame=496 id=right label=Right person v=[-0.271, -0.040, 0.962] yaw=-15.8 pitch=2.3 cx=467.8717041015625
2025-12-19 14:42:38,729 - INFO - openpose - Gaze PUB: people=2, frame_idx=496
2025-12-19 14:42:39,407 - INFO - openpose - Gaze3D frame=504 id=left label=Left person v=[-0.482, 0.038, 0.875] yaw=-28.8 pitch=-2.2 cx=302.30430603027344
2025-12-19 14:42:39,407 - INFO - openpose - Gaze3D frame=504 id=right label=Right person v=[-0.272, 0.003, 0.962] yaw=-15.8 pitch=-0.2 cx=481.5910186767578
2025-12-19 14:42:39,407 - INFO - openpose - Gaze PUB: people=2, frame_idx=504
2025-12-19 14:42:40,083 - INFO - openpose - Gaze3D frame=512 id=left label=Left person v=[-0.475, 0.101, 0.874] yaw=-28.5 pitch=-5.8 cx=302.6163330078125
2025-12-19 14:42:40,084 - INFO - openpose - Gaze3D frame=512 id=right label=Right person v=[-0.206, -0.102, 0.973] yaw=-11.9 pitch=5.8 cx=476.9252624511719
2025-12-19 14:42:40,084 - INFO - openpose - Gaze PUB: people=2, frame_idx=512
2025-12-19 14:42:40,737 - INFO - openpose - Gaze3D frame=520 id=left label=Left person v=[-0.523, 0.058, 0.850] yaw=-31.6 pitch=-3.3 cx=292.972900390625
2025-12-19 14:42:40,737 - INFO - openpose - Gaze3D frame=520 id=right label=Right person v=[-0.271, -0.118, 0.955] yaw=-15.8 pitch=6.8 cx=477.7301025390625
2025-12-19 14:42:40,737 - INFO - openpose - Gaze PUB: people=2, frame_idx=520
2025-12-19 14:42:41,436 - INFO - openpose - Gaze3D frame=528 id=left label=Left person v=[-0.595, 0.012, 0.804] yaw=-36.5 pitch=-0.7 cx=297.9704895019531
2025-12-19 14:42:41,437 - INFO - openpose - Gaze3D frame=528 id=right label=Right person v=[-0.399, -0.068, 0.914] yaw=-23.6 pitch=3.9 cx=476.0370788574219
2025-12-19 14:42:41,437 - INFO - openpose - Gaze PUB: people=2, frame_idx=528
2025-12-19 14:42:42,103 - INFO - openpose - Gaze3D frame=536 id=left label=Left person v=[-0.418, -0.189, 0.889] yaw=-25.2 pitch=10.9 cx=300.01377868652344
2025-12-19 14:42:42,103 - INFO - openpose - Gaze3D frame=536 id=right label=Right person v=[-0.329, -0.063, 0.942] yaw=-19.2 pitch=3.6 cx=476.56736755371094
2025-12-19 14:42:42,103 - INFO - openpose - Gaze PUB: people=2, frame_idx=536
2025-12-19 14:42:42,760 - INFO - openpose - Gaze3D frame=544 id=left label=Left person v=[-0.503, 0.141, 0.853] yaw=-30.5 pitch=-8.1 cx=303.13287353515625
2025-12-19 14:42:42,760 - INFO - openpose - Gaze3D frame=544 id=right label=Right person v=[-0.303, -0.078, 0.950] yaw=-17.7 pitch=4.5 cx=473.8049774169922
2025-12-19 14:42:42,760 - INFO - openpose - Gaze PUB: people=2, frame_idx=544
2025-12-19 14:42:43,478 - INFO - openpose - Gaze3D frame=552 id=left label=Left person v=[-0.491, -0.364, 0.791] yaw=-31.8 pitch=21.4 cx=313.2523193359375
2025-12-19 14:42:43,478 - INFO - openpose - Gaze3D frame=552 id=right label=Right person v=[-0.138, -0.336, 0.932] yaw=-8.4 pitch=19.6 cx=473.6445770263672
2025-12-19 14:42:43,478 - INFO - openpose - Gaze PUB: people=2, frame_idx=552
2025-12-19 14:42:44,199 - INFO - openpose - Gaze3D frame=560 id=left label=Left person v=[-0.386, 0.009, 0.922] yaw=-22.7 pitch=-0.5 cx=339.1818542480469
2025-12-19 14:42:44,199 - INFO - openpose - Gaze3D frame=560 id=right label=Right person v=[-0.438, -0.216, 0.873] yaw=-26.7 pitch=12.5 cx=474.04286193847656
2025-12-19 14:42:44,199 - INFO - openpose - Gaze PUB: people=2, frame_idx=560
2025-12-19 14:42:44,922 - INFO - openpose - Gaze3D frame=568 id=left label=Left person v=[-0.510, -0.072, 0.857] yaw=-30.7 pitch=4.1 cx=342.3105010986328
2025-12-19 14:42:44,922 - INFO - openpose - Gaze3D frame=568 id=right label=Right person v=[-0.109, -0.394, 0.913] yaw=-6.8 pitch=23.2 cx=473.35279846191406
2025-12-19 14:42:44,922 - INFO - openpose - Gaze PUB: people=2, frame_idx=568
2025-12-19 14:42:45,645 - INFO - openpose - Gaze3D frame=576 id=left label=Left person v=[-0.441, 0.096, 0.892] yaw=-26.3 pitch=-5.5 cx=317.34576416015625
2025-12-19 14:42:45,645 - INFO - openpose - Gaze3D frame=576 id=right label=Right person v=[-0.503, -0.180, 0.845] yaw=-30.8 pitch=10.4 cx=476.1903991699219
2025-12-19 14:42:45,645 - INFO - openpose - Gaze PUB: people=2, frame_idx=576
2025-12-19 14:42:46,345 - INFO - openpose - Gaze3D frame=584 id=left label=Left person v=[-0.417, 0.021, 0.908] yaw=-24.7 pitch=-1.2 cx=304.0785369873047
2025-12-19 14:42:46,345 - INFO - openpose - Gaze3D frame=584 id=right label=Right person v=[-0.402, -0.222, 0.888] yaw=-24.4 pitch=12.8 cx=477.13645935058594
2025-12-19 14:42:46,345 - INFO - openpose - Gaze PUB: people=2, frame_idx=584
2025-12-19 14:42:47,066 - INFO - openpose - Gaze3D frame=592 id=left label=Left person v=[-0.345, -0.211, 0.915] yaw=-20.6 pitch=12.2 cx=301.1547546386719
2025-12-19 14:42:47,066 - INFO - openpose - Gaze3D frame=592 id=right label=Right person v=[-0.303, -0.151, 0.941] yaw=-17.9 pitch=8.7 cx=489.2311096191406
2025-12-19 14:42:47,066 - INFO - openpose - Gaze PUB: people=2, frame_idx=592
2025-12-19 14:42:47,390 - INFO - openpose - Right person: Arm EXTENDED (depth-plane)
2025-12-19 14:42:47,390 - INFO - openpose - ZMQ Message received (non-blocking): PR: Arm Extended Check
2025-12-19 14:42:47,391 - INFO - openpose - ZMQ Sending: Right: Arm Extended
2025-12-19 14:42:47,454 - INFO - openpose - Right person: Arm RETRACTED (depth-plane)
2025-12-19 14:42:47,454 - INFO - openpose - ZMQ Message received (non-blocking): PR: Arm Retracted Check
2025-12-19 14:42:47,454 - INFO - openpose - ZMQ Sending: Right: Arm Retracted
2025-12-19 14:42:47,765 - INFO - openpose - Gaze3D frame=600 id=left label=Left person v=[-0.426, -0.179, 0.887] yaw=-25.7 pitch=10.3 cx=299.5210723876953
2025-12-19 14:42:47,766 - INFO - openpose - Gaze3D frame=600 id=right label=Right person v=[-0.414, -0.295, 0.861] yaw=-25.7 pitch=17.2 cx=477.7079315185547
2025-12-19 14:42:47,766 - INFO - openpose - Gaze PUB: people=2, frame_idx=600
2025-12-19 14:42:47,830 - INFO - openpose - Left person: Arm EXTENDED (depth-plane)
2025-12-19 14:42:47,830 - INFO - openpose - ZMQ Message received (non-blocking): PL: Arm Extended Check
2025-12-19 14:42:47,830 - INFO - openpose - ZMQ Sending: Left: Arm Extended
2025-12-19 14:42:47,888 - INFO - openpose - Left person: Arm RETRACTED (depth-plane)
2025-12-19 14:42:47,888 - INFO - openpose - ZMQ Message received (non-blocking): PL: Arm Retracted Check
2025-12-19 14:42:47,888 - INFO - openpose - ZMQ Sending: Left: Arm Retracted
2025-12-19 14:42:48,438 - INFO - openpose - Gaze3D frame=608 id=left label=Left person v=[-0.468, 0.056, 0.882] yaw=-27.9 pitch=-3.2 cx=302.0832061767578
2025-12-19 14:42:48,438 - INFO - openpose - Gaze3D frame=608 id=right label=Right person v=[-0.403, -0.346, 0.848] yaw=-25.4 pitch=20.2 cx=456.5811004638672
2025-12-19 14:42:48,438 - INFO - openpose - Gaze PUB: people=2, frame_idx=608
2025-12-19 14:42:49,128 - INFO - openpose - Gaze3D frame=616 id=left label=Left person v=[-0.514, 0.011, 0.858] yaw=-30.9 pitch=-0.6 cx=303.3238830566406
2025-12-19 14:42:49,129 - INFO - openpose - Gaze3D frame=616 id=right label=Right person v=[-0.410, -0.413, 0.813] yaw=-26.8 pitch=24.4 cx=453.4134216308594
2025-12-19 14:42:49,129 - INFO - openpose - Gaze PUB: people=2, frame_idx=616
2025-12-19 14:42:49,849 - INFO - openpose - Gaze3D frame=624 id=left label=Left person v=[-0.308, -0.289, 0.906] yaw=-18.8 pitch=16.8 cx=303.2424774169922
2025-12-19 14:42:49,849 - INFO - openpose - Gaze3D frame=624 id=right label=Right person v=[-0.443, -0.312, 0.841] yaw=-27.8 pitch=18.2 cx=457.51206970214844
2025-12-19 14:42:49,849 - INFO - openpose - Gaze PUB: people=2, frame_idx=624
2025-12-19 14:42:50,584 - INFO - openpose - Gaze3D frame=632 id=left label=Left person v=[-0.442, 0.024, 0.897] yaw=-26.2 pitch=-1.4 cx=302.9004211425781
2025-12-19 14:42:50,584 - INFO - openpose - Gaze3D frame=632 id=right label=Right person v=[-0.442, -0.366, 0.819] yaw=-28.4 pitch=21.5 cx=458.193359375
2025-12-19 14:42:50,584 - INFO - openpose - Gaze PUB: people=2, frame_idx=632
2025-12-19 14:42:51,279 - INFO - openpose - Gaze3D frame=640 id=left label=Left person v=[-0.478, -0.063, 0.876] yaw=-28.6 pitch=3.6 cx=302.607666015625
2025-12-19 14:42:51,279 - INFO - openpose - Gaze3D frame=640 id=right label=Right person v=[-0.468, -0.371, 0.802] yaw=-30.3 pitch=21.8 cx=459.1148681640625
2025-12-19 14:42:51,279 - INFO - openpose - Gaze PUB: people=2, frame_idx=640
2025-12-19 14:42:51,983 - INFO - openpose - Gaze3D frame=648 id=left label=Left person v=[-0.361, -0.307, 0.880] yaw=-22.3 pitch=17.9 cx=303.94500732421875
2025-12-19 14:42:51,983 - INFO - openpose - Gaze3D frame=648 id=right label=Right person v=[-0.383, -0.279, 0.881] yaw=-23.5 pitch=16.2 cx=469.80116271972656
2025-12-19 14:42:51,983 - INFO - openpose - Gaze PUB: people=2, frame_idx=648
2025-12-19 14:42:52,688 - INFO - openpose - Gaze3D frame=656 id=left label=Left person v=[-0.402, 0.097, 0.911] yaw=-23.8 pitch=-5.5 cx=303.51698303222656
2025-12-19 14:42:52,688 - INFO - openpose - Gaze3D frame=656 id=right label=Right person v=[-0.188, -0.295, 0.937] yaw=-11.3 pitch=17.1 cx=483.13246154785156
2025-12-19 14:42:52,688 - INFO - openpose - Gaze PUB: people=2, frame_idx=656
2025-12-19 14:42:53,394 - INFO - openpose - Gaze3D frame=664 id=left label=Left person v=[-0.532, -0.137, 0.835] yaw=-32.5 pitch=7.9 cx=313.73997497558594
2025-12-19 14:42:53,394 - INFO - openpose - Gaze3D frame=664 id=right label=Right person v=[-0.124, -0.299, 0.946] yaw=-7.5 pitch=17.4 cx=479.7747344970703
2025-12-19 14:42:53,395 - INFO - openpose - Gaze PUB: people=2, frame_idx=664
2025-12-19 14:42:54,089 - INFO - openpose - Gaze3D frame=672 id=left label=Left person v=[-0.643, -0.062, 0.763] yaw=-40.1 pitch=3.6 cx=333.28480529785156
2025-12-19 14:42:54,089 - INFO - openpose - Gaze3D frame=672 id=right label=Right person v=[-0.226, -0.204, 0.953] yaw=-13.3 pitch=11.8 cx=479.97560119628906
2025-12-19 14:42:54,089 - INFO - openpose - Gaze PUB: people=2, frame_idx=672
2025-12-19 14:42:54,780 - INFO - openpose - Gaze3D frame=680 id=left label=Left person v=[-0.521, -0.067, 0.851] yaw=-31.4 pitch=3.8 cx=336.67051696777344
2025-12-19 14:42:54,780 - INFO - openpose - Gaze3D frame=680 id=right label=Right person v=[-0.290, -0.210, 0.934] yaw=-17.2 pitch=12.1 cx=478.66026306152344
2025-12-19 14:42:54,781 - INFO - openpose - Gaze PUB: people=2, frame_idx=680
2025-12-19 14:42:55,445 - INFO - openpose - Gaze3D frame=688 id=left label=Left person v=[-0.518, 0.006, 0.856] yaw=-31.2 pitch=-0.4 cx=323.4297180175781
2025-12-19 14:42:55,445 - INFO - openpose - Gaze3D frame=688 id=right label=Right person v=[-0.537, -0.513, 0.670] yaw=-38.7 pitch=30.8 cx=476.232666015625
2025-12-19 14:42:55,446 - INFO - openpose - Gaze PUB: people=2, frame_idx=688
2025-12-19 14:42:56,149 - INFO - openpose - Gaze3D frame=696 id=left label=Left person v=[-0.406, 0.054, 0.912] yaw=-24.0 pitch=-3.1 cx=307.328125
2025-12-19 14:42:56,149 - INFO - openpose - Gaze3D frame=696 id=right label=Right person v=[-0.316, -0.198, 0.928] yaw=-18.8 pitch=11.4 cx=487.04347229003906
2025-12-19 14:42:56,149 - INFO - openpose - Gaze PUB: people=2, frame_idx=696
2025-12-19 14:42:56,477 - INFO - openpose - Right person: Arm EXTENDED (depth-plane)
2025-12-19 14:42:56,477 - INFO - openpose - ZMQ Message received (non-blocking): PR: Arm Extended Check
2025-12-19 14:42:56,477 - INFO - openpose - ZMQ Sending: Right: Arm Extended
2025-12-19 14:42:56,543 - INFO - openpose - Right person: Arm RETRACTED (depth-plane)
2025-12-19 14:42:56,544 - INFO - openpose - ZMQ Message received (non-blocking): PR: Arm Retracted Check
2025-12-19 14:42:56,544 - INFO - openpose - ZMQ Sending: Right: Arm Retracted
2025-12-19 14:42:56,609 - INFO - openpose - Robot's turn detected
2025-12-19 14:42:56,868 - INFO - openpose - Gaze3D frame=704 id=left label=Left person v=[-0.450, 0.085, 0.889] yaw=-26.8 pitch=-4.8 cx=307.82977294921875
2025-12-19 14:42:56,868 - INFO - openpose - Gaze3D frame=704 id=right label=Right person v=[-0.298, -0.198, 0.934] yaw=-17.7 pitch=11.4 cx=478.07696533203125
2025-12-19 14:42:56,868 - INFO - openpose - Gaze PUB: people=2, frame_idx=704
2025-12-19 14:42:57,570 - INFO - openpose - Gaze3D frame=712 id=left label=Left person v=[-0.477, 0.023, 0.878] yaw=-28.5 pitch=-1.3 cx=306.49513244628906
2025-12-19 14:42:57,570 - INFO - openpose - Gaze3D frame=712 id=right label=Right person v=[-0.325, -0.254, 0.911] yaw=-19.6 pitch=14.7 cx=454.8740539550781
2025-12-19 14:42:57,570 - INFO - openpose - Gaze PUB: people=2, frame_idx=712
2025-12-19 14:42:58,278 - INFO - openpose - Gaze3D frame=720 id=left label=Left person v=[-0.520, -0.010, 0.854] yaw=-31.4 pitch=0.6 cx=305.4992370605469
2025-12-19 14:42:58,278 - INFO - openpose - Gaze3D frame=720 id=right label=Right person v=[-0.336, -0.353, 0.873] yaw=-21.0 pitch=20.7 cx=452.61378479003906
2025-12-19 14:42:58,278 - INFO - openpose - Gaze PUB: people=2, frame_idx=720
2025-12-19 14:42:58,955 - INFO - openpose - Gaze3D frame=728 id=left label=Left person v=[-0.435, 0.136, 0.890] yaw=-26.1 pitch=-7.8 cx=306.795166015625
2025-12-19 14:42:58,955 - INFO - openpose - Gaze3D frame=728 id=right label=Right person v=[-0.359, -0.271, 0.893] yaw=-21.9 pitch=15.7 cx=452.1868133544922
2025-12-19 14:42:58,955 - INFO - openpose - Gaze PUB: people=2, frame_idx=728
2025-12-19 14:42:59,666 - INFO - openpose - Gaze3D frame=736 id=left label=Left person v=[-0.444, 0.178, 0.878] yaw=-26.8 pitch=-10.3 cx=306.8602600097656
2025-12-19 14:42:59,666 - INFO - openpose - Gaze3D frame=736 id=right label=Right person v=[-0.384, -0.147, 0.911] yaw=-22.9 pitch=8.5 cx=462.02978515625
2025-12-19 14:42:59,666 - INFO - openpose - Gaze PUB: people=2, frame_idx=736
2025-12-19 14:43:00,382 - INFO - openpose - Gaze3D frame=744 id=left label=Left person v=[-0.474, 0.196, 0.858] yaw=-28.9 pitch=-11.3 cx=309.25169372558594
2025-12-19 14:43:00,382 - INFO - openpose - Gaze3D frame=744 id=right label=Right person v=[-0.380, -0.151, 0.913] yaw=-22.6 pitch=8.7 cx=486.0415496826172
2025-12-19 14:43:00,382 - INFO - openpose - Gaze PUB: people=2, frame_idx=744
2025-12-19 14:43:01,103 - INFO - openpose - Gaze3D frame=752 id=left label=Left person v=[-0.369, 0.218, 0.904] yaw=-22.2 pitch=-12.6 cx=309.7853088378906
2025-12-19 14:43:01,103 - INFO - openpose - Gaze3D frame=752 id=right label=Right person v=[-0.336, -0.053, 0.940] yaw=-19.6 pitch=3.0 cx=480.34564208984375
2025-12-19 14:43:01,103 - INFO - openpose - Gaze PUB: people=2, frame_idx=752
2025-12-19 14:43:01,787 - INFO - openpose - Gaze3D frame=760 id=left label=Left person v=[-0.429, 0.298, 0.852] yaw=-26.7 pitch=-17.4 cx=310.8942413330078
2025-12-19 14:43:01,787 - INFO - openpose - Gaze3D frame=760 id=right label=Right person v=[-0.346, -0.016, 0.938] yaw=-20.2 pitch=0.9 cx=476.6434783935547
2025-12-19 14:43:01,787 - INFO - openpose - Gaze PUB: people=2, frame_idx=760
2025-12-19 14:43:02,487 - INFO - openpose - Gaze3D frame=768 id=left label=Left person v=[-0.506, 0.300, 0.809] yaw=-32.1 pitch=-17.5 cx=310.0914001464844
2025-12-19 14:43:02,487 - INFO - openpose - Gaze3D frame=768 id=right label=Right person v=[-0.388, 0.043, 0.921] yaw=-22.9 pitch=-2.5 cx=478.78363037109375
2025-12-19 14:43:02,487 - INFO - openpose - Gaze PUB: people=2, frame_idx=768
2025-12-19 14:43:03,163 - INFO - openpose - Gaze3D frame=776 id=left label=Left person v=[-0.441, 0.365, 0.820] yaw=-28.3 pitch=-21.4 cx=310.3385925292969
2025-12-19 14:43:03,163 - INFO - openpose - Gaze3D frame=776 id=right label=Right person v=[-0.372, -0.030, 0.928] yaw=-21.9 pitch=1.7 cx=478.4584197998047
2025-12-19 14:43:03,163 - INFO - openpose - Gaze PUB: people=2, frame_idx=776
2025-12-19 14:43:03,861 - INFO - openpose - Gaze3D frame=784 id=left label=Left person v=[-0.400, 0.198, 0.895] yaw=-24.1 pitch=-11.4 cx=308.60047912597656
2025-12-19 14:43:03,861 - INFO - openpose - Gaze3D frame=784 id=right label=Right person v=[-0.381, -0.049, 0.923] yaw=-22.4 pitch=2.8 cx=477.98179626464844
2025-12-19 14:43:03,861 - INFO - openpose - Gaze PUB: people=2, frame_idx=784
2025-12-19 14:43:04,520 - INFO - openpose - Gaze3D frame=792 id=left label=Left person v=[-0.432, 0.219, 0.875] yaw=-26.3 pitch=-12.7 cx=309.239501953125
2025-12-19 14:43:04,520 - INFO - openpose - Gaze3D frame=792 id=right label=Right person v=[-0.326, -0.071, 0.943] yaw=-19.1 pitch=4.1 cx=476.5620574951172
2025-12-19 14:43:04,520 - INFO - openpose - Gaze PUB: people=2, frame_idx=792
2025-12-19 14:43:05,156 - INFO - openpose - Gaze3D frame=800 id=left label=Left person v=[-0.353, 0.166, 0.921] yaw=-21.0 pitch=-9.5 cx=308.60162353515625
2025-12-19 14:43:05,156 - INFO - openpose - Gaze3D frame=800 id=right label=Right person v=[-0.325, -0.080, 0.942] yaw=-19.0 pitch=4.6 cx=478.0577850341797
2025-12-19 14:43:05,156 - INFO - openpose - Gaze PUB: people=2, frame_idx=800
2025-12-19 14:43:05,837 - INFO - openpose - Gaze3D frame=808 id=left label=Left person v=[-0.396, 0.241, 0.886] yaw=-24.1 pitch=-14.0 cx=307.3451232910156
2025-12-19 14:43:05,837 - INFO - openpose - Gaze3D frame=808 id=right label=Right person v=[-0.342, -0.012, 0.940] yaw=-20.0 pitch=0.7 cx=476.6398620605469
2025-12-19 14:43:05,845 - INFO - openpose - Gaze PUB: people=2, frame_idx=808
2025-12-19 14:43:06,557 - INFO - openpose - Gaze3D frame=816 id=left label=Left person v=[-0.356, 0.332, 0.874] yaw=-22.2 pitch=-19.4 cx=308.81170654296875
2025-12-19 14:43:06,557 - INFO - openpose - Gaze3D frame=816 id=right label=Right person v=[-0.007, -0.027, 1.000] yaw=-0.4 pitch=1.5 cx=476.363037109375
2025-12-19 14:43:06,557 - INFO - openpose - Gaze PUB: people=2, frame_idx=816
2025-12-19 14:43:07,263 - INFO - openpose - Gaze3D frame=824 id=left label=Left person v=[-0.381, 0.362, 0.851] yaw=-24.1 pitch=-21.2 cx=307.73841857910156
2025-12-19 14:43:07,263 - INFO - openpose - Gaze3D frame=824 id=right label=Right person v=[-0.382, -0.161, 0.910] yaw=-22.7 pitch=9.3 cx=476.13258361816406
2025-12-19 14:43:07,263 - INFO - openpose - Gaze PUB: people=2, frame_idx=824
2025-12-19 14:43:07,958 - INFO - openpose - Gaze3D frame=832 id=left label=Left person v=[-0.357, 0.353, 0.865] yaw=-22.4 pitch=-20.7 cx=307.4989776611328
2025-12-19 14:43:07,958 - INFO - openpose - Gaze3D frame=832 id=right label=Right person v=[-0.210, -0.013, 0.978] yaw=-12.1 pitch=0.7 cx=475.88629150390625
2025-12-19 14:43:07,958 - INFO - openpose - Gaze PUB: people=2, frame_idx=832
2025-12-19 14:43:08,633 - INFO - openpose - Gaze3D frame=840 id=left label=Left person v=[-0.356, 0.312, 0.881] yaw=-22.0 pitch=-18.2 cx=307.51097106933594
2025-12-19 14:43:08,634 - INFO - openpose - Gaze3D frame=840 id=right label=Right person v=[-0.240, -0.076, 0.968] yaw=-14.0 pitch=4.4 cx=475.39166259765625
2025-12-19 14:43:08,634 - INFO - openpose - Gaze PUB: people=2, frame_idx=840
2025-12-19 14:43:09,345 - INFO - openpose - Gaze3D frame=848 id=left label=Left person v=[-0.397, 0.270, 0.877] yaw=-24.3 pitch=-15.6 cx=307.72901916503906
2025-12-19 14:43:09,345 - INFO - openpose - Gaze3D frame=848 id=right label=Right person v=[-0.234, -0.114, 0.965] yaw=-13.7 pitch=6.6 cx=475.0120849609375
2025-12-19 14:43:09,345 - INFO - openpose - Gaze PUB: people=2, frame_idx=848
2025-12-19 14:43:10,045 - INFO - openpose - Gaze3D frame=856 id=left label=Left person v=[-0.420, 0.202, 0.885] yaw=-25.4 pitch=-11.7 cx=307.0115203857422
2025-12-19 14:43:10,046 - INFO - openpose - Gaze3D frame=856 id=right label=Right person v=[-0.223, -0.179, 0.958] yaw=-13.1 pitch=10.3 cx=473.796875
2025-12-19 14:43:10,046 - INFO - openpose - Gaze PUB: people=2, frame_idx=856
2025-12-19 14:43:10,712 - INFO - openpose - Gaze3D frame=864 id=left label=Left person v=[-0.396, 0.150, 0.906] yaw=-23.6 pitch=-8.6 cx=307.1966247558594
2025-12-19 14:43:10,712 - INFO - openpose - Gaze3D frame=864 id=right label=Right person v=[-0.298, -0.220, 0.929] yaw=-17.8 pitch=12.7 cx=472.90380859375
2025-12-19 14:43:10,712 - INFO - openpose - Gaze PUB: people=2, frame_idx=864
2025-12-19 14:43:11,442 - INFO - openpose - Gaze3D frame=872 id=left label=Left person v=[-0.453, 0.124, 0.883] yaw=-27.1 pitch=-7.1 cx=308.2841796875
2025-12-19 14:43:11,442 - INFO - openpose - Gaze3D frame=872 id=right label=Right person v=[-0.303, -0.164, 0.939] yaw=-17.9 pitch=9.4 cx=472.7733154296875
2025-12-19 14:43:11,442 - INFO - openpose - Gaze PUB: people=2, frame_idx=872
2025-12-19 14:43:12,156 - INFO - openpose - Gaze3D frame=880 id=left label=Left person v=[-0.424, 0.170, 0.889] yaw=-25.5 pitch=-9.8 cx=307.77296447753906
2025-12-19 14:43:12,156 - INFO - openpose - Gaze3D frame=880 id=right label=Right person v=[-0.299, -0.177, 0.938] yaw=-17.7 pitch=10.2 cx=473.2088165283203
2025-12-19 14:43:12,156 - INFO - openpose - Gaze PUB: people=2, frame_idx=880
2025-12-19 14:43:12,822 - INFO - openpose - Gaze3D frame=888 id=left label=Left person v=[-0.420, 0.128, 0.899] yaw=-25.0 pitch=-7.3 cx=306.94541931152344
2025-12-19 14:43:12,822 - INFO - openpose - Gaze3D frame=888 id=right label=Right person v=[-0.170, -0.167, 0.971] yaw=-9.9 pitch=9.6 cx=473.4199523925781
2025-12-19 14:43:12,822 - INFO - openpose - Gaze PUB: people=2, frame_idx=888
2025-12-19 14:43:12,822 - INFO - openpose - ZMQ Message received (non-blocking): Configuration finished
2025-12-19 14:43:12,822 - INFO - openpose - Configuration finished. Waiting for next configuration
2025-12-19 14:43:12,822 - INFO - openpose - OpenPose initialized - waiting for turn_order
