2025-11-28 14:13:34,727 - INFO - openpose - OpenPose server started and bound to tcp://*:5555
2025-11-28 14:13:34,727 - INFO - openpose - OpenPose server started and bound to tcp://*:5556
2025-11-28 14:13:34,741 - INFO - openpose - Starting OpenPose
2025-11-28 14:13:35,521 - INFO - openpose - OpenPose initialized - waiting for turn_order
2025-11-28 14:13:42,104 - INFO - openpose - Message received: ybypbpbpy

2025-11-28 14:13:42,775 - INFO - openpose - Gaze3D frame=0 id=None label=None v=[-0.213, -0.439, 0.873] yaw=-13.7 pitch=26.0 cx=241.74271392822266
2025-11-28 14:13:42,775 - INFO - openpose - Gaze PUB: people=1, frame_idx=0
2025-11-28 14:13:42,967 - INFO - openpose - Gaze3D frame=0 id=None label=None v=[-0.118, -0.459, 0.880] yaw=-7.6 pitch=27.4 cx=242.45274353027344
2025-11-28 14:13:42,967 - INFO - openpose - Gaze PUB: people=1, frame_idx=0
2025-11-28 14:13:43,147 - INFO - openpose - Gaze3D frame=0 id=None label=None v=[-0.205, -0.603, 0.771] yaw=-14.9 pitch=37.1 cx=244.8294677734375
2025-11-28 14:13:43,147 - INFO - openpose - Gaze PUB: people=1, frame_idx=0
2025-11-28 14:13:43,332 - INFO - openpose - Gaze3D frame=0 id=None label=None v=[-0.298, -0.175, 0.938] yaw=-17.6 pitch=10.1 cx=245.32232666015625
2025-11-28 14:13:43,332 - INFO - openpose - Gaze PUB: people=1, frame_idx=0
2025-11-28 14:13:43,526 - INFO - openpose - Gaze3D frame=0 id=None label=None v=[-0.338, -0.300, 0.892] yaw=-20.7 pitch=17.5 cx=242.5017318725586
2025-11-28 14:13:43,526 - INFO - openpose - Gaze PUB: people=1, frame_idx=0
2025-11-28 14:13:43,721 - INFO - openpose - Gaze3D frame=0 id=None label=None v=[-0.300, -0.240, 0.923] yaw=-18.0 pitch=13.9 cx=235.2446746826172
2025-11-28 14:13:43,721 - INFO - openpose - Gaze PUB: people=1, frame_idx=0
2025-11-28 14:13:43,912 - INFO - openpose - Gaze3D frame=0 id=None label=None v=[-0.301, -0.071, 0.951] yaw=-17.6 pitch=4.1 cx=240.63101959228516
2025-11-28 14:13:43,913 - INFO - openpose - Gaze PUB: people=1, frame_idx=0
2025-11-28 14:13:44,095 - INFO - openpose - Gaze3D frame=0 id=None label=None v=[-0.293, -0.114, 0.949] yaw=-17.1 pitch=6.6 cx=256.84102630615234
2025-11-28 14:13:44,095 - INFO - openpose - Gaze PUB: people=1, frame_idx=0
2025-11-28 14:13:44,291 - INFO - openpose - Gaze3D frame=0 id=None label=None v=[-0.099, -0.562, 0.821] yaw=-6.8 pitch=34.2 cx=264.7414016723633
2025-11-28 14:13:44,291 - INFO - openpose - Gaze PUB: people=1, frame_idx=0
2025-11-28 14:13:44,492 - INFO - openpose - Gaze3D frame=0 id=None label=None v=[-0.045, -0.705, 0.708] yaw=-3.7 pitch=44.8 cx=270.3572540283203
2025-11-28 14:13:44,492 - INFO - openpose - Gaze PUB: people=1, frame_idx=0
2025-11-28 14:13:44,687 - INFO - openpose - Gaze3D frame=0 id=None label=None v=[-0.157, -0.580, 0.799] yaw=-11.1 pitch=35.5 cx=272.92674255371094
2025-11-28 14:13:44,687 - INFO - openpose - Gaze PUB: people=1, frame_idx=0
2025-11-28 14:13:44,869 - INFO - openpose - Gaze3D frame=0 id=None label=None v=[-0.204, -0.666, 0.717] yaw=-15.9 pitch=41.8 cx=266.69505310058594
2025-11-28 14:13:44,869 - INFO - openpose - Gaze PUB: people=1, frame_idx=0
2025-11-28 14:13:45,051 - INFO - openpose - Gaze3D frame=0 id=None label=None v=[-0.134, -0.659, 0.740] yaw=-10.3 pitch=41.2 cx=257.76236724853516
2025-11-28 14:13:45,051 - INFO - openpose - Gaze PUB: people=1, frame_idx=0
2025-11-28 14:13:45,249 - INFO - openpose - Gaze3D frame=0 id=None label=None v=[-0.159, -0.750, 0.642] yaw=-13.9 pitch=48.6 cx=247.16007232666016
2025-11-28 14:13:45,249 - INFO - openpose - Gaze PUB: people=1, frame_idx=0
2025-11-28 14:13:45,432 - INFO - openpose - Gaze3D frame=0 id=None label=None v=[-0.254, -0.677, 0.691] yaw=-20.2 pitch=42.6 cx=244.75657653808594
2025-11-28 14:13:45,432 - INFO - openpose - Gaze PUB: people=1, frame_idx=0
2025-11-28 14:13:45,621 - INFO - openpose - Gaze3D frame=0 id=None label=None v=[-0.245, -0.676, 0.695] yaw=-19.4 pitch=42.5 cx=248.67320251464844
2025-11-28 14:13:45,621 - INFO - openpose - Gaze PUB: people=1, frame_idx=0
2025-11-28 14:13:45,801 - INFO - openpose - Gaze3D frame=0 id=None label=None v=[-0.249, -0.536, 0.807] yaw=-17.1 pitch=32.4 cx=262.20340728759766
2025-11-28 14:13:45,801 - INFO - openpose - Gaze PUB: people=1, frame_idx=0
2025-11-28 14:13:45,984 - INFO - openpose - Gaze3D frame=0 id=None label=None v=[-0.082, -0.494, 0.866] yaw=-5.4 pitch=29.6 cx=273.0598602294922
2025-11-28 14:13:45,984 - INFO - openpose - Gaze PUB: people=1, frame_idx=0
2025-11-28 14:13:46,186 - INFO - openpose - Gaze3D frame=0 id=None label=None v=[-0.086, -0.598, 0.797] yaw=-6.1 pitch=36.7 cx=281.3276824951172
2025-11-28 14:13:46,186 - INFO - openpose - Gaze PUB: people=1, frame_idx=0
2025-11-28 14:13:46,375 - INFO - openpose - Gaze3D frame=0 id=None label=None v=[-0.151, -0.539, 0.829] yaw=-10.3 pitch=32.6 cx=284.00279235839844
2025-11-28 14:13:46,375 - INFO - openpose - Gaze PUB: people=1, frame_idx=0
2025-11-28 14:13:46,563 - INFO - openpose - Gaze3D frame=0 id=None label=None v=[-0.145, -0.652, 0.744] yaw=-11.1 pitch=40.7 cx=282.8240051269531
2025-11-28 14:13:46,563 - INFO - openpose - Gaze PUB: people=1, frame_idx=0
2025-11-28 14:13:46,742 - INFO - openpose - Gaze3D frame=0 id=None label=None v=[-0.283, -0.588, 0.757] yaw=-20.5 pitch=36.0 cx=280.3092803955078
2025-11-28 14:13:46,742 - INFO - openpose - Gaze PUB: people=1, frame_idx=0
2025-11-28 14:13:46,933 - INFO - openpose - Gaze3D frame=0 id=None label=None v=[-0.233, -0.641, 0.731] yaw=-17.7 pitch=39.9 cx=278.68092346191406
2025-11-28 14:13:46,933 - INFO - openpose - Gaze PUB: people=1, frame_idx=0
2025-11-28 14:13:47,115 - INFO - openpose - Gaze3D frame=0 id=None label=None v=[-0.169, -0.615, 0.770] yaw=-12.4 pitch=37.9 cx=275.55613708496094
2025-11-28 14:13:47,116 - INFO - openpose - Gaze PUB: people=1, frame_idx=0
2025-11-28 14:13:47,320 - INFO - openpose - Gaze3D frame=0 id=None label=None v=[-0.132, -0.608, 0.783] yaw=-9.6 pitch=37.5 cx=271.58882904052734
2025-11-28 14:13:47,320 - INFO - openpose - Gaze PUB: people=1, frame_idx=0
2025-11-28 14:13:47,519 - INFO - openpose - Gaze3D frame=0 id=None label=None v=[-0.215, -0.517, 0.829] yaw=-14.5 pitch=31.1 cx=266.80333709716797
2025-11-28 14:13:47,519 - INFO - openpose - Gaze PUB: people=1, frame_idx=0
2025-11-28 14:13:47,715 - INFO - openpose - Gaze3D frame=0 id=None label=None v=[-0.190, -0.506, 0.841] yaw=-12.7 pitch=30.4 cx=265.5948181152344
2025-11-28 14:13:47,715 - INFO - openpose - Gaze PUB: people=1, frame_idx=0
2025-11-28 14:13:47,902 - INFO - openpose - Gaze3D frame=0 id=None label=None v=[-0.267, -0.586, 0.765] yaw=-19.2 pitch=35.8 cx=266.7522277832031
2025-11-28 14:13:47,902 - INFO - openpose - Gaze PUB: people=1, frame_idx=0
2025-11-28 14:13:48,087 - INFO - openpose - Gaze3D frame=0 id=None label=None v=[-0.221, -0.603, 0.766] yaw=-16.1 pitch=37.1 cx=272.9072265625
2025-11-28 14:13:48,087 - INFO - openpose - Gaze PUB: people=1, frame_idx=0
2025-11-28 14:13:48,269 - INFO - openpose - Gaze3D frame=0 id=None label=None v=[-0.177, -0.769, 0.614] yaw=-16.1 pitch=50.3 cx=282.2623291015625
2025-11-28 14:13:48,269 - INFO - openpose - Gaze PUB: people=1, frame_idx=0
2025-11-28 14:13:48,462 - INFO - openpose - Gaze3D frame=0 id=None label=None v=[-0.300, -0.569, 0.765] yaw=-21.4 pitch=34.7 cx=290.039794921875
2025-11-28 14:13:48,463 - INFO - openpose - Gaze PUB: people=1, frame_idx=0
2025-11-28 14:13:48,641 - INFO - openpose - Gaze3D frame=0 id=None label=None v=[-0.383, -0.169, 0.908] yaw=-22.9 pitch=9.7 cx=291.58058166503906
2025-11-28 14:13:48,641 - INFO - openpose - Gaze PUB: people=1, frame_idx=0
2025-11-28 14:13:48,835 - INFO - openpose - Gaze3D frame=0 id=None label=None v=[-0.365, -0.239, 0.900] yaw=-22.1 pitch=13.8 cx=290.0602569580078
2025-11-28 14:13:48,836 - INFO - openpose - Gaze PUB: people=1, frame_idx=0
2025-11-28 14:13:49,038 - INFO - openpose - Gaze3D frame=0 id=None label=None v=[-0.428, -0.185, 0.885] yaw=-25.8 pitch=10.7 cx=282.70957946777344
2025-11-28 14:13:49,038 - INFO - openpose - Gaze PUB: people=1, frame_idx=0
2025-11-28 14:13:49,216 - INFO - openpose - Gaze3D frame=0 id=None label=None v=[-0.366, -0.281, 0.887] yaw=-22.4 pitch=16.3 cx=275.13634490966797
2025-11-28 14:13:49,216 - INFO - openpose - Gaze PUB: people=1, frame_idx=0
2025-11-28 14:13:49,406 - INFO - openpose - Gaze3D frame=0 id=None label=None v=[-0.311, -0.149, 0.939] yaw=-18.4 pitch=8.6 cx=271.9877014160156
2025-11-28 14:13:49,406 - INFO - openpose - Gaze PUB: people=1, frame_idx=0
2025-11-28 14:13:49,579 - INFO - openpose - Gaze3D frame=0 id=None label=None v=[-0.305, -0.084, 0.949] yaw=-17.8 pitch=4.8 cx=273.282470703125
2025-11-28 14:13:49,579 - INFO - openpose - Gaze PUB: people=1, frame_idx=0
2025-11-28 14:13:49,749 - INFO - openpose - Gaze3D frame=0 id=None label=None v=[-0.402, -0.199, 0.894] yaw=-24.2 pitch=11.5 cx=275.6749572753906
2025-11-28 14:13:49,749 - INFO - openpose - Gaze PUB: people=1, frame_idx=0
2025-11-28 14:13:49,929 - INFO - openpose - Gaze3D frame=0 id=None label=None v=[-0.422, -0.208, 0.882] yaw=-25.6 pitch=12.0 cx=276.1401672363281
2025-11-28 14:13:49,930 - INFO - openpose - Gaze PUB: people=1, frame_idx=0
2025-11-28 14:13:50,125 - INFO - openpose - Gaze3D frame=0 id=None label=None v=[-0.374, -0.173, 0.911] yaw=-22.3 pitch=10.0 cx=276.11460876464844
2025-11-28 14:13:50,125 - INFO - openpose - Gaze PUB: people=1, frame_idx=0
2025-11-28 14:13:50,306 - INFO - openpose - Gaze3D frame=0 id=None label=None v=[-0.468, -0.299, 0.831] yaw=-29.4 pitch=17.4 cx=275.6952667236328
2025-11-28 14:13:50,306 - INFO - openpose - Gaze PUB: people=1, frame_idx=0
2025-11-28 14:13:50,494 - INFO - openpose - Gaze3D frame=0 id=None label=None v=[-0.344, -0.312, 0.886] yaw=-21.2 pitch=18.2 cx=274.4589385986328
2025-11-28 14:13:50,494 - INFO - openpose - Gaze PUB: people=1, frame_idx=0
2025-11-28 14:13:50,689 - INFO - openpose - Gaze3D frame=0 id=None label=None v=[-0.348, -0.227, 0.910] yaw=-20.9 pitch=13.1 cx=273.4916076660156
2025-11-28 14:13:50,690 - INFO - openpose - Gaze PUB: people=1, frame_idx=0
2025-11-28 14:13:50,874 - INFO - openpose - Gaze3D frame=0 id=None label=None v=[-0.356, -0.349, 0.867] yaw=-22.3 pitch=20.4 cx=273.7390365600586
2025-11-28 14:13:50,874 - INFO - openpose - Gaze PUB: people=1, frame_idx=0
2025-11-28 14:13:51,056 - INFO - openpose - Gaze3D frame=0 id=None label=None v=[-0.403, -0.268, 0.875] yaw=-24.7 pitch=15.6 cx=273.6630325317383
2025-11-28 14:13:51,056 - INFO - openpose - Gaze PUB: people=1, frame_idx=0
2025-11-28 14:13:51,235 - INFO - openpose - Gaze3D frame=0 id=None label=None v=[-0.399, -0.325, 0.858] yaw=-24.9 pitch=18.9 cx=273.64623260498047
2025-11-28 14:13:51,235 - INFO - openpose - Gaze PUB: people=1, frame_idx=0
2025-11-28 14:13:51,421 - INFO - openpose - Gaze3D frame=0 id=None label=None v=[-0.356, -0.355, 0.864] yaw=-22.4 pitch=20.8 cx=273.1161193847656
2025-11-28 14:13:51,421 - INFO - openpose - Gaze PUB: people=1, frame_idx=0
2025-11-28 14:13:51,613 - INFO - openpose - Gaze3D frame=0 id=None label=None v=[-0.344, -0.343, 0.874] yaw=-21.5 pitch=20.1 cx=273.0798568725586
2025-11-28 14:13:51,614 - INFO - openpose - Gaze PUB: people=1, frame_idx=0
2025-11-28 14:13:51,806 - INFO - openpose - Gaze3D frame=0 id=None label=None v=[-0.365, -0.242, 0.899] yaw=-22.1 pitch=14.0 cx=272.9376907348633
2025-11-28 14:13:51,807 - INFO - openpose - Gaze PUB: people=1, frame_idx=0
2025-11-28 14:13:51,990 - INFO - openpose - Gaze3D frame=0 id=None label=None v=[-0.391, -0.262, 0.882] yaw=-23.9 pitch=15.2 cx=272.84136962890625
2025-11-28 14:13:51,991 - INFO - openpose - Gaze PUB: people=1, frame_idx=0
2025-11-28 14:13:52,162 - INFO - openpose - Gaze3D frame=0 id=None label=None v=[-0.375, -0.303, 0.876] yaw=-23.2 pitch=17.7 cx=273.099853515625
2025-11-28 14:13:52,162 - INFO - openpose - Gaze PUB: people=1, frame_idx=0
2025-11-28 14:13:52,359 - INFO - openpose - Gaze3D frame=0 id=None label=None v=[-0.380, -0.306, 0.873] yaw=-23.5 pitch=17.8 cx=273.2301559448242
2025-11-28 14:13:52,359 - INFO - openpose - Gaze PUB: people=1, frame_idx=0
2025-11-28 14:13:52,557 - INFO - openpose - Gaze3D frame=0 id=None label=None v=[-0.436, -0.384, 0.814] yaw=-28.1 pitch=22.6 cx=273.2538146972656
2025-11-28 14:13:52,558 - INFO - openpose - Gaze PUB: people=1, frame_idx=0
2025-11-28 14:13:52,748 - INFO - openpose - Gaze3D frame=0 id=None label=None v=[-0.411, -0.334, 0.849] yaw=-25.8 pitch=19.5 cx=272.37318420410156
2025-11-28 14:13:52,748 - INFO - openpose - Gaze PUB: people=1, frame_idx=0
2025-11-28 14:13:52,929 - INFO - openpose - Gaze3D frame=0 id=None label=None v=[-0.420, -0.324, 0.847] yaw=-26.4 pitch=18.9 cx=272.1111145019531
2025-11-28 14:13:52,929 - INFO - openpose - Gaze PUB: people=1, frame_idx=0
2025-11-28 14:13:53,113 - INFO - openpose - Gaze3D frame=0 id=None label=None v=[-0.403, -0.346, 0.847] yaw=-25.4 pitch=20.2 cx=271.95147705078125
2025-11-28 14:13:53,113 - INFO - openpose - Gaze PUB: people=1, frame_idx=0
2025-11-28 14:13:53,301 - INFO - openpose - Gaze3D frame=0 id=None label=None v=[-0.403, -0.344, 0.848] yaw=-25.4 pitch=20.1 cx=271.8630676269531
2025-11-28 14:13:53,301 - INFO - openpose - Gaze PUB: people=1, frame_idx=0
2025-11-28 14:13:53,493 - INFO - openpose - Gaze3D frame=0 id=None label=None v=[-0.382, -0.289, 0.878] yaw=-23.5 pitch=16.8 cx=271.24143981933594
2025-11-28 14:13:53,493 - INFO - openpose - Gaze PUB: people=1, frame_idx=0
2025-11-28 14:13:53,680 - INFO - openpose - Gaze3D frame=0 id=None label=None v=[-0.406, -0.254, 0.878] yaw=-24.8 pitch=14.7 cx=268.71925354003906
2025-11-28 14:13:53,680 - INFO - openpose - Gaze PUB: people=1, frame_idx=0
2025-11-28 14:13:53,867 - INFO - openpose - Gaze3D frame=0 id=None label=None v=[-0.339, -0.159, 0.927] yaw=-20.1 pitch=9.1 cx=270.2254638671875
2025-11-28 14:13:53,867 - INFO - openpose - Gaze PUB: people=1, frame_idx=0
2025-11-28 14:13:54,051 - INFO - openpose - Gaze3D frame=0 id=None label=None v=[-0.425, -0.170, 0.889] yaw=-25.5 pitch=9.8 cx=269.5269470214844
2025-11-28 14:13:54,051 - INFO - openpose - Gaze PUB: people=1, frame_idx=0
2025-11-28 14:13:54,243 - INFO - openpose - Gaze3D frame=0 id=None label=None v=[-0.351, -0.050, 0.935] yaw=-20.6 pitch=2.9 cx=260.7069625854492
2025-11-28 14:13:54,244 - INFO - openpose - Gaze PUB: people=1, frame_idx=0
2025-11-28 14:13:54,444 - INFO - openpose - Gaze3D frame=0 id=None label=None v=[-0.374, -0.104, 0.922] yaw=-22.1 pitch=5.9 cx=249.23368072509766
2025-11-28 14:13:54,444 - INFO - openpose - Gaze PUB: people=1, frame_idx=0
2025-11-28 14:13:54,638 - INFO - openpose - Gaze3D frame=0 id=None label=None v=[-0.368, -0.317, 0.874] yaw=-22.8 pitch=18.5 cx=240.80274963378906
2025-11-28 14:13:54,638 - INFO - openpose - Gaze PUB: people=1, frame_idx=0
2025-11-28 14:13:54,827 - INFO - openpose - Gaze3D frame=0 id=None label=None v=[-0.212, -0.756, 0.619] yaw=-18.9 pitch=49.1 cx=236.39100646972656
2025-11-28 14:13:54,828 - INFO - openpose - Gaze PUB: people=1, frame_idx=0
2025-11-28 14:13:55,015 - INFO - openpose - Gaze3D frame=0 id=None label=None v=[-0.280, -0.682, 0.675] yaw=-22.5 pitch=43.0 cx=242.60428619384766
2025-11-28 14:13:55,015 - INFO - openpose - Gaze PUB: people=1, frame_idx=0
2025-11-28 14:13:55,207 - INFO - openpose - Gaze3D frame=0 id=None label=None v=[-0.195, -0.669, 0.718] yaw=-15.2 pitch=42.0 cx=245.71388244628906
2025-11-28 14:13:55,207 - INFO - openpose - Gaze PUB: people=1, frame_idx=0
2025-11-28 14:13:55,401 - INFO - openpose - Gaze3D frame=0 id=None label=None v=[-0.271, -0.683, 0.678] yaw=-21.8 pitch=43.1 cx=248.6639404296875
2025-11-28 14:13:55,402 - INFO - openpose - Gaze PUB: people=1, frame_idx=0
2025-11-28 14:13:55,592 - INFO - openpose - Gaze3D frame=0 id=None label=None v=[-0.298, -0.646, 0.702] yaw=-23.0 pitch=40.3 cx=247.65283203125
2025-11-28 14:13:55,592 - INFO - openpose - Gaze PUB: people=1, frame_idx=0
2025-11-28 14:13:55,785 - INFO - openpose - Gaze3D frame=0 id=None label=None v=[-0.309, -0.579, 0.755] yaw=-22.2 pitch=35.4 cx=255.26502227783203
2025-11-28 14:13:55,785 - INFO - openpose - Gaze PUB: people=1, frame_idx=0
2025-11-28 14:13:55,962 - INFO - openpose - Gaze3D frame=0 id=None label=None v=[-0.188, -0.702, 0.687] yaw=-15.3 pitch=44.6 cx=261.24645233154297
2025-11-28 14:13:55,962 - INFO - openpose - Gaze PUB: people=1, frame_idx=0
2025-11-28 14:13:56,143 - INFO - openpose - Gaze3D frame=0 id=None label=None v=[-0.290, -0.675, 0.679] yaw=-23.2 pitch=42.4 cx=261.41139221191406
2025-11-28 14:13:56,143 - INFO - openpose - Gaze PUB: people=1, frame_idx=0
2025-11-28 14:13:56,333 - INFO - openpose - Gaze3D frame=0 id=None label=None v=[-0.314, -0.719, 0.619] yaw=-26.9 pitch=46.0 cx=264.25919342041016
2025-11-28 14:13:56,334 - INFO - openpose - Gaze PUB: people=1, frame_idx=0
2025-11-28 14:13:56,520 - INFO - openpose - Gaze3D frame=0 id=None label=None v=[-0.160, -0.645, 0.747] yaw=-12.1 pitch=40.2 cx=264.48567962646484
2025-11-28 14:13:56,520 - INFO - openpose - Gaze PUB: people=1, frame_idx=0
2025-11-28 14:13:56,711 - INFO - openpose - Gaze3D frame=0 id=None label=None v=[-0.173, -0.703, 0.690] yaw=-14.1 pitch=44.7 cx=264.2424011230469
2025-11-28 14:13:56,711 - INFO - openpose - Gaze PUB: people=1, frame_idx=0
2025-11-28 14:13:56,907 - INFO - openpose - Gaze3D frame=0 id=None label=None v=[-0.229, -0.677, 0.699] yaw=-18.1 pitch=42.6 cx=262.73631286621094
2025-11-28 14:13:56,907 - INFO - openpose - Gaze PUB: people=1, frame_idx=0
2025-11-28 14:13:57,098 - INFO - openpose - Gaze3D frame=0 id=None label=None v=[-0.187, -0.694, 0.695] yaw=-15.1 pitch=44.0 cx=263.5426254272461
2025-11-28 14:13:57,098 - INFO - openpose - Gaze PUB: people=1, frame_idx=0
2025-11-28 14:13:57,294 - INFO - openpose - Gaze3D frame=0 id=None label=None v=[-0.236, -0.676, 0.698] yaw=-18.7 pitch=42.6 cx=261.71849822998047
2025-11-28 14:13:57,294 - INFO - openpose - Gaze PUB: people=1, frame_idx=0
2025-11-28 14:13:57,478 - INFO - openpose - Gaze3D frame=0 id=None label=None v=[-0.372, -0.630, 0.682] yaw=-28.6 pitch=39.1 cx=260.42002868652344
2025-11-28 14:13:57,478 - INFO - openpose - Gaze PUB: people=1, frame_idx=0
2025-11-28 14:13:57,664 - INFO - openpose - Gaze3D frame=0 id=None label=None v=[-0.351, -0.567, 0.745] yaw=-25.2 pitch=34.5 cx=259.3895721435547
2025-11-28 14:13:57,664 - INFO - openpose - Gaze PUB: people=1, frame_idx=0
2025-11-28 14:13:57,863 - INFO - openpose - Gaze3D frame=0 id=None label=None v=[-0.356, -0.596, 0.720] yaw=-26.3 pitch=36.6 cx=259.6886901855469
2025-11-28 14:13:57,863 - INFO - openpose - Gaze PUB: people=1, frame_idx=0
2025-11-28 14:13:58,054 - INFO - openpose - Gaze3D frame=0 id=None label=None v=[-0.333, -0.573, 0.749] yaw=-24.0 pitch=34.9 cx=261.68092346191406
2025-11-28 14:13:58,054 - INFO - openpose - Gaze PUB: people=1, frame_idx=0
2025-11-28 14:13:58,240 - INFO - openpose - Gaze3D frame=0 id=None label=None v=[-0.308, -0.579, 0.755] yaw=-22.2 pitch=35.4 cx=262.3929672241211
2025-11-28 14:13:58,240 - INFO - openpose - Gaze PUB: people=1, frame_idx=0
2025-11-28 14:13:58,423 - INFO - openpose - Gaze3D frame=0 id=None label=None v=[-0.335, -0.528, 0.780] yaw=-23.3 pitch=31.8 cx=264.41458892822266
2025-11-28 14:13:58,423 - INFO - openpose - Gaze PUB: people=1, frame_idx=0
2025-11-28 14:13:58,627 - INFO - openpose - Gaze3D frame=0 id=None label=None v=[-0.317, -0.408, 0.856] yaw=-20.3 pitch=24.1 cx=268.30271911621094
2025-11-28 14:13:58,627 - INFO - openpose - Gaze PUB: people=1, frame_idx=0
2025-11-28 14:13:58,811 - INFO - openpose - Gaze3D frame=0 id=None label=None v=[-0.292, -0.296, 0.909] yaw=-17.8 pitch=17.2 cx=273.6144256591797
2025-11-28 14:13:58,811 - INFO - openpose - Gaze PUB: people=1, frame_idx=0
2025-11-28 14:13:58,990 - INFO - openpose - Gaze3D frame=0 id=None label=None v=[-0.313, -0.138, 0.940] yaw=-18.4 pitch=7.9 cx=277.01429748535156
2025-11-28 14:13:58,991 - INFO - openpose - Gaze PUB: people=1, frame_idx=0
2025-11-28 14:13:59,177 - INFO - openpose - Gaze3D frame=0 id=None label=None v=[-0.391, -0.457, 0.799] yaw=-26.1 pitch=27.2 cx=277.5503845214844
2025-11-28 14:13:59,177 - INFO - openpose - Gaze PUB: people=1, frame_idx=0
2025-11-28 14:13:59,369 - INFO - openpose - Gaze3D frame=0 id=None label=None v=[-0.329, -0.471, 0.819] yaw=-21.9 pitch=28.1 cx=276.3814239501953
2025-11-28 14:13:59,369 - INFO - openpose - Gaze PUB: people=1, frame_idx=0
2025-11-28 14:13:59,564 - INFO - openpose - Gaze3D frame=0 id=None label=None v=[-0.401, -0.545, 0.736] yaw=-28.6 pitch=33.0 cx=275.96836853027344
2025-11-28 14:13:59,564 - INFO - openpose - Gaze PUB: people=1, frame_idx=0
2025-11-28 14:13:59,741 - INFO - openpose - Gaze3D frame=0 id=None label=None v=[-0.306, -0.782, 0.542] yaw=-29.5 pitch=51.5 cx=276.83699798583984
2025-11-28 14:13:59,741 - INFO - openpose - Gaze PUB: people=1, frame_idx=0
2025-11-28 14:13:59,944 - INFO - openpose - Gaze3D frame=0 id=None label=None v=[-0.440, -0.242, 0.865] yaw=-26.9 pitch=14.0 cx=280.10833740234375
2025-11-28 14:13:59,944 - INFO - openpose - Gaze PUB: people=1, frame_idx=0
2025-11-28 14:14:00,149 - INFO - openpose - Gaze3D frame=0 id=None label=None v=[-0.509, -0.213, 0.834] yaw=-31.4 pitch=12.3 cx=283.1815490722656
2025-11-28 14:14:00,149 - INFO - openpose - Gaze PUB: people=1, frame_idx=0
2025-11-28 14:14:00,355 - INFO - openpose - Gaze3D frame=0 id=None label=None v=[-0.458, -0.124, 0.880] yaw=-27.5 pitch=7.1 cx=286.757080078125
2025-11-28 14:14:00,356 - INFO - openpose - Gaze PUB: people=1, frame_idx=0
2025-11-28 14:14:00,557 - INFO - openpose - Gaze3D frame=0 id=None label=None v=[-0.566, -0.331, 0.755] yaw=-36.9 pitch=19.3 cx=289.8121643066406
2025-11-28 14:14:00,558 - INFO - openpose - Gaze PUB: people=1, frame_idx=0
2025-11-28 14:14:00,755 - INFO - openpose - Gaze3D frame=0 id=None label=None v=[-0.469, -0.280, 0.838] yaw=-29.2 pitch=16.3 cx=289.8479461669922
2025-11-28 14:14:00,756 - INFO - openpose - Gaze PUB: people=1, frame_idx=0
2025-11-28 14:14:00,983 - INFO - openpose - Gaze3D frame=0 id=None label=None v=[-0.412, -0.232, 0.881] yaw=-25.1 pitch=13.4 cx=287.8348083496094
2025-11-28 14:14:00,983 - INFO - openpose - Gaze PUB: people=1, frame_idx=0
2025-11-28 14:14:01,175 - INFO - openpose - Gaze3D frame=0 id=None label=None v=[-0.441, -0.434, 0.786] yaw=-29.3 pitch=25.7 cx=287.3302459716797
2025-11-28 14:14:01,176 - INFO - openpose - Gaze PUB: people=1, frame_idx=0
2025-11-28 14:14:01,382 - INFO - openpose - Gaze3D frame=0 id=None label=None v=[-0.577, -0.166, 0.800] yaw=-35.8 pitch=9.5 cx=285.62567138671875
2025-11-28 14:14:01,382 - INFO - openpose - Gaze PUB: people=1, frame_idx=0
2025-11-28 14:14:01,585 - INFO - openpose - Gaze3D frame=0 id=None label=None v=[-0.561, -0.231, 0.795] yaw=-35.2 pitch=13.4 cx=285.07313537597656
2025-11-28 14:14:01,585 - INFO - openpose - Gaze PUB: people=1, frame_idx=0
2025-11-28 14:14:01,792 - INFO - openpose - Gaze3D frame=0 id=None label=None v=[-0.550, -0.200, 0.811] yaw=-34.1 pitch=11.6 cx=286.68023681640625
2025-11-28 14:14:01,792 - INFO - openpose - Gaze PUB: people=1, frame_idx=0
2025-11-28 14:14:01,991 - INFO - openpose - Gaze3D frame=0 id=None label=None v=[-0.550, -0.210, 0.808] yaw=-34.2 pitch=12.1 cx=287.7276916503906
2025-11-28 14:14:01,991 - INFO - openpose - Gaze PUB: people=1, frame_idx=0
2025-11-28 14:14:02,188 - INFO - openpose - Gaze3D frame=0 id=None label=None v=[-0.542, -0.067, 0.838] yaw=-32.9 pitch=3.9 cx=288.29869079589844
2025-11-28 14:14:02,188 - INFO - openpose - Gaze PUB: people=1, frame_idx=0
2025-11-28 14:14:02,366 - INFO - openpose - Gaze3D frame=0 id=None label=None v=[-0.445, -0.360, 0.820] yaw=-28.5 pitch=21.1 cx=289.6725311279297
2025-11-28 14:14:02,366 - INFO - openpose - Gaze PUB: people=1, frame_idx=0
2025-11-28 14:14:02,552 - INFO - openpose - Gaze3D frame=0 id=None label=None v=[-0.461, -0.275, 0.844] yaw=-28.6 pitch=15.9 cx=290.86798095703125
2025-11-28 14:14:02,552 - INFO - openpose - Gaze PUB: people=1, frame_idx=0
2025-11-28 14:14:02,751 - INFO - openpose - Gaze3D frame=0 id=None label=None v=[-0.488, -0.131, 0.863] yaw=-29.5 pitch=7.5 cx=291.53419494628906
2025-11-28 14:14:02,751 - INFO - openpose - Gaze PUB: people=1, frame_idx=0
2025-11-28 14:14:02,955 - INFO - openpose - Gaze3D frame=0 id=None label=None v=[-0.450, -0.050, 0.891] yaw=-26.8 pitch=2.8 cx=291.01934814453125
2025-11-28 14:14:02,955 - INFO - openpose - Gaze PUB: people=1, frame_idx=0
2025-11-28 14:14:03,146 - INFO - openpose - Gaze3D frame=0 id=None label=None v=[-0.403, -0.216, 0.889] yaw=-24.4 pitch=12.5 cx=292.3211975097656
2025-11-28 14:14:03,146 - INFO - openpose - Gaze PUB: people=1, frame_idx=0
2025-11-28 14:14:03,347 - INFO - openpose - Gaze3D frame=0 id=None label=None v=[-0.433, -0.159, 0.887] yaw=-26.0 pitch=9.2 cx=294.1385040283203
2025-11-28 14:14:03,348 - INFO - openpose - Gaze PUB: people=1, frame_idx=0
2025-11-28 14:14:03,536 - INFO - openpose - Gaze3D frame=0 id=None label=None v=[-0.429, -0.186, 0.884] yaw=-25.9 pitch=10.7 cx=293.6724090576172
2025-11-28 14:14:03,536 - INFO - openpose - Gaze PUB: people=1, frame_idx=0
2025-11-28 14:14:03,726 - INFO - openpose - Gaze3D frame=0 id=None label=None v=[-0.429, -0.373, 0.823] yaw=-27.5 pitch=21.9 cx=293.0077819824219
2025-11-28 14:14:03,726 - INFO - openpose - Gaze PUB: people=1, frame_idx=0
2025-11-28 14:14:03,905 - INFO - openpose - Gaze3D frame=0 id=None label=None v=[-0.339, -0.430, 0.837] yaw=-22.1 pitch=25.5 cx=292.4716033935547
2025-11-28 14:14:03,905 - INFO - openpose - Gaze PUB: people=1, frame_idx=0
2025-11-28 14:14:04,087 - INFO - openpose - Gaze3D frame=0 id=None label=None v=[-0.351, -0.399, 0.847] yaw=-22.5 pitch=23.5 cx=292.2113037109375
2025-11-28 14:14:04,087 - INFO - openpose - Gaze PUB: people=1, frame_idx=0
2025-11-28 14:14:04,277 - INFO - openpose - Gaze3D frame=0 id=None label=None v=[-0.333, -0.367, 0.869] yaw=-21.0 pitch=21.5 cx=289.8107604980469
2025-11-28 14:14:04,277 - INFO - openpose - Gaze PUB: people=1, frame_idx=0
2025-11-28 14:14:04,465 - INFO - openpose - Gaze3D frame=0 id=None label=None v=[-0.320, -0.202, 0.925] yaw=-19.1 pitch=11.7 cx=289.74114990234375
2025-11-28 14:14:04,465 - INFO - openpose - Gaze PUB: people=1, frame_idx=0
2025-11-28 14:14:04,647 - INFO - openpose - Gaze3D frame=0 id=None label=None v=[-0.361, -0.348, 0.865] yaw=-22.6 pitch=20.3 cx=289.6103820800781
2025-11-28 14:14:04,647 - INFO - openpose - Gaze PUB: people=1, frame_idx=0
2025-11-28 14:14:04,828 - INFO - openpose - Gaze3D frame=0 id=None label=None v=[-0.272, -0.257, 0.928] yaw=-16.3 pitch=14.9 cx=289.19126892089844
2025-11-28 14:14:04,828 - INFO - openpose - Gaze PUB: people=1, frame_idx=0
2025-11-28 14:14:05,012 - INFO - openpose - Gaze3D frame=0 id=None label=None v=[-0.335, -0.263, 0.905] yaw=-20.3 pitch=15.3 cx=289.2403259277344
2025-11-28 14:14:05,012 - INFO - openpose - Gaze PUB: people=1, frame_idx=0
2025-11-28 14:14:05,194 - INFO - openpose - Gaze3D frame=0 id=None label=None v=[-0.358, -0.148, 0.922] yaw=-21.2 pitch=8.5 cx=289.0777282714844
2025-11-28 14:14:05,194 - INFO - openpose - Gaze PUB: people=1, frame_idx=0
2025-11-28 14:14:05,379 - INFO - openpose - Gaze3D frame=0 id=None label=None v=[-0.329, -0.228, 0.916] yaw=-19.8 pitch=13.2 cx=289.3624572753906
2025-11-28 14:14:05,379 - INFO - openpose - Gaze PUB: people=1, frame_idx=0
2025-11-28 14:14:05,568 - INFO - openpose - Gaze3D frame=0 id=None label=None v=[-0.387, -0.241, 0.890] yaw=-23.5 pitch=13.9 cx=289.37799072265625
2025-11-28 14:14:05,568 - INFO - openpose - Gaze PUB: people=1, frame_idx=0
2025-11-28 14:14:05,753 - INFO - openpose - Gaze3D frame=0 id=None label=None v=[-0.270, -0.134, 0.954] yaw=-15.8 pitch=7.7 cx=289.30613708496094
2025-11-28 14:14:05,753 - INFO - openpose - Gaze PUB: people=1, frame_idx=0
2025-11-28 14:14:05,923 - INFO - openpose - Gaze3D frame=0 id=None label=None v=[-0.338, -0.228, 0.913] yaw=-20.3 pitch=13.2 cx=289.3885803222656
2025-11-28 14:14:05,923 - INFO - openpose - Gaze PUB: people=1, frame_idx=0
2025-11-28 14:14:06,107 - INFO - openpose - Gaze3D frame=0 id=None label=None v=[-0.231, -0.259, 0.938] yaw=-13.8 pitch=15.0 cx=290.0360107421875
2025-11-28 14:14:06,107 - INFO - openpose - Gaze PUB: people=1, frame_idx=0
2025-11-28 14:14:06,293 - INFO - openpose - Gaze3D frame=0 id=None label=None v=[-0.258, -0.322, 0.911] yaw=-15.8 pitch=18.8 cx=291.5347595214844
2025-11-28 14:14:06,293 - INFO - openpose - Gaze PUB: people=1, frame_idx=0
2025-11-28 14:14:06,488 - INFO - openpose - Gaze3D frame=0 id=None label=None v=[-0.305, -0.232, 0.924] yaw=-18.3 pitch=13.4 cx=291.10231018066406
2025-11-28 14:14:06,488 - INFO - openpose - Gaze PUB: people=1, frame_idx=0
2025-11-28 14:14:06,685 - INFO - openpose - Gaze3D frame=0 id=None label=None v=[-0.307, -0.155, 0.939] yaw=-18.1 pitch=8.9 cx=291.33331298828125
2025-11-28 14:14:06,686 - INFO - openpose - Gaze PUB: people=1, frame_idx=0
2025-11-28 14:14:06,882 - INFO - openpose - Gaze3D frame=0 id=None label=None v=[-0.274, -0.173, 0.946] yaw=-16.2 pitch=10.0 cx=292.0821838378906
2025-11-28 14:14:06,882 - INFO - openpose - Gaze PUB: people=1, frame_idx=0
2025-11-28 14:14:07,130 - INFO - openpose - Gaze3D frame=0 id=None label=None v=[-0.196, -0.032, 0.980] yaw=-11.3 pitch=1.9 cx=292.4381866455078
2025-11-28 14:14:07,131 - INFO - openpose - Gaze PUB: people=1, frame_idx=0
2025-11-28 14:14:07,330 - INFO - openpose - Gaze3D frame=0 id=None label=None v=[-0.292, -0.163, 0.942] yaw=-17.2 pitch=9.4 cx=293.1365661621094
2025-11-28 14:14:07,330 - INFO - openpose - Gaze PUB: people=1, frame_idx=0
2025-11-28 14:14:07,516 - INFO - openpose - Gaze3D frame=0 id=None label=None v=[-0.218, -0.114, 0.969] yaw=-12.7 pitch=6.5 cx=297.49609375
2025-11-28 14:14:07,516 - INFO - openpose - Gaze PUB: people=1, frame_idx=0
2025-11-28 14:14:07,718 - INFO - openpose - Gaze3D frame=0 id=None label=None v=[-0.145, -0.106, 0.984] yaw=-8.4 pitch=6.1 cx=298.9809265136719
2025-11-28 14:14:07,718 - INFO - openpose - Gaze PUB: people=1, frame_idx=0
2025-11-28 14:14:07,902 - INFO - openpose - Gaze3D frame=0 id=None label=None v=[-0.050, -0.411, 0.910] yaw=-3.2 pitch=24.2 cx=298.7228698730469
2025-11-28 14:14:07,902 - INFO - openpose - Gaze PUB: people=1, frame_idx=0
2025-11-28 14:14:08,103 - INFO - openpose - Gaze3D frame=0 id=None label=None v=[0.002, -0.717, 0.697] yaw=0.1 pitch=45.8 cx=298.5218963623047
2025-11-28 14:14:08,103 - INFO - openpose - Gaze PUB: people=1, frame_idx=0
2025-11-28 14:14:08,297 - INFO - openpose - Gaze3D frame=0 id=None label=None v=[-0.149, -0.419, 0.896] yaw=-9.5 pitch=24.8 cx=300.3683319091797
2025-11-28 14:14:08,297 - INFO - openpose - Gaze PUB: people=1, frame_idx=0
2025-11-28 14:14:08,483 - INFO - openpose - Gaze3D frame=0 id=None label=None v=[-0.200, -0.216, 0.956] yaw=-11.8 pitch=12.5 cx=301.8008117675781
2025-11-28 14:14:08,483 - INFO - openpose - Gaze PUB: people=1, frame_idx=0
2025-11-28 14:14:08,674 - INFO - openpose - Gaze3D frame=0 id=None label=None v=[-0.202, -0.188, 0.961] yaw=-11.9 pitch=10.8 cx=303.9795379638672
2025-11-28 14:14:08,674 - INFO - openpose - Gaze PUB: people=1, frame_idx=0
2025-11-28 14:14:08,876 - INFO - openpose - Gaze3D frame=0 id=None label=None v=[-0.266, -0.013, 0.964] yaw=-15.4 pitch=0.8 cx=303.88018798828125
2025-11-28 14:14:08,876 - INFO - openpose - Gaze PUB: people=1, frame_idx=0
2025-11-28 14:14:09,058 - INFO - openpose - Gaze3D frame=0 id=None label=None v=[-0.314, -0.095, 0.945] yaw=-18.4 pitch=5.4 cx=302.34217834472656
2025-11-28 14:14:09,058 - INFO - openpose - Gaze PUB: people=1, frame_idx=0
2025-11-28 14:14:09,246 - INFO - openpose - Gaze3D frame=0 id=None label=None v=[-0.338, -0.251, 0.907] yaw=-20.5 pitch=14.5 cx=299.221923828125
2025-11-28 14:14:09,247 - INFO - openpose - Gaze PUB: people=1, frame_idx=0
2025-11-28 14:14:09,445 - INFO - openpose - Gaze3D frame=0 id=None label=None v=[-0.370, -0.201, 0.907] yaw=-22.2 pitch=11.6 cx=301.30833435058594
2025-11-28 14:14:09,445 - INFO - openpose - Gaze PUB: people=1, frame_idx=0
2025-11-28 14:14:09,638 - INFO - openpose - Gaze3D frame=0 id=None label=None v=[-0.404, -0.151, 0.902] yaw=-24.1 pitch=8.7 cx=303.4912872314453
2025-11-28 14:14:09,638 - INFO - openpose - Gaze PUB: people=1, frame_idx=0
2025-11-28 14:14:09,829 - INFO - openpose - Gaze3D frame=0 id=None label=None v=[-0.330, 0.097, 0.939] yaw=-19.3 pitch=-5.6 cx=303.29673767089844
2025-11-28 14:14:09,830 - INFO - openpose - Gaze PUB: people=1, frame_idx=0
2025-11-28 14:14:10,008 - INFO - openpose - Gaze3D frame=0 id=None label=None v=[-0.471, 0.177, 0.864] yaw=-28.6 pitch=-10.2 cx=302.621337890625
2025-11-28 14:14:10,008 - INFO - openpose - Gaze PUB: people=1, frame_idx=0
2025-11-28 14:14:10,185 - INFO - openpose - Gaze3D frame=0 id=None label=None v=[-0.482, 0.315, 0.817] yaw=-30.5 pitch=-18.4 cx=302.10899353027344
2025-11-28 14:14:10,185 - INFO - openpose - Gaze PUB: people=1, frame_idx=0
2025-11-28 14:14:10,372 - INFO - openpose - Gaze3D frame=0 id=None label=None v=[-0.618, 0.043, 0.785] yaw=-38.2 pitch=-2.5 cx=296.2089080810547
2025-11-28 14:14:10,372 - INFO - openpose - Gaze PUB: people=1, frame_idx=0
2025-11-28 14:14:10,557 - INFO - openpose - Gaze3D frame=0 id=None label=None v=[-0.533, -0.235, 0.813] yaw=-33.2 pitch=13.6 cx=282.36834716796875
2025-11-28 14:14:10,557 - INFO - openpose - Gaze PUB: people=1, frame_idx=0
