2025-11-28 14:13:36,329 - INFO - BuildTower - Connected to OpenPose server
2025-11-28 14:13:36,329 - INFO - BuildTower - Connected to Gaze server
2025-11-28 14:13:36,477 - INFO - BuildTower - Robot parameters: robot_name=my_gen3, dof=7, gripper_present=True
2025-11-28 14:13:36,481 - INFO - BuildTower - Service initialized: /my_gen3/base/clear_faults
2025-11-28 14:13:36,483 - INFO - BuildTower - Service initialized: /my_gen3/base/read_action
2025-11-28 14:13:36,485 - INFO - BuildTower - Service initialized: /my_gen3/base/execute_action
2025-11-28 14:13:36,486 - INFO - BuildTower - Service initialized: /my_gen3/control_config/set_cartesian_reference_frame
2025-11-28 14:13:36,487 - INFO - BuildTower - Service initialized: /my_gen3/base/activate_publishing_of_action_topic
2025-11-28 14:13:36,489 - INFO - BuildTower - Service initialized: /my_gen3/base/send_gripper_command
2025-11-28 14:13:36,489 - INFO - BuildTower - BuildTower class initialized successfully.
2025-11-28 14:13:36,490 - INFO - BuildTower - ROS parameter /kortex_examples_test_results/cartesian_poses_with_notifications_python did not exist or could not be deleted.
2025-11-28 14:13:36,490 - INFO - BuildTower - Starting main robot control loop.
2025-11-28 14:13:36,516 - INFO - BuildTower - Robot faults cleared successfully.
2025-11-28 14:13:39,048 - INFO - BuildTower - Cartesian reference frame set successfully.
2025-11-28 14:13:39,050 - INFO - BuildTower - Activating action notifications.
2025-11-28 14:13:39,055 - INFO - BuildTower - Action Notifications successfully activated.
2025-11-28 14:13:40,070 - INFO - BuildTower - Sending robot to home position.
2025-11-28 14:13:42,102 - INFO - BuildTower - User pressed Enter. Continuing with configuration 1
2025-11-28 14:13:42,103 - INFO - BuildTower - Parsing information from file: config2
2025-11-28 14:13:42,103 - INFO - BuildTower - Parsed turn_order: ybypbpbpy

2025-11-28 14:13:42,103 - INFO - BuildTower - Parsed object_order: 143

2025-11-28 14:13:42,104 - INFO - BuildTower - Sent turn_order and waiting for response from OpenPose server.
2025-11-28 14:13:42,104 - INFO - BuildTower - Sending turn order to OpenPose server: ybypbpbpy

2025-11-28 14:13:42,104 - DEBUG - BuildTower - Gaze rx: (none available)
2025-11-28 14:13:42,104 - DEBUG - BuildTower - Gaze rx: (none available)
2025-11-28 14:13:42,105 - DEBUG - BuildTower - Gaze rx: (none available)
2025-11-28 14:13:42,105 - INFO - BuildTower - Received reply from OpenPose server: Order Received
2025-11-28 14:13:42,105 - INFO - BuildTower - Starting mutual gaze calibration for 5.0 seconds
2025-11-28 14:13:47,106 - WARNING - BuildTower - Calibration collected only 0 samples (< 30). Bias may be noisy.
2025-11-28 14:13:47,106 - ERROR - BuildTower - Calibration failed: no valid gaze samples collected.
2025-11-28 14:13:47,107 - INFO - BuildTower - Robot moving to look at person in the right.
2025-11-28 14:13:47,107 - INFO - BuildTower - Attempting to go to position: x=0.5, y=0.08, z=0.5, theta_x=80, theta_y=0, theta_z=105
2025-11-28 14:13:47,107 - DEBUG - BuildTower - Set speed for pose: translation=1, orientation=100
2025-11-28 14:13:47,142 - INFO - BuildTower - Pose action initiated, waiting for completion.
2025-11-28 14:13:50,552 - INFO - BuildTower - Robot action ended.
2025-11-28 14:13:54,554 - INFO - BuildTower - Robot moving to look at person in the left.
2025-11-28 14:13:54,554 - INFO - BuildTower - Attempting to go to position: x=0.5, y=-0.08, z=0.5, theta_x=80, theta_y=0, theta_z=75
2025-11-28 14:13:54,555 - DEBUG - BuildTower - Set speed for pose: translation=1, orientation=100
2025-11-28 14:13:54,561 - ERROR - BuildTower - Failed to send pose: service [/my_gen3/base/execute_action] returned no response
2025-11-28 14:13:58,568 - ERROR - BuildTower - Failed to call ReadAction for home: service [/my_gen3/base/read_action] returned no response
2025-11-28 14:13:58,568 - INFO - BuildTower - Executing turn 0 out of 9.
2025-11-28 14:13:58,571 - ERROR - BuildTower - Failed to call ReadAction for home: service [/my_gen3/base/read_action] returned no response
2025-11-28 14:13:58,571 - INFO - BuildTower - Moving block from start 0.28 to target 0.307. Turn: 0, Block Shape: 1
2025-11-28 14:13:58,573 - INFO - BuildTower - Sending gripper command: value=0
2025-11-28 14:13:58,576 - ERROR - BuildTower - Failed to call SendGripperCommand: service [/my_gen3/base/send_gripper_command] returned no response
2025-11-28 14:13:58,577 - INFO - BuildTower - Attempting to go to position: x=0.47, y=0.18, z=0.325, theta_x=100.0, theta_y=0.0, theta_z=90.0
2025-11-28 14:13:58,578 - DEBUG - BuildTower - Set speed for pose: translation=1, orientation=100
2025-11-28 14:13:58,581 - ERROR - BuildTower - Failed to send pose: service [/my_gen3/base/execute_action] returned no response
2025-11-28 14:13:58,582 - INFO - BuildTower - Attempting to go to position: x=0.47, y=0.18, z=0.28, theta_x=100.0, theta_y=0.0, theta_z=90.0
2025-11-28 14:13:58,582 - DEBUG - BuildTower - Set speed for pose: translation=1, orientation=100
2025-11-28 14:13:58,586 - ERROR - BuildTower - Failed to send pose: service [/my_gen3/base/execute_action] returned no response
2025-11-28 14:13:58,588 - INFO - BuildTower - Sending gripper command: value=0.075
2025-11-28 14:13:58,591 - ERROR - BuildTower - Failed to call SendGripperCommand: service [/my_gen3/base/send_gripper_command] returned no response
2025-11-28 14:13:58,593 - INFO - BuildTower - Attempting to go to position: x=0.47, y=0.18, z=0.325, theta_x=100.0, theta_y=0.0, theta_z=90.0
2025-11-28 14:13:58,593 - DEBUG - BuildTower - Set speed for pose: translation=1, orientation=100
2025-11-28 14:13:58,597 - ERROR - BuildTower - Failed to send pose: service [/my_gen3/base/execute_action] returned no response
2025-11-28 14:13:58,597 - INFO - BuildTower - Attempting to go to position: x=0.735, y=0.0, z=0.352, theta_x=100.0, theta_y=0.0, theta_z=90.0
2025-11-28 14:13:58,597 - DEBUG - BuildTower - Set speed for pose: translation=1, orientation=100
2025-11-28 14:13:58,601 - ERROR - BuildTower - Failed to send pose: service [/my_gen3/base/execute_action] returned no response
2025-11-28 14:13:58,601 - INFO - BuildTower - Attempting to go to position: x=0.735, y=0.0, z=0.307, theta_x=100.0, theta_y=0.0, theta_z=90.0
2025-11-28 14:13:58,601 - DEBUG - BuildTower - Set speed for pose: translation=1, orientation=100
2025-11-28 14:13:58,606 - ERROR - BuildTower - Failed to send pose: service [/my_gen3/base/execute_action] returned no response
2025-11-28 14:13:58,607 - INFO - BuildTower - Sending gripper command: value=0
2025-11-28 14:13:58,610 - ERROR - BuildTower - Failed to call SendGripperCommand: service [/my_gen3/base/send_gripper_command] returned no response
2025-11-28 14:13:58,611 - INFO - BuildTower - Attempting to go to position: x=0.735, y=0.0, z=0.352, theta_x=100.0, theta_y=0.0, theta_z=90.0
2025-11-28 14:13:58,612 - DEBUG - BuildTower - Set speed for pose: translation=1, orientation=100
2025-11-28 14:13:58,616 - ERROR - BuildTower - Failed to send pose: service [/my_gen3/base/execute_action] returned no response
2025-11-28 14:13:58,616 - INFO - BuildTower - Robot completed its turn. Robot turn count: 1
2025-11-28 14:13:58,616 - INFO - BuildTower - Executing turn 1 out of 9.
2025-11-28 14:13:58,616 - DEBUG - BuildTower - Gaze rx: (none available)
2025-11-28 14:13:58,616 - INFO - BuildTower - No mutual gaze detected -> looking at tower as fallback.
2025-11-28 14:13:58,616 - INFO - BuildTower - Robot moving to look at tower.
2025-11-28 14:13:58,616 - INFO - BuildTower - Attempting to go to position: x=0.5, y=0, z=0.3, theta_x=110, theta_y=0, theta_z=90
2025-11-28 14:13:58,617 - DEBUG - BuildTower - Set speed for pose: translation=1, orientation=100
2025-11-28 14:13:58,622 - ERROR - BuildTower - Failed to send pose: service [/my_gen3/base/execute_action] returned no response
2025-11-28 14:13:58,622 - DEBUG - BuildTower - Gaze rx: (none available)
2025-11-28 14:13:58,622 - INFO - BuildTower - Sent 'PL: Arm Extended Check' to OpenPose server.
2025-11-28 14:13:58,622 - DEBUG - BuildTower - Gaze rx: (none available)
