2026-01-09 12:48:26,183 - INFO - BuildTower - Pinned current thread to core 0
2026-01-09 12:48:26,183 - INFO - BuildTower - Main BuildTower thread pinned to core 0.
2026-01-09 12:48:26,339 - INFO - BuildTower - Robot parameters: robot_name=my_gen3, dof=7, gripper_present=True
2026-01-09 12:48:26,343 - INFO - BuildTower - Service initialized: /my_gen3/base/clear_faults
2026-01-09 12:48:26,345 - INFO - BuildTower - Service initialized: /my_gen3/base/read_action
2026-01-09 12:48:26,346 - INFO - BuildTower - Service initialized: /my_gen3/base/execute_action
2026-01-09 12:48:26,347 - INFO - BuildTower - Service initialized: /my_gen3/control_config/set_cartesian_reference_frame
2026-01-09 12:48:26,349 - INFO - BuildTower - Service initialized: /my_gen3/base/activate_publishing_of_action_topic
2026-01-09 12:48:26,350 - INFO - BuildTower - Service initialized: /my_gen3/base/send_gripper_command
2026-01-09 12:48:26,351 - INFO - BuildTower - OpenPoseThread started (core 1).
2026-01-09 12:48:26,351 - INFO - BuildTower - BuildTower class initialized successfully.
2026-01-09 12:48:26,351 - INFO - BuildTower - Pinned current thread to core 1
2026-01-09 12:48:26,352 - INFO - BuildTower - OpenPoseThread: Connected REQ to tcp://localhost:5555
2026-01-09 12:48:26,353 - INFO - BuildTower - ROS parameter /kortex_examples_test_results/cartesian_poses_with_notifications_python did not exist or could not be deleted.
2026-01-09 12:48:26,353 - INFO - BuildTower - Starting main robot control loop.
2026-01-09 12:48:26,353 - INFO - BuildTower - OpenPoseThread: Connected SUB to tcp://localhost:5556
2026-01-09 12:48:26,364 - INFO - BuildTower - Robot faults cleared successfully.
2026-01-09 12:48:28,892 - INFO - BuildTower - Cartesian reference frame set successfully.
2026-01-09 12:48:29,145 - INFO - BuildTower - Activating action notifications.
2026-01-09 12:48:29,164 - INFO - BuildTower - Action Notifications successfully activated.
2026-01-09 12:48:30,203 - INFO - BuildTower - Sending robot to home position.
2026-01-09 12:48:49,424 - INFO - BuildTower - User pressed Enter. Continuing with configuration 1
2026-01-09 12:48:49,424 - INFO - BuildTower - Parsing information from file: config2
2026-01-09 12:48:49,424 - INFO - BuildTower - Parsed turn_order: ybypbpbpy

2026-01-09 12:48:49,424 - INFO - BuildTower - Parsed object_order: 143

2026-01-09 12:48:49,425 - INFO - BuildTower - Sent turn_order and waiting for response from OpenPose server.
2026-01-09 12:48:49,425 - INFO - BuildTower - Sending turn order to OpenPose server: ybypbpbpy

2026-01-09 12:48:49,425 - INFO - BuildTower - OpenPoseThread: sending cmd: ybypbpbpy

2026-01-09 12:48:49,426 - INFO - BuildTower - OpenPoseThread: received reply: Order Received
2026-01-09 12:48:49,426 - INFO - BuildTower - Received reply from OpenPose server: Order Received
2026-01-09 12:48:49,427 - INFO - BuildTower - Starting mutual gaze calibration for 10.0 seconds
2026-01-09 12:48:50,191 - INFO - BuildTower - OpenPoseThread: gaze frame_idx=0 ts=2026-01-09T12:48:50.162745Z people=1
2026-01-09 12:48:50,191 - INFO - BuildTower - OpenPoseThread: Gaze3D frame=0 id=None label=None v=[-0.310, -0.341, 0.888] yaw=-19.2 pitch=19.9
2026-01-09 12:48:50,407 - INFO - BuildTower - OpenPoseThread: gaze frame_idx=0 ts=2026-01-09T12:48:50.348324Z people=1
2026-01-09 12:48:50,408 - INFO - BuildTower - OpenPoseThread: Gaze3D frame=0 id=None label=None v=[-0.254, -0.317, 0.914] yaw=-15.5 pitch=18.5
2026-01-09 12:48:50,619 - INFO - BuildTower - OpenPoseThread: gaze frame_idx=0 ts=2026-01-09T12:48:50.534297Z people=1
2026-01-09 12:48:50,619 - INFO - BuildTower - OpenPoseThread: Gaze3D frame=0 id=None label=None v=[-0.699, -0.038, 0.714] yaw=-44.4 pitch=2.2
2026-01-09 12:48:50,830 - INFO - BuildTower - OpenPoseThread: gaze frame_idx=0 ts=2026-01-09T12:48:50.728761Z people=1
2026-01-09 12:48:50,830 - INFO - BuildTower - OpenPoseThread: Gaze3D frame=0 id=None label=None v=[-0.690, -0.169, 0.703] yaw=-44.5 pitch=9.7
2026-01-09 12:48:50,930 - INFO - BuildTower - OpenPoseThread: gaze frame_idx=0 ts=2026-01-09T12:48:50.916217Z people=1
2026-01-09 12:48:50,930 - INFO - BuildTower - OpenPoseThread: Gaze3D frame=0 id=None label=None v=[-0.688, -0.060, 0.723] yaw=-43.6 pitch=3.5
2026-01-09 12:48:51,144 - INFO - BuildTower - OpenPoseThread: gaze frame_idx=0 ts=2026-01-09T12:48:51.107019Z people=1
2026-01-09 12:48:51,144 - INFO - BuildTower - OpenPoseThread: Gaze3D frame=0 id=None label=None v=[-0.651, 0.027, 0.758] yaw=-40.7 pitch=-1.6
2026-01-09 12:48:51,355 - INFO - BuildTower - OpenPoseThread: gaze frame_idx=0 ts=2026-01-09T12:48:51.304094Z people=1
2026-01-09 12:48:51,355 - INFO - BuildTower - OpenPoseThread: Gaze3D frame=0 id=None label=None v=[-0.731, -0.079, 0.678] yaw=-47.1 pitch=4.5
2026-01-09 12:48:51,575 - INFO - BuildTower - OpenPoseThread: gaze frame_idx=0 ts=2026-01-09T12:48:51.497980Z people=1
2026-01-09 12:48:51,575 - INFO - BuildTower - OpenPoseThread: Gaze3D frame=0 id=None label=None v=[-0.676, -0.056, 0.735] yaw=-42.6 pitch=3.2
2026-01-09 12:48:51,676 - INFO - BuildTower - OpenPoseThread: gaze frame_idx=0 ts=2026-01-09T12:48:51.675634Z people=1
2026-01-09 12:48:51,676 - INFO - BuildTower - OpenPoseThread: Gaze3D frame=0 id=None label=None v=[-0.672, 0.078, 0.737] yaw=-42.4 pitch=-4.5
2026-01-09 12:48:52,002 - INFO - BuildTower - OpenPoseThread: gaze frame_idx=0 ts=2026-01-09T12:48:51.920519Z people=2
2026-01-09 12:48:52,002 - INFO - BuildTower - OpenPoseThread: Gaze3D frame=0 id=None label=None v=[0.052, 0.252, 0.966] yaw=3.1 pitch=-14.6
2026-01-09 12:48:52,002 - INFO - BuildTower - OpenPoseThread: Gaze3D frame=0 id=None label=None v=[-0.631, -0.030, 0.775] yaw=-39.1 pitch=1.7
2026-01-09 12:48:52,213 - INFO - BuildTower - OpenPoseThread: gaze frame_idx=0 ts=2026-01-09T12:48:52.159216Z people=2
2026-01-09 12:48:52,213 - INFO - BuildTower - OpenPoseThread: Gaze3D frame=0 id=left label=Left person v=[-0.137, -0.314, 0.939] yaw=-8.3 pitch=18.3
2026-01-09 12:48:52,213 - INFO - BuildTower - OpenPoseThread: Gaze3D frame=0 id=right label=Right person v=[-0.615, 0.046, 0.787] yaw=-38.0 pitch=-2.6
2026-01-09 12:48:52,866 - INFO - BuildTower - OpenPoseThread: gaze frame_idx=8 ts=2026-01-09T12:48:52.832235Z people=2
2026-01-09 12:48:52,866 - INFO - BuildTower - OpenPoseThread: Gaze3D frame=8 id=left label=Left person v=[0.006, 0.049, 0.999] yaw=0.4 pitch=-2.8
2026-01-09 12:48:52,866 - INFO - BuildTower - OpenPoseThread: Gaze3D frame=8 id=right label=Right person v=[-0.625, 0.014, 0.781] yaw=-38.7 pitch=-0.8
2026-01-09 12:48:53,527 - INFO - BuildTower - OpenPoseThread: gaze frame_idx=16 ts=2026-01-09T12:48:53.496476Z people=2
2026-01-09 12:48:53,527 - INFO - BuildTower - OpenPoseThread: Gaze3D frame=16 id=left label=Left person v=[-0.061, -0.238, 0.969] yaw=-3.6 pitch=13.8
2026-01-09 12:48:53,527 - INFO - BuildTower - OpenPoseThread: Gaze3D frame=16 id=right label=Right person v=[-0.598, -0.088, 0.797] yaw=-36.9 pitch=5.0
2026-01-09 12:48:54,187 - INFO - BuildTower - OpenPoseThread: gaze frame_idx=24 ts=2026-01-09T12:48:54.171988Z people=2
2026-01-09 12:48:54,187 - INFO - BuildTower - OpenPoseThread: Gaze3D frame=24 id=left label=Left person v=[0.169, -0.072, 0.983] yaw=9.8 pitch=4.1
2026-01-09 12:48:54,188 - INFO - BuildTower - OpenPoseThread: Gaze3D frame=24 id=right label=Right person v=[-0.317, -0.458, 0.831] yaw=-20.9 pitch=27.2
2026-01-09 12:48:54,843 - INFO - BuildTower - OpenPoseThread: gaze frame_idx=32 ts=2026-01-09T12:48:54.821460Z people=2
2026-01-09 12:48:54,844 - INFO - BuildTower - OpenPoseThread: Gaze3D frame=32 id=left label=Left person v=[-0.239, -0.313, 0.919] yaw=-14.6 pitch=18.3
2026-01-09 12:48:54,844 - INFO - BuildTower - OpenPoseThread: Gaze3D frame=32 id=right label=Right person v=[-0.293, -0.473, 0.831] yaw=-19.4 pitch=28.2
2026-01-09 12:48:55,506 - INFO - BuildTower - OpenPoseThread: gaze frame_idx=40 ts=2026-01-09T12:48:55.505511Z people=2
2026-01-09 12:48:55,506 - INFO - BuildTower - OpenPoseThread: Gaze3D frame=40 id=left label=Left person v=[-0.468, 0.230, 0.853] yaw=-28.8 pitch=-13.3
2026-01-09 12:48:55,506 - INFO - BuildTower - OpenPoseThread: Gaze3D frame=40 id=right label=Right person v=[-0.416, -0.186, 0.890] yaw=-25.0 pitch=10.7
2026-01-09 12:48:56,276 - INFO - BuildTower - OpenPoseThread: gaze frame_idx=48 ts=2026-01-09T12:48:56.183193Z people=2
2026-01-09 12:48:56,276 - INFO - BuildTower - OpenPoseThread: Gaze3D frame=48 id=left label=Left person v=[-0.577, -0.281, 0.767] yaw=-37.0 pitch=16.3
2026-01-09 12:48:56,276 - INFO - BuildTower - OpenPoseThread: Gaze3D frame=48 id=right label=Right person v=[-0.418, -0.215, 0.883] yaw=-25.3 pitch=12.4
2026-01-09 12:48:56,929 - INFO - BuildTower - OpenPoseThread: gaze frame_idx=56 ts=2026-01-09T12:48:56.843858Z people=2
2026-01-09 12:48:56,930 - INFO - BuildTower - OpenPoseThread: Gaze3D frame=56 id=left label=Left person v=[-0.547, -0.181, 0.818] yaw=-33.8 pitch=10.4
2026-01-09 12:48:56,930 - INFO - BuildTower - OpenPoseThread: Gaze3D frame=56 id=right label=Right person v=[-0.467, -0.175, 0.867] yaw=-28.3 pitch=10.1
2026-01-09 12:48:57,581 - INFO - BuildTower - OpenPoseThread: gaze frame_idx=64 ts=2026-01-09T12:48:57.548635Z people=2
2026-01-09 12:48:57,581 - INFO - BuildTower - OpenPoseThread: Gaze3D frame=64 id=left label=Left person v=[-0.341, 0.104, 0.934] yaw=-20.0 pitch=-6.0
2026-01-09 12:48:57,581 - INFO - BuildTower - OpenPoseThread: Gaze3D frame=64 id=right label=Right person v=[-0.412, -0.159, 0.897] yaw=-24.7 pitch=9.1
2026-01-09 12:48:58,248 - INFO - BuildTower - OpenPoseThread: gaze frame_idx=72 ts=2026-01-09T12:48:58.247338Z people=2
2026-01-09 12:48:58,248 - INFO - BuildTower - OpenPoseThread: Gaze3D frame=72 id=left label=Left person v=[-0.529, 0.002, 0.849] yaw=-31.9 pitch=-0.1
2026-01-09 12:48:58,248 - INFO - BuildTower - OpenPoseThread: Gaze3D frame=72 id=right label=Right person v=[-0.422, -0.189, 0.887] yaw=-25.5 pitch=10.9
2026-01-09 12:48:59,017 - INFO - BuildTower - OpenPoseThread: gaze frame_idx=80 ts=2026-01-09T12:48:58.957976Z people=2
2026-01-09 12:48:59,017 - INFO - BuildTower - OpenPoseThread: Gaze3D frame=80 id=left label=Left person v=[-0.706, -0.063, 0.705] yaw=-45.0 pitch=3.6
2026-01-09 12:48:59,017 - INFO - BuildTower - OpenPoseThread: Gaze3D frame=80 id=right label=Right person v=[-0.422, -0.216, 0.880] yaw=-25.6 pitch=12.5
2026-01-09 12:48:59,445 - INFO - BuildTower - Calibration done: yaw_bias=-24.788 deg, pitch_bias=7.542 deg
2026-01-09 12:48:59,445 - INFO - BuildTower - Executing turn 0 out of 9.
2026-01-09 12:48:59,445 - INFO - BuildTower - Moving block from start 0.28 to target 0.307. Turn: 0, Block Shape: 1
2026-01-09 12:48:59,448 - INFO - BuildTower - Sending gripper command: value=0
2026-01-09 12:48:59,896 - INFO - BuildTower - OpenPoseThread: gaze frame_idx=88 ts=2026-01-09T12:48:59.824486Z people=2
2026-01-09 12:48:59,896 - INFO - BuildTower - OpenPoseThread: Gaze3D frame=88 id=left label=Left person v=[-0.215, -0.272, 0.938] yaw=-12.9 pitch=15.8
2026-01-09 12:48:59,896 - INFO - BuildTower - OpenPoseThread: Gaze3D frame=88 id=right label=Right person v=[-0.293, -0.389, 0.873] yaw=-18.6 pitch=22.9
2026-01-09 12:48:59,965 - INFO - BuildTower - Gripper command 0 sent successfully.
2026-01-09 12:48:59,968 - INFO - BuildTower - Attempting to go to position: x=0.47, y=0.18, z=0.325, theta_x=100.0, theta_y=0.0, theta_z=90.0
2026-01-09 12:48:59,968 - DEBUG - BuildTower - Set speed for pose: translation=1, orientation=100
2026-01-09 12:48:59,997 - INFO - BuildTower - Pose action initiated, waiting for completion.
2026-01-09 12:49:00,549 - INFO - BuildTower - OpenPoseThread: gaze frame_idx=96 ts=2026-01-09T12:49:00.542254Z people=2
2026-01-09 12:49:00,549 - INFO - BuildTower - OpenPoseThread: Gaze3D frame=96 id=left label=Left person v=[-0.695, -0.070, 0.715] yaw=-44.2 pitch=4.0
2026-01-09 12:49:00,549 - INFO - BuildTower - OpenPoseThread: Gaze3D frame=96 id=right label=Right person v=[-0.320, -0.347, 0.882] yaw=-20.0 pitch=20.3
2026-01-09 12:49:01,206 - INFO - BuildTower - OpenPoseThread: gaze frame_idx=104 ts=2026-01-09T12:49:01.160583Z people=2
2026-01-09 12:49:01,206 - INFO - BuildTower - OpenPoseThread: Gaze3D frame=104 id=left label=Left person v=[-0.492, -0.021, 0.870] yaw=-29.5 pitch=1.2
2026-01-09 12:49:01,206 - INFO - BuildTower - OpenPoseThread: Gaze3D frame=104 id=right label=Right person v=[-0.504, -0.298, 0.811] yaw=-31.9 pitch=17.3
2026-01-09 12:49:01,866 - INFO - BuildTower - OpenPoseThread: gaze frame_idx=112 ts=2026-01-09T12:49:01.845955Z people=2
2026-01-09 12:49:01,866 - INFO - BuildTower - OpenPoseThread: Gaze3D frame=112 id=left label=Left person v=[-0.473, -0.146, 0.869] yaw=-28.6 pitch=8.4
2026-01-09 12:49:01,866 - INFO - BuildTower - OpenPoseThread: Gaze3D frame=112 id=right label=Right person v=[-0.464, -0.338, 0.819] yaw=-29.6 pitch=19.7
2026-01-09 12:49:02,627 - INFO - BuildTower - Robot action ended.
2026-01-09 12:49:02,627 - INFO - BuildTower - Attempting to go to position: x=0.47, y=0.18, z=0.28, theta_x=100.0, theta_y=0.0, theta_z=90.0
2026-01-09 12:49:02,627 - DEBUG - BuildTower - Set speed for pose: translation=1, orientation=100
2026-01-09 12:49:02,630 - INFO - BuildTower - OpenPoseThread: gaze frame_idx=120 ts=2026-01-09T12:49:02.538446Z people=2
2026-01-09 12:49:02,630 - INFO - BuildTower - OpenPoseThread: Gaze3D frame=120 id=left label=Left person v=[-0.614, -0.122, 0.780] yaw=-38.2 pitch=7.0
2026-01-09 12:49:02,630 - INFO - BuildTower - OpenPoseThread: Gaze3D frame=120 id=right label=Right person v=[-0.467, -0.431, 0.772] yaw=-31.2 pitch=25.5
2026-01-09 12:49:02,641 - INFO - BuildTower - Pose action initiated, waiting for completion.
2026-01-09 12:49:03,284 - INFO - BuildTower - OpenPoseThread: gaze frame_idx=128 ts=2026-01-09T12:49:03.233282Z people=2
2026-01-09 12:49:03,284 - INFO - BuildTower - OpenPoseThread: Gaze3D frame=128 id=left label=Left person v=[-0.466, -0.077, 0.881] yaw=-27.9 pitch=4.4
2026-01-09 12:49:03,285 - INFO - BuildTower - OpenPoseThread: Gaze3D frame=128 id=right label=Right person v=[-0.459, -0.298, 0.837] yaw=-28.7 pitch=17.4
2026-01-09 12:49:03,376 - INFO - BuildTower - Robot action ended.
2026-01-09 12:49:03,378 - INFO - BuildTower - Sending gripper command: value=0.075
2026-01-09 12:49:03,890 - INFO - BuildTower - Gripper command 0.075 sent successfully.
2026-01-09 12:49:03,892 - INFO - BuildTower - Attempting to go to position: x=0.47, y=0.18, z=0.325, theta_x=100.0, theta_y=0.0, theta_z=90.0
2026-01-09 12:49:03,892 - DEBUG - BuildTower - Set speed for pose: translation=1, orientation=100
2026-01-09 12:49:03,917 - INFO - BuildTower - Pose action initiated, waiting for completion.
2026-01-09 12:49:03,937 - INFO - BuildTower - OpenPoseThread: gaze frame_idx=136 ts=2026-01-09T12:49:03.925842Z people=2
2026-01-09 12:49:03,937 - INFO - BuildTower - OpenPoseThread: Gaze3D frame=136 id=left label=Left person v=[-0.440, 0.001, 0.898] yaw=-26.1 pitch=-0.1
2026-01-09 12:49:03,937 - INFO - BuildTower - OpenPoseThread: Gaze3D frame=136 id=right label=Right person v=[-0.491, -0.277, 0.826] yaw=-30.8 pitch=16.1
2026-01-09 12:49:04,600 - INFO - BuildTower - OpenPoseThread: gaze frame_idx=144 ts=2026-01-09T12:49:04.599702Z people=2
2026-01-09 12:49:04,601 - INFO - BuildTower - OpenPoseThread: Gaze3D frame=144 id=left label=Left person v=[-0.479, -0.148, 0.865] yaw=-29.0 pitch=8.5
2026-01-09 12:49:04,601 - INFO - BuildTower - OpenPoseThread: Gaze3D frame=144 id=right label=Right person v=[-0.515, -0.389, 0.764] yaw=-34.0 pitch=22.9
2026-01-09 12:49:04,630 - INFO - BuildTower - Robot action ended.
2026-01-09 12:49:04,630 - INFO - BuildTower - Attempting to go to position: x=0.735, y=0.0, z=0.352, theta_x=100.0, theta_y=0.0, theta_z=90.0
2026-01-09 12:49:04,630 - DEBUG - BuildTower - Set speed for pose: translation=1, orientation=100
2026-01-09 12:49:04,642 - INFO - BuildTower - Pose action initiated, waiting for completion.
2026-01-09 12:49:05,363 - INFO - BuildTower - OpenPoseThread: gaze frame_idx=152 ts=2026-01-09T12:49:05.302497Z people=2
2026-01-09 12:49:05,363 - INFO - BuildTower - OpenPoseThread: Gaze3D frame=152 id=left label=Left person v=[-0.449, -0.008, 0.893] yaw=-26.7 pitch=0.4
2026-01-09 12:49:05,363 - INFO - BuildTower - OpenPoseThread: Gaze3D frame=152 id=right label=Right person v=[-0.519, -0.409, 0.750] yaw=-34.7 pitch=24.2
2026-01-09 12:49:06,019 - INFO - BuildTower - OpenPoseThread: gaze frame_idx=160 ts=2026-01-09T12:49:05.994124Z people=2
2026-01-09 12:49:06,020 - INFO - BuildTower - OpenPoseThread: Gaze3D frame=160 id=left label=Left person v=[-0.573, 0.153, 0.805] yaw=-35.4 pitch=-8.8
2026-01-09 12:49:06,020 - INFO - BuildTower - OpenPoseThread: Gaze3D frame=160 id=right label=Right person v=[-0.525, -0.474, 0.707] yaw=-36.6 pitch=28.3
2026-01-09 12:49:06,785 - INFO - BuildTower - OpenPoseThread: gaze frame_idx=168 ts=2026-01-09T12:49:06.701976Z people=2
2026-01-09 12:49:06,785 - INFO - BuildTower - OpenPoseThread: Gaze3D frame=168 id=left label=Left person v=[-0.456, -0.099, 0.884] yaw=-27.3 pitch=5.7
2026-01-09 12:49:06,786 - INFO - BuildTower - OpenPoseThread: Gaze3D frame=168 id=right label=Right person v=[-0.538, -0.441, 0.719] yaw=-36.8 pitch=26.2
2026-01-09 12:49:07,438 - INFO - BuildTower - OpenPoseThread: gaze frame_idx=176 ts=2026-01-09T12:49:07.410317Z people=2
2026-01-09 12:49:07,438 - INFO - BuildTower - OpenPoseThread: Gaze3D frame=176 id=left label=Left person v=[-0.452, 0.145, 0.880] yaw=-27.2 pitch=-8.4
2026-01-09 12:49:07,438 - INFO - BuildTower - OpenPoseThread: Gaze3D frame=176 id=right label=Right person v=[-0.507, -0.350, 0.788] yaw=-32.7 pitch=20.5
2026-01-09 12:49:08,094 - INFO - BuildTower - OpenPoseThread: gaze frame_idx=184 ts=2026-01-09T12:49:08.084038Z people=2
2026-01-09 12:49:08,094 - INFO - BuildTower - OpenPoseThread: Gaze3D frame=184 id=left label=Left person v=[-0.489, 0.244, 0.837] yaw=-30.3 pitch=-14.1
2026-01-09 12:49:08,094 - INFO - BuildTower - OpenPoseThread: Gaze3D frame=184 id=right label=Right person v=[-0.590, -0.472, 0.655] yaw=-42.0 pitch=28.2
2026-01-09 12:49:08,132 - INFO - BuildTower - Robot action ended.
2026-01-09 12:49:08,132 - INFO - BuildTower - Attempting to go to position: x=0.735, y=0.0, z=0.307, theta_x=100.0, theta_y=0.0, theta_z=90.0
2026-01-09 12:49:08,132 - DEBUG - BuildTower - Set speed for pose: translation=1, orientation=100
2026-01-09 12:49:08,141 - INFO - BuildTower - Pose action initiated, waiting for completion.
2026-01-09 12:49:08,747 - INFO - BuildTower - OpenPoseThread: gaze frame_idx=192 ts=2026-01-09T12:49:08.737214Z people=2
2026-01-09 12:49:08,747 - INFO - BuildTower - OpenPoseThread: Gaze3D frame=192 id=left label=Left person v=[-0.522, 0.186, 0.833] yaw=-32.1 pitch=-10.7
2026-01-09 12:49:08,747 - INFO - BuildTower - OpenPoseThread: Gaze3D frame=192 id=right label=Right person v=[-0.621, -0.364, 0.694] yaw=-41.8 pitch=21.4
2026-01-09 12:49:08,855 - INFO - BuildTower - Robot action ended.
2026-01-09 12:49:08,856 - INFO - BuildTower - Sending gripper command: value=0
2026-01-09 12:49:09,367 - INFO - BuildTower - Gripper command 0 sent successfully.
2026-01-09 12:49:09,368 - INFO - BuildTower - Attempting to go to position: x=0.735, y=0.0, z=0.352, theta_x=100.0, theta_y=0.0, theta_z=90.0
2026-01-09 12:49:09,369 - DEBUG - BuildTower - Set speed for pose: translation=1, orientation=100
2026-01-09 12:49:09,417 - INFO - BuildTower - Pose action initiated, waiting for completion.
2026-01-09 12:49:09,515 - INFO - BuildTower - OpenPoseThread: gaze frame_idx=200 ts=2026-01-09T12:49:09.441833Z people=2
2026-01-09 12:49:09,515 - INFO - BuildTower - OpenPoseThread: Gaze3D frame=200 id=left label=Left person v=[-0.478, 0.138, 0.868] yaw=-28.8 pitch=-8.0
2026-01-09 12:49:09,515 - INFO - BuildTower - OpenPoseThread: Gaze3D frame=200 id=right label=Right person v=[-0.601, -0.413, 0.685] yaw=-41.2 pitch=24.4
2026-01-09 12:49:10,062 - INFO - BuildTower - OpenPoseThread: gaze frame_idx=208 ts=2026-01-09T12:49:10.059373Z people=2
2026-01-09 12:49:10,062 - INFO - BuildTower - OpenPoseThread: Gaze3D frame=208 id=left label=Left person v=[-0.684, -0.056, 0.727] yaw=-43.3 pitch=3.2
2026-01-09 12:49:10,062 - INFO - BuildTower - OpenPoseThread: Gaze3D frame=208 id=right label=Right person v=[-0.555, -0.434, 0.709] yaw=-38.1 pitch=25.8
2026-01-09 12:49:10,147 - INFO - BuildTower - Robot action ended.
2026-01-09 12:49:10,147 - INFO - BuildTower - Robot completed its turn. Robot turn count: 1
2026-01-09 12:49:10,147 - INFO - BuildTower - Executing turn 1 out of 9.
2026-01-09 12:49:10,176 - INFO - BuildTower - Sending robot to home position.
2026-01-09 12:49:10,791 - INFO - BuildTower - Sending to OpenPose (via thread): PL: Arm Extended Check
2026-01-09 12:49:10,795 - INFO - BuildTower - OpenPoseThread: sending cmd: PL: Arm Extended Check
2026-01-09 12:49:10,795 - INFO - BuildTower - OpenPoseThread: gaze frame_idx=216 ts=2026-01-09T12:49:10.760983Z people=2
2026-01-09 12:49:10,795 - INFO - BuildTower - OpenPoseThread: Gaze3D frame=216 id=left label=Left person v=[-0.336, 0.155, 0.929] yaw=-19.9 pitch=-8.9
2026-01-09 12:49:10,795 - INFO - BuildTower - OpenPoseThread: Gaze3D frame=216 id=right label=Right person v=[-0.299, -0.426, 0.854] yaw=-19.3 pitch=25.2
2026-01-09 12:49:11,463 - INFO - BuildTower - OpenPoseThread: gaze frame_idx=224 ts=2026-01-09T12:49:11.461404Z people=2
2026-01-09 12:49:11,463 - INFO - BuildTower - OpenPoseThread: Gaze3D frame=224 id=left label=Left person v=[-0.540, 0.173, 0.823] yaw=-33.3 pitch=-10.0
2026-01-09 12:49:11,463 - INFO - BuildTower - OpenPoseThread: Gaze3D frame=224 id=right label=Right person v=[-0.475, -0.373, 0.797] yaw=-30.8 pitch=21.9
2026-01-09 12:49:12,150 - INFO - BuildTower - OpenPoseThread: gaze frame_idx=232 ts=2026-01-09T12:49:12.149225Z people=2
2026-01-09 12:49:12,150 - INFO - BuildTower - OpenPoseThread: Gaze3D frame=232 id=left label=Left person v=[-0.391, 0.130, 0.911] yaw=-23.2 pitch=-7.5
2026-01-09 12:49:12,150 - INFO - BuildTower - OpenPoseThread: Gaze3D frame=232 id=right label=Right person v=[-0.486, -0.265, 0.833] yaw=-30.3 pitch=15.4
2026-01-09 12:49:12,858 - INFO - BuildTower - OpenPoseThread: gaze frame_idx=240 ts=2026-01-09T12:49:12.857090Z people=2
2026-01-09 12:49:12,858 - INFO - BuildTower - OpenPoseThread: Gaze3D frame=240 id=left label=Left person v=[-0.422, 0.092, 0.902] yaw=-25.0 pitch=-5.3
2026-01-09 12:49:12,858 - INFO - BuildTower - OpenPoseThread: Gaze3D frame=240 id=right label=Right person v=[-0.493, -0.332, 0.804] yaw=-31.5 pitch=19.4
2026-01-09 12:49:13,543 - INFO - BuildTower - OpenPoseThread: gaze frame_idx=248 ts=2026-01-09T12:49:13.542282Z people=2
2026-01-09 12:49:13,543 - INFO - BuildTower - OpenPoseThread: Gaze3D frame=248 id=left label=Left person v=[-0.359, 0.146, 0.922] yaw=-21.3 pitch=-8.4
2026-01-09 12:49:13,543 - INFO - BuildTower - OpenPoseThread: Gaze3D frame=248 id=right label=Right person v=[-0.503, -0.379, 0.777] yaw=-32.9 pitch=22.3
2026-01-09 12:49:13,666 - INFO - BuildTower - OpenPoseThread: received reply: Left: Arm Extended
2026-01-09 12:49:13,666 - INFO - BuildTower - Sending to OpenPose (via thread): PL: Arm Retracted Check
2026-01-09 12:49:13,666 - INFO - BuildTower - OpenPoseThread: sending cmd: PL: Arm Retracted Check
2026-01-09 12:49:13,731 - INFO - BuildTower - OpenPoseThread: received reply: Left: Arm Retracted
2026-01-09 12:49:13,731 - INFO - BuildTower - Executing turn 2 out of 9.
2026-01-09 12:49:13,731 - INFO - BuildTower - Moving block from start 0.3 to target 0.387. Turn: 2, Block Shape: 4
2026-01-09 12:49:13,733 - INFO - BuildTower - Sending gripper command: value=0
2026-01-09 12:49:14,266 - INFO - BuildTower - Gripper command 0 sent successfully.
2026-01-09 12:49:14,271 - INFO - BuildTower - Attempting to go to position: x=0.3, y=0.3, z=0.345, theta_x=100.0, theta_y=0.0, theta_z=90.0
2026-01-09 12:49:14,272 - DEBUG - BuildTower - Set speed for pose: translation=1, orientation=100
2026-01-09 12:49:14,275 - INFO - BuildTower - OpenPoseThread: gaze frame_idx=256 ts=2026-01-09T12:49:14.236370Z people=2
2026-01-09 12:49:14,276 - INFO - BuildTower - OpenPoseThread: Gaze3D frame=256 id=left label=Left person v=[-0.130, -0.605, 0.786] yaw=-9.4 pitch=37.2
2026-01-09 12:49:14,276 - INFO - BuildTower - OpenPoseThread: Gaze3D frame=256 id=right label=Right person v=[-0.552, -0.406, 0.728] yaw=-37.2 pitch=24.0
2026-01-09 12:49:14,293 - INFO - BuildTower - Pose action initiated, waiting for completion.
2026-01-09 12:49:15,039 - INFO - BuildTower - OpenPoseThread: gaze frame_idx=264 ts=2026-01-09T12:49:14.945626Z people=2
2026-01-09 12:49:15,039 - INFO - BuildTower - OpenPoseThread: Gaze3D frame=264 id=left label=Left person v=[-0.300, 0.605, 0.737] yaw=-22.2 pitch=-37.2
2026-01-09 12:49:15,039 - INFO - BuildTower - OpenPoseThread: Gaze3D frame=264 id=right label=Right person v=[-0.298, -0.443, 0.845] yaw=-19.4 pitch=26.3
2026-01-09 12:49:15,708 - INFO - BuildTower - OpenPoseThread: gaze frame_idx=272 ts=2026-01-09T12:49:15.645815Z people=2
2026-01-09 12:49:15,708 - INFO - BuildTower - OpenPoseThread: Gaze3D frame=272 id=left label=Left person v=[-0.346, 0.435, 0.831] yaw=-22.6 pitch=-25.8
2026-01-09 12:49:15,708 - INFO - BuildTower - OpenPoseThread: Gaze3D frame=272 id=right label=Right person v=[-0.470, -0.353, 0.809] yaw=-30.2 pitch=20.7
2026-01-09 12:49:16,368 - INFO - BuildTower - OpenPoseThread: gaze frame_idx=280 ts=2026-01-09T12:49:16.322372Z people=2
2026-01-09 12:49:16,368 - INFO - BuildTower - OpenPoseThread: Gaze3D frame=280 id=left label=Left person v=[0.036, -0.110, 0.993] yaw=2.1 pitch=6.3
2026-01-09 12:49:16,368 - INFO - BuildTower - OpenPoseThread: Gaze3D frame=280 id=right label=Right person v=[-0.325, -0.428, 0.843] yaw=-21.1 pitch=25.3
2026-01-09 12:49:17,026 - INFO - BuildTower - OpenPoseThread: gaze frame_idx=288 ts=2026-01-09T12:49:17.025519Z people=2
2026-01-09 12:49:17,027 - INFO - BuildTower - OpenPoseThread: Gaze3D frame=288 id=left label=Left person v=[-0.269, 0.046, 0.962] yaw=-15.6 pitch=-2.6
2026-01-09 12:49:17,027 - INFO - BuildTower - OpenPoseThread: Gaze3D frame=288 id=right label=Right person v=[-0.304, -0.424, 0.853] yaw=-19.6 pitch=25.1
2026-01-09 12:49:17,789 - INFO - BuildTower - OpenPoseThread: gaze frame_idx=296 ts=2026-01-09T12:49:17.745982Z people=2
2026-01-09 12:49:17,790 - INFO - BuildTower - OpenPoseThread: Gaze3D frame=296 id=left label=Left person v=[-0.387, 0.142, 0.911] yaw=-23.0 pitch=-8.2
2026-01-09 12:49:17,790 - INFO - BuildTower - OpenPoseThread: Gaze3D frame=296 id=right label=Right person v=[-0.399, -0.447, 0.800] yaw=-26.5 pitch=26.6
2026-01-09 12:49:18,561 - INFO - BuildTower - OpenPoseThread: gaze frame_idx=304 ts=2026-01-09T12:49:18.462994Z people=2
2026-01-09 12:49:18,562 - INFO - BuildTower - OpenPoseThread: Gaze3D frame=304 id=left label=Left person v=[-0.276, -0.184, 0.943] yaw=-16.3 pitch=10.6
2026-01-09 12:49:18,562 - INFO - BuildTower - OpenPoseThread: Gaze3D frame=304 id=right label=Right person v=[-0.403, -0.340, 0.850] yaw=-25.4 pitch=19.9
2026-01-09 12:49:18,720 - INFO - BuildTower - Robot action ended.
2026-01-09 12:49:18,720 - INFO - BuildTower - Attempting to go to position: x=0.3, y=0.3, z=0.3, theta_x=100.0, theta_y=0.0, theta_z=90.0
2026-01-09 12:49:18,721 - DEBUG - BuildTower - Set speed for pose: translation=1, orientation=100
2026-01-09 12:49:18,743 - INFO - BuildTower - Pose action initiated, waiting for completion.
2026-01-09 12:49:19,219 - INFO - BuildTower - OpenPoseThread: gaze frame_idx=312 ts=2026-01-09T12:49:19.163799Z people=2
2026-01-09 12:49:19,219 - INFO - BuildTower - OpenPoseThread: Gaze3D frame=312 id=left label=Left person v=[-0.375, -0.088, 0.923] yaw=-22.1 pitch=5.1
2026-01-09 12:49:19,220 - INFO - BuildTower - OpenPoseThread: Gaze3D frame=312 id=right label=Right person v=[-0.428, -0.258, 0.866] yaw=-26.3 pitch=15.0
2026-01-09 12:49:19,471 - INFO - BuildTower - Robot action ended.
2026-01-09 12:49:19,473 - INFO - BuildTower - Sending gripper command: value=0.7
2026-01-09 12:49:19,984 - INFO - BuildTower - OpenPoseThread: gaze frame_idx=320 ts=2026-01-09T12:49:19.944629Z people=3
2026-01-09 12:49:19,984 - INFO - BuildTower - OpenPoseThread: Gaze3D frame=320 id=left label=Left person v=[-0.332, -0.106, 0.937] yaw=-19.5 pitch=6.1
2026-01-09 12:49:19,984 - INFO - BuildTower - OpenPoseThread: Gaze3D frame=320 id=left label=Left person v=[-0.204, -0.755, 0.623] yaw=-18.2 pitch=49.0
2026-01-09 12:49:19,985 - INFO - BuildTower - OpenPoseThread: Gaze3D frame=320 id=right label=Right person v=[-0.394, -0.325, 0.860] yaw=-24.6 pitch=18.9
2026-01-09 12:49:19,995 - INFO - BuildTower - Gripper command 0.7 sent successfully.
2026-01-09 12:49:19,997 - INFO - BuildTower - Attempting to go to position: x=0.3, y=0.3, z=0.435, theta_x=100.0, theta_y=0.0, theta_z=90.0
2026-01-09 12:49:19,998 - DEBUG - BuildTower - Set speed for pose: translation=1, orientation=100
2026-01-09 12:49:20,018 - INFO - BuildTower - Pose action initiated, waiting for completion.
2026-01-09 12:49:20,747 - INFO - BuildTower - OpenPoseThread: gaze frame_idx=328 ts=2026-01-09T12:49:20.725164Z people=3
2026-01-09 12:49:20,747 - INFO - BuildTower - OpenPoseThread: Gaze3D frame=328 id=left label=Left person v=[-0.396, -0.017, 0.918] yaw=-23.4 pitch=1.0
2026-01-09 12:49:20,747 - INFO - BuildTower - OpenPoseThread: Gaze3D frame=328 id=left label=Left person v=[-0.179, -0.787, 0.591] yaw=-16.8 pitch=51.9
2026-01-09 12:49:20,748 - INFO - BuildTower - OpenPoseThread: Gaze3D frame=328 id=right label=Right person v=[-0.441, -0.312, 0.841] yaw=-27.7 pitch=18.2
2026-01-09 12:49:21,526 - INFO - BuildTower - OpenPoseThread: gaze frame_idx=336 ts=2026-01-09T12:49:21.525525Z people=3
2026-01-09 12:49:21,526 - INFO - BuildTower - OpenPoseThread: Gaze3D frame=336 id=left label=Left person v=[-0.333, -0.088, 0.939] yaw=-19.6 pitch=5.0
2026-01-09 12:49:21,526 - INFO - BuildTower - OpenPoseThread: Gaze3D frame=336 id=left label=Left person v=[-0.210, -0.724, 0.657] yaw=-17.7 pitch=46.4
2026-01-09 12:49:21,527 - INFO - BuildTower - OpenPoseThread: Gaze3D frame=336 id=right label=Right person v=[-0.385, -0.458, 0.801] yaw=-25.7 pitch=27.3
2026-01-09 12:49:21,649 - INFO - BuildTower - Robot action ended.
2026-01-09 12:49:21,650 - INFO - BuildTower - Attempting to go to position: x=0.735, y=0.0, z=0.432, theta_x=100.0, theta_y=0.0, theta_z=90.0
2026-01-09 12:49:21,650 - DEBUG - BuildTower - Set speed for pose: translation=1, orientation=100
2026-01-09 12:49:21,668 - INFO - BuildTower - Pose action initiated, waiting for completion.
2026-01-09 12:49:22,300 - INFO - BuildTower - OpenPoseThread: gaze frame_idx=344 ts=2026-01-09T12:49:22.273067Z people=3
2026-01-09 12:49:22,300 - INFO - BuildTower - OpenPoseThread: Gaze3D frame=344 id=left label=Left person v=[-0.531, 0.217, 0.819] yaw=-33.0 pitch=-12.5
2026-01-09 12:49:22,300 - INFO - BuildTower - OpenPoseThread: Gaze3D frame=344 id=left label=Left person v=[-0.204, -0.768, 0.607] yaw=-18.6 pitch=50.2
2026-01-09 12:49:22,300 - INFO - BuildTower - OpenPoseThread: Gaze3D frame=344 id=right label=Right person v=[-0.358, -0.384, 0.851] yaw=-22.8 pitch=22.6
2026-01-09 12:49:23,173 - INFO - BuildTower - OpenPoseThread: gaze frame_idx=352 ts=2026-01-09T12:49:23.072733Z people=3
2026-01-09 12:49:23,173 - INFO - BuildTower - OpenPoseThread: Gaze3D frame=352 id=left label=Left person v=[-0.379, -0.146, 0.914] yaw=-22.5 pitch=8.4
2026-01-09 12:49:23,173 - INFO - BuildTower - OpenPoseThread: Gaze3D frame=352 id=left label=Left person v=[-0.193, -0.769, 0.610] yaw=-17.5 pitch=50.2
2026-01-09 12:49:23,173 - INFO - BuildTower - OpenPoseThread: Gaze3D frame=352 id=right label=Right person v=[-0.443, -0.479, 0.758] yaw=-30.3 pitch=28.6
2026-01-09 12:49:23,825 - INFO - BuildTower - OpenPoseThread: gaze frame_idx=360 ts=2026-01-09T12:49:23.811233Z people=2
2026-01-09 12:49:23,825 - INFO - BuildTower - OpenPoseThread: Gaze3D frame=360 id=left label=Left person v=[-0.197, 0.039, 0.980] yaw=-11.4 pitch=-2.2
2026-01-09 12:49:23,825 - INFO - BuildTower - OpenPoseThread: Gaze3D frame=360 id=right label=Right person v=[-0.410, -0.403, 0.818] yaw=-26.6 pitch=23.7
2026-01-09 12:49:24,600 - INFO - BuildTower - OpenPoseThread: gaze frame_idx=368 ts=2026-01-09T12:49:24.557612Z people=3
2026-01-09 12:49:24,600 - INFO - BuildTower - OpenPoseThread: Gaze3D frame=368 id=left label=Left person v=[-0.516, -0.047, 0.855] yaw=-31.1 pitch=2.7
2026-01-09 12:49:24,600 - INFO - BuildTower - OpenPoseThread: Gaze3D frame=368 id=left label=Left person v=[-0.163, -0.753, 0.637] yaw=-14.3 pitch=48.9
2026-01-09 12:49:24,600 - INFO - BuildTower - OpenPoseThread: Gaze3D frame=368 id=right label=Right person v=[-0.500, -0.311, 0.808] yaw=-31.7 pitch=18.1
2026-01-09 12:49:25,480 - INFO - BuildTower - OpenPoseThread: gaze frame_idx=376 ts=2026-01-09T12:49:25.424225Z people=4
2026-01-09 12:49:25,481 - INFO - BuildTower - OpenPoseThread: Gaze3D frame=376 id=left label=Left person v=[-0.444, 0.084, 0.892] yaw=-26.5 pitch=-4.8
2026-01-09 12:49:25,481 - INFO - BuildTower - OpenPoseThread: Gaze3D frame=376 id=left label=Left person v=[-0.135, -0.791, 0.596] yaw=-12.8 pitch=52.3
2026-01-09 12:49:25,481 - INFO - BuildTower - OpenPoseThread: Gaze3D frame=376 id=left label=Left person v=[-0.031, -0.256, 0.966] yaw=-1.8 pitch=14.8
2026-01-09 12:49:25,481 - INFO - BuildTower - OpenPoseThread: Gaze3D frame=376 id=right label=Right person v=[-0.392, -0.344, 0.853] yaw=-24.7 pitch=20.1
2026-01-09 12:49:26,248 - INFO - BuildTower - OpenPoseThread: gaze frame_idx=384 ts=2026-01-09T12:49:26.193844Z people=3
2026-01-09 12:49:26,248 - INFO - BuildTower - OpenPoseThread: Gaze3D frame=384 id=left label=Left person v=[-0.613, 0.241, 0.752] yaw=-39.2 pitch=-14.0
2026-01-09 12:49:26,248 - INFO - BuildTower - OpenPoseThread: Gaze3D frame=384 id=left label=Left person v=[-0.044, -0.393, 0.918] yaw=-2.7 pitch=23.1
2026-01-09 12:49:26,248 - INFO - BuildTower - OpenPoseThread: Gaze3D frame=384 id=right label=Right person v=[-0.403, -0.550, 0.732] yaw=-28.8 pitch=33.4
2026-01-09 12:49:27,016 - INFO - BuildTower - OpenPoseThread: gaze frame_idx=392 ts=2026-01-09T12:49:26.950548Z people=2
2026-01-09 12:49:27,016 - INFO - BuildTower - OpenPoseThread: Gaze3D frame=392 id=left label=Left person v=[-0.470, 0.187, 0.863] yaw=-28.6 pitch=-10.8
2026-01-09 12:49:27,016 - INFO - BuildTower - OpenPoseThread: Gaze3D frame=392 id=right label=Right person v=[-0.468, -0.423, 0.776] yaw=-31.1 pitch=25.0
2026-01-09 12:49:27,228 - INFO - BuildTower - Robot action ended.
2026-01-09 12:49:27,228 - INFO - BuildTower - Attempting to go to position: x=0.735, y=0.0, z=0.387, theta_x=100.0, theta_y=0.0, theta_z=90.0
2026-01-09 12:49:27,228 - DEBUG - BuildTower - Set speed for pose: translation=1, orientation=100
2026-01-09 12:49:27,243 - INFO - BuildTower - Pose action initiated, waiting for completion.
2026-01-09 12:49:27,678 - INFO - BuildTower - OpenPoseThread: gaze frame_idx=400 ts=2026-01-09T12:49:27.641473Z people=2
2026-01-09 12:49:27,678 - INFO - BuildTower - OpenPoseThread: Gaze3D frame=400 id=left label=Left person v=[-0.492, 0.147, 0.858] yaw=-29.8 pitch=-8.5
2026-01-09 12:49:27,678 - INFO - BuildTower - OpenPoseThread: Gaze3D frame=400 id=right label=Right person v=[-0.507, -0.469, 0.723] yaw=-35.0 pitch=28.0
2026-01-09 12:49:27,979 - INFO - BuildTower - Robot action ended.
2026-01-09 12:49:27,981 - INFO - BuildTower - Sending gripper command: value=0
2026-01-09 12:49:28,441 - INFO - BuildTower - OpenPoseThread: gaze frame_idx=408 ts=2026-01-09T12:49:28.409086Z people=3
2026-01-09 12:49:28,441 - INFO - BuildTower - OpenPoseThread: Gaze3D frame=408 id=left label=Left person v=[-0.418, 0.183, 0.890] yaw=-25.1 pitch=-10.6
2026-01-09 12:49:28,441 - INFO - BuildTower - OpenPoseThread: Gaze3D frame=408 id=right label=Right person v=[-0.522, -0.376, 0.766] yaw=-34.3 pitch=22.1
2026-01-09 12:49:28,442 - INFO - BuildTower - OpenPoseThread: Gaze3D frame=408 id=right label=Right person v=[0.004, -0.633, 0.774] yaw=0.3 pitch=39.3
2026-01-09 12:49:28,492 - INFO - BuildTower - Gripper command 0 sent successfully.
2026-01-09 12:49:28,494 - INFO - BuildTower - Attempting to go to position: x=0.735, y=0.0, z=0.432, theta_x=100.0, theta_y=0.0, theta_z=90.0
2026-01-09 12:49:28,494 - DEBUG - BuildTower - Set speed for pose: translation=1, orientation=100
2026-01-09 12:49:28,519 - INFO - BuildTower - Pose action initiated, waiting for completion.
2026-01-09 12:49:29,208 - INFO - BuildTower - OpenPoseThread: gaze frame_idx=416 ts=2026-01-09T12:49:29.145549Z people=3
2026-01-09 12:49:29,209 - INFO - BuildTower - OpenPoseThread: Gaze3D frame=416 id=left label=Left person v=[-0.365, 0.277, 0.889] yaw=-22.3 pitch=-16.1
2026-01-09 12:49:29,209 - INFO - BuildTower - OpenPoseThread: Gaze3D frame=416 id=right label=Right person v=[-0.450, -0.556, 0.699] yaw=-32.7 pitch=33.8
2026-01-09 12:49:29,209 - INFO - BuildTower - OpenPoseThread: Gaze3D frame=416 id=right label=Right person v=[-0.036, -0.523, 0.851] yaw=-2.4 pitch=31.5
2026-01-09 12:49:29,255 - INFO - BuildTower - Robot action ended.
2026-01-09 12:49:29,255 - INFO - BuildTower - Robot completed its turn. Robot turn count: 2
2026-01-09 12:49:29,255 - INFO - BuildTower - Executing turn 3 out of 9.
2026-01-09 12:49:29,276 - INFO - BuildTower - Sending robot to home position.
2026-01-09 12:49:29,893 - INFO - BuildTower - Sending to OpenPose (via thread): PR: Arm Extended Check
2026-01-09 12:49:29,893 - INFO - BuildTower - OpenPoseThread: sending cmd: PR: Arm Extended Check
2026-01-09 12:49:29,894 - INFO - BuildTower - OpenPoseThread: gaze frame_idx=424 ts=2026-01-09T12:49:29.882557Z people=3
2026-01-09 12:49:29,894 - INFO - BuildTower - OpenPoseThread: Gaze3D frame=424 id=left label=Left person v=[-0.146, -0.203, 0.968] yaw=-8.6 pitch=11.7
2026-01-09 12:49:29,894 - INFO - BuildTower - OpenPoseThread: Gaze3D frame=424 id=right label=Right person v=[-0.343, -0.400, 0.850] yaw=-21.9 pitch=23.6
2026-01-09 12:49:29,894 - INFO - BuildTower - OpenPoseThread: Gaze3D frame=424 id=right label=Right person v=[-0.006, -0.706, 0.708] yaw=-0.5 pitch=44.9
2026-01-09 12:49:30,561 - INFO - BuildTower - OpenPoseThread: gaze frame_idx=432 ts=2026-01-09T12:49:30.560170Z people=2
2026-01-09 12:49:30,561 - INFO - BuildTower - OpenPoseThread: Gaze3D frame=432 id=left label=Left person v=[-0.143, -0.171, 0.975] yaw=-8.4 pitch=9.8
2026-01-09 12:49:30,561 - INFO - BuildTower - OpenPoseThread: Gaze3D frame=432 id=right label=Right person v=[-0.458, -0.412, 0.788] yaw=-30.2 pitch=24.3
2026-01-09 12:49:31,496 - INFO - BuildTower - OpenPoseThread: gaze frame_idx=440 ts=2026-01-09T12:49:31.487425Z people=2
2026-01-09 12:49:31,496 - INFO - BuildTower - OpenPoseThread: Gaze3D frame=440 id=left label=Left person v=[-0.398, 0.176, 0.900] yaw=-23.9 pitch=-10.1
2026-01-09 12:49:31,496 - INFO - BuildTower - OpenPoseThread: Gaze3D frame=440 id=right label=Right person v=[-0.485, -0.332, 0.809] yaw=-30.9 pitch=19.4
2026-01-09 12:49:32,192 - INFO - BuildTower - OpenPoseThread: gaze frame_idx=448 ts=2026-01-09T12:49:32.191214Z people=2
2026-01-09 12:49:32,192 - INFO - BuildTower - OpenPoseThread: Gaze3D frame=448 id=left label=Left person v=[-0.424, 0.477, 0.770] yaw=-28.8 pitch=-28.5
2026-01-09 12:49:32,193 - INFO - BuildTower - OpenPoseThread: Gaze3D frame=448 id=right label=Right person v=[-0.546, -0.315, 0.776] yaw=-35.2 pitch=18.4
2026-01-09 12:49:32,556 - INFO - BuildTower - OpenPoseThread: received reply: Right: Arm Extended
2026-01-09 12:49:32,557 - INFO - BuildTower - Sending to OpenPose (via thread): PR: Arm Retracted Check
2026-01-09 12:49:32,557 - INFO - BuildTower - OpenPoseThread: sending cmd: PR: Arm Retracted Check
2026-01-09 12:49:32,606 - INFO - BuildTower - OpenPoseThread: received reply: Right: Arm Retracted
2026-01-09 12:49:32,607 - INFO - BuildTower - Executing turn 4 out of 9.
2026-01-09 12:49:32,627 - INFO - BuildTower - Sending robot to home position.
2026-01-09 12:49:32,930 - INFO - BuildTower - OpenPoseThread: gaze frame_idx=456 ts=2026-01-09T12:49:32.830448Z people=2
2026-01-09 12:49:32,930 - INFO - BuildTower - OpenPoseThread: Gaze3D frame=456 id=left label=Left person v=[-0.518, 0.125, 0.846] yaw=-31.5 pitch=-7.2
2026-01-09 12:49:32,930 - INFO - BuildTower - OpenPoseThread: Gaze3D frame=456 id=right label=Right person v=[-0.506, -0.391, 0.769] yaw=-33.3 pitch=23.0
2026-01-09 12:49:33,243 - INFO - BuildTower - Sending to OpenPose (via thread): PL: Arm Extended Check
2026-01-09 12:49:33,243 - INFO - BuildTower - OpenPoseThread: sending cmd: PL: Arm Extended Check
2026-01-09 12:49:33,506 - INFO - BuildTower - OpenPoseThread: gaze frame_idx=464 ts=2026-01-09T12:49:33.505391Z people=2
2026-01-09 12:49:33,506 - INFO - BuildTower - OpenPoseThread: Gaze3D frame=464 id=left label=Left person v=[-0.483, 0.208, 0.851] yaw=-29.6 pitch=-12.0
2026-01-09 12:49:33,507 - INFO - BuildTower - OpenPoseThread: Gaze3D frame=464 id=right label=Right person v=[-0.585, -0.087, 0.806] yaw=-36.0 pitch=5.0
2026-01-09 12:49:34,193 - INFO - BuildTower - OpenPoseThread: gaze frame_idx=472 ts=2026-01-09T12:49:34.192276Z people=2
2026-01-09 12:49:34,193 - INFO - BuildTower - OpenPoseThread: Gaze3D frame=472 id=left label=Left person v=[-0.141, -0.191, 0.971] yaw=-8.3 pitch=11.0
2026-01-09 12:49:34,193 - INFO - BuildTower - OpenPoseThread: Gaze3D frame=472 id=right label=Right person v=[-0.540, -0.335, 0.772] yaw=-35.0 pitch=19.6
2026-01-09 12:49:34,855 - INFO - BuildTower - OpenPoseThread: gaze frame_idx=480 ts=2026-01-09T12:49:34.854167Z people=2
2026-01-09 12:49:34,855 - INFO - BuildTower - OpenPoseThread: Gaze3D frame=480 id=left label=Left person v=[-0.720, 0.180, 0.671] yaw=-47.0 pitch=-10.4
2026-01-09 12:49:34,855 - INFO - BuildTower - OpenPoseThread: Gaze3D frame=480 id=right label=Right person v=[-0.462, -0.451, 0.764] yaw=-31.1 pitch=26.8
2026-01-09 12:49:35,564 - INFO - BuildTower - OpenPoseThread: gaze frame_idx=488 ts=2026-01-09T12:49:35.563690Z people=2
2026-01-09 12:49:35,564 - INFO - BuildTower - OpenPoseThread: Gaze3D frame=488 id=left label=Left person v=[-0.105, -0.267, 0.958] yaw=-6.3 pitch=15.5
2026-01-09 12:49:35,564 - INFO - BuildTower - OpenPoseThread: Gaze3D frame=488 id=right label=Right person v=[-0.362, -0.348, 0.865] yaw=-22.7 pitch=20.4
2026-01-09 12:49:36,239 - INFO - BuildTower - OpenPoseThread: gaze frame_idx=496 ts=2026-01-09T12:49:36.235651Z people=2
2026-01-09 12:49:36,240 - INFO - BuildTower - OpenPoseThread: Gaze3D frame=496 id=left label=Left person v=[-0.440, 0.168, 0.882] yaw=-26.5 pitch=-9.7
2026-01-09 12:49:36,240 - INFO - BuildTower - OpenPoseThread: Gaze3D frame=496 id=right label=Right person v=[-0.350, -0.285, 0.892] yaw=-21.4 pitch=16.5
2026-01-09 12:49:36,535 - INFO - BuildTower - OpenPoseThread: received reply: Left: Arm Extended
2026-01-09 12:49:36,535 - INFO - BuildTower - Sending to OpenPose (via thread): PL: Arm Retracted Check
2026-01-09 12:49:36,536 - INFO - BuildTower - OpenPoseThread: sending cmd: PL: Arm Retracted Check
2026-01-09 12:49:36,600 - INFO - BuildTower - OpenPoseThread: received reply: Left: Arm Retracted
2026-01-09 12:49:36,600 - INFO - BuildTower - Executing turn 5 out of 9.
2026-01-09 12:49:36,622 - INFO - BuildTower - Sending robot to home position.
2026-01-09 12:49:36,921 - INFO - BuildTower - OpenPoseThread: gaze frame_idx=504 ts=2026-01-09T12:49:36.884033Z people=2
2026-01-09 12:49:36,921 - INFO - BuildTower - OpenPoseThread: Gaze3D frame=504 id=left label=Left person v=[-0.428, 0.065, 0.902] yaw=-25.4 pitch=-3.7
2026-01-09 12:49:36,921 - INFO - BuildTower - OpenPoseThread: Gaze3D frame=504 id=right label=Right person v=[-0.347, -0.312, 0.884] yaw=-21.4 pitch=18.2
2026-01-09 12:49:37,243 - INFO - BuildTower - Sending to OpenPose (via thread): PR: Arm Extended Check
2026-01-09 12:49:37,252 - INFO - BuildTower - OpenPoseThread: sending cmd: PR: Arm Extended Check
2026-01-09 12:49:37,609 - INFO - BuildTower - OpenPoseThread: gaze frame_idx=512 ts=2026-01-09T12:49:37.607956Z people=2
2026-01-09 12:49:37,609 - INFO - BuildTower - OpenPoseThread: Gaze3D frame=512 id=left label=Left person v=[-0.211, -0.484, 0.849] yaw=-13.9 pitch=29.0
2026-01-09 12:49:37,609 - INFO - BuildTower - OpenPoseThread: Gaze3D frame=512 id=right label=Right person v=[-0.522, -0.376, 0.766] yaw=-34.3 pitch=22.1
2026-01-09 12:49:38,428 - INFO - BuildTower - OpenPoseThread: gaze frame_idx=520 ts=2026-01-09T12:49:38.427573Z people=2
2026-01-09 12:49:38,428 - INFO - BuildTower - OpenPoseThread: Gaze3D frame=520 id=left label=Left person v=[-0.380, 0.079, 0.921] yaw=-22.4 pitch=-4.6
2026-01-09 12:49:38,428 - INFO - BuildTower - OpenPoseThread: Gaze3D frame=520 id=right label=Right person v=[-0.315, -0.498, 0.808] yaw=-21.3 pitch=29.9
2026-01-09 12:49:39,133 - INFO - BuildTower - OpenPoseThread: gaze frame_idx=528 ts=2026-01-09T12:49:39.132565Z people=2
2026-01-09 12:49:39,133 - INFO - BuildTower - OpenPoseThread: Gaze3D frame=528 id=left label=Left person v=[-0.016, -0.453, 0.891] yaw=-1.0 pitch=26.9
2026-01-09 12:49:39,133 - INFO - BuildTower - OpenPoseThread: Gaze3D frame=528 id=right label=Right person v=[-0.499, -0.726, 0.474] yaw=-46.5 pitch=46.5
2026-01-09 12:49:39,788 - INFO - BuildTower - OpenPoseThread: gaze frame_idx=536 ts=2026-01-09T12:49:39.787744Z people=2
2026-01-09 12:49:39,788 - INFO - BuildTower - OpenPoseThread: Gaze3D frame=536 id=left label=Left person v=[-0.151, -0.241, 0.959] yaw=-9.0 pitch=14.0
2026-01-09 12:49:39,788 - INFO - BuildTower - OpenPoseThread: Gaze3D frame=536 id=right label=Right person v=[-0.488, -0.474, 0.733] yaw=-33.7 pitch=28.3
2026-01-09 12:49:40,232 - INFO - BuildTower - OpenPoseThread: received reply: Right: Arm Extended
2026-01-09 12:49:40,235 - INFO - BuildTower - Sending to OpenPose (via thread): PR: Arm Retracted Check
2026-01-09 12:49:40,235 - INFO - BuildTower - OpenPoseThread: sending cmd: PR: Arm Retracted Check
2026-01-09 12:49:40,475 - INFO - BuildTower - OpenPoseThread: gaze frame_idx=544 ts=2026-01-09T12:49:40.474222Z people=2
2026-01-09 12:49:40,475 - INFO - BuildTower - OpenPoseThread: Gaze3D frame=544 id=left label=Left person v=[-0.318, 0.015, 0.948] yaw=-18.5 pitch=-0.8
2026-01-09 12:49:40,475 - INFO - BuildTower - OpenPoseThread: Gaze3D frame=544 id=right label=Right person v=[-0.470, -0.289, 0.834] yaw=-29.4 pitch=16.8
2026-01-09 12:49:40,475 - INFO - BuildTower - OpenPoseThread: received reply: Right: Arm Retracted
2026-01-09 12:49:40,476 - INFO - BuildTower - Executing turn 6 out of 9.
2026-01-09 12:49:40,502 - INFO - BuildTower - Sending robot to home position.
2026-01-09 12:49:41,118 - INFO - BuildTower - Sending to OpenPose (via thread): PL: Arm Extended Check
2026-01-09 12:49:41,123 - INFO - BuildTower - OpenPoseThread: sending cmd: PL: Arm Extended Check
2026-01-09 12:49:41,150 - INFO - BuildTower - OpenPoseThread: gaze frame_idx=552 ts=2026-01-09T12:49:41.149607Z people=2
2026-01-09 12:49:41,151 - INFO - BuildTower - OpenPoseThread: Gaze3D frame=552 id=left label=Left person v=[-0.221, 0.135, 0.966] yaw=-12.9 pitch=-7.8
2026-01-09 12:49:41,151 - INFO - BuildTower - OpenPoseThread: Gaze3D frame=552 id=right label=Right person v=[-0.349, -0.848, 0.400] yaw=-41.1 pitch=58.0
2026-01-09 12:49:41,875 - INFO - BuildTower - OpenPoseThread: gaze frame_idx=560 ts=2026-01-09T12:49:41.862973Z people=2
2026-01-09 12:49:41,875 - INFO - BuildTower - OpenPoseThread: Gaze3D frame=560 id=left label=Left person v=[-0.366, 0.191, 0.911] yaw=-21.9 pitch=-11.0
2026-01-09 12:49:41,876 - INFO - BuildTower - OpenPoseThread: Gaze3D frame=560 id=right label=Right person v=[-0.572, -0.479, 0.666] yaw=-40.7 pitch=28.6
2026-01-09 12:49:42,589 - INFO - BuildTower - OpenPoseThread: gaze frame_idx=568 ts=2026-01-09T12:49:42.588122Z people=2
2026-01-09 12:49:42,590 - INFO - BuildTower - OpenPoseThread: Gaze3D frame=568 id=left label=Left person v=[-0.488, 0.268, 0.830] yaw=-30.5 pitch=-15.5
2026-01-09 12:49:42,590 - INFO - BuildTower - OpenPoseThread: Gaze3D frame=568 id=right label=Right person v=[-0.523, -0.583, 0.622] yaw=-40.1 pitch=35.6
2026-01-09 12:49:43,290 - INFO - BuildTower - OpenPoseThread: gaze frame_idx=576 ts=2026-01-09T12:49:43.289127Z people=2
2026-01-09 12:49:43,290 - INFO - BuildTower - OpenPoseThread: Gaze3D frame=576 id=left label=Left person v=[-0.296, 0.159, 0.942] yaw=-17.5 pitch=-9.1
2026-01-09 12:49:43,290 - INFO - BuildTower - OpenPoseThread: Gaze3D frame=576 id=right label=Right person v=[-0.435, -0.664, 0.608] yaw=-35.6 pitch=41.6
2026-01-09 12:49:43,584 - INFO - BuildTower - OpenPoseThread: received reply: Left: Arm Extended
2026-01-09 12:49:43,587 - INFO - BuildTower - Sending to OpenPose (via thread): PL: Arm Retracted Check
2026-01-09 12:49:43,587 - INFO - BuildTower - OpenPoseThread: sending cmd: PL: Arm Retracted Check
2026-01-09 12:49:43,699 - INFO - BuildTower - OpenPoseThread: received reply: Left: Arm Retracted
2026-01-09 12:49:43,700 - INFO - BuildTower - Executing turn 7 out of 9.
2026-01-09 12:49:43,723 - INFO - BuildTower - Sending robot to home position.
2026-01-09 12:49:44,131 - INFO - BuildTower - OpenPoseThread: gaze frame_idx=584 ts=2026-01-09T12:49:44.075612Z people=2
2026-01-09 12:49:44,132 - INFO - BuildTower - OpenPoseThread: Gaze3D frame=584 id=left label=Left person v=[-0.374, 0.103, 0.922] yaw=-22.1 pitch=-5.9
2026-01-09 12:49:44,132 - INFO - BuildTower - OpenPoseThread: Gaze3D frame=584 id=right label=Right person v=[-0.360, -0.359, 0.861] yaw=-22.7 pitch=21.1
2026-01-09 12:49:44,344 - INFO - BuildTower - Sending to OpenPose (via thread): PR: Arm Extended Check
2026-01-09 12:49:44,353 - INFO - BuildTower - OpenPoseThread: sending cmd: PR: Arm Extended Check
2026-01-09 12:49:44,734 - INFO - BuildTower - OpenPoseThread: gaze frame_idx=592 ts=2026-01-09T12:49:44.733363Z people=2
2026-01-09 12:49:44,734 - INFO - BuildTower - OpenPoseThread: Gaze3D frame=592 id=left label=Left person v=[-0.379, -0.126, 0.917] yaw=-22.5 pitch=7.2
2026-01-09 12:49:44,734 - INFO - BuildTower - OpenPoseThread: Gaze3D frame=592 id=right label=Right person v=[-0.454, -0.327, 0.829] yaw=-28.7 pitch=19.1
2026-01-09 12:49:45,412 - INFO - BuildTower - OpenPoseThread: gaze frame_idx=600 ts=2026-01-09T12:49:45.411314Z people=2
2026-01-09 12:49:45,412 - INFO - BuildTower - OpenPoseThread: Gaze3D frame=600 id=left label=Left person v=[-0.348, 0.331, 0.877] yaw=-21.6 pitch=-19.3
2026-01-09 12:49:45,412 - INFO - BuildTower - OpenPoseThread: Gaze3D frame=600 id=right label=Right person v=[-0.474, -0.242, 0.847] yaw=-29.2 pitch=14.0
2026-01-09 12:49:46,137 - INFO - BuildTower - OpenPoseThread: gaze frame_idx=608 ts=2026-01-09T12:49:46.135989Z people=2
2026-01-09 12:49:46,137 - INFO - BuildTower - OpenPoseThread: Gaze3D frame=608 id=left label=Left person v=[-0.263, 0.255, 0.930] yaw=-15.8 pitch=-14.8
2026-01-09 12:49:46,138 - INFO - BuildTower - OpenPoseThread: Gaze3D frame=608 id=right label=Right person v=[-0.326, -0.418, 0.848] yaw=-21.0 pitch=24.7
2026-01-09 12:49:46,830 - INFO - BuildTower - OpenPoseThread: gaze frame_idx=616 ts=2026-01-09T12:49:46.829036Z people=2
2026-01-09 12:49:46,830 - INFO - BuildTower - OpenPoseThread: Gaze3D frame=616 id=left label=Left person v=[-0.304, -0.003, 0.953] yaw=-17.7 pitch=0.2
2026-01-09 12:49:46,830 - INFO - BuildTower - OpenPoseThread: Gaze3D frame=616 id=right label=Right person v=[-0.511, -0.248, 0.823] yaw=-31.8 pitch=14.4
2026-01-09 12:49:47,565 - INFO - BuildTower - OpenPoseThread: gaze frame_idx=624 ts=2026-01-09T12:49:47.563749Z people=2
2026-01-09 12:49:47,565 - INFO - BuildTower - OpenPoseThread: Gaze3D frame=624 id=left label=Left person v=[-0.143, -0.132, 0.981] yaw=-8.3 pitch=7.6
2026-01-09 12:49:47,565 - INFO - BuildTower - OpenPoseThread: Gaze3D frame=624 id=right label=Right person v=[-0.339, -0.520, 0.784] yaw=-23.4 pitch=31.3
2026-01-09 12:49:47,698 - INFO - BuildTower - OpenPoseThread: received reply: Right: Arm Extended
2026-01-09 12:49:47,699 - INFO - BuildTower - Sending to OpenPose (via thread): PR: Arm Retracted Check
2026-01-09 12:49:47,699 - INFO - BuildTower - OpenPoseThread: sending cmd: PR: Arm Retracted Check
2026-01-09 12:49:47,761 - INFO - BuildTower - OpenPoseThread: received reply: Right: Arm Retracted
2026-01-09 12:49:47,763 - INFO - BuildTower - Executing turn 8 out of 9.
2026-01-09 12:49:47,763 - INFO - BuildTower - Moving block from start 0.28 to target 0.643. Turn: 8, Block Shape: 3
2026-01-09 12:49:47,766 - INFO - BuildTower - Sending gripper command: value=0
2026-01-09 12:49:48,269 - INFO - BuildTower - Gripper command 0 sent successfully.
2026-01-09 12:49:48,271 - INFO - BuildTower - Attempting to go to position: x=0.5, y=-0.2, z=0.325, theta_x=100.0, theta_y=0.0, theta_z=90.0
2026-01-09 12:49:48,272 - DEBUG - BuildTower - Set speed for pose: translation=1, orientation=100
2026-01-09 12:49:48,295 - INFO - BuildTower - Pose action initiated, waiting for completion.
2026-01-09 12:49:48,304 - INFO - BuildTower - OpenPoseThread: gaze frame_idx=632 ts=2026-01-09T12:49:48.249664Z people=2
2026-01-09 12:49:48,304 - INFO - BuildTower - OpenPoseThread: Gaze3D frame=632 id=left label=Left person v=[-0.091, 0.158, 0.983] yaw=-5.3 pitch=-9.1
2026-01-09 12:49:48,304 - INFO - BuildTower - OpenPoseThread: Gaze3D frame=632 id=right label=Right person v=[-0.315, -0.844, 0.434] yaw=-35.9 pitch=57.6
2026-01-09 12:49:48,959 - INFO - BuildTower - OpenPoseThread: gaze frame_idx=640 ts=2026-01-09T12:49:48.938821Z people=2
2026-01-09 12:49:48,959 - INFO - BuildTower - OpenPoseThread: Gaze3D frame=640 id=left label=Left person v=[-0.341, 0.111, 0.933] yaw=-20.1 pitch=-6.4
2026-01-09 12:49:48,959 - INFO - BuildTower - OpenPoseThread: Gaze3D frame=640 id=right label=Right person v=[-0.485, -0.659, 0.574] yaw=-40.2 pitch=41.3
2026-01-09 12:49:49,730 - INFO - BuildTower - OpenPoseThread: gaze frame_idx=648 ts=2026-01-09T12:49:49.634861Z people=2
2026-01-09 12:49:49,730 - INFO - BuildTower - OpenPoseThread: Gaze3D frame=648 id=left label=Left person v=[-0.342, 0.227, 0.912] yaw=-20.6 pitch=-13.1
2026-01-09 12:49:49,730 - INFO - BuildTower - OpenPoseThread: Gaze3D frame=648 id=right label=Right person v=[-0.519, -0.316, 0.794] yaw=-33.2 pitch=18.4
2026-01-09 12:49:50,386 - INFO - BuildTower - OpenPoseThread: gaze frame_idx=656 ts=2026-01-09T12:49:50.303301Z people=2
2026-01-09 12:49:50,386 - INFO - BuildTower - OpenPoseThread: Gaze3D frame=656 id=left label=Left person v=[-0.366, 0.129, 0.922] yaw=-21.6 pitch=-7.4
2026-01-09 12:49:50,386 - INFO - BuildTower - OpenPoseThread: Gaze3D frame=656 id=right label=Right person v=[-0.564, -0.256, 0.785] yaw=-35.7 pitch=14.8
2026-01-09 12:49:50,975 - INFO - BuildTower - Robot action ended.
2026-01-09 12:49:50,975 - INFO - BuildTower - Attempting to go to position: x=0.5, y=-0.2, z=0.28, theta_x=100.0, theta_y=0.0, theta_z=90.0
2026-01-09 12:49:50,975 - DEBUG - BuildTower - Set speed for pose: translation=1, orientation=100
2026-01-09 12:49:51,002 - INFO - BuildTower - Pose action initiated, waiting for completion.
2026-01-09 12:49:51,042 - INFO - BuildTower - OpenPoseThread: gaze frame_idx=664 ts=2026-01-09T12:49:51.001980Z people=2
2026-01-09 12:49:51,042 - INFO - BuildTower - OpenPoseThread: Gaze3D frame=664 id=left label=Left person v=[-0.350, 0.303, 0.886] yaw=-21.5 pitch=-17.6
2026-01-09 12:49:51,042 - INFO - BuildTower - OpenPoseThread: Gaze3D frame=664 id=right label=Right person v=[-0.298, -0.552, 0.779] yaw=-21.0 pitch=33.5
2026-01-09 12:49:51,698 - INFO - BuildTower - OpenPoseThread: gaze frame_idx=672 ts=2026-01-09T12:49:51.690125Z people=2
2026-01-09 12:49:51,698 - INFO - BuildTower - OpenPoseThread: Gaze3D frame=672 id=left label=Left person v=[-0.375, 0.238, 0.896] yaw=-22.7 pitch=-13.8
2026-01-09 12:49:51,698 - INFO - BuildTower - OpenPoseThread: Gaze3D frame=672 id=right label=Right person v=[-0.401, -0.125, 0.907] yaw=-23.9 pitch=7.2
2026-01-09 12:49:51,728 - INFO - BuildTower - Robot action ended.
2026-01-09 12:49:51,730 - INFO - BuildTower - Sending gripper command: value=0.2
2026-01-09 12:49:52,246 - INFO - BuildTower - Gripper command 0.2 sent successfully.
2026-01-09 12:49:52,248 - INFO - BuildTower - Attempting to go to position: x=0.5, y=-0.2, z=0.685, theta_x=100.0, theta_y=0.0, theta_z=90.0
2026-01-09 12:49:52,248 - DEBUG - BuildTower - Set speed for pose: translation=1, orientation=100
2026-01-09 12:49:52,271 - INFO - BuildTower - Pose action initiated, waiting for completion.
2026-01-09 12:49:52,466 - INFO - BuildTower - OpenPoseThread: gaze frame_idx=680 ts=2026-01-09T12:49:52.370879Z people=2
2026-01-09 12:49:52,466 - INFO - BuildTower - OpenPoseThread: Gaze3D frame=680 id=left label=Left person v=[-0.360, 0.332, 0.872] yaw=-22.4 pitch=-19.4
2026-01-09 12:49:52,467 - INFO - BuildTower - OpenPoseThread: Gaze3D frame=680 id=right label=Right person v=[-0.456, -0.172, 0.873] yaw=-27.6 pitch=9.9
2026-01-09 12:49:53,119 - INFO - BuildTower - OpenPoseThread: gaze frame_idx=688 ts=2026-01-09T12:49:53.065035Z people=2
2026-01-09 12:49:53,119 - INFO - BuildTower - OpenPoseThread: Gaze3D frame=688 id=left label=Left person v=[-0.334, 0.101, 0.937] yaw=-19.6 pitch=-5.8
2026-01-09 12:49:53,120 - INFO - BuildTower - OpenPoseThread: Gaze3D frame=688 id=right label=Right person v=[-0.461, -0.321, 0.828] yaw=-29.1 pitch=18.7
2026-01-09 12:49:53,776 - INFO - BuildTower - OpenPoseThread: gaze frame_idx=696 ts=2026-01-09T12:49:53.760958Z people=2
2026-01-09 12:49:53,776 - INFO - BuildTower - OpenPoseThread: Gaze3D frame=696 id=left label=Left person v=[-0.417, -0.031, 0.908] yaw=-24.6 pitch=1.8
2026-01-09 12:49:53,776 - INFO - BuildTower - OpenPoseThread: Gaze3D frame=696 id=right label=Right person v=[-0.491, -0.076, 0.868] yaw=-29.5 pitch=4.3
2026-01-09 12:49:54,541 - INFO - BuildTower - OpenPoseThread: gaze frame_idx=704 ts=2026-01-09T12:49:54.464821Z people=2
2026-01-09 12:49:54,542 - INFO - BuildTower - OpenPoseThread: Gaze3D frame=704 id=None label=None v=[-0.571, 0.015, 0.821] yaw=-34.8 pitch=-0.9
2026-01-09 12:49:54,542 - INFO - BuildTower - OpenPoseThread: Gaze3D frame=704 id=None label=None v=[-0.025, -0.451, 0.892] yaw=-1.6 pitch=26.8
2026-01-09 12:49:54,754 - INFO - BuildTower - OpenPoseThread: gaze frame_idx=704 ts=2026-01-09T12:49:54.719144Z people=2
2026-01-09 12:49:54,754 - INFO - BuildTower - OpenPoseThread: Gaze3D frame=704 id=None label=None v=[-0.527, 0.131, 0.839] yaw=-32.1 pitch=-7.5
2026-01-09 12:49:54,754 - INFO - BuildTower - OpenPoseThread: Gaze3D frame=704 id=None label=None v=[-0.010, -0.866, 0.499] yaw=-1.2 pitch=60.0
2026-01-09 12:49:54,967 - INFO - BuildTower - OpenPoseThread: gaze frame_idx=704 ts=2026-01-09T12:49:54.966424Z people=2
2026-01-09 12:49:54,967 - INFO - BuildTower - OpenPoseThread: Gaze3D frame=704 id=left label=Left person v=[-0.578, 0.051, 0.814] yaw=-35.4 pitch=-2.9
2026-01-09 12:49:54,967 - INFO - BuildTower - OpenPoseThread: Gaze3D frame=704 id=right label=Right person v=[-0.016, -0.805, 0.593] yaw=-1.6 pitch=53.6
2026-01-09 12:49:55,844 - INFO - BuildTower - OpenPoseThread: gaze frame_idx=712 ts=2026-01-09T12:49:55.800052Z people=2
2026-01-09 12:49:55,845 - INFO - BuildTower - OpenPoseThread: Gaze3D frame=712 id=left label=Left person v=[-0.544, -0.257, 0.799] yaw=-34.3 pitch=14.9
2026-01-09 12:49:55,845 - INFO - BuildTower - OpenPoseThread: Gaze3D frame=712 id=right label=Right person v=[-0.093, -0.683, 0.724] yaw=-7.4 pitch=43.1
2026-01-09 12:49:56,503 - INFO - BuildTower - OpenPoseThread: gaze frame_idx=720 ts=2026-01-09T12:49:56.490494Z people=2
2026-01-09 12:49:56,503 - INFO - BuildTower - OpenPoseThread: Gaze3D frame=720 id=left label=Left person v=[-0.548, -0.221, 0.807] yaw=-34.1 pitch=12.7
2026-01-09 12:49:56,503 - INFO - BuildTower - OpenPoseThread: Gaze3D frame=720 id=right label=Right person v=[-0.262, -0.604, 0.753] yaw=-19.2 pitch=37.1
2026-01-09 12:49:56,606 - INFO - BuildTower - Robot action ended.
2026-01-09 12:49:56,606 - INFO - BuildTower - Attempting to go to position: x=0.737, y=0.0, z=0.6880000000000001, theta_x=100.0, theta_y=0.0, theta_z=90.0
2026-01-09 12:49:56,606 - DEBUG - BuildTower - Set speed for pose: translation=1, orientation=100
2026-01-09 12:49:56,621 - INFO - BuildTower - Pose action initiated, waiting for completion.
2026-01-09 12:49:57,268 - INFO - BuildTower - OpenPoseThread: gaze frame_idx=728 ts=2026-01-09T12:49:57.188086Z people=2
2026-01-09 12:49:57,268 - INFO - BuildTower - OpenPoseThread: Gaze3D frame=728 id=left label=Left person v=[-0.263, 0.064, 0.963] yaw=-15.3 pitch=-3.7
2026-01-09 12:49:57,269 - INFO - BuildTower - OpenPoseThread: Gaze3D frame=728 id=right label=Right person v=[-0.395, 0.069, 0.916] yaw=-23.3 pitch=-4.0
2026-01-09 12:49:57,921 - INFO - BuildTower - OpenPoseThread: gaze frame_idx=736 ts=2026-01-09T12:49:57.880215Z people=2
2026-01-09 12:49:57,921 - INFO - BuildTower - OpenPoseThread: Gaze3D frame=736 id=left label=Left person v=[-0.199, 0.076, 0.977] yaw=-11.5 pitch=-4.3
2026-01-09 12:49:57,921 - INFO - BuildTower - OpenPoseThread: Gaze3D frame=736 id=right label=Right person v=[-0.316, -0.328, 0.890] yaw=-19.5 pitch=19.1
2026-01-09 12:49:58,684 - INFO - BuildTower - OpenPoseThread: gaze frame_idx=744 ts=2026-01-09T12:49:58.588415Z people=2
2026-01-09 12:49:58,684 - INFO - BuildTower - OpenPoseThread: Gaze3D frame=744 id=left label=Left person v=[0.045, 0.269, 0.962] yaw=2.7 pitch=-15.6
2026-01-09 12:49:58,684 - INFO - BuildTower - OpenPoseThread: Gaze3D frame=744 id=right label=Right person v=[-0.367, -0.238, 0.899] yaw=-22.2 pitch=13.8
2026-01-09 12:49:59,336 - INFO - BuildTower - OpenPoseThread: gaze frame_idx=752 ts=2026-01-09T12:49:59.276547Z people=2
2026-01-09 12:49:59,336 - INFO - BuildTower - OpenPoseThread: Gaze3D frame=752 id=left label=Left person v=[-0.024, 0.372, 0.928] yaw=-1.5 pitch=-21.8
2026-01-09 12:49:59,337 - INFO - BuildTower - OpenPoseThread: Gaze3D frame=752 id=right label=Right person v=[-0.536, -0.172, 0.826] yaw=-33.0 pitch=9.9
2026-01-09 12:49:59,990 - INFO - BuildTower - OpenPoseThread: gaze frame_idx=760 ts=2026-01-09T12:49:59.968824Z people=2
2026-01-09 12:49:59,990 - INFO - BuildTower - OpenPoseThread: Gaze3D frame=760 id=left label=Left person v=[-0.068, 0.266, 0.962] yaw=-4.0 pitch=-15.4
2026-01-09 12:49:59,990 - INFO - BuildTower - OpenPoseThread: Gaze3D frame=760 id=right label=Right person v=[-0.496, -0.273, 0.824] yaw=-31.1 pitch=15.9
2026-01-09 12:50:00,002 - INFO - BuildTower - Robot action ended.
2026-01-09 12:50:00,002 - INFO - BuildTower - Attempting to go to position: x=0.737, y=0.0, z=0.643, theta_x=100.0, theta_y=0.0, theta_z=90.0
2026-01-09 12:50:00,002 - DEBUG - BuildTower - Set speed for pose: translation=1, orientation=100
2026-01-09 12:50:00,021 - INFO - BuildTower - Pose action initiated, waiting for completion.
2026-01-09 12:50:00,758 - INFO - BuildTower - Robot action ended.
2026-01-09 12:50:00,760 - INFO - BuildTower - OpenPoseThread: gaze frame_idx=768 ts=2026-01-09T12:50:00.666480Z people=2
2026-01-09 12:50:00,760 - INFO - BuildTower - OpenPoseThread: Gaze3D frame=768 id=left label=Left person v=[-0.148, 0.246, 0.958] yaw=-8.8 pitch=-14.3
2026-01-09 12:50:00,760 - INFO - BuildTower - OpenPoseThread: Gaze3D frame=768 id=right label=Right person v=[-0.515, -0.398, 0.759] yaw=-34.1 pitch=23.5
2026-01-09 12:50:00,761 - INFO - BuildTower - Sending gripper command: value=0
2026-01-09 12:50:01,274 - INFO - BuildTower - Gripper command 0 sent successfully.
2026-01-09 12:50:01,277 - INFO - BuildTower - Attempting to go to position: x=0.737, y=0.0, z=0.6880000000000001, theta_x=100.0, theta_y=0.0, theta_z=90.0
2026-01-09 12:50:01,277 - DEBUG - BuildTower - Set speed for pose: translation=1, orientation=100
2026-01-09 12:50:01,297 - INFO - BuildTower - Pose action initiated, waiting for completion.
2026-01-09 12:50:01,415 - INFO - BuildTower - OpenPoseThread: gaze frame_idx=776 ts=2026-01-09T12:50:01.371925Z people=2
2026-01-09 12:50:01,415 - INFO - BuildTower - OpenPoseThread: Gaze3D frame=776 id=left label=Left person v=[-0.172, 0.392, 0.904] yaw=-10.8 pitch=-23.1
2026-01-09 12:50:01,415 - INFO - BuildTower - OpenPoseThread: Gaze3D frame=776 id=right label=Right person v=[-0.460, -0.343, 0.819] yaw=-29.3 pitch=20.1
2026-01-09 12:50:02,033 - INFO - BuildTower - Robot action ended.
2026-01-09 12:50:02,033 - INFO - BuildTower - Robot completed its turn. Robot turn count: 3
2026-01-09 12:50:02,033 - INFO - BuildTower - Configuration number 1 finished.
2026-01-09 12:50:02,033 - INFO - BuildTower - OpenPoseThread: sending cmd: Configuration finished
2026-01-09 12:50:02,075 - INFO - BuildTower - OpenPoseThread: gaze frame_idx=784 ts=2026-01-09T12:50:02.073820Z people=2
2026-01-09 12:50:02,075 - INFO - BuildTower - OpenPoseThread: Gaze3D frame=784 id=left label=Left person v=[-0.161, 0.442, 0.882] yaw=-10.3 pitch=-26.3
2026-01-09 12:50:02,075 - INFO - BuildTower - OpenPoseThread: Gaze3D frame=784 id=right label=Right person v=[-0.222, -0.194, 0.955] yaw=-13.1 pitch=11.2
2026-01-09 12:50:02,075 - INFO - BuildTower - OpenPoseThread: received reply: Received
2026-01-09 12:50:02,075 - INFO - BuildTower - Received reply from OpenPose server: Received
2026-01-09 12:51:03,718 - INFO - BuildTower - User pressed Enter. Continuing with configuration 2
