2026-01-09 12:48:23,850 - INFO - openpose - OpenPose server started and bound to tcp://*:5555
2026-01-09 12:48:23,850 - INFO - openpose - OpenPose server started and bound to tcp://*:5556
2026-01-09 12:48:23,864 - INFO - openpose - Starting OpenPose
2026-01-09 12:48:24,641 - INFO - openpose - OpenPose initialized - waiting for turn_order
2026-01-09 12:48:49,426 - INFO - openpose - Message received: ybypbpbpy

2026-01-09 12:48:50,162 - INFO - openpose - Gaze3D frame=0 id=None label=None v=[-0.310, -0.341, 0.888] yaw=-19.2 pitch=19.9 cx=494.8882141113281
2026-01-09 12:48:50,162 - INFO - openpose - Gaze PUB: people=1, frame_idx=0
2026-01-09 12:48:50,348 - INFO - openpose - Gaze3D frame=0 id=None label=None v=[-0.254, -0.317, 0.914] yaw=-15.5 pitch=18.5 cx=494.66587829589844
2026-01-09 12:48:50,348 - INFO - openpose - Gaze PUB: people=1, frame_idx=0
2026-01-09 12:48:50,534 - INFO - openpose - Gaze3D frame=0 id=None label=None v=[-0.699, -0.038, 0.714] yaw=-44.4 pitch=2.2 cx=495.0653839111328
2026-01-09 12:48:50,534 - INFO - openpose - Gaze PUB: people=1, frame_idx=0
2026-01-09 12:48:50,728 - INFO - openpose - Gaze3D frame=0 id=None label=None v=[-0.690, -0.169, 0.703] yaw=-44.5 pitch=9.7 cx=493.4126281738281
2026-01-09 12:48:50,728 - INFO - openpose - Gaze PUB: people=1, frame_idx=0
2026-01-09 12:48:50,916 - INFO - openpose - Gaze3D frame=0 id=None label=None v=[-0.688, -0.060, 0.723] yaw=-43.6 pitch=3.5 cx=492.3699493408203
2026-01-09 12:48:50,916 - INFO - openpose - Gaze PUB: people=1, frame_idx=0
2026-01-09 12:48:51,107 - INFO - openpose - Gaze3D frame=0 id=None label=None v=[-0.651, 0.027, 0.758] yaw=-40.7 pitch=-1.6 cx=489.9861297607422
2026-01-09 12:48:51,107 - INFO - openpose - Gaze PUB: people=1, frame_idx=0
2026-01-09 12:48:51,304 - INFO - openpose - Gaze3D frame=0 id=None label=None v=[-0.731, -0.079, 0.678] yaw=-47.1 pitch=4.5 cx=489.598388671875
2026-01-09 12:48:51,304 - INFO - openpose - Gaze PUB: people=1, frame_idx=0
2026-01-09 12:48:51,498 - INFO - openpose - Gaze3D frame=0 id=None label=None v=[-0.676, -0.056, 0.735] yaw=-42.6 pitch=3.2 cx=488.67906188964844
2026-01-09 12:48:51,498 - INFO - openpose - Gaze PUB: people=1, frame_idx=0
2026-01-09 12:48:51,675 - INFO - openpose - Gaze3D frame=0 id=None label=None v=[-0.672, 0.078, 0.737] yaw=-42.4 pitch=-4.5 cx=488.3016662597656
2026-01-09 12:48:51,675 - INFO - openpose - Gaze PUB: people=1, frame_idx=0
2026-01-09 12:48:51,920 - INFO - openpose - Gaze3D frame=0 id=None label=None v=[0.052, 0.252, 0.966] yaw=3.1 pitch=-14.6 cx=34.327871322631836
2026-01-09 12:48:51,920 - INFO - openpose - Gaze3D frame=0 id=None label=None v=[-0.631, -0.030, 0.775] yaw=-39.1 pitch=1.7 cx=486.91259765625
2026-01-09 12:48:51,920 - INFO - openpose - Gaze PUB: people=2, frame_idx=0
2026-01-09 12:48:52,159 - INFO - openpose - Gaze3D frame=0 id=left label=Left person v=[-0.137, -0.314, 0.939] yaw=-8.3 pitch=18.3 cx=75.28775596618652
2026-01-09 12:48:52,159 - INFO - openpose - Gaze3D frame=0 id=right label=Right person v=[-0.615, 0.046, 0.787] yaw=-38.0 pitch=-2.6 cx=485.9429016113281
2026-01-09 12:48:52,159 - INFO - openpose - Gaze PUB: people=2, frame_idx=0
2026-01-09 12:48:52,160 - INFO - openpose - Robot's turn detected
2026-01-09 12:48:52,832 - INFO - openpose - Gaze3D frame=8 id=left label=Left person v=[0.006, 0.049, 0.999] yaw=0.4 pitch=-2.8 cx=203.25967407226562
2026-01-09 12:48:52,832 - INFO - openpose - Gaze3D frame=8 id=right label=Right person v=[-0.625, 0.014, 0.781] yaw=-38.7 pitch=-0.8 cx=481.86790466308594
2026-01-09 12:48:52,832 - INFO - openpose - Gaze PUB: people=2, frame_idx=8
2026-01-09 12:48:53,496 - INFO - openpose - Gaze3D frame=16 id=left label=Left person v=[-0.061, -0.238, 0.969] yaw=-3.6 pitch=13.8 cx=284.7126007080078
2026-01-09 12:48:53,496 - INFO - openpose - Gaze3D frame=16 id=right label=Right person v=[-0.598, -0.088, 0.797] yaw=-36.9 pitch=5.0 cx=481.96958923339844
2026-01-09 12:48:53,497 - INFO - openpose - Gaze PUB: people=2, frame_idx=16
2026-01-09 12:48:54,172 - INFO - openpose - Gaze3D frame=24 id=left label=Left person v=[0.169, -0.072, 0.983] yaw=9.8 pitch=4.1 cx=274.4879684448242
2026-01-09 12:48:54,172 - INFO - openpose - Gaze3D frame=24 id=right label=Right person v=[-0.317, -0.458, 0.831] yaw=-20.9 pitch=27.2 cx=479.80690002441406
2026-01-09 12:48:54,172 - INFO - openpose - Gaze PUB: people=2, frame_idx=24
2026-01-09 12:48:54,821 - INFO - openpose - Gaze3D frame=32 id=left label=Left person v=[-0.239, -0.313, 0.919] yaw=-14.6 pitch=18.3 cx=304.338623046875
2026-01-09 12:48:54,821 - INFO - openpose - Gaze3D frame=32 id=right label=Right person v=[-0.293, -0.473, 0.831] yaw=-19.4 pitch=28.2 cx=491.00689697265625
2026-01-09 12:48:54,821 - INFO - openpose - Gaze PUB: people=2, frame_idx=32
2026-01-09 12:48:55,505 - INFO - openpose - Gaze3D frame=40 id=left label=Left person v=[-0.468, 0.230, 0.853] yaw=-28.8 pitch=-13.3 cx=279.33116149902344
2026-01-09 12:48:55,505 - INFO - openpose - Gaze3D frame=40 id=right label=Right person v=[-0.416, -0.186, 0.890] yaw=-25.0 pitch=10.7 cx=492.59580993652344
2026-01-09 12:48:55,505 - INFO - openpose - Gaze PUB: people=2, frame_idx=40
2026-01-09 12:48:56,183 - INFO - openpose - Gaze3D frame=48 id=left label=Left person v=[-0.577, -0.281, 0.767] yaw=-37.0 pitch=16.3 cx=284.4980163574219
2026-01-09 12:48:56,183 - INFO - openpose - Gaze3D frame=48 id=right label=Right person v=[-0.418, -0.215, 0.883] yaw=-25.3 pitch=12.4 cx=493.2066955566406
2026-01-09 12:48:56,183 - INFO - openpose - Gaze PUB: people=2, frame_idx=48
2026-01-09 12:48:56,844 - INFO - openpose - Gaze3D frame=56 id=left label=Left person v=[-0.547, -0.181, 0.818] yaw=-33.8 pitch=10.4 cx=293.8511047363281
2026-01-09 12:48:56,844 - INFO - openpose - Gaze3D frame=56 id=right label=Right person v=[-0.467, -0.175, 0.867] yaw=-28.3 pitch=10.1 cx=494.23081970214844
2026-01-09 12:48:56,844 - INFO - openpose - Gaze PUB: people=2, frame_idx=56
2026-01-09 12:48:57,548 - INFO - openpose - Gaze3D frame=64 id=left label=Left person v=[-0.341, 0.104, 0.934] yaw=-20.0 pitch=-6.0 cx=288.24163818359375
2026-01-09 12:48:57,549 - INFO - openpose - Gaze3D frame=64 id=right label=Right person v=[-0.412, -0.159, 0.897] yaw=-24.7 pitch=9.1 cx=493.2812957763672
2026-01-09 12:48:57,549 - INFO - openpose - Gaze PUB: people=2, frame_idx=64
2026-01-09 12:48:58,247 - INFO - openpose - Gaze3D frame=72 id=left label=Left person v=[-0.529, 0.002, 0.849] yaw=-31.9 pitch=-0.1 cx=287.30955505371094
2026-01-09 12:48:58,247 - INFO - openpose - Gaze3D frame=72 id=right label=Right person v=[-0.422, -0.189, 0.887] yaw=-25.5 pitch=10.9 cx=491.5954895019531
2026-01-09 12:48:58,247 - INFO - openpose - Gaze PUB: people=2, frame_idx=72
2026-01-09 12:48:58,958 - INFO - openpose - Gaze3D frame=80 id=left label=Left person v=[-0.706, -0.063, 0.705] yaw=-45.0 pitch=3.6 cx=286.9671173095703
2026-01-09 12:48:58,966 - INFO - openpose - Gaze3D frame=80 id=right label=Right person v=[-0.422, -0.216, 0.880] yaw=-25.6 pitch=12.5 cx=492.8468322753906
2026-01-09 12:48:58,966 - INFO - openpose - Gaze PUB: people=2, frame_idx=80
2026-01-09 12:48:59,824 - INFO - openpose - Gaze3D frame=88 id=left label=Left person v=[-0.215, -0.272, 0.938] yaw=-12.9 pitch=15.8 cx=286.65248107910156
2026-01-09 12:48:59,824 - INFO - openpose - Gaze3D frame=88 id=right label=Right person v=[-0.293, -0.389, 0.873] yaw=-18.6 pitch=22.9 cx=494.01210021972656
2026-01-09 12:48:59,824 - INFO - openpose - Gaze PUB: people=2, frame_idx=88
2026-01-09 12:49:00,542 - INFO - openpose - Gaze3D frame=96 id=left label=Left person v=[-0.695, -0.070, 0.715] yaw=-44.2 pitch=4.0 cx=288.3558044433594
2026-01-09 12:49:00,542 - INFO - openpose - Gaze3D frame=96 id=right label=Right person v=[-0.320, -0.347, 0.882] yaw=-20.0 pitch=20.3 cx=493.66416931152344
2026-01-09 12:49:00,542 - INFO - openpose - Gaze PUB: people=2, frame_idx=96
2026-01-09 12:49:01,160 - INFO - openpose - Gaze3D frame=104 id=left label=Left person v=[-0.492, -0.021, 0.870] yaw=-29.5 pitch=1.2 cx=287.83197021484375
2026-01-09 12:49:01,160 - INFO - openpose - Gaze3D frame=104 id=right label=Right person v=[-0.504, -0.298, 0.811] yaw=-31.9 pitch=17.3 cx=488.7054443359375
2026-01-09 12:49:01,160 - INFO - openpose - Gaze PUB: people=2, frame_idx=104
2026-01-09 12:49:01,846 - INFO - openpose - Gaze3D frame=112 id=left label=Left person v=[-0.473, -0.146, 0.869] yaw=-28.6 pitch=8.4 cx=297.51861572265625
2026-01-09 12:49:01,846 - INFO - openpose - Gaze3D frame=112 id=right label=Right person v=[-0.464, -0.338, 0.819] yaw=-29.6 pitch=19.7 cx=483.6046600341797
2026-01-09 12:49:01,846 - INFO - openpose - Gaze PUB: people=2, frame_idx=112
2026-01-09 12:49:02,538 - INFO - openpose - Gaze3D frame=120 id=left label=Left person v=[-0.614, -0.122, 0.780] yaw=-38.2 pitch=7.0 cx=291.667236328125
2026-01-09 12:49:02,538 - INFO - openpose - Gaze3D frame=120 id=right label=Right person v=[-0.467, -0.431, 0.772] yaw=-31.2 pitch=25.5 cx=486.58665466308594
2026-01-09 12:49:02,538 - INFO - openpose - Gaze PUB: people=2, frame_idx=120
2026-01-09 12:49:03,233 - INFO - openpose - Gaze3D frame=128 id=left label=Left person v=[-0.466, -0.077, 0.881] yaw=-27.9 pitch=4.4 cx=259.7843017578125
2026-01-09 12:49:03,233 - INFO - openpose - Gaze3D frame=128 id=right label=Right person v=[-0.459, -0.298, 0.837] yaw=-28.7 pitch=17.4 cx=491.45045471191406
2026-01-09 12:49:03,233 - INFO - openpose - Gaze PUB: people=2, frame_idx=128
2026-01-09 12:49:03,926 - INFO - openpose - Gaze3D frame=136 id=left label=Left person v=[-0.440, 0.001, 0.898] yaw=-26.1 pitch=-0.1 cx=263.5360412597656
2026-01-09 12:49:03,926 - INFO - openpose - Gaze3D frame=136 id=right label=Right person v=[-0.491, -0.277, 0.826] yaw=-30.8 pitch=16.1 cx=490.9744110107422
2026-01-09 12:49:03,926 - INFO - openpose - Gaze PUB: people=2, frame_idx=136
2026-01-09 12:49:04,599 - INFO - openpose - Gaze3D frame=144 id=left label=Left person v=[-0.479, -0.148, 0.865] yaw=-29.0 pitch=8.5 cx=262.01353454589844
2026-01-09 12:49:04,600 - INFO - openpose - Gaze3D frame=144 id=right label=Right person v=[-0.515, -0.389, 0.764] yaw=-34.0 pitch=22.9 cx=488.06402587890625
2026-01-09 12:49:04,600 - INFO - openpose - Gaze PUB: people=2, frame_idx=144
2026-01-09 12:49:05,302 - INFO - openpose - Gaze3D frame=152 id=left label=Left person v=[-0.449, -0.008, 0.893] yaw=-26.7 pitch=0.4 cx=260.36810302734375
2026-01-09 12:49:05,302 - INFO - openpose - Gaze3D frame=152 id=right label=Right person v=[-0.519, -0.409, 0.750] yaw=-34.7 pitch=24.2 cx=487.1062469482422
2026-01-09 12:49:05,302 - INFO - openpose - Gaze PUB: people=2, frame_idx=152
2026-01-09 12:49:05,994 - INFO - openpose - Gaze3D frame=160 id=left label=Left person v=[-0.573, 0.153, 0.805] yaw=-35.4 pitch=-8.8 cx=260.19173431396484
2026-01-09 12:49:05,994 - INFO - openpose - Gaze3D frame=160 id=right label=Right person v=[-0.525, -0.474, 0.707] yaw=-36.6 pitch=28.3 cx=486.93470764160156
2026-01-09 12:49:05,994 - INFO - openpose - Gaze PUB: people=2, frame_idx=160
2026-01-09 12:49:06,702 - INFO - openpose - Gaze3D frame=168 id=left label=Left person v=[-0.456, -0.099, 0.884] yaw=-27.3 pitch=5.7 cx=261.97093200683594
2026-01-09 12:49:06,702 - INFO - openpose - Gaze3D frame=168 id=right label=Right person v=[-0.538, -0.441, 0.719] yaw=-36.8 pitch=26.2 cx=488.24354553222656
2026-01-09 12:49:06,702 - INFO - openpose - Gaze PUB: people=2, frame_idx=168
2026-01-09 12:49:07,410 - INFO - openpose - Gaze3D frame=176 id=left label=Left person v=[-0.452, 0.145, 0.880] yaw=-27.2 pitch=-8.4 cx=262.4183044433594
2026-01-09 12:49:07,410 - INFO - openpose - Gaze3D frame=176 id=right label=Right person v=[-0.507, -0.350, 0.788] yaw=-32.7 pitch=20.5 cx=486.4141845703125
2026-01-09 12:49:07,410 - INFO - openpose - Gaze PUB: people=2, frame_idx=176
2026-01-09 12:49:08,084 - INFO - openpose - Gaze3D frame=184 id=left label=Left person v=[-0.489, 0.244, 0.837] yaw=-30.3 pitch=-14.1 cx=262.3041687011719
2026-01-09 12:49:08,084 - INFO - openpose - Gaze3D frame=184 id=right label=Right person v=[-0.590, -0.472, 0.655] yaw=-42.0 pitch=28.2 cx=488.0622863769531
2026-01-09 12:49:08,084 - INFO - openpose - Gaze PUB: people=2, frame_idx=184
2026-01-09 12:49:08,737 - INFO - openpose - Gaze3D frame=192 id=left label=Left person v=[-0.522, 0.186, 0.833] yaw=-32.1 pitch=-10.7 cx=262.2869110107422
2026-01-09 12:49:08,737 - INFO - openpose - Gaze3D frame=192 id=right label=Right person v=[-0.621, -0.364, 0.694] yaw=-41.8 pitch=21.4 cx=487.9419860839844
2026-01-09 12:49:08,737 - INFO - openpose - Gaze PUB: people=2, frame_idx=192
2026-01-09 12:49:09,442 - INFO - openpose - Gaze3D frame=200 id=left label=Left person v=[-0.478, 0.138, 0.868] yaw=-28.8 pitch=-8.0 cx=262.04261016845703
2026-01-09 12:49:09,442 - INFO - openpose - Gaze3D frame=200 id=right label=Right person v=[-0.601, -0.413, 0.685] yaw=-41.2 pitch=24.4 cx=487.55274963378906
2026-01-09 12:49:09,442 - INFO - openpose - Gaze PUB: people=2, frame_idx=200
2026-01-09 12:49:10,059 - INFO - openpose - Gaze3D frame=208 id=left label=Left person v=[-0.684, -0.056, 0.727] yaw=-43.3 pitch=3.2 cx=261.97581481933594
2026-01-09 12:49:10,059 - INFO - openpose - Gaze3D frame=208 id=right label=Right person v=[-0.555, -0.434, 0.709] yaw=-38.1 pitch=25.8 cx=486.6515350341797
2026-01-09 12:49:10,060 - INFO - openpose - Gaze PUB: people=2, frame_idx=208
2026-01-09 12:49:10,761 - INFO - openpose - Gaze3D frame=216 id=left label=Left person v=[-0.336, 0.155, 0.929] yaw=-19.9 pitch=-8.9 cx=263.1297302246094
2026-01-09 12:49:10,761 - INFO - openpose - Gaze3D frame=216 id=right label=Right person v=[-0.299, -0.426, 0.854] yaw=-19.3 pitch=25.2 cx=486.91944885253906
2026-01-09 12:49:10,761 - INFO - openpose - Gaze PUB: people=2, frame_idx=216
2026-01-09 12:49:11,461 - INFO - openpose - Gaze3D frame=224 id=left label=Left person v=[-0.540, 0.173, 0.823] yaw=-33.3 pitch=-10.0 cx=263.84364318847656
2026-01-09 12:49:11,461 - INFO - openpose - Gaze3D frame=224 id=right label=Right person v=[-0.475, -0.373, 0.797] yaw=-30.8 pitch=21.9 cx=487.3120422363281
2026-01-09 12:49:11,461 - INFO - openpose - Gaze PUB: people=2, frame_idx=224
2026-01-09 12:49:12,149 - INFO - openpose - Gaze3D frame=232 id=left label=Left person v=[-0.391, 0.130, 0.911] yaw=-23.2 pitch=-7.5 cx=268.1789245605469
2026-01-09 12:49:12,149 - INFO - openpose - Gaze3D frame=232 id=right label=Right person v=[-0.486, -0.265, 0.833] yaw=-30.3 pitch=15.4 cx=487.90057373046875
2026-01-09 12:49:12,149 - INFO - openpose - Gaze PUB: people=2, frame_idx=232
2026-01-09 12:49:12,857 - INFO - openpose - Gaze3D frame=240 id=left label=Left person v=[-0.422, 0.092, 0.902] yaw=-25.0 pitch=-5.3 cx=272.54457092285156
2026-01-09 12:49:12,857 - INFO - openpose - Gaze3D frame=240 id=right label=Right person v=[-0.493, -0.332, 0.804] yaw=-31.5 pitch=19.4 cx=487.19496154785156
2026-01-09 12:49:12,857 - INFO - openpose - Gaze PUB: people=2, frame_idx=240
2026-01-09 12:49:13,542 - INFO - openpose - Gaze3D frame=248 id=left label=Left person v=[-0.359, 0.146, 0.922] yaw=-21.3 pitch=-8.4 cx=277.2789306640625
2026-01-09 12:49:13,542 - INFO - openpose - Gaze3D frame=248 id=right label=Right person v=[-0.503, -0.379, 0.777] yaw=-32.9 pitch=22.3 cx=487.5773162841797
2026-01-09 12:49:13,542 - INFO - openpose - Gaze PUB: people=2, frame_idx=248
2026-01-09 12:49:13,665 - INFO - openpose - Left person: Arm EXTENDED (depth-plane)
2026-01-09 12:49:13,665 - INFO - openpose - ZMQ Message received (non-blocking): PL: Arm Extended Check
2026-01-09 12:49:13,666 - INFO - openpose - ZMQ Sending: Left: Arm Extended
2026-01-09 12:49:13,730 - INFO - openpose - Left person: Arm RETRACTED (depth-plane)
2026-01-09 12:49:13,730 - INFO - openpose - ZMQ Message received (non-blocking): PL: Arm Retracted Check
2026-01-09 12:49:13,730 - INFO - openpose - ZMQ Sending: Left: Arm Retracted
2026-01-09 12:49:13,793 - INFO - openpose - Robot's turn detected
2026-01-09 12:49:14,236 - INFO - openpose - Gaze3D frame=256 id=left label=Left person v=[-0.130, -0.605, 0.786] yaw=-9.4 pitch=37.2 cx=341.92193603515625
2026-01-09 12:49:14,236 - INFO - openpose - Gaze3D frame=256 id=right label=Right person v=[-0.552, -0.406, 0.728] yaw=-37.2 pitch=24.0 cx=486.95603942871094
2026-01-09 12:49:14,236 - INFO - openpose - Gaze PUB: people=2, frame_idx=256
2026-01-09 12:49:14,945 - INFO - openpose - Gaze3D frame=264 id=left label=Left person v=[-0.300, 0.605, 0.737] yaw=-22.2 pitch=-37.2 cx=352.0625305175781
2026-01-09 12:49:14,946 - INFO - openpose - Gaze3D frame=264 id=right label=Right person v=[-0.298, -0.443, 0.845] yaw=-19.4 pitch=26.3 cx=486.57945251464844
2026-01-09 12:49:14,946 - INFO - openpose - Gaze PUB: people=2, frame_idx=264
2026-01-09 12:49:15,646 - INFO - openpose - Gaze3D frame=272 id=left label=Left person v=[-0.346, 0.435, 0.831] yaw=-22.6 pitch=-25.8 cx=350.4401397705078
2026-01-09 12:49:15,646 - INFO - openpose - Gaze3D frame=272 id=right label=Right person v=[-0.470, -0.353, 0.809] yaw=-30.2 pitch=20.7 cx=486.46775817871094
2026-01-09 12:49:15,646 - INFO - openpose - Gaze PUB: people=2, frame_idx=272
2026-01-09 12:49:16,322 - INFO - openpose - Gaze3D frame=280 id=left label=Left person v=[0.036, -0.110, 0.993] yaw=2.1 pitch=6.3 cx=330.2272033691406
2026-01-09 12:49:16,322 - INFO - openpose - Gaze3D frame=280 id=right label=Right person v=[-0.325, -0.428, 0.843] yaw=-21.1 pitch=25.3 cx=486.1742248535156
2026-01-09 12:49:16,322 - INFO - openpose - Gaze PUB: people=2, frame_idx=280
2026-01-09 12:49:17,025 - INFO - openpose - Gaze3D frame=288 id=left label=Left person v=[-0.269, 0.046, 0.962] yaw=-15.6 pitch=-2.6 cx=264.9158935546875
2026-01-09 12:49:17,025 - INFO - openpose - Gaze3D frame=288 id=right label=Right person v=[-0.304, -0.424, 0.853] yaw=-19.6 pitch=25.1 cx=484.8339538574219
2026-01-09 12:49:17,025 - INFO - openpose - Gaze PUB: people=2, frame_idx=288
2026-01-09 12:49:17,746 - INFO - openpose - Gaze3D frame=296 id=left label=Left person v=[-0.387, 0.142, 0.911] yaw=-23.0 pitch=-8.2 cx=261.82781982421875
2026-01-09 12:49:17,746 - INFO - openpose - Gaze3D frame=296 id=right label=Right person v=[-0.399, -0.447, 0.800] yaw=-26.5 pitch=26.6 cx=473.4473571777344
2026-01-09 12:49:17,746 - INFO - openpose - Gaze PUB: people=2, frame_idx=296
2026-01-09 12:49:18,463 - INFO - openpose - Gaze3D frame=304 id=left label=Left person v=[-0.276, -0.184, 0.943] yaw=-16.3 pitch=10.6 cx=259.2503967285156
2026-01-09 12:49:18,463 - INFO - openpose - Gaze3D frame=304 id=right label=Right person v=[-0.403, -0.340, 0.850] yaw=-25.4 pitch=19.9 cx=467.9110412597656
2026-01-09 12:49:18,463 - INFO - openpose - Gaze PUB: people=2, frame_idx=304
2026-01-09 12:49:19,164 - INFO - openpose - Gaze3D frame=312 id=left label=Left person v=[-0.375, -0.088, 0.923] yaw=-22.1 pitch=5.1 cx=263.1308822631836
2026-01-09 12:49:19,164 - INFO - openpose - Gaze3D frame=312 id=right label=Right person v=[-0.428, -0.258, 0.866] yaw=-26.3 pitch=15.0 cx=472.5971374511719
2026-01-09 12:49:19,164 - INFO - openpose - Gaze PUB: people=2, frame_idx=312
2026-01-09 12:49:19,944 - INFO - openpose - Gaze3D frame=320 id=left label=Left person v=[-0.332, -0.106, 0.937] yaw=-19.5 pitch=6.1 cx=261.33363342285156
2026-01-09 12:49:19,945 - INFO - openpose - Gaze3D frame=320 id=left label=Left person v=[-0.204, -0.755, 0.623] yaw=-18.2 pitch=49.0 cx=349.5112609863281
2026-01-09 12:49:19,945 - INFO - openpose - Gaze3D frame=320 id=right label=Right person v=[-0.394, -0.325, 0.860] yaw=-24.6 pitch=18.9 cx=477.5348205566406
2026-01-09 12:49:19,945 - INFO - openpose - Gaze PUB: people=3, frame_idx=320
2026-01-09 12:49:20,725 - INFO - openpose - Gaze3D frame=328 id=left label=Left person v=[-0.396, -0.017, 0.918] yaw=-23.4 pitch=1.0 cx=259.06017303466797
2026-01-09 12:49:20,725 - INFO - openpose - Gaze3D frame=328 id=left label=Left person v=[-0.179, -0.787, 0.591] yaw=-16.8 pitch=51.9 cx=349.31768798828125
2026-01-09 12:49:20,732 - INFO - openpose - Gaze3D frame=328 id=right label=Right person v=[-0.441, -0.312, 0.841] yaw=-27.7 pitch=18.2 cx=481.51812744140625
2026-01-09 12:49:20,733 - INFO - openpose - Gaze PUB: people=3, frame_idx=328
2026-01-09 12:49:21,525 - INFO - openpose - Gaze3D frame=336 id=left label=Left person v=[-0.333, -0.088, 0.939] yaw=-19.6 pitch=5.0 cx=258.9371032714844
2026-01-09 12:49:21,525 - INFO - openpose - Gaze3D frame=336 id=left label=Left person v=[-0.210, -0.724, 0.657] yaw=-17.7 pitch=46.4 cx=349.1001739501953
2026-01-09 12:49:21,525 - INFO - openpose - Gaze3D frame=336 id=right label=Right person v=[-0.385, -0.458, 0.801] yaw=-25.7 pitch=27.3 cx=483.6643371582031
2026-01-09 12:49:21,526 - INFO - openpose - Gaze PUB: people=3, frame_idx=336
2026-01-09 12:49:22,273 - INFO - openpose - Gaze3D frame=344 id=left label=Left person v=[-0.531, 0.217, 0.819] yaw=-33.0 pitch=-12.5 cx=260.44420623779297
2026-01-09 12:49:22,273 - INFO - openpose - Gaze3D frame=344 id=left label=Left person v=[-0.204, -0.768, 0.607] yaw=-18.6 pitch=50.2 cx=348.8379364013672
2026-01-09 12:49:22,273 - INFO - openpose - Gaze3D frame=344 id=right label=Right person v=[-0.358, -0.384, 0.851] yaw=-22.8 pitch=22.6 cx=484.6788024902344
2026-01-09 12:49:22,273 - INFO - openpose - Gaze PUB: people=3, frame_idx=344
2026-01-09 12:49:23,073 - INFO - openpose - Gaze3D frame=352 id=left label=Left person v=[-0.379, -0.146, 0.914] yaw=-22.5 pitch=8.4 cx=259.29300689697266
2026-01-09 12:49:23,073 - INFO - openpose - Gaze3D frame=352 id=left label=Left person v=[-0.193, -0.769, 0.610] yaw=-17.5 pitch=50.2 cx=349.1026306152344
2026-01-09 12:49:23,073 - INFO - openpose - Gaze3D frame=352 id=right label=Right person v=[-0.443, -0.479, 0.758] yaw=-30.3 pitch=28.6 cx=482.2610626220703
2026-01-09 12:49:23,073 - INFO - openpose - Gaze PUB: people=3, frame_idx=352
2026-01-09 12:49:23,811 - INFO - openpose - Gaze3D frame=360 id=left label=Left person v=[-0.197, 0.039, 0.980] yaw=-11.4 pitch=-2.2 cx=258.9427261352539
2026-01-09 12:49:23,811 - INFO - openpose - Gaze3D frame=360 id=right label=Right person v=[-0.410, -0.403, 0.818] yaw=-26.6 pitch=23.7 cx=484.14971923828125
2026-01-09 12:49:23,811 - INFO - openpose - Gaze PUB: people=2, frame_idx=360
2026-01-09 12:49:24,557 - INFO - openpose - Gaze3D frame=368 id=left label=Left person v=[-0.516, -0.047, 0.855] yaw=-31.1 pitch=2.7 cx=259.7796325683594
2026-01-09 12:49:24,558 - INFO - openpose - Gaze3D frame=368 id=left label=Left person v=[-0.163, -0.753, 0.637] yaw=-14.3 pitch=48.9 cx=341.5968017578125
2026-01-09 12:49:24,558 - INFO - openpose - Gaze3D frame=368 id=right label=Right person v=[-0.500, -0.311, 0.808] yaw=-31.7 pitch=18.1 cx=483.48974609375
2026-01-09 12:49:24,558 - INFO - openpose - Gaze PUB: people=3, frame_idx=368
2026-01-09 12:49:25,424 - INFO - openpose - Gaze3D frame=376 id=left label=Left person v=[-0.444, 0.084, 0.892] yaw=-26.5 pitch=-4.8 cx=259.78275299072266
2026-01-09 12:49:25,424 - INFO - openpose - Gaze3D frame=376 id=left label=Left person v=[-0.135, -0.791, 0.596] yaw=-12.8 pitch=52.3 cx=357.93629455566406
2026-01-09 12:49:25,424 - INFO - openpose - Gaze3D frame=376 id=left label=Left person v=[-0.031, -0.256, 0.966] yaw=-1.8 pitch=14.8 cx=316.1336669921875
2026-01-09 12:49:25,424 - INFO - openpose - Gaze3D frame=376 id=right label=Right person v=[-0.392, -0.344, 0.853] yaw=-24.7 pitch=20.1 cx=482.6823272705078
2026-01-09 12:49:25,424 - INFO - openpose - Gaze PUB: people=4, frame_idx=376
2026-01-09 12:49:26,194 - INFO - openpose - Gaze3D frame=384 id=left label=Left person v=[-0.613, 0.241, 0.752] yaw=-39.2 pitch=-14.0 cx=259.31898498535156
2026-01-09 12:49:26,194 - INFO - openpose - Gaze3D frame=384 id=left label=Left person v=[-0.044, -0.393, 0.918] yaw=-2.7 pitch=23.1 cx=358.5401306152344
2026-01-09 12:49:26,194 - INFO - openpose - Gaze3D frame=384 id=right label=Right person v=[-0.403, -0.550, 0.732] yaw=-28.8 pitch=33.4 cx=485.1864471435547
2026-01-09 12:49:26,194 - INFO - openpose - Gaze PUB: people=3, frame_idx=384
2026-01-09 12:49:26,950 - INFO - openpose - Gaze3D frame=392 id=left label=Left person v=[-0.470, 0.187, 0.863] yaw=-28.6 pitch=-10.8 cx=258.9186325073242
2026-01-09 12:49:26,950 - INFO - openpose - Gaze3D frame=392 id=right label=Right person v=[-0.468, -0.423, 0.776] yaw=-31.1 pitch=25.0 cx=484.1335906982422
2026-01-09 12:49:26,950 - INFO - openpose - Gaze PUB: people=2, frame_idx=392
2026-01-09 12:49:27,641 - INFO - openpose - Gaze3D frame=400 id=left label=Left person v=[-0.492, 0.147, 0.858] yaw=-29.8 pitch=-8.5 cx=259.2649154663086
2026-01-09 12:49:27,641 - INFO - openpose - Gaze3D frame=400 id=right label=Right person v=[-0.507, -0.469, 0.723] yaw=-35.0 pitch=28.0 cx=484.9563446044922
2026-01-09 12:49:27,642 - INFO - openpose - Gaze PUB: people=2, frame_idx=400
2026-01-09 12:49:28,409 - INFO - openpose - Gaze3D frame=408 id=left label=Left person v=[-0.418, 0.183, 0.890] yaw=-25.1 pitch=-10.6 cx=260.44921112060547
2026-01-09 12:49:28,409 - INFO - openpose - Gaze3D frame=408 id=right label=Right person v=[-0.522, -0.376, 0.766] yaw=-34.3 pitch=22.1 cx=484.3134002685547
2026-01-09 12:49:28,409 - INFO - openpose - Gaze3D frame=408 id=right label=Right person v=[0.004, -0.633, 0.774] yaw=0.3 pitch=39.3 cx=372.1214599609375
2026-01-09 12:49:28,409 - INFO - openpose - Gaze PUB: people=3, frame_idx=408
2026-01-09 12:49:29,145 - INFO - openpose - Gaze3D frame=416 id=left label=Left person v=[-0.365, 0.277, 0.889] yaw=-22.3 pitch=-16.1 cx=261.3172912597656
2026-01-09 12:49:29,145 - INFO - openpose - Gaze3D frame=416 id=right label=Right person v=[-0.450, -0.556, 0.699] yaw=-32.7 pitch=33.8 cx=485.2300567626953
2026-01-09 12:49:29,146 - INFO - openpose - Gaze3D frame=416 id=right label=Right person v=[-0.036, -0.523, 0.851] yaw=-2.4 pitch=31.5 cx=371.5411376953125
2026-01-09 12:49:29,146 - INFO - openpose - Gaze PUB: people=3, frame_idx=416
2026-01-09 12:49:29,882 - INFO - openpose - Gaze3D frame=424 id=left label=Left person v=[-0.146, -0.203, 0.968] yaw=-8.6 pitch=11.7 cx=259.9283142089844
2026-01-09 12:49:29,882 - INFO - openpose - Gaze3D frame=424 id=right label=Right person v=[-0.343, -0.400, 0.850] yaw=-21.9 pitch=23.6 cx=484.29827880859375
2026-01-09 12:49:29,882 - INFO - openpose - Gaze3D frame=424 id=right label=Right person v=[-0.006, -0.706, 0.708] yaw=-0.5 pitch=44.9 cx=371.2396240234375
2026-01-09 12:49:29,883 - INFO - openpose - Gaze PUB: people=3, frame_idx=424
2026-01-09 12:49:30,560 - INFO - openpose - Gaze3D frame=432 id=left label=Left person v=[-0.143, -0.171, 0.975] yaw=-8.4 pitch=9.8 cx=259.5054931640625
2026-01-09 12:49:30,560 - INFO - openpose - Gaze3D frame=432 id=right label=Right person v=[-0.458, -0.412, 0.788] yaw=-30.2 pitch=24.3 cx=483.82289123535156
2026-01-09 12:49:30,560 - INFO - openpose - Gaze PUB: people=2, frame_idx=432
2026-01-09 12:49:31,487 - INFO - openpose - Gaze3D frame=440 id=left label=Left person v=[-0.398, 0.176, 0.900] yaw=-23.9 pitch=-10.1 cx=263.97693634033203
2026-01-09 12:49:31,495 - INFO - openpose - Gaze3D frame=440 id=right label=Right person v=[-0.485, -0.332, 0.809] yaw=-30.9 pitch=19.4 cx=481.63352966308594
2026-01-09 12:49:31,495 - INFO - openpose - Gaze PUB: people=2, frame_idx=440
2026-01-09 12:49:32,191 - INFO - openpose - Gaze3D frame=448 id=left label=Left person v=[-0.424, 0.477, 0.770] yaw=-28.8 pitch=-28.5 cx=264.22021484375
2026-01-09 12:49:32,191 - INFO - openpose - Gaze3D frame=448 id=right label=Right person v=[-0.546, -0.315, 0.776] yaw=-35.2 pitch=18.4 cx=490.2928161621094
2026-01-09 12:49:32,191 - INFO - openpose - Gaze PUB: people=2, frame_idx=448
2026-01-09 12:49:32,556 - INFO - openpose - Right person: Arm EXTENDED (depth-plane)
2026-01-09 12:49:32,556 - INFO - openpose - ZMQ Message received (non-blocking): PR: Arm Extended Check
2026-01-09 12:49:32,556 - INFO - openpose - ZMQ Sending: Right: Arm Extended
2026-01-09 12:49:32,606 - INFO - openpose - Right person: Arm RETRACTED (depth-plane)
2026-01-09 12:49:32,606 - INFO - openpose - ZMQ Message received (non-blocking): PR: Arm Retracted Check
2026-01-09 12:49:32,606 - INFO - openpose - ZMQ Sending: Right: Arm Retracted
2026-01-09 12:49:32,830 - INFO - openpose - Gaze3D frame=456 id=left label=Left person v=[-0.518, 0.125, 0.846] yaw=-31.5 pitch=-7.2 cx=262.9344024658203
2026-01-09 12:49:32,830 - INFO - openpose - Gaze3D frame=456 id=right label=Right person v=[-0.506, -0.391, 0.769] yaw=-33.3 pitch=23.0 cx=480.64744567871094
2026-01-09 12:49:32,830 - INFO - openpose - Gaze PUB: people=2, frame_idx=456
2026-01-09 12:49:33,505 - INFO - openpose - Gaze3D frame=464 id=left label=Left person v=[-0.483, 0.208, 0.851] yaw=-29.6 pitch=-12.0 cx=262.81842041015625
2026-01-09 12:49:33,505 - INFO - openpose - Gaze3D frame=464 id=right label=Right person v=[-0.585, -0.087, 0.806] yaw=-36.0 pitch=5.0 cx=471.2936096191406
2026-01-09 12:49:33,505 - INFO - openpose - Gaze PUB: people=2, frame_idx=464
2026-01-09 12:49:34,192 - INFO - openpose - Gaze3D frame=472 id=left label=Left person v=[-0.141, -0.191, 0.971] yaw=-8.3 pitch=11.0 cx=262.66717529296875
2026-01-09 12:49:34,192 - INFO - openpose - Gaze3D frame=472 id=right label=Right person v=[-0.540, -0.335, 0.772] yaw=-35.0 pitch=19.6 cx=473.8920593261719
2026-01-09 12:49:34,192 - INFO - openpose - Gaze PUB: people=2, frame_idx=472
2026-01-09 12:49:34,854 - INFO - openpose - Gaze3D frame=480 id=left label=Left person v=[-0.720, 0.180, 0.671] yaw=-47.0 pitch=-10.4 cx=264.20069885253906
2026-01-09 12:49:34,854 - INFO - openpose - Gaze3D frame=480 id=right label=Right person v=[-0.462, -0.451, 0.764] yaw=-31.1 pitch=26.8 cx=470.4146270751953
2026-01-09 12:49:34,854 - INFO - openpose - Gaze PUB: people=2, frame_idx=480
2026-01-09 12:49:35,563 - INFO - openpose - Gaze3D frame=488 id=left label=Left person v=[-0.105, -0.267, 0.958] yaw=-6.3 pitch=15.5 cx=270.1636047363281
2026-01-09 12:49:35,564 - INFO - openpose - Gaze3D frame=488 id=right label=Right person v=[-0.362, -0.348, 0.865] yaw=-22.7 pitch=20.4 cx=480.6603546142578
2026-01-09 12:49:35,564 - INFO - openpose - Gaze PUB: people=2, frame_idx=488
2026-01-09 12:49:36,235 - INFO - openpose - Gaze3D frame=496 id=left label=Left person v=[-0.440, 0.168, 0.882] yaw=-26.5 pitch=-9.7 cx=263.6417922973633
2026-01-09 12:49:36,236 - INFO - openpose - Gaze3D frame=496 id=right label=Right person v=[-0.350, -0.285, 0.892] yaw=-21.4 pitch=16.5 cx=491.5563507080078
2026-01-09 12:49:36,236 - INFO - openpose - Gaze PUB: people=2, frame_idx=496
2026-01-09 12:49:36,531 - INFO - openpose - Left person: Arm EXTENDED (depth-plane)
2026-01-09 12:49:36,531 - INFO - openpose - ZMQ Message received (non-blocking): PL: Arm Extended Check
2026-01-09 12:49:36,531 - INFO - openpose - ZMQ Sending: Left: Arm Extended
2026-01-09 12:49:36,599 - INFO - openpose - Left person: Arm RETRACTED (depth-plane)
2026-01-09 12:49:36,600 - INFO - openpose - ZMQ Message received (non-blocking): PL: Arm Retracted Check
2026-01-09 12:49:36,600 - INFO - openpose - ZMQ Sending: Left: Arm Retracted
2026-01-09 12:49:36,884 - INFO - openpose - Gaze3D frame=504 id=left label=Left person v=[-0.428, 0.065, 0.902] yaw=-25.4 pitch=-3.7 cx=288.5254364013672
2026-01-09 12:49:36,884 - INFO - openpose - Gaze3D frame=504 id=right label=Right person v=[-0.347, -0.312, 0.884] yaw=-21.4 pitch=18.2 cx=490.2301025390625
2026-01-09 12:49:36,884 - INFO - openpose - Gaze PUB: people=2, frame_idx=504
2026-01-09 12:49:37,608 - INFO - openpose - Gaze3D frame=512 id=left label=Left person v=[-0.211, -0.484, 0.849] yaw=-13.9 pitch=29.0 cx=338.97581481933594
2026-01-09 12:49:37,608 - INFO - openpose - Gaze3D frame=512 id=right label=Right person v=[-0.522, -0.376, 0.766] yaw=-34.3 pitch=22.1 cx=488.3336944580078
2026-01-09 12:49:37,608 - INFO - openpose - Gaze PUB: people=2, frame_idx=512
2026-01-09 12:49:38,427 - INFO - openpose - Gaze3D frame=520 id=left label=Left person v=[-0.380, 0.079, 0.921] yaw=-22.4 pitch=-4.6 cx=341.97882080078125
2026-01-09 12:49:38,427 - INFO - openpose - Gaze3D frame=520 id=right label=Right person v=[-0.315, -0.498, 0.808] yaw=-21.3 pitch=29.9 cx=489.4818115234375
2026-01-09 12:49:38,427 - INFO - openpose - Gaze PUB: people=2, frame_idx=520
2026-01-09 12:49:39,132 - INFO - openpose - Gaze3D frame=528 id=left label=Left person v=[-0.016, -0.453, 0.891] yaw=-1.0 pitch=26.9 cx=330.2078552246094
2026-01-09 12:49:39,132 - INFO - openpose - Gaze3D frame=528 id=right label=Right person v=[-0.499, -0.726, 0.474] yaw=-46.5 pitch=46.5 cx=482.0303497314453
2026-01-09 12:49:39,132 - INFO - openpose - Gaze PUB: people=2, frame_idx=528
2026-01-09 12:49:39,787 - INFO - openpose - Gaze3D frame=536 id=left label=Left person v=[-0.151, -0.241, 0.959] yaw=-9.0 pitch=14.0 cx=273.3931884765625
2026-01-09 12:49:39,788 - INFO - openpose - Gaze3D frame=536 id=right label=Right person v=[-0.488, -0.474, 0.733] yaw=-33.7 pitch=28.3 cx=466.2377624511719
2026-01-09 12:49:39,788 - INFO - openpose - Gaze PUB: people=2, frame_idx=536
2026-01-09 12:49:40,232 - INFO - openpose - Right person: Arm EXTENDED (depth-plane)
2026-01-09 12:49:40,232 - INFO - openpose - ZMQ Message received (non-blocking): PR: Arm Extended Check
2026-01-09 12:49:40,232 - INFO - openpose - ZMQ Sending: Right: Arm Extended
2026-01-09 12:49:40,474 - INFO - openpose - Gaze3D frame=544 id=left label=Left person v=[-0.318, 0.015, 0.948] yaw=-18.5 pitch=-0.8 cx=260.7032470703125
2026-01-09 12:49:40,474 - INFO - openpose - Gaze3D frame=544 id=right label=Right person v=[-0.470, -0.289, 0.834] yaw=-29.4 pitch=16.8 cx=469.0210266113281
2026-01-09 12:49:40,474 - INFO - openpose - Gaze PUB: people=2, frame_idx=544
2026-01-09 12:49:40,475 - INFO - openpose - Right person: Arm RETRACTED (depth-plane)
2026-01-09 12:49:40,475 - INFO - openpose - ZMQ Message received (non-blocking): PR: Arm Retracted Check
2026-01-09 12:49:40,475 - INFO - openpose - ZMQ Sending: Right: Arm Retracted
2026-01-09 12:49:41,149 - INFO - openpose - Gaze3D frame=552 id=left label=Left person v=[-0.221, 0.135, 0.966] yaw=-12.9 pitch=-7.8 cx=256.6036071777344
2026-01-09 12:49:41,150 - INFO - openpose - Gaze3D frame=552 id=right label=Right person v=[-0.349, -0.848, 0.400] yaw=-41.1 pitch=58.0 cx=514.9745178222656
2026-01-09 12:49:41,150 - INFO - openpose - Gaze PUB: people=2, frame_idx=552
2026-01-09 12:49:41,863 - INFO - openpose - Gaze3D frame=560 id=left label=Left person v=[-0.366, 0.191, 0.911] yaw=-21.9 pitch=-11.0 cx=258.31932067871094
2026-01-09 12:49:41,863 - INFO - openpose - Gaze3D frame=560 id=right label=Right person v=[-0.572, -0.479, 0.666] yaw=-40.7 pitch=28.6 cx=524.2015686035156
2026-01-09 12:49:41,870 - INFO - openpose - Gaze PUB: people=2, frame_idx=560
2026-01-09 12:49:42,588 - INFO - openpose - Gaze3D frame=568 id=left label=Left person v=[-0.488, 0.268, 0.830] yaw=-30.5 pitch=-15.5 cx=259.6435241699219
2026-01-09 12:49:42,588 - INFO - openpose - Gaze3D frame=568 id=right label=Right person v=[-0.523, -0.583, 0.622] yaw=-40.1 pitch=35.6 cx=525.408935546875
2026-01-09 12:49:42,588 - INFO - openpose - Gaze PUB: people=2, frame_idx=568
2026-01-09 12:49:43,289 - INFO - openpose - Gaze3D frame=576 id=left label=Left person v=[-0.296, 0.159, 0.942] yaw=-17.5 pitch=-9.1 cx=266.3053283691406
2026-01-09 12:49:43,289 - INFO - openpose - Gaze3D frame=576 id=right label=Right person v=[-0.435, -0.664, 0.608] yaw=-35.6 pitch=41.6 cx=529.778076171875
2026-01-09 12:49:43,289 - INFO - openpose - Gaze PUB: people=2, frame_idx=576
2026-01-09 12:49:43,583 - INFO - openpose - Left person: Arm EXTENDED (depth-plane)
2026-01-09 12:49:43,584 - INFO - openpose - ZMQ Message received (non-blocking): PL: Arm Extended Check
2026-01-09 12:49:43,584 - INFO - openpose - ZMQ Sending: Left: Arm Extended
2026-01-09 12:49:43,699 - INFO - openpose - Left person: Arm RETRACTED (depth-plane)
2026-01-09 12:49:43,699 - INFO - openpose - ZMQ Message received (non-blocking): PL: Arm Retracted Check
2026-01-09 12:49:43,699 - INFO - openpose - ZMQ Sending: Left: Arm Retracted
2026-01-09 12:49:44,075 - INFO - openpose - Gaze3D frame=584 id=left label=Left person v=[-0.374, 0.103, 0.922] yaw=-22.1 pitch=-5.9 cx=293.1531066894531
2026-01-09 12:49:44,075 - INFO - openpose - Gaze3D frame=584 id=right label=Right person v=[-0.360, -0.359, 0.861] yaw=-22.7 pitch=21.1 cx=493.718505859375
2026-01-09 12:49:44,076 - INFO - openpose - Gaze PUB: people=2, frame_idx=584
2026-01-09 12:49:44,733 - INFO - openpose - Gaze3D frame=592 id=left label=Left person v=[-0.379, -0.126, 0.917] yaw=-22.5 pitch=7.2 cx=331.4219512939453
2026-01-09 12:49:44,733 - INFO - openpose - Gaze3D frame=592 id=right label=Right person v=[-0.454, -0.327, 0.829] yaw=-28.7 pitch=19.1 cx=471.9358367919922
2026-01-09 12:49:44,733 - INFO - openpose - Gaze PUB: people=2, frame_idx=592
2026-01-09 12:49:45,411 - INFO - openpose - Gaze3D frame=600 id=left label=Left person v=[-0.348, 0.331, 0.877] yaw=-21.6 pitch=-19.3 cx=333.62567138671875
2026-01-09 12:49:45,411 - INFO - openpose - Gaze3D frame=600 id=right label=Right person v=[-0.474, -0.242, 0.847] yaw=-29.2 pitch=14.0 cx=475.5496063232422
2026-01-09 12:49:45,411 - INFO - openpose - Gaze PUB: people=2, frame_idx=600
2026-01-09 12:49:46,136 - INFO - openpose - Gaze3D frame=608 id=left label=Left person v=[-0.263, 0.255, 0.930] yaw=-15.8 pitch=-14.8 cx=333.2019348144531
2026-01-09 12:49:46,136 - INFO - openpose - Gaze3D frame=608 id=right label=Right person v=[-0.326, -0.418, 0.848] yaw=-21.0 pitch=24.7 cx=473.53863525390625
2026-01-09 12:49:46,136 - INFO - openpose - Gaze PUB: people=2, frame_idx=608
2026-01-09 12:49:46,829 - INFO - openpose - Gaze3D frame=616 id=left label=Left person v=[-0.304, -0.003, 0.953] yaw=-17.7 pitch=0.2 cx=293.2708282470703
2026-01-09 12:49:46,829 - INFO - openpose - Gaze3D frame=616 id=right label=Right person v=[-0.511, -0.248, 0.823] yaw=-31.8 pitch=14.4 cx=469.9564208984375
2026-01-09 12:49:46,829 - INFO - openpose - Gaze PUB: people=2, frame_idx=616
2026-01-09 12:49:47,564 - INFO - openpose - Gaze3D frame=624 id=left label=Left person v=[-0.143, -0.132, 0.981] yaw=-8.3 pitch=7.6 cx=256.1502990722656
2026-01-09 12:49:47,564 - INFO - openpose - Gaze3D frame=624 id=right label=Right person v=[-0.339, -0.520, 0.784] yaw=-23.4 pitch=31.3 cx=468.23130798339844
2026-01-09 12:49:47,564 - INFO - openpose - Gaze PUB: people=2, frame_idx=624
2026-01-09 12:49:47,697 - INFO - openpose - Right person: Arm EXTENDED (depth-plane)
2026-01-09 12:49:47,698 - INFO - openpose - ZMQ Message received (non-blocking): PR: Arm Extended Check
2026-01-09 12:49:47,698 - INFO - openpose - ZMQ Sending: Right: Arm Extended
2026-01-09 12:49:47,761 - INFO - openpose - Right person: Arm RETRACTED (depth-plane)
2026-01-09 12:49:47,761 - INFO - openpose - ZMQ Message received (non-blocking): PR: Arm Retracted Check
2026-01-09 12:49:47,761 - INFO - openpose - ZMQ Sending: Right: Arm Retracted
2026-01-09 12:49:47,819 - INFO - openpose - Robot's turn detected
2026-01-09 12:49:48,249 - INFO - openpose - Gaze3D frame=632 id=left label=Left person v=[-0.091, 0.158, 0.983] yaw=-5.3 pitch=-9.1 cx=256.8927993774414
2026-01-09 12:49:48,249 - INFO - openpose - Gaze3D frame=632 id=right label=Right person v=[-0.315, -0.844, 0.434] yaw=-35.9 pitch=57.6 cx=504.4866638183594
2026-01-09 12:49:48,250 - INFO - openpose - Gaze PUB: people=2, frame_idx=632
2026-01-09 12:49:48,939 - INFO - openpose - Gaze3D frame=640 id=left label=Left person v=[-0.341, 0.111, 0.933] yaw=-20.1 pitch=-6.4 cx=258.05247497558594
2026-01-09 12:49:48,939 - INFO - openpose - Gaze3D frame=640 id=right label=Right person v=[-0.485, -0.659, 0.574] yaw=-40.2 pitch=41.3 cx=509.5182342529297
2026-01-09 12:49:48,939 - INFO - openpose - Gaze PUB: people=2, frame_idx=640
2026-01-09 12:49:49,635 - INFO - openpose - Gaze3D frame=648 id=left label=Left person v=[-0.342, 0.227, 0.912] yaw=-20.6 pitch=-13.1 cx=258.5103302001953
2026-01-09 12:49:49,635 - INFO - openpose - Gaze3D frame=648 id=right label=Right person v=[-0.519, -0.316, 0.794] yaw=-33.2 pitch=18.4 cx=510.3251647949219
2026-01-09 12:49:49,635 - INFO - openpose - Gaze PUB: people=2, frame_idx=648
2026-01-09 12:49:50,303 - INFO - openpose - Gaze3D frame=656 id=left label=Left person v=[-0.366, 0.129, 0.922] yaw=-21.6 pitch=-7.4 cx=258.54820251464844
2026-01-09 12:49:50,303 - INFO - openpose - Gaze3D frame=656 id=right label=Right person v=[-0.564, -0.256, 0.785] yaw=-35.7 pitch=14.8 cx=513.0969390869141
2026-01-09 12:49:50,303 - INFO - openpose - Gaze PUB: people=2, frame_idx=656
2026-01-09 12:49:51,002 - INFO - openpose - Gaze3D frame=664 id=left label=Left person v=[-0.350, 0.303, 0.886] yaw=-21.5 pitch=-17.6 cx=258.31041717529297
2026-01-09 12:49:51,002 - INFO - openpose - Gaze3D frame=664 id=right label=Right person v=[-0.298, -0.552, 0.779] yaw=-21.0 pitch=33.5 cx=516.119873046875
2026-01-09 12:49:51,002 - INFO - openpose - Gaze PUB: people=2, frame_idx=664
2026-01-09 12:49:51,690 - INFO - openpose - Gaze3D frame=672 id=left label=Left person v=[-0.375, 0.238, 0.896] yaw=-22.7 pitch=-13.8 cx=258.4011688232422
2026-01-09 12:49:51,690 - INFO - openpose - Gaze3D frame=672 id=right label=Right person v=[-0.401, -0.125, 0.907] yaw=-23.9 pitch=7.2 cx=478.5547637939453
2026-01-09 12:49:51,690 - INFO - openpose - Gaze PUB: people=2, frame_idx=672
2026-01-09 12:49:52,371 - INFO - openpose - Gaze3D frame=680 id=left label=Left person v=[-0.360, 0.332, 0.872] yaw=-22.4 pitch=-19.4 cx=259.7612762451172
2026-01-09 12:49:52,371 - INFO - openpose - Gaze3D frame=680 id=right label=Right person v=[-0.456, -0.172, 0.873] yaw=-27.6 pitch=9.9 cx=470.8303527832031
2026-01-09 12:49:52,371 - INFO - openpose - Gaze PUB: people=2, frame_idx=680
2026-01-09 12:49:53,065 - INFO - openpose - Gaze3D frame=688 id=left label=Left person v=[-0.334, 0.101, 0.937] yaw=-19.6 pitch=-5.8 cx=260.78089141845703
2026-01-09 12:49:53,065 - INFO - openpose - Gaze3D frame=688 id=right label=Right person v=[-0.461, -0.321, 0.828] yaw=-29.1 pitch=18.7 cx=474.68324279785156
2026-01-09 12:49:53,065 - INFO - openpose - Gaze PUB: people=2, frame_idx=688
2026-01-09 12:49:53,761 - INFO - openpose - Gaze3D frame=696 id=left label=Left person v=[-0.417, -0.031, 0.908] yaw=-24.6 pitch=1.8 cx=262.7075881958008
2026-01-09 12:49:53,761 - INFO - openpose - Gaze3D frame=696 id=right label=Right person v=[-0.491, -0.076, 0.868] yaw=-29.5 pitch=4.3 cx=473.46156311035156
2026-01-09 12:49:53,761 - INFO - openpose - Gaze PUB: people=2, frame_idx=696
2026-01-09 12:49:54,464 - INFO - openpose - Gaze3D frame=704 id=None label=None v=[-0.571, 0.015, 0.821] yaw=-34.8 pitch=-0.9 cx=261.95855712890625
2026-01-09 12:49:54,465 - INFO - openpose - Gaze3D frame=704 id=None label=None v=[-0.025, -0.451, 0.892] yaw=-1.6 pitch=26.8 cx=426.1938934326172
2026-01-09 12:49:54,465 - INFO - openpose - Gaze PUB: people=2, frame_idx=704
2026-01-09 12:49:54,719 - INFO - openpose - Gaze3D frame=704 id=None label=None v=[-0.527, 0.131, 0.839] yaw=-32.1 pitch=-7.5 cx=261.7815704345703
2026-01-09 12:49:54,719 - INFO - openpose - Gaze3D frame=704 id=None label=None v=[-0.010, -0.866, 0.499] yaw=-1.2 pitch=60.0 cx=419.4977722167969
2026-01-09 12:49:54,719 - INFO - openpose - Gaze PUB: people=2, frame_idx=704
2026-01-09 12:49:54,966 - INFO - openpose - Gaze3D frame=704 id=left label=Left person v=[-0.578, 0.051, 0.814] yaw=-35.4 pitch=-2.9 cx=261.62689208984375
2026-01-09 12:49:54,966 - INFO - openpose - Gaze3D frame=704 id=right label=Right person v=[-0.016, -0.805, 0.593] yaw=-1.6 pitch=53.6 cx=418.48854064941406
2026-01-09 12:49:54,966 - INFO - openpose - Gaze PUB: people=2, frame_idx=704
2026-01-09 12:49:55,800 - INFO - openpose - Gaze3D frame=712 id=left label=Left person v=[-0.544, -0.257, 0.799] yaw=-34.3 pitch=14.9 cx=260.7333221435547
2026-01-09 12:49:55,800 - INFO - openpose - Gaze3D frame=712 id=right label=Right person v=[-0.093, -0.683, 0.724] yaw=-7.4 pitch=43.1 cx=416.6979064941406
2026-01-09 12:49:55,800 - INFO - openpose - Gaze PUB: people=2, frame_idx=712
2026-01-09 12:49:56,490 - INFO - openpose - Gaze3D frame=720 id=left label=Left person v=[-0.548, -0.221, 0.807] yaw=-34.1 pitch=12.7 cx=261.92503356933594
2026-01-09 12:49:56,490 - INFO - openpose - Gaze3D frame=720 id=right label=Right person v=[-0.262, -0.604, 0.753] yaw=-19.2 pitch=37.1 cx=416.7345733642578
2026-01-09 12:49:56,490 - INFO - openpose - Gaze PUB: people=2, frame_idx=720
2026-01-09 12:49:57,188 - INFO - openpose - Gaze3D frame=728 id=left label=Left person v=[-0.263, 0.064, 0.963] yaw=-15.3 pitch=-3.7 cx=261.8275451660156
2026-01-09 12:49:57,188 - INFO - openpose - Gaze3D frame=728 id=right label=Right person v=[-0.395, 0.069, 0.916] yaw=-23.3 pitch=-4.0 cx=457.35272216796875
2026-01-09 12:49:57,188 - INFO - openpose - Gaze PUB: people=2, frame_idx=728
2026-01-09 12:49:57,880 - INFO - openpose - Gaze3D frame=736 id=left label=Left person v=[-0.199, 0.076, 0.977] yaw=-11.5 pitch=-4.3 cx=259.26802825927734
2026-01-09 12:49:57,880 - INFO - openpose - Gaze3D frame=736 id=right label=Right person v=[-0.316, -0.328, 0.890] yaw=-19.5 pitch=19.1 cx=471.76820373535156
2026-01-09 12:49:57,880 - INFO - openpose - Gaze PUB: people=2, frame_idx=736
2026-01-09 12:49:58,588 - INFO - openpose - Gaze3D frame=744 id=left label=Left person v=[0.045, 0.269, 0.962] yaw=2.7 pitch=-15.6 cx=258.3754196166992
2026-01-09 12:49:58,596 - INFO - openpose - Gaze3D frame=744 id=right label=Right person v=[-0.367, -0.238, 0.899] yaw=-22.2 pitch=13.8 cx=471.2029571533203
2026-01-09 12:49:58,596 - INFO - openpose - Gaze PUB: people=2, frame_idx=744
2026-01-09 12:49:59,276 - INFO - openpose - Gaze3D frame=752 id=left label=Left person v=[-0.024, 0.372, 0.928] yaw=-1.5 pitch=-21.8 cx=262.9379577636719
2026-01-09 12:49:59,276 - INFO - openpose - Gaze3D frame=752 id=right label=Right person v=[-0.536, -0.172, 0.826] yaw=-33.0 pitch=9.9 cx=467.19078063964844
2026-01-09 12:49:59,276 - INFO - openpose - Gaze PUB: people=2, frame_idx=752
2026-01-09 12:49:59,969 - INFO - openpose - Gaze3D frame=760 id=left label=Left person v=[-0.068, 0.266, 0.962] yaw=-4.0 pitch=-15.4 cx=317.65782165527344
2026-01-09 12:49:59,969 - INFO - openpose - Gaze3D frame=760 id=right label=Right person v=[-0.496, -0.273, 0.824] yaw=-31.1 pitch=15.9 cx=472.37567138671875
2026-01-09 12:49:59,969 - INFO - openpose - Gaze PUB: people=2, frame_idx=760
2026-01-09 12:50:00,666 - INFO - openpose - Gaze3D frame=768 id=left label=Left person v=[-0.148, 0.246, 0.958] yaw=-8.8 pitch=-14.3 cx=294.5635986328125
2026-01-09 12:50:00,666 - INFO - openpose - Gaze3D frame=768 id=right label=Right person v=[-0.515, -0.398, 0.759] yaw=-34.1 pitch=23.5 cx=473.58006286621094
2026-01-09 12:50:00,666 - INFO - openpose - Gaze PUB: people=2, frame_idx=768
2026-01-09 12:50:01,372 - INFO - openpose - Gaze3D frame=776 id=left label=Left person v=[-0.172, 0.392, 0.904] yaw=-10.8 pitch=-23.1 cx=247.80745697021484
2026-01-09 12:50:01,372 - INFO - openpose - Gaze3D frame=776 id=right label=Right person v=[-0.460, -0.343, 0.819] yaw=-29.3 pitch=20.1 cx=472.32139587402344
2026-01-09 12:50:01,372 - INFO - openpose - Gaze PUB: people=2, frame_idx=776
2026-01-09 12:50:02,074 - INFO - openpose - Gaze3D frame=784 id=left label=Left person v=[-0.161, 0.442, 0.882] yaw=-10.3 pitch=-26.3 cx=243.55238342285156
2026-01-09 12:50:02,074 - INFO - openpose - Gaze3D frame=784 id=right label=Right person v=[-0.222, -0.194, 0.955] yaw=-13.1 pitch=11.2 cx=467.9443664550781
2026-01-09 12:50:02,074 - INFO - openpose - Gaze PUB: people=2, frame_idx=784
2026-01-09 12:50:02,074 - INFO - openpose - ZMQ Message received (non-blocking): Configuration finished
2026-01-09 12:50:02,074 - INFO - openpose - Configuration finished. Waiting for next configuration
2026-01-09 12:50:02,074 - INFO - openpose - OpenPose initialized - waiting for turn_order
