2025-12-19 15:48:18,900 - INFO - openpose - OpenPose server started and bound to tcp://*:5555
2025-12-19 15:48:18,900 - INFO - openpose - OpenPose server started and bound to tcp://*:5556
2025-12-19 15:48:18,915 - INFO - openpose - Starting OpenPose
2025-12-19 15:48:19,696 - INFO - openpose - OpenPose initialized - waiting for turn_order
2025-12-19 15:48:32,194 - INFO - openpose - Message received: ybypbpbpy

2025-12-19 15:48:32,960 - INFO - openpose - Gaze3D frame=0 id=left label=Left person v=[-0.296, 0.098, 0.950] yaw=-17.3 pitch=-5.6 cx=253.12179565429688
2025-12-19 15:48:32,960 - INFO - openpose - Gaze3D frame=0 id=right label=Right person v=[-0.362, -0.162, 0.918] yaw=-21.5 pitch=9.3 cx=430.54603576660156
2025-12-19 15:48:32,960 - INFO - openpose - Gaze PUB: people=2, frame_idx=0
2025-12-19 15:48:32,960 - INFO - openpose - Robot's turn detected
2025-12-19 15:48:33,657 - INFO - openpose - Gaze3D frame=8 id=left label=Left person v=[-0.253, 0.113, 0.961] yaw=-14.8 pitch=-6.5 cx=253.89142608642578
2025-12-19 15:48:33,657 - INFO - openpose - Gaze3D frame=8 id=right label=Right person v=[-0.278, -0.095, 0.956] yaw=-16.2 pitch=5.5 cx=430.5271759033203
2025-12-19 15:48:33,657 - INFO - openpose - Gaze PUB: people=2, frame_idx=8
2025-12-19 15:48:34,364 - INFO - openpose - Gaze3D frame=16 id=left label=Left person v=[-0.293, 0.300, 0.908] yaw=-17.9 pitch=-17.4 cx=254.24803924560547
2025-12-19 15:48:34,364 - INFO - openpose - Gaze3D frame=16 id=right label=Right person v=[-0.400, -0.132, 0.907] yaw=-23.8 pitch=7.6 cx=432.3678283691406
2025-12-19 15:48:34,364 - INFO - openpose - Gaze PUB: people=2, frame_idx=16
2025-12-19 15:48:35,084 - INFO - openpose - Gaze3D frame=24 id=left label=Left person v=[-0.240, 0.196, 0.951] yaw=-14.2 pitch=-11.3 cx=254.84163665771484
2025-12-19 15:48:35,084 - INFO - openpose - Gaze3D frame=24 id=right label=Right person v=[-0.286, -0.049, 0.957] yaw=-16.6 pitch=2.8 cx=431.83995056152344
2025-12-19 15:48:35,084 - INFO - openpose - Gaze PUB: people=2, frame_idx=24
2025-12-19 15:48:35,729 - INFO - openpose - Gaze3D frame=32 id=left label=Left person v=[-0.317, 0.162, 0.934] yaw=-18.7 pitch=-9.3 cx=255.78998565673828
2025-12-19 15:48:35,729 - INFO - openpose - Gaze3D frame=32 id=right label=Right person v=[-0.357, -0.077, 0.931] yaw=-21.0 pitch=4.4 cx=432.006591796875
2025-12-19 15:48:35,729 - INFO - openpose - Gaze PUB: people=2, frame_idx=32
2025-12-19 15:48:36,393 - INFO - openpose - Gaze3D frame=40 id=left label=Left person v=[-0.278, 0.139, 0.951] yaw=-16.3 pitch=-8.0 cx=254.05150604248047
2025-12-19 15:48:36,393 - INFO - openpose - Gaze3D frame=40 id=right label=Right person v=[-0.398, 0.034, 0.917] yaw=-23.5 pitch=-2.0 cx=432.3089141845703
2025-12-19 15:48:36,393 - INFO - openpose - Gaze PUB: people=2, frame_idx=40
2025-12-19 15:48:37,109 - INFO - openpose - Gaze3D frame=48 id=left label=Left person v=[-0.296, 0.073, 0.952] yaw=-17.3 pitch=-4.2 cx=253.32643127441406
2025-12-19 15:48:37,109 - INFO - openpose - Gaze3D frame=48 id=right label=Right person v=[-0.431, -0.019, 0.902] yaw=-25.5 pitch=1.1 cx=431.8854064941406
2025-12-19 15:48:37,110 - INFO - openpose - Gaze PUB: people=2, frame_idx=48
2025-12-19 15:48:37,797 - INFO - openpose - Gaze3D frame=56 id=left label=Left person v=[-0.289, 0.115, 0.950] yaw=-16.9 pitch=-6.6 cx=253.9680938720703
2025-12-19 15:48:37,797 - INFO - openpose - Gaze3D frame=56 id=right label=Right person v=[-0.408, -0.073, 0.910] yaw=-24.2 pitch=4.2 cx=431.67047119140625
2025-12-19 15:48:37,797 - INFO - openpose - Gaze PUB: people=2, frame_idx=56
2025-12-19 15:48:38,498 - INFO - openpose - Gaze3D frame=64 id=left label=Left person v=[-0.264, 0.036, 0.964] yaw=-15.3 pitch=-2.0 cx=249.77792358398438
2025-12-19 15:48:38,498 - INFO - openpose - Gaze3D frame=64 id=right label=Right person v=[-0.364, -0.138, 0.921] yaw=-21.5 pitch=7.9 cx=431.5659942626953
2025-12-19 15:48:38,498 - INFO - openpose - Gaze PUB: people=2, frame_idx=64
2025-12-19 15:48:39,191 - INFO - openpose - Gaze3D frame=72 id=left label=Left person v=[-0.278, 0.064, 0.958] yaw=-16.2 pitch=-3.7 cx=252.5304718017578
2025-12-19 15:48:39,192 - INFO - openpose - Gaze3D frame=72 id=right label=Right person v=[-0.375, -0.046, 0.926] yaw=-22.0 pitch=2.6 cx=431.3119354248047
2025-12-19 15:48:39,192 - INFO - openpose - Gaze PUB: people=2, frame_idx=72
2025-12-19 15:48:39,899 - INFO - openpose - Gaze3D frame=80 id=left label=Left person v=[-0.343, 0.085, 0.935] yaw=-20.2 pitch=-4.9 cx=251.7733154296875
2025-12-19 15:48:39,899 - INFO - openpose - Gaze3D frame=80 id=right label=Right person v=[-0.381, -0.104, 0.919] yaw=-22.5 pitch=6.0 cx=431.5696258544922
2025-12-19 15:48:39,899 - INFO - openpose - Gaze PUB: people=2, frame_idx=80
2025-12-19 15:48:40,606 - INFO - openpose - Gaze3D frame=88 id=left label=Left person v=[-0.300, 0.128, 0.945] yaw=-17.6 pitch=-7.3 cx=253.9616241455078
2025-12-19 15:48:40,607 - INFO - openpose - Gaze3D frame=88 id=right label=Right person v=[-0.400, -0.050, 0.915] yaw=-23.6 pitch=2.9 cx=431.38665771484375
2025-12-19 15:48:40,607 - INFO - openpose - Gaze PUB: people=2, frame_idx=88
2025-12-19 15:48:41,223 - INFO - openpose - Gaze3D frame=96 id=left label=Left person v=[-0.243, 0.144, 0.959] yaw=-14.2 pitch=-8.3 cx=251.66490173339844
2025-12-19 15:48:41,223 - INFO - openpose - Gaze3D frame=96 id=right label=Right person v=[-0.322, -0.007, 0.947] yaw=-18.8 pitch=0.4 cx=431.8218688964844
2025-12-19 15:48:41,223 - INFO - openpose - Gaze PUB: people=2, frame_idx=96
2025-12-19 15:48:41,906 - INFO - openpose - Gaze3D frame=104 id=left label=Left person v=[-0.320, 0.050, 0.946] yaw=-18.7 pitch=-2.9 cx=248.08611297607422
2025-12-19 15:48:41,906 - INFO - openpose - Gaze3D frame=104 id=right label=Right person v=[-0.293, -0.082, 0.953] yaw=-17.1 pitch=4.7 cx=432.1175994873047
2025-12-19 15:48:41,906 - INFO - openpose - Gaze PUB: people=2, frame_idx=104
2025-12-19 15:48:42,569 - INFO - openpose - Gaze3D frame=112 id=left label=Left person v=[-0.275, 0.162, 0.948] yaw=-16.2 pitch=-9.3 cx=251.13318634033203
2025-12-19 15:48:42,569 - INFO - openpose - Gaze3D frame=112 id=right label=Right person v=[-0.321, -0.058, 0.945] yaw=-18.8 pitch=3.3 cx=432.6077423095703
2025-12-19 15:48:42,570 - INFO - openpose - Gaze PUB: people=2, frame_idx=112
2025-12-19 15:48:43,246 - INFO - openpose - Gaze3D frame=120 id=left label=Left person v=[-0.327, 0.090, 0.941] yaw=-19.1 pitch=-5.1 cx=248.1261215209961
2025-12-19 15:48:43,247 - INFO - openpose - Gaze3D frame=120 id=right label=Right person v=[-0.359, -0.121, 0.925] yaw=-21.2 pitch=6.9 cx=432.81109619140625
2025-12-19 15:48:43,247 - INFO - openpose - Gaze PUB: people=2, frame_idx=120
2025-12-19 15:48:43,929 - INFO - openpose - Gaze3D frame=128 id=left label=Left person v=[-0.323, 0.066, 0.944] yaw=-18.9 pitch=-3.8 cx=248.9580307006836
2025-12-19 15:48:43,929 - INFO - openpose - Gaze3D frame=128 id=right label=Right person v=[-0.451, -0.090, 0.888] yaw=-26.9 pitch=5.2 cx=432.9084777832031
2025-12-19 15:48:43,929 - INFO - openpose - Gaze PUB: people=2, frame_idx=128
2025-12-19 15:48:44,596 - INFO - openpose - Gaze3D frame=136 id=left label=Left person v=[-0.321, -0.034, 0.946] yaw=-18.7 pitch=1.9 cx=248.77879333496094
2025-12-19 15:48:44,596 - INFO - openpose - Gaze3D frame=136 id=right label=Right person v=[-0.450, -0.162, 0.878] yaw=-27.1 pitch=9.3 cx=433.3990478515625
2025-12-19 15:48:44,596 - INFO - openpose - Gaze PUB: people=2, frame_idx=136
2025-12-19 15:48:45,288 - INFO - openpose - Gaze3D frame=144 id=left label=Left person v=[-0.331, -0.039, 0.943] yaw=-19.4 pitch=2.2 cx=247.92440795898438
2025-12-19 15:48:45,288 - INFO - openpose - Gaze3D frame=144 id=right label=Right person v=[-0.424, -0.130, 0.896] yaw=-25.3 pitch=7.5 cx=433.57212829589844
2025-12-19 15:48:45,288 - INFO - openpose - Gaze PUB: people=2, frame_idx=144
2025-12-19 15:48:45,977 - INFO - openpose - Gaze3D frame=152 id=left label=Left person v=[-0.340, -0.036, 0.940] yaw=-19.9 pitch=2.1 cx=248.20482635498047
2025-12-19 15:48:45,977 - INFO - openpose - Gaze3D frame=152 id=right label=Right person v=[-0.427, -0.100, 0.899] yaw=-25.4 pitch=5.7 cx=433.489990234375
2025-12-19 15:48:45,977 - INFO - openpose - Gaze PUB: people=2, frame_idx=152
2025-12-19 15:48:46,647 - INFO - openpose - Gaze3D frame=160 id=left label=Left person v=[-0.388, -0.095, 0.917] yaw=-23.0 pitch=5.5 cx=246.49267578125
2025-12-19 15:48:46,648 - INFO - openpose - Gaze3D frame=160 id=right label=Right person v=[-0.420, -0.164, 0.893] yaw=-25.2 pitch=9.5 cx=433.511474609375
2025-12-19 15:48:46,648 - INFO - openpose - Gaze PUB: people=2, frame_idx=160
2025-12-19 15:48:47,351 - INFO - openpose - Gaze3D frame=168 id=left label=Left person v=[-0.400, -0.048, 0.915] yaw=-23.6 pitch=2.8 cx=245.81723022460938
2025-12-19 15:48:47,351 - INFO - openpose - Gaze3D frame=168 id=right label=Right person v=[-0.553, -0.215, 0.805] yaw=-34.5 pitch=12.4 cx=432.2423553466797
2025-12-19 15:48:47,351 - INFO - openpose - Gaze PUB: people=2, frame_idx=168
2025-12-19 15:48:48,020 - INFO - openpose - Gaze3D frame=176 id=left label=Left person v=[-0.356, -0.053, 0.933] yaw=-20.9 pitch=3.1 cx=248.02918243408203
2025-12-19 15:48:48,020 - INFO - openpose - Gaze3D frame=176 id=right label=Right person v=[-0.467, -0.180, 0.866] yaw=-28.3 pitch=10.4 cx=432.2734680175781
2025-12-19 15:48:48,020 - INFO - openpose - Gaze PUB: people=2, frame_idx=176
2025-12-19 15:48:48,694 - INFO - openpose - Gaze3D frame=184 id=left label=Left person v=[-0.419, -0.141, 0.897] yaw=-25.1 pitch=8.1 cx=247.9087142944336
2025-12-19 15:48:48,694 - INFO - openpose - Gaze3D frame=184 id=right label=Right person v=[-0.527, -0.290, 0.799] yaw=-33.4 pitch=16.9 cx=432.1183319091797
2025-12-19 15:48:48,694 - INFO - openpose - Gaze PUB: people=2, frame_idx=184
2025-12-19 15:48:49,398 - INFO - openpose - Gaze3D frame=192 id=left label=Left person v=[-0.355, 0.098, 0.930] yaw=-20.9 pitch=-5.6 cx=248.28782653808594
2025-12-19 15:48:49,398 - INFO - openpose - Gaze3D frame=192 id=right label=Right person v=[-0.508, -0.178, 0.843] yaw=-31.0 pitch=10.3 cx=432.2845153808594
2025-12-19 15:48:49,398 - INFO - openpose - Gaze PUB: people=2, frame_idx=192
2025-12-19 15:48:50,065 - INFO - openpose - Gaze3D frame=200 id=left label=Left person v=[-0.357, 0.147, 0.923] yaw=-21.1 pitch=-8.5 cx=249.64669799804688
2025-12-19 15:48:50,065 - INFO - openpose - Gaze3D frame=200 id=right label=Right person v=[-0.595, -0.303, 0.744] yaw=-38.7 pitch=17.6 cx=432.2290344238281
2025-12-19 15:48:50,065 - INFO - openpose - Gaze PUB: people=2, frame_idx=200
2025-12-19 15:48:50,743 - INFO - openpose - Gaze3D frame=208 id=left label=Left person v=[-0.287, -0.109, 0.952] yaw=-16.8 pitch=6.2 cx=247.9788589477539
2025-12-19 15:48:50,743 - INFO - openpose - Gaze3D frame=208 id=right label=Right person v=[-0.541, -0.319, 0.778] yaw=-34.8 pitch=18.6 cx=432.01226806640625
2025-12-19 15:48:50,743 - INFO - openpose - Gaze PUB: people=2, frame_idx=208
2025-12-19 15:48:51,364 - INFO - openpose - Gaze3D frame=216 id=left label=Left person v=[-0.346, -0.022, 0.938] yaw=-20.3 pitch=1.3 cx=248.0218734741211
2025-12-19 15:48:51,364 - INFO - openpose - Gaze3D frame=216 id=right label=Right person v=[-0.537, -0.309, 0.785] yaw=-34.3 pitch=18.0 cx=432.0958557128906
2025-12-19 15:48:51,364 - INFO - openpose - Gaze PUB: people=2, frame_idx=216
2025-12-19 15:48:52,064 - INFO - openpose - Gaze3D frame=224 id=left label=Left person v=[-0.336, -0.100, 0.937] yaw=-19.7 pitch=5.7 cx=248.23665618896484
2025-12-19 15:48:52,064 - INFO - openpose - Gaze3D frame=224 id=right label=Right person v=[-0.536, -0.322, 0.780] yaw=-34.5 pitch=18.8 cx=431.8965148925781
2025-12-19 15:48:52,064 - INFO - openpose - Gaze PUB: people=2, frame_idx=224
2025-12-19 15:48:52,751 - INFO - openpose - Gaze3D frame=232 id=left label=Left person v=[-0.364, 0.440, 0.821] yaw=-23.9 pitch=-26.1 cx=250.0878677368164
2025-12-19 15:48:52,751 - INFO - openpose - Gaze3D frame=232 id=right label=Right person v=[-0.558, -0.230, 0.797] yaw=-35.0 pitch=13.3 cx=431.8260192871094
2025-12-19 15:48:52,751 - INFO - openpose - Gaze PUB: people=2, frame_idx=232
2025-12-19 15:48:53,386 - INFO - openpose - Gaze3D frame=240 id=left label=Left person v=[-0.495, 0.028, 0.869] yaw=-29.7 pitch=-1.6 cx=254.94639587402344
2025-12-19 15:48:53,387 - INFO - openpose - Gaze3D frame=240 id=right label=Right person v=[-0.514, -0.233, 0.826] yaw=-31.9 pitch=13.5 cx=431.8722381591797
2025-12-19 15:48:53,387 - INFO - openpose - Gaze PUB: people=2, frame_idx=240
2025-12-19 15:48:54,049 - INFO - openpose - Gaze3D frame=248 id=left label=Left person v=[-0.329, 0.107, 0.938] yaw=-19.3 pitch=-6.1 cx=254.5757598876953
2025-12-19 15:48:54,050 - INFO - openpose - Gaze3D frame=248 id=right label=Right person v=[-0.375, -0.326, 0.868] yaw=-23.4 pitch=19.0 cx=432.3432312011719
2025-12-19 15:48:54,050 - INFO - openpose - Gaze PUB: people=2, frame_idx=248
2025-12-19 15:48:54,749 - INFO - openpose - Gaze3D frame=256 id=left label=Left person v=[-0.270, 0.109, 0.957] yaw=-15.7 pitch=-6.3 cx=250.36035919189453
2025-12-19 15:48:54,749 - INFO - openpose - Gaze3D frame=256 id=right label=Right person v=[-0.161, -0.328, 0.931] yaw=-9.8 pitch=19.1 cx=431.5037384033203
2025-12-19 15:48:54,750 - INFO - openpose - Gaze PUB: people=2, frame_idx=256
2025-12-19 15:48:55,428 - INFO - openpose - Gaze3D frame=264 id=left label=Left person v=[-0.372, 0.129, 0.919] yaw=-22.1 pitch=-7.4 cx=241.9048309326172
2025-12-19 15:48:55,428 - INFO - openpose - Gaze3D frame=264 id=right label=Right person v=[-0.560, -0.338, 0.756] yaw=-36.5 pitch=19.8 cx=431.20680236816406
2025-12-19 15:48:55,435 - INFO - openpose - Gaze PUB: people=2, frame_idx=264
2025-12-19 15:48:56,129 - INFO - openpose - Gaze3D frame=272 id=left label=Left person v=[-0.369, 0.076, 0.926] yaw=-21.7 pitch=-4.4 cx=248.7880096435547
2025-12-19 15:48:56,130 - INFO - openpose - Gaze3D frame=272 id=right label=Right person v=[-0.670, -0.146, 0.728] yaw=-42.6 pitch=8.4 cx=431.0463562011719
2025-12-19 15:48:56,130 - INFO - openpose - Gaze PUB: people=2, frame_idx=272
2025-12-19 15:48:56,819 - INFO - openpose - Gaze3D frame=280 id=left label=Left person v=[-0.209, -0.278, 0.938] yaw=-12.5 pitch=16.2 cx=293.1850128173828
2025-12-19 15:48:56,820 - INFO - openpose - Gaze3D frame=280 id=right label=Right person v=[-0.576, -0.339, 0.744] yaw=-37.8 pitch=19.8 cx=431.1361083984375
2025-12-19 15:48:56,820 - INFO - openpose - Gaze PUB: people=2, frame_idx=280
2025-12-19 15:48:56,929 - INFO - openpose - Left person: Arm EXTENDED (depth-plane)
2025-12-19 15:48:56,929 - INFO - openpose - ZMQ Message received (non-blocking): PL: Arm Extended Check
2025-12-19 15:48:56,929 - INFO - openpose - ZMQ Sending: Left: Arm Extended
2025-12-19 15:48:56,995 - INFO - openpose - Left person: Arm RETRACTED (depth-plane)
2025-12-19 15:48:56,995 - INFO - openpose - ZMQ Message received (non-blocking): PL: Arm Retracted Check
2025-12-19 15:48:56,995 - INFO - openpose - ZMQ Sending: Left: Arm Retracted
2025-12-19 15:48:57,056 - INFO - openpose - Robot's turn detected
2025-12-19 15:48:57,497 - INFO - openpose - Gaze3D frame=288 id=left label=Left person v=[-0.340, 0.533, 0.775] yaw=-23.7 pitch=-32.2 cx=337.00450134277344
2025-12-19 15:48:57,497 - INFO - openpose - Gaze3D frame=288 id=right label=Right person v=[-0.538, -0.362, 0.762] yaw=-35.2 pitch=21.2 cx=431.5436096191406
2025-12-19 15:48:57,497 - INFO - openpose - Gaze PUB: people=2, frame_idx=288
2025-12-19 15:48:58,165 - INFO - openpose - Gaze3D frame=296 id=left label=Left person v=[-0.309, 0.723, 0.617] yaw=-26.6 pitch=-46.3 cx=333.78076171875
2025-12-19 15:48:58,165 - INFO - openpose - Gaze3D frame=296 id=right label=Right person v=[-0.451, -0.350, 0.821] yaw=-28.7 pitch=20.5 cx=431.30064392089844
2025-12-19 15:48:58,165 - INFO - openpose - Gaze PUB: people=2, frame_idx=296
2025-12-19 15:48:58,845 - INFO - openpose - Gaze3D frame=304 id=left label=Left person v=[-0.147, -0.151, 0.978] yaw=-8.5 pitch=8.7 cx=299.8127746582031
2025-12-19 15:48:58,845 - INFO - openpose - Gaze3D frame=304 id=right label=Right person v=[-0.411, -0.260, 0.874] yaw=-25.2 pitch=15.1 cx=431.5519714355469
2025-12-19 15:48:58,845 - INFO - openpose - Gaze PUB: people=2, frame_idx=304
2025-12-19 15:48:59,539 - INFO - openpose - Gaze3D frame=312 id=left label=Left person v=[-0.234, 0.144, 0.961] yaw=-13.7 pitch=-8.3 cx=251.74671936035156
2025-12-19 15:48:59,539 - INFO - openpose - Gaze3D frame=312 id=right label=Right person v=[-0.386, -0.094, 0.918] yaw=-22.8 pitch=5.4 cx=431.37742614746094
2025-12-19 15:48:59,539 - INFO - openpose - Gaze PUB: people=2, frame_idx=312
2025-12-19 15:49:00,270 - INFO - openpose - Gaze3D frame=320 id=left label=Left person v=[0.311, -0.119, 0.943] yaw=18.3 pitch=6.9 cx=249.94915771484375
2025-12-19 15:49:00,270 - INFO - openpose - Gaze3D frame=320 id=right label=Right person v=[-0.515, -0.125, 0.848] yaw=-31.3 pitch=7.2 cx=431.6090087890625
2025-12-19 15:49:00,270 - INFO - openpose - Gaze PUB: people=2, frame_idx=320
2025-12-19 15:49:00,964 - INFO - openpose - Gaze3D frame=328 id=left label=Left person v=[0.338, -0.216, 0.916] yaw=20.2 pitch=12.5 cx=249.11549377441406
2025-12-19 15:49:00,964 - INFO - openpose - Gaze3D frame=328 id=right label=Right person v=[-0.519, -0.132, 0.845] yaw=-31.5 pitch=7.6 cx=431.26959228515625
2025-12-19 15:49:00,964 - INFO - openpose - Gaze PUB: people=2, frame_idx=328
2025-12-19 15:49:01,603 - INFO - openpose - Gaze3D frame=336 id=left label=Left person v=[0.347, -0.216, 0.913] yaw=20.8 pitch=12.5 cx=250.07857513427734
2025-12-19 15:49:01,603 - INFO - openpose - Gaze3D frame=336 id=right label=Right person v=[0.208, 0.201, 0.957] yaw=12.2 pitch=-11.6 cx=435.6623992919922
2025-12-19 15:49:01,603 - INFO - openpose - Gaze PUB: people=2, frame_idx=336
2025-12-19 15:49:02,272 - INFO - openpose - Gaze3D frame=344 id=left label=Left person v=[0.336, -0.107, 0.936] yaw=19.7 pitch=6.1 cx=249.04222106933594
2025-12-19 15:49:02,272 - INFO - openpose - Gaze3D frame=344 id=right label=Right person v=[-0.265, -0.240, 0.934] yaw=-15.8 pitch=13.9 cx=434.86773681640625
2025-12-19 15:49:02,272 - INFO - openpose - Gaze PUB: people=2, frame_idx=344
2025-12-19 15:49:02,956 - INFO - openpose - Gaze3D frame=352 id=left label=Left person v=[-0.247, 0.031, 0.968] yaw=-14.3 pitch=-1.8 cx=255.2118911743164
2025-12-19 15:49:02,956 - INFO - openpose - Gaze3D frame=352 id=right label=Right person v=[-0.496, -0.216, 0.841] yaw=-30.5 pitch=12.5 cx=446.4698028564453
2025-12-19 15:49:02,956 - INFO - openpose - Gaze PUB: people=2, frame_idx=352
2025-12-19 15:49:03,609 - INFO - openpose - Gaze3D frame=360 id=left label=Left person v=[-0.319, 0.005, 0.948] yaw=-18.6 pitch=-0.3 cx=249.04920959472656
2025-12-19 15:49:03,609 - INFO - openpose - Gaze3D frame=360 id=right label=Right person v=[-0.475, -0.422, 0.773] yaw=-31.6 pitch=24.9 cx=529.0824737548828
2025-12-19 15:49:03,609 - INFO - openpose - Gaze PUB: people=2, frame_idx=360
2025-12-19 15:49:04,292 - INFO - openpose - Gaze3D frame=368 id=left label=Left person v=[-0.318, -0.056, 0.947] yaw=-18.6 pitch=3.2 cx=214.22782135009766
2025-12-19 15:49:04,292 - INFO - openpose - Gaze3D frame=368 id=right label=Right person v=[-0.289, -0.822, 0.491] yaw=-30.5 pitch=55.2 cx=556.6033935546875
2025-12-19 15:49:04,293 - INFO - openpose - Gaze PUB: people=2, frame_idx=368
2025-12-19 15:49:05,098 - INFO - openpose - Gaze3D frame=376 id=left label=Left person v=[-0.047, -0.133, 0.990] yaw=-2.7 pitch=7.6 cx=281.57110595703125
2025-12-19 15:49:05,098 - INFO - openpose - Gaze3D frame=376 id=right label=Right person v=[-0.133, -0.937, 0.322] yaw=-22.5 pitch=69.6 cx=443.3251190185547
2025-12-19 15:49:05,098 - INFO - openpose - Gaze3D frame=376 id=right label=Right person v=[-0.255, -0.109, 0.961] yaw=-14.9 pitch=6.3 cx=493.23236083984375
2025-12-19 15:49:05,098 - INFO - openpose - Gaze PUB: people=3, frame_idx=376
2025-12-19 15:49:05,794 - INFO - openpose - Gaze3D frame=384 id=left label=Left person v=[-0.482, 0.122, 0.867] yaw=-29.1 pitch=-7.0 cx=314.2134094238281
2025-12-19 15:49:05,794 - INFO - openpose - Gaze3D frame=384 id=right label=Right person v=[-0.537, -0.377, 0.755] yaw=-35.4 pitch=22.2 cx=472.6735534667969
2025-12-19 15:49:05,794 - INFO - openpose - Gaze PUB: people=2, frame_idx=384
2025-12-19 15:49:06,864 - INFO - openpose - Gaze3D frame=392 id=left label=Left person v=[-0.440, -0.002, 0.898] yaw=-26.1 pitch=0.1 cx=283.9611358642578
2025-12-19 15:49:06,864 - INFO - openpose - Gaze3D frame=392 id=right label=Right person v=[-0.542, -0.276, 0.794] yaw=-34.3 pitch=16.0 cx=391.0199432373047
2025-12-19 15:49:06,864 - INFO - openpose - Gaze PUB: people=2, frame_idx=392
2025-12-19 15:49:07,660 - INFO - openpose - Gaze3D frame=400 id=left label=Left person v=[-0.127, -0.102, 0.987] yaw=-7.4 pitch=5.9 cx=354.35235595703125
2025-12-19 15:49:07,660 - INFO - openpose - Gaze3D frame=400 id=left label=Left person v=[-0.544, -0.042, 0.838] yaw=-33.0 pitch=2.4 cx=380.8721923828125
2025-12-19 15:49:07,660 - INFO - openpose - Gaze PUB: people=2, frame_idx=400
2025-12-19 15:49:08,269 - INFO - openpose - Gaze3D frame=408 id=left label=Left person v=[0.079, -0.498, 0.864] yaw=5.2 pitch=29.9 cx=331.9429473876953
2025-12-19 15:49:08,270 - INFO - openpose - Gaze PUB: people=1, frame_idx=408
2025-12-19 15:49:08,960 - INFO - openpose - Gaze3D frame=416 id=left label=Left person v=[-0.135, -0.599, 0.790] yaw=-9.7 pitch=36.8 cx=236.73609161376953
2025-12-19 15:49:08,960 - INFO - openpose - Gaze3D frame=416 id=right label=Right person v=[-0.438, 0.397, 0.806] yaw=-28.5 pitch=-23.4 cx=380.5792999267578
2025-12-19 15:49:08,961 - INFO - openpose - Gaze PUB: people=2, frame_idx=416
2025-12-19 15:49:09,661 - INFO - openpose - Gaze3D frame=424 id=None label=None v=[-0.160, -0.477, 0.864] yaw=-10.5 pitch=28.5 cx=238.2041244506836
2025-12-19 15:49:09,661 - INFO - openpose - Gaze3D frame=424 id=None label=None v=[-0.436, 0.250, 0.864] yaw=-26.8 pitch=-14.5 cx=380.3611145019531
2025-12-19 15:49:09,661 - INFO - openpose - Gaze PUB: people=2, frame_idx=424
2025-12-19 15:49:09,930 - INFO - openpose - Gaze3D frame=424 id=left label=Left person v=[-0.192, -0.197, 0.962] yaw=-11.3 pitch=11.3 cx=258.0713653564453
2025-12-19 15:49:09,930 - INFO - openpose - Gaze3D frame=424 id=right label=Right person v=[-0.532, -0.002, 0.847] yaw=-32.2 pitch=0.1 cx=379.7826385498047
2025-12-19 15:49:09,930 - INFO - openpose - Gaze PUB: people=2, frame_idx=424
2025-12-19 15:49:10,606 - INFO - openpose - Gaze3D frame=432 id=left label=Left person v=[-0.273, -0.039, 0.961] yaw=-15.9 pitch=2.2 cx=286.40126037597656
2025-12-19 15:49:10,607 - INFO - openpose - Gaze3D frame=432 id=right label=Right person v=[-0.581, -0.536, 0.612] yaw=-43.5 pitch=32.4 cx=403.79847717285156
2025-12-19 15:49:10,607 - INFO - openpose - Gaze PUB: people=2, frame_idx=432
2025-12-19 15:49:11,741 - INFO - openpose - Gaze3D frame=440 id=left label=Left person v=[-0.308, -0.052, 0.950] yaw=-18.0 pitch=3.0 cx=278.275146484375
2025-12-19 15:49:11,741 - INFO - openpose - Gaze3D frame=440 id=right label=Right person v=[-0.117, -0.966, 0.229] yaw=-27.0 pitch=75.1 cx=567.7269287109375
2025-12-19 15:49:11,741 - INFO - openpose - Gaze PUB: people=2, frame_idx=440
