2025-11-14 14:32:39,765 - INFO - openpose - OpenPose server started and bound to tcp://*:5555
2025-11-14 14:32:39,765 - INFO - openpose - OpenPose server started and bound to tcp://*:5556
2025-11-14 14:32:39,777 - INFO - openpose - Starting OpenPose
2025-11-14 14:32:40,695 - INFO - openpose - OpenPose initialized - waiting for turn_order
2025-11-14 14:32:59,597 - INFO - openpose - Message received: ybypbpbpy

2025-11-14 14:33:00,276 - INFO - openpose - Gaze3D frame=0 id=None label=None v=[-0.396, -0.108, 0.912] yaw=-23.5 pitch=6.2 cx=339.0076904296875
2025-11-14 14:33:00,277 - INFO - openpose - Gaze PUB: people=1, frame_idx=0
2025-11-14 14:33:00,486 - INFO - openpose - Gaze3D frame=0 id=None label=None v=[-0.189, -0.055, 0.980] yaw=-10.9 pitch=3.1 cx=373.07716369628906
2025-11-14 14:33:00,487 - INFO - openpose - Gaze PUB: people=1, frame_idx=0
2025-11-14 14:33:00,689 - INFO - openpose - Gaze3D frame=0 id=None label=None v=[-0.156, -0.243, 0.958] yaw=-9.2 pitch=14.0 cx=381.7934875488281
2025-11-14 14:33:00,689 - INFO - openpose - Gaze PUB: people=1, frame_idx=0
2025-11-14 14:33:00,874 - INFO - openpose - Gaze3D frame=0 id=None label=None v=[-0.181, -0.135, 0.974] yaw=-10.5 pitch=7.8 cx=377.7042541503906
2025-11-14 14:33:00,874 - INFO - openpose - Gaze PUB: people=1, frame_idx=0
2025-11-14 14:33:01,063 - INFO - openpose - Gaze3D frame=0 id=None label=None v=[-0.260, -0.095, 0.961] yaw=-15.1 pitch=5.4 cx=368.2156524658203
2025-11-14 14:33:01,063 - INFO - openpose - Gaze PUB: people=1, frame_idx=0
2025-11-14 14:33:01,249 - INFO - openpose - Gaze3D frame=0 id=None label=None v=[-0.108, -0.121, 0.987] yaw=-6.3 pitch=6.9 cx=362.52488708496094
2025-11-14 14:33:01,249 - INFO - openpose - Gaze PUB: people=1, frame_idx=0
2025-11-14 14:33:01,450 - INFO - openpose - Gaze3D frame=0 id=None label=None v=[-0.217, -0.029, 0.976] yaw=-12.5 pitch=1.6 cx=358.40956115722656
2025-11-14 14:33:01,450 - INFO - openpose - Gaze PUB: people=1, frame_idx=0
2025-11-14 14:33:01,704 - INFO - openpose - Gaze3D frame=0 id=None label=None v=[-0.228, -0.141, 0.963] yaw=-13.3 pitch=8.1 cx=356.9663391113281
2025-11-14 14:33:01,704 - INFO - openpose - Gaze3D frame=0 id=None label=None v=[-0.126, -0.074, 0.989] yaw=-7.3 pitch=4.2 cx=18.495632886886597
2025-11-14 14:33:01,704 - INFO - openpose - Gaze PUB: people=2, frame_idx=0
2025-11-14 14:33:01,966 - INFO - openpose - Gaze3D frame=0 id=left label=Left person v=[-0.196, 0.173, 0.965] yaw=-11.5 pitch=-10.0 cx=46.32785606384277
2025-11-14 14:33:01,966 - INFO - openpose - Gaze3D frame=0 id=right label=Right person v=[-0.201, -0.141, 0.969] yaw=-11.7 pitch=8.1 cx=356.59608459472656
2025-11-14 14:33:01,967 - INFO - openpose - Gaze PUB: people=2, frame_idx=0
2025-11-14 14:33:01,967 - INFO - openpose - Robot's turn detected
2025-11-14 14:33:02,417 - INFO - openpose - Gaze3D frame=4 id=left label=Left person v=[-0.126, -0.142, 0.982] yaw=-7.3 pitch=8.2 cx=114.29973602294922
2025-11-14 14:33:02,417 - INFO - openpose - Gaze3D frame=4 id=right label=Right person v=[-0.233, -0.253, 0.939] yaw=-14.0 pitch=14.7 cx=353.4521484375
2025-11-14 14:33:02,417 - INFO - openpose - Gaze PUB: people=2, frame_idx=4
2025-11-14 14:33:02,862 - INFO - openpose - Gaze3D frame=8 id=left label=Left person v=[-0.230, -0.049, 0.972] yaw=-13.3 pitch=2.8 cx=170.08038330078125
2025-11-14 14:33:02,862 - INFO - openpose - Gaze3D frame=8 id=right label=Right person v=[-0.113, -0.207, 0.972] yaw=-6.6 pitch=12.0 cx=354.9060516357422
2025-11-14 14:33:02,862 - INFO - openpose - Gaze PUB: people=2, frame_idx=8
2025-11-14 14:33:03,293 - INFO - openpose - Gaze3D frame=12 id=left label=Left person v=[0.164, 0.387, 0.907] yaw=10.3 pitch=-22.8 cx=125.97990798950195
2025-11-14 14:33:03,293 - INFO - openpose - Gaze3D frame=12 id=right label=Right person v=[-0.248, -0.296, 0.922] yaw=-15.1 pitch=17.2 cx=355.9053192138672
2025-11-14 14:33:03,293 - INFO - openpose - Gaze PUB: people=2, frame_idx=12
2025-11-14 14:33:03,729 - INFO - openpose - Gaze3D frame=16 id=left label=Left person v=[-0.020, 0.492, 0.870] yaw=-1.3 pitch=-29.5 cx=110.50077056884766
2025-11-14 14:33:03,730 - INFO - openpose - Gaze3D frame=16 id=right label=Right person v=[-0.309, -0.263, 0.914] yaw=-18.6 pitch=15.2 cx=355.9550476074219
2025-11-14 14:33:03,730 - INFO - openpose - Gaze PUB: people=2, frame_idx=16
2025-11-14 14:33:04,185 - INFO - openpose - Gaze3D frame=20 id=left label=Left person v=[-0.221, -0.002, 0.975] yaw=-12.8 pitch=0.1 cx=166.6876983642578
2025-11-14 14:33:04,185 - INFO - openpose - Gaze3D frame=20 id=right label=Right person v=[-0.256, -0.289, 0.923] yaw=-15.5 pitch=16.8 cx=354.67481994628906
2025-11-14 14:33:04,185 - INFO - openpose - Gaze PUB: people=2, frame_idx=20
2025-11-14 14:33:04,615 - INFO - openpose - Gaze3D frame=24 id=left label=Left person v=[-0.138, -0.102, 0.985] yaw=-8.0 pitch=5.9 cx=157.2090301513672
2025-11-14 14:33:04,615 - INFO - openpose - Gaze3D frame=24 id=right label=Right person v=[-0.335, -0.330, 0.882] yaw=-20.8 pitch=19.3 cx=353.31065368652344
2025-11-14 14:33:04,615 - INFO - openpose - Gaze PUB: people=2, frame_idx=24
2025-11-14 14:33:05,145 - INFO - openpose - Gaze3D frame=28 id=left label=Left person v=[-0.251, -0.062, 0.966] yaw=-14.5 pitch=3.5 cx=156.5331802368164
2025-11-14 14:33:05,145 - INFO - openpose - Gaze3D frame=28 id=right label=Right person v=[-0.375, -0.216, 0.901] yaw=-22.6 pitch=12.5 cx=350.639892578125
2025-11-14 14:33:05,145 - INFO - openpose - Gaze PUB: people=2, frame_idx=28
2025-11-14 14:33:05,612 - INFO - openpose - Gaze3D frame=32 id=left label=Left person v=[-0.358, -0.102, 0.928] yaw=-21.1 pitch=5.8 cx=150.0799446105957
2025-11-14 14:33:05,612 - INFO - openpose - Gaze3D frame=32 id=right label=Right person v=[-0.452, -0.261, 0.853] yaw=-27.9 pitch=15.1 cx=349.28916931152344
2025-11-14 14:33:05,612 - INFO - openpose - Gaze PUB: people=2, frame_idx=32
2025-11-14 14:33:06,053 - INFO - openpose - Gaze3D frame=36 id=left label=Left person v=[-0.415, -0.123, 0.901] yaw=-24.7 pitch=7.0 cx=160.46243286132812
2025-11-14 14:33:06,053 - INFO - openpose - Gaze3D frame=36 id=right label=Right person v=[-0.362, -0.304, 0.881] yaw=-22.3 pitch=17.7 cx=344.1195526123047
2025-11-14 14:33:06,053 - INFO - openpose - Gaze PUB: people=2, frame_idx=36
2025-11-14 14:33:06,504 - INFO - openpose - Gaze3D frame=40 id=left label=Left person v=[-0.401, -0.152, 0.903] yaw=-23.9 pitch=8.8 cx=152.63809967041016
2025-11-14 14:33:06,504 - INFO - openpose - Gaze3D frame=40 id=right label=Right person v=[-0.410, -0.349, 0.842] yaw=-26.0 pitch=20.4 cx=347.15338134765625
2025-11-14 14:33:06,504 - INFO - openpose - Gaze PUB: people=2, frame_idx=40
2025-11-14 14:33:06,908 - INFO - openpose - Gaze3D frame=44 id=left label=Left person v=[-0.373, -0.131, 0.919] yaw=-22.1 pitch=7.5 cx=151.91193389892578
2025-11-14 14:33:06,908 - INFO - openpose - Gaze3D frame=44 id=right label=Right person v=[-0.307, -0.166, 0.937] yaw=-18.1 pitch=9.5 cx=347.48118591308594
2025-11-14 14:33:06,908 - INFO - openpose - Gaze PUB: people=2, frame_idx=44
2025-11-14 14:33:07,332 - INFO - openpose - Gaze3D frame=48 id=left label=Left person v=[-0.426, -0.162, 0.890] yaw=-25.6 pitch=9.3 cx=156.8664779663086
2025-11-14 14:33:07,332 - INFO - openpose - Gaze3D frame=48 id=right label=Right person v=[-0.289, -0.313, 0.905] yaw=-17.7 pitch=18.2 cx=343.56224060058594
2025-11-14 14:33:07,332 - INFO - openpose - Gaze PUB: people=2, frame_idx=48
2025-11-14 14:33:07,783 - INFO - openpose - Gaze3D frame=52 id=left label=Left person v=[-0.411, -0.121, 0.904] yaw=-24.4 pitch=7.0 cx=151.10784149169922
2025-11-14 14:33:07,783 - INFO - openpose - Gaze3D frame=52 id=right label=Right person v=[-0.367, -0.338, 0.867] yaw=-22.9 pitch=19.8 cx=342.1427764892578
2025-11-14 14:33:07,784 - INFO - openpose - Gaze PUB: people=2, frame_idx=52
2025-11-14 14:33:08,221 - INFO - openpose - Gaze3D frame=56 id=left label=Left person v=[-0.289, -0.288, 0.913] yaw=-17.6 pitch=16.7 cx=187.20169067382812
2025-11-14 14:33:08,222 - INFO - openpose - Gaze3D frame=56 id=right label=Right person v=[-0.276, -0.290, 0.916] yaw=-16.8 pitch=16.9 cx=343.94036865234375
2025-11-14 14:33:08,222 - INFO - openpose - Gaze PUB: people=2, frame_idx=56
2025-11-14 14:33:08,657 - INFO - openpose - Gaze3D frame=60 id=left label=Left person v=[-0.284, 0.073, 0.956] yaw=-16.5 pitch=-4.2 cx=188.41041564941406
2025-11-14 14:33:08,657 - INFO - openpose - Gaze3D frame=60 id=right label=Right person v=[-0.308, -0.241, 0.920] yaw=-18.5 pitch=14.0 cx=346.77708435058594
2025-11-14 14:33:08,658 - INFO - openpose - Gaze PUB: people=2, frame_idx=60
2025-11-14 14:33:09,102 - INFO - openpose - Gaze3D frame=64 id=left label=Left person v=[-0.542, 0.039, 0.839] yaw=-32.9 pitch=-2.3 cx=161.34980010986328
2025-11-14 14:33:09,103 - INFO - openpose - Gaze3D frame=64 id=right label=Right person v=[-0.333, -0.195, 0.923] yaw=-19.9 pitch=11.2 cx=348.11253356933594
2025-11-14 14:33:09,103 - INFO - openpose - Gaze PUB: people=2, frame_idx=64
2025-11-14 14:33:10,032 - INFO - openpose - Gaze3D frame=68 id=left label=Left person v=[-0.213, 0.725, 0.655] yaw=-18.0 pitch=-46.4 cx=150.6850814819336
2025-11-14 14:33:10,033 - INFO - openpose - Gaze3D frame=68 id=right label=Right person v=[-0.359, -0.284, 0.889] yaw=-22.0 pitch=16.5 cx=351.6322326660156
2025-11-14 14:33:10,033 - INFO - openpose - Gaze PUB: people=2, frame_idx=68
2025-11-14 14:33:10,472 - INFO - openpose - Gaze3D frame=72 id=left label=Left person v=[-0.458, 0.640, 0.616] yaw=-36.6 pitch=-39.8 cx=160.5534896850586
2025-11-14 14:33:10,473 - INFO - openpose - Gaze3D frame=72 id=right label=Right person v=[-0.269, -0.253, 0.929] yaw=-16.1 pitch=14.7 cx=352.60333251953125
2025-11-14 14:33:10,473 - INFO - openpose - Gaze PUB: people=2, frame_idx=72
2025-11-14 14:33:10,887 - INFO - openpose - Gaze3D frame=76 id=left label=Left person v=[-0.506, 0.188, 0.841] yaw=-31.0 pitch=-10.9 cx=174.3765411376953
2025-11-14 14:33:10,887 - INFO - openpose - Gaze3D frame=76 id=right label=Right person v=[-0.195, -0.257, 0.946] yaw=-11.6 pitch=14.9 cx=355.9734344482422
2025-11-14 14:33:10,887 - INFO - openpose - Gaze PUB: people=2, frame_idx=76
2025-11-14 14:33:11,296 - INFO - openpose - Gaze3D frame=80 id=left label=Left person v=[-0.449, 0.378, 0.810] yaw=-29.0 pitch=-22.2 cx=191.99626922607422
2025-11-14 14:33:11,296 - INFO - openpose - Gaze3D frame=80 id=right label=Right person v=[-0.138, -0.253, 0.958] yaw=-8.2 pitch=14.6 cx=355.911376953125
2025-11-14 14:33:11,297 - INFO - openpose - Gaze PUB: people=2, frame_idx=80
2025-11-14 14:33:11,695 - INFO - openpose - Gaze3D frame=84 id=left label=Left person v=[-0.597, 0.006, 0.802] yaw=-36.6 pitch=-0.4 cx=201.26544952392578
2025-11-14 14:33:11,696 - INFO - openpose - Gaze3D frame=84 id=right label=Right person v=[-0.212, -0.238, 0.948] yaw=-12.6 pitch=13.8 cx=354.93983459472656
2025-11-14 14:33:11,696 - INFO - openpose - Gaze PUB: people=2, frame_idx=84
2025-11-14 14:33:12,112 - INFO - openpose - Gaze3D frame=88 id=left label=Left person v=[-0.214, -0.585, 0.783] yaw=-15.3 pitch=35.8 cx=189.47694396972656
2025-11-14 14:33:12,112 - INFO - openpose - Gaze3D frame=88 id=right label=Right person v=[-0.323, -0.261, 0.910] yaw=-19.5 pitch=15.1 cx=356.6061248779297
2025-11-14 14:33:12,112 - INFO - openpose - Gaze PUB: people=2, frame_idx=88
2025-11-14 14:33:12,557 - INFO - openpose - Gaze3D frame=92 id=left label=Left person v=[-0.232, -0.559, 0.796] yaw=-16.3 pitch=34.0 cx=158.1701431274414
2025-11-14 14:33:12,558 - INFO - openpose - Gaze3D frame=92 id=right label=Right person v=[-0.331, -0.134, 0.934] yaw=-19.5 pitch=7.7 cx=357.3060760498047
2025-11-14 14:33:12,558 - INFO - openpose - Gaze PUB: people=2, frame_idx=92
2025-11-14 14:33:13,019 - INFO - openpose - Gaze3D frame=96 id=left label=Left person v=[-0.083, -0.527, 0.846] yaw=-5.6 pitch=31.8 cx=178.30337524414062
2025-11-14 14:33:13,019 - INFO - openpose - Gaze3D frame=96 id=right label=Right person v=[-0.261, -0.373, 0.890] yaw=-16.4 pitch=21.9 cx=354.59226989746094
2025-11-14 14:33:13,019 - INFO - openpose - Gaze PUB: people=2, frame_idx=96
2025-11-14 14:33:13,465 - INFO - openpose - Gaze3D frame=100 id=left label=Left person v=[-0.188, -0.365, 0.912] yaw=-11.6 pitch=21.4 cx=215.52444458007812
2025-11-14 14:33:13,465 - INFO - openpose - Gaze3D frame=100 id=right label=Right person v=[-0.174, -0.445, 0.878] yaw=-11.2 pitch=26.4 cx=354.1714630126953
2025-11-14 14:33:13,465 - INFO - openpose - Gaze PUB: people=2, frame_idx=100
2025-11-14 14:33:13,918 - INFO - openpose - Gaze3D frame=104 id=left label=Left person v=[-0.123, -0.489, 0.864] yaw=-8.1 pitch=29.2 cx=222.62203979492188
2025-11-14 14:33:13,918 - INFO - openpose - Gaze3D frame=104 id=right label=Right person v=[-0.120, -0.451, 0.885] yaw=-7.7 pitch=26.8 cx=354.13365173339844
2025-11-14 14:33:13,918 - INFO - openpose - Gaze PUB: people=2, frame_idx=104
2025-11-14 14:33:14,352 - INFO - openpose - Gaze3D frame=108 id=left label=Left person v=[-0.158, -0.411, 0.898] yaw=-10.0 pitch=24.3 cx=232.6253890991211
2025-11-14 14:33:14,352 - INFO - openpose - Gaze3D frame=108 id=right label=Right person v=[-0.239, -0.386, 0.891] yaw=-15.0 pitch=22.7 cx=354.73207092285156
2025-11-14 14:33:14,352 - INFO - openpose - Gaze PUB: people=2, frame_idx=108
2025-11-14 14:33:14,816 - INFO - openpose - Gaze3D frame=112 id=left label=Left person v=[-0.154, -0.465, 0.872] yaw=-10.0 pitch=27.7 cx=233.28294372558594
2025-11-14 14:33:14,816 - INFO - openpose - Gaze3D frame=112 id=right label=Right person v=[-0.090, -0.288, 0.954] yaw=-5.4 pitch=16.7 cx=355.67860412597656
2025-11-14 14:33:14,816 - INFO - openpose - Gaze PUB: people=2, frame_idx=112
2025-11-14 14:33:15,236 - INFO - openpose - Gaze3D frame=116 id=left label=Left person v=[-0.166, -0.439, 0.883] yaw=-10.6 pitch=26.1 cx=231.69285583496094
2025-11-14 14:33:15,236 - INFO - openpose - Gaze3D frame=116 id=right label=Right person v=[-0.059, -0.169, 0.984] yaw=-3.4 pitch=9.7 cx=354.1537628173828
2025-11-14 14:33:15,236 - INFO - openpose - Gaze PUB: people=2, frame_idx=116
2025-11-14 14:33:15,662 - INFO - openpose - Gaze3D frame=120 id=left label=Left person v=[-0.201, -0.441, 0.875] yaw=-12.9 pitch=26.2 cx=228.46328735351562
2025-11-14 14:33:15,663 - INFO - openpose - Gaze3D frame=120 id=right label=Right person v=[-0.303, -0.207, 0.930] yaw=-18.0 pitch=12.0 cx=355.4576873779297
2025-11-14 14:33:15,663 - INFO - openpose - Gaze PUB: people=2, frame_idx=120
2025-11-14 14:33:16,100 - INFO - openpose - Gaze3D frame=124 id=left label=Left person v=[-0.118, -0.450, 0.885] yaw=-7.6 pitch=26.7 cx=228.6878204345703
2025-11-14 14:33:16,100 - INFO - openpose - Gaze3D frame=124 id=right label=Right person v=[-0.367, -0.229, 0.902] yaw=-22.1 pitch=13.2 cx=356.0162658691406
2025-11-14 14:33:16,100 - INFO - openpose - Gaze PUB: people=2, frame_idx=124
2025-11-14 14:33:16,615 - INFO - openpose - Gaze3D frame=128 id=left label=Left person v=[-0.264, -0.428, 0.865] yaw=-17.0 pitch=25.3 cx=229.87792205810547
2025-11-14 14:33:16,616 - INFO - openpose - Gaze3D frame=128 id=right label=Right person v=[-0.099, -0.274, 0.957] yaw=-5.9 pitch=15.9 cx=371.2967834472656
2025-11-14 14:33:16,616 - INFO - openpose - Gaze PUB: people=2, frame_idx=128
2025-11-14 14:33:17,051 - INFO - openpose - Gaze3D frame=132 id=left label=Left person v=[-0.165, -0.500, 0.850] yaw=-11.0 pitch=30.0 cx=229.81922912597656
2025-11-14 14:33:17,051 - INFO - openpose - Gaze3D frame=132 id=right label=Right person v=[-0.158, -0.733, 0.661] yaw=-13.4 pitch=47.2 cx=448.3789520263672
2025-11-14 14:33:17,051 - INFO - openpose - Gaze PUB: people=2, frame_idx=132
2025-11-14 14:33:17,449 - INFO - openpose - Gaze3D frame=136 id=left label=Left person v=[-0.100, -0.378, 0.920] yaw=-6.2 pitch=22.2 cx=229.83040618896484
2025-11-14 14:33:17,450 - INFO - openpose - Gaze3D frame=136 id=right label=Right person v=[-0.064, -0.547, 0.835] yaw=-4.4 pitch=33.2 cx=466.3042755126953
2025-11-14 14:33:17,450 - INFO - openpose - Gaze PUB: people=2, frame_idx=136
2025-11-14 14:33:17,891 - INFO - openpose - Gaze3D frame=140 id=left label=Left person v=[-0.094, -0.398, 0.912] yaw=-5.9 pitch=23.5 cx=230.85580444335938
2025-11-14 14:33:17,891 - INFO - openpose - Gaze3D frame=140 id=right label=Right person v=[-0.101, -0.605, 0.789] yaw=-7.3 pitch=37.3 cx=447.45654296875
2025-11-14 14:33:17,891 - INFO - openpose - Gaze PUB: people=2, frame_idx=140
2025-11-14 14:33:18,308 - INFO - openpose - Gaze3D frame=144 id=left label=Left person v=[-0.187, -0.395, 0.900] yaw=-11.7 pitch=23.2 cx=231.6751937866211
2025-11-14 14:33:18,308 - INFO - openpose - Gaze3D frame=144 id=right label=Right person v=[-0.034, -0.498, 0.866] yaw=-2.2 pitch=29.9 cx=417.19940185546875
2025-11-14 14:33:18,308 - INFO - openpose - Gaze PUB: people=2, frame_idx=144
2025-11-14 14:33:18,734 - INFO - openpose - Gaze3D frame=148 id=left label=Left person v=[-0.129, -0.436, 0.891] yaw=-8.2 pitch=25.8 cx=232.1131820678711
2025-11-14 14:33:18,734 - INFO - openpose - Gaze3D frame=148 id=right label=Right person v=[-0.167, -0.441, 0.882] yaw=-10.7 pitch=26.2 cx=402.739501953125
2025-11-14 14:33:18,734 - INFO - openpose - Gaze PUB: people=2, frame_idx=148
2025-11-14 14:33:19,149 - INFO - openpose - Gaze3D frame=152 id=left label=Left person v=[-0.184, -0.464, 0.866] yaw=-12.0 pitch=27.7 cx=230.64025115966797
2025-11-14 14:33:19,149 - INFO - openpose - Gaze3D frame=152 id=right label=Right person v=[-0.112, -0.390, 0.914] yaw=-7.0 pitch=23.0 cx=409.15611267089844
2025-11-14 14:33:19,149 - INFO - openpose - Gaze PUB: people=2, frame_idx=152
2025-11-14 14:33:19,569 - INFO - openpose - Gaze3D frame=156 id=left label=Left person v=[-0.146, -0.455, 0.878] yaw=-9.5 pitch=27.1 cx=230.85710906982422
2025-11-14 14:33:19,569 - INFO - openpose - Gaze3D frame=156 id=right label=Right person v=[-0.106, -0.564, 0.819] yaw=-7.4 pitch=34.4 cx=411.8478088378906
2025-11-14 14:33:19,569 - INFO - openpose - Gaze PUB: people=2, frame_idx=156
2025-11-14 14:33:20,022 - INFO - openpose - Gaze3D frame=160 id=left label=Left person v=[-0.220, -0.468, 0.856] yaw=-14.4 pitch=27.9 cx=230.67129516601562
2025-11-14 14:33:20,022 - INFO - openpose - Gaze3D frame=160 id=right label=Right person v=[-0.143, -0.636, 0.758] yaw=-10.7 pitch=39.5 cx=424.92897033691406
2025-11-14 14:33:20,022 - INFO - openpose - Gaze PUB: people=2, frame_idx=160
2025-11-14 14:33:20,461 - INFO - openpose - Gaze3D frame=164 id=left label=Left person v=[-0.020, -0.813, 0.582] yaw=-2.0 pitch=54.4 cx=196.02053833007812
2025-11-14 14:33:20,461 - INFO - openpose - Gaze3D frame=164 id=right label=Right person v=[-0.237, -0.583, 0.777] yaw=-17.0 pitch=35.7 cx=427.57276916503906
2025-11-14 14:33:20,461 - INFO - openpose - Gaze PUB: people=2, frame_idx=164
2025-11-14 14:33:20,909 - INFO - openpose - Gaze3D frame=168 id=left label=Left person v=[-0.092, -0.955, 0.282] yaw=-18.1 pitch=72.8 cx=112.26719284057617
2025-11-14 14:33:20,909 - INFO - openpose - Gaze3D frame=168 id=right label=Right person v=[-0.464, -0.313, 0.829] yaw=-29.3 pitch=18.2 cx=427.33799743652344
2025-11-14 14:33:20,909 - INFO - openpose - Gaze PUB: people=2, frame_idx=168
2025-11-14 14:33:21,340 - INFO - openpose - Gaze3D frame=172 id=left label=Left person v=[-0.110, -0.975, 0.194] yaw=-29.4 pitch=77.1 cx=41.340267181396484
2025-11-14 14:33:21,340 - INFO - openpose - Gaze3D frame=172 id=right label=Right person v=[-0.244, -0.459, 0.854] yaw=-15.9 pitch=27.3 cx=418.9826354980469
2025-11-14 14:33:21,340 - INFO - openpose - Gaze PUB: people=2, frame_idx=172
2025-11-14 14:33:21,713 - INFO - openpose - Gaze3D frame=176 id=right label=Right person v=[-0.127, -0.386, 0.914] yaw=-7.9 pitch=22.7 cx=431.22328186035156
2025-11-14 14:33:21,714 - INFO - openpose - Gaze PUB: people=1, frame_idx=176
2025-11-14 14:36:11,209 - CRITICAL - openpose - Critical error in openpose_server: need at least one array to stack
Traceback (most recent call last):
  File "openpose_server.py", line 521, in <module>
    gaze_results = gaze_pipeline.step(frame)         # same as demo.py
  File "/home/ines/Desktop/Harmony/L2CS_Net/l2cs/pipeline.py", line 93, in step
    pitch, yaw = self.predict_gaze(np.stack(face_imgs))
  File "<__array_function__ internals>", line 200, in stack
  File "/home/ines/.local/lib/python3.8/site-packages/numpy/core/shape_base.py", line 460, in stack
    raise ValueError('need at least one array to stack')
ValueError: need at least one array to stack
