2025-11-14 14:32:48,321 - INFO - BuildTower - Connected to OpenPose server
2025-11-14 14:32:48,321 - INFO - BuildTower - Connected to Gaze server
2025-11-14 14:32:48,466 - INFO - BuildTower - Robot parameters: robot_name=my_gen3, dof=7, gripper_present=True
2025-11-14 14:32:48,470 - INFO - BuildTower - Service initialized: /my_gen3/base/clear_faults
2025-11-14 14:32:48,472 - INFO - BuildTower - Service initialized: /my_gen3/base/read_action
2025-11-14 14:32:48,474 - INFO - BuildTower - Service initialized: /my_gen3/base/execute_action
2025-11-14 14:32:48,475 - INFO - BuildTower - Service initialized: /my_gen3/control_config/set_cartesian_reference_frame
2025-11-14 14:32:48,477 - INFO - BuildTower - Service initialized: /my_gen3/base/activate_publishing_of_action_topic
2025-11-14 14:32:48,478 - INFO - BuildTower - Service initialized: /my_gen3/base/send_gripper_command
2025-11-14 14:32:48,478 - INFO - BuildTower - BuildTower class initialized successfully.
2025-11-14 14:32:48,479 - INFO - BuildTower - ROS parameter /kortex_examples_test_results/cartesian_poses_with_notifications_python did not exist or could not be deleted.
2025-11-14 14:32:48,479 - INFO - BuildTower - Starting main robot control loop.
2025-11-14 14:32:48,490 - INFO - BuildTower - Robot faults cleared successfully.
2025-11-14 14:32:51,012 - INFO - BuildTower - Cartesian reference frame set successfully.
2025-11-14 14:32:51,014 - INFO - BuildTower - Activating action notifications.
2025-11-14 14:32:51,019 - INFO - BuildTower - Action Notifications successfully activated.
2025-11-14 14:32:52,040 - INFO - BuildTower - Sending robot to home position.
2025-11-14 14:32:59,595 - INFO - BuildTower - User pressed Enter. Continuing with configuration 1
2025-11-14 14:32:59,596 - INFO - BuildTower - Parsing information from file: config2
2025-11-14 14:32:59,596 - INFO - BuildTower - Parsed turn_order: ybypbpbpy

2025-11-14 14:32:59,596 - INFO - BuildTower - Parsed object_order: 143

2025-11-14 14:32:59,596 - INFO - BuildTower - Sent turn_order and waiting for response from OpenPose server.
2025-11-14 14:32:59,597 - INFO - BuildTower - Sending turn order to OpenPose server: ybypbpbpy

2025-11-14 14:32:59,597 - DEBUG - BuildTower - Gaze rx: (none available)
2025-11-14 14:32:59,597 - DEBUG - BuildTower - Gaze rx: (none available)
2025-11-14 14:32:59,598 - DEBUG - BuildTower - Gaze rx: (none available)
2025-11-14 14:32:59,598 - INFO - BuildTower - Received reply from OpenPose server: Order Received
2025-11-14 14:32:59,598 - INFO - BuildTower - Executing turn 0 out of 9.
2025-11-14 14:32:59,616 - INFO - BuildTower - Sending robot to home position.
2025-11-14 14:33:00,236 - INFO - BuildTower - Moving block from start 0.28 to target 0.307. Turn: 0, Block Shape: 1
2025-11-14 14:33:00,239 - INFO - BuildTower - Sending gripper command: value=0
2025-11-14 14:33:00,761 - INFO - BuildTower - Gripper command 0 sent successfully.
2025-11-14 14:33:00,763 - INFO - BuildTower - Attempting to go to position: x=0.47, y=0.18, z=0.325, theta_x=100.0, theta_y=0.0, theta_z=90.0
2025-11-14 14:33:00,763 - DEBUG - BuildTower - Set speed for pose: translation=1, orientation=100
2025-11-14 14:33:00,788 - INFO - BuildTower - Pose action initiated, waiting for completion.
2025-11-14 14:33:03,390 - INFO - BuildTower - Robot action ended.
2025-11-14 14:33:03,390 - INFO - BuildTower - Attempting to go to position: x=0.47, y=0.18, z=0.28, theta_x=100.0, theta_y=0.0, theta_z=90.0
2025-11-14 14:33:03,390 - DEBUG - BuildTower - Set speed for pose: translation=1, orientation=100
2025-11-14 14:33:03,413 - INFO - BuildTower - Pose action initiated, waiting for completion.
2025-11-14 14:33:04,141 - INFO - BuildTower - Robot action ended.
2025-11-14 14:33:04,143 - INFO - BuildTower - Sending gripper command: value=0.075
2025-11-14 14:33:04,661 - INFO - BuildTower - Gripper command 0.075 sent successfully.
2025-11-14 14:33:04,663 - INFO - BuildTower - Attempting to go to position: x=0.47, y=0.18, z=0.325, theta_x=100.0, theta_y=0.0, theta_z=90.0
2025-11-14 14:33:04,663 - DEBUG - BuildTower - Set speed for pose: translation=1, orientation=100
2025-11-14 14:33:04,688 - INFO - BuildTower - Pose action initiated, waiting for completion.
2025-11-14 14:33:05,416 - INFO - BuildTower - Robot action ended.
2025-11-14 14:33:05,416 - INFO - BuildTower - Attempting to go to position: x=0.735, y=0.0, z=0.352, theta_x=100.0, theta_y=0.0, theta_z=90.0
2025-11-14 14:33:05,416 - DEBUG - BuildTower - Set speed for pose: translation=1, orientation=100
2025-11-14 14:33:05,438 - INFO - BuildTower - Pose action initiated, waiting for completion.
2025-11-14 14:33:08,645 - WARNING - BuildTower - Robot action aborted.
2025-11-14 14:33:08,645 - INFO - BuildTower - Attempting to go to position: x=0.735, y=0.0, z=0.307, theta_x=100.0, theta_y=0.0, theta_z=90.0
2025-11-14 14:33:08,645 - DEBUG - BuildTower - Set speed for pose: translation=1, orientation=100
