2025-11-25 15:43:54,973 - INFO - BuildTower - Connected to OpenPose server
2025-11-25 15:43:54,973 - INFO - BuildTower - Connected to Gaze server
2025-11-25 15:43:55,121 - INFO - BuildTower - Robot parameters: robot_name=my_gen3, dof=7, gripper_present=True
2025-11-25 15:43:55,127 - INFO - BuildTower - Service initialized: /my_gen3/base/clear_faults
2025-11-25 15:43:55,130 - INFO - BuildTower - Service initialized: /my_gen3/base/read_action
2025-11-25 15:43:55,132 - INFO - BuildTower - Service initialized: /my_gen3/base/execute_action
2025-11-25 15:43:55,134 - INFO - BuildTower - Service initialized: /my_gen3/control_config/set_cartesian_reference_frame
2025-11-25 15:43:55,135 - INFO - BuildTower - Service initialized: /my_gen3/base/activate_publishing_of_action_topic
2025-11-25 15:43:55,137 - INFO - BuildTower - Service initialized: /my_gen3/base/send_gripper_command
2025-11-25 15:43:55,137 - INFO - BuildTower - BuildTower class initialized successfully.
2025-11-25 15:43:55,139 - INFO - BuildTower - ROS parameter /kortex_examples_test_results/cartesian_poses_with_notifications_python did not exist or could not be deleted.
2025-11-25 15:43:55,139 - INFO - BuildTower - Starting main robot control loop.
2025-11-25 15:43:55,159 - INFO - BuildTower - Robot faults cleared successfully.
2025-11-25 15:43:57,684 - INFO - BuildTower - Cartesian reference frame set successfully.
2025-11-25 15:43:57,686 - INFO - BuildTower - Activating action notifications.
2025-11-25 15:43:57,690 - INFO - BuildTower - Action Notifications successfully activated.
2025-11-25 15:43:58,714 - INFO - BuildTower - Sending robot to home position.
2025-11-25 15:43:59,336 - INFO - BuildTower - Starting mutual gaze calibration for 5.0 seconds
2025-11-25 15:44:04,350 - WARNING - BuildTower - Calibration collected only 0 samples (< 30). Bias may be noisy.
2025-11-25 15:44:04,350 - ERROR - BuildTower - Calibration failed: no valid gaze samples collected.
2025-11-25 15:44:04,350 - INFO - BuildTower - Robot moving to look at person in the right.
2025-11-25 15:44:04,351 - INFO - BuildTower - Attempting to go to position: x=0.5, y=0.15, z=0.5, theta_x=80, theta_y=0, theta_z=105
2025-11-25 15:44:04,351 - DEBUG - BuildTower - Set speed for pose: translation=1, orientation=100
2025-11-25 15:44:04,360 - INFO - BuildTower - Pose action initiated, waiting for completion.
2025-11-25 15:44:07,769 - INFO - BuildTower - Robot action ended.
2025-11-25 15:44:11,772 - INFO - BuildTower - Robot moving to look at person in the left.
2025-11-25 15:44:11,773 - INFO - BuildTower - Attempting to go to position: x=0.5, y=-0.15, z=0.5, theta_x=80, theta_y=0, theta_z=75
2025-11-25 15:44:11,773 - DEBUG - BuildTower - Set speed for pose: translation=1, orientation=100
2025-11-25 15:44:11,786 - INFO - BuildTower - Pose action initiated, waiting for completion.
2025-11-25 15:44:17,290 - INFO - BuildTower - Robot action ended.
2025-11-25 15:44:21,315 - INFO - BuildTower - Sending robot to home position.
2025-11-25 15:44:33,041 - INFO - BuildTower - User pressed Enter. Continuing with configuration 1
2025-11-25 15:44:33,041 - INFO - BuildTower - Parsing information from file: config2
2025-11-25 15:44:33,042 - INFO - BuildTower - Parsed turn_order: ybypbpbpy

2025-11-25 15:44:33,042 - INFO - BuildTower - Parsed object_order: 143

2025-11-25 15:44:33,043 - INFO - BuildTower - Sent turn_order and waiting for response from OpenPose server.
2025-11-25 15:44:33,043 - INFO - BuildTower - Sending turn order to OpenPose server: ybypbpbpy

2025-11-25 15:44:33,043 - DEBUG - BuildTower - Gaze rx: (none available)
2025-11-25 15:44:33,043 - DEBUG - BuildTower - Gaze rx: (none available)
2025-11-25 15:44:33,044 - DEBUG - BuildTower - Gaze rx: (none available)
2025-11-25 15:44:33,044 - INFO - BuildTower - Received reply from OpenPose server: Order Received
2025-11-25 15:44:33,044 - INFO - BuildTower - Executing turn 0 out of 9.
2025-11-25 15:44:33,049 - ERROR - BuildTower - Failed to call ReadAction for home: service [/my_gen3/base/read_action] returned no response
2025-11-25 15:44:33,050 - INFO - BuildTower - Moving block from start 0.28 to target 0.307. Turn: 0, Block Shape: 1
2025-11-25 15:44:33,051 - INFO - BuildTower - Sending gripper command: value=0
2025-11-25 15:44:33,056 - ERROR - BuildTower - Failed to call SendGripperCommand: service [/my_gen3/base/send_gripper_command] returned no response
2025-11-25 15:44:33,056 - INFO - BuildTower - Attempting to go to position: x=0.47, y=0.18, z=0.325, theta_x=100.0, theta_y=0.0, theta_z=90.0
2025-11-25 15:44:33,057 - DEBUG - BuildTower - Set speed for pose: translation=1, orientation=100
2025-11-25 15:44:33,063 - ERROR - BuildTower - Failed to send pose: service [/my_gen3/base/execute_action] returned no response
2025-11-25 15:44:33,064 - INFO - BuildTower - Attempting to go to position: x=0.47, y=0.18, z=0.28, theta_x=100.0, theta_y=0.0, theta_z=90.0
2025-11-25 15:44:33,064 - DEBUG - BuildTower - Set speed for pose: translation=1, orientation=100
2025-11-25 15:44:33,070 - ERROR - BuildTower - Failed to send pose: service [/my_gen3/base/execute_action] returned no response
2025-11-25 15:44:33,071 - INFO - BuildTower - Sending gripper command: value=0.075
2025-11-25 15:44:33,076 - ERROR - BuildTower - Failed to call SendGripperCommand: service [/my_gen3/base/send_gripper_command] returned no response
2025-11-25 15:44:33,078 - INFO - BuildTower - Attempting to go to position: x=0.47, y=0.18, z=0.325, theta_x=100.0, theta_y=0.0, theta_z=90.0
2025-11-25 15:44:33,078 - DEBUG - BuildTower - Set speed for pose: translation=1, orientation=100
2025-11-25 15:44:33,082 - ERROR - BuildTower - Failed to send pose: service [/my_gen3/base/execute_action] returned no response
2025-11-25 15:44:33,082 - INFO - BuildTower - Attempting to go to position: x=0.735, y=0.0, z=0.352, theta_x=100.0, theta_y=0.0, theta_z=90.0
2025-11-25 15:44:33,082 - DEBUG - BuildTower - Set speed for pose: translation=1, orientation=100
2025-11-25 15:44:33,088 - ERROR - BuildTower - Failed to send pose: service [/my_gen3/base/execute_action] returned no response
2025-11-25 15:44:33,088 - INFO - BuildTower - Attempting to go to position: x=0.735, y=0.0, z=0.307, theta_x=100.0, theta_y=0.0, theta_z=90.0
2025-11-25 15:44:33,088 - DEBUG - BuildTower - Set speed for pose: translation=1, orientation=100
2025-11-25 15:44:33,093 - ERROR - BuildTower - Failed to send pose: service [/my_gen3/base/execute_action] returned no response
2025-11-25 15:44:33,094 - INFO - BuildTower - Sending gripper command: value=0
2025-11-25 15:44:33,097 - ERROR - BuildTower - Failed to call SendGripperCommand: service [/my_gen3/base/send_gripper_command] returned no response
2025-11-25 15:44:33,099 - INFO - BuildTower - Attempting to go to position: x=0.735, y=0.0, z=0.352, theta_x=100.0, theta_y=0.0, theta_z=90.0
2025-11-25 15:44:33,099 - DEBUG - BuildTower - Set speed for pose: translation=1, orientation=100
2025-11-25 15:44:33,103 - ERROR - BuildTower - Failed to send pose: service [/my_gen3/base/execute_action] returned no response
2025-11-25 15:44:33,103 - INFO - BuildTower - Robot completed its turn. Robot turn count: 1
2025-11-25 15:44:33,104 - INFO - BuildTower - Executing turn 1 out of 9.
2025-11-25 15:44:33,104 - DEBUG - BuildTower - Gaze rx: (none available)
2025-11-25 15:44:33,104 - INFO - BuildTower - No mutual gaze detected -> looking at tower as fallback.
2025-11-25 15:44:33,104 - INFO - BuildTower - Robot moving to look at tower.
2025-11-25 15:44:33,104 - INFO - BuildTower - Attempting to go to position: x=0.5, y=0, z=0.3, theta_x=110, theta_y=0, theta_z=90
2025-11-25 15:44:33,104 - DEBUG - BuildTower - Set speed for pose: translation=1, orientation=100
2025-11-25 15:44:33,109 - ERROR - BuildTower - Failed to send pose: service [/my_gen3/base/execute_action] returned no response
2025-11-25 15:44:33,109 - DEBUG - BuildTower - Gaze rx: (none available)
2025-11-25 15:44:33,109 - INFO - BuildTower - Sent 'PL: Arm Extended Check' to OpenPose server.
2025-11-25 15:44:33,109 - DEBUG - BuildTower - Gaze rx: (none available)
