2025-11-25 15:47:52,928 - INFO - BuildTower - Connected to OpenPose server
2025-11-25 15:47:52,928 - INFO - BuildTower - Connected to Gaze server
2025-11-25 15:47:53,078 - INFO - BuildTower - Robot parameters: robot_name=my_gen3, dof=7, gripper_present=True
2025-11-25 15:47:53,084 - INFO - BuildTower - Service initialized: /my_gen3/base/clear_faults
2025-11-25 15:47:53,086 - INFO - BuildTower - Service initialized: /my_gen3/base/read_action
2025-11-25 15:47:53,089 - INFO - BuildTower - Service initialized: /my_gen3/base/execute_action
2025-11-25 15:47:53,091 - INFO - BuildTower - Service initialized: /my_gen3/control_config/set_cartesian_reference_frame
2025-11-25 15:47:53,094 - INFO - BuildTower - Service initialized: /my_gen3/base/activate_publishing_of_action_topic
2025-11-25 15:47:53,095 - INFO - BuildTower - Service initialized: /my_gen3/base/send_gripper_command
2025-11-25 15:47:53,096 - INFO - BuildTower - BuildTower class initialized successfully.
2025-11-25 15:47:53,097 - INFO - BuildTower - ROS parameter /kortex_examples_test_results/cartesian_poses_with_notifications_python did not exist or could not be deleted.
2025-11-25 15:47:53,097 - INFO - BuildTower - Starting main robot control loop.
2025-11-25 15:47:53,107 - INFO - BuildTower - Robot faults cleared successfully.
2025-11-25 15:47:55,629 - INFO - BuildTower - Cartesian reference frame set successfully.
2025-11-25 15:47:55,632 - INFO - BuildTower - Activating action notifications.
2025-11-25 15:47:55,638 - INFO - BuildTower - Action Notifications successfully activated.
2025-11-25 15:47:56,657 - INFO - BuildTower - Sending robot to home position.
2025-11-25 15:47:57,277 - INFO - BuildTower - Starting mutual gaze calibration for 5.0 seconds
2025-11-25 15:48:02,290 - WARNING - BuildTower - Calibration collected only 0 samples (< 30). Bias may be noisy.
2025-11-25 15:48:02,290 - ERROR - BuildTower - Calibration failed: no valid gaze samples collected.
2025-11-25 15:48:02,290 - INFO - BuildTower - Robot moving to look at person in the right.
2025-11-25 15:48:02,290 - INFO - BuildTower - Attempting to go to position: x=0.5, y=0.08, z=0.5, theta_x=80, theta_y=0, theta_z=105
2025-11-25 15:48:02,291 - DEBUG - BuildTower - Set speed for pose: translation=1, orientation=100
2025-11-25 15:48:02,329 - INFO - BuildTower - Pose action initiated, waiting for completion.
2025-11-25 15:48:05,738 - INFO - BuildTower - Robot action ended.
2025-11-25 15:48:09,739 - INFO - BuildTower - Robot moving to look at person in the left.
2025-11-25 15:48:09,739 - INFO - BuildTower - Attempting to go to position: x=0.5, y=-0.08, z=0.5, theta_x=80, theta_y=0, theta_z=75
2025-11-25 15:48:09,740 - DEBUG - BuildTower - Set speed for pose: translation=1, orientation=100
2025-11-25 15:48:09,755 - INFO - BuildTower - Pose action initiated, waiting for completion.
2025-11-25 15:48:15,259 - INFO - BuildTower - Robot action ended.
2025-11-25 15:48:19,284 - INFO - BuildTower - Sending robot to home position.
2025-11-25 15:48:21,326 - INFO - BuildTower - User pressed Enter. Continuing with configuration 1
2025-11-25 15:48:21,327 - INFO - BuildTower - Parsing information from file: config2
2025-11-25 15:48:21,327 - INFO - BuildTower - Parsed turn_order: ybypbpbpy

2025-11-25 15:48:21,327 - INFO - BuildTower - Parsed object_order: 143

2025-11-25 15:48:21,328 - INFO - BuildTower - Sent turn_order and waiting for response from OpenPose server.
2025-11-25 15:48:21,328 - INFO - BuildTower - Sending turn order to OpenPose server: ybypbpbpy

2025-11-25 15:48:21,328 - DEBUG - BuildTower - Gaze rx: (none available)
2025-11-25 15:48:21,328 - DEBUG - BuildTower - Gaze rx: (none available)
2025-11-25 15:48:21,329 - DEBUG - BuildTower - Gaze rx: (none available)
2025-11-25 15:48:21,329 - INFO - BuildTower - Received reply from OpenPose server: Order Received
2025-11-25 15:48:21,329 - INFO - BuildTower - Executing turn 0 out of 9.
2025-11-25 15:48:21,359 - INFO - BuildTower - Sending robot to home position.
2025-11-25 15:48:21,979 - INFO - BuildTower - Moving block from start 0.28 to target 0.307. Turn: 0, Block Shape: 1
2025-11-25 15:48:21,981 - INFO - BuildTower - Sending gripper command: value=0
2025-11-25 15:48:22,505 - INFO - BuildTower - Gripper command 0 sent successfully.
2025-11-25 15:48:22,507 - INFO - BuildTower - Attempting to go to position: x=0.47, y=0.18, z=0.325, theta_x=100.0, theta_y=0.0, theta_z=90.0
2025-11-25 15:48:22,507 - DEBUG - BuildTower - Set speed for pose: translation=1, orientation=100
2025-11-25 15:48:22,531 - INFO - BuildTower - Pose action initiated, waiting for completion.
2025-11-25 15:48:25,163 - INFO - BuildTower - Robot action ended.
2025-11-25 15:48:25,164 - INFO - BuildTower - Attempting to go to position: x=0.47, y=0.18, z=0.28, theta_x=100.0, theta_y=0.0, theta_z=90.0
2025-11-25 15:48:25,164 - DEBUG - BuildTower - Set speed for pose: translation=1, orientation=100
2025-11-25 15:48:25,186 - INFO - BuildTower - Pose action initiated, waiting for completion.
2025-11-25 15:48:25,923 - INFO - BuildTower - Robot action ended.
2025-11-25 15:48:25,926 - INFO - BuildTower - Sending gripper command: value=0.075
2025-11-25 15:48:26,455 - INFO - BuildTower - Gripper command 0.075 sent successfully.
2025-11-25 15:48:26,458 - INFO - BuildTower - Attempting to go to position: x=0.47, y=0.18, z=0.325, theta_x=100.0, theta_y=0.0, theta_z=90.0
2025-11-25 15:48:26,458 - DEBUG - BuildTower - Set speed for pose: translation=1, orientation=100
2025-11-25 15:48:26,481 - INFO - BuildTower - Pose action initiated, waiting for completion.
2025-11-25 15:48:27,218 - INFO - BuildTower - Robot action ended.
2025-11-25 15:48:27,219 - INFO - BuildTower - Attempting to go to position: x=0.735, y=0.0, z=0.352, theta_x=100.0, theta_y=0.0, theta_z=90.0
2025-11-25 15:48:27,219 - DEBUG - BuildTower - Set speed for pose: translation=1, orientation=100
2025-11-25 15:48:27,236 - INFO - BuildTower - Pose action initiated, waiting for completion.
2025-11-25 15:48:30,715 - INFO - BuildTower - Robot action ended.
2025-11-25 15:48:30,715 - INFO - BuildTower - Attempting to go to position: x=0.735, y=0.0, z=0.307, theta_x=100.0, theta_y=0.0, theta_z=90.0
2025-11-25 15:48:30,715 - DEBUG - BuildTower - Set speed for pose: translation=1, orientation=100
2025-11-25 15:48:30,756 - INFO - BuildTower - Pose action initiated, waiting for completion.
2025-11-25 15:48:31,464 - INFO - BuildTower - Robot action ended.
2025-11-25 15:48:31,467 - INFO - BuildTower - Sending gripper command: value=0
2025-11-25 15:48:31,980 - INFO - BuildTower - Gripper command 0 sent successfully.
2025-11-25 15:48:31,982 - INFO - BuildTower - Attempting to go to position: x=0.735, y=0.0, z=0.352, theta_x=100.0, theta_y=0.0, theta_z=90.0
2025-11-25 15:48:31,982 - DEBUG - BuildTower - Set speed for pose: translation=1, orientation=100
2025-11-25 15:48:32,007 - INFO - BuildTower - Pose action initiated, waiting for completion.
2025-11-25 15:48:32,735 - INFO - BuildTower - Robot action ended.
2025-11-25 15:48:32,736 - INFO - BuildTower - Robot completed its turn. Robot turn count: 1
2025-11-25 15:48:32,736 - INFO - BuildTower - Executing turn 1 out of 9.
2025-11-25 15:48:32,736 - DEBUG - BuildTower - Gaze rx: (none available)
2025-11-25 15:48:32,736 - INFO - BuildTower - No mutual gaze detected -> looking at tower as fallback.
2025-11-25 15:48:32,737 - INFO - BuildTower - Robot moving to look at tower.
2025-11-25 15:48:32,737 - INFO - BuildTower - Attempting to go to position: x=0.5, y=0, z=0.3, theta_x=110, theta_y=0, theta_z=90
2025-11-25 15:48:32,737 - DEBUG - BuildTower - Set speed for pose: translation=1, orientation=100
2025-11-25 15:48:32,757 - INFO - BuildTower - Pose action initiated, waiting for completion.
2025-11-25 15:48:35,441 - INFO - BuildTower - Robot action ended.
2025-11-25 15:48:35,442 - DEBUG - BuildTower - Gaze rx: (none available)
2025-11-25 15:48:35,442 - INFO - BuildTower - Sent 'PL: Arm Extended Check' to OpenPose server.
2025-11-25 15:48:35,442 - DEBUG - BuildTower - Gaze rx: (none available)
2025-11-25 15:48:44,203 - DEBUG - BuildTower - Gaze rx: (none available)
2025-11-25 15:48:44,203 - INFO - BuildTower - Received reply from OpenPose: Left: Arm Extended
2025-11-25 15:48:44,235 - INFO - BuildTower - Sending robot to home position.
2025-11-25 15:48:44,857 - DEBUG - BuildTower - Gaze rx: (none available)
2025-11-25 15:48:44,857 - INFO - BuildTower - Sent 'PL: Arm Retracted Check' to OpenPose server.
2025-11-25 15:48:44,857 - DEBUG - BuildTower - Gaze rx: (none available)
2025-11-25 15:48:44,935 - DEBUG - BuildTower - Gaze rx: (none available)
2025-11-25 15:48:44,935 - INFO - BuildTower - Received reply from OpenPose: Left: Arm Retracted
2025-11-25 15:48:44,961 - INFO - BuildTower - Sending robot to home position.
2025-11-25 15:48:45,581 - INFO - BuildTower - Executing turn 2 out of 9.
2025-11-25 15:48:45,615 - INFO - BuildTower - Sending robot to home position.
2025-11-25 15:48:46,232 - INFO - BuildTower - Moving block from start 0.3 to target 0.387. Turn: 2, Block Shape: 4
2025-11-25 15:48:46,234 - INFO - BuildTower - Sending gripper command: value=0
2025-11-25 15:48:46,756 - INFO - BuildTower - Gripper command 0 sent successfully.
2025-11-25 15:48:46,758 - INFO - BuildTower - Attempting to go to position: x=0.3, y=0.3, z=0.345, theta_x=100.0, theta_y=0.0, theta_z=90.0
2025-11-25 15:48:46,758 - DEBUG - BuildTower - Set speed for pose: translation=1, orientation=100
2025-11-25 15:48:46,783 - INFO - BuildTower - Pose action initiated, waiting for completion.
2025-11-25 15:48:51,220 - INFO - BuildTower - Robot action ended.
2025-11-25 15:48:51,220 - INFO - BuildTower - Attempting to go to position: x=0.3, y=0.3, z=0.3, theta_x=100.0, theta_y=0.0, theta_z=90.0
2025-11-25 15:48:51,220 - DEBUG - BuildTower - Set speed for pose: translation=1, orientation=100
2025-11-25 15:48:51,234 - INFO - BuildTower - Pose action initiated, waiting for completion.
2025-11-25 15:48:51,962 - INFO - BuildTower - Robot action ended.
2025-11-25 15:48:51,964 - INFO - BuildTower - Sending gripper command: value=0.7
2025-11-25 15:48:52,482 - INFO - BuildTower - Gripper command 0.7 sent successfully.
2025-11-25 15:48:52,484 - INFO - BuildTower - Attempting to go to position: x=0.3, y=0.3, z=0.435, theta_x=100.0, theta_y=0.0, theta_z=90.0
2025-11-25 15:48:52,484 - DEBUG - BuildTower - Set speed for pose: translation=1, orientation=100
2025-11-25 15:48:52,509 - INFO - BuildTower - Pose action initiated, waiting for completion.
2025-11-25 15:48:54,144 - INFO - BuildTower - Robot action ended.
2025-11-25 15:48:54,144 - INFO - BuildTower - Attempting to go to position: x=0.735, y=0.0, z=0.432, theta_x=100.0, theta_y=0.0, theta_z=90.0
2025-11-25 15:48:54,144 - DEBUG - BuildTower - Set speed for pose: translation=1, orientation=100
2025-11-25 15:48:54,158 - INFO - BuildTower - Pose action initiated, waiting for completion.
2025-11-25 15:48:59,714 - INFO - BuildTower - Robot action ended.
2025-11-25 15:48:59,715 - INFO - BuildTower - Attempting to go to position: x=0.735, y=0.0, z=0.387, theta_x=100.0, theta_y=0.0, theta_z=90.0
2025-11-25 15:48:59,715 - DEBUG - BuildTower - Set speed for pose: translation=1, orientation=100
2025-11-25 15:48:59,734 - INFO - BuildTower - Pose action initiated, waiting for completion.
2025-11-25 15:48:59,968 - WARNING - BuildTower - Robot action aborted.
2025-11-25 15:48:59,969 - INFO - BuildTower - Sending gripper command: value=0
2025-11-25 15:48:59,987 - ERROR - BuildTower - Failed to call SendGripperCommand: service [/my_gen3/base/send_gripper_command] responded with an error: b''
2025-11-25 15:48:59,988 - INFO - BuildTower - Attempting to go to position: x=0.735, y=0.0, z=0.432, theta_x=100.0, theta_y=0.0, theta_z=90.0
2025-11-25 15:48:59,988 - DEBUG - BuildTower - Set speed for pose: translation=1, orientation=100
2025-11-25 15:49:00,009 - ERROR - BuildTower - Failed to send pose: service [/my_gen3/base/execute_action] responded with an error: b''
2025-11-25 15:49:00,009 - INFO - BuildTower - Robot completed its turn. Robot turn count: 2
2025-11-25 15:49:00,010 - INFO - BuildTower - Executing turn 3 out of 9.
2025-11-25 15:49:00,010 - DEBUG - BuildTower - Gaze rx: (none available)
2025-11-25 15:49:00,010 - INFO - BuildTower - No mutual gaze detected -> looking at tower as fallback.
2025-11-25 15:49:00,010 - INFO - BuildTower - Robot moving to look at tower.
2025-11-25 15:49:00,010 - INFO - BuildTower - Attempting to go to position: x=0.5, y=0, z=0.3, theta_x=110, theta_y=0, theta_z=90
2025-11-25 15:49:00,010 - DEBUG - BuildTower - Set speed for pose: translation=1, orientation=100
2025-11-25 15:49:00,039 - ERROR - BuildTower - Failed to send pose: service [/my_gen3/base/execute_action] responded with an error: b''
2025-11-25 15:49:00,040 - DEBUG - BuildTower - Gaze rx: (none available)
2025-11-25 15:49:00,040 - INFO - BuildTower - Sent 'PR: Arm Extended Check' to OpenPose server.
2025-11-25 15:49:00,040 - DEBUG - BuildTower - Gaze rx: (none available)
2025-11-25 15:49:16,528 - DEBUG - BuildTower - Gaze rx: (none available)
2025-11-25 15:49:16,529 - INFO - BuildTower - Received reply from OpenPose: Right: Arm Extended
2025-11-25 15:49:16,539 - INFO - BuildTower - Sending robot to home position.
2025-11-25 15:49:16,561 - ERROR - BuildTower - Failed to call ExecuteAction: service [/my_gen3/base/execute_action] responded with an error: b''
2025-11-25 15:49:16,562 - DEBUG - BuildTower - Gaze rx: (none available)
2025-11-25 15:49:16,562 - INFO - BuildTower - Sent 'PR: Arm Retracted Check' to OpenPose server.
2025-11-25 15:49:16,562 - DEBUG - BuildTower - Gaze rx: (none available)
2025-11-25 15:49:16,778 - DEBUG - BuildTower - Gaze rx: (none available)
2025-11-25 15:49:16,778 - INFO - BuildTower - Received reply from OpenPose: Right: Arm Retracted
2025-11-25 15:49:16,789 - INFO - BuildTower - Sending robot to home position.
2025-11-25 15:49:16,815 - ERROR - BuildTower - Failed to call ExecuteAction: service [/my_gen3/base/execute_action] responded with an error: b''
2025-11-25 15:49:16,815 - INFO - BuildTower - Executing turn 4 out of 9.
2025-11-25 15:49:16,815 - DEBUG - BuildTower - Gaze rx: (none available)
2025-11-25 15:49:16,816 - INFO - BuildTower - No mutual gaze detected -> looking at tower as fallback.
2025-11-25 15:49:16,816 - INFO - BuildTower - Robot moving to look at tower.
2025-11-25 15:49:16,816 - INFO - BuildTower - Attempting to go to position: x=0.5, y=0, z=0.3, theta_x=110, theta_y=0, theta_z=90
2025-11-25 15:49:16,816 - DEBUG - BuildTower - Set speed for pose: translation=1, orientation=100
2025-11-25 15:49:16,836 - ERROR - BuildTower - Failed to send pose: service [/my_gen3/base/execute_action] responded with an error: b''
2025-11-25 15:49:16,836 - DEBUG - BuildTower - Gaze rx: (none available)
2025-11-25 15:49:16,837 - INFO - BuildTower - Sent 'PL: Arm Extended Check' to OpenPose server.
2025-11-25 15:49:16,837 - DEBUG - BuildTower - Gaze rx: (none available)
2025-11-25 15:49:18,764 - DEBUG - BuildTower - Gaze rx: (none available)
2025-11-25 15:49:18,765 - INFO - BuildTower - Received reply from OpenPose: Left: Arm Extended
2025-11-25 15:49:18,789 - INFO - BuildTower - Sending robot to home position.
2025-11-25 15:49:18,812 - ERROR - BuildTower - Failed to call ExecuteAction: service [/my_gen3/base/execute_action] responded with an error: b''
2025-11-25 15:49:18,812 - DEBUG - BuildTower - Gaze rx: (none available)
2025-11-25 15:49:18,812 - INFO - BuildTower - Sent 'PL: Arm Retracted Check' to OpenPose server.
2025-11-25 15:49:18,813 - DEBUG - BuildTower - Gaze rx: (none available)
2025-11-25 15:49:20,036 - DEBUG - BuildTower - Gaze rx: (none available)
2025-11-25 15:49:20,036 - INFO - BuildTower - Received reply from OpenPose: Left: Arm Retracted
2025-11-25 15:49:20,065 - INFO - BuildTower - Sending robot to home position.
2025-11-25 15:49:20,087 - ERROR - BuildTower - Failed to call ExecuteAction: service [/my_gen3/base/execute_action] responded with an error: b''
2025-11-25 15:49:20,087 - INFO - BuildTower - Executing turn 5 out of 9.
2025-11-25 15:49:20,088 - DEBUG - BuildTower - Gaze rx: (none available)
2025-11-25 15:49:20,088 - INFO - BuildTower - No mutual gaze detected -> looking at tower as fallback.
2025-11-25 15:49:20,088 - INFO - BuildTower - Robot moving to look at tower.
2025-11-25 15:49:20,088 - INFO - BuildTower - Attempting to go to position: x=0.5, y=0, z=0.3, theta_x=110, theta_y=0, theta_z=90
2025-11-25 15:49:20,089 - DEBUG - BuildTower - Set speed for pose: translation=1, orientation=100
2025-11-25 15:49:20,111 - ERROR - BuildTower - Failed to send pose: service [/my_gen3/base/execute_action] responded with an error: b''
2025-11-25 15:49:20,111 - DEBUG - BuildTower - Gaze rx: (none available)
2025-11-25 15:49:20,111 - INFO - BuildTower - Sent 'PR: Arm Extended Check' to OpenPose server.
2025-11-25 15:49:20,111 - DEBUG - BuildTower - Gaze rx: (none available)
