2025-11-25 15:47:50,170 - INFO - openpose - OpenPose server started and bound to tcp://*:5555
2025-11-25 15:47:50,170 - INFO - openpose - OpenPose server started and bound to tcp://*:5556
2025-11-25 15:47:50,183 - INFO - openpose - Starting OpenPose
2025-11-25 15:47:50,961 - INFO - openpose - OpenPose initialized - waiting for turn_order
2025-11-25 15:48:21,328 - INFO - openpose - Message received: ybypbpbpy

2025-11-25 15:48:22,121 - INFO - openpose - Gaze3D frame=0 id=left label=Left person v=[-0.253, 0.140, 0.957] yaw=-14.8 pitch=-8.0 cx=259.9557418823242
2025-11-25 15:48:22,121 - INFO - openpose - Gaze3D frame=0 id=right label=Right person v=[-0.437, -0.359, 0.825] yaw=-27.9 pitch=21.0 cx=421.8595886230469
2025-11-25 15:48:22,121 - INFO - openpose - Gaze PUB: people=2, frame_idx=0
2025-11-25 15:48:22,122 - INFO - openpose - Robot's turn detected
2025-11-25 15:48:22,587 - INFO - openpose - Gaze3D frame=4 id=left label=Left person v=[-0.252, 0.232, 0.939] yaw=-15.0 pitch=-13.4 cx=259.9480285644531
2025-11-25 15:48:22,588 - INFO - openpose - Gaze3D frame=4 id=right label=Right person v=[-0.439, -0.210, 0.873] yaw=-26.7 pitch=12.1 cx=428.2662353515625
2025-11-25 15:48:22,588 - INFO - openpose - Gaze PUB: people=2, frame_idx=4
2025-11-25 15:48:23,036 - INFO - openpose - Gaze3D frame=8 id=left label=Left person v=[-0.243, 0.169, 0.955] yaw=-14.3 pitch=-9.7 cx=259.4183044433594
2025-11-25 15:48:23,036 - INFO - openpose - Gaze3D frame=8 id=right label=Right person v=[-0.478, -0.285, 0.831] yaw=-29.9 pitch=16.6 cx=429.3018341064453
2025-11-25 15:48:23,036 - INFO - openpose - Gaze PUB: people=2, frame_idx=8
2025-11-25 15:48:23,476 - INFO - openpose - Gaze3D frame=12 id=left label=Left person v=[-0.243, 0.144, 0.959] yaw=-14.2 pitch=-8.3 cx=259.47149658203125
2025-11-25 15:48:23,476 - INFO - openpose - Gaze3D frame=12 id=right label=Right person v=[-0.517, -0.144, 0.844] yaw=-31.5 pitch=8.3 cx=430.8029327392578
2025-11-25 15:48:23,476 - INFO - openpose - Gaze PUB: people=2, frame_idx=12
2025-11-25 15:48:23,942 - INFO - openpose - Gaze3D frame=16 id=left label=Left person v=[-0.223, 0.207, 0.952] yaw=-13.2 pitch=-12.0 cx=260.0308303833008
2025-11-25 15:48:23,942 - INFO - openpose - Gaze3D frame=16 id=right label=Right person v=[-0.505, -0.307, 0.807] yaw=-32.0 pitch=17.9 cx=430.2228088378906
2025-11-25 15:48:23,942 - INFO - openpose - Gaze PUB: people=2, frame_idx=16
2025-11-25 15:48:24,358 - INFO - openpose - Gaze3D frame=20 id=left label=Left person v=[-0.310, 0.220, 0.925] yaw=-18.5 pitch=-12.7 cx=260.4141540527344
2025-11-25 15:48:24,358 - INFO - openpose - Gaze3D frame=20 id=right label=Right person v=[-0.461, -0.488, 0.741] yaw=-31.9 pitch=29.2 cx=427.8647766113281
2025-11-25 15:48:24,365 - INFO - openpose - Gaze PUB: people=2, frame_idx=20
2025-11-25 15:48:24,793 - INFO - openpose - Gaze3D frame=24 id=left label=Left person v=[-0.272, 0.192, 0.943] yaw=-16.1 pitch=-11.1 cx=260.2753143310547
2025-11-25 15:48:24,794 - INFO - openpose - Gaze3D frame=24 id=right label=Right person v=[-0.519, -0.348, 0.781] yaw=-33.6 pitch=20.3 cx=427.0805358886719
2025-11-25 15:48:24,794 - INFO - openpose - Gaze PUB: people=2, frame_idx=24
2025-11-25 15:48:25,239 - INFO - openpose - Gaze3D frame=28 id=left label=Left person v=[-0.294, 0.062, 0.954] yaw=-17.1 pitch=-3.5 cx=260.0272445678711
2025-11-25 15:48:25,239 - INFO - openpose - Gaze3D frame=28 id=right label=Right person v=[-0.468, -0.341, 0.815] yaw=-29.9 pitch=19.9 cx=426.11866760253906
2025-11-25 15:48:25,239 - INFO - openpose - Gaze PUB: people=2, frame_idx=28
2025-11-25 15:48:25,661 - INFO - openpose - Gaze3D frame=32 id=left label=Left person v=[-0.279, 0.130, 0.951] yaw=-16.4 pitch=-7.5 cx=260.4015197753906
2025-11-25 15:48:25,661 - INFO - openpose - Gaze3D frame=32 id=right label=Right person v=[-0.411, -0.545, 0.730] yaw=-29.4 pitch=33.1 cx=424.5935821533203
2025-11-25 15:48:25,661 - INFO - openpose - Gaze PUB: people=2, frame_idx=32
2025-11-25 15:48:26,104 - INFO - openpose - Gaze3D frame=36 id=left label=Left person v=[-0.296, 0.017, 0.955] yaw=-17.2 pitch=-1.0 cx=259.9534454345703
2025-11-25 15:48:26,104 - INFO - openpose - Gaze3D frame=36 id=right label=Right person v=[-0.441, -0.501, 0.744] yaw=-30.6 pitch=30.1 cx=425.94508361816406
2025-11-25 15:48:26,104 - INFO - openpose - Gaze PUB: people=2, frame_idx=36
2025-11-25 15:48:26,545 - INFO - openpose - Gaze3D frame=40 id=left label=Left person v=[-0.349, 0.018, 0.937] yaw=-20.5 pitch=-1.0 cx=261.18287658691406
2025-11-25 15:48:26,545 - INFO - openpose - Gaze3D frame=40 id=right label=Right person v=[-0.444, -0.350, 0.825] yaw=-28.3 pitch=20.5 cx=426.70448303222656
2025-11-25 15:48:26,546 - INFO - openpose - Gaze PUB: people=2, frame_idx=40
2025-11-25 15:48:27,014 - INFO - openpose - Gaze3D frame=44 id=left label=Left person v=[-0.451, 0.006, 0.893] yaw=-26.8 pitch=-0.3 cx=261.5650634765625
2025-11-25 15:48:27,014 - INFO - openpose - Gaze3D frame=44 id=right label=Right person v=[-0.463, -0.435, 0.772] yaw=-31.0 pitch=25.8 cx=426.118408203125
2025-11-25 15:48:27,014 - INFO - openpose - Gaze PUB: people=2, frame_idx=44
2025-11-25 15:48:27,484 - INFO - openpose - Gaze3D frame=48 id=left label=Left person v=[-0.234, -0.750, 0.619] yaw=-20.7 pitch=48.6 cx=265.1035842895508
2025-11-25 15:48:27,484 - INFO - openpose - Gaze3D frame=48 id=right label=Right person v=[-0.420, -0.476, 0.772] yaw=-28.6 pitch=28.5 cx=424.5124816894531
2025-11-25 15:48:27,484 - INFO - openpose - Gaze PUB: people=2, frame_idx=48
2025-11-25 15:48:27,947 - INFO - openpose - Gaze3D frame=52 id=left label=Left person v=[-0.519, -0.419, 0.745] yaw=-34.9 pitch=24.8 cx=293.3658142089844
2025-11-25 15:48:27,948 - INFO - openpose - Gaze3D frame=52 id=right label=Right person v=[-0.394, -0.476, 0.786] yaw=-26.6 pitch=28.4 cx=427.5148010253906
2025-11-25 15:48:27,948 - INFO - openpose - Gaze PUB: people=2, frame_idx=52
2025-11-25 15:48:28,407 - INFO - openpose - Gaze3D frame=56 id=left label=Left person v=[-0.553, -0.531, 0.642] yaw=-40.8 pitch=32.1 cx=284.5055465698242
2025-11-25 15:48:28,407 - INFO - openpose - Gaze3D frame=56 id=right label=Right person v=[-0.423, -0.438, 0.793] yaw=-28.1 pitch=26.0 cx=428.1036376953125
2025-11-25 15:48:28,408 - INFO - openpose - Gaze PUB: people=2, frame_idx=56
2025-11-25 15:48:28,855 - INFO - openpose - Gaze3D frame=60 id=left label=Left person v=[-0.440, -0.487, 0.755] yaw=-30.2 pitch=29.1 cx=288.5212707519531
2025-11-25 15:48:28,855 - INFO - openpose - Gaze3D frame=60 id=right label=Right person v=[-0.492, -0.426, 0.759] yaw=-32.9 pitch=25.2 cx=428.3691101074219
2025-11-25 15:48:28,855 - INFO - openpose - Gaze PUB: people=2, frame_idx=60
2025-11-25 15:48:29,275 - INFO - openpose - Gaze3D frame=64 id=left label=Left person v=[-0.616, -0.102, 0.781] yaw=-38.2 pitch=5.8 cx=292.9402313232422
2025-11-25 15:48:29,275 - INFO - openpose - Gaze3D frame=64 id=right label=Right person v=[-0.522, -0.436, 0.733] yaw=-35.5 pitch=25.8 cx=428.4145202636719
2025-11-25 15:48:29,275 - INFO - openpose - Gaze PUB: people=2, frame_idx=64
2025-11-25 15:48:29,698 - INFO - openpose - Gaze3D frame=68 id=left label=Left person v=[-0.571, -0.279, 0.772] yaw=-36.5 pitch=16.2 cx=301.6895751953125
2025-11-25 15:48:29,698 - INFO - openpose - Gaze3D frame=68 id=right label=Right person v=[-0.527, -0.156, 0.835] yaw=-32.3 pitch=9.0 cx=431.2601013183594
2025-11-25 15:48:29,698 - INFO - openpose - Gaze PUB: people=2, frame_idx=68
2025-11-25 15:48:30,160 - INFO - openpose - Gaze3D frame=72 id=left label=Left person v=[-0.485, -0.228, 0.844] yaw=-29.9 pitch=13.2 cx=310.38201904296875
2025-11-25 15:48:30,161 - INFO - openpose - Gaze3D frame=72 id=right label=Right person v=[-0.509, -0.077, 0.857] yaw=-30.7 pitch=4.4 cx=432.3380889892578
2025-11-25 15:48:30,161 - INFO - openpose - Gaze PUB: people=2, frame_idx=72
2025-11-25 15:48:30,606 - INFO - openpose - Gaze3D frame=76 id=left label=Left person v=[-0.474, 0.203, 0.857] yaw=-29.0 pitch=-11.7 cx=315.13128662109375
2025-11-25 15:48:30,606 - INFO - openpose - Gaze3D frame=76 id=right label=Right person v=[-0.577, -0.147, 0.803] yaw=-35.7 pitch=8.4 cx=431.2840881347656
2025-11-25 15:48:30,606 - INFO - openpose - Gaze PUB: people=2, frame_idx=76
2025-11-25 15:48:31,061 - INFO - openpose - Gaze3D frame=80 id=left label=Left person v=[-0.453, 0.235, 0.860] yaw=-27.8 pitch=-13.6 cx=318.05189514160156
2025-11-25 15:48:31,061 - INFO - openpose - Gaze3D frame=80 id=right label=Right person v=[-0.567, -0.116, 0.815] yaw=-34.8 pitch=6.7 cx=431.8212585449219
2025-11-25 15:48:31,061 - INFO - openpose - Gaze PUB: people=2, frame_idx=80
2025-11-25 15:48:31,526 - INFO - openpose - Gaze3D frame=84 id=left label=Left person v=[-0.500, 0.069, 0.863] yaw=-30.1 pitch=-3.9 cx=320.8704833984375
2025-11-25 15:48:31,526 - INFO - openpose - Gaze3D frame=84 id=right label=Right person v=[-0.588, -0.035, 0.808] yaw=-36.0 pitch=2.0 cx=432.34710693359375
2025-11-25 15:48:31,526 - INFO - openpose - Gaze PUB: people=2, frame_idx=84
2025-11-25 15:48:32,003 - INFO - openpose - Gaze3D frame=88 id=left label=Left person v=[-0.448, 0.244, 0.860] yaw=-27.5 pitch=-14.1 cx=319.3412780761719
2025-11-25 15:48:32,003 - INFO - openpose - Gaze3D frame=88 id=right label=Right person v=[-0.593, -0.244, 0.767] yaw=-37.7 pitch=14.1 cx=431.0025634765625
2025-11-25 15:48:32,003 - INFO - openpose - Gaze PUB: people=2, frame_idx=88
2025-11-25 15:48:32,453 - INFO - openpose - Gaze3D frame=92 id=left label=Left person v=[-0.413, 0.266, 0.871] yaw=-25.4 pitch=-15.4 cx=315.0753479003906
2025-11-25 15:48:32,453 - INFO - openpose - Gaze3D frame=92 id=right label=Right person v=[-0.482, -0.269, 0.834] yaw=-30.0 pitch=15.6 cx=428.60809326171875
2025-11-25 15:48:32,453 - INFO - openpose - Gaze PUB: people=2, frame_idx=92
2025-11-25 15:48:32,929 - INFO - openpose - Gaze3D frame=96 id=left label=Left person v=[-0.350, -0.351, 0.868] yaw=-22.0 pitch=20.5 cx=295.72474670410156
2025-11-25 15:48:32,929 - INFO - openpose - Gaze3D frame=96 id=right label=Right person v=[-0.288, -0.306, 0.907] yaw=-17.6 pitch=17.8 cx=428.03028869628906
2025-11-25 15:48:32,929 - INFO - openpose - Gaze PUB: people=2, frame_idx=96
2025-11-25 15:48:33,372 - INFO - openpose - Gaze3D frame=100 id=left label=Left person v=[-0.139, -0.225, 0.964] yaw=-8.2 pitch=13.0 cx=265.8672332763672
2025-11-25 15:48:33,372 - INFO - openpose - Gaze3D frame=100 id=right label=Right person v=[-0.323, -0.460, 0.827] yaw=-21.4 pitch=27.4 cx=428.3277587890625
2025-11-25 15:48:33,372 - INFO - openpose - Gaze PUB: people=2, frame_idx=100
2025-11-25 15:48:33,811 - INFO - openpose - Gaze3D frame=104 id=left label=Left person v=[-0.299, 0.185, 0.936] yaw=-17.7 pitch=-10.7 cx=236.26112365722656
2025-11-25 15:48:33,811 - INFO - openpose - Gaze3D frame=104 id=right label=Right person v=[-0.611, -0.179, 0.771] yaw=-38.4 pitch=10.3 cx=429.173583984375
2025-11-25 15:48:33,811 - INFO - openpose - Gaze PUB: people=2, frame_idx=104
2025-11-25 15:48:34,271 - INFO - openpose - Gaze3D frame=108 id=left label=Left person v=[-0.307, 0.148, 0.940] yaw=-18.1 pitch=-8.5 cx=240.38887786865234
2025-11-25 15:48:34,271 - INFO - openpose - Gaze3D frame=108 id=right label=Right person v=[-0.557, 0.223, 0.800] yaw=-34.8 pitch=-12.9 cx=431.3640899658203
2025-11-25 15:48:34,271 - INFO - openpose - Gaze PUB: people=2, frame_idx=108
2025-11-25 15:48:34,717 - INFO - openpose - Gaze3D frame=112 id=left label=Left person v=[-0.273, 0.554, 0.787] yaw=-19.1 pitch=-33.6 cx=259.9306106567383
2025-11-25 15:48:34,717 - INFO - openpose - Gaze3D frame=112 id=right label=Right person v=[-0.330, 0.061, 0.942] yaw=-19.3 pitch=-3.5 cx=430.0321350097656
2025-11-25 15:48:34,717 - INFO - openpose - Gaze PUB: people=2, frame_idx=112
2025-11-25 15:48:35,196 - INFO - openpose - Gaze3D frame=116 id=left label=Left person v=[-0.150, 0.395, 0.906] yaw=-9.4 pitch=-23.3 cx=262.5902099609375
2025-11-25 15:48:35,196 - INFO - openpose - Gaze3D frame=116 id=right label=Right person v=[-0.347, 0.020, 0.938] yaw=-20.3 pitch=-1.2 cx=425.2847900390625
2025-11-25 15:48:35,196 - INFO - openpose - Gaze PUB: people=2, frame_idx=116
2025-11-25 15:48:35,647 - INFO - openpose - Gaze3D frame=120 id=left label=Left person v=[-0.034, 0.127, 0.991] yaw=-2.0 pitch=-7.3 cx=260.1751174926758
2025-11-25 15:48:35,647 - INFO - openpose - Gaze3D frame=120 id=right label=Right person v=[-0.414, 0.222, 0.883] yaw=-25.1 pitch=-12.8 cx=422.9377746582031
2025-11-25 15:48:35,647 - INFO - openpose - Gaze PUB: people=2, frame_idx=120
2025-11-25 15:48:36,083 - INFO - openpose - Gaze3D frame=124 id=left label=Left person v=[0.055, 0.019, 0.998] yaw=3.1 pitch=-1.1 cx=259.6274185180664
2025-11-25 15:48:36,083 - INFO - openpose - Gaze3D frame=124 id=right label=Right person v=[-0.504, 0.046, 0.862] yaw=-30.3 pitch=-2.6 cx=429.66552734375
2025-11-25 15:48:36,084 - INFO - openpose - Gaze PUB: people=2, frame_idx=124
2025-11-25 15:48:36,526 - INFO - openpose - Gaze3D frame=128 id=left label=Left person v=[-0.134, 0.218, 0.967] yaw=-7.9 pitch=-12.6 cx=260.14906311035156
2025-11-25 15:48:36,527 - INFO - openpose - Gaze3D frame=128 id=right label=Right person v=[-0.415, -0.120, 0.902] yaw=-24.7 pitch=6.9 cx=429.7113800048828
2025-11-25 15:48:36,527 - INFO - openpose - Gaze PUB: people=2, frame_idx=128
2025-11-25 15:48:36,948 - INFO - openpose - Gaze3D frame=132 id=left label=Left person v=[-0.217, 0.188, 0.958] yaw=-12.8 pitch=-10.9 cx=259.55845642089844
2025-11-25 15:48:36,948 - INFO - openpose - Gaze3D frame=132 id=right label=Right person v=[-0.426, -0.019, 0.905] yaw=-25.2 pitch=1.1 cx=427.0791473388672
2025-11-25 15:48:36,948 - INFO - openpose - Gaze PUB: people=2, frame_idx=132
2025-11-25 15:48:37,410 - INFO - openpose - Gaze3D frame=136 id=left label=Left person v=[-0.249, 0.141, 0.958] yaw=-14.5 pitch=-8.1 cx=259.44945526123047
2025-11-25 15:48:37,410 - INFO - openpose - Gaze3D frame=136 id=right label=Right person v=[-0.455, -0.112, 0.883] yaw=-27.3 pitch=6.4 cx=413.6082305908203
2025-11-25 15:48:37,410 - INFO - openpose - Gaze PUB: people=2, frame_idx=136
2025-11-25 15:48:37,850 - INFO - openpose - Gaze3D frame=140 id=left label=Left person v=[-0.212, 0.204, 0.956] yaw=-12.5 pitch=-11.7 cx=259.45765686035156
2025-11-25 15:48:37,850 - INFO - openpose - Gaze3D frame=140 id=right label=Right person v=[-0.298, -0.152, 0.942] yaw=-17.5 pitch=8.8 cx=430.3345947265625
2025-11-25 15:48:37,850 - INFO - openpose - Gaze PUB: people=2, frame_idx=140
2025-11-25 15:48:38,276 - INFO - openpose - Gaze3D frame=144 id=left label=Left person v=[-0.352, -0.134, 0.926] yaw=-20.8 pitch=7.7 cx=245.24665069580078
2025-11-25 15:48:38,277 - INFO - openpose - Gaze3D frame=144 id=right label=Right person v=[-0.454, 0.426, 0.783] yaw=-30.1 pitch=-25.2 cx=431.54345703125
2025-11-25 15:48:38,277 - INFO - openpose - Gaze PUB: people=2, frame_idx=144
2025-11-25 15:48:38,694 - INFO - openpose - Gaze3D frame=148 id=left label=Left person v=[-0.449, 0.086, 0.890] yaw=-26.8 pitch=-4.9 cx=210.72017669677734
2025-11-25 15:48:38,694 - INFO - openpose - Gaze3D frame=148 id=right label=Right person v=[-0.449, 0.132, 0.884] yaw=-26.9 pitch=-7.6 cx=428.3949432373047
2025-11-25 15:48:38,694 - INFO - openpose - Gaze PUB: people=2, frame_idx=148
2025-11-25 15:48:39,128 - INFO - openpose - Gaze3D frame=152 id=left label=Left person v=[-0.193, -0.105, 0.975] yaw=-11.2 pitch=6.1 cx=201.3697738647461
2025-11-25 15:48:39,128 - INFO - openpose - Gaze3D frame=152 id=right label=Right person v=[-0.526, 0.166, 0.834] yaw=-32.2 pitch=-9.5 cx=419.1909942626953
2025-11-25 15:48:39,128 - INFO - openpose - Gaze PUB: people=2, frame_idx=152
2025-11-25 15:48:39,587 - INFO - openpose - Gaze3D frame=156 id=left label=Left person v=[-0.259, -0.025, 0.966] yaw=-15.0 pitch=1.5 cx=238.14837646484375
2025-11-25 15:48:39,587 - INFO - openpose - Gaze3D frame=156 id=right label=Right person v=[-0.602, -0.385, 0.700] yaw=-40.7 pitch=22.6 cx=413.6806335449219
2025-11-25 15:48:39,587 - INFO - openpose - Gaze PUB: people=2, frame_idx=156
2025-11-25 15:48:40,041 - INFO - openpose - Gaze3D frame=160 id=left label=Left person v=[-0.151, 0.424, 0.893] yaw=-9.6 pitch=-25.1 cx=277.06158447265625
2025-11-25 15:48:40,041 - INFO - openpose - Gaze3D frame=160 id=right label=Right person v=[-0.585, -0.156, 0.796] yaw=-36.3 pitch=9.0 cx=420.98634338378906
2025-11-25 15:48:40,048 - INFO - openpose - Gaze PUB: people=2, frame_idx=160
2025-11-25 15:48:40,497 - INFO - openpose - Gaze3D frame=164 id=left label=Left person v=[-0.093, 0.262, 0.961] yaw=-5.5 pitch=-15.2 cx=274.73907470703125
2025-11-25 15:48:40,498 - INFO - openpose - Gaze3D frame=164 id=right label=Right person v=[-0.609, 0.253, 0.751] yaw=-39.0 pitch=-14.7 cx=420.8794250488281
2025-11-25 15:48:40,498 - INFO - openpose - Gaze PUB: people=2, frame_idx=164
2025-11-25 15:48:40,941 - INFO - openpose - Gaze3D frame=168 id=left label=Left person v=[-0.235, 0.312, 0.921] yaw=-14.3 pitch=-18.2 cx=264.20887756347656
2025-11-25 15:48:40,941 - INFO - openpose - Gaze3D frame=168 id=right label=Right person v=[-0.542, 0.249, 0.803] yaw=-34.0 pitch=-14.4 cx=422.9082794189453
2025-11-25 15:48:40,941 - INFO - openpose - Gaze PUB: people=2, frame_idx=168
2025-11-25 15:48:41,395 - INFO - openpose - Gaze3D frame=172 id=left label=Left person v=[-0.001, -0.086, 0.996] yaw=-0.0 pitch=4.9 cx=260.6409606933594
2025-11-25 15:48:41,395 - INFO - openpose - Gaze3D frame=172 id=right label=Right person v=[0.172, 0.917, -0.361] yaw=-25.5 pitch=-113.6 cx=426.2374267578125
2025-11-25 15:48:41,395 - INFO - openpose - Gaze PUB: people=2, frame_idx=172
2025-11-25 15:48:41,815 - INFO - openpose - Gaze3D frame=176 id=left label=Left person v=[-0.043, -0.065, 0.997] yaw=-2.4 pitch=3.7 cx=259.63267517089844
2025-11-25 15:48:41,815 - INFO - openpose - Gaze3D frame=176 id=right label=Right person v=[-0.237, -0.794, 0.560] yaw=-22.9 pitch=52.5 cx=409.25733947753906
2025-11-25 15:48:41,815 - INFO - openpose - Gaze PUB: people=2, frame_idx=176
2025-11-25 15:48:42,283 - INFO - openpose - Gaze3D frame=180 id=left label=Left person v=[-0.008, -0.103, 0.995] yaw=-0.5 pitch=5.9 cx=259.62056732177734
2025-11-25 15:48:42,283 - INFO - openpose - Gaze3D frame=180 id=right label=Right person v=[-0.350, -0.425, 0.835] yaw=-22.8 pitch=25.1 cx=398.6239929199219
2025-11-25 15:48:42,283 - INFO - openpose - Gaze PUB: people=2, frame_idx=180
2025-11-25 15:48:42,724 - INFO - openpose - Gaze3D frame=184 id=left label=Left person v=[-0.237, 0.182, 0.954] yaw=-13.9 pitch=-10.5 cx=259.3443145751953
2025-11-25 15:48:42,725 - INFO - openpose - Gaze3D frame=184 id=right label=Right person v=[-0.477, -0.131, 0.869] yaw=-28.8 pitch=7.5 cx=418.7117004394531
2025-11-25 15:48:42,725 - INFO - openpose - Gaze PUB: people=2, frame_idx=184
2025-11-25 15:48:43,183 - INFO - openpose - Gaze3D frame=188 id=left label=Left person v=[-0.234, 0.145, 0.961] yaw=-13.7 pitch=-8.4 cx=259.6968078613281
2025-11-25 15:48:43,184 - INFO - openpose - Gaze3D frame=188 id=right label=Right person v=[-0.350, -0.140, 0.926] yaw=-20.7 pitch=8.0 cx=434.0700378417969
2025-11-25 15:48:43,184 - INFO - openpose - Gaze PUB: people=2, frame_idx=188
2025-11-25 15:48:43,630 - INFO - openpose - Gaze3D frame=192 id=left label=Left person v=[-0.230, 0.201, 0.952] yaw=-13.6 pitch=-11.6 cx=259.23282623291016
2025-11-25 15:48:43,630 - INFO - openpose - Gaze3D frame=192 id=right label=Right person v=[-0.338, -0.145, 0.930] yaw=-20.0 pitch=8.3 cx=433.7868194580078
2025-11-25 15:48:43,630 - INFO - openpose - Gaze PUB: people=2, frame_idx=192
2025-11-25 15:48:44,082 - INFO - openpose - Gaze3D frame=196 id=left label=Left person v=[-0.314, 0.116, 0.942] yaw=-18.5 pitch=-6.6 cx=261.16526794433594
2025-11-25 15:48:44,083 - INFO - openpose - Gaze3D frame=196 id=right label=Right person v=[-0.327, -0.152, 0.933] yaw=-19.3 pitch=8.7 cx=432.7929992675781
2025-11-25 15:48:44,083 - INFO - openpose - Gaze PUB: people=2, frame_idx=196
2025-11-25 15:48:44,202 - INFO - openpose - Left person: Arm EXTENDED (depth-plane)
2025-11-25 15:48:44,202 - INFO - openpose - ZMQ Message received (non-blocking): PL: Arm Extended Check
2025-11-25 15:48:44,203 - INFO - openpose - ZMQ Sending: Left: Arm Extended
2025-11-25 15:48:44,270 - INFO - openpose - Left person: Arm RETRACTED (depth-plane)
2025-11-25 15:48:44,498 - INFO - openpose - Gaze3D frame=200 id=left label=Left person v=[-0.077, 0.396, 0.915] yaw=-4.8 pitch=-23.3 cx=262.36046600341797
2025-11-25 15:48:44,498 - INFO - openpose - Gaze3D frame=200 id=right label=Right person v=[-0.288, -0.060, 0.956] yaw=-16.7 pitch=3.4 cx=433.0652770996094
2025-11-25 15:48:44,498 - INFO - openpose - Gaze PUB: people=2, frame_idx=200
2025-11-25 15:48:44,499 - INFO - openpose - Robot's turn detected
2025-11-25 15:48:44,932 - INFO - openpose - Gaze3D frame=204 id=left label=Left person v=[-0.113, 0.309, 0.944] yaw=-6.8 pitch=-18.0 cx=267.9743347167969
2025-11-25 15:48:44,932 - INFO - openpose - Gaze3D frame=204 id=right label=Right person v=[-0.318, -0.019, 0.948] yaw=-18.5 pitch=1.1 cx=433.5047302246094
2025-11-25 15:48:44,932 - INFO - openpose - Gaze PUB: people=2, frame_idx=204
2025-11-25 15:48:44,934 - INFO - openpose - ZMQ Message received (non-blocking): PL: Arm Retracted Check
2025-11-25 15:48:44,934 - INFO - openpose - ZMQ Sending: Left: Arm Retracted
2025-11-25 15:48:45,371 - INFO - openpose - Gaze3D frame=208 id=left label=Left person v=[-0.239, 0.261, 0.935] yaw=-14.3 pitch=-15.1 cx=261.3799057006836
2025-11-25 15:48:45,372 - INFO - openpose - Gaze3D frame=208 id=right label=Right person v=[-0.278, -0.071, 0.958] yaw=-16.2 pitch=4.1 cx=434.5515594482422
2025-11-25 15:48:45,379 - INFO - openpose - Gaze PUB: people=2, frame_idx=208
2025-11-25 15:48:45,821 - INFO - openpose - Gaze3D frame=212 id=left label=Left person v=[-0.298, 0.363, 0.883] yaw=-18.6 pitch=-21.3 cx=260.9186248779297
2025-11-25 15:48:45,821 - INFO - openpose - Gaze3D frame=212 id=right label=Right person v=[-0.366, -0.083, 0.927] yaw=-21.6 pitch=4.7 cx=434.19627380371094
2025-11-25 15:48:45,821 - INFO - openpose - Gaze PUB: people=2, frame_idx=212
2025-11-25 15:48:46,236 - INFO - openpose - Gaze3D frame=216 id=left label=Left person v=[-0.212, 0.648, 0.731] yaw=-16.2 pitch=-40.4 cx=269.88497161865234
2025-11-25 15:48:46,236 - INFO - openpose - Gaze3D frame=216 id=right label=Right person v=[-0.368, -0.133, 0.920] yaw=-21.8 pitch=7.6 cx=433.54046630859375
2025-11-25 15:48:46,236 - INFO - openpose - Gaze PUB: people=2, frame_idx=216
2025-11-25 15:48:46,691 - INFO - openpose - Gaze3D frame=220 id=left label=Left person v=[-0.294, 0.654, 0.697] yaw=-22.9 pitch=-40.8 cx=276.02272033691406
2025-11-25 15:48:46,692 - INFO - openpose - Gaze3D frame=220 id=right label=Right person v=[-0.469, -0.187, 0.863] yaw=-28.5 pitch=10.8 cx=434.9671325683594
2025-11-25 15:48:46,692 - INFO - openpose - Gaze PUB: people=2, frame_idx=220
2025-11-25 15:48:47,164 - INFO - openpose - Gaze3D frame=224 id=left label=Left person v=[-0.244, 0.412, 0.878] yaw=-15.5 pitch=-24.3 cx=286.10211181640625
2025-11-25 15:48:47,164 - INFO - openpose - Gaze3D frame=224 id=right label=Right person v=[-0.449, -0.209, 0.869] yaw=-27.3 pitch=12.1 cx=435.0843963623047
2025-11-25 15:48:47,164 - INFO - openpose - Gaze PUB: people=2, frame_idx=224
2025-11-25 15:48:47,585 - INFO - openpose - Gaze3D frame=228 id=left label=Left person v=[-0.270, 0.259, 0.927] yaw=-16.2 pitch=-15.0 cx=288.0596466064453
2025-11-25 15:48:47,585 - INFO - openpose - Gaze3D frame=228 id=right label=Right person v=[-0.466, -0.059, 0.883] yaw=-27.8 pitch=3.4 cx=435.8381042480469
2025-11-25 15:48:47,585 - INFO - openpose - Gaze PUB: people=2, frame_idx=228
2025-11-25 15:48:48,026 - INFO - openpose - Gaze3D frame=232 id=left label=Left person v=[0.009, 0.047, 0.999] yaw=0.5 pitch=-2.7 cx=286.4528503417969
2025-11-25 15:48:48,026 - INFO - openpose - Gaze3D frame=232 id=right label=Right person v=[-0.371, -0.105, 0.923] yaw=-21.9 pitch=6.0 cx=438.1261291503906
2025-11-25 15:48:48,026 - INFO - openpose - Gaze PUB: people=2, frame_idx=232
2025-11-25 15:48:48,485 - INFO - openpose - Gaze3D frame=236 id=left label=Left person v=[-0.037, -0.175, 0.984] yaw=-2.2 pitch=10.1 cx=291.1179962158203
2025-11-25 15:48:48,485 - INFO - openpose - Gaze3D frame=236 id=right label=Right person v=[-0.471, -0.054, 0.880] yaw=-28.2 pitch=3.1 cx=437.62152099609375
2025-11-25 15:48:48,485 - INFO - openpose - Gaze PUB: people=2, frame_idx=236
2025-11-25 15:48:48,935 - INFO - openpose - Gaze3D frame=240 id=left label=Left person v=[-0.294, 0.080, 0.952] yaw=-17.1 pitch=-4.6 cx=305.1154327392578
2025-11-25 15:48:48,935 - INFO - openpose - Gaze3D frame=240 id=right label=Right person v=[-0.500, -0.115, 0.859] yaw=-30.2 pitch=6.6 cx=434.07615661621094
2025-11-25 15:48:48,935 - INFO - openpose - Gaze PUB: people=2, frame_idx=240
2025-11-25 15:48:49,399 - INFO - openpose - Gaze3D frame=244 id=left label=Left person v=[-0.112, -0.185, 0.976] yaw=-6.5 pitch=10.6 cx=300.1825866699219
2025-11-25 15:48:49,399 - INFO - openpose - Gaze3D frame=244 id=right label=Right person v=[-0.379, -0.288, 0.880] yaw=-23.3 pitch=16.7 cx=434.6419219970703
2025-11-25 15:48:49,400 - INFO - openpose - Gaze PUB: people=2, frame_idx=244
2025-11-25 15:48:49,811 - INFO - openpose - Gaze3D frame=248 id=left label=Left person v=[-0.228, 0.053, 0.972] yaw=-13.2 pitch=-3.1 cx=272.6574935913086
2025-11-25 15:48:49,812 - INFO - openpose - Gaze3D frame=248 id=right label=Right person v=[-0.443, -0.150, 0.884] yaw=-26.6 pitch=8.7 cx=432.7245788574219
2025-11-25 15:48:49,812 - INFO - openpose - Gaze PUB: people=2, frame_idx=248
2025-11-25 15:48:50,223 - INFO - openpose - Gaze3D frame=252 id=left label=Left person v=[-0.225, -0.054, 0.973] yaw=-13.0 pitch=3.1 cx=259.77870178222656
2025-11-25 15:48:50,223 - INFO - openpose - Gaze3D frame=252 id=right label=Right person v=[-0.409, -0.214, 0.887] yaw=-24.8 pitch=12.4 cx=431.2766571044922
2025-11-25 15:48:50,223 - INFO - openpose - Gaze PUB: people=2, frame_idx=252
2025-11-25 15:48:50,650 - INFO - openpose - Gaze3D frame=256 id=left label=Left person v=[-0.190, 0.032, 0.981] yaw=-10.9 pitch=-1.9 cx=256.62548828125
2025-11-25 15:48:50,651 - INFO - openpose - Gaze3D frame=256 id=right label=Right person v=[-0.455, -0.197, 0.868] yaw=-27.7 pitch=11.3 cx=431.35658264160156
2025-11-25 15:48:50,658 - INFO - openpose - Gaze PUB: people=2, frame_idx=256
2025-11-25 15:48:51,105 - INFO - openpose - Gaze3D frame=260 id=left label=Left person v=[-0.212, -0.051, 0.976] yaw=-12.3 pitch=2.9 cx=256.03516387939453
2025-11-25 15:48:51,105 - INFO - openpose - Gaze3D frame=260 id=right label=Right person v=[-0.533, -0.106, 0.840] yaw=-32.4 pitch=6.1 cx=431.364013671875
2025-11-25 15:48:51,105 - INFO - openpose - Gaze PUB: people=2, frame_idx=260
2025-11-25 15:48:51,561 - INFO - openpose - Gaze3D frame=264 id=left label=Left person v=[-0.112, -0.029, 0.993] yaw=-6.4 pitch=1.7 cx=257.0828857421875
2025-11-25 15:48:51,561 - INFO - openpose - Gaze3D frame=264 id=right label=Right person v=[-0.453, -0.083, 0.888] yaw=-27.0 pitch=4.8 cx=429.21653747558594
2025-11-25 15:48:51,561 - INFO - openpose - Gaze PUB: people=2, frame_idx=264
2025-11-25 15:48:52,027 - INFO - openpose - Gaze3D frame=268 id=left label=Left person v=[-0.208, 0.020, 0.978] yaw=-12.0 pitch=-1.1 cx=257.5575408935547
2025-11-25 15:48:52,027 - INFO - openpose - Gaze3D frame=268 id=right label=Right person v=[-0.484, -0.226, 0.845] yaw=-29.8 pitch=13.1 cx=424.96131896972656
2025-11-25 15:48:52,027 - INFO - openpose - Gaze PUB: people=2, frame_idx=268
2025-11-25 15:48:52,434 - INFO - openpose - Gaze3D frame=272 id=left label=Left person v=[-0.182, 0.039, 0.983] yaw=-10.5 pitch=-2.2 cx=258.19063568115234
2025-11-25 15:48:52,434 - INFO - openpose - Gaze3D frame=272 id=right label=Right person v=[-0.486, -0.295, 0.823] yaw=-30.6 pitch=17.1 cx=425.5526580810547
2025-11-25 15:48:52,434 - INFO - openpose - Gaze PUB: people=2, frame_idx=272
2025-11-25 15:48:52,865 - INFO - openpose - Gaze3D frame=276 id=left label=Left person v=[-0.253, 0.125, 0.959] yaw=-14.8 pitch=-7.2 cx=259.373291015625
2025-11-25 15:48:52,866 - INFO - openpose - Gaze3D frame=276 id=right label=Right person v=[-0.404, -0.246, 0.881] yaw=-24.6 pitch=14.2 cx=429.1873474121094
2025-11-25 15:48:52,866 - INFO - openpose - Gaze PUB: people=2, frame_idx=276
2025-11-25 15:48:53,303 - INFO - openpose - Gaze3D frame=280 id=left label=Left person v=[-0.207, -0.010, 0.978] yaw=-12.0 pitch=0.6 cx=260.42378997802734
2025-11-25 15:48:53,303 - INFO - openpose - Gaze3D frame=280 id=right label=Right person v=[-0.443, -0.348, 0.826] yaw=-28.2 pitch=20.3 cx=429.4457550048828
2025-11-25 15:48:53,303 - INFO - openpose - Gaze PUB: people=2, frame_idx=280
2025-11-25 15:48:53,738 - INFO - openpose - Gaze3D frame=284 id=left label=Left person v=[-0.522, -0.145, 0.841] yaw=-31.8 pitch=8.4 cx=259.9117126464844
2025-11-25 15:48:53,738 - INFO - openpose - Gaze3D frame=284 id=right label=Right person v=[-0.502, -0.257, 0.826] yaw=-31.3 pitch=14.9 cx=430.0244140625
2025-11-25 15:48:53,738 - INFO - openpose - Gaze PUB: people=2, frame_idx=284
2025-11-25 15:48:54,188 - INFO - openpose - Gaze3D frame=288 id=left label=Left person v=[-0.536, -0.511, 0.672] yaw=-38.6 pitch=30.7 cx=262.5572280883789
2025-11-25 15:48:54,189 - INFO - openpose - Gaze3D frame=288 id=right label=Right person v=[-0.436, -0.096, 0.895] yaw=-26.0 pitch=5.5 cx=431.34873962402344
2025-11-25 15:48:54,189 - INFO - openpose - Gaze PUB: people=2, frame_idx=288
2025-11-25 15:48:54,640 - INFO - openpose - Gaze3D frame=292 id=left label=Left person v=[-0.612, -0.113, 0.783] yaw=-38.0 pitch=6.5 cx=257.39257049560547
2025-11-25 15:48:54,640 - INFO - openpose - Gaze3D frame=292 id=right label=Right person v=[-0.438, -0.218, 0.872] yaw=-26.7 pitch=12.6 cx=431.8099822998047
2025-11-25 15:48:54,640 - INFO - openpose - Gaze PUB: people=2, frame_idx=292
2025-11-25 15:48:55,097 - INFO - openpose - Gaze3D frame=296 id=left label=Left person v=[-0.100, 0.450, 0.887] yaw=-6.4 pitch=-26.7 cx=257.3271484375
2025-11-25 15:48:55,097 - INFO - openpose - Gaze3D frame=296 id=right label=Right person v=[-0.499, -0.211, 0.840] yaw=-30.7 pitch=12.2 cx=431.7272186279297
2025-11-25 15:48:55,097 - INFO - openpose - Gaze PUB: people=2, frame_idx=296
2025-11-25 15:48:55,533 - INFO - openpose - Gaze3D frame=300 id=left label=Left person v=[-0.145, 0.512, 0.847] yaw=-9.7 pitch=-30.8 cx=300.2708435058594
2025-11-25 15:48:55,533 - INFO - openpose - Gaze3D frame=300 id=right label=Right person v=[-0.482, -0.267, 0.834] yaw=-30.0 pitch=15.5 cx=432.2124938964844
2025-11-25 15:48:55,533 - INFO - openpose - Gaze PUB: people=2, frame_idx=300
2025-11-25 15:48:56,620 - INFO - openpose - Gaze3D frame=304 id=left label=Left person v=[-0.559, -0.110, 0.822] yaw=-34.2 pitch=6.3 cx=432.1418762207031
2025-11-25 15:48:56,620 - INFO - openpose - Gaze3D frame=304 id=right label=Right person v=[-0.164, 0.097, 0.982] yaw=-9.5 pitch=-5.6 cx=528.2696075439453
2025-11-25 15:48:56,620 - INFO - openpose - Gaze PUB: people=2, frame_idx=304
2025-11-25 15:48:57,073 - INFO - openpose - Gaze3D frame=308 id=left label=Left person v=[-0.420, -0.244, 0.874] yaw=-25.7 pitch=14.1 cx=432.23683166503906
2025-11-25 15:48:57,073 - INFO - openpose - Gaze3D frame=308 id=right label=Right person v=[-0.262, -0.421, 0.868] yaw=-16.8 pitch=24.9 cx=603.55615234375
2025-11-25 15:48:57,073 - INFO - openpose - Gaze PUB: people=2, frame_idx=308
2025-11-25 15:48:57,543 - INFO - openpose - Gaze3D frame=312 id=left label=Left person v=[-0.469, -0.329, 0.820] yaw=-29.8 pitch=19.2 cx=431.0533142089844
2025-11-25 15:48:57,544 - INFO - openpose - Gaze3D frame=312 id=right label=Right person v=[-0.306, -0.646, 0.699] yaw=-23.7 pitch=40.3 cx=589.600830078125
2025-11-25 15:48:57,544 - INFO - openpose - Gaze PUB: people=2, frame_idx=312
2025-11-25 15:48:58,342 - INFO - openpose - Gaze3D frame=316 id=left label=Left person v=[-0.423, -0.225, 0.878] yaw=-25.7 pitch=13.0 cx=430.4768524169922
2025-11-25 15:48:58,342 - INFO - openpose - Gaze3D frame=316 id=left label=Left person v=[-0.496, -0.325, 0.805] yaw=-31.6 pitch=19.0 cx=412.7921447753906
2025-11-25 15:48:58,343 - INFO - openpose - Gaze PUB: people=2, frame_idx=316
2025-11-25 15:48:58,940 - INFO - openpose - Gaze3D frame=320 id=None label=None v=[-0.474, -0.024, 0.880] yaw=-28.3 pitch=1.4 cx=430.6941223144531
2025-11-25 15:48:58,940 - INFO - openpose - Gaze3D frame=320 id=None label=None v=[-0.389, -0.531, 0.753] yaw=-27.3 pitch=32.1 cx=395.3231506347656
2025-11-25 15:48:58,940 - INFO - openpose - Gaze3D frame=320 id=None label=None v=[-0.468, -0.154, 0.870] yaw=-28.3 pitch=8.8 cx=471.9824676513672
2025-11-25 15:48:58,940 - INFO - openpose - Gaze PUB: people=3, frame_idx=320
2025-11-25 15:48:59,185 - INFO - openpose - Gaze3D frame=320 id=left label=Left person v=[-0.471, -0.196, 0.860] yaw=-28.7 pitch=11.3 cx=430.88377380371094
2025-11-25 15:48:59,185 - INFO - openpose - Gaze3D frame=320 id=left label=Left person v=[-0.197, -0.422, 0.885] yaw=-12.5 pitch=25.0 cx=410.94818115234375
2025-11-25 15:48:59,185 - INFO - openpose - Gaze PUB: people=2, frame_idx=320
2025-11-25 15:48:59,691 - INFO - openpose - Gaze3D frame=324 id=left label=Left person v=[-0.568, 0.003, 0.823] yaw=-34.6 pitch=-0.2 cx=431.2422790527344
2025-11-25 15:48:59,691 - INFO - openpose - Gaze3D frame=324 id=right label=Right person v=[-0.241, 0.330, 0.912] yaw=-14.8 pitch=-19.3 cx=417.39842224121094
2025-11-25 15:48:59,691 - INFO - openpose - Gaze PUB: people=2, frame_idx=324
2025-11-25 15:49:00,133 - INFO - openpose - Gaze3D frame=328 id=None label=None v=[-0.069, 0.415, 0.907] yaw=-4.3 pitch=-24.5 cx=420.34303283691406
2025-11-25 15:49:00,133 - INFO - openpose - Gaze3D frame=328 id=None label=None v=[-0.465, -0.229, 0.855] yaw=-28.6 pitch=13.2 cx=430.59100341796875
2025-11-25 15:49:00,133 - INFO - openpose - Gaze PUB: people=2, frame_idx=328
2025-11-25 15:49:00,363 - INFO - openpose - Gaze3D frame=328 id=left label=Left person v=[-0.084, 0.031, 0.996] yaw=-4.8 pitch=-1.8 cx=420.34014892578125
2025-11-25 15:49:00,363 - INFO - openpose - Gaze3D frame=328 id=left label=Left person v=[-0.627, -0.079, 0.775] yaw=-39.0 pitch=4.5 cx=431.3710632324219
2025-11-25 15:49:00,363 - INFO - openpose - Gaze PUB: people=2, frame_idx=328
2025-11-25 15:49:00,795 - INFO - openpose - Gaze3D frame=332 id=left label=Left person v=[-0.514, -0.153, 0.844] yaw=-31.4 pitch=8.8 cx=431.36082458496094
2025-11-25 15:49:00,795 - INFO - openpose - Gaze3D frame=332 id=right label=Right person v=[-0.067, 0.022, 0.997] yaw=-3.9 pitch=-1.2 cx=414.9964599609375
2025-11-25 15:49:00,795 - INFO - openpose - Gaze PUB: people=2, frame_idx=332
2025-11-25 15:49:01,233 - INFO - openpose - Gaze3D frame=336 id=left label=Left person v=[-0.483, -0.012, 0.876] yaw=-28.9 pitch=0.7 cx=431.2524719238281
2025-11-25 15:49:01,233 - INFO - openpose - Gaze3D frame=336 id=left label=Left person v=[-0.093, 0.378, 0.921] yaw=-5.8 pitch=-22.2 cx=413.14381408691406
2025-11-25 15:49:01,233 - INFO - openpose - Gaze PUB: people=2, frame_idx=336
2025-11-25 15:49:01,708 - INFO - openpose - Gaze3D frame=340 id=left label=Left person v=[-0.583, -0.039, 0.811] yaw=-35.7 pitch=2.2 cx=431.28355407714844
2025-11-25 15:49:01,709 - INFO - openpose - Gaze3D frame=340 id=right label=Right person v=[0.018, 0.066, 0.998] yaw=1.0 pitch=-3.8 cx=409.33990478515625
2025-11-25 15:49:01,716 - INFO - openpose - Gaze PUB: people=2, frame_idx=340
2025-11-25 15:49:02,157 - INFO - openpose - Gaze3D frame=344 id=left label=Left person v=[-0.567, -0.029, 0.824] yaw=-34.5 pitch=1.6 cx=431.4241638183594
2025-11-25 15:49:02,157 - INFO - openpose - Gaze3D frame=344 id=right label=Right person v=[-0.123, 0.363, 0.924] yaw=-7.6 pitch=-21.3 cx=406.1370544433594
2025-11-25 15:49:02,157 - INFO - openpose - Gaze PUB: people=2, frame_idx=344
2025-11-25 15:49:02,602 - INFO - openpose - Gaze3D frame=348 id=left label=Left person v=[-0.276, -0.127, 0.953] yaw=-16.1 pitch=7.3 cx=409.94696044921875
2025-11-25 15:49:02,602 - INFO - openpose - Gaze3D frame=348 id=left label=Left person v=[-0.490, -0.071, 0.869] yaw=-29.4 pitch=4.0 cx=431.0914611816406
2025-11-25 15:49:02,602 - INFO - openpose - Gaze PUB: people=2, frame_idx=348
2025-11-25 15:49:03,069 - INFO - openpose - Gaze3D frame=352 id=left label=Left person v=[-0.195, -0.388, 0.901] yaw=-12.2 pitch=22.8 cx=411.44532775878906
2025-11-25 15:49:03,069 - INFO - openpose - Gaze3D frame=352 id=left label=Left person v=[-0.603, -0.083, 0.794] yaw=-37.2 pitch=4.7 cx=430.45489501953125
2025-11-25 15:49:03,069 - INFO - openpose - Gaze PUB: people=2, frame_idx=352
2025-11-25 15:49:03,511 - INFO - openpose - Gaze3D frame=356 id=left label=Left person v=[-0.480, 0.088, 0.873] yaw=-28.8 pitch=-5.0 cx=431.14013671875
2025-11-25 15:49:03,511 - INFO - openpose - Gaze3D frame=356 id=right label=Right person v=[-0.276, -0.163, 0.947] yaw=-16.2 pitch=9.4 cx=408.3195037841797
2025-11-25 15:49:03,511 - INFO - openpose - Gaze PUB: people=2, frame_idx=356
2025-11-25 15:49:03,969 - INFO - openpose - Gaze3D frame=360 id=left label=Left person v=[-0.259, -0.458, 0.850] yaw=-17.0 pitch=27.3 cx=410.52601623535156
2025-11-25 15:49:03,970 - INFO - openpose - Gaze3D frame=360 id=left label=Left person v=[-0.488, -0.020, 0.873] yaw=-29.2 pitch=1.2 cx=430.9436950683594
2025-11-25 15:49:03,970 - INFO - openpose - Gaze PUB: people=2, frame_idx=360
2025-11-25 15:49:04,392 - INFO - openpose - Gaze3D frame=364 id=left label=Left person v=[-0.309, 0.167, 0.936] yaw=-18.3 pitch=-9.6 cx=424.4219207763672
2025-11-25 15:49:04,392 - INFO - openpose - Gaze3D frame=364 id=left label=Left person v=[-0.360, -0.041, 0.932] yaw=-21.1 pitch=2.3 cx=431.4469451904297
2025-11-25 15:49:04,392 - INFO - openpose - Gaze PUB: people=2, frame_idx=364
2025-11-25 15:49:04,832 - INFO - openpose - Gaze3D frame=368 id=left label=Left person v=[-0.398, -0.036, 0.917] yaw=-23.4 pitch=2.0 cx=431.19960021972656
2025-11-25 15:49:04,832 - INFO - openpose - Gaze3D frame=368 id=right label=Right person v=[-0.272, -0.721, 0.637] yaw=-23.1 pitch=46.2 cx=495.5934753417969
2025-11-25 15:49:04,832 - INFO - openpose - Gaze PUB: people=2, frame_idx=368
2025-11-25 15:49:05,273 - INFO - openpose - Gaze3D frame=372 id=left label=Left person v=[-0.446, -0.137, 0.884] yaw=-26.8 pitch=7.9 cx=431.03155517578125
2025-11-25 15:49:05,273 - INFO - openpose - Gaze3D frame=372 id=right label=Right person v=[-0.257, -0.729, 0.634] yaw=-22.1 pitch=46.8 cx=546.6004638671875
2025-11-25 15:49:05,273 - INFO - openpose - Gaze PUB: people=2, frame_idx=372
2025-11-25 15:49:05,700 - INFO - openpose - Gaze3D frame=376 id=left label=Left person v=[-0.534, -0.091, 0.840] yaw=-32.4 pitch=5.2 cx=430.3033142089844
2025-11-25 15:49:05,701 - INFO - openpose - Gaze3D frame=376 id=right label=Right person v=[-0.256, -0.707, 0.659] yaw=-21.3 pitch=45.0 cx=539.9264221191406
2025-11-25 15:49:05,701 - INFO - openpose - Gaze PUB: people=2, frame_idx=376
2025-11-25 15:49:06,152 - INFO - openpose - Gaze3D frame=380 id=left label=Left person v=[-0.466, -0.210, 0.859] yaw=-28.5 pitch=12.1 cx=429.60394287109375
2025-11-25 15:49:06,153 - INFO - openpose - Gaze3D frame=380 id=right label=Right person v=[-0.215, -0.808, 0.548] yaw=-21.4 pitch=53.9 cx=527.5891418457031
2025-11-25 15:49:06,153 - INFO - openpose - Gaze PUB: people=2, frame_idx=380
2025-11-25 15:49:07,512 - INFO - openpose - Gaze3D frame=384 id=None label=None v=[-0.544, -0.106, 0.832] yaw=-33.2 pitch=6.1 cx=431.4076232910156
2025-11-25 15:49:07,513 - INFO - openpose - Gaze3D frame=384 id=None label=None v=[-0.174, -0.602, 0.779] yaw=-12.6 pitch=37.0 cx=338.5226287841797
2025-11-25 15:49:07,513 - INFO - openpose - Gaze PUB: people=2, frame_idx=384
2025-11-25 15:49:07,772 - INFO - openpose - Gaze3D frame=384 id=left label=Left person v=[-0.231, -0.577, 0.784] yaw=-16.4 pitch=35.2 cx=309.86488342285156
2025-11-25 15:49:07,772 - INFO - openpose - Gaze3D frame=384 id=right label=Right person v=[-0.485, 0.007, 0.874] yaw=-29.0 pitch=-0.4 cx=432.3161926269531
2025-11-25 15:49:07,772 - INFO - openpose - Gaze PUB: people=2, frame_idx=384
2025-11-25 15:49:08,248 - INFO - openpose - Gaze3D frame=388 id=left label=Left person v=[-0.264, -0.494, 0.828] yaw=-17.7 pitch=29.6 cx=287.61082458496094
2025-11-25 15:49:08,248 - INFO - openpose - Gaze3D frame=388 id=right label=Right person v=[-0.262, -0.307, 0.915] yaw=-16.0 pitch=17.9 cx=431.6845245361328
2025-11-25 15:49:08,249 - INFO - openpose - Gaze PUB: people=2, frame_idx=388
2025-11-25 15:49:08,710 - INFO - openpose - Gaze3D frame=392 id=left label=Left person v=[-0.164, -0.510, 0.844] yaw=-11.0 pitch=30.7 cx=256.38563537597656
2025-11-25 15:49:08,710 - INFO - openpose - Gaze3D frame=392 id=right label=Right person v=[-0.474, -0.092, 0.876] yaw=-28.4 pitch=5.3 cx=432.56053161621094
2025-11-25 15:49:08,710 - INFO - openpose - Gaze PUB: people=2, frame_idx=392
2025-11-25 15:49:09,159 - INFO - openpose - Gaze3D frame=396 id=left label=Left person v=[-0.314, 0.174, 0.933] yaw=-18.6 pitch=-10.0 cx=235.50164794921875
2025-11-25 15:49:09,159 - INFO - openpose - Gaze3D frame=396 id=right label=Right person v=[-0.397, -0.149, 0.906] yaw=-23.7 pitch=8.6 cx=431.947998046875
2025-11-25 15:49:09,159 - INFO - openpose - Gaze PUB: people=2, frame_idx=396
2025-11-25 15:49:09,596 - INFO - openpose - Gaze3D frame=400 id=left label=Left person v=[-0.179, 0.213, 0.961] yaw=-10.6 pitch=-12.3 cx=246.36273193359375
2025-11-25 15:49:09,596 - INFO - openpose - Gaze3D frame=400 id=right label=Right person v=[-0.402, -0.231, 0.886] yaw=-24.4 pitch=13.3 cx=427.8516387939453
2025-11-25 15:49:09,596 - INFO - openpose - Gaze PUB: people=2, frame_idx=400
2025-11-25 15:49:10,035 - INFO - openpose - Gaze3D frame=404 id=left label=Left person v=[-0.180, 0.251, 0.951] yaw=-10.7 pitch=-14.5 cx=248.0912322998047
2025-11-25 15:49:10,036 - INFO - openpose - Gaze3D frame=404 id=right label=Right person v=[-0.534, -0.288, 0.795] yaw=-33.9 pitch=16.7 cx=427.0736389160156
2025-11-25 15:49:10,036 - INFO - openpose - Gaze PUB: people=2, frame_idx=404
2025-11-25 15:49:10,506 - INFO - openpose - Gaze3D frame=408 id=left label=Left person v=[-0.469, 0.064, 0.881] yaw=-28.1 pitch=-3.7 cx=234.54212188720703
2025-11-25 15:49:10,507 - INFO - openpose - Gaze3D frame=408 id=right label=Right person v=[-0.408, -0.054, 0.911] yaw=-24.1 pitch=3.1 cx=434.6842041015625
2025-11-25 15:49:10,507 - INFO - openpose - Gaze PUB: people=2, frame_idx=408
2025-11-25 15:49:10,922 - INFO - openpose - Gaze3D frame=412 id=left label=Left person v=[-0.407, 0.132, 0.904] yaw=-24.3 pitch=-7.6 cx=235.44827270507812
2025-11-25 15:49:10,923 - INFO - openpose - Gaze3D frame=412 id=right label=Right person v=[-0.469, -0.087, 0.879] yaw=-28.1 pitch=5.0 cx=431.9844512939453
2025-11-25 15:49:10,923 - INFO - openpose - Gaze PUB: people=2, frame_idx=412
2025-11-25 15:49:11,376 - INFO - openpose - Gaze3D frame=416 id=left label=Left person v=[-0.273, 0.174, 0.946] yaw=-16.1 pitch=-10.0 cx=240.34481811523438
2025-11-25 15:49:11,376 - INFO - openpose - Gaze3D frame=416 id=right label=Right person v=[-0.379, -0.062, 0.923] yaw=-22.3 pitch=3.6 cx=432.3995819091797
2025-11-25 15:49:11,376 - INFO - openpose - Gaze PUB: people=2, frame_idx=416
2025-11-25 15:49:11,859 - INFO - openpose - Gaze3D frame=420 id=left label=Left person v=[-0.383, 0.148, 0.912] yaw=-22.8 pitch=-8.5 cx=241.1087188720703
2025-11-25 15:49:11,859 - INFO - openpose - Gaze3D frame=420 id=right label=Right person v=[-0.490, -0.131, 0.862] yaw=-29.7 pitch=7.5 cx=431.7289581298828
2025-11-25 15:49:11,860 - INFO - openpose - Gaze PUB: people=2, frame_idx=420
2025-11-25 15:49:12,325 - INFO - openpose - Gaze3D frame=424 id=left label=Left person v=[-0.238, 0.286, 0.928] yaw=-14.4 pitch=-16.6 cx=242.03924560546875
2025-11-25 15:49:12,325 - INFO - openpose - Gaze3D frame=424 id=right label=Right person v=[-0.489, -0.015, 0.872] yaw=-29.3 pitch=0.8 cx=432.97894287109375
2025-11-25 15:49:12,333 - INFO - openpose - Gaze PUB: people=2, frame_idx=424
2025-11-25 15:49:12,801 - INFO - openpose - Gaze3D frame=428 id=left label=Left person v=[-0.157, 0.233, 0.960] yaw=-9.3 pitch=-13.5 cx=241.94419860839844
2025-11-25 15:49:12,801 - INFO - openpose - Gaze3D frame=428 id=right label=Right person v=[-0.489, -0.217, 0.845] yaw=-30.1 pitch=12.6 cx=433.50599670410156
2025-11-25 15:49:12,801 - INFO - openpose - Gaze PUB: people=2, frame_idx=428
2025-11-25 15:49:13,264 - INFO - openpose - Gaze3D frame=432 id=left label=Left person v=[-0.185, 0.185, 0.965] yaw=-10.8 pitch=-10.7 cx=242.34693145751953
2025-11-25 15:49:13,264 - INFO - openpose - Gaze3D frame=432 id=right label=Right person v=[-0.505, -0.148, 0.850] yaw=-30.7 pitch=8.5 cx=433.5146026611328
2025-11-25 15:49:13,264 - INFO - openpose - Gaze PUB: people=2, frame_idx=432
2025-11-25 15:49:13,708 - INFO - openpose - Gaze3D frame=436 id=left label=Left person v=[-0.231, -0.613, 0.756] yaw=-17.0 pitch=37.8 cx=226.22158813476562
2025-11-25 15:49:13,708 - INFO - openpose - Gaze3D frame=436 id=right label=Right person v=[-0.470, -0.038, 0.882] yaw=-28.1 pitch=2.2 cx=432.9372253417969
2025-11-25 15:49:13,708 - INFO - openpose - Gaze PUB: people=2, frame_idx=436
2025-11-25 15:49:14,133 - INFO - openpose - Gaze3D frame=440 id=left label=Left person v=[-0.197, -0.660, 0.725] yaw=-15.2 pitch=41.3 cx=211.2300033569336
2025-11-25 15:49:14,133 - INFO - openpose - Gaze3D frame=440 id=right label=Right person v=[-0.451, -0.255, 0.856] yaw=-27.8 pitch=14.8 cx=433.42649841308594
2025-11-25 15:49:14,133 - INFO - openpose - Gaze PUB: people=2, frame_idx=440
2025-11-25 15:49:14,595 - INFO - openpose - Gaze3D frame=444 id=left label=Left person v=[-0.196, -0.588, 0.785] yaw=-14.0 pitch=36.0 cx=210.23445892333984
2025-11-25 15:49:14,595 - INFO - openpose - Gaze3D frame=444 id=right label=Right person v=[-0.535, 0.037, 0.844] yaw=-32.4 pitch=-2.1 cx=435.10040283203125
2025-11-25 15:49:14,595 - INFO - openpose - Gaze PUB: people=2, frame_idx=444
2025-11-25 15:49:15,015 - INFO - openpose - Gaze3D frame=448 id=left label=Left person v=[-0.167, -0.102, 0.981] yaw=-9.7 pitch=5.9 cx=206.7815399169922
2025-11-25 15:49:15,016 - INFO - openpose - Gaze3D frame=448 id=right label=Right person v=[-0.468, -0.364, 0.806] yaw=-30.2 pitch=21.3 cx=434.8816375732422
2025-11-25 15:49:15,016 - INFO - openpose - Gaze PUB: people=2, frame_idx=448
2025-11-25 15:49:15,455 - INFO - openpose - Gaze3D frame=452 id=left label=Left person v=[-0.423, -0.586, 0.691] yaw=-31.4 pitch=35.9 cx=209.4695587158203
2025-11-25 15:49:15,456 - INFO - openpose - Gaze3D frame=452 id=right label=Right person v=[-0.396, -0.427, 0.813] yaw=-26.0 pitch=25.3 cx=429.2113494873047
2025-11-25 15:49:15,456 - INFO - openpose - Gaze PUB: people=2, frame_idx=452
2025-11-25 15:49:15,888 - INFO - openpose - Gaze3D frame=456 id=left label=Left person v=[-0.305, -0.469, 0.829] yaw=-20.2 pitch=28.0 cx=228.4986572265625
2025-11-25 15:49:15,888 - INFO - openpose - Gaze3D frame=456 id=right label=Right person v=[-0.331, -0.342, 0.880] yaw=-20.6 pitch=20.0 cx=441.503173828125
2025-11-25 15:49:15,888 - INFO - openpose - Gaze PUB: people=2, frame_idx=456
2025-11-25 15:49:16,324 - INFO - openpose - Gaze3D frame=460 id=left label=Left person v=[-0.257, 0.202, 0.945] yaw=-15.2 pitch=-11.7 cx=238.04827880859375
2025-11-25 15:49:16,324 - INFO - openpose - Gaze3D frame=460 id=right label=Right person v=[-0.328, 0.003, 0.945] yaw=-19.1 pitch=-0.2 cx=462.6232452392578
2025-11-25 15:49:16,324 - INFO - openpose - Gaze PUB: people=2, frame_idx=460
2025-11-25 15:49:16,528 - INFO - openpose - Right person: Arm EXTENDED (depth-plane)
2025-11-25 15:49:16,528 - INFO - openpose - ZMQ Message received (non-blocking): PR: Arm Extended Check
2025-11-25 15:49:16,528 - INFO - openpose - ZMQ Sending: Right: Arm Extended
2025-11-25 15:49:16,776 - INFO - openpose - Gaze3D frame=464 id=left label=Left person v=[-0.278, 0.325, 0.904] yaw=-17.1 pitch=-19.0 cx=244.1729736328125
2025-11-25 15:49:16,776 - INFO - openpose - Gaze3D frame=464 id=right label=Right person v=[-0.351, -0.127, 0.928] yaw=-20.8 pitch=7.3 cx=446.10447692871094
2025-11-25 15:49:16,776 - INFO - openpose - Gaze PUB: people=2, frame_idx=464
2025-11-25 15:49:16,777 - INFO - openpose - Right person: Arm RETRACTED (depth-plane)
2025-11-25 15:49:16,777 - INFO - openpose - ZMQ Message received (non-blocking): PR: Arm Retracted Check
2025-11-25 15:49:16,777 - INFO - openpose - ZMQ Sending: Right: Arm Retracted
2025-11-25 15:49:17,249 - INFO - openpose - Gaze3D frame=468 id=left label=Left person v=[-0.288, 0.283, 0.915] yaw=-17.5 pitch=-16.5 cx=244.2345428466797
2025-11-25 15:49:17,250 - INFO - openpose - Gaze3D frame=468 id=right label=Right person v=[-0.500, -0.010, 0.866] yaw=-30.0 pitch=0.6 cx=420.49583435058594
2025-11-25 15:49:17,250 - INFO - openpose - Gaze PUB: people=2, frame_idx=468
2025-11-25 15:49:17,721 - INFO - openpose - Gaze3D frame=472 id=left label=Left person v=[-0.306, 0.276, 0.911] yaw=-18.5 pitch=-16.0 cx=244.79507446289062
2025-11-25 15:49:17,721 - INFO - openpose - Gaze3D frame=472 id=right label=Right person v=[-0.250, -0.018, 0.968] yaw=-14.5 pitch=1.0 cx=418.24107360839844
2025-11-25 15:49:17,729 - INFO - openpose - Gaze PUB: people=2, frame_idx=472
2025-11-25 15:49:18,200 - INFO - openpose - Gaze3D frame=476 id=left label=Left person v=[-0.280, 0.227, 0.933] yaw=-16.7 pitch=-13.1 cx=244.90298461914062
2025-11-25 15:49:18,200 - INFO - openpose - Gaze3D frame=476 id=right label=Right person v=[-0.073, -0.698, 0.713] yaw=-5.8 pitch=44.3 cx=406.20404052734375
2025-11-25 15:49:18,200 - INFO - openpose - Gaze PUB: people=2, frame_idx=476
2025-11-25 15:49:18,635 - INFO - openpose - Gaze3D frame=480 id=left label=Left person v=[-0.217, 0.267, 0.939] yaw=-13.0 pitch=-15.5 cx=248.7963638305664
2025-11-25 15:49:18,636 - INFO - openpose - Gaze3D frame=480 id=right label=Right person v=[-0.355, 0.001, 0.935] yaw=-20.8 pitch=-0.0 cx=413.2295684814453
2025-11-25 15:49:18,636 - INFO - openpose - Gaze PUB: people=2, frame_idx=480
2025-11-25 15:49:18,763 - INFO - openpose - Left person: Arm EXTENDED (depth-plane)
2025-11-25 15:49:18,764 - INFO - openpose - ZMQ Message received (non-blocking): PL: Arm Extended Check
2025-11-25 15:49:18,764 - INFO - openpose - ZMQ Sending: Left: Arm Extended
2025-11-25 15:49:19,085 - INFO - openpose - Gaze3D frame=484 id=left label=Left person v=[-0.211, 0.152, 0.966] yaw=-12.3 pitch=-8.7 cx=249.0152587890625
2025-11-25 15:49:19,085 - INFO - openpose - Gaze3D frame=484 id=right label=Right person v=[-0.440, -0.079, 0.895] yaw=-26.2 pitch=4.5 cx=413.18084716796875
2025-11-25 15:49:19,085 - INFO - openpose - Gaze PUB: people=2, frame_idx=484
2025-11-25 15:49:19,537 - INFO - openpose - Gaze3D frame=488 id=left label=Left person v=[-0.308, 0.198, 0.930] yaw=-18.3 pitch=-11.4 cx=252.59796905517578
2025-11-25 15:49:19,537 - INFO - openpose - Gaze3D frame=488 id=right label=Right person v=[-0.398, -0.223, 0.890] yaw=-24.1 pitch=12.9 cx=421.97499084472656
2025-11-25 15:49:19,537 - INFO - openpose - Gaze PUB: people=2, frame_idx=488
2025-11-25 15:49:19,972 - INFO - openpose - Gaze3D frame=492 id=left label=Left person v=[-0.273, 0.200, 0.941] yaw=-16.2 pitch=-11.5 cx=253.20722198486328
2025-11-25 15:49:19,972 - INFO - openpose - Gaze3D frame=492 id=right label=Right person v=[-0.431, -0.111, 0.895] yaw=-25.7 pitch=6.4 cx=426.7537841796875
2025-11-25 15:49:19,972 - INFO - openpose - Gaze PUB: people=2, frame_idx=492
2025-11-25 15:49:20,035 - INFO - openpose - Left person: Arm RETRACTED (depth-plane)
2025-11-25 15:49:20,035 - INFO - openpose - ZMQ Message received (non-blocking): PL: Arm Retracted Check
2025-11-25 15:49:20,035 - INFO - openpose - ZMQ Sending: Left: Arm Retracted
2025-11-25 15:49:20,442 - INFO - openpose - Gaze3D frame=496 id=left label=Left person v=[-0.232, 0.253, 0.939] yaw=-13.9 pitch=-14.6 cx=251.84712982177734
2025-11-25 15:49:20,443 - INFO - openpose - Gaze3D frame=496 id=right label=Right person v=[-0.360, -0.227, 0.905] yaw=-21.7 pitch=13.1 cx=422.3406219482422
2025-11-25 15:49:20,443 - INFO - openpose - Gaze PUB: people=2, frame_idx=496
2025-11-25 15:49:20,881 - INFO - openpose - Gaze3D frame=500 id=left label=Left person v=[-0.257, 0.223, 0.940] yaw=-15.3 pitch=-12.9 cx=252.23582458496094
2025-11-25 15:49:20,881 - INFO - openpose - Gaze3D frame=500 id=right label=Right person v=[-0.408, -0.419, 0.811] yaw=-26.7 pitch=24.8 cx=417.10357666015625
2025-11-25 15:49:20,881 - INFO - openpose - Gaze PUB: people=2, frame_idx=500
2025-11-25 15:49:21,314 - INFO - openpose - Gaze3D frame=504 id=left label=Left person v=[-0.233, 0.117, 0.965] yaw=-13.6 pitch=-6.7 cx=251.3927764892578
2025-11-25 15:49:21,314 - INFO - openpose - Gaze3D frame=504 id=right label=Right person v=[-0.303, -0.254, 0.919] yaw=-18.2 pitch=14.7 cx=417.9350280761719
2025-11-25 15:49:21,314 - INFO - openpose - Gaze PUB: people=2, frame_idx=504
2025-11-25 15:49:21,739 - INFO - openpose - Gaze3D frame=508 id=left label=Left person v=[-0.307, 0.168, 0.937] yaw=-18.1 pitch=-9.7 cx=250.32027435302734
2025-11-25 15:49:21,739 - INFO - openpose - Gaze3D frame=508 id=right label=Right person v=[-0.381, -0.192, 0.904] yaw=-22.9 pitch=11.0 cx=419.0508575439453
2025-11-25 15:49:21,739 - INFO - openpose - Gaze PUB: people=2, frame_idx=508
2025-11-25 15:49:22,157 - INFO - openpose - Gaze3D frame=512 id=left label=Left person v=[-0.269, 0.128, 0.955] yaw=-15.8 pitch=-7.4 cx=250.23509216308594
2025-11-25 15:49:22,157 - INFO - openpose - Gaze3D frame=512 id=right label=Right person v=[-0.479, -0.267, 0.836] yaw=-29.8 pitch=15.5 cx=422.11756896972656
2025-11-25 15:49:22,157 - INFO - openpose - Gaze PUB: people=2, frame_idx=512
2025-11-25 15:49:22,612 - INFO - openpose - Gaze3D frame=516 id=left label=Left person v=[-0.256, 0.130, 0.958] yaw=-15.0 pitch=-7.5 cx=250.48976135253906
2025-11-25 15:49:22,612 - INFO - openpose - Gaze3D frame=516 id=right label=Right person v=[-0.376, -0.425, 0.823] yaw=-24.6 pitch=25.2 cx=422.4788055419922
2025-11-25 15:49:22,612 - INFO - openpose - Gaze PUB: people=2, frame_idx=516
2025-11-25 15:49:23,061 - INFO - openpose - Gaze3D frame=520 id=left label=Left person v=[-0.242, 0.165, 0.956] yaw=-14.2 pitch=-9.5 cx=249.65890502929688
2025-11-25 15:49:23,061 - INFO - openpose - Gaze3D frame=520 id=right label=Right person v=[-0.455, -0.298, 0.839] yaw=-28.5 pitch=17.4 cx=424.36561584472656
2025-11-25 15:49:23,061 - INFO - openpose - Gaze PUB: people=2, frame_idx=520
2025-11-25 15:49:23,483 - INFO - openpose - Gaze3D frame=524 id=left label=Left person v=[-0.242, 0.173, 0.955] yaw=-14.2 pitch=-10.0 cx=248.09304809570312
2025-11-25 15:49:23,483 - INFO - openpose - Gaze3D frame=524 id=right label=Right person v=[-0.426, -0.360, 0.830] yaw=-27.2 pitch=21.1 cx=418.48329162597656
2025-11-25 15:49:23,483 - INFO - openpose - Gaze PUB: people=2, frame_idx=524
2025-11-25 15:49:23,934 - INFO - openpose - Gaze3D frame=528 id=left label=Left person v=[-0.242, 0.169, 0.955] yaw=-14.2 pitch=-9.7 cx=249.02156829833984
2025-11-25 15:49:23,934 - INFO - openpose - Gaze3D frame=528 id=right label=Right person v=[-0.435, -0.461, 0.773] yaw=-29.4 pitch=27.5 cx=391.11785888671875
2025-11-25 15:49:23,934 - INFO - openpose - Gaze PUB: people=2, frame_idx=528
2025-11-25 15:49:24,360 - INFO - openpose - Gaze3D frame=532 id=left label=Left person v=[-0.281, 0.114, 0.953] yaw=-16.4 pitch=-6.5 cx=247.45073699951172
2025-11-25 15:49:24,360 - INFO - openpose - Gaze3D frame=532 id=right label=Right person v=[-0.245, -0.304, 0.921] yaw=-14.9 pitch=17.7 cx=355.2880554199219
2025-11-25 15:49:24,360 - INFO - openpose - Gaze PUB: people=2, frame_idx=532
2025-11-25 15:49:24,820 - INFO - openpose - Gaze3D frame=536 id=left label=Left person v=[-0.292, 0.145, 0.945] yaw=-17.2 pitch=-8.3 cx=247.70928955078125
2025-11-25 15:49:24,821 - INFO - openpose - Gaze3D frame=536 id=right label=Right person v=[-0.360, -0.445, 0.820] yaw=-23.7 pitch=26.4 cx=323.5950164794922
2025-11-25 15:49:24,821 - INFO - openpose - Gaze PUB: people=2, frame_idx=536
2025-11-25 15:49:25,282 - INFO - openpose - Gaze3D frame=540 id=left label=Left person v=[-0.353, 0.068, 0.933] yaw=-20.7 pitch=-3.9 cx=246.1692352294922
2025-11-25 15:49:25,282 - INFO - openpose - Gaze3D frame=540 id=right label=Right person v=[-0.479, -0.611, 0.631] yaw=-37.2 pitch=37.6 cx=310.82228088378906
2025-11-25 15:49:25,282 - INFO - openpose - Gaze PUB: people=2, frame_idx=540
2025-11-25 15:49:25,722 - INFO - openpose - Gaze3D frame=544 id=left label=Left person v=[-0.318, 0.073, 0.945] yaw=-18.6 pitch=-4.2 cx=245.33895111083984
2025-11-25 15:49:25,722 - INFO - openpose - Gaze3D frame=544 id=right label=Right person v=[-0.384, -0.375, 0.844] yaw=-24.5 pitch=22.0 cx=309.8370666503906
2025-11-25 15:49:25,722 - INFO - openpose - Gaze PUB: people=2, frame_idx=544
2025-11-25 15:49:26,169 - INFO - openpose - Gaze3D frame=548 id=left label=Left person v=[-0.347, -0.005, 0.938] yaw=-20.3 pitch=0.3 cx=244.91978454589844
2025-11-25 15:49:26,169 - INFO - openpose - Gaze3D frame=548 id=right label=Right person v=[-0.497, -0.384, 0.778] yaw=-32.6 pitch=22.6 cx=310.2636413574219
2025-11-25 15:49:26,169 - INFO - openpose - Gaze PUB: people=2, frame_idx=548
2025-11-25 15:49:26,616 - INFO - openpose - Gaze3D frame=552 id=left label=Left person v=[-0.377, 0.063, 0.924] yaw=-22.2 pitch=-3.6 cx=245.09076690673828
2025-11-25 15:49:26,616 - INFO - openpose - Gaze3D frame=552 id=right label=Right person v=[-0.322, -0.341, 0.883] yaw=-20.0 pitch=20.0 cx=324.9178009033203
2025-11-25 15:49:26,616 - INFO - openpose - Gaze PUB: people=2, frame_idx=552
2025-11-25 15:49:27,082 - INFO - openpose - Gaze3D frame=556 id=left label=Left person v=[-0.363, 0.044, 0.931] yaw=-21.3 pitch=-2.5 cx=244.71676635742188
2025-11-25 15:49:27,082 - INFO - openpose - Gaze3D frame=556 id=right label=Right person v=[0.008, 0.996, 0.083] yaw=5.2 pitch=-85.2 cx=386.76849365234375
2025-11-25 15:49:27,082 - INFO - openpose - Gaze PUB: people=2, frame_idx=556
2025-11-25 15:49:27,555 - INFO - openpose - Gaze3D frame=560 id=left label=Left person v=[-0.340, 0.095, 0.936] yaw=-20.0 pitch=-5.4 cx=246.69318389892578
2025-11-25 15:49:27,556 - INFO - openpose - Gaze3D frame=560 id=right label=Right person v=[-0.126, -0.504, 0.854] yaw=-8.4 pitch=30.3 cx=419.8512725830078
2025-11-25 15:49:27,556 - INFO - openpose - Gaze PUB: people=2, frame_idx=560
2025-11-25 15:49:28,010 - INFO - openpose - Gaze3D frame=564 id=left label=Left person v=[-0.387, 0.195, 0.901] yaw=-23.3 pitch=-11.2 cx=247.3431625366211
2025-11-25 15:49:28,010 - INFO - openpose - Gaze3D frame=564 id=right label=Right person v=[-0.178, -0.641, 0.747] yaw=-13.4 pitch=39.9 cx=436.1402587890625
2025-11-25 15:49:28,010 - INFO - openpose - Gaze PUB: people=2, frame_idx=564
2025-11-25 15:49:28,456 - INFO - openpose - Gaze3D frame=568 id=left label=Left person v=[-0.228, 0.295, 0.928] yaw=-13.8 pitch=-17.2 cx=247.24243927001953
2025-11-25 15:49:28,456 - INFO - openpose - Gaze3D frame=568 id=right label=Right person v=[-0.302, -0.472, 0.828] yaw=-20.1 pitch=28.2 cx=458.3912048339844
2025-11-25 15:49:28,463 - INFO - openpose - Gaze PUB: people=2, frame_idx=568
2025-11-25 15:49:28,922 - INFO - openpose - Gaze3D frame=572 id=left label=Left person v=[-0.240, 0.314, 0.918] yaw=-14.7 pitch=-18.3 cx=250.7784194946289
2025-11-25 15:49:28,923 - INFO - openpose - Gaze3D frame=572 id=right label=Right person v=[-0.120, -0.797, 0.591] yaw=-11.5 pitch=52.9 cx=467.1836853027344
2025-11-25 15:49:28,923 - INFO - openpose - Gaze PUB: people=2, frame_idx=572
2025-11-25 15:49:29,354 - INFO - openpose - Gaze3D frame=576 id=left label=Left person v=[-0.300, 0.306, 0.904] yaw=-18.4 pitch=-17.8 cx=252.46568298339844
2025-11-25 15:49:29,355 - INFO - openpose - Gaze3D frame=576 id=right label=Right person v=[-0.181, -0.795, 0.578] yaw=-17.3 pitch=52.7 cx=468.8521270751953
2025-11-25 15:49:29,355 - INFO - openpose - Gaze PUB: people=2, frame_idx=576
2025-11-25 15:49:29,791 - INFO - openpose - Gaze3D frame=580 id=left label=Left person v=[-0.238, 0.252, 0.938] yaw=-14.2 pitch=-14.6 cx=253.31229400634766
2025-11-25 15:49:29,791 - INFO - openpose - Gaze3D frame=580 id=right label=Right person v=[-0.271, -0.723, 0.636] yaw=-23.1 pitch=46.3 cx=469.1830596923828
2025-11-25 15:49:29,792 - INFO - openpose - Gaze PUB: people=2, frame_idx=580
2025-11-25 15:49:30,243 - INFO - openpose - Gaze3D frame=584 id=left label=Left person v=[-0.287, 0.184, 0.940] yaw=-17.0 pitch=-10.6 cx=253.31084442138672
2025-11-25 15:49:30,243 - INFO - openpose - Gaze3D frame=584 id=right label=Right person v=[-0.197, -0.701, 0.686] yaw=-16.1 pitch=44.5 cx=454.54759216308594
2025-11-25 15:49:30,243 - INFO - openpose - Gaze PUB: people=2, frame_idx=584
2025-11-25 15:49:30,698 - INFO - openpose - Gaze3D frame=588 id=left label=Left person v=[-0.316, 0.284, 0.905] yaw=-19.2 pitch=-16.5 cx=252.34581756591797
2025-11-25 15:49:30,698 - INFO - openpose - Gaze3D frame=588 id=right label=Right person v=[-0.067, -0.909, 0.411] yaw=-9.2 pitch=65.4 cx=458.1848907470703
2025-11-25 15:49:30,698 - INFO - openpose - Gaze PUB: people=2, frame_idx=588
2025-11-25 15:49:31,108 - INFO - openpose - Gaze3D frame=592 id=left label=Left person v=[-0.351, -0.015, 0.936] yaw=-20.6 pitch=0.8 cx=231.91800689697266
2025-11-25 15:49:31,109 - INFO - openpose - Gaze3D frame=592 id=right label=Right person v=[0.017, -0.776, 0.630] yaw=1.6 pitch=50.9 cx=467.9711608886719
2025-11-25 15:49:31,109 - INFO - openpose - Gaze PUB: people=2, frame_idx=592
2025-11-25 15:49:31,532 - INFO - openpose - Gaze3D frame=596 id=left label=Left person v=[-0.366, -0.344, 0.865] yaw=-22.9 pitch=20.1 cx=208.34930419921875
2025-11-25 15:49:31,532 - INFO - openpose - Gaze3D frame=596 id=right label=Right person v=[-0.052, -0.743, 0.668] yaw=-4.5 pitch=48.0 cx=478.8427734375
2025-11-25 15:49:31,532 - INFO - openpose - Gaze PUB: people=2, frame_idx=596
2025-11-25 15:49:31,979 - INFO - openpose - Gaze3D frame=600 id=left label=Left person v=[-0.176, -0.357, 0.917] yaw=-10.9 pitch=20.9 cx=231.61854553222656
2025-11-25 15:49:31,979 - INFO - openpose - Gaze3D frame=600 id=right label=Right person v=[0.076, -0.732, 0.677] yaw=6.4 pitch=47.1 cx=486.8168640136719
2025-11-25 15:49:31,979 - INFO - openpose - Gaze PUB: people=2, frame_idx=600
2025-11-25 15:49:32,433 - INFO - openpose - Gaze3D frame=604 id=left label=Left person v=[-0.306, -0.512, 0.803] yaw=-20.9 pitch=30.8 cx=270.83251953125
2025-11-25 15:49:32,433 - INFO - openpose - Gaze3D frame=604 id=right label=Right person v=[-0.053, -0.637, 0.769] yaw=-3.9 pitch=39.6 cx=459.0172576904297
2025-11-25 15:49:32,433 - INFO - openpose - Gaze PUB: people=2, frame_idx=604
2025-11-25 15:49:32,892 - INFO - openpose - Gaze3D frame=608 id=left label=Left person v=[-0.341, -0.363, 0.867] yaw=-21.4 pitch=21.3 cx=279.5183563232422
2025-11-25 15:49:32,892 - INFO - openpose - Gaze3D frame=608 id=right label=Right person v=[-0.086, -0.837, 0.541] yaw=-9.0 pitch=56.8 cx=418.6555633544922
2025-11-25 15:49:32,892 - INFO - openpose - Gaze PUB: people=2, frame_idx=608
2025-11-25 15:49:33,359 - INFO - openpose - Gaze3D frame=612 id=left label=Left person v=[-0.399, -0.115, 0.909] yaw=-23.7 pitch=6.6 cx=266.7890319824219
2025-11-25 15:49:33,359 - INFO - openpose - Gaze3D frame=612 id=right label=Right person v=[-0.415, -0.684, 0.599] yaw=-34.7 pitch=43.2 cx=417.3002624511719
2025-11-25 15:49:33,359 - INFO - openpose - Gaze PUB: people=2, frame_idx=612
2025-11-25 15:49:33,820 - INFO - openpose - Gaze3D frame=616 id=left label=Left person v=[-0.213, 0.116, 0.970] yaw=-12.4 pitch=-6.6 cx=253.41770935058594
2025-11-25 15:49:33,828 - INFO - openpose - Gaze3D frame=616 id=right label=Right person v=[-0.482, -0.088, 0.872] yaw=-28.9 pitch=5.1 cx=424.27268981933594
2025-11-25 15:49:33,828 - INFO - openpose - Gaze PUB: people=2, frame_idx=616
2025-11-25 15:49:34,298 - INFO - openpose - Gaze3D frame=620 id=left label=Left person v=[-0.465, -0.011, 0.885] yaw=-27.7 pitch=0.6 cx=254.77082061767578
2025-11-25 15:49:34,299 - INFO - openpose - Gaze3D frame=620 id=right label=Right person v=[-0.215, -0.277, 0.937] yaw=-12.9 pitch=16.1 cx=444.63916015625
2025-11-25 15:49:34,299 - INFO - openpose - Gaze PUB: people=2, frame_idx=620
2025-11-25 15:49:34,726 - INFO - openpose - Gaze3D frame=624 id=left label=Left person v=[-0.458, -0.252, 0.853] yaw=-28.2 pitch=14.6 cx=257.3794403076172
2025-11-25 15:49:34,726 - INFO - openpose - Gaze3D frame=624 id=right label=Right person v=[-0.401, -0.508, 0.762] yaw=-27.8 pitch=30.6 cx=445.7752990722656
2025-11-25 15:49:34,726 - INFO - openpose - Gaze PUB: people=2, frame_idx=624
2025-11-25 15:49:35,153 - INFO - openpose - Gaze3D frame=628 id=left label=Left person v=[-0.557, -0.253, 0.791] yaw=-35.2 pitch=14.7 cx=259.8880310058594
2025-11-25 15:49:35,153 - INFO - openpose - Gaze3D frame=628 id=right label=Right person v=[-0.469, -0.313, 0.826] yaw=-29.6 pitch=18.2 cx=455.3909912109375
2025-11-25 15:49:35,153 - INFO - openpose - Gaze PUB: people=2, frame_idx=628
2025-11-25 15:49:35,594 - INFO - openpose - Gaze3D frame=632 id=left label=Left person v=[-0.469, -0.032, 0.883] yaw=-28.0 pitch=1.8 cx=260.68797302246094
2025-11-25 15:49:35,594 - INFO - openpose - Gaze3D frame=632 id=right label=Right person v=[-0.432, -0.381, 0.817] yaw=-27.9 pitch=22.4 cx=454.4059143066406
2025-11-25 15:49:35,594 - INFO - openpose - Gaze PUB: people=2, frame_idx=632
2025-11-25 15:49:36,037 - INFO - openpose - Gaze3D frame=636 id=left label=Left person v=[-0.480, -0.211, 0.851] yaw=-29.4 pitch=12.2 cx=258.57926177978516
2025-11-25 15:49:36,037 - INFO - openpose - Gaze3D frame=636 id=right label=Right person v=[-0.410, -0.199, 0.890] yaw=-24.7 pitch=11.4 cx=449.1595458984375
2025-11-25 15:49:36,037 - INFO - openpose - Gaze PUB: people=2, frame_idx=636
2025-11-25 15:49:36,455 - INFO - openpose - Gaze3D frame=640 id=left label=Left person v=[-0.410, -0.048, 0.911] yaw=-24.2 pitch=2.8 cx=257.5104064941406
2025-11-25 15:49:36,455 - INFO - openpose - Gaze3D frame=640 id=right label=Right person v=[-0.125, -0.636, 0.761] yaw=-9.3 pitch=39.5 cx=436.69749450683594
2025-11-25 15:49:36,455 - INFO - openpose - Gaze PUB: people=2, frame_idx=640
2025-11-25 15:49:36,871 - INFO - openpose - Gaze3D frame=644 id=left label=Left person v=[-0.429, 0.044, 0.902] yaw=-25.4 pitch=-2.5 cx=259.5519332885742
2025-11-25 15:49:36,871 - INFO - openpose - Gaze3D frame=644 id=right label=Right person v=[-0.097, -0.617, 0.781] yaw=-7.1 pitch=38.1 cx=404.5980682373047
2025-11-25 15:49:36,871 - INFO - openpose - Gaze PUB: people=2, frame_idx=644
2025-11-25 15:49:37,309 - INFO - openpose - Gaze3D frame=648 id=left label=Left person v=[-0.359, -0.091, 0.929] yaw=-21.1 pitch=5.2 cx=265.0893096923828
2025-11-25 15:49:37,310 - INFO - openpose - Gaze3D frame=648 id=right label=Right person v=[-0.054, -0.478, 0.877] yaw=-3.5 pitch=28.6 cx=377.3527526855469
2025-11-25 15:49:37,310 - INFO - openpose - Gaze PUB: people=2, frame_idx=648
2025-11-25 15:49:37,753 - INFO - openpose - Gaze3D frame=652 id=left label=Left person v=[0.008, -0.516, 0.856] yaw=0.5 pitch=31.1 cx=269.0951385498047
2025-11-25 15:49:37,753 - INFO - openpose - Gaze3D frame=652 id=right label=Right person v=[-0.288, -0.764, 0.577] yaw=-26.5 pitch=49.9 cx=349.6940612792969
2025-11-25 15:49:37,753 - INFO - openpose - Gaze PUB: people=2, frame_idx=652
2025-11-25 15:49:38,121 - INFO - openpose - Gaze3D frame=656 id=left label=Left person v=[-0.019, -0.628, 0.778] yaw=-1.4 pitch=38.9 cx=269.71800994873047
2025-11-25 15:49:38,121 - INFO - openpose - Gaze PUB: people=1, frame_idx=656
2025-11-25 15:49:38,539 - INFO - openpose - Gaze3D frame=660 id=left label=Left person v=[-0.247, -0.470, 0.847] yaw=-16.2 pitch=28.0 cx=264.16204833984375
2025-11-25 15:49:38,539 - INFO - openpose - Gaze3D frame=660 id=right label=Right person v=[-0.298, 0.072, 0.952] yaw=-17.4 pitch=-4.1 cx=363.0776672363281
2025-11-25 15:49:38,540 - INFO - openpose - Gaze PUB: people=2, frame_idx=660
2025-11-25 15:49:38,973 - INFO - openpose - Gaze3D frame=664 id=left label=Left person v=[-0.312, -0.024, 0.950] yaw=-18.2 pitch=1.4 cx=258.8475341796875
2025-11-25 15:49:38,973 - INFO - openpose - Gaze3D frame=664 id=right label=Right person v=[-0.005, 0.925, -0.380] yaw=0.8 pitch=-112.3 cx=393.16522216796875
2025-11-25 15:49:38,973 - INFO - openpose - Gaze PUB: people=2, frame_idx=664
2025-11-25 15:49:39,418 - INFO - openpose - Gaze3D frame=668 id=left label=Left person v=[-0.302, 0.104, 0.948] yaw=-17.7 pitch=-6.0 cx=257.90906524658203
2025-11-25 15:49:39,418 - INFO - openpose - Gaze3D frame=668 id=right label=Right person v=[-0.020, 0.363, 0.931] yaw=-1.2 pitch=-21.3 cx=384.8631591796875
2025-11-25 15:49:39,418 - INFO - openpose - Gaze PUB: people=2, frame_idx=668
2025-11-25 15:49:39,841 - INFO - openpose - Gaze3D frame=672 id=left label=Left person v=[-0.323, -0.029, 0.946] yaw=-18.9 pitch=1.7 cx=261.38340759277344
2025-11-25 15:49:39,841 - INFO - openpose - Gaze3D frame=672 id=right label=Right person v=[-0.108, 0.593, 0.798] yaw=-7.7 pitch=-36.4 cx=391.0059814453125
2025-11-25 15:49:39,841 - INFO - openpose - Gaze PUB: people=2, frame_idx=672
2025-11-25 15:49:40,298 - INFO - openpose - Gaze3D frame=676 id=left label=Left person v=[-0.318, 0.094, 0.943] yaw=-18.6 pitch=-5.4 cx=262.06427001953125
2025-11-25 15:49:40,298 - INFO - openpose - Gaze3D frame=676 id=right label=Right person v=[0.024, -0.163, 0.986] yaw=1.4 pitch=9.4 cx=405.90074157714844
2025-11-25 15:49:40,298 - INFO - openpose - Gaze PUB: people=2, frame_idx=676
2025-11-25 15:49:40,757 - INFO - openpose - Gaze3D frame=680 id=left label=Left person v=[-0.343, 0.071, 0.937] yaw=-20.1 pitch=-4.1 cx=261.5974578857422
2025-11-25 15:49:40,757 - INFO - openpose - Gaze3D frame=680 id=right label=Right person v=[0.142, -0.422, 0.895] yaw=9.0 pitch=25.0 cx=415.8658142089844
2025-11-25 15:49:40,758 - INFO - openpose - Gaze PUB: people=2, frame_idx=680
2025-11-25 15:49:41,199 - INFO - openpose - Gaze3D frame=684 id=left label=Left person v=[-0.329, -0.054, 0.943] yaw=-19.2 pitch=3.1 cx=262.03395080566406
2025-11-25 15:49:41,199 - INFO - openpose - Gaze3D frame=684 id=right label=Right person v=[0.097, -0.388, 0.916] yaw=6.1 pitch=22.9 cx=424.97576904296875
2025-11-25 15:49:41,199 - INFO - openpose - Gaze PUB: people=2, frame_idx=684
2025-11-25 15:49:41,654 - INFO - openpose - Gaze3D frame=688 id=left label=Left person v=[-0.289, -0.331, 0.898] yaw=-17.9 pitch=19.3 cx=260.99964904785156
2025-11-25 15:49:41,654 - INFO - openpose - Gaze3D frame=688 id=right label=Right person v=[0.030, -0.350, 0.936] yaw=1.8 pitch=20.5 cx=429.7170104980469
2025-11-25 15:49:41,654 - INFO - openpose - Gaze PUB: people=2, frame_idx=688
2025-11-25 15:49:42,107 - INFO - openpose - Gaze3D frame=692 id=left label=Left person v=[-0.014, -0.639, 0.769] yaw=-1.1 pitch=39.7 cx=256.8909225463867
2025-11-25 15:49:42,107 - INFO - openpose - Gaze3D frame=692 id=right label=Right person v=[0.117, -0.359, 0.926] yaw=7.2 pitch=21.1 cx=425.53077697753906
2025-11-25 15:49:42,108 - INFO - openpose - Gaze PUB: people=2, frame_idx=692
2025-11-25 15:49:42,579 - INFO - openpose - Gaze3D frame=696 id=left label=Left person v=[-0.040, -0.668, 0.743] yaw=-3.1 pitch=41.9 cx=256.2583541870117
2025-11-25 15:49:42,580 - INFO - openpose - Gaze3D frame=696 id=right label=Right person v=[0.070, -0.576, 0.814] yaw=4.9 pitch=35.2 cx=420.22792053222656
2025-11-25 15:49:42,580 - INFO - openpose - Gaze PUB: people=2, frame_idx=696
2025-11-25 15:49:43,053 - INFO - openpose - Gaze3D frame=700 id=left label=Left person v=[-0.065, -0.637, 0.768] yaw=-4.9 pitch=39.6 cx=256.0051727294922
2025-11-25 15:49:43,053 - INFO - openpose - Gaze3D frame=700 id=right label=Right person v=[-0.349, -0.278, 0.895] yaw=-21.3 pitch=16.2 cx=424.08518981933594
2025-11-25 15:49:43,053 - INFO - openpose - Gaze PUB: people=2, frame_idx=700
2025-11-25 15:49:43,517 - INFO - openpose - Gaze3D frame=704 id=left label=Left person v=[-0.398, -0.523, 0.753] yaw=-27.9 pitch=31.5 cx=258.9879379272461
2025-11-25 15:49:43,517 - INFO - openpose - Gaze3D frame=704 id=right label=Right person v=[-0.474, 0.159, 0.866] yaw=-28.7 pitch=-9.1 cx=427.9514465332031
2025-11-25 15:49:43,517 - INFO - openpose - Gaze PUB: people=2, frame_idx=704
2025-11-25 15:49:43,972 - INFO - openpose - Gaze3D frame=708 id=left label=Left person v=[-0.439, -0.413, 0.798] yaw=-28.8 pitch=24.4 cx=260.98211669921875
2025-11-25 15:49:43,973 - INFO - openpose - Gaze3D frame=708 id=right label=Right person v=[-0.535, -0.369, 0.760] yaw=-35.2 pitch=21.6 cx=428.8054504394531
2025-11-25 15:49:43,973 - INFO - openpose - Gaze PUB: people=2, frame_idx=708
2025-11-25 15:49:44,412 - INFO - openpose - Gaze3D frame=712 id=left label=Left person v=[-0.456, -0.455, 0.765] yaw=-30.8 pitch=27.1 cx=261.7245635986328
2025-11-25 15:49:44,412 - INFO - openpose - Gaze3D frame=712 id=right label=Right person v=[-0.552, -0.318, 0.771] yaw=-35.6 pitch=18.5 cx=428.7938537597656
2025-11-25 15:49:44,412 - INFO - openpose - Gaze PUB: people=2, frame_idx=712
2025-11-25 15:49:44,870 - INFO - openpose - Gaze3D frame=716 id=left label=Left person v=[-0.281, -0.229, 0.932] yaw=-16.8 pitch=13.2 cx=263.5534133911133
2025-11-25 15:49:44,871 - INFO - openpose - Gaze3D frame=716 id=right label=Right person v=[-0.305, -0.620, 0.723] yaw=-22.8 pitch=38.3 cx=427.8856201171875
2025-11-25 15:49:44,871 - INFO - openpose - Gaze PUB: people=2, frame_idx=716
2025-11-25 15:49:45,332 - INFO - openpose - Gaze3D frame=720 id=left label=Left person v=[-0.353, 0.026, 0.935] yaw=-20.7 pitch=-1.5 cx=264.30667877197266
2025-11-25 15:49:45,332 - INFO - openpose - Gaze3D frame=720 id=right label=Right person v=[-0.308, -0.491, 0.815] yaw=-20.7 pitch=29.4 cx=422.5700988769531
2025-11-25 15:49:45,332 - INFO - openpose - Gaze PUB: people=2, frame_idx=720
2025-11-25 15:49:45,771 - INFO - openpose - Gaze3D frame=724 id=left label=Left person v=[-0.284, 0.043, 0.958] yaw=-16.5 pitch=-2.4 cx=262.8771057128906
2025-11-25 15:49:45,772 - INFO - openpose - Gaze3D frame=724 id=right label=Right person v=[-0.320, -0.138, 0.937] yaw=-18.8 pitch=7.9 cx=420.47618103027344
2025-11-25 15:49:45,772 - INFO - openpose - Gaze PUB: people=2, frame_idx=724
2025-11-25 15:49:46,204 - INFO - openpose - Gaze3D frame=728 id=left label=Left person v=[-0.307, -0.389, 0.869] yaw=-19.5 pitch=22.9 cx=258.2450637817383
2025-11-25 15:49:46,204 - INFO - openpose - Gaze3D frame=728 id=right label=Right person v=[-0.381, -0.094, 0.920] yaw=-22.5 pitch=5.4 cx=419.5298767089844
2025-11-25 15:49:46,204 - INFO - openpose - Gaze PUB: people=2, frame_idx=728
2025-11-25 15:49:46,693 - INFO - openpose - Gaze3D frame=732 id=left label=Left person v=[-0.063, -0.681, 0.730] yaw=-5.0 pitch=42.9 cx=252.2606658935547
2025-11-25 15:49:46,693 - INFO - openpose - Gaze3D frame=732 id=right label=Right person v=[-0.447, -0.414, 0.793] yaw=-29.4 pitch=24.5 cx=419.81292724609375
2025-11-25 15:49:46,693 - INFO - openpose - Gaze PUB: people=2, frame_idx=732
2025-11-25 15:49:47,140 - INFO - openpose - Gaze3D frame=736 id=left label=Left person v=[-0.031, -0.692, 0.721] yaw=-2.5 pitch=43.8 cx=254.11923217773438
2025-11-25 15:49:47,141 - INFO - openpose - Gaze3D frame=736 id=right label=Right person v=[-0.351, -0.740, 0.574] yaw=-31.4 pitch=47.7 cx=421.70787048339844
2025-11-25 15:49:47,141 - INFO - openpose - Gaze PUB: people=2, frame_idx=736
2025-11-25 15:49:47,603 - INFO - openpose - Gaze3D frame=740 id=left label=Left person v=[-0.348, -0.133, 0.928] yaw=-20.6 pitch=7.7 cx=261.2945785522461
2025-11-25 15:49:47,603 - INFO - openpose - Gaze3D frame=740 id=right label=Right person v=[-0.307, -0.606, 0.734] yaw=-22.7 pitch=37.3 cx=418.27069091796875
2025-11-25 15:49:47,603 - INFO - openpose - Gaze PUB: people=2, frame_idx=740
2025-11-25 15:49:48,040 - INFO - openpose - Gaze3D frame=744 id=left label=Left person v=[-0.251, -0.250, 0.935] yaw=-15.0 pitch=14.5 cx=263.88524627685547
2025-11-25 15:49:48,040 - INFO - openpose - Gaze3D frame=744 id=right label=Right person v=[-0.236, -0.737, 0.633] yaw=-20.5 pitch=47.5 cx=414.6393127441406
2025-11-25 15:49:48,041 - INFO - openpose - Gaze PUB: people=2, frame_idx=744
2025-11-25 15:49:48,472 - INFO - openpose - Gaze3D frame=748 id=left label=Left person v=[-0.464, -0.101, 0.880] yaw=-27.8 pitch=5.8 cx=263.59254455566406
2025-11-25 15:49:48,472 - INFO - openpose - Gaze3D frame=748 id=right label=Right person v=[-0.180, -0.786, 0.591] yaw=-16.9 pitch=51.8 cx=415.36314392089844
2025-11-25 15:49:48,473 - INFO - openpose - Gaze PUB: people=2, frame_idx=748
2025-11-25 15:49:48,905 - INFO - openpose - Gaze3D frame=752 id=left label=Left person v=[-0.438, -0.108, 0.893] yaw=-26.1 pitch=6.2 cx=264.17491912841797
2025-11-25 15:49:48,905 - INFO - openpose - Gaze3D frame=752 id=right label=Right person v=[-0.405, -0.516, 0.755] yaw=-28.2 pitch=31.0 cx=415.2215881347656
2025-11-25 15:49:48,905 - INFO - openpose - Gaze PUB: people=2, frame_idx=752
2025-11-25 15:49:49,356 - INFO - openpose - Gaze3D frame=756 id=left label=Left person v=[-0.528, 0.186, 0.829] yaw=-32.5 pitch=-10.7 cx=265.3196105957031
2025-11-25 15:49:49,356 - INFO - openpose - Gaze3D frame=756 id=right label=Right person v=[-0.367, -0.358, 0.859] yaw=-23.1 pitch=21.0 cx=418.69517517089844
2025-11-25 15:49:49,356 - INFO - openpose - Gaze PUB: people=2, frame_idx=756
2025-11-25 15:49:49,827 - INFO - openpose - Gaze3D frame=760 id=left label=Left person v=[-0.574, 0.266, 0.774] yaw=-36.6 pitch=-15.4 cx=264.27398681640625
2025-11-25 15:49:49,828 - INFO - openpose - Gaze3D frame=760 id=right label=Right person v=[-0.458, -0.440, 0.773] yaw=-30.6 pitch=26.1 cx=423.7083435058594
2025-11-25 15:49:49,828 - INFO - openpose - Gaze PUB: people=2, frame_idx=760
2025-11-25 15:49:50,284 - INFO - openpose - Gaze3D frame=764 id=left label=Left person v=[-0.571, -0.010, 0.821] yaw=-34.8 pitch=0.6 cx=264.92186737060547
2025-11-25 15:49:50,284 - INFO - openpose - Gaze3D frame=764 id=right label=Right person v=[-0.269, -0.490, 0.829] yaw=-18.0 pitch=29.3 cx=429.870849609375
2025-11-25 15:49:50,284 - INFO - openpose - Gaze PUB: people=2, frame_idx=764
2025-11-25 15:49:50,737 - INFO - openpose - Gaze3D frame=768 id=left label=Left person v=[-0.560, 0.092, 0.823] yaw=-34.2 pitch=-5.3 cx=265.4746322631836
2025-11-25 15:49:50,737 - INFO - openpose - Gaze3D frame=768 id=right label=Right person v=[-0.126, -0.143, 0.982] yaw=-7.3 pitch=8.2 cx=432.26795959472656
2025-11-25 15:49:50,737 - INFO - openpose - Gaze PUB: people=2, frame_idx=768
2025-11-25 15:49:51,190 - INFO - openpose - Gaze3D frame=772 id=left label=Left person v=[0.049, -0.686, 0.726] yaw=3.9 pitch=43.3 cx=258.8841552734375
2025-11-25 15:49:51,190 - INFO - openpose - Gaze3D frame=772 id=right label=Right person v=[-0.419, -0.532, 0.736] yaw=-29.7 pitch=32.1 cx=430.86793518066406
2025-11-25 15:49:51,190 - INFO - openpose - Gaze PUB: people=2, frame_idx=772
2025-11-25 15:49:51,632 - INFO - openpose - Gaze3D frame=776 id=left label=Left person v=[0.011, -0.603, 0.798] yaw=0.8 pitch=37.1 cx=250.70980834960938
2025-11-25 15:49:51,632 - INFO - openpose - Gaze3D frame=776 id=right label=Right person v=[-0.269, -0.453, 0.850] yaw=-17.6 pitch=27.0 cx=431.7875061035156
2025-11-25 15:49:51,632 - INFO - openpose - Gaze PUB: people=2, frame_idx=776
2025-11-25 15:49:52,065 - INFO - openpose - Gaze3D frame=780 id=left label=Left person v=[0.047, -0.669, 0.742] yaw=3.6 pitch=42.0 cx=247.23263549804688
2025-11-25 15:49:52,065 - INFO - openpose - Gaze3D frame=780 id=right label=Right person v=[-0.251, -0.495, 0.832] yaw=-16.8 pitch=29.7 cx=432.9524383544922
2025-11-25 15:49:52,065 - INFO - openpose - Gaze PUB: people=2, frame_idx=780
2025-11-25 15:49:52,505 - INFO - openpose - Gaze3D frame=784 id=left label=Left person v=[0.005, -0.677, 0.736] yaw=0.4 pitch=42.6 cx=246.8024444580078
2025-11-25 15:49:52,505 - INFO - openpose - Gaze3D frame=784 id=right label=Right person v=[-0.466, -0.468, 0.751] yaw=-31.8 pitch=27.9 cx=434.0496063232422
2025-11-25 15:49:52,505 - INFO - openpose - Gaze PUB: people=2, frame_idx=784
2025-11-25 15:49:52,950 - INFO - openpose - Gaze3D frame=788 id=left label=Left person v=[-0.174, -0.415, 0.893] yaw=-11.0 pitch=24.5 cx=253.95075225830078
2025-11-25 15:49:52,950 - INFO - openpose - Gaze3D frame=788 id=right label=Right person v=[-0.466, -0.362, 0.808] yaw=-30.0 pitch=21.2 cx=444.57029724121094
2025-11-25 15:49:52,950 - INFO - openpose - Gaze PUB: people=2, frame_idx=788
2025-11-25 15:49:53,404 - INFO - openpose - Gaze3D frame=792 id=left label=Left person v=[-0.009, 0.230, 0.973] yaw=-0.6 pitch=-13.3 cx=264.7944641113281
2025-11-25 15:49:53,404 - INFO - openpose - Gaze3D frame=792 id=right label=Right person v=[-0.019, -0.544, 0.839] yaw=-1.3 pitch=33.0 cx=461.2294464111328
2025-11-25 15:49:53,404 - INFO - openpose - Gaze PUB: people=2, frame_idx=792
2025-11-25 15:49:53,847 - INFO - openpose - Gaze3D frame=796 id=left label=Left person v=[-0.252, 0.270, 0.929] yaw=-15.2 pitch=-15.7 cx=269.0048599243164
2025-11-25 15:49:53,847 - INFO - openpose - Gaze3D frame=796 id=right label=Right person v=[-0.083, -0.845, 0.528] yaw=-8.9 pitch=57.7 cx=470.2951965332031
2025-11-25 15:49:53,847 - INFO - openpose - Gaze PUB: people=2, frame_idx=796
2025-11-25 15:49:54,276 - INFO - openpose - Gaze3D frame=800 id=left label=Left person v=[-0.326, 0.295, 0.898] yaw=-20.0 pitch=-17.2 cx=270.7660217285156
2025-11-25 15:49:54,276 - INFO - openpose - Gaze3D frame=800 id=right label=Right person v=[-0.097, -0.764, 0.638] yaw=-8.7 pitch=49.8 cx=475.4325866699219
2025-11-25 15:49:54,276 - INFO - openpose - Gaze PUB: people=2, frame_idx=800
2025-11-25 15:49:54,741 - INFO - openpose - Gaze3D frame=804 id=left label=Left person v=[-0.398, 0.273, 0.876] yaw=-24.5 pitch=-15.9 cx=270.9321594238281
2025-11-25 15:49:54,741 - INFO - openpose - Gaze3D frame=804 id=right label=Right person v=[-0.115, -0.785, 0.608] yaw=-10.7 pitch=51.8 cx=464.28797912597656
2025-11-25 15:49:54,741 - INFO - openpose - Gaze PUB: people=2, frame_idx=804
2025-11-25 15:49:55,205 - INFO - openpose - Gaze3D frame=808 id=left label=Left person v=[-0.395, 0.235, 0.888] yaw=-24.0 pitch=-13.6 cx=270.66468811035156
2025-11-25 15:49:55,206 - INFO - openpose - Gaze3D frame=808 id=right label=Right person v=[-0.020, -0.854, 0.520] yaw=-2.2 pitch=58.6 cx=440.7308654785156
2025-11-25 15:49:55,206 - INFO - openpose - Gaze PUB: people=2, frame_idx=808
2025-11-25 15:49:55,665 - INFO - openpose - Gaze3D frame=812 id=left label=Left person v=[-0.277, 0.239, 0.930] yaw=-16.6 pitch=-13.8 cx=270.52442932128906
2025-11-25 15:49:55,665 - INFO - openpose - Gaze3D frame=812 id=right label=Right person v=[-0.072, -0.836, 0.544] yaw=-7.5 pitch=56.7 cx=438.99754333496094
2025-11-25 15:49:55,665 - INFO - openpose - Gaze PUB: people=2, frame_idx=812
2025-11-25 15:49:56,098 - INFO - openpose - Gaze3D frame=816 id=left label=Left person v=[-0.422, 0.191, 0.887] yaw=-25.4 pitch=-11.0 cx=270.0271301269531
2025-11-25 15:49:56,098 - INFO - openpose - Gaze3D frame=816 id=right label=Right person v=[-0.251, -0.537, 0.805] yaw=-17.3 pitch=32.5 cx=416.8101806640625
2025-11-25 15:49:56,098 - INFO - openpose - Gaze PUB: people=2, frame_idx=816
2025-11-25 15:49:56,561 - INFO - openpose - Gaze3D frame=820 id=left label=Left person v=[-0.425, 0.284, 0.860] yaw=-26.3 pitch=-16.5 cx=270.2794418334961
2025-11-25 15:49:56,561 - INFO - openpose - Gaze3D frame=820 id=right label=Right person v=[-0.167, -0.600, 0.782] yaw=-12.1 pitch=36.9 cx=409.88096618652344
2025-11-25 15:49:56,561 - INFO - openpose - Gaze PUB: people=2, frame_idx=820
2025-11-25 15:49:56,984 - INFO - openpose - Gaze3D frame=824 id=left label=Left person v=[-0.326, 0.176, 0.929] yaw=-19.3 pitch=-10.1 cx=270.9009780883789
2025-11-25 15:49:56,984 - INFO - openpose - Gaze3D frame=824 id=right label=Right person v=[-0.096, -0.626, 0.774] yaw=-7.1 pitch=38.7 cx=416.2557830810547
2025-11-25 15:49:56,984 - INFO - openpose - Gaze PUB: people=2, frame_idx=824
2025-11-25 15:49:57,429 - INFO - openpose - Gaze3D frame=828 id=left label=Left person v=[-0.334, 0.189, 0.923] yaw=-19.9 pitch=-10.9 cx=271.126708984375
2025-11-25 15:49:57,429 - INFO - openpose - Gaze3D frame=828 id=right label=Right person v=[-0.105, -0.724, 0.682] yaw=-8.8 pitch=46.4 cx=435.0250244140625
2025-11-25 15:49:57,429 - INFO - openpose - Gaze PUB: people=2, frame_idx=828
2025-11-25 15:49:57,878 - INFO - openpose - Gaze3D frame=832 id=left label=Left person v=[-0.285, 0.198, 0.938] yaw=-16.9 pitch=-11.4 cx=271.0828170776367
2025-11-25 15:49:57,878 - INFO - openpose - Gaze3D frame=832 id=right label=Right person v=[-0.158, -0.602, 0.782] yaw=-11.4 pitch=37.0 cx=440.08836364746094
2025-11-25 15:49:57,879 - INFO - openpose - Gaze PUB: people=2, frame_idx=832
2025-11-25 15:49:58,316 - INFO - openpose - Gaze3D frame=836 id=left label=Left person v=[-0.376, 0.192, 0.907] yaw=-22.5 pitch=-11.0 cx=271.01578521728516
2025-11-25 15:49:58,317 - INFO - openpose - Gaze3D frame=836 id=right label=Right person v=[-0.089, -0.757, 0.647] yaw=-7.8 pitch=49.2 cx=449.71461486816406
2025-11-25 15:49:58,317 - INFO - openpose - Gaze PUB: people=2, frame_idx=836
