2025-11-14 14:54:17,764 - INFO - openpose - OpenPose server started and bound to tcp://*:5555
2025-11-14 14:54:17,764 - INFO - openpose - OpenPose server started and bound to tcp://*:5556
2025-11-14 14:54:17,778 - INFO - openpose - Starting OpenPose
2025-11-14 14:54:18,716 - INFO - openpose - OpenPose initialized - waiting for turn_order
2025-11-14 14:54:37,238 - INFO - openpose - Message received: ybypbpbpy

2025-11-14 14:54:38,013 - INFO - openpose - Gaze3D frame=0 id=left label=Left person v=[-0.660, -0.026, 0.751] yaw=-41.3 pitch=1.5 cx=177.7681884765625
2025-11-14 14:54:38,013 - INFO - openpose - Gaze3D frame=0 id=right label=Right person v=[-0.296, -0.088, 0.951] yaw=-17.3 pitch=5.0 cx=374.90113830566406
2025-11-14 14:54:38,013 - INFO - openpose - Gaze PUB: people=2, frame_idx=0
2025-11-14 14:54:38,014 - INFO - openpose - Robot's turn detected
2025-11-14 14:54:38,476 - INFO - openpose - Gaze3D frame=4 id=left label=Left person v=[-0.337, 0.097, 0.936] yaw=-19.8 pitch=-5.6 cx=158.22476196289062
2025-11-14 14:54:38,476 - INFO - openpose - Gaze3D frame=4 id=right label=Right person v=[-0.276, -0.311, 0.909] yaw=-16.9 pitch=18.1 cx=364.1122741699219
2025-11-14 14:54:38,476 - INFO - openpose - Gaze PUB: people=2, frame_idx=4
2025-11-14 14:54:38,913 - INFO - openpose - Gaze3D frame=8 id=left label=Left person v=[-0.307, 0.019, 0.951] yaw=-17.9 pitch=-1.1 cx=167.71768188476562
2025-11-14 14:54:38,914 - INFO - openpose - Gaze3D frame=8 id=right label=Right person v=[-0.274, -0.520, 0.809] yaw=-18.7 pitch=31.3 cx=361.4202575683594
2025-11-14 14:54:38,914 - INFO - openpose - Gaze PUB: people=2, frame_idx=8
2025-11-14 14:54:39,380 - INFO - openpose - Gaze3D frame=12 id=left label=Left person v=[-0.129, -0.713, 0.690] yaw=-10.6 pitch=45.5 cx=162.83509063720703
2025-11-14 14:54:39,380 - INFO - openpose - Gaze3D frame=12 id=right label=Right person v=[-0.276, -0.576, 0.769] yaw=-19.8 pitch=35.2 cx=363.1380310058594
2025-11-14 14:54:39,388 - INFO - openpose - Gaze PUB: people=2, frame_idx=12
2025-11-14 14:54:39,836 - INFO - openpose - Gaze3D frame=16 id=left label=Left person v=[-0.134, -0.716, 0.685] yaw=-11.1 pitch=45.7 cx=162.3545684814453
2025-11-14 14:54:39,836 - INFO - openpose - Gaze3D frame=16 id=right label=Right person v=[-0.296, -0.484, 0.824] yaw=-19.7 pitch=28.9 cx=363.6011505126953
2025-11-14 14:54:39,836 - INFO - openpose - Gaze PUB: people=2, frame_idx=16
2025-11-14 14:54:40,289 - INFO - openpose - Gaze3D frame=20 id=left label=Left person v=[-0.094, -0.655, 0.750] yaw=-7.1 pitch=40.9 cx=162.57889556884766
2025-11-14 14:54:40,290 - INFO - openpose - Gaze3D frame=20 id=right label=Right person v=[-0.388, -0.192, 0.902] yaw=-23.3 pitch=11.1 cx=369.29029846191406
2025-11-14 14:54:40,290 - INFO - openpose - Gaze PUB: people=2, frame_idx=20
2025-11-14 14:54:40,746 - INFO - openpose - Gaze3D frame=24 id=left label=Left person v=[-0.611, -0.230, 0.757] yaw=-38.9 pitch=13.3 cx=167.13330078125
2025-11-14 14:54:40,746 - INFO - openpose - Gaze3D frame=24 id=right label=Right person v=[-0.439, -0.207, 0.874] yaw=-26.7 pitch=12.0 cx=371.5918731689453
2025-11-14 14:54:40,746 - INFO - openpose - Gaze PUB: people=2, frame_idx=24
2025-11-14 14:54:41,199 - INFO - openpose - Gaze3D frame=28 id=left label=Left person v=[-0.549, -0.309, 0.777] yaw=-35.2 pitch=18.0 cx=167.21072387695312
2025-11-14 14:54:41,199 - INFO - openpose - Gaze3D frame=28 id=right label=Right person v=[-0.259, -0.183, 0.949] yaw=-15.3 pitch=10.5 cx=365.2667236328125
2025-11-14 14:54:41,199 - INFO - openpose - Gaze PUB: people=2, frame_idx=28
2025-11-14 14:54:41,718 - INFO - openpose - Gaze3D frame=32 id=left label=Left person v=[-0.603, -0.227, 0.765] yaw=-38.2 pitch=13.1 cx=173.41920471191406
2025-11-14 14:54:41,718 - INFO - openpose - Gaze3D frame=32 id=right label=Right person v=[-0.178, -0.123, 0.976] yaw=-10.3 pitch=7.1 cx=366.61151123046875
2025-11-14 14:54:41,718 - INFO - openpose - Gaze PUB: people=2, frame_idx=32
2025-11-14 14:54:42,422 - INFO - openpose - Gaze3D frame=36 id=None label=None v=[0.026, 0.645, 0.764] yaw=2.0 pitch=-40.2 cx=392.40089416503906
2025-11-14 14:54:42,422 - INFO - openpose - Gaze3D frame=36 id=None label=None v=[-0.652, -0.116, 0.750] yaw=-41.0 pitch=6.6 cx=176.05221557617188
2025-11-14 14:54:42,422 - INFO - openpose - Gaze PUB: people=2, frame_idx=36
2025-11-14 14:54:42,684 - INFO - openpose - Gaze3D frame=36 id=left label=Left person v=[-0.669, -0.156, 0.727] yaw=-42.6 pitch=9.0 cx=176.8997573852539
2025-11-14 14:54:42,684 - INFO - openpose - Gaze3D frame=36 id=right label=Right person v=[0.075, 0.377, 0.923] yaw=4.7 pitch=-22.1 cx=392.29827880859375
2025-11-14 14:54:42,684 - INFO - openpose - Gaze PUB: people=2, frame_idx=36
2025-11-14 14:54:43,132 - INFO - openpose - Gaze3D frame=40 id=left label=Left person v=[-0.682, 0.113, 0.723] yaw=-43.3 pitch=-6.5 cx=176.2973175048828
2025-11-14 14:54:43,132 - INFO - openpose - Gaze3D frame=40 id=right label=Right person v=[-0.328, -0.365, 0.871] yaw=-20.6 pitch=21.4 cx=372.33522033691406
2025-11-14 14:54:43,132 - INFO - openpose - Gaze PUB: people=2, frame_idx=40
2025-11-14 14:54:43,565 - INFO - openpose - Gaze3D frame=44 id=left label=Left person v=[-0.512, 0.184, 0.839] yaw=-31.4 pitch=-10.6 cx=176.74110412597656
2025-11-14 14:54:43,565 - INFO - openpose - Gaze3D frame=44 id=right label=Right person v=[-0.276, -0.325, 0.905] yaw=-17.0 pitch=19.0 cx=366.7378387451172
2025-11-14 14:54:43,565 - INFO - openpose - Gaze PUB: people=2, frame_idx=44
2025-11-14 14:54:44,013 - INFO - openpose - Gaze3D frame=48 id=left label=Left person v=[-0.642, -0.008, 0.766] yaw=-40.0 pitch=0.4 cx=176.37391662597656
2025-11-14 14:54:44,013 - INFO - openpose - Gaze3D frame=48 id=right label=Right person v=[-0.369, -0.441, 0.818] yaw=-24.3 pitch=26.1 cx=366.90415954589844
2025-11-14 14:54:44,013 - INFO - openpose - Gaze PUB: people=2, frame_idx=48
2025-11-14 14:54:44,481 - INFO - openpose - Gaze3D frame=52 id=left label=Left person v=[-0.688, -0.122, 0.715] yaw=-43.9 pitch=7.0 cx=176.9847869873047
2025-11-14 14:54:44,481 - INFO - openpose - Gaze3D frame=52 id=right label=Right person v=[-0.253, -0.181, 0.950] yaw=-14.9 pitch=10.4 cx=367.8534393310547
2025-11-14 14:54:44,481 - INFO - openpose - Gaze PUB: people=2, frame_idx=52
2025-11-14 14:54:44,909 - INFO - openpose - Gaze3D frame=56 id=left label=Left person v=[-0.591, -0.205, 0.780] yaw=-37.2 pitch=11.8 cx=177.53567504882812
2025-11-14 14:54:44,909 - INFO - openpose - Gaze3D frame=56 id=right label=Right person v=[-0.039, -0.292, 0.956] yaw=-2.3 pitch=17.0 cx=366.25636291503906
2025-11-14 14:54:44,909 - INFO - openpose - Gaze PUB: people=2, frame_idx=56
2025-11-14 14:54:45,354 - INFO - openpose - Gaze3D frame=60 id=left label=Left person v=[-0.617, -0.022, 0.786] yaw=-38.1 pitch=1.3 cx=176.85003662109375
2025-11-14 14:54:45,354 - INFO - openpose - Gaze3D frame=60 id=right label=Right person v=[-0.265, -0.398, 0.878] yaw=-16.8 pitch=23.4 cx=367.6683654785156
2025-11-14 14:54:45,354 - INFO - openpose - Gaze PUB: people=2, frame_idx=60
2025-11-14 14:54:45,797 - INFO - openpose - Gaze3D frame=64 id=left label=Left person v=[-0.640, -0.011, 0.768] yaw=-39.8 pitch=0.7 cx=176.80120086669922
2025-11-14 14:54:45,797 - INFO - openpose - Gaze3D frame=64 id=right label=Right person v=[-0.213, -0.528, 0.822] yaw=-14.5 pitch=31.8 cx=368.38128662109375
2025-11-14 14:54:45,797 - INFO - openpose - Gaze PUB: people=2, frame_idx=64
2025-11-14 14:54:46,221 - INFO - openpose - Gaze3D frame=68 id=left label=Left person v=[-0.547, -0.399, 0.736] yaw=-36.6 pitch=23.5 cx=177.8128890991211
2025-11-14 14:54:46,221 - INFO - openpose - Gaze3D frame=68 id=right label=Right person v=[-0.263, -0.393, 0.881] yaw=-16.6 pitch=23.1 cx=368.80213928222656
2025-11-14 14:54:46,221 - INFO - openpose - Gaze PUB: people=2, frame_idx=68
2025-11-14 14:54:46,752 - INFO - openpose - Gaze3D frame=72 id=left label=Left person v=[-0.619, -0.348, 0.704] yaw=-41.3 pitch=20.3 cx=181.0771942138672
2025-11-14 14:54:46,752 - INFO - openpose - Gaze3D frame=72 id=right label=Right person v=[-0.270, -0.359, 0.893] yaw=-16.8 pitch=21.1 cx=364.5233612060547
2025-11-14 14:54:46,752 - INFO - openpose - Gaze PUB: people=2, frame_idx=72
2025-11-14 14:54:47,210 - INFO - openpose - Gaze3D frame=76 id=left label=Left person v=[-0.534, -0.268, 0.802] yaw=-33.7 pitch=15.5 cx=183.74407958984375
2025-11-14 14:54:47,210 - INFO - openpose - Gaze3D frame=76 id=right label=Right person v=[-0.320, -0.700, 0.639] yaw=-26.6 pitch=44.4 cx=370.1524658203125
2025-11-14 14:54:47,210 - INFO - openpose - Gaze PUB: people=2, frame_idx=76
2025-11-14 14:54:47,654 - INFO - openpose - Gaze3D frame=80 id=left label=Left person v=[-0.492, 0.019, 0.870] yaw=-29.5 pitch=-1.1 cx=186.1097183227539
2025-11-14 14:54:47,654 - INFO - openpose - Gaze3D frame=80 id=right label=Right person v=[-0.200, -0.182, 0.963] yaw=-11.7 pitch=10.5 cx=373.90892028808594
2025-11-14 14:54:47,654 - INFO - openpose - Gaze PUB: people=2, frame_idx=80
2025-11-14 14:54:48,110 - INFO - openpose - Gaze3D frame=84 id=left label=Left person v=[-0.603, -0.381, 0.701] yaw=-40.7 pitch=22.4 cx=182.6194305419922
2025-11-14 14:54:48,110 - INFO - openpose - Gaze3D frame=84 id=right label=Right person v=[-0.452, -0.363, 0.815] yaw=-29.0 pitch=21.3 cx=379.06553649902344
2025-11-14 14:54:48,110 - INFO - openpose - Gaze PUB: people=2, frame_idx=84
2025-11-14 14:54:48,555 - INFO - openpose - Gaze3D frame=88 id=left label=Left person v=[-0.485, -0.515, 0.707] yaw=-34.5 pitch=31.0 cx=180.2765121459961
2025-11-14 14:54:48,555 - INFO - openpose - Gaze3D frame=88 id=right label=Right person v=[-0.548, -0.080, 0.833] yaw=-33.4 pitch=4.6 cx=379.6582794189453
2025-11-14 14:54:48,555 - INFO - openpose - Gaze PUB: people=2, frame_idx=88
2025-11-14 14:54:49,017 - INFO - openpose - Gaze3D frame=92 id=left label=Left person v=[-0.528, -0.539, 0.656] yaw=-38.8 pitch=32.6 cx=179.81822967529297
2025-11-14 14:54:49,017 - INFO - openpose - Gaze3D frame=92 id=right label=Right person v=[-0.451, 0.423, 0.786] yaw=-29.8 pitch=-25.1 cx=377.0941619873047
2025-11-14 14:54:49,017 - INFO - openpose - Gaze PUB: people=2, frame_idx=92
2025-11-14 14:54:49,441 - INFO - openpose - Gaze3D frame=96 id=left label=Left person v=[-0.626, -0.365, 0.689] yaw=-42.3 pitch=21.4 cx=177.86467742919922
2025-11-14 14:54:49,441 - INFO - openpose - Gaze3D frame=96 id=right label=Right person v=[-0.348, -0.211, 0.913] yaw=-20.8 pitch=12.2 cx=369.22560119628906
2025-11-14 14:54:49,441 - INFO - openpose - Gaze PUB: people=2, frame_idx=96
2025-11-14 14:54:49,901 - INFO - openpose - Gaze3D frame=100 id=left label=Left person v=[-0.602, -0.198, 0.773] yaw=-37.9 pitch=11.4 cx=177.40943908691406
2025-11-14 14:54:49,901 - INFO - openpose - Gaze3D frame=100 id=right label=Right person v=[-0.380, -0.325, 0.866] yaw=-23.7 pitch=19.0 cx=368.0975341796875
2025-11-14 14:54:49,909 - INFO - openpose - Gaze PUB: people=2, frame_idx=100
2025-11-14 14:54:50,325 - INFO - openpose - Gaze3D frame=104 id=left label=Left person v=[-0.577, -0.281, 0.767] yaw=-36.9 pitch=16.3 cx=176.89240264892578
2025-11-14 14:54:50,325 - INFO - openpose - Gaze3D frame=104 id=right label=Right person v=[-0.434, -0.169, 0.885] yaw=-26.1 pitch=9.8 cx=370.4183044433594
2025-11-14 14:54:50,325 - INFO - openpose - Gaze PUB: people=2, frame_idx=104
2025-11-14 14:54:50,765 - INFO - openpose - Gaze3D frame=108 id=left label=Left person v=[-0.576, -0.466, 0.672] yaw=-40.6 pitch=27.8 cx=177.34039306640625
2025-11-14 14:54:50,765 - INFO - openpose - Gaze3D frame=108 id=right label=Right person v=[-0.465, 0.503, 0.729] yaw=-32.6 pitch=-30.2 cx=371.6335144042969
2025-11-14 14:54:50,765 - INFO - openpose - Gaze PUB: people=2, frame_idx=108
2025-11-14 14:54:51,183 - INFO - openpose - Gaze3D frame=112 id=left label=Left person v=[-0.574, -0.506, 0.644] yaw=-41.7 pitch=30.4 cx=186.4300537109375
2025-11-14 14:54:51,183 - INFO - openpose - Gaze3D frame=112 id=right label=Right person v=[-0.419, 0.147, 0.896] yaw=-25.0 pitch=-8.4 cx=370.75543212890625
2025-11-14 14:54:51,183 - INFO - openpose - Gaze PUB: people=2, frame_idx=112
2025-11-14 14:54:51,623 - INFO - openpose - Gaze3D frame=116 id=left label=Left person v=[-0.573, -0.568, 0.591] yaw=-44.1 pitch=34.6 cx=169.72145080566406
2025-11-14 14:54:51,623 - INFO - openpose - Gaze3D frame=116 id=right label=Right person v=[-0.360, 0.080, 0.930] yaw=-21.1 pitch=-4.6 cx=370.8721618652344
2025-11-14 14:54:51,623 - INFO - openpose - Gaze PUB: people=2, frame_idx=116
2025-11-14 14:54:52,062 - INFO - openpose - Gaze3D frame=120 id=left label=Left person v=[-0.686, 0.025, 0.727] yaw=-43.3 pitch=-1.4 cx=127.38967895507812
2025-11-14 14:54:52,062 - INFO - openpose - Gaze3D frame=120 id=right label=Right person v=[-0.185, -0.586, 0.789] yaw=-13.2 pitch=35.9 cx=358.8981170654297
2025-11-14 14:54:52,062 - INFO - openpose - Gaze PUB: people=2, frame_idx=120
2025-11-14 14:54:52,501 - INFO - openpose - Gaze3D frame=124 id=left label=Left person v=[-0.572, -0.042, 0.819] yaw=-35.0 pitch=2.4 cx=131.51810836791992
2025-11-14 14:54:52,501 - INFO - openpose - Gaze3D frame=124 id=right label=Right person v=[-0.139, -0.780, 0.610] yaw=-12.9 pitch=51.3 cx=353.5781707763672
2025-11-14 14:54:52,502 - INFO - openpose - Gaze PUB: people=2, frame_idx=124
2025-11-14 14:54:52,958 - INFO - openpose - Gaze3D frame=128 id=left label=Left person v=[-0.359, -0.504, 0.786] yaw=-24.5 pitch=30.2 cx=112.09056091308594
2025-11-14 14:54:52,958 - INFO - openpose - Gaze3D frame=128 id=right label=Right person v=[-0.122, -0.822, 0.557] yaw=-12.3 pitch=55.2 cx=356.2408447265625
2025-11-14 14:54:52,958 - INFO - openpose - Gaze PUB: people=2, frame_idx=128
2025-11-14 14:54:53,376 - INFO - openpose - Gaze3D frame=132 id=left label=Left person v=[-0.321, -0.699, 0.639] yaw=-26.7 pitch=44.4 cx=114.9495735168457
2025-11-14 14:54:53,376 - INFO - openpose - Gaze3D frame=132 id=right label=Right person v=[-0.125, -0.838, 0.531] yaw=-13.2 pitch=56.9 cx=355.7466125488281
2025-11-14 14:54:53,376 - INFO - openpose - Gaze PUB: people=2, frame_idx=132
2025-11-14 14:54:53,777 - INFO - openpose - Gaze3D frame=136 id=left label=Left person v=[-0.469, -0.268, 0.842] yaw=-29.1 pitch=15.5 cx=132.80939865112305
2025-11-14 14:54:53,777 - INFO - openpose - Gaze3D frame=136 id=right label=Right person v=[-0.067, -0.578, 0.813] yaw=-4.7 pitch=35.3 cx=354.26719665527344
2025-11-14 14:54:53,777 - INFO - openpose - Gaze PUB: people=2, frame_idx=136
2025-11-14 14:54:54,207 - INFO - openpose - Gaze3D frame=140 id=left label=Left person v=[-0.520, -0.177, 0.836] yaw=-31.9 pitch=10.2 cx=145.3905258178711
2025-11-14 14:54:54,207 - INFO - openpose - Gaze3D frame=140 id=right label=Right person v=[-0.045, -0.653, 0.756] yaw=-3.4 pitch=40.8 cx=356.1181335449219
2025-11-14 14:54:54,207 - INFO - openpose - Gaze PUB: people=2, frame_idx=140
2025-11-14 14:54:54,664 - INFO - openpose - Gaze3D frame=144 id=left label=Left person v=[-0.571, 0.105, 0.814] yaw=-35.0 pitch=-6.0 cx=158.11597442626953
2025-11-14 14:54:54,664 - INFO - openpose - Gaze3D frame=144 id=right label=Right person v=[0.089, -0.737, 0.670] yaw=7.6 pitch=47.5 cx=371.73326110839844
2025-11-14 14:54:54,664 - INFO - openpose - Gaze PUB: people=2, frame_idx=144
2025-11-14 14:54:55,124 - INFO - openpose - Gaze3D frame=148 id=left label=Left person v=[-0.580, 0.094, 0.809] yaw=-35.6 pitch=-5.4 cx=176.90973663330078
2025-11-14 14:54:55,125 - INFO - openpose - Gaze3D frame=148 id=right label=Right person v=[0.084, -0.728, 0.681] yaw=7.0 pitch=46.7 cx=373.43370056152344
2025-11-14 14:54:55,125 - INFO - openpose - Gaze PUB: people=2, frame_idx=148
2025-11-14 14:54:55,582 - INFO - openpose - Gaze3D frame=152 id=left label=Left person v=[-0.607, 0.238, 0.758] yaw=-38.7 pitch=-13.7 cx=185.7960662841797
2025-11-14 14:54:55,582 - INFO - openpose - Gaze3D frame=152 id=right label=Right person v=[-0.067, -0.684, 0.726] yaw=-5.3 pitch=43.2 cx=373.02818298339844
2025-11-14 14:54:55,582 - INFO - openpose - Gaze PUB: people=2, frame_idx=152
2025-11-14 14:54:55,583 - INFO - openpose - Left person: Arm EXTENDED (depth-plane)
2025-11-14 14:54:55,583 - INFO - openpose - ZMQ Message received (non-blocking): PL: Arm Extended Check
2025-11-14 14:54:55,583 - INFO - openpose - ZMQ Sending: Left: Arm Extended
2025-11-14 14:54:55,641 - INFO - openpose - Left person: Arm RETRACTED (depth-plane)
2025-11-14 14:54:55,641 - INFO - openpose - ZMQ Message received (non-blocking): PL: Arm Retracted Check
2025-11-14 14:54:55,642 - INFO - openpose - ZMQ Sending: Left: Arm Retracted
2025-11-14 14:54:55,704 - INFO - openpose - Robot's turn detected
2025-11-14 14:54:56,048 - INFO - openpose - Gaze3D frame=156 id=left label=Left person v=[-0.551, 0.330, 0.766] yaw=-35.7 pitch=-19.3 cx=179.21731567382812
2025-11-14 14:54:56,048 - INFO - openpose - Gaze3D frame=156 id=right label=Right person v=[0.031, -0.704, 0.710] yaw=2.5 pitch=44.7 cx=373.69261169433594
2025-11-14 14:54:56,048 - INFO - openpose - Gaze PUB: people=2, frame_idx=156
2025-11-14 14:54:56,478 - INFO - openpose - Gaze3D frame=160 id=left label=Left person v=[-0.561, 0.200, 0.803] yaw=-34.9 pitch=-11.6 cx=153.55261993408203
2025-11-14 14:54:56,479 - INFO - openpose - Gaze3D frame=160 id=right label=Right person v=[0.095, -0.384, 0.918] yaw=5.9 pitch=22.6 cx=375.56890869140625
2025-11-14 14:54:56,479 - INFO - openpose - Gaze PUB: people=2, frame_idx=160
2025-11-14 14:54:56,929 - INFO - openpose - Gaze3D frame=164 id=left label=Left person v=[-0.649, 0.048, 0.759] yaw=-40.5 pitch=-2.8 cx=163.29767608642578
2025-11-14 14:54:56,929 - INFO - openpose - Gaze3D frame=164 id=right label=Right person v=[0.031, -0.776, 0.630] yaw=2.8 pitch=50.9 cx=382.7532043457031
2025-11-14 14:54:56,929 - INFO - openpose - Gaze PUB: people=2, frame_idx=164
2025-11-14 14:54:57,384 - INFO - openpose - Gaze3D frame=168 id=left label=Left person v=[-0.537, 0.044, 0.843] yaw=-32.5 pitch=-2.5 cx=188.77462768554688
2025-11-14 14:54:57,385 - INFO - openpose - Gaze3D frame=168 id=right label=Right person v=[0.021, -0.637, 0.771] yaw=1.5 pitch=39.5 cx=386.43927001953125
2025-11-14 14:54:57,385 - INFO - openpose - Gaze PUB: people=2, frame_idx=168
2025-11-14 14:54:57,847 - INFO - openpose - Gaze3D frame=172 id=left label=Left person v=[-0.625, 0.088, 0.776] yaw=-38.8 pitch=-5.0 cx=186.65149688720703
2025-11-14 14:54:57,848 - INFO - openpose - Gaze3D frame=172 id=right label=Right person v=[0.062, -0.557, 0.828] yaw=4.3 pitch=33.8 cx=385.4607391357422
2025-11-14 14:54:57,848 - INFO - openpose - Gaze PUB: people=2, frame_idx=172
2025-11-14 14:54:58,290 - INFO - openpose - Gaze3D frame=176 id=left label=Left person v=[-0.641, 0.006, 0.768] yaw=-39.9 pitch=-0.3 cx=180.27023315429688
2025-11-14 14:54:58,290 - INFO - openpose - Gaze3D frame=176 id=right label=Right person v=[-0.066, -0.667, 0.743] yaw=-5.1 pitch=41.8 cx=386.671875
2025-11-14 14:54:58,290 - INFO - openpose - Gaze PUB: people=2, frame_idx=176
2025-11-14 14:54:58,739 - INFO - openpose - Gaze3D frame=180 id=left label=Left person v=[-0.647, -0.089, 0.758] yaw=-40.5 pitch=5.1 cx=181.83683013916016
2025-11-14 14:54:58,739 - INFO - openpose - Gaze3D frame=180 id=right label=Right person v=[-0.081, -0.872, 0.483] yaw=-9.6 pitch=60.7 cx=380.6114501953125
2025-11-14 14:54:58,739 - INFO - openpose - Gaze PUB: people=2, frame_idx=180
2025-11-14 14:54:59,191 - INFO - openpose - Gaze3D frame=184 id=left label=Left person v=[-0.638, 0.125, 0.760] yaw=-40.0 pitch=-7.2 cx=183.1350860595703
2025-11-14 14:54:59,192 - INFO - openpose - Gaze3D frame=184 id=right label=Right person v=[-0.059, -0.833, 0.549] yaw=-6.1 pitch=56.5 cx=386.4690246582031
2025-11-14 14:54:59,192 - INFO - openpose - Gaze PUB: people=2, frame_idx=184
2025-11-14 14:54:59,671 - INFO - openpose - Gaze3D frame=188 id=left label=Left person v=[-0.678, 0.017, 0.735] yaw=-42.7 pitch=-1.0 cx=185.23584747314453
2025-11-14 14:54:59,671 - INFO - openpose - Gaze3D frame=188 id=right label=Right person v=[-0.172, -0.690, 0.703] yaw=-13.8 pitch=43.7 cx=386.8079376220703
2025-11-14 14:54:59,672 - INFO - openpose - Gaze PUB: people=2, frame_idx=188
2025-11-14 14:55:00,120 - INFO - openpose - Gaze3D frame=192 id=left label=Left person v=[-0.676, -0.014, 0.737] yaw=-42.5 pitch=0.8 cx=185.94680786132812
2025-11-14 14:55:00,120 - INFO - openpose - Gaze3D frame=192 id=right label=Right person v=[-0.184, -0.612, 0.769] yaw=-13.5 pitch=37.7 cx=365.63999938964844
2025-11-14 14:55:00,120 - INFO - openpose - Gaze PUB: people=2, frame_idx=192
2025-11-14 14:55:00,572 - INFO - openpose - Gaze3D frame=196 id=left label=Left person v=[-0.631, -0.002, 0.776] yaw=-39.1 pitch=0.1 cx=185.00835418701172
2025-11-14 14:55:00,572 - INFO - openpose - Gaze3D frame=196 id=right label=Right person v=[-0.295, -0.637, 0.712] yaw=-22.5 pitch=39.6 cx=334.0174560546875
2025-11-14 14:55:00,572 - INFO - openpose - Gaze PUB: people=2, frame_idx=196
2025-11-14 14:55:01,025 - INFO - openpose - Gaze3D frame=200 id=left label=Left person v=[-0.651, -0.312, 0.692] yaw=-43.3 pitch=18.1 cx=184.09133911132812
2025-11-14 14:55:01,025 - INFO - openpose - Gaze3D frame=200 id=right label=Right person v=[-0.169, -0.303, 0.938] yaw=-10.2 pitch=17.6 cx=331.64178466796875
2025-11-14 14:55:01,025 - INFO - openpose - Gaze PUB: people=2, frame_idx=200
2025-11-14 14:55:01,461 - INFO - openpose - Gaze3D frame=204 id=left label=Left person v=[-0.662, -0.340, 0.667] yaw=-44.8 pitch=19.9 cx=186.02245330810547
2025-11-14 14:55:01,461 - INFO - openpose - Gaze3D frame=204 id=right label=Right person v=[-0.187, 0.042, 0.981] yaw=-10.8 pitch=-2.4 cx=336.66502380371094
2025-11-14 14:55:01,461 - INFO - openpose - Gaze PUB: people=2, frame_idx=204
2025-11-14 14:55:01,854 - INFO - openpose - Gaze3D frame=208 id=left label=Left person v=[-0.643, -0.054, 0.764] yaw=-40.1 pitch=3.1 cx=185.8619384765625
2025-11-14 14:55:01,854 - INFO - openpose - Gaze3D frame=208 id=right label=Right person v=[-0.211, -0.110, 0.971] yaw=-12.3 pitch=6.3 cx=339.8898010253906
2025-11-14 14:55:01,854 - INFO - openpose - Gaze PUB: people=2, frame_idx=208
2025-11-14 14:55:02,281 - INFO - openpose - Gaze3D frame=212 id=left label=Left person v=[-0.640, -0.394, 0.659] yaw=-44.2 pitch=23.2 cx=185.67520141601562
2025-11-14 14:55:02,282 - INFO - openpose - Gaze3D frame=212 id=right label=Right person v=[0.033, -0.206, 0.978] yaw=2.0 pitch=11.9 cx=343.20233154296875
2025-11-14 14:55:02,282 - INFO - openpose - Gaze PUB: people=2, frame_idx=212
2025-11-14 14:55:02,735 - INFO - openpose - Gaze3D frame=216 id=left label=Left person v=[-0.644, -0.348, 0.681] yaw=-43.4 pitch=20.4 cx=186.28123474121094
2025-11-14 14:55:02,735 - INFO - openpose - Gaze3D frame=216 id=right label=Right person v=[0.063, -0.302, 0.951] yaw=3.8 pitch=17.6 cx=380.0567321777344
2025-11-14 14:55:02,735 - INFO - openpose - Gaze PUB: people=2, frame_idx=216
2025-11-14 14:55:03,194 - INFO - openpose - Gaze3D frame=220 id=left label=Left person v=[-0.676, -0.198, 0.710] yaw=-43.6 pitch=11.4 cx=185.66466522216797
2025-11-14 14:55:03,194 - INFO - openpose - Gaze3D frame=220 id=right label=Right person v=[-0.058, -0.173, 0.983] yaw=-3.4 pitch=9.9 cx=387.50086975097656
2025-11-14 14:55:03,194 - INFO - openpose - Gaze PUB: people=2, frame_idx=220
2025-11-14 14:55:03,619 - INFO - openpose - Gaze3D frame=224 id=left label=Left person v=[-0.663, -0.248, 0.707] yaw=-43.1 pitch=14.3 cx=185.5033187866211
2025-11-14 14:55:03,619 - INFO - openpose - Gaze3D frame=224 id=right label=Right person v=[-0.060, -0.195, 0.979] yaw=-3.5 pitch=11.2 cx=366.7342529296875
2025-11-14 14:55:03,619 - INFO - openpose - Gaze PUB: people=2, frame_idx=224
2025-11-14 14:55:04,056 - INFO - openpose - Gaze3D frame=228 id=left label=Left person v=[-0.660, -0.148, 0.737] yaw=-41.8 pitch=8.5 cx=185.38404846191406
2025-11-14 14:55:04,056 - INFO - openpose - Gaze3D frame=228 id=right label=Right person v=[-0.124, -0.101, 0.987] yaw=-7.1 pitch=5.8 cx=360.88133239746094
2025-11-14 14:55:04,056 - INFO - openpose - Gaze PUB: people=2, frame_idx=228
2025-11-14 14:55:04,504 - INFO - openpose - Gaze3D frame=232 id=left label=Left person v=[-0.636, -0.294, 0.714] yaw=-41.7 pitch=17.1 cx=184.89949798583984
2025-11-14 14:55:04,504 - INFO - openpose - Gaze3D frame=232 id=right label=Right person v=[-0.051, -0.228, 0.972] yaw=-3.0 pitch=13.2 cx=363.15338134765625
2025-11-14 14:55:04,504 - INFO - openpose - Gaze PUB: people=2, frame_idx=232
2025-11-14 14:55:04,958 - INFO - openpose - Gaze3D frame=236 id=left label=Left person v=[-0.612, -0.232, 0.756] yaw=-39.0 pitch=13.4 cx=184.94090270996094
2025-11-14 14:55:04,958 - INFO - openpose - Gaze3D frame=236 id=right label=Right person v=[-0.246, -0.125, 0.961] yaw=-14.4 pitch=7.2 cx=366.31150817871094
2025-11-14 14:55:04,958 - INFO - openpose - Gaze PUB: people=2, frame_idx=236
2025-11-14 14:55:05,405 - INFO - openpose - Gaze3D frame=240 id=left label=Left person v=[-0.576, -0.181, 0.797] yaw=-35.8 pitch=10.4 cx=184.3335952758789
2025-11-14 14:55:05,406 - INFO - openpose - Gaze3D frame=240 id=right label=Right person v=[-0.227, -0.042, 0.973] yaw=-13.1 pitch=2.4 cx=370.7716979980469
2025-11-14 14:55:05,406 - INFO - openpose - Gaze PUB: people=2, frame_idx=240
2025-11-14 14:55:05,859 - INFO - openpose - Gaze3D frame=244 id=left label=Left person v=[-0.605, -0.283, 0.744] yaw=-39.1 pitch=16.5 cx=183.7603530883789
2025-11-14 14:55:05,859 - INFO - openpose - Gaze3D frame=244 id=right label=Right person v=[0.028, 0.470, 0.882] yaw=1.8 pitch=-28.0 cx=377.94276428222656
2025-11-14 14:55:05,859 - INFO - openpose - Gaze PUB: people=2, frame_idx=244
2025-11-14 14:55:06,330 - INFO - openpose - Gaze3D frame=248 id=left label=Left person v=[-0.598, -0.216, 0.772] yaw=-37.8 pitch=12.5 cx=183.5847625732422
2025-11-14 14:55:06,330 - INFO - openpose - Gaze3D frame=248 id=right label=Right person v=[-0.037, 0.548, 0.836] yaw=-2.6 pitch=-33.2 cx=377.1508026123047
2025-11-14 14:55:06,330 - INFO - openpose - Gaze PUB: people=2, frame_idx=248
2025-11-14 14:55:06,775 - INFO - openpose - Gaze3D frame=252 id=left label=Left person v=[-0.716, -0.066, 0.695] yaw=-45.9 pitch=3.8 cx=183.8617401123047
2025-11-14 14:55:06,775 - INFO - openpose - Gaze3D frame=252 id=right label=Right person v=[0.046, 0.525, 0.850] yaw=3.1 pitch=-31.7 cx=375.12550354003906
2025-11-14 14:55:06,775 - INFO - openpose - Gaze PUB: people=2, frame_idx=252
2025-11-14 14:55:07,205 - INFO - openpose - Gaze3D frame=256 id=left label=Left person v=[-0.556, -0.390, 0.734] yaw=-37.1 pitch=23.0 cx=183.210693359375
2025-11-14 14:55:07,205 - INFO - openpose - Gaze3D frame=256 id=right label=Right person v=[0.015, 0.457, 0.889] yaw=1.0 pitch=-27.2 cx=372.01344299316406
2025-11-14 14:55:07,205 - INFO - openpose - Gaze PUB: people=2, frame_idx=256
2025-11-14 14:55:07,667 - INFO - openpose - Gaze3D frame=260 id=left label=Left person v=[-0.631, -0.226, 0.742] yaw=-40.4 pitch=13.1 cx=181.94034576416016
2025-11-14 14:55:07,667 - INFO - openpose - Gaze3D frame=260 id=right label=Right person v=[-0.123, 0.504, 0.855] yaw=-8.2 pitch=-30.3 cx=373.42918395996094
2025-11-14 14:55:07,668 - INFO - openpose - Gaze PUB: people=2, frame_idx=260
2025-11-14 14:55:08,106 - INFO - openpose - Gaze3D frame=264 id=left label=Left person v=[-0.533, -0.494, 0.687] yaw=-37.8 pitch=29.6 cx=181.91822052001953
2025-11-14 14:55:08,106 - INFO - openpose - Gaze3D frame=264 id=right label=Right person v=[-0.151, 0.473, 0.868] yaw=-9.9 pitch=-28.2 cx=375.63031005859375
2025-11-14 14:55:08,106 - INFO - openpose - Gaze PUB: people=2, frame_idx=264
2025-11-14 14:55:08,574 - INFO - openpose - Gaze3D frame=268 id=left label=Left person v=[-0.574, -0.207, 0.792] yaw=-35.9 pitch=12.0 cx=179.738525390625
2025-11-14 14:55:08,575 - INFO - openpose - Gaze3D frame=268 id=right label=Right person v=[-0.260, 0.528, 0.809] yaw=-17.8 pitch=-31.8 cx=375.9911804199219
2025-11-14 14:55:08,575 - INFO - openpose - Gaze PUB: people=2, frame_idx=268
2025-11-14 14:55:09,051 - INFO - openpose - Gaze3D frame=272 id=left label=Left person v=[-0.581, -0.118, 0.805] yaw=-35.8 pitch=6.8 cx=180.10987854003906
2025-11-14 14:55:09,052 - INFO - openpose - Gaze3D frame=272 id=right label=Right person v=[-0.224, 0.453, 0.863] yaw=-14.5 pitch=-26.9 cx=375.25559997558594
2025-11-14 14:55:09,052 - INFO - openpose - Gaze PUB: people=2, frame_idx=272
2025-11-14 14:55:09,503 - INFO - openpose - Gaze3D frame=276 id=left label=Left person v=[-0.599, -0.251, 0.760] yaw=-38.2 pitch=14.5 cx=180.15760040283203
2025-11-14 14:55:09,504 - INFO - openpose - Gaze3D frame=276 id=right label=Right person v=[-0.258, 0.690, 0.676] yaw=-20.9 pitch=-43.6 cx=373.4279479980469
2025-11-14 14:55:09,504 - INFO - openpose - Gaze PUB: people=2, frame_idx=276
2025-11-14 14:55:10,029 - INFO - openpose - Gaze3D frame=280 id=left label=Left person v=[-0.577, -0.208, 0.790] yaw=-36.1 pitch=12.0 cx=180.6744155883789
2025-11-14 14:55:10,029 - INFO - openpose - Gaze3D frame=280 id=right label=Right person v=[-0.330, 0.518, 0.790] yaw=-22.7 pitch=-31.2 cx=370.1599578857422
2025-11-14 14:55:10,029 - INFO - openpose - Gaze PUB: people=2, frame_idx=280
2025-11-14 14:55:10,497 - INFO - openpose - Gaze3D frame=284 id=left label=Left person v=[-0.566, 0.122, 0.815] yaw=-34.8 pitch=-7.0 cx=181.55001068115234
2025-11-14 14:55:10,498 - INFO - openpose - Gaze3D frame=284 id=right label=Right person v=[-0.187, 0.640, 0.746] yaw=-14.1 pitch=-39.8 cx=369.26390075683594
2025-11-14 14:55:10,498 - INFO - openpose - Gaze PUB: people=2, frame_idx=284
2025-11-14 14:55:10,980 - INFO - openpose - Gaze3D frame=288 id=left label=Left person v=[-0.625, -0.210, 0.752] yaw=-39.8 pitch=12.1 cx=181.1832046508789
2025-11-14 14:55:10,980 - INFO - openpose - Gaze3D frame=288 id=right label=Right person v=[-0.307, 0.558, 0.771] yaw=-21.7 pitch=-33.9 cx=371.0940704345703
2025-11-14 14:55:10,980 - INFO - openpose - Gaze PUB: people=2, frame_idx=288
2025-11-14 14:55:11,423 - INFO - openpose - Gaze3D frame=292 id=left label=Left person v=[-0.616, 0.098, 0.782] yaw=-38.3 pitch=-5.6 cx=181.2432632446289
2025-11-14 14:55:11,423 - INFO - openpose - Gaze3D frame=292 id=right label=Right person v=[-0.211, 0.635, 0.743] yaw=-15.9 pitch=-39.4 cx=373.2693786621094
2025-11-14 14:55:11,423 - INFO - openpose - Gaze PUB: people=2, frame_idx=292
2025-11-14 14:55:11,964 - INFO - openpose - Gaze3D frame=296 id=left label=Left person v=[-0.605, -0.172, 0.778] yaw=-37.9 pitch=9.9 cx=182.10613250732422
2025-11-14 14:55:11,964 - INFO - openpose - Gaze3D frame=296 id=right label=Right person v=[-0.206, 0.689, 0.695] yaw=-16.5 pitch=-43.5 cx=373.5405731201172
2025-11-14 14:55:11,964 - INFO - openpose - Gaze PUB: people=2, frame_idx=296
2025-11-14 14:55:12,431 - INFO - openpose - Gaze3D frame=300 id=left label=Left person v=[-0.587, -0.180, 0.789] yaw=-36.7 pitch=10.4 cx=182.9902801513672
2025-11-14 14:55:12,431 - INFO - openpose - Gaze3D frame=300 id=right label=Right person v=[-0.140, 0.378, 0.915] yaw=-8.7 pitch=-22.2 cx=373.9108123779297
2025-11-14 14:55:12,431 - INFO - openpose - Gaze PUB: people=2, frame_idx=300
2025-11-14 14:55:12,871 - INFO - openpose - Gaze3D frame=304 id=left label=Left person v=[-0.654, -0.081, 0.752] yaw=-41.0 pitch=4.6 cx=182.57913970947266
2025-11-14 14:55:12,871 - INFO - openpose - Gaze3D frame=304 id=right label=Right person v=[-0.218, 0.558, 0.801] yaw=-15.2 pitch=-33.9 cx=374.08123779296875
2025-11-14 14:55:12,871 - INFO - openpose - Gaze PUB: people=2, frame_idx=304
2025-11-14 14:55:13,325 - INFO - openpose - Gaze3D frame=308 id=left label=Left person v=[-0.649, -0.199, 0.735] yaw=-41.4 pitch=11.5 cx=183.21139526367188
2025-11-14 14:55:13,325 - INFO - openpose - Gaze3D frame=308 id=right label=Right person v=[-0.190, 0.435, 0.880] yaw=-12.2 pitch=-25.8 cx=373.6962127685547
2025-11-14 14:55:13,325 - INFO - openpose - Gaze PUB: people=2, frame_idx=308
2025-11-14 14:55:13,784 - INFO - openpose - Gaze3D frame=312 id=left label=Left person v=[-0.641, -0.044, 0.766] yaw=-39.9 pitch=2.5 cx=182.75299835205078
2025-11-14 14:55:13,784 - INFO - openpose - Gaze3D frame=312 id=right label=Right person v=[-0.262, 0.608, 0.750] yaw=-19.3 pitch=-37.4 cx=373.1725311279297
2025-11-14 14:55:13,784 - INFO - openpose - Gaze PUB: people=2, frame_idx=312
2025-11-14 14:55:14,237 - INFO - openpose - Gaze3D frame=316 id=left label=Left person v=[-0.637, 0.085, 0.766] yaw=-39.7 pitch=-4.9 cx=182.7227783203125
2025-11-14 14:55:14,237 - INFO - openpose - Gaze3D frame=316 id=right label=Right person v=[-0.251, 0.601, 0.759] yaw=-18.3 pitch=-37.0 cx=373.33583068847656
2025-11-14 14:55:14,237 - INFO - openpose - Gaze PUB: people=2, frame_idx=316
2025-11-14 14:55:14,720 - INFO - openpose - Gaze3D frame=320 id=left label=Left person v=[-0.704, 0.030, 0.710] yaw=-44.8 pitch=-1.7 cx=182.45028686523438
2025-11-14 14:55:14,720 - INFO - openpose - Gaze3D frame=320 id=right label=Right person v=[-0.230, 0.640, 0.733] yaw=-17.4 pitch=-39.8 cx=370.40638732910156
2025-11-14 14:55:14,720 - INFO - openpose - Gaze PUB: people=2, frame_idx=320
2025-11-14 14:55:15,147 - INFO - openpose - Gaze3D frame=324 id=left label=Left person v=[-0.629, 0.218, 0.747] yaw=-40.1 pitch=-12.6 cx=181.7848892211914
2025-11-14 14:55:15,147 - INFO - openpose - Gaze3D frame=324 id=right label=Right person v=[-0.156, 0.665, 0.731] yaw=-12.0 pitch=-41.7 cx=369.1913757324219
2025-11-14 14:55:15,147 - INFO - openpose - Gaze PUB: people=2, frame_idx=324
2025-11-14 14:55:15,574 - INFO - openpose - Gaze3D frame=328 id=left label=Left person v=[-0.700, -0.123, 0.703] yaw=-44.9 pitch=7.1 cx=182.10066986083984
2025-11-14 14:55:15,574 - INFO - openpose - Gaze3D frame=328 id=right label=Right person v=[-0.174, 0.704, 0.689] yaw=-14.2 pitch=-44.7 cx=368.96412658691406
2025-11-14 14:55:15,574 - INFO - openpose - Gaze PUB: people=2, frame_idx=328
2025-11-14 14:55:16,048 - INFO - openpose - Gaze3D frame=332 id=left label=Left person v=[-0.646, -0.099, 0.757] yaw=-40.5 pitch=5.7 cx=181.56716918945312
2025-11-14 14:55:16,048 - INFO - openpose - Gaze3D frame=332 id=right label=Right person v=[-0.243, 0.641, 0.728] yaw=-18.5 pitch=-39.9 cx=368.6993713378906
2025-11-14 14:55:16,049 - INFO - openpose - Gaze PUB: people=2, frame_idx=332
2025-11-14 14:55:16,509 - INFO - openpose - Gaze3D frame=336 id=left label=Left person v=[-0.648, 0.086, 0.757] yaw=-40.6 pitch=-4.9 cx=181.58200073242188
2025-11-14 14:55:16,509 - INFO - openpose - Gaze3D frame=336 id=right label=Right person v=[-0.138, 0.532, 0.835] yaw=-9.4 pitch=-32.2 cx=369.0962829589844
2025-11-14 14:55:16,509 - INFO - openpose - Gaze PUB: people=2, frame_idx=336
2025-11-14 14:55:16,979 - INFO - openpose - Gaze3D frame=340 id=left label=Left person v=[-0.614, 0.062, 0.787] yaw=-38.0 pitch=-3.6 cx=180.97772979736328
2025-11-14 14:55:16,979 - INFO - openpose - Gaze3D frame=340 id=right label=Right person v=[-0.274, 0.541, 0.795] yaw=-19.0 pitch=-32.7 cx=369.44036865234375
2025-11-14 14:55:16,979 - INFO - openpose - Gaze PUB: people=2, frame_idx=340
2025-11-14 14:55:17,449 - INFO - openpose - Gaze3D frame=344 id=left label=Left person v=[-0.624, 0.117, 0.773] yaw=-38.9 pitch=-6.7 cx=181.50060272216797
2025-11-14 14:55:17,449 - INFO - openpose - Gaze3D frame=344 id=right label=Right person v=[-0.245, 0.663, 0.708] yaw=-19.1 pitch=-41.5 cx=368.33726501464844
2025-11-14 14:55:17,449 - INFO - openpose - Gaze PUB: people=2, frame_idx=344
2025-11-14 14:55:17,943 - INFO - openpose - Gaze3D frame=348 id=left label=Left person v=[-0.660, 0.122, 0.741] yaw=-41.7 pitch=-7.0 cx=180.7000732421875
2025-11-14 14:55:17,943 - INFO - openpose - Gaze3D frame=348 id=right label=Right person v=[-0.283, 0.658, 0.697] yaw=-22.1 pitch=-41.2 cx=368.68849182128906
2025-11-14 14:55:17,943 - INFO - openpose - Gaze PUB: people=2, frame_idx=348
2025-11-14 14:55:18,409 - INFO - openpose - Gaze3D frame=352 id=left label=Left person v=[-0.682, 0.029, 0.731] yaw=-43.0 pitch=-1.7 cx=181.13986206054688
2025-11-14 14:55:18,409 - INFO - openpose - Gaze3D frame=352 id=right label=Right person v=[-0.244, 0.709, 0.662] yaw=-20.2 pitch=-45.2 cx=369.18927001953125
2025-11-14 14:55:18,409 - INFO - openpose - Gaze PUB: people=2, frame_idx=352
2025-11-14 14:55:18,847 - INFO - openpose - Gaze3D frame=356 id=left label=Left person v=[-0.636, 0.025, 0.771] yaw=-39.5 pitch=-1.4 cx=180.37681579589844
2025-11-14 14:55:18,847 - INFO - openpose - Gaze3D frame=356 id=right label=Right person v=[-0.201, 0.679, 0.706] yaw=-15.9 pitch=-42.8 cx=368.94020080566406
2025-11-14 14:55:18,847 - INFO - openpose - Gaze PUB: people=2, frame_idx=356
2025-11-14 14:55:19,356 - INFO - openpose - Gaze3D frame=360 id=left label=Left person v=[-0.631, -0.013, 0.776] yaw=-39.1 pitch=0.8 cx=180.02767944335938
2025-11-14 14:55:19,356 - INFO - openpose - Gaze3D frame=360 id=right label=Right person v=[-0.304, 0.551, 0.777] yaw=-21.3 pitch=-33.4 cx=369.47010803222656
2025-11-14 14:55:19,356 - INFO - openpose - Gaze PUB: people=2, frame_idx=360
2025-11-14 14:55:19,804 - INFO - openpose - Gaze3D frame=364 id=left label=Left person v=[-0.628, 0.057, 0.776] yaw=-39.0 pitch=-3.2 cx=179.74253845214844
2025-11-14 14:55:19,804 - INFO - openpose - Gaze3D frame=364 id=right label=Right person v=[-0.275, 0.668, 0.692] yaw=-21.7 pitch=-41.9 cx=370.0319061279297
2025-11-14 14:55:19,804 - INFO - openpose - Gaze PUB: people=2, frame_idx=364
2025-11-14 14:55:20,247 - INFO - openpose - Gaze3D frame=368 id=left label=Left person v=[-0.598, -0.190, 0.778] yaw=-37.5 pitch=10.9 cx=179.3180923461914
2025-11-14 14:55:20,247 - INFO - openpose - Gaze3D frame=368 id=right label=Right person v=[-0.258, 0.560, 0.787] yaw=-18.2 pitch=-34.1 cx=370.41046142578125
2025-11-14 14:55:20,247 - INFO - openpose - Gaze PUB: people=2, frame_idx=368
2025-11-14 14:55:20,708 - INFO - openpose - Gaze3D frame=372 id=left label=Left person v=[-0.652, -0.134, 0.746] yaw=-41.1 pitch=7.7 cx=179.97907257080078
2025-11-14 14:55:20,708 - INFO - openpose - Gaze3D frame=372 id=right label=Right person v=[-0.214, 0.617, 0.757] yaw=-15.8 pitch=-38.1 cx=370.0577850341797
2025-11-14 14:55:20,708 - INFO - openpose - Gaze PUB: people=2, frame_idx=372
2025-11-14 14:55:21,171 - INFO - openpose - Gaze3D frame=376 id=left label=Left person v=[-0.605, -0.428, 0.671] yaw=-42.0 pitch=25.3 cx=179.4488754272461
2025-11-14 14:55:21,171 - INFO - openpose - Gaze3D frame=376 id=right label=Right person v=[-0.251, 0.618, 0.745] yaw=-18.6 pitch=-38.2 cx=370.9305877685547
2025-11-14 14:55:21,171 - INFO - openpose - Gaze PUB: people=2, frame_idx=376
2025-11-14 14:55:21,636 - INFO - openpose - Gaze3D frame=380 id=left label=Left person v=[-0.159, -0.561, 0.812] yaw=-11.1 pitch=34.1 cx=174.08218383789062
2025-11-14 14:55:21,636 - INFO - openpose - Gaze3D frame=380 id=right label=Right person v=[-0.254, -0.255, 0.933] yaw=-15.2 pitch=14.8 cx=363.09239196777344
2025-11-14 14:55:21,636 - INFO - openpose - Gaze PUB: people=2, frame_idx=380
2025-11-14 14:55:22,569 - INFO - openpose - Gaze3D frame=384 id=left label=Left person v=[-0.167, -0.726, 0.667] yaw=-14.0 pitch=46.6 cx=171.58251190185547
2025-11-14 14:55:22,569 - INFO - openpose - Gaze3D frame=384 id=right label=Right person v=[-0.214, -0.658, 0.722] yaw=-16.5 pitch=41.2 cx=348.3325500488281
2025-11-14 14:55:22,569 - INFO - openpose - Gaze PUB: people=2, frame_idx=384
2025-11-14 14:55:23,085 - INFO - openpose - Gaze3D frame=388 id=left label=Left person v=[-0.130, -0.861, 0.491] yaw=-14.9 pitch=59.5 cx=171.88973999023438
2025-11-14 14:55:23,085 - INFO - openpose - Gaze3D frame=388 id=right label=Right person v=[-0.179, -0.549, 0.817] yaw=-12.3 pitch=33.3 cx=348.9364929199219
2025-11-14 14:55:23,085 - INFO - openpose - Gaze PUB: people=2, frame_idx=388
2025-11-14 14:55:23,548 - INFO - openpose - Gaze3D frame=392 id=None label=None v=[-0.241, -0.494, 0.835] yaw=-16.1 pitch=29.6 cx=350.3374786376953
2025-11-14 14:55:23,549 - INFO - openpose - Gaze3D frame=392 id=None label=None v=[-0.149, -0.826, 0.544] yaw=-15.4 pitch=55.7 cx=173.3425750732422
2025-11-14 14:55:23,549 - INFO - openpose - Gaze PUB: people=2, frame_idx=392
2025-11-14 14:55:23,817 - INFO - openpose - Gaze3D frame=392 id=left label=Left person v=[-0.147, -0.853, 0.500] yaw=-16.4 pitch=58.6 cx=173.6938247680664
2025-11-14 14:55:23,817 - INFO - openpose - Gaze3D frame=392 id=right label=Right person v=[-0.186, -0.633, 0.751] yaw=-13.9 pitch=39.3 cx=350.8346252441406
2025-11-14 14:55:23,817 - INFO - openpose - Gaze PUB: people=2, frame_idx=392
2025-11-14 14:55:24,284 - INFO - openpose - Gaze3D frame=396 id=left label=Left person v=[-0.120, -0.814, 0.568] yaw=-11.9 pitch=54.5 cx=174.4719467163086
2025-11-14 14:55:24,284 - INFO - openpose - Gaze3D frame=396 id=right label=Right person v=[-0.127, -0.637, 0.760] yaw=-9.5 pitch=39.6 cx=351.5203399658203
2025-11-14 14:55:24,284 - INFO - openpose - Gaze PUB: people=2, frame_idx=396
2025-11-14 14:55:24,755 - INFO - openpose - Gaze3D frame=400 id=left label=Left person v=[-0.554, -0.121, 0.824] yaw=-33.9 pitch=7.0 cx=181.04718780517578
2025-11-14 14:55:24,755 - INFO - openpose - Gaze3D frame=400 id=right label=Right person v=[-0.235, -0.646, 0.726] yaw=-17.9 pitch=40.3 cx=352.8968048095703
2025-11-14 14:55:24,755 - INFO - openpose - Gaze PUB: people=2, frame_idx=400
2025-11-14 14:55:25,214 - INFO - openpose - Gaze3D frame=404 id=left label=Left person v=[-0.519, 0.130, 0.845] yaw=-31.6 pitch=-7.4 cx=184.83946990966797
2025-11-14 14:55:25,214 - INFO - openpose - Gaze3D frame=404 id=right label=Right person v=[-0.193, -0.391, 0.900] yaw=-12.1 pitch=23.0 cx=353.8437194824219
2025-11-14 14:55:25,214 - INFO - openpose - Gaze PUB: people=2, frame_idx=404
2025-11-14 14:55:25,684 - INFO - openpose - Gaze3D frame=408 id=left label=Left person v=[-0.420, 0.028, 0.907] yaw=-24.8 pitch=-1.6 cx=179.79915618896484
2025-11-14 14:55:25,684 - INFO - openpose - Gaze3D frame=408 id=right label=Right person v=[-0.188, -0.471, 0.862] yaw=-12.3 pitch=28.1 cx=353.1168518066406
2025-11-14 14:55:25,684 - INFO - openpose - Gaze PUB: people=2, frame_idx=408
2025-11-14 14:55:26,145 - INFO - openpose - Gaze3D frame=412 id=left label=Left person v=[-0.459, -0.213, 0.862] yaw=-28.0 pitch=12.3 cx=181.68267822265625
2025-11-14 14:55:26,145 - INFO - openpose - Gaze3D frame=412 id=right label=Right person v=[-0.226, -0.340, 0.913] yaw=-13.9 pitch=19.9 cx=353.1123046875
2025-11-14 14:55:26,145 - INFO - openpose - Gaze PUB: people=2, frame_idx=412
2025-11-14 14:55:26,604 - INFO - openpose - Gaze3D frame=416 id=left label=Left person v=[-0.555, -0.002, 0.832] yaw=-33.7 pitch=0.1 cx=188.16061401367188
2025-11-14 14:55:26,604 - INFO - openpose - Gaze3D frame=416 id=right label=Right person v=[-0.185, -0.444, 0.877] yaw=-11.9 pitch=26.4 cx=354.7415771484375
2025-11-14 14:55:26,604 - INFO - openpose - Gaze PUB: people=2, frame_idx=416
2025-11-14 14:55:27,042 - INFO - openpose - Gaze3D frame=420 id=left label=Left person v=[-0.613, -0.089, 0.785] yaw=-38.0 pitch=5.1 cx=192.71900177001953
2025-11-14 14:55:27,042 - INFO - openpose - Gaze3D frame=420 id=right label=Right person v=[0.002, -0.495, 0.869] yaw=0.1 pitch=29.7 cx=353.3147277832031
2025-11-14 14:55:27,042 - INFO - openpose - Gaze PUB: people=2, frame_idx=420
2025-11-14 14:55:27,500 - INFO - openpose - Gaze3D frame=424 id=left label=Left person v=[-0.615, -0.224, 0.756] yaw=-39.2 pitch=13.0 cx=190.7852783203125
2025-11-14 14:55:27,500 - INFO - openpose - Gaze3D frame=424 id=right label=Right person v=[-0.050, -0.773, 0.633] yaw=-4.6 pitch=50.6 cx=348.3388671875
2025-11-14 14:55:27,500 - INFO - openpose - Gaze PUB: people=2, frame_idx=424
2025-11-14 14:55:27,948 - INFO - openpose - Gaze3D frame=428 id=left label=Left person v=[-0.678, 0.104, 0.727] yaw=-43.0 pitch=-6.0 cx=189.48858642578125
2025-11-14 14:55:27,948 - INFO - openpose - Gaze3D frame=428 id=right label=Right person v=[-0.062, -0.764, 0.643] yaw=-5.5 pitch=49.8 cx=349.230712890625
2025-11-14 14:55:27,948 - INFO - openpose - Gaze PUB: people=2, frame_idx=428
2025-11-14 14:55:28,712 - INFO - openpose - Gaze3D frame=432 id=left label=Left person v=[-0.565, -0.122, 0.816] yaw=-34.7 pitch=7.0 cx=187.87864685058594
2025-11-14 14:55:28,712 - INFO - openpose - Gaze3D frame=432 id=right label=Right person v=[-0.099, -0.597, 0.796] yaw=-7.1 pitch=36.6 cx=350.035888671875
2025-11-14 14:55:28,712 - INFO - openpose - Gaze PUB: people=2, frame_idx=432
2025-11-14 14:55:29,338 - INFO - openpose - Gaze3D frame=436 id=left label=Left person v=[-0.516, -0.135, 0.846] yaw=-31.4 pitch=7.8 cx=187.40707397460938
2025-11-14 14:55:29,338 - INFO - openpose - Gaze3D frame=436 id=right label=Right person v=[-0.010, -0.778, 0.628] yaw=-0.9 pitch=51.1 cx=349.5198211669922
2025-11-14 14:55:29,338 - INFO - openpose - Gaze PUB: people=2, frame_idx=436
2025-11-14 14:55:29,798 - INFO - openpose - Gaze3D frame=440 id=left label=Left person v=[-0.597, -0.213, 0.773] yaw=-37.7 pitch=12.3 cx=186.7336654663086
2025-11-14 14:55:29,798 - INFO - openpose - Gaze3D frame=440 id=right label=Right person v=[-0.105, -0.759, 0.642] yaw=-9.3 pitch=49.4 cx=354.424560546875
2025-11-14 14:55:29,798 - INFO - openpose - Gaze PUB: people=2, frame_idx=440
2025-11-14 14:55:30,272 - INFO - openpose - Gaze3D frame=444 id=left label=Left person v=[-0.580, -0.087, 0.810] yaw=-35.6 pitch=5.0 cx=185.90170288085938
2025-11-14 14:55:30,272 - INFO - openpose - Gaze3D frame=444 id=right label=Right person v=[-0.206, -0.688, 0.696] yaw=-16.5 pitch=43.5 cx=356.30223083496094
2025-11-14 14:55:30,272 - INFO - openpose - Gaze PUB: people=2, frame_idx=444
2025-11-14 14:55:30,722 - INFO - openpose - Gaze3D frame=448 id=left label=Left person v=[-0.197, -0.718, 0.668] yaw=-16.4 pitch=45.9 cx=177.2344741821289
2025-11-14 14:55:30,722 - INFO - openpose - Gaze3D frame=448 id=right label=Right person v=[-0.219, -0.642, 0.734] yaw=-16.6 pitch=40.0 cx=357.14222717285156
2025-11-14 14:55:30,722 - INFO - openpose - Gaze PUB: people=2, frame_idx=448
2025-11-14 14:55:31,183 - INFO - openpose - Gaze3D frame=452 id=left label=Left person v=[-0.141, -0.761, 0.633] yaw=-12.6 pitch=49.6 cx=172.57848358154297
2025-11-14 14:55:31,183 - INFO - openpose - Gaze3D frame=452 id=right label=Right person v=[-0.199, -0.525, 0.827] yaw=-13.5 pitch=31.7 cx=356.2156066894531
2025-11-14 14:55:31,183 - INFO - openpose - Gaze PUB: people=2, frame_idx=452
2025-11-14 14:55:31,656 - INFO - openpose - Gaze3D frame=456 id=left label=Left person v=[-0.159, -0.788, 0.595] yaw=-14.9 pitch=52.0 cx=173.99208068847656
2025-11-14 14:55:31,656 - INFO - openpose - Gaze3D frame=456 id=right label=Right person v=[-0.033, -0.711, 0.703] yaw=-2.7 pitch=45.3 cx=357.2167053222656
2025-11-14 14:55:31,656 - INFO - openpose - Gaze PUB: people=2, frame_idx=456
2025-11-14 14:55:32,133 - INFO - openpose - Gaze3D frame=460 id=left label=Left person v=[-0.240, -0.230, 0.943] yaw=-14.2 pitch=13.3 cx=177.92984008789062
2025-11-14 14:55:32,133 - INFO - openpose - Gaze3D frame=460 id=right label=Right person v=[0.186, -0.420, 0.888] yaw=11.9 pitch=24.9 cx=366.3943634033203
2025-11-14 14:55:32,133 - INFO - openpose - Gaze PUB: people=2, frame_idx=460
2025-11-14 14:55:32,769 - INFO - openpose - Gaze3D frame=464 id=left label=Left person v=[-0.360, -0.179, 0.916] yaw=-21.5 pitch=10.3 cx=179.90234375
2025-11-14 14:55:32,769 - INFO - openpose - Gaze3D frame=464 id=right label=Right person v=[0.208, -0.565, 0.799] yaw=14.6 pitch=34.4 cx=368.48976135253906
2025-11-14 14:55:32,769 - INFO - openpose - Gaze PUB: people=2, frame_idx=464
2025-11-14 14:55:33,254 - INFO - openpose - Gaze3D frame=468 id=left label=Left person v=[-0.437, -0.138, 0.889] yaw=-26.2 pitch=7.9 cx=178.06351470947266
2025-11-14 14:55:33,254 - INFO - openpose - Gaze3D frame=468 id=right label=Right person v=[0.269, -0.646, 0.715] yaw=20.6 pitch=40.2 cx=369.64967346191406
2025-11-14 14:55:33,262 - INFO - openpose - Gaze PUB: people=2, frame_idx=468
2025-11-14 14:55:33,756 - INFO - openpose - Gaze3D frame=472 id=left label=Left person v=[-0.413, -0.181, 0.892] yaw=-24.8 pitch=10.4 cx=178.9340591430664
2025-11-14 14:55:33,757 - INFO - openpose - Gaze3D frame=472 id=right label=Right person v=[0.358, -0.462, 0.812] yaw=23.8 pitch=27.5 cx=371.7508850097656
2025-11-14 14:55:33,757 - INFO - openpose - Gaze PUB: people=2, frame_idx=472
2025-11-14 14:55:34,213 - INFO - openpose - Gaze3D frame=476 id=left label=Left person v=[-0.282, 0.096, 0.955] yaw=-16.5 pitch=-5.5 cx=180.30662536621094
2025-11-14 14:55:34,213 - INFO - openpose - Gaze3D frame=476 id=right label=Right person v=[0.226, -0.375, 0.899] yaw=14.1 pitch=22.0 cx=372.66595458984375
2025-11-14 14:55:34,213 - INFO - openpose - Gaze PUB: people=2, frame_idx=476
2025-11-14 14:55:34,680 - INFO - openpose - Gaze3D frame=480 id=left label=Left person v=[-0.205, 0.011, 0.979] yaw=-11.9 pitch=-0.6 cx=183.97228240966797
2025-11-14 14:55:34,680 - INFO - openpose - Gaze3D frame=480 id=right label=Right person v=[0.128, -0.302, 0.945] yaw=7.7 pitch=17.5 cx=373.5484161376953
2025-11-14 14:55:34,680 - INFO - openpose - Gaze PUB: people=2, frame_idx=480
2025-11-14 14:55:35,148 - INFO - openpose - Gaze3D frame=484 id=left label=Left person v=[-0.111, -0.106, 0.988] yaw=-6.4 pitch=6.1 cx=179.20138549804688
2025-11-14 14:55:35,148 - INFO - openpose - Gaze3D frame=484 id=right label=Right person v=[0.240, -0.254, 0.937] yaw=14.3 pitch=14.7 cx=372.1201934814453
2025-11-14 14:55:35,148 - INFO - openpose - Gaze PUB: people=2, frame_idx=484
2025-11-14 14:55:35,629 - INFO - openpose - Gaze3D frame=488 id=left label=Left person v=[-0.134, 0.065, 0.989] yaw=-7.7 pitch=-3.7 cx=178.05662536621094
2025-11-14 14:55:35,629 - INFO - openpose - Gaze3D frame=488 id=right label=Right person v=[0.136, -0.385, 0.913] yaw=8.5 pitch=22.6 cx=371.73219299316406
2025-11-14 14:55:35,629 - INFO - openpose - Gaze PUB: people=2, frame_idx=488
2025-11-14 14:55:36,103 - INFO - openpose - Gaze3D frame=492 id=left label=Left person v=[-0.216, 0.116, 0.970] yaw=-12.5 pitch=-6.7 cx=177.8500747680664
2025-11-14 14:55:36,104 - INFO - openpose - Gaze3D frame=492 id=right label=Right person v=[0.267, -0.343, 0.900] yaw=16.5 pitch=20.1 cx=371.7737579345703
2025-11-14 14:55:36,104 - INFO - openpose - Gaze PUB: people=2, frame_idx=492
2025-11-14 14:55:36,576 - INFO - openpose - Gaze3D frame=496 id=left label=Left person v=[-0.138, -0.795, 0.590] yaw=-13.1 pitch=52.7 cx=169.61681365966797
2025-11-14 14:55:36,577 - INFO - openpose - Gaze3D frame=496 id=right label=Right person v=[0.200, -0.346, 0.917] yaw=12.3 pitch=20.2 cx=370.5615234375
2025-11-14 14:55:36,577 - INFO - openpose - Gaze PUB: people=2, frame_idx=496
2025-11-14 14:55:37,107 - INFO - openpose - Gaze3D frame=500 id=left label=Left person v=[-0.159, -0.754, 0.637] yaw=-14.0 pitch=48.9 cx=167.05341339111328
2025-11-14 14:55:37,107 - INFO - openpose - Gaze3D frame=500 id=right label=Right person v=[0.202, -0.445, 0.872] yaw=13.1 pitch=26.4 cx=370.79481506347656
2025-11-14 14:55:37,107 - INFO - openpose - Gaze PUB: people=2, frame_idx=500
2025-11-14 14:55:37,552 - INFO - openpose - Gaze3D frame=504 id=left label=Left person v=[-0.145, -0.835, 0.530] yaw=-15.3 pitch=56.7 cx=172.67559051513672
2025-11-14 14:55:37,552 - INFO - openpose - Gaze3D frame=504 id=right label=Right person v=[0.248, -0.443, 0.861] yaw=16.0 pitch=26.3 cx=371.0732116699219
2025-11-14 14:55:37,552 - INFO - openpose - Gaze PUB: people=2, frame_idx=504
2025-11-14 14:55:38,001 - INFO - openpose - Gaze3D frame=508 id=left label=Left person v=[-0.179, -0.800, 0.572] yaw=-17.4 pitch=53.2 cx=175.33319854736328
2025-11-14 14:55:38,002 - INFO - openpose - Gaze3D frame=508 id=right label=Right person v=[0.360, -0.465, 0.809] yaw=24.0 pitch=27.7 cx=373.0387878417969
2025-11-14 14:55:38,002 - INFO - openpose - Gaze PUB: people=2, frame_idx=508
2025-11-14 14:55:38,451 - INFO - openpose - Gaze3D frame=512 id=left label=Left person v=[-0.096, -0.832, 0.547] yaw=-10.0 pitch=56.3 cx=175.79723358154297
2025-11-14 14:55:38,451 - INFO - openpose - Gaze3D frame=512 id=right label=Right person v=[0.372, -0.407, 0.835] yaw=24.0 pitch=24.0 cx=372.01454162597656
2025-11-14 14:55:38,458 - INFO - openpose - Gaze PUB: people=2, frame_idx=512
2025-11-14 14:55:38,931 - INFO - openpose - Gaze3D frame=516 id=left label=Left person v=[-0.175, -0.801, 0.573] yaw=-16.9 pitch=53.2 cx=173.61239624023438
2025-11-14 14:55:38,931 - INFO - openpose - Gaze3D frame=516 id=right label=Right person v=[0.295, -0.463, 0.836] yaw=19.5 pitch=27.6 cx=372.01287841796875
2025-11-14 14:55:38,931 - INFO - openpose - Gaze PUB: people=2, frame_idx=516
2025-11-14 14:55:39,359 - INFO - openpose - Gaze3D frame=520 id=left label=Left person v=[-0.202, -0.741, 0.640] yaw=-17.5 pitch=47.8 cx=172.76036834716797
2025-11-14 14:55:39,359 - INFO - openpose - Gaze3D frame=520 id=right label=Right person v=[0.270, -0.254, 0.929] yaw=16.2 pitch=14.7 cx=371.49085998535156
2025-11-14 14:55:39,359 - INFO - openpose - Gaze PUB: people=2, frame_idx=520
2025-11-14 14:55:39,800 - INFO - openpose - Gaze3D frame=524 id=left label=Left person v=[-0.357, -0.332, 0.873] yaw=-22.2 pitch=19.4 cx=177.04859161376953
2025-11-14 14:55:39,800 - INFO - openpose - Gaze3D frame=524 id=right label=Right person v=[0.246, -0.404, 0.881] yaw=15.6 pitch=23.8 cx=371.6113586425781
2025-11-14 14:55:39,800 - INFO - openpose - Gaze PUB: people=2, frame_idx=524
2025-11-14 14:55:40,245 - INFO - openpose - Gaze3D frame=528 id=left label=Left person v=[-0.366, -0.108, 0.924] yaw=-21.6 pitch=6.2 cx=178.03705596923828
2025-11-14 14:55:40,245 - INFO - openpose - Gaze3D frame=528 id=right label=Right person v=[0.258, -0.493, 0.831] yaw=17.2 pitch=29.6 cx=370.9833679199219
2025-11-14 14:55:40,245 - INFO - openpose - Gaze PUB: people=2, frame_idx=528
2025-11-14 14:55:40,683 - INFO - openpose - Gaze3D frame=532 id=left label=Left person v=[-0.393, -0.134, 0.910] yaw=-23.4 pitch=7.7 cx=178.02266693115234
2025-11-14 14:55:40,683 - INFO - openpose - Gaze3D frame=532 id=right label=Right person v=[0.140, -0.532, 0.835] yaw=9.5 pitch=32.2 cx=372.1025390625
2025-11-14 14:55:40,683 - INFO - openpose - Gaze PUB: people=2, frame_idx=532
2025-11-14 14:55:41,144 - INFO - openpose - Gaze3D frame=536 id=left label=Left person v=[-0.335, 0.085, 0.938] yaw=-19.7 pitch=-4.9 cx=179.00321197509766
2025-11-14 14:55:41,144 - INFO - openpose - Gaze3D frame=536 id=right label=Right person v=[0.150, -0.557, 0.817] yaw=10.4 pitch=33.8 cx=372.22991943359375
2025-11-14 14:55:41,144 - INFO - openpose - Gaze PUB: people=2, frame_idx=536
2025-11-14 14:55:41,609 - INFO - openpose - Gaze3D frame=540 id=left label=Left person v=[-0.248, 0.511, 0.823] yaw=-16.8 pitch=-30.7 cx=181.3409194946289
2025-11-14 14:55:41,609 - INFO - openpose - Gaze3D frame=540 id=right label=Right person v=[0.125, -0.507, 0.853] yaw=8.3 pitch=30.4 cx=372.23944091796875
2025-11-14 14:55:41,609 - INFO - openpose - Gaze PUB: people=2, frame_idx=540
2025-11-14 14:55:42,325 - INFO - openpose - Gaze3D frame=544 id=None label=None v=[-0.229, 0.678, 0.699] yaw=-18.1 pitch=-42.7 cx=182.27742767333984
2025-11-14 14:55:42,325 - INFO - openpose - Gaze3D frame=544 id=None label=None v=[-0.037, -0.619, 0.785] yaw=-2.7 pitch=38.2 cx=353.42784118652344
2025-11-14 14:55:42,325 - INFO - openpose - Gaze PUB: people=2, frame_idx=544
2025-11-14 14:55:42,595 - INFO - openpose - Gaze3D frame=544 id=None label=None v=[-0.230, 0.685, 0.691] yaw=-18.4 pitch=-43.3 cx=183.08197784423828
2025-11-14 14:55:42,595 - INFO - openpose - Gaze3D frame=544 id=None label=None v=[-0.089, -0.818, 0.568] yaw=-8.9 pitch=54.9 cx=354.72247314453125
2025-11-14 14:55:42,595 - INFO - openpose - Gaze PUB: people=2, frame_idx=544
2025-11-14 14:55:42,847 - INFO - openpose - Gaze3D frame=544 id=left label=Left person v=[-0.190, 0.644, 0.741] yaw=-14.4 pitch=-40.1 cx=182.57943725585938
2025-11-14 14:55:42,847 - INFO - openpose - Gaze3D frame=544 id=right label=Right person v=[-0.006, -0.776, 0.630] yaw=-0.5 pitch=50.9 cx=356.6907501220703
2025-11-14 14:55:42,847 - INFO - openpose - Gaze PUB: people=2, frame_idx=544
2025-11-14 14:55:43,675 - INFO - openpose - Gaze3D frame=548 id=None label=None v=[-0.145, 0.741, 0.655] yaw=-12.4 pitch=-47.8 cx=182.00420379638672
2025-11-14 14:55:43,675 - INFO - openpose - Gaze3D frame=548 id=None label=None v=[-0.091, -0.825, 0.557] yaw=-9.2 pitch=55.6 cx=357.7212219238281
2025-11-14 14:55:43,682 - INFO - openpose - Gaze PUB: people=2, frame_idx=548
2025-11-14 14:55:43,959 - INFO - openpose - Gaze3D frame=548 id=None label=None v=[-0.231, 0.367, 0.901] yaw=-14.4 pitch=-21.6 cx=180.07821655273438
2025-11-14 14:55:43,959 - INFO - openpose - Gaze3D frame=548 id=None label=None v=[-0.029, -0.795, 0.606] yaw=-2.7 pitch=52.6 cx=358.2867736816406
2025-11-14 14:55:43,959 - INFO - openpose - Gaze PUB: people=2, frame_idx=548
2025-11-14 14:55:44,240 - INFO - openpose - Gaze3D frame=548 id=left label=Left person v=[-0.152, -0.067, 0.986] yaw=-8.8 pitch=3.8 cx=173.0679473876953
2025-11-14 14:55:44,241 - INFO - openpose - Gaze3D frame=548 id=right label=Right person v=[-0.043, -0.787, 0.615] yaw=-4.0 pitch=51.9 cx=362.9600524902344
2025-11-14 14:55:44,241 - INFO - openpose - Gaze PUB: people=2, frame_idx=548
2025-11-14 14:55:44,694 - INFO - openpose - Gaze3D frame=552 id=left label=Left person v=[-0.332, -0.143, 0.932] yaw=-19.6 pitch=8.2 cx=171.47786712646484
2025-11-14 14:55:44,694 - INFO - openpose - Gaze3D frame=552 id=right label=Right person v=[0.001, -0.767, 0.641] yaw=0.1 pitch=50.1 cx=365.5834197998047
2025-11-14 14:55:44,695 - INFO - openpose - Gaze PUB: people=2, frame_idx=552
2025-11-14 14:55:45,142 - INFO - openpose - Gaze3D frame=556 id=left label=Left person v=[-0.468, 0.005, 0.884] yaw=-27.9 pitch=-0.3 cx=171.77716827392578
2025-11-14 14:55:45,142 - INFO - openpose - Gaze3D frame=556 id=right label=Right person v=[-0.077, -0.737, 0.671] yaw=-6.5 pitch=47.5 cx=363.57379150390625
2025-11-14 14:55:45,142 - INFO - openpose - Gaze PUB: people=2, frame_idx=556
2025-11-14 14:55:45,702 - INFO - openpose - Gaze3D frame=560 id=left label=Left person v=[-0.401, 0.069, 0.914] yaw=-23.7 pitch=-3.9 cx=170.5214080810547
2025-11-14 14:55:45,702 - INFO - openpose - Gaze3D frame=560 id=right label=Right person v=[0.004, -0.671, 0.741] yaw=0.3 pitch=42.1 cx=365.2304992675781
2025-11-14 14:55:45,702 - INFO - openpose - Gaze PUB: people=2, frame_idx=560
2025-11-14 14:55:46,487 - INFO - openpose - Gaze3D frame=564 id=left label=Left person v=[-0.492, 0.113, 0.863] yaw=-29.7 pitch=-6.5 cx=172.33698272705078
2025-11-14 14:55:46,488 - INFO - openpose - Gaze3D frame=564 id=right label=Right person v=[-0.022, -0.791, 0.612] yaw=-2.0 pitch=52.3 cx=374.7913360595703
2025-11-14 14:55:46,488 - INFO - openpose - Gaze PUB: people=2, frame_idx=564
2025-11-14 14:55:47,006 - INFO - openpose - Gaze3D frame=568 id=left label=Left person v=[0.327, 0.096, 0.940] yaw=19.2 pitch=-5.5 cx=167.38300323486328
2025-11-14 14:55:47,006 - INFO - openpose - Gaze3D frame=568 id=right label=Right person v=[-0.082, -0.788, 0.610] yaw=-7.6 pitch=52.0 cx=381.0834503173828
2025-11-14 14:55:47,006 - INFO - openpose - Gaze PUB: people=2, frame_idx=568
2025-11-14 14:55:47,465 - INFO - openpose - Gaze3D frame=572 id=left label=Left person v=[0.109, -0.506, 0.856] yaw=7.3 pitch=30.4 cx=161.28659057617188
2025-11-14 14:55:47,465 - INFO - openpose - Gaze3D frame=572 id=right label=Right person v=[-0.288, -0.641, 0.712] yaw=-22.0 pitch=39.8 cx=380.4125061035156
2025-11-14 14:55:47,465 - INFO - openpose - Gaze PUB: people=2, frame_idx=572
2025-11-14 14:55:48,268 - INFO - openpose - Gaze3D frame=576 id=left label=Left person v=[-0.017, -0.741, 0.671] yaw=-1.5 pitch=47.8 cx=153.04259490966797
2025-11-14 14:55:48,268 - INFO - openpose - Gaze3D frame=576 id=right label=Right person v=[-0.413, -0.280, 0.867] yaw=-25.5 pitch=16.3 cx=372.9168395996094
2025-11-14 14:55:48,268 - INFO - openpose - Gaze PUB: people=2, frame_idx=576
2025-11-14 14:55:48,732 - INFO - openpose - Gaze3D frame=580 id=left label=Left person v=[-0.184, -0.671, 0.718] yaw=-14.4 pitch=42.2 cx=152.71419525146484
2025-11-14 14:55:48,732 - INFO - openpose - Gaze3D frame=580 id=right label=Right person v=[-0.392, 0.003, 0.920] yaw=-23.1 pitch=-0.2 cx=363.1072998046875
2025-11-14 14:55:48,739 - INFO - openpose - Gaze PUB: people=2, frame_idx=580
2025-11-14 14:55:49,204 - INFO - openpose - Gaze3D frame=584 id=left label=Left person v=[-0.105, -0.799, 0.592] yaw=-10.1 pitch=53.0 cx=151.5195541381836
2025-11-14 14:55:49,204 - INFO - openpose - Gaze3D frame=584 id=right label=Right person v=[-0.218, -0.279, 0.935] yaw=-13.1 pitch=16.2 cx=339.0129089355469
2025-11-14 14:55:49,204 - INFO - openpose - Gaze PUB: people=2, frame_idx=584
2025-11-14 14:55:49,637 - INFO - openpose - Gaze3D frame=588 id=left label=Left person v=[-0.112, -0.771, 0.626] yaw=-10.2 pitch=50.5 cx=151.82471466064453
2025-11-14 14:55:49,637 - INFO - openpose - Gaze3D frame=588 id=right label=Right person v=[-0.068, -0.776, 0.627] yaw=-6.2 pitch=50.9 cx=342.2596740722656
2025-11-14 14:55:49,637 - INFO - openpose - Gaze PUB: people=2, frame_idx=588
2025-11-14 14:55:50,099 - INFO - openpose - Gaze3D frame=592 id=left label=Left person v=[-0.090, -0.720, 0.688] yaw=-7.4 pitch=46.0 cx=152.62625885009766
2025-11-14 14:55:50,099 - INFO - openpose - Gaze3D frame=592 id=right label=Right person v=[-0.208, -0.721, 0.660] yaw=-17.5 pitch=46.2 cx=350.2207336425781
2025-11-14 14:55:50,099 - INFO - openpose - Gaze PUB: people=2, frame_idx=592
2025-11-14 14:55:50,572 - INFO - openpose - Gaze3D frame=596 id=left label=Left person v=[-0.167, -0.523, 0.836] yaw=-11.3 pitch=31.5 cx=162.10057830810547
2025-11-14 14:55:50,572 - INFO - openpose - Gaze3D frame=596 id=right label=Right person v=[-0.087, -0.846, 0.526] yaw=-9.4 pitch=57.8 cx=356.47035217285156
2025-11-14 14:55:50,572 - INFO - openpose - Gaze PUB: people=2, frame_idx=596
2025-11-14 14:55:51,043 - INFO - openpose - Gaze3D frame=600 id=left label=Left person v=[-0.270, 0.473, 0.839] yaw=-17.8 pitch=-28.2 cx=175.63018798828125
2025-11-14 14:55:51,043 - INFO - openpose - Gaze3D frame=600 id=right label=Right person v=[0.022, -0.886, 0.463] yaw=2.7 pitch=62.4 cx=361.7796325683594
2025-11-14 14:55:51,043 - INFO - openpose - Gaze PUB: people=2, frame_idx=600
2025-11-14 14:55:51,514 - INFO - openpose - Gaze3D frame=604 id=left label=Left person v=[-0.067, 0.679, 0.731] yaw=-5.3 pitch=-42.7 cx=178.0681381225586
2025-11-14 14:55:51,514 - INFO - openpose - Gaze3D frame=604 id=right label=Right person v=[-0.141, -0.594, 0.792] yaw=-10.1 pitch=36.4 cx=362.575927734375
2025-11-14 14:55:51,514 - INFO - openpose - Gaze PUB: people=2, frame_idx=604
2025-11-14 14:55:51,966 - INFO - openpose - Gaze3D frame=608 id=left label=Left person v=[-0.158, 0.753, 0.638] yaw=-13.9 pitch=-48.9 cx=178.04561614990234
2025-11-14 14:55:51,966 - INFO - openpose - Gaze3D frame=608 id=right label=Right person v=[-0.125, -0.815, 0.566] yaw=-12.5 pitch=54.6 cx=373.66583251953125
2025-11-14 14:55:51,966 - INFO - openpose - Gaze PUB: people=2, frame_idx=608
2025-11-14 14:55:52,424 - INFO - openpose - Gaze3D frame=612 id=left label=Left person v=[-0.044, 0.719, 0.694] yaw=-3.6 pitch=-45.9 cx=176.79132080078125
2025-11-14 14:55:52,424 - INFO - openpose - Gaze3D frame=612 id=right label=Right person v=[-0.150, -0.765, 0.627] yaw=-13.4 pitch=49.9 cx=374.09979248046875
2025-11-14 14:55:52,424 - INFO - openpose - Gaze PUB: people=2, frame_idx=612
2025-11-14 14:55:52,968 - INFO - openpose - Gaze3D frame=616 id=left label=Left person v=[-0.019, 0.694, 0.720] yaw=-1.5 pitch=-43.9 cx=178.61441040039062
2025-11-14 14:55:52,968 - INFO - openpose - Gaze3D frame=616 id=left label=Left person v=[-0.246, -0.360, 0.900] yaw=-15.3 pitch=21.1 cx=99.8348617553711
2025-11-14 14:55:52,968 - INFO - openpose - Gaze3D frame=616 id=right label=Right person v=[-0.188, -0.805, 0.562] yaw=-18.5 pitch=53.6 cx=374.5130920410156
2025-11-14 14:55:52,968 - INFO - openpose - Gaze PUB: people=3, frame_idx=616
2025-11-14 14:55:53,442 - INFO - openpose - Gaze3D frame=620 id=left label=Left person v=[-0.045, 0.786, 0.617] yaw=-4.2 pitch=-51.8 cx=181.19447326660156
2025-11-14 14:55:53,442 - INFO - openpose - Gaze3D frame=620 id=right label=Right person v=[-0.165, -0.791, 0.589] yaw=-15.7 pitch=52.3 cx=376.2497253417969
2025-11-14 14:55:53,442 - INFO - openpose - Gaze PUB: people=2, frame_idx=620
2025-11-14 14:55:53,922 - INFO - openpose - Gaze3D frame=624 id=left label=Left person v=[0.014, 0.737, 0.676] yaw=1.2 pitch=-47.4 cx=181.27649688720703
2025-11-14 14:55:53,922 - INFO - openpose - Gaze3D frame=624 id=right label=Right person v=[-0.144, -0.704, 0.695] yaw=-11.7 pitch=44.8 cx=377.1824188232422
2025-11-14 14:55:53,930 - INFO - openpose - Gaze PUB: people=2, frame_idx=624
2025-11-14 14:55:54,384 - INFO - openpose - Gaze3D frame=628 id=left label=Left person v=[-0.069, 0.802, 0.593] yaw=-6.7 pitch=-53.3 cx=180.49877166748047
2025-11-14 14:55:54,384 - INFO - openpose - Gaze3D frame=628 id=right label=Right person v=[-0.053, -0.793, 0.607] yaw=-5.0 pitch=52.5 cx=371.64833068847656
2025-11-14 14:55:54,384 - INFO - openpose - Gaze PUB: people=2, frame_idx=628
2025-11-14 14:55:54,838 - INFO - openpose - Gaze3D frame=632 id=left label=Left person v=[-0.057, 0.670, 0.740] yaw=-4.4 pitch=-42.1 cx=182.9351577758789
2025-11-14 14:55:54,838 - INFO - openpose - Gaze3D frame=632 id=right label=Right person v=[-0.085, -0.780, 0.621] yaw=-7.8 pitch=51.2 cx=374.31858825683594
2025-11-14 14:55:54,838 - INFO - openpose - Gaze PUB: people=2, frame_idx=632
2025-11-14 14:55:55,303 - INFO - openpose - Gaze3D frame=636 id=left label=Left person v=[-0.220, 0.553, 0.804] yaw=-15.3 pitch=-33.6 cx=179.73165130615234
2025-11-14 14:55:55,303 - INFO - openpose - Gaze3D frame=636 id=right label=Right person v=[0.075, -0.782, 0.618] yaw=6.9 pitch=51.5 cx=384.62156677246094
2025-11-14 14:55:55,303 - INFO - openpose - Gaze PUB: people=2, frame_idx=636
2025-11-14 14:55:55,771 - INFO - openpose - Gaze3D frame=640 id=left label=Left person v=[-0.282, 0.505, 0.816] yaw=-19.0 pitch=-30.3 cx=177.24919891357422
2025-11-14 14:55:55,771 - INFO - openpose - Gaze3D frame=640 id=right label=Right person v=[-0.033, -0.899, 0.436] yaw=-4.4 pitch=64.1 cx=389.7271423339844
2025-11-14 14:55:55,771 - INFO - openpose - Gaze PUB: people=2, frame_idx=640
2025-11-14 14:55:56,240 - INFO - openpose - Gaze3D frame=644 id=left label=Left person v=[-0.277, 0.315, 0.908] yaw=-17.0 pitch=-18.4 cx=170.68495178222656
2025-11-14 14:55:56,241 - INFO - openpose - Gaze3D frame=644 id=right label=Right person v=[-0.023, -0.855, 0.519] yaw=-2.5 pitch=58.7 cx=400.78125
2025-11-14 14:55:56,241 - INFO - openpose - Gaze PUB: people=2, frame_idx=644
2025-11-14 14:55:56,685 - INFO - openpose - Gaze3D frame=648 id=None label=None v=[-0.261, 0.270, 0.927] yaw=-15.7 pitch=-15.7 cx=167.79388427734375
2025-11-14 14:55:56,685 - INFO - openpose - Gaze3D frame=648 id=None label=None v=[-0.030, -0.809, 0.587] yaw=-3.0 pitch=54.0 cx=405.9482421875
2025-11-14 14:55:56,686 - INFO - openpose - Gaze PUB: people=2, frame_idx=648
2025-11-14 14:55:56,944 - INFO - openpose - Gaze3D frame=648 id=None label=None v=[-0.354, 0.281, 0.892] yaw=-21.7 pitch=-16.3 cx=166.8738555908203
2025-11-14 14:55:56,944 - INFO - openpose - Gaze3D frame=648 id=None label=None v=[-0.012, -0.871, 0.491] yaw=-1.3 pitch=60.6 cx=405.34584045410156
2025-11-14 14:55:56,944 - INFO - openpose - Gaze PUB: people=2, frame_idx=648
2025-11-14 14:55:57,208 - INFO - openpose - Gaze3D frame=648 id=left label=Left person v=[-0.293, 0.358, 0.887] yaw=-18.3 pitch=-20.9 cx=164.89775848388672
2025-11-14 14:55:57,208 - INFO - openpose - Gaze3D frame=648 id=right label=Right person v=[0.038, -0.821, 0.570] yaw=3.8 pitch=55.2 cx=405.0382385253906
2025-11-14 14:55:57,208 - INFO - openpose - Gaze PUB: people=2, frame_idx=648
2025-11-14 14:55:57,672 - INFO - openpose - Gaze3D frame=652 id=left label=Left person v=[-0.039, 0.231, 0.972] yaw=-2.3 pitch=-13.4 cx=154.73682403564453
2025-11-14 14:55:57,673 - INFO - openpose - Gaze3D frame=652 id=right label=Right person v=[-0.064, -0.795, 0.604] yaw=-6.1 pitch=52.6 cx=401.2432861328125
2025-11-14 14:55:57,673 - INFO - openpose - Gaze PUB: people=2, frame_idx=652
2025-11-14 14:55:58,133 - INFO - openpose - Gaze3D frame=656 id=left label=Left person v=[0.010, 0.105, 0.994] yaw=0.6 pitch=-6.0 cx=148.15858840942383
2025-11-14 14:55:58,133 - INFO - openpose - Gaze3D frame=656 id=right label=Right person v=[-0.080, -0.878, 0.472] yaw=-9.6 pitch=61.4 cx=389.64715576171875
2025-11-14 14:55:58,133 - INFO - openpose - Gaze PUB: people=2, frame_idx=656
2025-11-14 14:55:58,591 - INFO - openpose - Gaze3D frame=660 id=left label=Left person v=[-0.150, 0.359, 0.921] yaw=-9.3 pitch=-21.1 cx=146.16778945922852
2025-11-14 14:55:58,591 - INFO - openpose - Gaze3D frame=660 id=right label=Right person v=[-0.097, -0.770, 0.631] yaw=-8.7 pitch=50.3 cx=389.10870361328125
2025-11-14 14:55:58,591 - INFO - openpose - Gaze PUB: people=2, frame_idx=660
2025-11-14 14:55:59,046 - INFO - openpose - Gaze3D frame=664 id=left label=Left person v=[-0.079, 0.303, 0.950] yaw=-4.8 pitch=-17.6 cx=140.6283950805664
2025-11-14 14:55:59,046 - INFO - openpose - Gaze3D frame=664 id=right label=Right person v=[0.116, -0.707, 0.698] yaw=9.4 pitch=45.0 cx=389.9552764892578
2025-11-14 14:55:59,054 - INFO - openpose - Gaze PUB: people=2, frame_idx=664
2025-11-14 14:55:59,521 - INFO - openpose - Gaze3D frame=668 id=left label=Left person v=[-0.096, 0.520, 0.849] yaw=-6.4 pitch=-31.3 cx=135.6128158569336
2025-11-14 14:55:59,521 - INFO - openpose - Gaze3D frame=668 id=right label=Right person v=[0.208, -0.585, 0.784] yaw=14.8 pitch=35.8 cx=389.4127502441406
2025-11-14 14:55:59,521 - INFO - openpose - Gaze PUB: people=2, frame_idx=668
2025-11-14 14:55:59,978 - INFO - openpose - Gaze3D frame=672 id=left label=Left person v=[-0.165, 0.672, 0.721] yaw=-12.9 pitch=-42.3 cx=139.69692611694336
2025-11-14 14:55:59,978 - INFO - openpose - Gaze3D frame=672 id=right label=Right person v=[0.207, -0.654, 0.728] yaw=15.9 pitch=40.8 cx=387.7877502441406
2025-11-14 14:55:59,978 - INFO - openpose - Gaze PUB: people=2, frame_idx=672
2025-11-14 14:56:00,449 - INFO - openpose - Gaze3D frame=676 id=left label=Left person v=[-0.201, 0.693, 0.692] yaw=-16.2 pitch=-43.9 cx=139.68879318237305
2025-11-14 14:56:00,449 - INFO - openpose - Gaze3D frame=676 id=right label=Right person v=[0.212, -0.647, 0.733] yaw=16.1 pitch=40.3 cx=389.32582092285156
2025-11-14 14:56:00,450 - INFO - openpose - Gaze PUB: people=2, frame_idx=676
2025-11-14 14:56:00,934 - INFO - openpose - Gaze3D frame=680 id=left label=Left person v=[-0.103, 0.658, 0.746] yaw=-7.8 pitch=-41.2 cx=143.4371566772461
2025-11-14 14:56:00,934 - INFO - openpose - Gaze3D frame=680 id=right label=Right person v=[0.206, -0.552, 0.808] yaw=14.3 pitch=33.5 cx=384.9463653564453
2025-11-14 14:56:00,934 - INFO - openpose - Gaze PUB: people=2, frame_idx=680
2025-11-14 14:56:01,411 - INFO - openpose - Gaze3D frame=684 id=left label=Left person v=[-0.005, 0.712, 0.702] yaw=-0.4 pitch=-45.4 cx=145.1999740600586
2025-11-14 14:56:01,411 - INFO - openpose - Gaze3D frame=684 id=right label=Right person v=[0.215, -0.698, 0.684] yaw=17.4 pitch=44.2 cx=389.31764221191406
2025-11-14 14:56:01,411 - INFO - openpose - Gaze PUB: people=2, frame_idx=684
2025-11-14 14:56:01,885 - INFO - openpose - Gaze3D frame=688 id=left label=Left person v=[0.067, 0.810, 0.583] yaw=6.5 pitch=-54.1 cx=145.8894920349121
2025-11-14 14:56:01,885 - INFO - openpose - Gaze3D frame=688 id=right label=Right person v=[0.158, -0.820, 0.551] yaw=16.0 pitch=55.0 cx=392.6305847167969
2025-11-14 14:56:01,885 - INFO - openpose - Gaze PUB: people=2, frame_idx=688
2025-11-14 14:56:02,355 - INFO - openpose - Gaze3D frame=692 id=left label=Left person v=[0.083, 0.807, 0.585] yaw=8.1 pitch=-53.8 cx=146.73503494262695
2025-11-14 14:56:02,355 - INFO - openpose - Gaze3D frame=692 id=right label=Right person v=[0.071, -0.409, 0.910] yaw=4.4 pitch=24.1 cx=393.9169616699219
2025-11-14 14:56:02,355 - INFO - openpose - Gaze PUB: people=2, frame_idx=692
2025-11-14 14:56:02,838 - INFO - openpose - Gaze3D frame=696 id=left label=Left person v=[0.092, 0.792, 0.604] yaw=8.6 pitch=-52.3 cx=146.65553283691406
2025-11-14 14:56:02,838 - INFO - openpose - Gaze3D frame=696 id=right label=Right person v=[-0.043, -0.328, 0.944] yaw=-2.6 pitch=19.2 cx=394.4985809326172
2025-11-14 14:56:02,838 - INFO - openpose - Gaze PUB: people=2, frame_idx=696
2025-11-14 14:56:03,288 - INFO - openpose - Gaze3D frame=700 id=left label=Left person v=[0.061, 0.729, 0.681] yaw=5.1 pitch=-46.8 cx=146.40177536010742
2025-11-14 14:56:03,288 - INFO - openpose - Gaze3D frame=700 id=right label=Right person v=[0.102, -0.443, 0.891] yaw=6.5 pitch=26.3 cx=391.7190246582031
2025-11-14 14:56:03,288 - INFO - openpose - Gaze PUB: people=2, frame_idx=700
2025-11-14 14:56:03,744 - INFO - openpose - Gaze3D frame=704 id=left label=Left person v=[0.080, 0.526, 0.847] yaw=5.4 pitch=-31.7 cx=143.77813339233398
2025-11-14 14:56:03,744 - INFO - openpose - Gaze3D frame=704 id=right label=Right person v=[0.067, -0.596, 0.800] yaw=4.8 pitch=36.6 cx=383.88018798828125
2025-11-14 14:56:03,744 - INFO - openpose - Gaze PUB: people=2, frame_idx=704
2025-11-14 14:56:04,193 - INFO - openpose - Gaze3D frame=708 id=left label=Left person v=[-0.088, 0.723, 0.685] yaw=-7.3 pitch=-46.3 cx=143.19487380981445
2025-11-14 14:56:04,193 - INFO - openpose - Gaze3D frame=708 id=right label=Right person v=[0.072, -0.531, 0.844] yaw=4.9 pitch=32.1 cx=382.86473083496094
2025-11-14 14:56:04,200 - INFO - openpose - Gaze PUB: people=2, frame_idx=708
2025-11-14 14:56:04,665 - INFO - openpose - Gaze3D frame=712 id=left label=Left person v=[0.046, 0.667, 0.744] yaw=3.6 pitch=-41.8 cx=144.6122817993164
2025-11-14 14:56:04,665 - INFO - openpose - Gaze3D frame=712 id=right label=Right person v=[-0.038, -0.366, 0.930] yaw=-2.3 pitch=21.4 cx=384.2534942626953
2025-11-14 14:56:04,665 - INFO - openpose - Gaze PUB: people=2, frame_idx=712
2025-11-14 14:56:05,121 - INFO - openpose - Gaze3D frame=716 id=left label=Left person v=[0.083, 0.650, 0.756] yaw=6.3 pitch=-40.5 cx=144.21468353271484
2025-11-14 14:56:05,121 - INFO - openpose - Gaze3D frame=716 id=right label=Right person v=[0.037, -0.669, 0.742] yaw=2.9 pitch=42.0 cx=384.3904724121094
2025-11-14 14:56:05,121 - INFO - openpose - Gaze PUB: people=2, frame_idx=716
2025-11-14 14:56:05,575 - INFO - openpose - Gaze3D frame=720 id=left label=Left person v=[0.059, 0.687, 0.724] yaw=4.6 pitch=-43.4 cx=145.2573471069336
2025-11-14 14:56:05,575 - INFO - openpose - Gaze3D frame=720 id=right label=Right person v=[-0.026, -0.784, 0.620] yaw=-2.4 pitch=51.6 cx=383.65748596191406
2025-11-14 14:56:05,575 - INFO - openpose - Gaze PUB: people=2, frame_idx=720
2025-11-14 14:56:06,019 - INFO - openpose - Gaze3D frame=724 id=left label=Left person v=[0.070, 0.683, 0.727] yaw=5.5 pitch=-43.1 cx=144.37224960327148
2025-11-14 14:56:06,020 - INFO - openpose - Gaze3D frame=724 id=right label=Right person v=[-0.056, -0.609, 0.791] yaw=-4.1 pitch=37.5 cx=382.30104064941406
2025-11-14 14:56:06,020 - INFO - openpose - Gaze PUB: people=2, frame_idx=724
2025-11-14 14:56:06,467 - INFO - openpose - Gaze3D frame=728 id=left label=Left person v=[-0.016, 0.669, 0.743] yaw=-1.2 pitch=-42.0 cx=146.82275009155273
2025-11-14 14:56:06,467 - INFO - openpose - Gaze3D frame=728 id=right label=Right person v=[-0.099, -0.565, 0.819] yaw=-6.9 pitch=34.4 cx=380.78550720214844
2025-11-14 14:56:06,467 - INFO - openpose - Gaze PUB: people=2, frame_idx=728
2025-11-14 14:56:06,922 - INFO - openpose - Gaze3D frame=732 id=left label=Left person v=[0.065, 0.625, 0.778] yaw=4.8 pitch=-38.7 cx=148.3561782836914
2025-11-14 14:56:06,922 - INFO - openpose - Gaze3D frame=732 id=right label=Right person v=[-0.276, -0.587, 0.761] yaw=-19.9 pitch=36.0 cx=377.4433135986328
2025-11-14 14:56:06,922 - INFO - openpose - Gaze PUB: people=2, frame_idx=732
2025-11-14 14:56:07,372 - INFO - openpose - Gaze3D frame=736 id=left label=Left person v=[0.025, 0.640, 0.768] yaw=1.9 pitch=-39.8 cx=148.41067123413086
2025-11-14 14:56:07,373 - INFO - openpose - Gaze3D frame=736 id=right label=Right person v=[-0.137, -0.688, 0.713] yaw=-10.9 pitch=43.5 cx=378.7146911621094
2025-11-14 14:56:07,373 - INFO - openpose - Gaze PUB: people=2, frame_idx=736
2025-11-14 14:56:07,833 - INFO - openpose - Gaze3D frame=740 id=left label=Left person v=[0.042, 0.627, 0.778] yaw=3.1 pitch=-38.8 cx=148.3411865234375
2025-11-14 14:56:07,834 - INFO - openpose - Gaze3D frame=740 id=right label=Right person v=[-0.164, -0.694, 0.701] yaw=-13.2 pitch=43.9 cx=378.82395935058594
2025-11-14 14:56:07,834 - INFO - openpose - Gaze PUB: people=2, frame_idx=740
2025-11-14 14:56:08,289 - INFO - openpose - Gaze3D frame=744 id=left label=Left person v=[0.031, 0.625, 0.780] yaw=2.3 pitch=-38.7 cx=147.07769775390625
2025-11-14 14:56:08,289 - INFO - openpose - Gaze3D frame=744 id=right label=Right person v=[-0.207, -0.671, 0.712] yaw=-16.2 pitch=42.2 cx=378.9659423828125
2025-11-14 14:56:08,289 - INFO - openpose - Gaze PUB: people=2, frame_idx=744
2025-11-14 14:56:08,730 - INFO - openpose - Gaze3D frame=748 id=left label=Left person v=[0.062, 0.653, 0.755] yaw=4.7 pitch=-40.7 cx=148.0076789855957
2025-11-14 14:56:08,730 - INFO - openpose - Gaze3D frame=748 id=right label=Right person v=[-0.123, -0.645, 0.754] yaw=-9.3 pitch=40.2 cx=380.2155303955078
2025-11-14 14:56:08,730 - INFO - openpose - Gaze PUB: people=2, frame_idx=748
2025-11-14 14:56:09,172 - INFO - openpose - Gaze3D frame=752 id=left label=Left person v=[0.008, 0.691, 0.723] yaw=0.6 pitch=-43.7 cx=149.79785537719727
2025-11-14 14:56:09,172 - INFO - openpose - Gaze3D frame=752 id=right label=Right person v=[-0.163, -0.621, 0.767] yaw=-12.0 pitch=38.4 cx=384.30596923828125
2025-11-14 14:56:09,172 - INFO - openpose - Gaze PUB: people=2, frame_idx=752
2025-11-14 14:56:09,621 - INFO - openpose - Gaze3D frame=756 id=left label=Left person v=[0.005, 0.687, 0.727] yaw=0.4 pitch=-43.4 cx=149.51995086669922
2025-11-14 14:56:09,621 - INFO - openpose - Gaze3D frame=756 id=right label=Right person v=[-0.132, -0.702, 0.700] yaw=-10.7 pitch=44.6 cx=385.1161804199219
2025-11-14 14:56:09,621 - INFO - openpose - Gaze PUB: people=2, frame_idx=756
2025-11-14 14:56:10,108 - INFO - openpose - Gaze3D frame=760 id=left label=Left person v=[-0.041, 0.697, 0.716] yaw=-3.3 pitch=-44.2 cx=150.24970245361328
2025-11-14 14:56:10,108 - INFO - openpose - Gaze3D frame=760 id=right label=Right person v=[-0.138, -0.748, 0.649] yaw=-12.0 pitch=48.4 cx=385.3232421875
2025-11-14 14:56:10,108 - INFO - openpose - Gaze PUB: people=2, frame_idx=760
2025-11-14 14:56:10,571 - INFO - openpose - Gaze3D frame=764 id=left label=Left person v=[0.036, 0.635, 0.772] yaw=2.7 pitch=-39.4 cx=150.18528366088867
2025-11-14 14:56:10,571 - INFO - openpose - Gaze3D frame=764 id=right label=Right person v=[-0.215, -0.558, 0.801] yaw=-15.0 pitch=33.9 cx=382.7076110839844
2025-11-14 14:56:10,571 - INFO - openpose - Gaze PUB: people=2, frame_idx=764
2025-11-14 14:56:11,023 - INFO - openpose - Gaze3D frame=768 id=left label=Left person v=[0.061, 0.638, 0.768] yaw=4.5 pitch=-39.6 cx=150.2132110595703
2025-11-14 14:56:11,023 - INFO - openpose - Gaze3D frame=768 id=right label=Right person v=[-0.133, -0.698, 0.704] yaw=-10.7 pitch=44.3 cx=376.0797424316406
2025-11-14 14:56:11,023 - INFO - openpose - Gaze PUB: people=2, frame_idx=768
2025-11-14 14:56:11,481 - INFO - openpose - Gaze3D frame=772 id=left label=Left person v=[-0.495, -0.205, 0.845] yaw=-30.4 pitch=11.8 cx=134.08795166015625
2025-11-14 14:56:11,481 - INFO - openpose - Gaze3D frame=772 id=right label=Right person v=[-0.215, -0.762, 0.610] yaw=-19.4 pitch=49.7 cx=379.6728973388672
2025-11-14 14:56:11,481 - INFO - openpose - Gaze PUB: people=2, frame_idx=772
2025-11-14 14:56:11,955 - INFO - openpose - Gaze3D frame=776 id=left label=Left person v=[-0.401, -0.313, 0.861] yaw=-25.0 pitch=18.2 cx=128.49551391601562
2025-11-14 14:56:11,955 - INFO - openpose - Gaze3D frame=776 id=right label=Right person v=[-0.200, -0.636, 0.745] yaw=-15.1 pitch=39.5 cx=381.7126770019531
2025-11-14 14:56:11,955 - INFO - openpose - Gaze PUB: people=2, frame_idx=776
2025-11-14 14:56:12,433 - INFO - openpose - Gaze3D frame=780 id=left label=Left person v=[-0.409, -0.400, 0.820] yaw=-26.5 pitch=23.6 cx=127.0572395324707
2025-11-14 14:56:12,434 - INFO - openpose - Gaze3D frame=780 id=right label=Right person v=[-0.221, -0.724, 0.654] yaw=-18.6 pitch=46.4 cx=382.81422424316406
2025-11-14 14:56:12,434 - INFO - openpose - Gaze PUB: people=2, frame_idx=780
2025-11-14 14:56:12,901 - INFO - openpose - Gaze3D frame=784 id=left label=Left person v=[-0.391, -0.455, 0.800] yaw=-26.1 pitch=27.1 cx=125.2066421508789
2025-11-14 14:56:12,901 - INFO - openpose - Gaze3D frame=784 id=right label=Right person v=[-0.179, -0.752, 0.634] yaw=-15.7 pitch=48.8 cx=382.455322265625
2025-11-14 14:56:12,901 - INFO - openpose - Gaze PUB: people=2, frame_idx=784
2025-11-14 14:56:13,370 - INFO - openpose - Gaze3D frame=788 id=left label=Left person v=[-0.269, -0.685, 0.677] yaw=-21.7 pitch=43.3 cx=124.53936386108398
2025-11-14 14:56:13,370 - INFO - openpose - Gaze3D frame=788 id=right label=Right person v=[-0.166, -0.812, 0.559] yaw=-16.6 pitch=54.3 cx=383.6632843017578
2025-11-14 14:56:13,371 - INFO - openpose - Gaze PUB: people=2, frame_idx=788
2025-11-14 14:56:13,995 - INFO - openpose - Gaze3D frame=792 id=left label=Left person v=[-0.283, -0.708, 0.647] yaw=-23.6 pitch=45.0 cx=122.05464172363281
2025-11-14 14:56:13,995 - INFO - openpose - Gaze3D frame=792 id=right label=Right person v=[-0.152, -0.695, 0.703] yaw=-12.2 pitch=44.0 cx=384.7037811279297
2025-11-14 14:56:13,995 - INFO - openpose - Gaze PUB: people=2, frame_idx=792
2025-11-14 14:56:14,485 - INFO - openpose - Gaze3D frame=796 id=left label=Left person v=[-0.418, -0.545, 0.727] yaw=-29.9 pitch=33.0 cx=123.3708267211914
2025-11-14 14:56:14,485 - INFO - openpose - Gaze3D frame=796 id=right label=Right person v=[-0.098, -0.819, 0.565] yaw=-9.9 pitch=55.0 cx=384.00596618652344
2025-11-14 14:56:14,485 - INFO - openpose - Gaze PUB: people=2, frame_idx=796
2025-11-14 14:56:14,963 - INFO - openpose - Gaze3D frame=800 id=left label=Left person v=[-0.114, -0.827, 0.550] yaw=-11.7 pitch=55.8 cx=132.51650619506836
2025-11-14 14:56:14,963 - INFO - openpose - Gaze3D frame=800 id=right label=Right person v=[-0.157, -0.822, 0.547] yaw=-16.0 pitch=55.3 cx=381.74342346191406
2025-11-14 14:56:14,970 - INFO - openpose - Gaze PUB: people=2, frame_idx=800
2025-11-14 14:56:15,434 - INFO - openpose - Gaze3D frame=804 id=left label=Left person v=[-0.079, -0.776, 0.626] yaw=-7.2 pitch=50.9 cx=142.39613342285156
2025-11-14 14:56:15,434 - INFO - openpose - Gaze3D frame=804 id=right label=Right person v=[-0.131, -0.776, 0.617] yaw=-12.0 pitch=50.9 cx=380.8641662597656
2025-11-14 14:56:15,434 - INFO - openpose - Gaze PUB: people=2, frame_idx=804
2025-11-14 14:56:15,906 - INFO - openpose - Gaze3D frame=808 id=left label=Left person v=[-0.007, -0.784, 0.621] yaw=-0.7 pitch=51.6 cx=142.74589920043945
2025-11-14 14:56:15,906 - INFO - openpose - Gaze3D frame=808 id=right label=Right person v=[-0.110, -0.794, 0.598] yaw=-10.4 pitch=52.5 cx=381.93572998046875
2025-11-14 14:56:15,906 - INFO - openpose - Gaze PUB: people=2, frame_idx=808
2025-11-14 14:56:16,376 - INFO - openpose - Gaze3D frame=812 id=left label=Left person v=[-0.042, -0.784, 0.619] yaw=-3.9 pitch=51.7 cx=144.1670799255371
2025-11-14 14:56:16,376 - INFO - openpose - Gaze3D frame=812 id=right label=Right person v=[-0.114, -0.875, 0.471] yaw=-13.6 pitch=61.0 cx=381.95579528808594
2025-11-14 14:56:16,376 - INFO - openpose - Gaze PUB: people=2, frame_idx=812
2025-11-14 14:56:16,839 - INFO - openpose - Gaze3D frame=816 id=left label=Left person v=[-0.004, -0.707, 0.707] yaw=-0.3 pitch=45.0 cx=148.72098541259766
2025-11-14 14:56:16,839 - INFO - openpose - Gaze3D frame=816 id=right label=Right person v=[-0.124, -0.809, 0.575] yaw=-12.1 pitch=54.0 cx=382.25523376464844
2025-11-14 14:56:16,839 - INFO - openpose - Gaze PUB: people=2, frame_idx=816
2025-11-14 14:56:17,326 - INFO - openpose - Gaze3D frame=820 id=left label=Left person v=[0.049, -0.652, 0.757] yaw=3.7 pitch=40.7 cx=151.59552764892578
2025-11-14 14:56:17,327 - INFO - openpose - Gaze3D frame=820 id=right label=Right person v=[-0.106, -0.852, 0.513] yaw=-11.6 pitch=58.4 cx=382.85345458984375
2025-11-14 14:56:17,327 - INFO - openpose - Gaze PUB: people=2, frame_idx=820
2025-11-14 14:56:17,821 - INFO - openpose - Gaze3D frame=824 id=left label=Left person v=[0.071, -0.646, 0.760] yaw=5.3 pitch=40.2 cx=152.6295394897461
2025-11-14 14:56:17,821 - INFO - openpose - Gaze3D frame=824 id=right label=Right person v=[-0.137, -0.839, 0.527] yaw=-14.5 pitch=57.0 cx=382.96484375
2025-11-14 14:56:17,821 - INFO - openpose - Gaze PUB: people=2, frame_idx=824
2025-11-14 14:56:18,294 - INFO - openpose - Gaze3D frame=828 id=left label=Left person v=[0.003, -0.708, 0.706] yaw=0.2 pitch=45.1 cx=152.70467376708984
2025-11-14 14:56:18,294 - INFO - openpose - Gaze3D frame=828 id=right label=Right person v=[-0.138, -0.841, 0.523] yaw=-14.7 pitch=57.3 cx=382.8896942138672
2025-11-14 14:56:18,294 - INFO - openpose - Gaze PUB: people=2, frame_idx=828
2025-11-14 14:56:18,779 - INFO - openpose - Gaze3D frame=832 id=left label=Left person v=[0.051, -0.775, 0.630] yaw=4.6 pitch=50.8 cx=152.57384490966797
2025-11-14 14:56:18,779 - INFO - openpose - Gaze3D frame=832 id=right label=Right person v=[-0.133, -0.757, 0.640] yaw=-11.7 pitch=49.2 cx=382.72471618652344
2025-11-14 14:56:18,779 - INFO - openpose - Gaze PUB: people=2, frame_idx=832
2025-11-14 14:56:19,232 - INFO - openpose - Gaze3D frame=836 id=left label=Left person v=[-0.009, -0.772, 0.636] yaw=-0.9 pitch=50.5 cx=152.57791137695312
2025-11-14 14:56:19,232 - INFO - openpose - Gaze3D frame=836 id=right label=Right person v=[-0.170, -0.720, 0.673] yaw=-14.2 pitch=46.1 cx=381.58534240722656
2025-11-14 14:56:19,232 - INFO - openpose - Gaze PUB: people=2, frame_idx=836
2025-11-14 14:56:19,745 - INFO - openpose - Gaze3D frame=840 id=None label=None v=[0.019, -0.681, 0.732] yaw=1.5 pitch=42.9 cx=155.00357055664062
2025-11-14 14:56:19,745 - INFO - openpose - Gaze3D frame=840 id=None label=None v=[-0.024, -0.871, 0.491] yaw=-2.8 pitch=60.6 cx=379.9194793701172
2025-11-14 14:56:19,745 - INFO - openpose - Gaze PUB: people=2, frame_idx=840
2025-11-14 14:56:20,021 - INFO - openpose - Gaze3D frame=840 id=left label=Left person v=[-0.319, -0.673, 0.667] yaw=-25.6 pitch=42.3 cx=157.48500061035156
2025-11-14 14:56:20,021 - INFO - openpose - Gaze3D frame=840 id=right label=Right person v=[-0.042, -0.549, 0.835] yaw=-2.9 pitch=33.3 cx=383.0199737548828
2025-11-14 14:56:20,021 - INFO - openpose - Gaze PUB: people=2, frame_idx=840
2025-11-14 14:56:20,463 - INFO - openpose - Gaze3D frame=844 id=left label=Left person v=[-0.145, 0.151, 0.978] yaw=-8.4 pitch=-8.7 cx=169.31297302246094
2025-11-14 14:56:20,463 - INFO - openpose - Gaze3D frame=844 id=right label=Right person v=[0.156, -0.759, 0.632] yaw=13.8 pitch=49.4 cx=382.45484924316406
2025-11-14 14:56:20,463 - INFO - openpose - Gaze PUB: people=2, frame_idx=844
2025-11-14 14:56:20,947 - INFO - openpose - Gaze3D frame=848 id=left label=Left person v=[-0.165, 0.300, 0.940] yaw=-9.9 pitch=-17.4 cx=171.74913787841797
2025-11-14 14:56:20,947 - INFO - openpose - Gaze3D frame=848 id=right label=Right person v=[0.187, -0.698, 0.692] yaw=15.1 pitch=44.2 cx=383.58160400390625
2025-11-14 14:56:20,947 - INFO - openpose - Gaze PUB: people=2, frame_idx=848
2025-11-14 14:56:21,381 - INFO - openpose - Gaze3D frame=852 id=left label=Left person v=[0.055, 0.443, 0.895] yaw=3.5 pitch=-26.3 cx=172.54126739501953
2025-11-14 14:56:21,382 - INFO - openpose - Gaze3D frame=852 id=right label=Right person v=[0.177, -0.737, 0.652] yaw=15.2 pitch=47.5 cx=382.2825164794922
2025-11-14 14:56:21,382 - INFO - openpose - Gaze PUB: people=2, frame_idx=852
2025-11-14 14:56:21,849 - INFO - openpose - Gaze3D frame=856 id=left label=Left person v=[0.037, 0.521, 0.853] yaw=2.5 pitch=-31.4 cx=174.21282958984375
2025-11-14 14:56:21,849 - INFO - openpose - Gaze3D frame=856 id=right label=Right person v=[0.089, -0.845, 0.528] yaw=9.6 pitch=57.6 cx=383.33909606933594
2025-11-14 14:56:21,849 - INFO - openpose - Gaze PUB: people=2, frame_idx=856
2025-11-14 14:56:22,310 - INFO - openpose - Gaze3D frame=860 id=left label=Left person v=[-0.182, -0.644, 0.743] yaw=-13.8 pitch=40.1 cx=165.2853240966797
2025-11-14 14:56:22,310 - INFO - openpose - Gaze3D frame=860 id=right label=Right person v=[0.014, -0.885, 0.465] yaw=1.8 pitch=62.3 cx=383.4183654785156
2025-11-14 14:56:22,310 - INFO - openpose - Gaze PUB: people=2, frame_idx=860
2025-11-14 14:56:22,778 - INFO - openpose - Gaze3D frame=864 id=left label=Left person v=[-0.094, -0.727, 0.680] yaw=-7.9 pitch=46.6 cx=162.87555694580078
2025-11-14 14:56:22,778 - INFO - openpose - Gaze3D frame=864 id=right label=Right person v=[0.002, -0.825, 0.565] yaw=0.2 pitch=55.6 cx=383.8164520263672
2025-11-14 14:56:22,778 - INFO - openpose - Gaze PUB: people=2, frame_idx=864
2025-11-14 14:56:23,215 - INFO - openpose - Gaze3D frame=868 id=left label=Left person v=[-0.169, -0.706, 0.688] yaw=-13.8 pitch=44.9 cx=162.69689178466797
2025-11-14 14:56:23,215 - INFO - openpose - Gaze3D frame=868 id=right label=Right person v=[0.036, -0.672, 0.740] yaw=2.8 pitch=42.2 cx=382.34600830078125
2025-11-14 14:56:23,215 - INFO - openpose - Gaze PUB: people=2, frame_idx=868
2025-11-14 14:56:23,678 - INFO - openpose - Gaze3D frame=872 id=left label=Left person v=[-0.233, -0.568, 0.789] yaw=-16.5 pitch=34.6 cx=162.9106216430664
2025-11-14 14:56:23,678 - INFO - openpose - Gaze3D frame=872 id=right label=Right person v=[0.036, -0.806, 0.591] yaw=3.5 pitch=53.7 cx=384.65003967285156
2025-11-14 14:56:23,678 - INFO - openpose - Gaze PUB: people=2, frame_idx=872
2025-11-14 14:56:24,148 - INFO - openpose - Gaze3D frame=876 id=left label=Left person v=[-0.332, -0.169, 0.928] yaw=-19.7 pitch=9.7 cx=165.4220962524414
2025-11-14 14:56:24,148 - INFO - openpose - Gaze3D frame=876 id=right label=Right person v=[0.003, -0.842, 0.540] yaw=0.3 pitch=57.3 cx=385.1149597167969
2025-11-14 14:56:24,148 - INFO - openpose - Gaze PUB: people=2, frame_idx=876
2025-11-14 14:56:24,613 - INFO - openpose - Gaze3D frame=880 id=left label=Left person v=[-0.330, -0.233, 0.915] yaw=-19.8 pitch=13.5 cx=168.06034088134766
2025-11-14 14:56:24,613 - INFO - openpose - Gaze3D frame=880 id=right label=Right person v=[0.008, -0.796, 0.606] yaw=0.8 pitch=52.7 cx=386.1003723144531
2025-11-14 14:56:24,613 - INFO - openpose - Gaze PUB: people=2, frame_idx=880
2025-11-14 14:56:25,060 - INFO - openpose - Gaze3D frame=884 id=left label=Left person v=[-0.140, -0.721, 0.679] yaw=-11.6 pitch=46.1 cx=164.26371002197266
2025-11-14 14:56:25,060 - INFO - openpose - Gaze3D frame=884 id=right label=Right person v=[-0.027, -0.802, 0.597] yaw=-2.6 pitch=53.3 cx=386.1101531982422
2025-11-14 14:56:25,060 - INFO - openpose - Gaze PUB: people=2, frame_idx=884
2025-11-14 14:56:25,516 - INFO - openpose - Gaze3D frame=888 id=left label=Left person v=[-0.179, -0.689, 0.703] yaw=-14.3 pitch=43.5 cx=165.66529846191406
2025-11-14 14:56:25,516 - INFO - openpose - Gaze3D frame=888 id=right label=Right person v=[-0.085, -0.777, 0.624] yaw=-7.8 pitch=51.0 cx=386.1189727783203
2025-11-14 14:56:25,516 - INFO - openpose - Gaze PUB: people=2, frame_idx=888
2025-11-14 14:56:25,969 - INFO - openpose - Gaze3D frame=892 id=left label=Left person v=[-0.176, -0.587, 0.791] yaw=-12.5 pitch=35.9 cx=166.0489501953125
2025-11-14 14:56:25,969 - INFO - openpose - Gaze3D frame=892 id=right label=Right person v=[-0.064, -0.831, 0.553] yaw=-6.5 pitch=56.2 cx=386.72816467285156
2025-11-14 14:56:25,969 - INFO - openpose - Gaze PUB: people=2, frame_idx=892
2025-11-14 14:56:26,426 - INFO - openpose - Gaze3D frame=896 id=left label=Left person v=[-0.130, -0.684, 0.717] yaw=-10.3 pitch=43.2 cx=166.42295837402344
2025-11-14 14:56:26,427 - INFO - openpose - Gaze3D frame=896 id=right label=Right person v=[-0.034, -0.773, 0.634] yaw=-3.0 pitch=50.6 cx=386.3727722167969
2025-11-14 14:56:26,427 - INFO - openpose - Gaze PUB: people=2, frame_idx=896
2025-11-14 14:56:26,905 - INFO - openpose - Gaze3D frame=900 id=left label=Left person v=[-0.202, -0.690, 0.695] yaw=-16.2 pitch=43.6 cx=165.98369598388672
2025-11-14 14:56:26,905 - INFO - openpose - Gaze3D frame=900 id=right label=Right person v=[0.055, -0.686, 0.726] yaw=4.4 pitch=43.3 cx=388.1983184814453
2025-11-14 14:56:26,905 - INFO - openpose - Gaze PUB: people=2, frame_idx=900
2025-11-14 14:56:27,373 - INFO - openpose - Gaze3D frame=904 id=left label=Left person v=[-0.163, -0.763, 0.625] yaw=-14.6 pitch=49.8 cx=168.29666137695312
2025-11-14 14:56:27,373 - INFO - openpose - Gaze3D frame=904 id=right label=Right person v=[-0.057, -0.822, 0.567] yaw=-5.7 pitch=55.3 cx=380.83673095703125
2025-11-14 14:56:27,373 - INFO - openpose - Gaze PUB: people=2, frame_idx=904
2025-11-14 14:56:27,842 - INFO - openpose - Gaze3D frame=908 id=left label=Left person v=[-0.136, -0.700, 0.701] yaw=-11.0 pitch=44.4 cx=168.78961944580078
2025-11-14 14:56:27,842 - INFO - openpose - Gaze3D frame=908 id=right label=Right person v=[-0.049, -0.770, 0.636] yaw=-4.4 pitch=50.3 cx=368.36883544921875
2025-11-14 14:56:27,842 - INFO - openpose - Gaze PUB: people=2, frame_idx=908
2025-11-14 14:56:28,322 - INFO - openpose - Gaze3D frame=912 id=left label=Left person v=[-0.116, 0.235, 0.965] yaw=-6.8 pitch=-13.6 cx=179.87142181396484
2025-11-14 14:56:28,322 - INFO - openpose - Gaze3D frame=912 id=right label=Right person v=[-0.134, -0.734, 0.666] yaw=-11.3 pitch=47.2 cx=337.9892883300781
2025-11-14 14:56:28,322 - INFO - openpose - Gaze PUB: people=2, frame_idx=912
2025-11-14 14:56:28,800 - INFO - openpose - Gaze3D frame=916 id=left label=Left person v=[-0.125, -0.648, 0.752] yaw=-9.5 pitch=40.4 cx=165.78699493408203
2025-11-14 14:56:28,800 - INFO - openpose - Gaze3D frame=916 id=right label=Right person v=[-0.183, -0.705, 0.686] yaw=-14.9 pitch=44.8 cx=297.8763885498047
2025-11-14 14:56:28,800 - INFO - openpose - Gaze PUB: people=2, frame_idx=916
2025-11-14 14:56:29,300 - INFO - openpose - Gaze3D frame=920 id=left label=Left person v=[-0.143, -0.783, 0.606] yaw=-13.3 pitch=51.5 cx=148.6327362060547
2025-11-14 14:56:29,300 - INFO - openpose - Gaze3D frame=920 id=right label=Right person v=[-0.281, -0.363, 0.888] yaw=-17.6 pitch=21.3 cx=234.02556610107422
2025-11-14 14:56:29,300 - INFO - openpose - Gaze PUB: people=2, frame_idx=920
2025-11-14 14:56:29,301 - INFO - openpose - Right person: Arm EXTENDED (depth-plane)
2025-11-14 14:56:29,301 - INFO - openpose - ZMQ Message received (non-blocking): PR: Arm Extended Check
2025-11-14 14:56:29,301 - INFO - openpose - ZMQ Sending: Right: Arm Extended
2025-11-14 14:56:29,684 - INFO - openpose - Gaze3D frame=924 id=left label=Left person v=[-0.070, -0.855, 0.514] yaw=-7.8 pitch=58.7 cx=152.9319839477539
2025-11-14 14:56:29,684 - INFO - openpose - Gaze PUB: people=1, frame_idx=924
2025-11-14 14:56:30,139 - INFO - openpose - Right person: Arm RETRACTED (depth-plane)
2025-11-14 14:56:30,139 - INFO - openpose - ZMQ Message received (non-blocking): PR: Arm Retracted Check
2025-11-14 14:56:30,140 - INFO - openpose - ZMQ Sending: Right: Arm Retracted
2025-11-14 14:56:30,482 - INFO - openpose - Gaze3D frame=928 id=left label=Left person v=[-0.273, -0.631, 0.726] yaw=-20.6 pitch=39.1 cx=107.25068664550781
2025-11-14 14:56:30,482 - INFO - openpose - Gaze3D frame=928 id=right label=Right person v=[-0.162, -0.864, 0.476] yaw=-18.8 pitch=59.8 cx=199.1424102783203
2025-11-14 14:56:30,482 - INFO - openpose - Gaze PUB: people=2, frame_idx=928
2025-11-14 14:56:31,023 - INFO - openpose - Gaze3D frame=932 id=right label=Right person v=[-0.055, -0.855, 0.516] yaw=-6.1 pitch=58.7 cx=200.7612075805664
2025-11-14 14:56:31,023 - INFO - openpose - Gaze PUB: people=1, frame_idx=932
2025-11-14 15:00:15,916 - INFO - openpose - Gaze3D frame=936 id=left label=Left person v=[0.100, -0.332, 0.938] yaw=6.1 pitch=19.4 cx=487.0041198730469
2025-11-14 15:00:15,916 - INFO - openpose - Gaze3D frame=936 id=right label=Right person v=[-0.337, -0.584, 0.739] yaw=-24.5 pitch=35.7 cx=569.0994262695312
2025-11-14 15:00:15,916 - INFO - openpose - Gaze PUB: people=2, frame_idx=936
2025-11-14 15:00:16,379 - INFO - openpose - Gaze3D frame=940 id=left label=Left person v=[-0.013, 0.216, 0.976] yaw=-0.8 pitch=-12.5 cx=493.6349792480469
2025-11-14 15:00:16,379 - INFO - openpose - Gaze3D frame=940 id=left label=Left person v=[-0.396, -0.175, 0.902] yaw=-23.7 pitch=10.1 cx=492.8105773925781
2025-11-14 15:00:16,379 - INFO - openpose - Gaze PUB: people=2, frame_idx=940
2025-11-14 15:00:16,845 - INFO - openpose - Gaze3D frame=944 id=left label=Left person v=[-0.068, -0.090, 0.994] yaw=-3.9 pitch=5.2 cx=523.718994140625
2025-11-14 15:00:16,846 - INFO - openpose - Gaze3D frame=944 id=left label=Left person v=[-0.286, -0.461, 0.840] yaw=-18.8 pitch=27.4 cx=488.6560363769531
2025-11-14 15:00:16,846 - INFO - openpose - Gaze PUB: people=2, frame_idx=944
2025-11-14 15:00:17,355 - INFO - openpose - Gaze3D frame=948 id=right label=Right person v=[-0.142, -0.229, 0.963] yaw=-8.4 pitch=13.3 cx=557.6994018554688
2025-11-14 15:00:17,355 - INFO - openpose - Gaze PUB: people=1, frame_idx=948
