2025-12-19 15:49:56,935 - INFO - openpose - OpenPose server started and bound to tcp://*:5555
2025-12-19 15:49:56,935 - INFO - openpose - OpenPose server started and bound to tcp://*:5556
2025-12-19 15:49:56,948 - INFO - openpose - Starting OpenPose
2025-12-19 15:49:57,719 - INFO - openpose - OpenPose initialized - waiting for turn_order
2025-12-19 15:50:05,649 - INFO - openpose - Message received: ybypbpbpy

2025-12-19 15:50:06,446 - INFO - openpose - Gaze3D frame=0 id=left label=Left person v=[-0.249, 0.038, 0.968] yaw=-14.5 pitch=-2.2 cx=262.87491607666016
2025-12-19 15:50:06,446 - INFO - openpose - Gaze3D frame=0 id=right label=Right person v=[-0.323, -0.092, 0.942] yaw=-18.9 pitch=5.3 cx=446.3160095214844
2025-12-19 15:50:06,446 - INFO - openpose - Gaze PUB: people=2, frame_idx=0
2025-12-19 15:50:06,446 - INFO - openpose - Robot's turn detected
2025-12-19 15:50:07,161 - INFO - openpose - Gaze3D frame=8 id=left label=Left person v=[-0.274, -0.067, 0.959] yaw=-15.9 pitch=3.8 cx=262.4684295654297
2025-12-19 15:50:07,161 - INFO - openpose - Gaze3D frame=8 id=right label=Right person v=[-0.220, -0.227, 0.949] yaw=-13.0 pitch=13.1 cx=446.4939422607422
2025-12-19 15:50:07,161 - INFO - openpose - Gaze PUB: people=2, frame_idx=8
2025-12-19 15:50:07,849 - INFO - openpose - Gaze3D frame=16 id=left label=Left person v=[-0.304, 0.056, 0.951] yaw=-17.7 pitch=-3.2 cx=259.82324981689453
2025-12-19 15:50:07,850 - INFO - openpose - Gaze3D frame=16 id=right label=Right person v=[-0.173, -0.236, 0.956] yaw=-10.3 pitch=13.6 cx=445.20814514160156
2025-12-19 15:50:07,850 - INFO - openpose - Gaze PUB: people=2, frame_idx=16
2025-12-19 15:50:08,518 - INFO - openpose - Gaze3D frame=24 id=left label=Left person v=[-0.227, 0.058, 0.972] yaw=-13.2 pitch=-3.3 cx=260.59925842285156
2025-12-19 15:50:08,518 - INFO - openpose - Gaze3D frame=24 id=right label=Right person v=[-0.197, -0.318, 0.927] yaw=-12.0 pitch=18.6 cx=445.35704040527344
2025-12-19 15:50:08,518 - INFO - openpose - Gaze PUB: people=2, frame_idx=24
2025-12-19 15:50:09,155 - INFO - openpose - Gaze3D frame=32 id=left label=Left person v=[-0.272, 0.011, 0.962] yaw=-15.8 pitch=-0.6 cx=260.72865295410156
2025-12-19 15:50:09,155 - INFO - openpose - Gaze3D frame=32 id=right label=Right person v=[-0.189, -0.246, 0.951] yaw=-11.2 pitch=14.2 cx=444.91558837890625
2025-12-19 15:50:09,155 - INFO - openpose - Gaze PUB: people=2, frame_idx=32
2025-12-19 15:50:09,821 - INFO - openpose - Gaze3D frame=40 id=left label=Left person v=[-0.307, 0.140, 0.942] yaw=-18.0 pitch=-8.0 cx=259.8916473388672
2025-12-19 15:50:09,821 - INFO - openpose - Gaze3D frame=40 id=right label=Right person v=[-0.166, -0.180, 0.970] yaw=-9.7 pitch=10.4 cx=446.1775207519531
2025-12-19 15:50:09,821 - INFO - openpose - Gaze PUB: people=2, frame_idx=40
2025-12-19 15:50:10,514 - INFO - openpose - Gaze3D frame=48 id=left label=Left person v=[-0.261, 0.149, 0.954] yaw=-15.3 pitch=-8.5 cx=259.3954162597656
2025-12-19 15:50:10,514 - INFO - openpose - Gaze3D frame=48 id=right label=Right person v=[-0.235, -0.162, 0.958] yaw=-13.8 pitch=9.3 cx=446.7022705078125
2025-12-19 15:50:10,514 - INFO - openpose - Gaze PUB: people=2, frame_idx=48
2025-12-19 15:50:11,215 - INFO - openpose - Gaze3D frame=56 id=left label=Left person v=[-0.184, 0.153, 0.971] yaw=-10.7 pitch=-8.8 cx=262.52046966552734
2025-12-19 15:50:11,215 - INFO - openpose - Gaze3D frame=56 id=right label=Right person v=[-0.193, -0.181, 0.964] yaw=-11.3 pitch=10.4 cx=446.71144104003906
2025-12-19 15:50:11,215 - INFO - openpose - Gaze PUB: people=2, frame_idx=56
2025-12-19 15:50:11,936 - INFO - openpose - Gaze3D frame=64 id=left label=Left person v=[-0.274, 0.067, 0.959] yaw=-15.9 pitch=-3.9 cx=260.10816955566406
2025-12-19 15:50:11,936 - INFO - openpose - Gaze3D frame=64 id=right label=Right person v=[-0.223, -0.290, 0.931] yaw=-13.5 pitch=16.9 cx=447.05165100097656
2025-12-19 15:50:11,936 - INFO - openpose - Gaze PUB: people=2, frame_idx=64
2025-12-19 15:50:12,618 - INFO - openpose - Gaze3D frame=72 id=left label=Left person v=[-0.249, 0.049, 0.967] yaw=-14.5 pitch=-2.8 cx=258.41481018066406
2025-12-19 15:50:12,618 - INFO - openpose - Gaze3D frame=72 id=right label=Right person v=[-0.148, -0.199, 0.969] yaw=-8.7 pitch=11.5 cx=447.1797180175781
2025-12-19 15:50:12,618 - INFO - openpose - Gaze PUB: people=2, frame_idx=72
2025-12-19 15:50:13,299 - INFO - openpose - Gaze3D frame=80 id=left label=Left person v=[-0.217, 0.162, 0.963] yaw=-12.7 pitch=-9.3 cx=258.2033233642578
2025-12-19 15:50:13,299 - INFO - openpose - Gaze3D frame=80 id=right label=Right person v=[-0.211, -0.206, 0.956] yaw=-12.4 pitch=11.9 cx=447.34373474121094
2025-12-19 15:50:13,299 - INFO - openpose - Gaze PUB: people=2, frame_idx=80
2025-12-19 15:50:13,998 - INFO - openpose - Gaze3D frame=88 id=left label=Left person v=[-0.270, 0.147, 0.952] yaw=-15.8 pitch=-8.5 cx=258.6327896118164
2025-12-19 15:50:13,999 - INFO - openpose - Gaze3D frame=88 id=right label=Right person v=[-0.221, -0.211, 0.952] yaw=-13.1 pitch=12.2 cx=447.3627624511719
2025-12-19 15:50:13,999 - INFO - openpose - Gaze PUB: people=2, frame_idx=88
2025-12-19 15:50:14,698 - INFO - openpose - Gaze3D frame=96 id=left label=Left person v=[-0.297, 0.154, 0.942] yaw=-17.5 pitch=-8.9 cx=256.1194610595703
2025-12-19 15:50:14,698 - INFO - openpose - Gaze3D frame=96 id=right label=Right person v=[-0.185, -0.270, 0.945] yaw=-11.0 pitch=15.7 cx=447.19740295410156
2025-12-19 15:50:14,698 - INFO - openpose - Gaze PUB: people=2, frame_idx=96
2025-12-19 15:50:15,413 - INFO - openpose - Gaze3D frame=104 id=left label=Left person v=[-0.258, 0.156, 0.953] yaw=-15.1 pitch=-9.0 cx=258.7546081542969
2025-12-19 15:50:15,414 - INFO - openpose - Gaze3D frame=104 id=right label=Right person v=[-0.231, -0.171, 0.958] yaw=-13.6 pitch=9.8 cx=446.8489990234375
2025-12-19 15:50:15,414 - INFO - openpose - Gaze PUB: people=2, frame_idx=104
2025-12-19 15:50:16,094 - INFO - openpose - Gaze3D frame=112 id=left label=Left person v=[-0.275, 0.056, 0.960] yaw=-16.0 pitch=-3.2 cx=260.7717971801758
2025-12-19 15:50:16,094 - INFO - openpose - Gaze3D frame=112 id=right label=Right person v=[-0.356, -0.015, 0.934] yaw=-20.9 pitch=0.8 cx=446.8031311035156
2025-12-19 15:50:16,094 - INFO - openpose - Gaze PUB: people=2, frame_idx=112
2025-12-19 15:50:16,737 - INFO - openpose - Gaze3D frame=120 id=left label=Left person v=[-0.300, 0.028, 0.953] yaw=-17.5 pitch=-1.6 cx=264.1630554199219
2025-12-19 15:50:16,737 - INFO - openpose - Gaze3D frame=120 id=right label=Right person v=[-0.354, -0.070, 0.933] yaw=-20.8 pitch=4.0 cx=447.0165100097656
2025-12-19 15:50:16,737 - INFO - openpose - Gaze PUB: people=2, frame_idx=120
2025-12-19 15:50:17,351 - INFO - openpose - Gaze3D frame=128 id=left label=Left person v=[-0.298, 0.136, 0.945] yaw=-17.5 pitch=-7.8 cx=264.4935836791992
2025-12-19 15:50:17,351 - INFO - openpose - Gaze3D frame=128 id=right label=Right person v=[-0.294, -0.086, 0.952] yaw=-17.1 pitch=4.9 cx=446.9407196044922
2025-12-19 15:50:17,351 - INFO - openpose - Gaze PUB: people=2, frame_idx=128
2025-12-19 15:50:18,004 - INFO - openpose - Gaze3D frame=136 id=left label=Left person v=[-0.332, 0.075, 0.940] yaw=-19.4 pitch=-4.3 cx=264.58582305908203
2025-12-19 15:50:18,004 - INFO - openpose - Gaze3D frame=136 id=right label=Right person v=[-0.174, -0.221, 0.960] yaw=-10.3 pitch=12.8 cx=447.13648986816406
2025-12-19 15:50:18,004 - INFO - openpose - Gaze PUB: people=2, frame_idx=136
2025-12-19 15:50:18,672 - INFO - openpose - Gaze3D frame=144 id=left label=Left person v=[-0.393, -0.017, 0.919] yaw=-23.2 pitch=1.0 cx=260.5641403198242
2025-12-19 15:50:18,672 - INFO - openpose - Gaze3D frame=144 id=right label=Right person v=[-0.422, -0.209, 0.882] yaw=-25.5 pitch=12.1 cx=447.0320739746094
2025-12-19 15:50:18,672 - INFO - openpose - Gaze PUB: people=2, frame_idx=144
2025-12-19 15:50:19,362 - INFO - openpose - Gaze3D frame=152 id=left label=Left person v=[-0.328, 0.002, 0.945] yaw=-19.1 pitch=-0.1 cx=261.36312103271484
2025-12-19 15:50:19,363 - INFO - openpose - Gaze3D frame=152 id=right label=Right person v=[-0.401, -0.117, 0.908] yaw=-23.8 pitch=6.7 cx=446.96946716308594
2025-12-19 15:50:19,363 - INFO - openpose - Gaze PUB: people=2, frame_idx=152
2025-12-19 15:50:20,058 - INFO - openpose - Gaze3D frame=160 id=left label=Left person v=[-0.330, 0.007, 0.944] yaw=-19.3 pitch=-0.4 cx=262.3083190917969
2025-12-19 15:50:20,058 - INFO - openpose - Gaze3D frame=160 id=right label=Right person v=[-0.446, -0.210, 0.870] yaw=-27.1 pitch=12.1 cx=447.2342834472656
2025-12-19 15:50:20,058 - INFO - openpose - Gaze PUB: people=2, frame_idx=160
2025-12-19 15:50:20,709 - INFO - openpose - Gaze3D frame=168 id=left label=Left person v=[-0.347, -0.084, 0.934] yaw=-20.4 pitch=4.8 cx=260.60520935058594
2025-12-19 15:50:20,709 - INFO - openpose - Gaze3D frame=168 id=right label=Right person v=[-0.399, -0.271, 0.876] yaw=-24.5 pitch=15.7 cx=447.21319580078125
2025-12-19 15:50:20,709 - INFO - openpose - Gaze PUB: people=2, frame_idx=168
2025-12-19 15:50:21,363 - INFO - openpose - Gaze3D frame=176 id=left label=Left person v=[-0.346, -0.027, 0.938] yaw=-20.2 pitch=1.6 cx=261.6238479614258
2025-12-19 15:50:21,363 - INFO - openpose - Gaze3D frame=176 id=right label=Right person v=[-0.457, -0.315, 0.832] yaw=-28.8 pitch=18.4 cx=447.04823303222656
2025-12-19 15:50:21,363 - INFO - openpose - Gaze PUB: people=2, frame_idx=176
2025-12-19 15:50:22,032 - INFO - openpose - Gaze3D frame=184 id=left label=Left person v=[-0.336, 0.014, 0.942] yaw=-19.6 pitch=-0.8 cx=261.06410217285156
2025-12-19 15:50:22,033 - INFO - openpose - Gaze3D frame=184 id=right label=Right person v=[-0.508, -0.323, 0.798] yaw=-32.5 pitch=18.8 cx=446.59938049316406
2025-12-19 15:50:22,033 - INFO - openpose - Gaze PUB: people=2, frame_idx=184
2025-12-19 15:50:22,715 - INFO - openpose - Gaze3D frame=192 id=left label=Left person v=[-0.322, 0.046, 0.946] yaw=-18.8 pitch=-2.7 cx=261.7541961669922
2025-12-19 15:50:22,715 - INFO - openpose - Gaze3D frame=192 id=right label=Right person v=[-0.565, -0.244, 0.788] yaw=-35.7 pitch=14.1 cx=446.1592102050781
2025-12-19 15:50:22,715 - INFO - openpose - Gaze PUB: people=2, frame_idx=192
2025-12-19 15:50:23,418 - INFO - openpose - Gaze3D frame=200 id=left label=Left person v=[-0.339, 0.080, 0.938] yaw=-19.9 pitch=-4.6 cx=261.6828155517578
2025-12-19 15:50:23,418 - INFO - openpose - Gaze3D frame=200 id=right label=Right person v=[-0.629, -0.249, 0.737] yaw=-40.5 pitch=14.4 cx=446.0359191894531
2025-12-19 15:50:23,425 - INFO - openpose - Gaze PUB: people=2, frame_idx=200
2025-12-19 15:50:24,150 - INFO - openpose - Gaze3D frame=208 id=left label=Left person v=[-0.334, 0.076, 0.939] yaw=-19.6 pitch=-4.4 cx=261.48097229003906
2025-12-19 15:50:24,150 - INFO - openpose - Gaze3D frame=208 id=right label=Right person v=[-0.574, -0.283, 0.768] yaw=-36.8 pitch=16.4 cx=446.05865478515625
2025-12-19 15:50:24,150 - INFO - openpose - Gaze PUB: people=2, frame_idx=208
2025-12-19 15:50:24,868 - INFO - openpose - Gaze3D frame=216 id=left label=Left person v=[-0.415, -0.015, 0.910] yaw=-24.5 pitch=0.9 cx=259.91634368896484
2025-12-19 15:50:24,868 - INFO - openpose - Gaze3D frame=216 id=right label=Right person v=[-0.595, -0.332, 0.732] yaw=-39.1 pitch=19.4 cx=446.0056610107422
2025-12-19 15:50:24,868 - INFO - openpose - Gaze PUB: people=2, frame_idx=216
2025-12-19 15:50:25,589 - INFO - openpose - Gaze3D frame=224 id=left label=Left person v=[-0.382, -0.043, 0.923] yaw=-22.5 pitch=2.5 cx=260.16087341308594
2025-12-19 15:50:25,589 - INFO - openpose - Gaze3D frame=224 id=right label=Right person v=[-0.601, -0.249, 0.759] yaw=-38.4 pitch=14.4 cx=446.1288146972656
2025-12-19 15:50:25,589 - INFO - openpose - Gaze PUB: people=2, frame_idx=224
2025-12-19 15:50:26,297 - INFO - openpose - Gaze3D frame=232 id=left label=Left person v=[-0.385, 0.085, 0.919] yaw=-22.7 pitch=-4.9 cx=260.62721252441406
2025-12-19 15:50:26,297 - INFO - openpose - Gaze3D frame=232 id=right label=Right person v=[-0.555, -0.302, 0.775] yaw=-35.6 pitch=17.5 cx=446.03172302246094
2025-12-19 15:50:26,297 - INFO - openpose - Gaze PUB: people=2, frame_idx=232
2025-12-19 15:50:26,977 - INFO - openpose - Gaze3D frame=240 id=left label=Left person v=[-0.396, 0.268, 0.878] yaw=-24.3 pitch=-15.6 cx=267.60022735595703
2025-12-19 15:50:26,977 - INFO - openpose - Gaze3D frame=240 id=right label=Right person v=[-0.544, -0.267, 0.795] yaw=-34.4 pitch=15.5 cx=446.1129608154297
2025-12-19 15:50:26,977 - INFO - openpose - Gaze PUB: people=2, frame_idx=240
2025-12-19 15:50:27,673 - INFO - openpose - Gaze3D frame=248 id=left label=Left person v=[-0.455, 0.233, 0.860] yaw=-27.9 pitch=-13.5 cx=267.3627471923828
2025-12-19 15:50:27,674 - INFO - openpose - Gaze3D frame=248 id=right label=Right person v=[-0.558, -0.270, 0.785] yaw=-35.4 pitch=15.6 cx=445.9290771484375
2025-12-19 15:50:27,674 - INFO - openpose - Gaze PUB: people=2, frame_idx=248
2025-12-19 15:50:28,369 - INFO - openpose - Gaze3D frame=256 id=left label=Left person v=[-0.378, 0.200, 0.904] yaw=-22.7 pitch=-11.5 cx=264.44317626953125
2025-12-19 15:50:28,369 - INFO - openpose - Gaze3D frame=256 id=right label=Right person v=[-0.487, -0.109, 0.867] yaw=-29.3 pitch=6.3 cx=445.9875946044922
2025-12-19 15:50:28,369 - INFO - openpose - Gaze PUB: people=2, frame_idx=256
2025-12-19 15:50:29,065 - INFO - openpose - Gaze3D frame=264 id=left label=Left person v=[-0.377, 0.168, 0.911] yaw=-22.5 pitch=-9.7 cx=255.99757385253906
2025-12-19 15:50:29,065 - INFO - openpose - Gaze3D frame=264 id=right label=Right person v=[-0.304, -0.306, 0.902] yaw=-18.6 pitch=17.8 cx=445.3659210205078
2025-12-19 15:50:29,065 - INFO - openpose - Gaze PUB: people=2, frame_idx=264
2025-12-19 15:50:29,762 - INFO - openpose - Gaze3D frame=272 id=left label=Left person v=[-0.455, -0.118, 0.883] yaw=-27.3 pitch=6.8 cx=295.6760711669922
2025-12-19 15:50:29,762 - INFO - openpose - Gaze3D frame=272 id=right label=Right person v=[-0.337, -0.156, 0.928] yaw=-20.0 pitch=9.0 cx=446.1963806152344
2025-12-19 15:50:29,762 - INFO - openpose - Gaze PUB: people=2, frame_idx=272
2025-12-19 15:50:30,027 - INFO - openpose - Left person: Arm EXTENDED (depth-plane)
2025-12-19 15:50:30,027 - INFO - openpose - ZMQ Message received (non-blocking): PL: Arm Extended Check
2025-12-19 15:50:30,027 - INFO - openpose - ZMQ Sending: Left: Arm Extended
2025-12-19 15:50:30,494 - INFO - openpose - Gaze3D frame=280 id=left label=Left person v=[-0.373, 0.263, 0.890] yaw=-22.7 pitch=-15.2 cx=329.4763641357422
2025-12-19 15:50:30,494 - INFO - openpose - Gaze3D frame=280 id=right label=Right person v=[-0.383, -0.103, 0.918] yaw=-22.7 pitch=5.9 cx=445.9586639404297
2025-12-19 15:50:30,494 - INFO - openpose - Gaze PUB: people=2, frame_idx=280
2025-12-19 15:50:31,200 - INFO - openpose - Gaze3D frame=288 id=left label=Left person v=[-0.337, 0.761, 0.554] yaw=-31.3 pitch=-49.6 cx=333.40928649902344
2025-12-19 15:50:31,200 - INFO - openpose - Gaze3D frame=288 id=right label=Right person v=[-0.405, -0.097, 0.909] yaw=-24.0 pitch=5.6 cx=446.9093475341797
2025-12-19 15:50:31,200 - INFO - openpose - Gaze PUB: people=2, frame_idx=288
2025-12-19 15:50:31,649 - INFO - openpose - Left person: Arm RETRACTED (depth-plane)
2025-12-19 15:50:31,650 - INFO - openpose - ZMQ Message received (non-blocking): PL: Arm Retracted Check
2025-12-19 15:50:31,650 - INFO - openpose - ZMQ Sending: Left: Arm Retracted
2025-12-19 15:50:31,905 - INFO - openpose - Gaze3D frame=296 id=left label=Left person v=[-0.040, 0.028, 0.999] yaw=-2.3 pitch=-1.6 cx=318.5290222167969
2025-12-19 15:50:31,905 - INFO - openpose - Gaze3D frame=296 id=right label=Right person v=[-0.371, -0.093, 0.924] yaw=-21.9 pitch=5.4 cx=446.8936462402344
2025-12-19 15:50:31,905 - INFO - openpose - Gaze PUB: people=2, frame_idx=296
2025-12-19 15:50:31,906 - INFO - openpose - Robot's turn detected
2025-12-19 15:50:32,573 - INFO - openpose - Gaze3D frame=304 id=left label=Left person v=[-0.151, 0.162, 0.975] yaw=-8.8 pitch=-9.3 cx=257.63487243652344
2025-12-19 15:50:32,573 - INFO - openpose - Gaze3D frame=304 id=right label=Right person v=[-0.286, 0.066, 0.956] yaw=-16.7 pitch=-3.8 cx=449.47264099121094
2025-12-19 15:50:32,573 - INFO - openpose - Gaze PUB: people=2, frame_idx=304
2025-12-19 15:50:33,254 - INFO - openpose - Gaze3D frame=312 id=left label=Left person v=[-0.209, 0.061, 0.976] yaw=-12.1 pitch=-3.5 cx=260.4230041503906
2025-12-19 15:50:33,254 - INFO - openpose - Gaze3D frame=312 id=right label=Right person v=[-0.381, -0.090, 0.920] yaw=-22.5 pitch=5.1 cx=449.33984375
2025-12-19 15:50:33,255 - INFO - openpose - Gaze PUB: people=2, frame_idx=312
2025-12-19 15:50:33,921 - INFO - openpose - Gaze3D frame=320 id=left label=Left person v=[-0.293, -0.033, 0.956] yaw=-17.0 pitch=1.9 cx=263.4699172973633
2025-12-19 15:50:33,921 - INFO - openpose - Gaze3D frame=320 id=right label=Right person v=[-0.310, -0.049, 0.949] yaw=-18.1 pitch=2.8 cx=448.5773010253906
2025-12-19 15:50:33,921 - INFO - openpose - Gaze PUB: people=2, frame_idx=320
2025-12-19 15:50:34,617 - INFO - openpose - Gaze3D frame=328 id=left label=Left person v=[-0.390, -0.047, 0.919] yaw=-23.0 pitch=2.7 cx=260.96155548095703
2025-12-19 15:50:34,617 - INFO - openpose - Gaze3D frame=328 id=right label=Right person v=[-0.320, -0.140, 0.937] yaw=-18.8 pitch=8.1 cx=448.717041015625
2025-12-19 15:50:34,617 - INFO - openpose - Gaze PUB: people=2, frame_idx=328
2025-12-19 15:50:35,299 - INFO - openpose - Gaze3D frame=336 id=left label=Left person v=[-0.366, -0.031, 0.930] yaw=-21.5 pitch=1.8 cx=260.78064727783203
2025-12-19 15:50:35,299 - INFO - openpose - Gaze3D frame=336 id=right label=Right person v=[-0.274, -0.155, 0.949] yaw=-16.1 pitch=8.9 cx=448.40899658203125
2025-12-19 15:50:35,299 - INFO - openpose - Gaze PUB: people=2, frame_idx=336
2025-12-19 15:50:36,012 - INFO - openpose - Gaze3D frame=344 id=left label=Left person v=[-0.485, -0.061, 0.872] yaw=-29.1 pitch=3.5 cx=259.8368835449219
2025-12-19 15:50:36,012 - INFO - openpose - Gaze3D frame=344 id=right label=Right person v=[-0.389, -0.149, 0.909] yaw=-23.2 pitch=8.6 cx=448.9653625488281
2025-12-19 15:50:36,012 - INFO - openpose - Gaze PUB: people=2, frame_idx=344
2025-12-19 15:50:36,725 - INFO - openpose - Gaze3D frame=352 id=left label=Left person v=[-0.348, -0.071, 0.935] yaw=-20.4 pitch=4.1 cx=260.5679016113281
2025-12-19 15:50:36,725 - INFO - openpose - Gaze3D frame=352 id=right label=Right person v=[-0.321, -0.116, 0.940] yaw=-18.9 pitch=6.6 cx=448.43670654296875
2025-12-19 15:50:36,725 - INFO - openpose - Gaze PUB: people=2, frame_idx=352
2025-12-19 15:50:37,409 - INFO - openpose - Gaze3D frame=360 id=left label=Left person v=[-0.338, -0.085, 0.937] yaw=-19.8 pitch=4.9 cx=260.79412841796875
2025-12-19 15:50:37,409 - INFO - openpose - Gaze3D frame=360 id=right label=Right person v=[-0.374, -0.122, 0.919] yaw=-22.2 pitch=7.0 cx=448.13584899902344
2025-12-19 15:50:37,409 - INFO - openpose - Gaze PUB: people=2, frame_idx=360
2025-12-19 15:50:38,130 - INFO - openpose - Gaze3D frame=368 id=left label=Left person v=[-0.311, -0.094, 0.946] yaw=-18.2 pitch=5.4 cx=261.26483154296875
2025-12-19 15:50:38,130 - INFO - openpose - Gaze3D frame=368 id=right label=Right person v=[-0.419, -0.123, 0.900] yaw=-25.0 pitch=7.1 cx=448.32154846191406
2025-12-19 15:50:38,130 - INFO - openpose - Gaze PUB: people=2, frame_idx=368
2025-12-19 15:50:38,822 - INFO - openpose - Gaze3D frame=376 id=left label=Left person v=[-0.351, -0.075, 0.934] yaw=-20.6 pitch=4.3 cx=261.60333251953125
2025-12-19 15:50:38,822 - INFO - openpose - Gaze3D frame=376 id=right label=Right person v=[-0.417, -0.115, 0.902] yaw=-24.8 pitch=6.6 cx=448.203369140625
2025-12-19 15:50:38,822 - INFO - openpose - Gaze PUB: people=2, frame_idx=376
2025-12-19 15:50:39,526 - INFO - openpose - Gaze3D frame=384 id=left label=Left person v=[-0.299, -0.076, 0.951] yaw=-17.4 pitch=4.3 cx=260.7274627685547
2025-12-19 15:50:39,526 - INFO - openpose - Gaze3D frame=384 id=right label=Right person v=[-0.386, -0.102, 0.917] yaw=-22.8 pitch=5.8 cx=448.69093322753906
2025-12-19 15:50:39,526 - INFO - openpose - Gaze PUB: people=2, frame_idx=384
2025-12-19 15:50:40,225 - INFO - openpose - Gaze3D frame=392 id=left label=Left person v=[-0.317, -0.102, 0.943] yaw=-18.6 pitch=5.9 cx=261.0464782714844
2025-12-19 15:50:40,225 - INFO - openpose - Gaze3D frame=392 id=right label=Right person v=[-0.369, -0.199, 0.908] yaw=-22.1 pitch=11.5 cx=448.3548126220703
2025-12-19 15:50:40,225 - INFO - openpose - Gaze PUB: people=2, frame_idx=392
2025-12-19 15:50:40,946 - INFO - openpose - Gaze3D frame=400 id=left label=Left person v=[-0.378, 0.047, 0.925] yaw=-22.2 pitch=-2.7 cx=259.8973693847656
2025-12-19 15:50:40,946 - INFO - openpose - Gaze3D frame=400 id=right label=Right person v=[-0.391, -0.144, 0.909] yaw=-23.2 pitch=8.3 cx=448.601318359375
2025-12-19 15:50:40,946 - INFO - openpose - Gaze PUB: people=2, frame_idx=400
2025-12-19 15:50:41,661 - INFO - openpose - Gaze3D frame=408 id=left label=Left person v=[-0.308, -0.022, 0.951] yaw=-17.9 pitch=1.3 cx=260.8523712158203
2025-12-19 15:50:41,661 - INFO - openpose - Gaze3D frame=408 id=right label=Right person v=[-0.489, -0.045, 0.871] yaw=-29.3 pitch=2.6 cx=448.7049255371094
2025-12-19 15:50:41,661 - INFO - openpose - Gaze PUB: people=2, frame_idx=408
2025-12-19 15:50:42,360 - INFO - openpose - Gaze3D frame=416 id=left label=Left person v=[-0.345, -0.112, 0.932] yaw=-20.3 pitch=6.4 cx=259.5266342163086
2025-12-19 15:50:42,360 - INFO - openpose - Gaze3D frame=416 id=right label=Right person v=[-0.412, -0.168, 0.896] yaw=-24.7 pitch=9.6 cx=448.7574157714844
2025-12-19 15:50:42,360 - INFO - openpose - Gaze PUB: people=2, frame_idx=416
2025-12-19 15:50:43,039 - INFO - openpose - Gaze3D frame=424 id=left label=Left person v=[-0.320, -0.011, 0.947] yaw=-18.7 pitch=0.6 cx=256.9661865234375
2025-12-19 15:50:43,039 - INFO - openpose - Gaze3D frame=424 id=right label=Right person v=[-0.392, -0.019, 0.920] yaw=-23.1 pitch=1.1 cx=448.5918273925781
2025-12-19 15:50:43,039 - INFO - openpose - Gaze PUB: people=2, frame_idx=424
2025-12-19 15:50:43,735 - INFO - openpose - Gaze3D frame=432 id=left label=Left person v=[-0.313, 0.123, 0.942] yaw=-18.4 pitch=-7.1 cx=253.1325225830078
2025-12-19 15:50:43,735 - INFO - openpose - Gaze3D frame=432 id=right label=Right person v=[-0.332, -0.133, 0.934] yaw=-19.6 pitch=7.7 cx=448.60626220703125
2025-12-19 15:50:43,735 - INFO - openpose - Gaze PUB: people=2, frame_idx=432
2025-12-19 15:50:44,396 - INFO - openpose - Gaze3D frame=440 id=left label=Left person v=[-0.356, 0.067, 0.932] yaw=-20.9 pitch=-3.8 cx=256.44519805908203
2025-12-19 15:50:44,396 - INFO - openpose - Gaze3D frame=440 id=right label=Right person v=[-0.416, -0.091, 0.905] yaw=-24.7 pitch=5.2 cx=448.474853515625
2025-12-19 15:50:44,396 - INFO - openpose - Gaze PUB: people=2, frame_idx=440
2025-12-19 15:50:45,049 - INFO - openpose - Gaze3D frame=448 id=left label=Left person v=[-0.411, 0.115, 0.905] yaw=-24.4 pitch=-6.6 cx=258.3484573364258
2025-12-19 15:50:45,050 - INFO - openpose - Gaze3D frame=448 id=right label=Right person v=[-0.514, -0.093, 0.853] yaw=-31.1 pitch=5.3 cx=448.51454162597656
2025-12-19 15:50:45,050 - INFO - openpose - Gaze PUB: people=2, frame_idx=448
2025-12-19 15:50:45,727 - INFO - openpose - Gaze3D frame=456 id=left label=Left person v=[-0.370, 0.184, 0.911] yaw=-22.1 pitch=-10.6 cx=258.4385223388672
2025-12-19 15:50:45,727 - INFO - openpose - Gaze3D frame=456 id=right label=Right person v=[-0.530, -0.098, 0.842] yaw=-32.2 pitch=5.6 cx=448.4590301513672
2025-12-19 15:50:45,727 - INFO - openpose - Gaze PUB: people=2, frame_idx=456
2025-12-19 15:50:46,430 - INFO - openpose - Gaze3D frame=464 id=left label=Left person v=[-0.292, 0.032, 0.956] yaw=-17.0 pitch=-1.8 cx=258.6519012451172
2025-12-19 15:50:46,431 - INFO - openpose - Gaze3D frame=464 id=right label=Right person v=[-0.470, 0.001, 0.883] yaw=-28.0 pitch=-0.1 cx=448.2044372558594
2025-12-19 15:50:46,431 - INFO - openpose - Gaze PUB: people=2, frame_idx=464
2025-12-19 15:50:47,134 - INFO - openpose - Gaze3D frame=472 id=left label=Left person v=[-0.321, 0.207, 0.924] yaw=-19.1 pitch=-11.9 cx=259.7413024902344
2025-12-19 15:50:47,134 - INFO - openpose - Gaze3D frame=472 id=right label=Right person v=[-0.256, -0.154, 0.954] yaw=-15.0 pitch=8.8 cx=448.198486328125
2025-12-19 15:50:47,134 - INFO - openpose - Gaze PUB: people=2, frame_idx=472
2025-12-19 15:50:47,824 - INFO - openpose - Gaze3D frame=480 id=left label=Left person v=[-0.297, 0.181, 0.938] yaw=-17.6 pitch=-10.4 cx=259.5001220703125
2025-12-19 15:50:47,824 - INFO - openpose - Gaze3D frame=480 id=right label=Right person v=[-0.160, -0.201, 0.966] yaw=-9.4 pitch=11.6 cx=447.93031311035156
2025-12-19 15:50:47,825 - INFO - openpose - Gaze PUB: people=2, frame_idx=480
2025-12-19 15:50:48,468 - INFO - openpose - Gaze3D frame=488 id=left label=Left person v=[-0.282, 0.202, 0.938] yaw=-16.7 pitch=-11.6 cx=258.357421875
2025-12-19 15:50:48,468 - INFO - openpose - Gaze3D frame=488 id=right label=Right person v=[-0.607, -0.352, 0.712] yaw=-40.4 pitch=20.6 cx=447.9682159423828
2025-12-19 15:50:48,468 - INFO - openpose - Gaze PUB: people=2, frame_idx=488
2025-12-19 15:50:49,165 - INFO - openpose - Gaze3D frame=496 id=left label=Left person v=[-0.334, 0.278, 0.901] yaw=-20.3 pitch=-16.1 cx=257.83533477783203
2025-12-19 15:50:49,166 - INFO - openpose - Gaze3D frame=496 id=right label=Right person v=[-0.693, -0.178, 0.699] yaw=-44.7 pitch=10.2 cx=458.28521728515625
2025-12-19 15:50:49,166 - INFO - openpose - Gaze PUB: people=2, frame_idx=496
2025-12-19 15:50:49,885 - INFO - openpose - Gaze3D frame=504 id=left label=Left person v=[-0.230, 0.145, 0.962] yaw=-13.5 pitch=-8.3 cx=258.74285888671875
2025-12-19 15:50:49,885 - INFO - openpose - Gaze3D frame=504 id=right label=Right person v=[-0.403, 0.041, 0.914] yaw=-23.8 pitch=-2.4 cx=477.2393798828125
2025-12-19 15:50:49,885 - INFO - openpose - Gaze PUB: people=2, frame_idx=504
2025-12-19 15:50:50,571 - INFO - openpose - Gaze3D frame=512 id=left label=Left person v=[-0.248, 0.132, 0.960] yaw=-14.5 pitch=-7.6 cx=258.6185836791992
2025-12-19 15:50:50,571 - INFO - openpose - Gaze3D frame=512 id=right label=Right person v=[-0.542, -0.062, 0.838] yaw=-32.9 pitch=3.5 cx=456.5136260986328
2025-12-19 15:50:50,571 - INFO - openpose - Gaze PUB: people=2, frame_idx=512
2025-12-19 15:50:51,245 - INFO - openpose - Gaze3D frame=520 id=left label=Left person v=[-0.245, 0.191, 0.951] yaw=-14.4 pitch=-11.0 cx=257.25111389160156
2025-12-19 15:50:51,245 - INFO - openpose - Gaze3D frame=520 id=right label=Right person v=[-0.437, 0.413, 0.799] yaw=-28.7 pitch=-24.4 cx=441.72764587402344
2025-12-19 15:50:51,245 - INFO - openpose - Gaze PUB: people=2, frame_idx=520
2025-12-19 15:50:51,943 - INFO - openpose - Gaze3D frame=528 id=left label=Left person v=[-0.351, 0.108, 0.930] yaw=-20.7 pitch=-6.2 cx=256.1396255493164
2025-12-19 15:50:51,943 - INFO - openpose - Gaze3D frame=528 id=right label=Right person v=[-0.188, -0.759, 0.623] yaw=-16.8 pitch=49.4 cx=459.69415283203125
2025-12-19 15:50:51,944 - INFO - openpose - Gaze PUB: people=2, frame_idx=528
2025-12-19 15:50:52,593 - INFO - openpose - Gaze3D frame=536 id=left label=Left person v=[-0.354, 0.084, 0.931] yaw=-20.8 pitch=-4.8 cx=256.8917236328125
2025-12-19 15:50:52,593 - INFO - openpose - Gaze3D frame=536 id=right label=Right person v=[-0.121, -0.588, 0.800] yaw=-8.6 pitch=36.0 cx=461.9850311279297
2025-12-19 15:50:52,593 - INFO - openpose - Gaze PUB: people=2, frame_idx=536
2025-12-19 15:50:53,221 - INFO - openpose - Gaze3D frame=544 id=left label=Left person v=[-0.122, 0.055, 0.991] yaw=-7.0 pitch=-3.2 cx=256.30479431152344
2025-12-19 15:50:53,221 - INFO - openpose - Gaze3D frame=544 id=right label=Right person v=[-0.160, -0.753, 0.639] yaw=-14.1 pitch=48.8 cx=463.9777069091797
2025-12-19 15:50:53,221 - INFO - openpose - Gaze PUB: people=2, frame_idx=544
2025-12-19 15:50:53,909 - INFO - openpose - Gaze3D frame=552 id=left label=Left person v=[-0.393, 0.018, 0.919] yaw=-23.1 pitch=-1.0 cx=256.17496490478516
2025-12-19 15:50:53,910 - INFO - openpose - Gaze3D frame=552 id=right label=Right person v=[-0.244, -0.095, 0.965] yaw=-14.2 pitch=5.4 cx=466.6632995605469
2025-12-19 15:50:53,910 - INFO - openpose - Gaze PUB: people=2, frame_idx=552
2025-12-19 15:50:54,602 - INFO - openpose - Gaze3D frame=560 id=left label=Left person v=[-0.422, -0.429, 0.799] yaw=-27.9 pitch=25.4 cx=259.0096740722656
2025-12-19 15:50:54,602 - INFO - openpose - Gaze3D frame=560 id=right label=Right person v=[-0.257, -0.079, 0.963] yaw=-14.9 pitch=4.6 cx=452.38226318359375
2025-12-19 15:50:54,602 - INFO - openpose - Gaze PUB: people=2, frame_idx=560
2025-12-19 15:50:55,302 - INFO - openpose - Gaze3D frame=568 id=left label=Left person v=[-0.442, 0.124, 0.888] yaw=-26.5 pitch=-7.1 cx=262.2527084350586
2025-12-19 15:50:55,302 - INFO - openpose - Gaze3D frame=568 id=right label=Right person v=[-0.443, -0.221, 0.869] yaw=-27.0 pitch=12.8 cx=448.2098846435547
2025-12-19 15:50:55,302 - INFO - openpose - Gaze PUB: people=2, frame_idx=568
2025-12-19 15:50:55,972 - INFO - openpose - Gaze3D frame=576 id=left label=Left person v=[-0.313, 0.138, 0.940] yaw=-18.4 pitch=-8.0 cx=259.0660095214844
2025-12-19 15:50:55,972 - INFO - openpose - Gaze3D frame=576 id=right label=Right person v=[-0.304, -0.321, 0.897] yaw=-18.7 pitch=18.7 cx=447.7498474121094
2025-12-19 15:50:55,972 - INFO - openpose - Gaze PUB: people=2, frame_idx=576
2025-12-19 15:50:56,667 - INFO - openpose - Gaze3D frame=584 id=left label=Left person v=[-0.198, -0.282, 0.939] yaw=-11.9 pitch=16.4 cx=309.96636962890625
2025-12-19 15:50:56,667 - INFO - openpose - Gaze3D frame=584 id=right label=Right person v=[-0.223, -0.302, 0.927] yaw=-13.5 pitch=17.6 cx=457.031494140625
2025-12-19 15:50:56,667 - INFO - openpose - Gaze PUB: people=2, frame_idx=584
2025-12-19 15:50:57,362 - INFO - openpose - Gaze3D frame=592 id=left label=Left person v=[-0.534, 0.030, 0.845] yaw=-32.3 pitch=-1.7 cx=331.0915985107422
2025-12-19 15:50:57,362 - INFO - openpose - Gaze3D frame=592 id=right label=Right person v=[-0.258, -0.144, 0.955] yaw=-15.1 pitch=8.3 cx=471.21336364746094
2025-12-19 15:50:57,362 - INFO - openpose - Gaze PUB: people=2, frame_idx=592
2025-12-19 15:50:57,992 - INFO - openpose - Gaze3D frame=600 id=left label=Left person v=[-0.509, 0.119, 0.853] yaw=-30.8 pitch=-6.9 cx=334.76087951660156
2025-12-19 15:50:57,992 - INFO - openpose - Gaze3D frame=600 id=right label=Right person v=[-0.330, -0.397, 0.856] yaw=-21.1 pitch=23.4 cx=474.24501037597656
2025-12-19 15:50:57,992 - INFO - openpose - Gaze PUB: people=2, frame_idx=600
2025-12-19 15:50:58,681 - INFO - openpose - Gaze3D frame=608 id=left label=Left person v=[-0.581, 0.399, 0.710] yaw=-39.3 pitch=-23.5 cx=332.40460205078125
2025-12-19 15:50:58,686 - INFO - openpose - Gaze3D frame=608 id=right label=Right person v=[-0.179, -0.096, 0.979] yaw=-10.4 pitch=5.5 cx=473.47911071777344
2025-12-19 15:50:58,686 - INFO - openpose - Gaze PUB: people=2, frame_idx=608
2025-12-19 15:50:59,398 - INFO - openpose - Gaze3D frame=616 id=left label=Left person v=[-0.194, 0.025, 0.981] yaw=-11.2 pitch=-1.4 cx=301.7659606933594
2025-12-19 15:50:59,398 - INFO - openpose - Gaze3D frame=616 id=right label=Right person v=[-0.159, -0.191, 0.969] yaw=-9.3 pitch=11.0 cx=472.2808380126953
2025-12-19 15:50:59,398 - INFO - openpose - Gaze PUB: people=2, frame_idx=616
2025-12-19 15:51:00,125 - INFO - openpose - Gaze3D frame=624 id=left label=Left person v=[-0.269, 0.187, 0.945] yaw=-15.9 pitch=-10.8 cx=263.0770034790039
2025-12-19 15:51:00,125 - INFO - openpose - Gaze3D frame=624 id=right label=Right person v=[-0.243, -0.080, 0.967] yaw=-14.1 pitch=4.6 cx=469.1420593261719
2025-12-19 15:51:00,125 - INFO - openpose - Gaze PUB: people=2, frame_idx=624
2025-12-19 15:51:00,860 - INFO - openpose - Gaze3D frame=632 id=left label=Left person v=[-0.211, 0.105, 0.972] yaw=-12.2 pitch=-6.0 cx=256.52464294433594
2025-12-19 15:51:00,860 - INFO - openpose - Gaze3D frame=632 id=right label=Right person v=[-0.338, -0.023, 0.941] yaw=-19.8 pitch=1.3 cx=471.0579528808594
2025-12-19 15:51:00,860 - INFO - openpose - Gaze PUB: people=2, frame_idx=632
2025-12-19 15:51:01,552 - INFO - openpose - Gaze3D frame=640 id=left label=Left person v=[-0.290, -0.017, 0.957] yaw=-16.9 pitch=1.0 cx=257.93770599365234
2025-12-19 15:51:01,552 - INFO - openpose - Gaze3D frame=640 id=right label=Right person v=[-0.468, 0.013, 0.884] yaw=-27.9 pitch=-0.7 cx=472.90626525878906
2025-12-19 15:51:01,552 - INFO - openpose - Gaze PUB: people=2, frame_idx=640
2025-12-19 15:51:01,682 - INFO - openpose - Right person: Arm EXTENDED (depth-plane)
2025-12-19 15:51:01,682 - INFO - openpose - ZMQ Message received (non-blocking): PR: Arm Extended Check
2025-12-19 15:51:01,682 - INFO - openpose - ZMQ Sending: Right: Arm Extended
2025-12-19 15:51:01,743 - INFO - openpose - Right person: Arm RETRACTED (depth-plane)
2025-12-19 15:51:01,743 - INFO - openpose - ZMQ Message received (non-blocking): PR: Arm Retracted Check
2025-12-19 15:51:01,743 - INFO - openpose - ZMQ Sending: Right: Arm Retracted
2025-12-19 15:51:02,242 - INFO - openpose - Gaze3D frame=648 id=left label=Left person v=[-0.341, 0.114, 0.933] yaw=-20.1 pitch=-6.6 cx=256.33985900878906
2025-12-19 15:51:02,243 - INFO - openpose - Gaze3D frame=648 id=right label=Right person v=[-0.333, -0.330, 0.884] yaw=-20.6 pitch=19.2 cx=457.5203857421875
2025-12-19 15:51:02,243 - INFO - openpose - Gaze PUB: people=2, frame_idx=648
2025-12-19 15:51:02,912 - INFO - openpose - Gaze3D frame=656 id=left label=Left person v=[-0.373, 0.076, 0.925] yaw=-22.0 pitch=-4.4 cx=253.32095336914062
2025-12-19 15:51:02,912 - INFO - openpose - Gaze3D frame=656 id=right label=Right person v=[-0.293, -0.640, 0.710] yaw=-22.4 pitch=39.8 cx=447.3153381347656
2025-12-19 15:51:02,912 - INFO - openpose - Gaze PUB: people=2, frame_idx=656
2025-12-19 15:51:03,621 - INFO - openpose - Gaze3D frame=664 id=left label=Left person v=[-0.301, 0.193, 0.934] yaw=-17.9 pitch=-11.1 cx=257.0408020019531
2025-12-19 15:51:03,621 - INFO - openpose - Gaze3D frame=664 id=right label=Right person v=[-0.238, -0.744, 0.625] yaw=-20.8 pitch=48.0 cx=448.7677307128906
2025-12-19 15:51:03,621 - INFO - openpose - Gaze PUB: people=2, frame_idx=664
2025-12-19 15:51:04,328 - INFO - openpose - Gaze3D frame=672 id=left label=Left person v=[-0.296, 0.103, 0.950] yaw=-17.3 pitch=-5.9 cx=255.38379669189453
2025-12-19 15:51:04,328 - INFO - openpose - Gaze3D frame=672 id=right label=Right person v=[-0.342, -0.109, 0.933] yaw=-20.1 pitch=6.2 cx=455.50921630859375
2025-12-19 15:51:04,328 - INFO - openpose - Gaze PUB: people=2, frame_idx=672
2025-12-19 15:51:05,031 - INFO - openpose - Gaze3D frame=680 id=left label=Left person v=[-0.251, 0.180, 0.951] yaw=-14.8 pitch=-10.4 cx=262.42227935791016
2025-12-19 15:51:05,031 - INFO - openpose - Gaze3D frame=680 id=right label=Right person v=[-0.191, -0.030, 0.981] yaw=-11.0 pitch=1.7 cx=470.5692138671875
2025-12-19 15:51:05,031 - INFO - openpose - Gaze PUB: people=2, frame_idx=680
2025-12-19 15:51:05,657 - INFO - openpose - Gaze3D frame=688 id=left label=Left person v=[-0.268, 0.115, 0.957] yaw=-15.6 pitch=-6.6 cx=298.892333984375
2025-12-19 15:51:05,658 - INFO - openpose - Gaze3D frame=688 id=right label=Right person v=[-0.355, -0.129, 0.926] yaw=-21.0 pitch=7.4 cx=468.29132080078125
2025-12-19 15:51:05,658 - INFO - openpose - Gaze PUB: people=2, frame_idx=688
2025-12-19 15:51:05,659 - INFO - openpose - Left person: Arm EXTENDED (depth-plane)
2025-12-19 15:51:05,660 - INFO - openpose - ZMQ Message received (non-blocking): PL: Arm Extended Check
2025-12-19 15:51:05,660 - INFO - openpose - ZMQ Sending: Left: Arm Extended
2025-12-19 15:51:06,364 - INFO - openpose - Gaze3D frame=696 id=left label=Left person v=[-0.391, 0.028, 0.920] yaw=-23.0 pitch=-1.6 cx=330.77879333496094
2025-12-19 15:51:06,364 - INFO - openpose - Gaze3D frame=696 id=right label=Right person v=[-0.269, -0.285, 0.920] yaw=-16.3 pitch=16.5 cx=469.18397521972656
2025-12-19 15:51:06,364 - INFO - openpose - Gaze PUB: people=2, frame_idx=696
2025-12-19 15:51:06,611 - INFO - openpose - Left person: Arm RETRACTED (depth-plane)
2025-12-19 15:51:06,612 - INFO - openpose - ZMQ Message received (non-blocking): PL: Arm Retracted Check
2025-12-19 15:51:06,612 - INFO - openpose - ZMQ Sending: Left: Arm Retracted
2025-12-19 15:51:07,071 - INFO - openpose - Gaze3D frame=704 id=left label=Left person v=[-0.396, -0.006, 0.918] yaw=-23.3 pitch=0.3 cx=334.0151672363281
2025-12-19 15:51:07,071 - INFO - openpose - Gaze3D frame=704 id=right label=Right person v=[-0.329, -0.051, 0.943] yaw=-19.3 pitch=2.9 cx=470.2328338623047
2025-12-19 15:51:07,071 - INFO - openpose - Gaze PUB: people=2, frame_idx=704
2025-12-19 15:51:07,787 - INFO - openpose - Gaze3D frame=712 id=left label=Left person v=[-0.430, 0.214, 0.877] yaw=-26.1 pitch=-12.4 cx=330.44036865234375
2025-12-19 15:51:07,788 - INFO - openpose - Gaze3D frame=712 id=right label=Right person v=[-0.196, -0.030, 0.980] yaw=-11.3 pitch=1.7 cx=468.54217529296875
2025-12-19 15:51:07,788 - INFO - openpose - Gaze PUB: people=2, frame_idx=712
2025-12-19 15:51:08,509 - INFO - openpose - Gaze3D frame=720 id=left label=Left person v=[-0.254, -0.046, 0.966] yaw=-14.7 pitch=2.7 cx=296.7088317871094
2025-12-19 15:51:08,509 - INFO - openpose - Gaze3D frame=720 id=right label=Right person v=[-0.307, -0.140, 0.941] yaw=-18.1 pitch=8.1 cx=464.2642364501953
2025-12-19 15:51:08,509 - INFO - openpose - Gaze PUB: people=2, frame_idx=720
2025-12-19 15:51:09,177 - INFO - openpose - Gaze3D frame=728 id=left label=Left person v=[-0.146, 0.215, 0.966] yaw=-8.6 pitch=-12.4 cx=260.2923889160156
2025-12-19 15:51:09,177 - INFO - openpose - Gaze3D frame=728 id=right label=Right person v=[-0.375, -0.390, 0.841] yaw=-24.1 pitch=23.0 cx=454.3016357421875
2025-12-19 15:51:09,177 - INFO - openpose - Gaze PUB: people=2, frame_idx=728
2025-12-19 15:51:09,297 - INFO - openpose - Right person: Arm EXTENDED (depth-plane)
2025-12-19 15:51:09,297 - INFO - openpose - ZMQ Message received (non-blocking): PR: Arm Extended Check
2025-12-19 15:51:09,297 - INFO - openpose - ZMQ Sending: Right: Arm Extended
2025-12-19 15:51:09,363 - INFO - openpose - Right person: Arm RETRACTED (depth-plane)
2025-12-19 15:51:09,363 - INFO - openpose - ZMQ Message received (non-blocking): PR: Arm Retracted Check
2025-12-19 15:51:09,363 - INFO - openpose - ZMQ Sending: Right: Arm Retracted
2025-12-19 15:51:09,863 - INFO - openpose - Gaze3D frame=736 id=left label=Left person v=[-0.232, 0.151, 0.961] yaw=-13.6 pitch=-8.7 cx=261.6200256347656
2025-12-19 15:51:09,863 - INFO - openpose - Gaze3D frame=736 id=right label=Right person v=[-0.536, -0.318, 0.782] yaw=-34.4 pitch=18.5 cx=417.11553955078125
2025-12-19 15:51:09,863 - INFO - openpose - Gaze PUB: people=2, frame_idx=736
2025-12-19 15:51:10,527 - INFO - openpose - Gaze3D frame=744 id=left label=Left person v=[-0.250, 0.215, 0.944] yaw=-14.9 pitch=-12.4 cx=260.3090133666992
2025-12-19 15:51:10,527 - INFO - openpose - Gaze3D frame=744 id=right label=Right person v=[-0.471, -0.518, 0.714] yaw=-33.4 pitch=31.2 cx=412.0321807861328
2025-12-19 15:51:10,527 - INFO - openpose - Gaze PUB: people=2, frame_idx=744
2025-12-19 15:51:11,258 - INFO - openpose - Gaze3D frame=752 id=left label=Left person v=[-0.332, 0.045, 0.942] yaw=-19.4 pitch=-2.6 cx=259.43280029296875
2025-12-19 15:51:11,258 - INFO - openpose - Gaze3D frame=752 id=right label=Right person v=[-0.549, -0.222, 0.806] yaw=-34.2 pitch=12.8 cx=412.45606994628906
2025-12-19 15:51:11,258 - INFO - openpose - Gaze PUB: people=2, frame_idx=752
2025-12-19 15:51:11,971 - INFO - openpose - Gaze3D frame=760 id=left label=Left person v=[-0.257, -0.013, 0.966] yaw=-14.9 pitch=0.8 cx=259.1677551269531
2025-12-19 15:51:11,971 - INFO - openpose - Gaze3D frame=760 id=right label=Right person v=[-0.508, 0.017, 0.861] yaw=-30.5 pitch=-1.0 cx=429.8123016357422
2025-12-19 15:51:11,971 - INFO - openpose - Gaze PUB: people=2, frame_idx=760
2025-12-19 15:51:12,676 - INFO - openpose - Gaze3D frame=768 id=left label=Left person v=[-0.227, 0.031, 0.973] yaw=-13.1 pitch=-1.8 cx=258.97766876220703
2025-12-19 15:51:12,676 - INFO - openpose - Gaze3D frame=768 id=right label=Right person v=[-0.401, -0.010, 0.916] yaw=-23.6 pitch=0.6 cx=461.3314971923828
2025-12-19 15:51:12,676 - INFO - openpose - Gaze PUB: people=2, frame_idx=768
2025-12-19 15:51:13,380 - INFO - openpose - Gaze3D frame=776 id=left label=Left person v=[-0.299, 0.096, 0.949] yaw=-17.5 pitch=-5.5 cx=264.0228576660156
2025-12-19 15:51:13,380 - INFO - openpose - Gaze3D frame=776 id=right label=Right person v=[-0.391, -0.039, 0.920] yaw=-23.0 pitch=2.2 cx=461.35418701171875
2025-12-19 15:51:13,380 - INFO - openpose - Gaze PUB: people=2, frame_idx=776
2025-12-19 15:51:14,057 - INFO - openpose - Gaze3D frame=784 id=left label=Left person v=[-0.301, 0.184, 0.936] yaw=-17.8 pitch=-10.6 cx=262.68587493896484
2025-12-19 15:51:14,057 - INFO - openpose - Gaze3D frame=784 id=right label=Right person v=[-0.386, -0.105, 0.916] yaw=-22.9 pitch=6.0 cx=460.94252014160156
2025-12-19 15:51:14,057 - INFO - openpose - Gaze PUB: people=2, frame_idx=784
2025-12-19 15:51:14,500 - INFO - openpose - Left person: Arm EXTENDED (depth-plane)
2025-12-19 15:51:14,501 - INFO - openpose - ZMQ Message received (non-blocking): PL: Arm Extended Check
2025-12-19 15:51:14,501 - INFO - openpose - ZMQ Sending: Left: Arm Extended
2025-12-19 15:51:14,770 - INFO - openpose - Gaze3D frame=792 id=left label=Left person v=[-0.313, 0.134, 0.940] yaw=-18.4 pitch=-7.7 cx=263.73191833496094
2025-12-19 15:51:14,770 - INFO - openpose - Gaze3D frame=792 id=right label=Right person v=[-0.407, -0.140, 0.903] yaw=-24.3 pitch=8.1 cx=461.23492431640625
2025-12-19 15:51:14,770 - INFO - openpose - Gaze PUB: people=2, frame_idx=792
2025-12-19 15:51:14,771 - INFO - openpose - Left person: Arm RETRACTED (depth-plane)
2025-12-19 15:51:14,771 - INFO - openpose - ZMQ Message received (non-blocking): PL: Arm Retracted Check
2025-12-19 15:51:14,771 - INFO - openpose - ZMQ Sending: Left: Arm Retracted
2025-12-19 15:51:15,483 - INFO - openpose - Gaze3D frame=800 id=left label=Left person v=[-0.291, 0.058, 0.955] yaw=-16.9 pitch=-3.3 cx=257.0934524536133
2025-12-19 15:51:15,483 - INFO - openpose - Gaze3D frame=800 id=right label=Right person v=[-0.391, -0.081, 0.917] yaw=-23.1 pitch=4.7 cx=461.2517547607422
2025-12-19 15:51:15,483 - INFO - openpose - Gaze PUB: people=2, frame_idx=800
2025-12-19 15:51:16,185 - INFO - openpose - Gaze3D frame=808 id=left label=Left person v=[-0.306, 0.082, 0.948] yaw=-17.9 pitch=-4.7 cx=257.1821060180664
2025-12-19 15:51:16,185 - INFO - openpose - Gaze3D frame=808 id=right label=Right person v=[-0.371, 0.032, 0.928] yaw=-21.8 pitch=-1.9 cx=461.8014221191406
2025-12-19 15:51:16,185 - INFO - openpose - Gaze PUB: people=2, frame_idx=808
2025-12-19 15:51:16,879 - INFO - openpose - Gaze3D frame=816 id=left label=Left person v=[-0.326, 0.211, 0.921] yaw=-19.5 pitch=-12.2 cx=258.4062957763672
2025-12-19 15:51:16,879 - INFO - openpose - Gaze3D frame=816 id=right label=Right person v=[-0.329, -0.128, 0.936] yaw=-19.4 pitch=7.3 cx=462.0633544921875
2025-12-19 15:51:16,879 - INFO - openpose - Gaze PUB: people=2, frame_idx=816
2025-12-19 15:51:17,597 - INFO - openpose - Gaze3D frame=824 id=left label=Left person v=[-0.295, 0.182, 0.938] yaw=-17.5 pitch=-10.5 cx=258.53460693359375
2025-12-19 15:51:17,597 - INFO - openpose - Gaze3D frame=824 id=right label=Right person v=[-0.464, -0.099, 0.880] yaw=-27.8 pitch=5.7 cx=462.159423828125
2025-12-19 15:51:17,597 - INFO - openpose - Gaze PUB: people=2, frame_idx=824
2025-12-19 15:51:18,318 - INFO - openpose - Gaze3D frame=832 id=left label=Left person v=[-0.276, 0.099, 0.956] yaw=-16.1 pitch=-5.7 cx=258.26731872558594
2025-12-19 15:51:18,319 - INFO - openpose - Gaze3D frame=832 id=right label=Right person v=[-0.344, -0.034, 0.938] yaw=-20.1 pitch=2.0 cx=461.8116760253906
2025-12-19 15:51:18,319 - INFO - openpose - Gaze PUB: people=2, frame_idx=832
2025-12-19 15:51:18,988 - INFO - openpose - Gaze3D frame=840 id=left label=Left person v=[-0.315, 0.118, 0.942] yaw=-18.5 pitch=-6.8 cx=257.7053451538086
2025-12-19 15:51:18,989 - INFO - openpose - Gaze3D frame=840 id=right label=Right person v=[-0.253, -0.090, 0.963] yaw=-14.7 pitch=5.2 cx=461.67799377441406
2025-12-19 15:51:18,989 - INFO - openpose - Gaze PUB: people=2, frame_idx=840
2025-12-19 15:51:19,659 - INFO - openpose - Gaze3D frame=848 id=left label=Left person v=[-0.242, 0.007, 0.970] yaw=-14.0 pitch=-0.4 cx=257.8055114746094
2025-12-19 15:51:19,660 - INFO - openpose - Gaze3D frame=848 id=right label=Right person v=[-0.285, -0.023, 0.958] yaw=-16.6 pitch=1.3 cx=461.8612976074219
2025-12-19 15:51:19,660 - INFO - openpose - Gaze PUB: people=2, frame_idx=848
2025-12-19 15:51:20,456 - INFO - openpose - Gaze3D frame=856 id=left label=Left person v=[-0.266, 0.079, 0.961] yaw=-15.5 pitch=-4.5 cx=258.25154876708984
2025-12-19 15:51:20,456 - INFO - openpose - Gaze3D frame=856 id=right label=Right person v=[-0.286, -0.068, 0.956] yaw=-16.6 pitch=3.9 cx=462.17694091796875
2025-12-19 15:51:20,456 - INFO - openpose - Gaze3D frame=856 id=right label=Right person v=[-0.047, -0.702, 0.711] yaw=-3.8 pitch=44.6 cx=479.5359344482422
2025-12-19 15:51:20,457 - INFO - openpose - Gaze PUB: people=3, frame_idx=856
2025-12-19 15:51:21,184 - INFO - openpose - Gaze3D frame=864 id=left label=Left person v=[-0.220, 0.134, 0.966] yaw=-12.8 pitch=-7.7 cx=259.31658935546875
2025-12-19 15:51:21,184 - INFO - openpose - Gaze3D frame=864 id=right label=Right person v=[-0.241, -0.125, 0.962] yaw=-14.1 pitch=7.2 cx=462.77525329589844
2025-12-19 15:51:21,184 - INFO - openpose - Gaze3D frame=864 id=right label=Right person v=[-0.069, -0.150, 0.986] yaw=-4.0 pitch=8.6 cx=476.2994079589844
2025-12-19 15:51:21,184 - INFO - openpose - Gaze PUB: people=3, frame_idx=864
2025-12-19 15:51:21,437 - INFO - openpose - Right person: Arm EXTENDED (depth-plane)
2025-12-19 15:51:21,437 - INFO - openpose - ZMQ Message received (non-blocking): PR: Arm Extended Check
2025-12-19 15:51:21,437 - INFO - openpose - ZMQ Sending: Right: Arm Extended
2025-12-19 15:51:21,495 - INFO - openpose - Right person: Arm RETRACTED (depth-plane)
2025-12-19 15:51:21,495 - INFO - openpose - ZMQ Message received (non-blocking): PR: Arm Retracted Check
2025-12-19 15:51:21,495 - INFO - openpose - ZMQ Sending: Right: Arm Retracted
2025-12-19 15:51:21,551 - INFO - openpose - Robot's turn detected
2025-12-19 15:51:21,899 - INFO - openpose - Gaze3D frame=872 id=left label=Left person v=[-0.270, 0.199, 0.942] yaw=-16.0 pitch=-11.5 cx=258.8095397949219
2025-12-19 15:51:21,899 - INFO - openpose - Gaze3D frame=872 id=right label=Right person v=[-0.382, -0.106, 0.918] yaw=-22.6 pitch=6.1 cx=458.72666931152344
2025-12-19 15:51:21,899 - INFO - openpose - Gaze3D frame=872 id=right label=Right person v=[-0.001, -0.685, 0.729] yaw=-0.1 pitch=43.2 cx=477.2436981201172
2025-12-19 15:51:21,899 - INFO - openpose - Gaze PUB: people=3, frame_idx=872
2025-12-19 15:51:22,610 - INFO - openpose - Gaze3D frame=880 id=left label=Left person v=[-0.292, 0.187, 0.938] yaw=-17.3 pitch=-10.8 cx=259.4070739746094
2025-12-19 15:51:22,610 - INFO - openpose - Gaze3D frame=880 id=right label=Right person v=[-0.304, 0.039, 0.952] yaw=-17.7 pitch=-2.2 cx=456.8757629394531
2025-12-19 15:51:22,610 - INFO - openpose - Gaze PUB: people=2, frame_idx=880
2025-12-19 15:51:23,301 - INFO - openpose - Gaze3D frame=888 id=left label=Left person v=[-0.311, 0.230, 0.922] yaw=-18.7 pitch=-13.3 cx=262.3487854003906
2025-12-19 15:51:23,301 - INFO - openpose - Gaze3D frame=888 id=right label=Right person v=[-0.359, -0.175, 0.917] yaw=-21.4 pitch=10.1 cx=457.1235046386719
2025-12-19 15:51:23,301 - INFO - openpose - Gaze PUB: people=2, frame_idx=888
2025-12-19 15:51:23,990 - INFO - openpose - Gaze3D frame=896 id=left label=Left person v=[0.111, 0.516, 0.849] yaw=7.4 pitch=-31.1 cx=277.3520050048828
2025-12-19 15:51:23,990 - INFO - openpose - Gaze3D frame=896 id=right label=Right person v=[-0.383, 0.002, 0.924] yaw=-22.5 pitch=-0.1 cx=456.2213134765625
2025-12-19 15:51:23,990 - INFO - openpose - Gaze PUB: people=2, frame_idx=896
2025-12-19 15:51:24,654 - INFO - openpose - Gaze3D frame=904 id=left label=Left person v=[0.053, 0.195, 0.979] yaw=3.1 pitch=-11.2 cx=281.5623474121094
2025-12-19 15:51:24,655 - INFO - openpose - Gaze3D frame=904 id=right label=Right person v=[-0.379, -0.173, 0.909] yaw=-22.7 pitch=9.9 cx=455.1814880371094
2025-12-19 15:51:24,655 - INFO - openpose - Gaze PUB: people=2, frame_idx=904
2025-12-19 15:51:25,376 - INFO - openpose - Gaze3D frame=912 id=left label=Left person v=[-0.122, 0.412, 0.903] yaw=-7.7 pitch=-24.3 cx=304.1958312988281
2025-12-19 15:51:25,376 - INFO - openpose - Gaze3D frame=912 id=right label=Right person v=[-0.483, -0.101, 0.870] yaw=-29.1 pitch=5.8 cx=456.4493408203125
2025-12-19 15:51:25,376 - INFO - openpose - Gaze PUB: people=2, frame_idx=912
2025-12-19 15:51:26,080 - INFO - openpose - Gaze3D frame=920 id=left label=Left person v=[-0.175, 0.301, 0.937] yaw=-10.6 pitch=-17.5 cx=328.9048614501953
2025-12-19 15:51:26,080 - INFO - openpose - Gaze3D frame=920 id=right label=Right person v=[-0.485, -0.195, 0.853] yaw=-29.6 pitch=11.2 cx=456.5066375732422
2025-12-19 15:51:26,080 - INFO - openpose - Gaze PUB: people=2, frame_idx=920
2025-12-19 15:51:26,796 - INFO - openpose - Gaze3D frame=928 id=left label=Left person v=[-0.170, 0.315, 0.934] yaw=-10.3 pitch=-18.3 cx=269.92049407958984
2025-12-19 15:51:26,796 - INFO - openpose - Gaze3D frame=928 id=right label=Right person v=[-0.490, -0.344, 0.801] yaw=-31.4 pitch=20.1 cx=456.6822204589844
2025-12-19 15:51:26,796 - INFO - openpose - Gaze PUB: people=2, frame_idx=928
2025-12-19 15:51:27,528 - INFO - openpose - Gaze3D frame=936 id=left label=Left person v=[-0.241, 0.089, 0.966] yaw=-14.0 pitch=-5.1 cx=261.05711364746094
2025-12-19 15:51:27,528 - INFO - openpose - Gaze3D frame=936 id=right label=Right person v=[-0.426, -0.182, 0.886] yaw=-25.7 pitch=10.5 cx=457.0743865966797
2025-12-19 15:51:27,528 - INFO - openpose - Gaze PUB: people=2, frame_idx=936
2025-12-19 15:51:28,209 - INFO - openpose - Gaze3D frame=944 id=left label=Left person v=[-0.393, 0.227, 0.891] yaw=-23.8 pitch=-13.1 cx=299.8647766113281
2025-12-19 15:51:28,210 - INFO - openpose - Gaze3D frame=944 id=right label=Right person v=[-0.470, -0.292, 0.833] yaw=-29.4 pitch=16.9 cx=456.4876251220703
2025-12-19 15:51:28,210 - INFO - openpose - Gaze PUB: people=2, frame_idx=944
2025-12-19 15:51:28,907 - INFO - openpose - Gaze3D frame=952 id=left label=Left person v=[-0.284, 0.264, 0.922] yaw=-17.1 pitch=-15.3 cx=292.50146484375
2025-12-19 15:51:28,907 - INFO - openpose - Gaze3D frame=952 id=right label=Right person v=[-0.344, -0.332, 0.878] yaw=-21.4 pitch=19.4 cx=456.35963439941406
2025-12-19 15:51:28,907 - INFO - openpose - Gaze PUB: people=2, frame_idx=952
2025-12-19 15:51:29,604 - INFO - openpose - Gaze3D frame=960 id=left label=Left person v=[-0.320, -0.282, 0.904] yaw=-19.5 pitch=16.4 cx=278.848876953125
2025-12-19 15:51:29,605 - INFO - openpose - Gaze3D frame=960 id=right label=Right person v=[-0.391, -0.238, 0.889] yaw=-23.7 pitch=13.8 cx=456.88453674316406
2025-12-19 15:51:29,605 - INFO - openpose - Gaze PUB: people=2, frame_idx=960
2025-12-19 15:51:30,376 - INFO - openpose - Gaze3D frame=968 id=left label=Left person v=[-0.423, -0.218, 0.879] yaw=-25.7 pitch=12.6 cx=276.2594985961914
2025-12-19 15:51:30,377 - INFO - openpose - Gaze3D frame=968 id=right label=Right person v=[-0.365, -0.272, 0.890] yaw=-22.3 pitch=15.8 cx=456.61163330078125
2025-12-19 15:51:30,377 - INFO - openpose - Gaze3D frame=968 id=right label=Right person v=[0.060, -0.740, 0.669] yaw=5.1 pitch=47.8 cx=476.8731689453125
2025-12-19 15:51:30,377 - INFO - openpose - Gaze PUB: people=3, frame_idx=968
2025-12-19 15:51:31,338 - INFO - openpose - Gaze3D frame=976 id=left label=Left person v=[-0.329, 0.085, 0.941] yaw=-19.3 pitch=-4.9 cx=280.2973327636719
2025-12-19 15:51:31,338 - INFO - openpose - Gaze3D frame=976 id=right label=Right person v=[-0.402, -0.254, 0.880] yaw=-24.6 pitch=14.7 cx=451.93914794921875
2025-12-19 15:51:31,338 - INFO - openpose - Gaze PUB: people=2, frame_idx=976
2025-12-19 15:51:38,375 - INFO - openpose - ZMQ Message received (non-blocking): Configuration finished
2025-12-19 15:51:38,376 - INFO - openpose - Configuration finished. Waiting for next configuration
2025-12-19 15:51:38,376 - INFO - openpose - OpenPose initialized - waiting for turn_order
