2025-12-04 14:19:04,491 - INFO - BuildTower - Connected to OpenPose server
2025-12-04 14:19:04,491 - INFO - BuildTower - Connected to Gaze server
2025-12-04 14:19:04,641 - INFO - BuildTower - Robot parameters: robot_name=my_gen3, dof=7, gripper_present=True
2025-12-04 14:19:04,646 - INFO - BuildTower - Service initialized: /my_gen3/base/clear_faults
2025-12-04 14:19:04,649 - INFO - BuildTower - Service initialized: /my_gen3/base/read_action
2025-12-04 14:19:04,651 - INFO - BuildTower - Service initialized: /my_gen3/base/execute_action
2025-12-04 14:19:04,653 - INFO - BuildTower - Service initialized: /my_gen3/control_config/set_cartesian_reference_frame
2025-12-04 14:19:04,655 - INFO - BuildTower - Service initialized: /my_gen3/base/activate_publishing_of_action_topic
2025-12-04 14:19:04,656 - INFO - BuildTower - Service initialized: /my_gen3/base/send_gripper_command
2025-12-04 14:19:04,657 - INFO - BuildTower - BuildTower class initialized successfully.
2025-12-04 14:19:04,658 - INFO - BuildTower - ROS parameter /kortex_examples_test_results/cartesian_poses_with_notifications_python did not exist or could not be deleted.
2025-12-04 14:19:04,658 - INFO - BuildTower - Starting main robot control loop.
2025-12-04 14:19:04,669 - INFO - BuildTower - Robot faults cleared successfully.
2025-12-04 14:19:07,194 - INFO - BuildTower - Cartesian reference frame set successfully.
2025-12-04 14:19:07,197 - INFO - BuildTower - Activating action notifications.
2025-12-04 14:19:07,201 - INFO - BuildTower - Action Notifications successfully activated.
2025-12-04 14:19:08,223 - INFO - BuildTower - Sending robot to home position.
2025-12-04 14:19:10,607 - INFO - BuildTower - User pressed Enter. Continuing with configuration 1
2025-12-04 14:19:10,608 - INFO - BuildTower - Parsing information from file: config2
2025-12-04 14:19:10,608 - INFO - BuildTower - Parsed turn_order: ybypbpbpy

2025-12-04 14:19:10,608 - INFO - BuildTower - Parsed object_order: 143

2025-12-04 14:19:10,608 - INFO - BuildTower - Sent turn_order and waiting for response from OpenPose server.
2025-12-04 14:19:10,609 - INFO - BuildTower - Sending turn order to OpenPose server: ybypbpbpy

2025-12-04 14:19:10,610 - INFO - BuildTower - Received reply from OpenPose server: Order Received
2025-12-04 14:19:10,610 - INFO - BuildTower - Starting mutual gaze calibration for 10.0 seconds
2025-12-04 14:19:20,614 - WARNING - BuildTower - Calibration collected only 28 samples (< 30). Bias may be noisy.
2025-12-04 14:19:20,614 - INFO - BuildTower - Calibration done: yaw_bias=-17.627 deg, pitch_bias=19.093 deg
2025-12-04 14:19:20,614 - INFO - BuildTower - Executing turn 0 out of 9.
2025-12-04 14:19:20,624 - INFO - BuildTower - Sending robot to home position.
2025-12-04 14:19:20,646 - ERROR - BuildTower - Failed to call ExecuteAction: service [/my_gen3/base/execute_action] responded with an error: b''
2025-12-04 14:19:20,647 - INFO - BuildTower - Moving block from start 0.28 to target 0.307. Turn: 0, Block Shape: 1
2025-12-04 14:19:20,649 - INFO - BuildTower - Sending gripper command: value=0
2025-12-04 14:19:20,676 - ERROR - BuildTower - Failed to call SendGripperCommand: service [/my_gen3/base/send_gripper_command] responded with an error: b''
2025-12-04 14:19:20,677 - INFO - BuildTower - Attempting to go to position: x=0.47, y=0.18, z=0.325, theta_x=100.0, theta_y=0.0, theta_z=90.0
2025-12-04 14:19:20,677 - DEBUG - BuildTower - Set speed for pose: translation=1, orientation=100
2025-12-04 14:19:20,696 - ERROR - BuildTower - Failed to send pose: service [/my_gen3/base/execute_action] responded with an error: b''
2025-12-04 14:19:20,697 - INFO - BuildTower - Attempting to go to position: x=0.47, y=0.18, z=0.28, theta_x=100.0, theta_y=0.0, theta_z=90.0
2025-12-04 14:19:20,697 - DEBUG - BuildTower - Set speed for pose: translation=1, orientation=100
2025-12-04 14:19:20,721 - ERROR - BuildTower - Failed to send pose: service [/my_gen3/base/execute_action] responded with an error: b''
2025-12-04 14:19:20,723 - INFO - BuildTower - Sending gripper command: value=0.075
2025-12-04 14:19:20,746 - ERROR - BuildTower - Failed to call SendGripperCommand: service [/my_gen3/base/send_gripper_command] responded with an error: b''
2025-12-04 14:19:20,750 - INFO - BuildTower - Attempting to go to position: x=0.47, y=0.18, z=0.325, theta_x=100.0, theta_y=0.0, theta_z=90.0
2025-12-04 14:19:20,750 - DEBUG - BuildTower - Set speed for pose: translation=1, orientation=100
2025-12-04 14:19:20,770 - ERROR - BuildTower - Failed to send pose: service [/my_gen3/base/execute_action] responded with an error: b''
2025-12-04 14:19:20,770 - INFO - BuildTower - Attempting to go to position: x=0.735, y=0.0, z=0.352, theta_x=100.0, theta_y=0.0, theta_z=90.0
2025-12-04 14:19:20,770 - DEBUG - BuildTower - Set speed for pose: translation=1, orientation=100
2025-12-04 14:19:20,796 - ERROR - BuildTower - Failed to send pose: service [/my_gen3/base/execute_action] responded with an error: b''
2025-12-04 14:19:20,797 - INFO - BuildTower - Attempting to go to position: x=0.735, y=0.0, z=0.307, theta_x=100.0, theta_y=0.0, theta_z=90.0
2025-12-04 14:19:20,797 - DEBUG - BuildTower - Set speed for pose: translation=1, orientation=100
2025-12-04 14:19:20,826 - ERROR - BuildTower - Failed to send pose: service [/my_gen3/base/execute_action] responded with an error: b''
2025-12-04 14:19:20,828 - INFO - BuildTower - Sending gripper command: value=0
2025-12-04 14:19:20,846 - ERROR - BuildTower - Failed to call SendGripperCommand: service [/my_gen3/base/send_gripper_command] responded with an error: b''
2025-12-04 14:19:20,850 - INFO - BuildTower - Attempting to go to position: x=0.735, y=0.0, z=0.352, theta_x=100.0, theta_y=0.0, theta_z=90.0
2025-12-04 14:19:20,850 - DEBUG - BuildTower - Set speed for pose: translation=1, orientation=100
2025-12-04 14:19:20,871 - ERROR - BuildTower - Failed to send pose: service [/my_gen3/base/execute_action] responded with an error: b''
2025-12-04 14:19:20,871 - INFO - BuildTower - Robot completed its turn. Robot turn count: 1
2025-12-04 14:19:20,871 - INFO - BuildTower - Executing turn 1 out of 9.
2025-12-04 14:19:20,872 - INFO - BuildTower - Gaze rx: frame_idx=48 ts=2025-12-04T14:19:20.667341Z people=2
2025-12-04 14:19:20,872 - INFO - BuildTower - Gaze3D rx frame=48 id=left label=Left person v=[-0.396, -0.281, 0.874] yaw=-24.4 pitch=16.3
2025-12-04 14:19:20,872 - INFO - BuildTower - Gaze3D rx frame=48 id=right label=Right person v=[-0.202, -0.188, 0.961] yaw=-11.9 pitch=10.9
2025-12-04 14:19:20,872 - INFO - BuildTower - Sending to OpenPose with gaze tracking: PL: Arm Extended Check
2025-12-04 14:19:24,644 - INFO - BuildTower - Robot moving to look at tower.
2025-12-04 14:19:24,644 - INFO - BuildTower - Attempting to go to position: x=0.5, y=0, z=0.3, theta_x=110, theta_y=0, theta_z=90
2025-12-04 14:19:24,644 - DEBUG - BuildTower - Set speed for pose: translation=1, orientation=100
2025-12-04 14:19:24,671 - ERROR - BuildTower - Failed to send pose: service [/my_gen3/base/execute_action] responded with an error: b''
2025-12-04 14:19:30,099 - INFO - BuildTower - Robot moving to look at person in the left.
2025-12-04 14:19:30,099 - INFO - BuildTower - Attempting to go to position: x=0.5, y=-0.08, z=0.5, theta_x=80, theta_y=0, theta_z=75
2025-12-04 14:19:30,100 - DEBUG - BuildTower - Set speed for pose: translation=1, orientation=100
2025-12-04 14:19:30,104 - ERROR - BuildTower - Failed to send pose: service [/my_gen3/base/execute_action] returned no response
2025-12-04 14:19:35,675 - INFO - BuildTower - Robot moving to look at tower.
2025-12-04 14:19:35,675 - INFO - BuildTower - Attempting to go to position: x=0.5, y=0, z=0.3, theta_x=110, theta_y=0, theta_z=90
2025-12-04 14:19:35,675 - DEBUG - BuildTower - Set speed for pose: translation=1, orientation=100
2025-12-04 14:19:35,681 - ERROR - BuildTower - Failed to send pose: service [/my_gen3/base/execute_action] returned no response
2025-12-04 14:19:39,027 - INFO - BuildTower - Robot moving to look at tower.
2025-12-04 14:19:39,027 - INFO - BuildTower - Attempting to go to position: x=0.5, y=0, z=0.3, theta_x=110, theta_y=0, theta_z=90
2025-12-04 14:19:39,028 - DEBUG - BuildTower - Set speed for pose: translation=1, orientation=100
2025-12-04 14:19:39,036 - ERROR - BuildTower - Failed to send pose: service [/my_gen3/base/execute_action] returned no response
