2025-12-19 15:40:51,213 - INFO - openpose - OpenPose server started and bound to tcp://*:5555
2025-12-19 15:40:51,213 - INFO - openpose - OpenPose server started and bound to tcp://*:5556
2025-12-19 15:40:51,226 - INFO - openpose - Starting OpenPose
2025-12-19 15:40:51,991 - INFO - openpose - OpenPose initialized - waiting for turn_order
2025-12-19 15:41:00,358 - INFO - openpose - Message received: ybypbpbpy

2025-12-19 15:41:01,097 - INFO - openpose - Gaze3D frame=0 id=left label=Left person v=[-0.286, 0.018, 0.958] yaw=-16.6 pitch=-1.0 cx=306.89857482910156
2025-12-19 15:41:01,098 - INFO - openpose - Gaze3D frame=0 id=right label=Right person v=[-0.523, -0.165, 0.836] yaw=-32.0 pitch=9.5 cx=442.8540496826172
2025-12-19 15:41:01,098 - INFO - openpose - Gaze PUB: people=2, frame_idx=0
2025-12-19 15:41:01,099 - INFO - openpose - Robot's turn detected
2025-12-19 15:41:01,853 - INFO - openpose - Gaze3D frame=8 id=left label=Left person v=[-0.453, 0.171, 0.875] yaw=-27.4 pitch=-9.8 cx=289.03883361816406
2025-12-19 15:41:01,853 - INFO - openpose - Gaze3D frame=8 id=right label=Right person v=[-0.415, -0.135, 0.900] yaw=-24.8 pitch=7.7 cx=447.04058837890625
2025-12-19 15:41:01,853 - INFO - openpose - Gaze PUB: people=2, frame_idx=8
2025-12-19 15:41:02,539 - INFO - openpose - Gaze3D frame=16 id=left label=Left person v=[-0.493, 0.197, 0.847] yaw=-30.2 pitch=-11.4 cx=300.99815368652344
2025-12-19 15:41:02,539 - INFO - openpose - Gaze3D frame=16 id=right label=Right person v=[-0.424, -0.166, 0.890] yaw=-25.5 pitch=9.6 cx=447.35105895996094
2025-12-19 15:41:02,540 - INFO - openpose - Gaze PUB: people=2, frame_idx=16
2025-12-19 15:41:03,225 - INFO - openpose - Gaze3D frame=24 id=left label=Left person v=[-0.487, 0.218, 0.846] yaw=-30.0 pitch=-12.6 cx=264.70723724365234
2025-12-19 15:41:03,226 - INFO - openpose - Gaze3D frame=24 id=right label=Right person v=[-0.429, -0.071, 0.901] yaw=-25.5 pitch=4.1 cx=446.5677795410156
2025-12-19 15:41:03,233 - INFO - openpose - Gaze PUB: people=2, frame_idx=24
2025-12-19 15:41:03,960 - INFO - openpose - Gaze3D frame=32 id=left label=Left person v=[-0.471, 0.280, 0.836] yaw=-29.4 pitch=-16.3 cx=283.8597717285156
2025-12-19 15:41:03,960 - INFO - openpose - Gaze3D frame=32 id=right label=Right person v=[-0.397, -0.148, 0.906] yaw=-23.7 pitch=8.5 cx=446.1842041015625
2025-12-19 15:41:03,960 - INFO - openpose - Gaze PUB: people=2, frame_idx=32
2025-12-19 15:41:04,659 - INFO - openpose - Gaze3D frame=40 id=left label=Left person v=[-0.502, 0.384, 0.775] yaw=-33.0 pitch=-22.6 cx=285.1587677001953
2025-12-19 15:41:04,659 - INFO - openpose - Gaze3D frame=40 id=right label=Right person v=[-0.574, -0.205, 0.793] yaw=-35.9 pitch=11.8 cx=445.8999481201172
2025-12-19 15:41:04,659 - INFO - openpose - Gaze PUB: people=2, frame_idx=40
2025-12-19 15:41:05,368 - INFO - openpose - Gaze3D frame=48 id=left label=Left person v=[-0.556, 0.358, 0.751] yaw=-36.5 pitch=-20.9 cx=284.2301483154297
2025-12-19 15:41:05,368 - INFO - openpose - Gaze3D frame=48 id=right label=Right person v=[-0.409, -0.073, 0.910] yaw=-24.2 pitch=4.2 cx=446.4733581542969
2025-12-19 15:41:05,368 - INFO - openpose - Gaze PUB: people=2, frame_idx=48
2025-12-19 15:41:06,039 - INFO - openpose - Gaze3D frame=56 id=left label=Left person v=[-0.497, 0.261, 0.828] yaw=-31.0 pitch=-15.1 cx=284.0416259765625
2025-12-19 15:41:06,039 - INFO - openpose - Gaze3D frame=56 id=right label=Right person v=[-0.429, -0.013, 0.903] yaw=-25.4 pitch=0.8 cx=447.3374481201172
2025-12-19 15:41:06,039 - INFO - openpose - Gaze PUB: people=2, frame_idx=56
2025-12-19 15:41:06,720 - INFO - openpose - Gaze3D frame=64 id=left label=Left person v=[-0.566, 0.319, 0.760] yaw=-36.7 pitch=-18.6 cx=284.8496551513672
2025-12-19 15:41:06,720 - INFO - openpose - Gaze3D frame=64 id=right label=Right person v=[-0.391, -0.059, 0.918] yaw=-23.1 pitch=3.4 cx=447.40380859375
2025-12-19 15:41:06,721 - INFO - openpose - Gaze PUB: people=2, frame_idx=64
2025-12-19 15:41:07,431 - INFO - openpose - Gaze3D frame=72 id=left label=Left person v=[-0.489, 0.301, 0.818] yaw=-30.9 pitch=-17.5 cx=285.9989929199219
2025-12-19 15:41:07,431 - INFO - openpose - Gaze3D frame=72 id=right label=Right person v=[-0.408, -0.140, 0.902] yaw=-24.4 pitch=8.0 cx=446.8149719238281
2025-12-19 15:41:07,431 - INFO - openpose - Gaze PUB: people=2, frame_idx=72
2025-12-19 15:41:08,092 - INFO - openpose - Gaze3D frame=80 id=left label=Left person v=[-0.498, 0.212, 0.841] yaw=-30.7 pitch=-12.3 cx=284.95452880859375
2025-12-19 15:41:08,092 - INFO - openpose - Gaze3D frame=80 id=right label=Right person v=[-0.404, -0.119, 0.907] yaw=-24.0 pitch=6.8 cx=446.7152557373047
2025-12-19 15:41:08,092 - INFO - openpose - Gaze PUB: people=2, frame_idx=80
2025-12-19 15:41:08,789 - INFO - openpose - Gaze3D frame=88 id=left label=Left person v=[-0.487, 0.352, 0.799] yaw=-31.3 pitch=-20.6 cx=285.5311584472656
2025-12-19 15:41:08,789 - INFO - openpose - Gaze3D frame=88 id=right label=Right person v=[-0.416, -0.152, 0.896] yaw=-24.9 pitch=8.7 cx=446.68865966796875
2025-12-19 15:41:08,797 - INFO - openpose - Gaze PUB: people=2, frame_idx=88
2025-12-19 15:41:09,417 - INFO - openpose - Gaze3D frame=96 id=left label=Left person v=[-0.480, 0.212, 0.852] yaw=-29.4 pitch=-12.2 cx=285.5113067626953
2025-12-19 15:41:09,417 - INFO - openpose - Gaze3D frame=96 id=right label=Right person v=[-0.416, -0.125, 0.901] yaw=-24.8 pitch=7.2 cx=446.7552185058594
2025-12-19 15:41:09,417 - INFO - openpose - Gaze PUB: people=2, frame_idx=96
2025-12-19 15:41:10,139 - INFO - openpose - Gaze3D frame=104 id=left label=Left person v=[-0.484, 0.279, 0.829] yaw=-30.3 pitch=-16.2 cx=285.29051208496094
2025-12-19 15:41:10,139 - INFO - openpose - Gaze3D frame=104 id=right label=Right person v=[-0.422, -0.107, 0.900] yaw=-25.1 pitch=6.2 cx=446.76820373535156
2025-12-19 15:41:10,139 - INFO - openpose - Gaze PUB: people=2, frame_idx=104
2025-12-19 15:41:10,865 - INFO - openpose - Gaze3D frame=112 id=left label=Left person v=[-0.509, 0.271, 0.817] yaw=-32.0 pitch=-15.7 cx=285.0948028564453
2025-12-19 15:41:10,865 - INFO - openpose - Gaze3D frame=112 id=right label=Right person v=[-0.429, -0.128, 0.894] yaw=-25.6 pitch=7.4 cx=446.80662536621094
2025-12-19 15:41:10,865 - INFO - openpose - Gaze PUB: people=2, frame_idx=112
2025-12-19 15:41:11,589 - INFO - openpose - Gaze3D frame=120 id=left label=Left person v=[-0.493, 0.298, 0.818] yaw=-31.1 pitch=-17.4 cx=285.0678405761719
2025-12-19 15:41:11,589 - INFO - openpose - Gaze3D frame=120 id=right label=Right person v=[-0.416, -0.184, 0.891] yaw=-25.0 pitch=10.6 cx=446.9299774169922
2025-12-19 15:41:11,589 - INFO - openpose - Gaze PUB: people=2, frame_idx=120
2025-12-19 15:41:12,308 - INFO - openpose - Gaze3D frame=128 id=left label=Left person v=[-0.491, 0.351, 0.797] yaw=-31.6 pitch=-20.6 cx=283.82427978515625
2025-12-19 15:41:12,308 - INFO - openpose - Gaze3D frame=128 id=right label=Right person v=[-0.458, -0.158, 0.875] yaw=-27.7 pitch=9.1 cx=446.87879943847656
2025-12-19 15:41:12,308 - INFO - openpose - Gaze PUB: people=2, frame_idx=128
2025-12-19 15:41:13,025 - INFO - openpose - Gaze3D frame=136 id=left label=Left person v=[-0.528, 0.177, 0.831] yaw=-32.4 pitch=-10.2 cx=283.1579284667969
2025-12-19 15:41:13,026 - INFO - openpose - Gaze3D frame=136 id=right label=Right person v=[-0.473, -0.232, 0.850] yaw=-29.1 pitch=13.4 cx=446.85435485839844
2025-12-19 15:41:13,026 - INFO - openpose - Gaze PUB: people=2, frame_idx=136
2025-12-19 15:41:13,742 - INFO - openpose - Gaze3D frame=144 id=left label=Left person v=[-0.535, 0.168, 0.828] yaw=-32.8 pitch=-9.6 cx=282.69134521484375
2025-12-19 15:41:13,743 - INFO - openpose - Gaze3D frame=144 id=right label=Right person v=[-0.478, -0.235, 0.847] yaw=-29.4 pitch=13.6 cx=446.7603759765625
2025-12-19 15:41:13,743 - INFO - openpose - Gaze PUB: people=2, frame_idx=144
2025-12-19 15:41:14,467 - INFO - openpose - Gaze3D frame=152 id=left label=Left person v=[-0.539, 0.137, 0.831] yaw=-33.0 pitch=-7.9 cx=282.6400909423828
2025-12-19 15:41:14,467 - INFO - openpose - Gaze3D frame=152 id=right label=Right person v=[-0.507, -0.357, 0.784] yaw=-32.9 pitch=20.9 cx=446.6996307373047
2025-12-19 15:41:14,468 - INFO - openpose - Gaze PUB: people=2, frame_idx=152
2025-12-19 15:41:15,160 - INFO - openpose - Gaze3D frame=160 id=left label=Left person v=[-0.514, -0.046, 0.857] yaw=-31.0 pitch=2.6 cx=283.2445068359375
2025-12-19 15:41:15,160 - INFO - openpose - Gaze3D frame=160 id=right label=Right person v=[-0.551, -0.317, 0.772] yaw=-35.6 pitch=18.5 cx=446.9053039550781
2025-12-19 15:41:15,160 - INFO - openpose - Gaze PUB: people=2, frame_idx=160
2025-12-19 15:41:15,831 - INFO - openpose - Gaze3D frame=168 id=left label=Left person v=[-0.515, 0.317, 0.797] yaw=-32.9 pitch=-18.5 cx=282.50975036621094
2025-12-19 15:41:15,831 - INFO - openpose - Gaze3D frame=168 id=right label=Right person v=[-0.533, -0.157, 0.831] yaw=-32.7 pitch=9.0 cx=446.8946838378906
2025-12-19 15:41:15,831 - INFO - openpose - Gaze PUB: people=2, frame_idx=168
2025-12-19 15:41:16,535 - INFO - openpose - Gaze3D frame=176 id=left label=Left person v=[-0.558, 0.226, 0.799] yaw=-34.9 pitch=-13.1 cx=281.5611267089844
2025-12-19 15:41:16,536 - INFO - openpose - Gaze3D frame=176 id=right label=Right person v=[-0.608, -0.161, 0.777] yaw=-38.0 pitch=9.3 cx=446.828125
2025-12-19 15:41:16,536 - INFO - openpose - Gaze PUB: people=2, frame_idx=176
2025-12-19 15:41:17,222 - INFO - openpose - Gaze3D frame=184 id=left label=Left person v=[-0.570, 0.224, 0.791] yaw=-35.8 pitch=-12.9 cx=280.9542999267578
2025-12-19 15:41:17,222 - INFO - openpose - Gaze3D frame=184 id=right label=Right person v=[-0.563, -0.337, 0.755] yaw=-36.7 pitch=19.7 cx=446.4904022216797
2025-12-19 15:41:17,222 - INFO - openpose - Gaze PUB: people=2, frame_idx=184
2025-12-19 15:41:17,920 - INFO - openpose - Gaze3D frame=192 id=left label=Left person v=[-0.531, 0.287, 0.797] yaw=-33.7 pitch=-16.7 cx=281.4998474121094
2025-12-19 15:41:17,921 - INFO - openpose - Gaze3D frame=192 id=right label=Right person v=[-0.606, -0.284, 0.743] yaw=-39.2 pitch=16.5 cx=446.5879211425781
2025-12-19 15:41:17,921 - INFO - openpose - Gaze PUB: people=2, frame_idx=192
2025-12-19 15:41:18,621 - INFO - openpose - Gaze3D frame=200 id=left label=Left person v=[-0.516, 0.356, 0.779] yaw=-33.5 pitch=-20.9 cx=281.5859375
2025-12-19 15:41:18,621 - INFO - openpose - Gaze3D frame=200 id=right label=Right person v=[-0.638, -0.278, 0.718] yaw=-41.7 pitch=16.2 cx=446.58966064453125
2025-12-19 15:41:18,621 - INFO - openpose - Gaze PUB: people=2, frame_idx=200
2025-12-19 15:41:19,322 - INFO - openpose - Gaze3D frame=208 id=left label=Left person v=[-0.535, 0.283, 0.796] yaw=-33.9 pitch=-16.4 cx=281.565185546875
2025-12-19 15:41:19,322 - INFO - openpose - Gaze3D frame=208 id=right label=Right person v=[-0.738, -0.300, 0.604] yaw=-50.7 pitch=17.4 cx=446.6132049560547
2025-12-19 15:41:19,329 - INFO - openpose - Gaze PUB: people=2, frame_idx=208
2025-12-19 15:41:20,021 - INFO - openpose - Gaze3D frame=216 id=left label=Left person v=[-0.553, 0.409, 0.726] yaw=-37.3 pitch=-24.2 cx=281.86488342285156
2025-12-19 15:41:20,021 - INFO - openpose - Gaze3D frame=216 id=right label=Right person v=[-0.669, -0.370, 0.645] yaw=-46.0 pitch=21.7 cx=446.7799835205078
2025-12-19 15:41:20,021 - INFO - openpose - Gaze PUB: people=2, frame_idx=216
2025-12-19 15:41:20,708 - INFO - openpose - Gaze3D frame=224 id=left label=Left person v=[-0.538, 0.382, 0.752] yaw=-35.6 pitch=-22.4 cx=282.1544494628906
2025-12-19 15:41:20,708 - INFO - openpose - Gaze3D frame=224 id=right label=Right person v=[-0.721, -0.313, 0.618] yaw=-49.4 pitch=18.2 cx=446.79730224609375
2025-12-19 15:41:20,708 - INFO - openpose - Gaze PUB: people=2, frame_idx=224
2025-12-19 15:41:21,413 - INFO - openpose - Gaze3D frame=232 id=left label=Left person v=[-0.555, 0.304, 0.774] yaw=-35.7 pitch=-17.7 cx=282.50396728515625
2025-12-19 15:41:21,414 - INFO - openpose - Gaze3D frame=232 id=right label=Right person v=[-0.334, -0.289, 0.897] yaw=-20.4 pitch=16.8 cx=446.5502014160156
2025-12-19 15:41:21,414 - INFO - openpose - Gaze PUB: people=2, frame_idx=232
2025-12-19 15:41:22,129 - INFO - openpose - Gaze3D frame=240 id=left label=Left person v=[-0.553, 0.432, 0.713] yaw=-37.8 pitch=-25.6 cx=282.02833557128906
2025-12-19 15:41:22,129 - INFO - openpose - Gaze3D frame=240 id=right label=Right person v=[-0.582, -0.189, 0.791] yaw=-36.4 pitch=10.9 cx=447.3110656738281
2025-12-19 15:41:22,129 - INFO - openpose - Gaze PUB: people=2, frame_idx=240
2025-12-19 15:41:22,846 - INFO - openpose - Gaze3D frame=248 id=left label=Left person v=[-0.476, 0.333, 0.814] yaw=-30.3 pitch=-19.4 cx=282.7687225341797
2025-12-19 15:41:22,846 - INFO - openpose - Gaze3D frame=248 id=right label=Right person v=[-0.483, -0.440, 0.757] yaw=-32.5 pitch=26.1 cx=451.93182373046875
2025-12-19 15:41:22,846 - INFO - openpose - Gaze PUB: people=2, frame_idx=248
2025-12-19 15:41:23,544 - INFO - openpose - Gaze3D frame=256 id=left label=Left person v=[-0.496, 0.269, 0.825] yaw=-31.0 pitch=-15.6 cx=282.40464782714844
2025-12-19 15:41:23,544 - INFO - openpose - Gaze3D frame=256 id=right label=Right person v=[-0.424, -0.241, 0.873] yaw=-25.9 pitch=13.9 cx=452.2802429199219
2025-12-19 15:41:23,544 - INFO - openpose - Gaze PUB: people=2, frame_idx=256
2025-12-19 15:41:24,257 - INFO - openpose - Gaze3D frame=264 id=left label=Left person v=[-0.481, 0.327, 0.814] yaw=-30.6 pitch=-19.1 cx=281.6803283691406
2025-12-19 15:41:24,257 - INFO - openpose - Gaze3D frame=264 id=right label=Right person v=[-0.458, -0.181, 0.870] yaw=-27.8 pitch=10.4 cx=451.4071807861328
2025-12-19 15:41:24,257 - INFO - openpose - Gaze PUB: people=2, frame_idx=264
2025-12-19 15:41:24,897 - INFO - openpose - Gaze3D frame=272 id=left label=Left person v=[-0.513, 0.328, 0.793] yaw=-32.9 pitch=-19.2 cx=281.8580017089844
2025-12-19 15:41:24,897 - INFO - openpose - Gaze3D frame=272 id=right label=Right person v=[-0.426, -0.212, 0.880] yaw=-25.8 pitch=12.2 cx=451.2101745605469
2025-12-19 15:41:24,897 - INFO - openpose - Gaze PUB: people=2, frame_idx=272
2025-12-19 15:41:25,546 - INFO - openpose - Gaze3D frame=280 id=left label=Left person v=[-0.521, 0.267, 0.811] yaw=-32.7 pitch=-15.5 cx=278.3559112548828
2025-12-19 15:41:25,546 - INFO - openpose - Gaze3D frame=280 id=right label=Right person v=[-0.451, -0.125, 0.884] yaw=-27.0 pitch=7.2 cx=452.5917663574219
2025-12-19 15:41:25,546 - INFO - openpose - Gaze PUB: people=2, frame_idx=280
2025-12-19 15:41:26,225 - INFO - openpose - Gaze3D frame=288 id=left label=Left person v=[-0.446, -0.078, 0.891] yaw=-26.6 pitch=4.5 cx=272.5067138671875
2025-12-19 15:41:26,225 - INFO - openpose - Gaze3D frame=288 id=right label=Right person v=[-0.441, -0.215, 0.872] yaw=-26.8 pitch=12.4 cx=452.56980895996094
2025-12-19 15:41:26,225 - INFO - openpose - Gaze PUB: people=2, frame_idx=288
2025-12-19 15:41:26,501 - INFO - openpose - Left person: Arm EXTENDED (depth-plane)
2025-12-19 15:41:26,502 - INFO - openpose - ZMQ Message received (non-blocking): PL: Arm Extended Check
2025-12-19 15:41:26,502 - INFO - openpose - ZMQ Sending: Left: Arm Extended
2025-12-19 15:41:26,571 - INFO - openpose - Left person: Arm RETRACTED (depth-plane)
2025-12-19 15:41:26,571 - INFO - openpose - ZMQ Message received (non-blocking): PL: Arm Retracted Check
2025-12-19 15:41:26,571 - INFO - openpose - ZMQ Sending: Left: Arm Retracted
2025-12-19 15:41:26,634 - INFO - openpose - Robot's turn detected
2025-12-19 15:41:26,977 - INFO - openpose - Gaze3D frame=296 id=left label=Left person v=[-0.495, 0.077, 0.866] yaw=-29.7 pitch=-4.4 cx=294.13182067871094
2025-12-19 15:41:26,977 - INFO - openpose - Gaze3D frame=296 id=right label=Right person v=[-0.335, -0.245, 0.910] yaw=-20.2 pitch=14.2 cx=452.1109924316406
2025-12-19 15:41:26,977 - INFO - openpose - Gaze PUB: people=2, frame_idx=296
2025-12-19 15:41:27,699 - INFO - openpose - Gaze3D frame=304 id=left label=Left person v=[-0.526, -0.107, 0.844] yaw=-32.0 pitch=6.1 cx=335.1992492675781
2025-12-19 15:41:27,699 - INFO - openpose - Gaze3D frame=304 id=right label=Right person v=[-0.259, -0.612, 0.747] yaw=-19.1 pitch=37.8 cx=452.87876892089844
2025-12-19 15:41:27,699 - INFO - openpose - Gaze PUB: people=2, frame_idx=304
2025-12-19 15:41:28,378 - INFO - openpose - Gaze3D frame=312 id=left label=Left person v=[-0.435, -0.288, 0.853] yaw=-27.0 pitch=16.7 cx=350.67991638183594
2025-12-19 15:41:28,378 - INFO - openpose - Gaze3D frame=312 id=right label=Right person v=[-0.536, -0.335, 0.774] yaw=-34.7 pitch=19.6 cx=452.88487243652344
2025-12-19 15:41:28,378 - INFO - openpose - Gaze PUB: people=2, frame_idx=312
2025-12-19 15:41:29,056 - INFO - openpose - Gaze3D frame=320 id=left label=Left person v=[-0.414, -0.170, 0.894] yaw=-24.8 pitch=9.8 cx=340.3519592285156
2025-12-19 15:41:29,056 - INFO - openpose - Gaze3D frame=320 id=right label=Right person v=[-0.344, -0.170, 0.924] yaw=-20.4 pitch=9.8 cx=453.04010009765625
2025-12-19 15:41:29,056 - INFO - openpose - Gaze PUB: people=2, frame_idx=320
2025-12-19 15:41:29,751 - INFO - openpose - Gaze3D frame=328 id=left label=Left person v=[-0.498, 0.097, 0.862] yaw=-30.0 pitch=-5.6 cx=284.13169860839844
2025-12-19 15:41:29,751 - INFO - openpose - Gaze3D frame=328 id=right label=Right person v=[-0.203, -0.371, 0.906] yaw=-12.6 pitch=21.8 cx=452.546630859375
2025-12-19 15:41:29,751 - INFO - openpose - Gaze PUB: people=2, frame_idx=328
2025-12-19 15:41:30,460 - INFO - openpose - Gaze3D frame=336 id=left label=Left person v=[-0.426, 0.102, 0.899] yaw=-25.3 pitch=-5.9 cx=261.4506072998047
2025-12-19 15:41:30,460 - INFO - openpose - Gaze3D frame=336 id=right label=Right person v=[-0.486, -0.305, 0.819] yaw=-30.7 pitch=17.8 cx=458.95745849609375
2025-12-19 15:41:30,460 - INFO - openpose - Gaze PUB: people=2, frame_idx=336
2025-12-19 15:41:31,129 - INFO - openpose - Gaze3D frame=344 id=left label=Left person v=[-0.394, 0.287, 0.873] yaw=-24.3 pitch=-16.7 cx=284.214111328125
2025-12-19 15:41:31,129 - INFO - openpose - Gaze3D frame=344 id=right label=Right person v=[-0.451, -0.242, 0.859] yaw=-27.7 pitch=14.0 cx=467.6383514404297
2025-12-19 15:41:31,129 - INFO - openpose - Gaze PUB: people=2, frame_idx=344
2025-12-19 15:41:31,806 - INFO - openpose - Gaze3D frame=352 id=left label=Left person v=[-0.449, 0.146, 0.881] yaw=-27.0 pitch=-8.4 cx=284.08106994628906
2025-12-19 15:41:31,806 - INFO - openpose - Gaze3D frame=352 id=right label=Right person v=[-0.452, -0.192, 0.871] yaw=-27.4 pitch=11.1 cx=465.4838562011719
2025-12-19 15:41:31,813 - INFO - openpose - Gaze PUB: people=2, frame_idx=352
2025-12-19 15:41:32,501 - INFO - openpose - Gaze3D frame=360 id=left label=Left person v=[-0.437, 0.181, 0.881] yaw=-26.4 pitch=-10.4 cx=283.90220642089844
2025-12-19 15:41:32,501 - INFO - openpose - Gaze3D frame=360 id=right label=Right person v=[-0.483, -0.195, 0.854] yaw=-29.5 pitch=11.3 cx=464.68243408203125
2025-12-19 15:41:32,502 - INFO - openpose - Gaze PUB: people=2, frame_idx=360
2025-12-19 15:41:33,206 - INFO - openpose - Gaze3D frame=368 id=left label=Left person v=[-0.480, 0.133, 0.867] yaw=-29.0 pitch=-7.6 cx=283.9154052734375
2025-12-19 15:41:33,206 - INFO - openpose - Gaze3D frame=368 id=right label=Right person v=[-0.652, -0.380, 0.656] yaw=-44.8 pitch=22.3 cx=464.9138946533203
2025-12-19 15:41:33,206 - INFO - openpose - Gaze PUB: people=2, frame_idx=368
2025-12-19 15:41:33,917 - INFO - openpose - Gaze3D frame=376 id=left label=Left person v=[-0.463, 0.134, 0.876] yaw=-27.9 pitch=-7.7 cx=283.5706024169922
2025-12-19 15:41:33,917 - INFO - openpose - Gaze3D frame=376 id=right label=Right person v=[-0.516, -0.309, 0.799] yaw=-32.8 pitch=18.0 cx=464.76515197753906
2025-12-19 15:41:33,917 - INFO - openpose - Gaze PUB: people=2, frame_idx=376
2025-12-19 15:41:34,607 - INFO - openpose - Gaze3D frame=384 id=left label=Left person v=[-0.405, 0.175, 0.897] yaw=-24.3 pitch=-10.1 cx=283.1410675048828
2025-12-19 15:41:34,607 - INFO - openpose - Gaze3D frame=384 id=right label=Right person v=[-0.599, -0.489, 0.634] yaw=-43.4 pitch=29.3 cx=464.2204284667969
2025-12-19 15:41:34,607 - INFO - openpose - Gaze PUB: people=2, frame_idx=384
2025-12-19 15:41:35,311 - INFO - openpose - Gaze3D frame=392 id=left label=Left person v=[-0.480, 0.179, 0.859] yaw=-29.2 pitch=-10.3 cx=282.84654235839844
2025-12-19 15:41:35,311 - INFO - openpose - Gaze3D frame=392 id=right label=Right person v=[-0.566, -0.323, 0.758] yaw=-36.8 pitch=18.9 cx=464.9019470214844
2025-12-19 15:41:35,311 - INFO - openpose - Gaze PUB: people=2, frame_idx=392
2025-12-19 15:41:35,986 - INFO - openpose - Gaze3D frame=400 id=left label=Left person v=[-0.430, -0.489, 0.759] yaw=-29.5 pitch=29.3 cx=272.1338119506836
2025-12-19 15:41:35,986 - INFO - openpose - Gaze3D frame=400 id=right label=Right person v=[-0.523, -0.272, 0.808] yaw=-32.9 pitch=15.8 cx=475.3195343017578
2025-12-19 15:41:35,986 - INFO - openpose - Gaze PUB: people=2, frame_idx=400
2025-12-19 15:41:36,668 - INFO - openpose - Gaze3D frame=408 id=left label=Left person v=[-0.013, -0.757, 0.653] yaw=-1.2 pitch=49.2 cx=255.59278869628906
2025-12-19 15:41:36,668 - INFO - openpose - Gaze3D frame=408 id=right label=Right person v=[-0.618, -0.373, 0.692] yaw=-41.7 pitch=21.9 cx=437.0126953125
2025-12-19 15:41:36,669 - INFO - openpose - Gaze PUB: people=2, frame_idx=408
2025-12-19 15:41:36,791 - INFO - openpose - Right person: Arm EXTENDED (depth-plane)
2025-12-19 15:41:37,361 - INFO - openpose - Gaze3D frame=416 id=left label=Left person v=[-0.252, -0.370, 0.894] yaw=-15.7 pitch=21.7 cx=234.71531677246094
2025-12-19 15:41:37,362 - INFO - openpose - Gaze3D frame=416 id=right label=Right person v=[-0.519, -0.715, 0.468] yaw=-48.0 pitch=45.7 cx=403.1756591796875
2025-12-19 15:41:37,362 - INFO - openpose - Gaze PUB: people=2, frame_idx=416
2025-12-19 15:41:37,473 - INFO - openpose - Right person: Arm RETRACTED (depth-plane)
2025-12-19 15:41:38,038 - INFO - openpose - Gaze3D frame=424 id=left label=Left person v=[-0.409, -0.076, 0.909] yaw=-24.2 pitch=4.4 cx=252.5192108154297
2025-12-19 15:41:38,038 - INFO - openpose - Gaze3D frame=424 id=right label=Right person v=[-0.516, -0.094, 0.852] yaw=-31.2 pitch=5.4 cx=438.3060607910156
2025-12-19 15:41:38,038 - INFO - openpose - Gaze PUB: people=2, frame_idx=424
2025-12-19 15:41:38,705 - INFO - openpose - Gaze3D frame=432 id=left label=Left person v=[-0.109, -0.547, 0.830] yaw=-7.5 pitch=33.2 cx=256.82737731933594
2025-12-19 15:41:38,705 - INFO - openpose - Gaze3D frame=432 id=right label=Right person v=[-0.504, -0.245, 0.828] yaw=-31.3 pitch=14.2 cx=468.2469482421875
2025-12-19 15:41:38,705 - INFO - openpose - Gaze PUB: people=2, frame_idx=432
2025-12-19 15:41:39,390 - INFO - openpose - Gaze3D frame=440 id=left label=Left person v=[-0.286, -0.518, 0.806] yaw=-19.5 pitch=31.2 cx=252.9528045654297
2025-12-19 15:41:39,390 - INFO - openpose - Gaze3D frame=440 id=right label=Right person v=[-0.267, -0.460, 0.847] yaw=-17.5 pitch=27.4 cx=459.7376251220703
2025-12-19 15:41:39,390 - INFO - openpose - Gaze PUB: people=2, frame_idx=440
2025-12-19 15:41:40,101 - INFO - openpose - Gaze3D frame=448 id=left label=Left person v=[-0.444, -0.367, 0.818] yaw=-28.5 pitch=21.5 cx=270.6190948486328
2025-12-19 15:41:40,101 - INFO - openpose - Gaze3D frame=448 id=right label=Right person v=[0.017, -0.581, 0.813] yaw=1.2 pitch=35.5 cx=451.8150329589844
2025-12-19 15:41:40,101 - INFO - openpose - Gaze PUB: people=2, frame_idx=448
2025-12-19 15:41:40,808 - INFO - openpose - Gaze3D frame=456 id=left label=Left person v=[-0.505, -0.152, 0.850] yaw=-30.7 pitch=8.7 cx=280.83953857421875
2025-12-19 15:41:40,808 - INFO - openpose - Gaze3D frame=456 id=right label=Right person v=[0.027, -0.595, 0.803] yaw=1.9 pitch=36.5 cx=450.4152374267578
2025-12-19 15:41:40,808 - INFO - openpose - Gaze PUB: people=2, frame_idx=456
2025-12-19 15:41:41,538 - INFO - openpose - Gaze3D frame=464 id=left label=Left person v=[-0.366, -0.246, 0.898] yaw=-22.2 pitch=14.3 cx=266.4122619628906
2025-12-19 15:41:41,538 - INFO - openpose - Gaze3D frame=464 id=right label=Right person v=[0.024, -0.606, 0.795] yaw=1.7 pitch=37.3 cx=451.82081604003906
2025-12-19 15:41:41,538 - INFO - openpose - Gaze PUB: people=2, frame_idx=464
2025-12-19 15:41:42,237 - INFO - openpose - Gaze3D frame=472 id=left label=Left person v=[-0.604, -0.098, 0.791] yaw=-37.3 pitch=5.6 cx=278.23204040527344
2025-12-19 15:41:42,238 - INFO - openpose - Gaze3D frame=472 id=right label=Right person v=[-0.339, -0.449, 0.827] yaw=-22.3 pitch=26.6 cx=450.8958435058594
2025-12-19 15:41:42,238 - INFO - openpose - Gaze PUB: people=2, frame_idx=472
2025-12-19 15:41:42,958 - INFO - openpose - Gaze3D frame=480 id=left label=Left person v=[-0.144, -0.171, 0.975] yaw=-8.4 pitch=9.9 cx=234.12348175048828
2025-12-19 15:41:42,958 - INFO - openpose - Gaze3D frame=480 id=right label=Right person v=[-0.377, -0.339, 0.862] yaw=-23.6 pitch=19.8 cx=450.8018493652344
2025-12-19 15:41:42,958 - INFO - openpose - Gaze PUB: people=2, frame_idx=480
2025-12-19 15:41:43,557 - INFO - openpose - Gaze3D frame=488 id=right label=Right person v=[-0.333, -0.374, 0.866] yaw=-21.1 pitch=21.9 cx=450.5123291015625
2025-12-19 15:41:43,557 - INFO - openpose - Gaze PUB: people=1, frame_idx=488
2025-12-19 15:41:44,244 - INFO - openpose - Gaze3D frame=496 id=left label=Left person v=[0.055, -0.586, 0.808] yaw=3.9 pitch=35.9 cx=355.0091247558594
2025-12-19 15:41:44,244 - INFO - openpose - Gaze3D frame=496 id=right label=Right person v=[-0.434, -0.390, 0.812] yaw=-28.1 pitch=23.0 cx=451.3013916015625
2025-12-19 15:41:44,244 - INFO - openpose - Gaze PUB: people=2, frame_idx=496
2025-12-19 15:41:44,884 - INFO - openpose - Gaze3D frame=504 id=right label=Right person v=[-0.616, 0.200, 0.762] yaw=-39.0 pitch=-11.5 cx=458.887939453125
2025-12-19 15:41:44,885 - INFO - openpose - Gaze PUB: people=1, frame_idx=504
2025-12-19 15:41:45,519 - INFO - openpose - Gaze3D frame=512 id=right label=Right person v=[-0.466, -0.568, 0.679] yaw=-34.5 pitch=34.6 cx=441.4886474609375
2025-12-19 15:41:45,519 - INFO - openpose - Gaze PUB: people=1, frame_idx=512
2025-12-19 15:41:46,157 - INFO - openpose - Gaze3D frame=520 id=right label=Right person v=[-0.325, -0.779, 0.536] yaw=-31.2 pitch=51.2 cx=522.4877624511719
2025-12-19 15:41:46,157 - INFO - openpose - Gaze PUB: people=1, frame_idx=520
2025-12-19 15:41:46,952 - INFO - openpose - Gaze3D frame=528 id=left label=Left person v=[-0.193, -0.238, 0.952] yaw=-11.5 pitch=13.8 cx=202.06607818603516
2025-12-19 15:41:46,952 - INFO - openpose - Gaze3D frame=528 id=left label=Left person v=[-0.052, -0.405, 0.913] yaw=-3.3 pitch=23.9 cx=208.4272689819336
2025-12-19 15:41:46,952 - INFO - openpose - Gaze3D frame=528 id=right label=Right person v=[-0.239, -0.302, 0.923] yaw=-14.5 pitch=17.6 cx=544.8814392089844
2025-12-19 15:41:46,952 - INFO - openpose - Gaze PUB: people=3, frame_idx=528
2025-12-19 15:41:47,653 - INFO - openpose - Gaze3D frame=536 id=left label=Left person v=[-0.232, -0.608, 0.759] yaw=-17.0 pitch=37.5 cx=259.0102996826172
2025-12-19 15:41:47,653 - INFO - openpose - Gaze3D frame=536 id=right label=Right person v=[-0.530, 0.043, 0.847] yaw=-32.1 pitch=-2.5 cx=462.74913024902344
2025-12-19 15:41:47,653 - INFO - openpose - Gaze PUB: people=2, frame_idx=536
2025-12-19 15:41:48,961 - INFO - openpose - Gaze3D frame=544 id=None label=None v=[-0.277, 0.478, 0.834] yaw=-18.4 pitch=-28.6 cx=299.2719421386719
2025-12-19 15:41:48,961 - INFO - openpose - Gaze PUB: people=1, frame_idx=544
2025-12-19 15:41:49,133 - INFO - openpose - Gaze3D frame=544 id=None label=None v=[-0.186, -0.817, 0.546] yaw=-18.8 pitch=54.7 cx=295.73155212402344
2025-12-19 15:41:49,133 - INFO - openpose - Gaze PUB: people=1, frame_idx=544
2025-12-19 15:41:49,329 - INFO - openpose - Gaze3D frame=544 id=None label=None v=[-0.220, -0.811, 0.541] yaw=-22.1 pitch=54.2 cx=279.4971008300781
2025-12-19 15:41:49,330 - INFO - openpose - Gaze PUB: people=1, frame_idx=544
2025-12-19 15:41:49,518 - INFO - openpose - Gaze3D frame=544 id=None label=None v=[-0.317, -0.642, 0.698] yaw=-24.4 pitch=39.9 cx=255.7544708251953
2025-12-19 15:41:49,518 - INFO - openpose - Gaze PUB: people=1, frame_idx=544
2025-12-19 15:41:49,698 - INFO - openpose - Gaze3D frame=544 id=None label=None v=[0.001, -0.720, 0.694] yaw=0.1 pitch=46.0 cx=240.06098175048828
2025-12-19 15:41:49,698 - INFO - openpose - Gaze PUB: people=1, frame_idx=544
2025-12-19 15:41:49,877 - INFO - openpose - Gaze3D frame=544 id=None label=None v=[-0.114, -0.626, 0.771] yaw=-8.4 pitch=38.8 cx=234.69339752197266
2025-12-19 15:41:49,877 - INFO - openpose - Gaze PUB: people=1, frame_idx=544
2025-12-19 15:41:50,040 - INFO - openpose - Gaze3D frame=544 id=None label=None v=[-0.070, -0.689, 0.722] yaw=-5.6 pitch=43.5 cx=241.03491973876953
2025-12-19 15:41:50,041 - INFO - openpose - Gaze PUB: people=1, frame_idx=544
2025-12-19 15:41:50,224 - INFO - openpose - Gaze3D frame=544 id=None label=None v=[-0.275, -0.402, 0.873] yaw=-17.5 pitch=23.7 cx=250.72393798828125
2025-12-19 15:41:50,224 - INFO - openpose - Gaze PUB: people=1, frame_idx=544
2025-12-19 15:41:50,395 - INFO - openpose - Gaze3D frame=544 id=None label=None v=[-0.181, -0.217, 0.959] yaw=-10.7 pitch=12.5 cx=259.9369354248047
2025-12-19 15:41:50,395 - INFO - openpose - Gaze PUB: people=1, frame_idx=544
2025-12-19 15:41:50,571 - INFO - openpose - Gaze3D frame=544 id=None label=None v=[-0.161, -0.429, 0.889] yaw=-10.2 pitch=25.4 cx=264.5935363769531
2025-12-19 15:41:50,572 - INFO - openpose - Gaze PUB: people=1, frame_idx=544
2025-12-19 15:41:50,751 - INFO - openpose - Gaze3D frame=544 id=None label=None v=[-0.103, -0.518, 0.849] yaw=-6.9 pitch=31.2 cx=265.0027389526367
2025-12-19 15:41:50,752 - INFO - openpose - Gaze PUB: people=1, frame_idx=544
2025-12-19 15:41:50,929 - INFO - openpose - Gaze3D frame=544 id=None label=None v=[-0.193, -0.507, 0.840] yaw=-12.9 pitch=30.4 cx=264.8220443725586
2025-12-19 15:41:50,930 - INFO - openpose - Gaze PUB: people=1, frame_idx=544
2025-12-19 15:41:51,107 - INFO - openpose - Gaze3D frame=544 id=None label=None v=[-0.115, -0.237, 0.965] yaw=-6.8 pitch=13.7 cx=265.0921173095703
2025-12-19 15:41:51,108 - INFO - openpose - Gaze PUB: people=1, frame_idx=544
2025-12-19 15:41:51,284 - INFO - openpose - Gaze3D frame=544 id=None label=None v=[-0.042, -0.077, 0.996] yaw=-2.4 pitch=4.4 cx=267.744384765625
2025-12-19 15:41:51,284 - INFO - openpose - Gaze PUB: people=1, frame_idx=544
2025-12-19 15:41:51,447 - INFO - openpose - Gaze3D frame=544 id=None label=None v=[-0.034, -0.075, 0.997] yaw=-2.0 pitch=4.3 cx=270.78382873535156
2025-12-19 15:41:51,447 - INFO - openpose - Gaze PUB: people=1, frame_idx=544
2025-12-19 15:41:51,622 - INFO - openpose - Gaze3D frame=544 id=None label=None v=[0.020, 0.237, 0.971] yaw=1.2 pitch=-13.7 cx=276.6153869628906
2025-12-19 15:41:51,622 - INFO - openpose - Gaze PUB: people=1, frame_idx=544
2025-12-19 15:41:51,795 - INFO - openpose - Gaze3D frame=544 id=None label=None v=[0.044, 0.584, 0.811] yaw=3.1 pitch=-35.7 cx=289.37579345703125
2025-12-19 15:41:51,795 - INFO - openpose - Gaze PUB: people=1, frame_idx=544
2025-12-19 15:41:52,051 - INFO - openpose - Gaze3D frame=544 id=None label=None v=[0.024, 0.685, 0.729] yaw=1.9 pitch=-43.2 cx=305.0935363769531
2025-12-19 15:41:52,051 - INFO - openpose - Gaze3D frame=544 id=None label=None v=[-0.387, 0.161, 0.908] yaw=-23.1 pitch=-9.2 cx=431.2019348144531
2025-12-19 15:41:52,052 - INFO - openpose - Gaze PUB: people=2, frame_idx=544
2025-12-19 15:41:52,297 - INFO - openpose - Gaze3D frame=544 id=left label=Left person v=[0.023, 0.536, 0.844] yaw=1.6 pitch=-32.4 cx=320.9986114501953
2025-12-19 15:41:52,297 - INFO - openpose - Gaze3D frame=544 id=right label=Right person v=[-0.737, 0.012, 0.676] yaw=-47.5 pitch=-0.7 cx=467.10113525390625
2025-12-19 15:41:52,297 - INFO - openpose - Gaze PUB: people=2, frame_idx=544
2025-12-19 15:41:52,990 - INFO - openpose - Gaze3D frame=552 id=None label=None v=[-0.105, -0.195, 0.975] yaw=-6.1 pitch=11.3 cx=206.44530487060547
2025-12-19 15:41:52,990 - INFO - openpose - Gaze PUB: people=1, frame_idx=552
2025-12-19 15:41:53,175 - INFO - openpose - Gaze3D frame=552 id=None label=None v=[-0.178, -0.532, 0.828] yaw=-12.1 pitch=32.2 cx=185.7657470703125
2025-12-19 15:41:53,175 - INFO - openpose - Gaze PUB: people=1, frame_idx=552
2025-12-19 15:41:53,350 - INFO - openpose - Gaze3D frame=552 id=None label=None v=[-0.072, -0.249, 0.966] yaw=-4.3 pitch=14.4 cx=182.5777816772461
2025-12-19 15:41:53,350 - INFO - openpose - Gaze PUB: people=1, frame_idx=552
2025-12-19 15:41:53,540 - INFO - openpose - Gaze3D frame=552 id=None label=None v=[-0.097, -0.343, 0.934] yaw=-5.9 pitch=20.1 cx=202.8340835571289
2025-12-19 15:41:53,540 - INFO - openpose - Gaze PUB: people=1, frame_idx=552
2025-12-19 15:41:53,797 - INFO - openpose - Gaze3D frame=552 id=None label=None v=[-0.095, -0.907, 0.409] yaw=-13.0 pitch=65.1 cx=620.9238891601562
2025-12-19 15:41:53,797 - INFO - openpose - Gaze3D frame=552 id=None label=None v=[-0.186, 0.051, 0.981] yaw=-10.7 pitch=-2.9 cx=231.5322723388672
2025-12-19 15:41:53,797 - INFO - openpose - Gaze PUB: people=2, frame_idx=552
2025-12-19 15:41:53,974 - INFO - openpose - Gaze3D frame=552 id=right label=Right person v=[-0.042, -0.887, 0.461] yaw=-5.2 pitch=62.4 cx=598.2906799316406
2025-12-19 15:41:53,974 - INFO - openpose - Gaze PUB: people=1, frame_idx=552
2025-12-19 15:41:54,684 - INFO - openpose - Gaze3D frame=560 id=right label=Right person v=[-0.199, -0.734, 0.650] yaw=-17.0 pitch=47.2 cx=532.5642700195312
2025-12-19 15:41:54,684 - INFO - openpose - Gaze PUB: people=1, frame_idx=560
2025-12-19 15:41:55,383 - INFO - openpose - Gaze3D frame=568 id=left label=Left person v=[-0.400, -0.267, 0.877] yaw=-24.5 pitch=15.5 cx=266.62540435791016
2025-12-19 15:41:55,383 - INFO - openpose - Gaze3D frame=568 id=right label=Right person v=[-0.020, -0.492, 0.870] yaw=-1.3 pitch=29.5 cx=493.0042419433594
2025-12-19 15:41:55,383 - INFO - openpose - Gaze PUB: people=2, frame_idx=568
2025-12-19 15:41:56,109 - INFO - openpose - Gaze3D frame=576 id=left label=Left person v=[-0.091, -0.673, 0.734] yaw=-7.1 pitch=42.3 cx=300.3039855957031
2025-12-19 15:41:56,110 - INFO - openpose - Gaze3D frame=576 id=right label=Right person v=[-0.044, -0.955, 0.295] yaw=-8.5 pitch=72.7 cx=505.8363800048828
2025-12-19 15:41:56,110 - INFO - openpose - Gaze PUB: people=2, frame_idx=576
