2025-12-19 15:42:02,189 - INFO - BuildTower - Pinned current thread to core 0
2025-12-19 15:42:02,189 - INFO - BuildTower - Main BuildTower thread pinned to core 0.
2025-12-19 15:42:02,344 - INFO - BuildTower - Robot parameters: robot_name=my_gen3, dof=7, gripper_present=True
2025-12-19 15:42:02,347 - INFO - BuildTower - Service initialized: /my_gen3/base/clear_faults
2025-12-19 15:42:02,349 - INFO - BuildTower - Service initialized: /my_gen3/base/read_action
2025-12-19 15:42:02,351 - INFO - BuildTower - Service initialized: /my_gen3/base/execute_action
2025-12-19 15:42:02,353 - INFO - BuildTower - Service initialized: /my_gen3/control_config/set_cartesian_reference_frame
2025-12-19 15:42:02,354 - INFO - BuildTower - Service initialized: /my_gen3/base/activate_publishing_of_action_topic
2025-12-19 15:42:02,356 - INFO - BuildTower - Service initialized: /my_gen3/base/send_gripper_command
2025-12-19 15:42:02,357 - INFO - BuildTower - OpenPoseThread started (core 1).
2025-12-19 15:42:02,357 - INFO - BuildTower - BuildTower class initialized successfully.
2025-12-19 15:42:02,358 - INFO - BuildTower - ROS parameter /kortex_examples_test_results/cartesian_poses_with_notifications_python did not exist or could not be deleted.
2025-12-19 15:42:02,358 - INFO - BuildTower - Starting main robot control loop.
2025-12-19 15:42:02,363 - INFO - BuildTower - Robot faults cleared successfully.
2025-12-19 15:42:02,367 - INFO - BuildTower - Pinned current thread to core 1
2025-12-19 15:42:02,368 - INFO - BuildTower - OpenPoseThread: Connected REQ to tcp://localhost:5555
2025-12-19 15:42:02,368 - INFO - BuildTower - OpenPoseThread: Connected SUB to tcp://localhost:5556
2025-12-19 15:42:04,889 - INFO - BuildTower - Cartesian reference frame set successfully.
2025-12-19 15:42:05,141 - INFO - BuildTower - Activating action notifications.
2025-12-19 15:42:05,147 - INFO - BuildTower - Action Notifications successfully activated.
2025-12-19 15:42:06,169 - INFO - BuildTower - Sending robot to home position.
2025-12-19 15:42:09,892 - INFO - BuildTower - User pressed Enter. Continuing with configuration 1
2025-12-19 15:42:09,892 - INFO - BuildTower - Parsing information from file: config2
2025-12-19 15:42:09,893 - INFO - BuildTower - Parsed turn_order: ybypbpbpy

2025-12-19 15:42:09,893 - INFO - BuildTower - Parsed object_order: 143

2025-12-19 15:42:09,893 - INFO - BuildTower - Sent turn_order and waiting for response from OpenPose server.
2025-12-19 15:42:09,893 - INFO - BuildTower - Sending turn order to OpenPose server: ybypbpbpy

2025-12-19 15:42:09,894 - INFO - BuildTower - OpenPoseThread: sending cmd: ybypbpbpy

2025-12-19 15:42:09,895 - INFO - BuildTower - OpenPoseThread: received reply: Order Received
2025-12-19 15:42:09,895 - INFO - BuildTower - Received reply from OpenPose server: Order Received
2025-12-19 15:42:09,895 - INFO - BuildTower - Starting mutual gaze calibration for 10.0 seconds
2025-12-19 15:42:10,658 - INFO - BuildTower - OpenPoseThread: gaze frame_idx=0 ts=2025-12-19T15:42:10.632253Z people=2
2025-12-19 15:42:10,659 - INFO - BuildTower - OpenPoseThread: Gaze3D frame=0 id=left label=Left person v=[-0.406, 0.132, 0.904] yaw=-24.2 pitch=-7.6
2025-12-19 15:42:10,659 - INFO - BuildTower - OpenPoseThread: Gaze3D frame=0 id=right label=Right person v=[-0.509, -0.473, 0.719] yaw=-35.3 pitch=28.2
2025-12-19 15:42:11,426 - INFO - BuildTower - OpenPoseThread: gaze frame_idx=8 ts=2025-12-19T15:42:11.332222Z people=2
2025-12-19 15:42:11,426 - INFO - BuildTower - OpenPoseThread: Gaze3D frame=8 id=left label=Left person v=[-0.457, 0.219, 0.862] yaw=-27.9 pitch=-12.6
2025-12-19 15:42:11,427 - INFO - BuildTower - OpenPoseThread: Gaze3D frame=8 id=right label=Right person v=[-0.356, -0.098, 0.929] yaw=-21.0 pitch=5.6
2025-12-19 15:42:12,080 - INFO - BuildTower - OpenPoseThread: gaze frame_idx=16 ts=2025-12-19T15:42:12.011455Z people=2
2025-12-19 15:42:12,080 - INFO - BuildTower - OpenPoseThread: Gaze3D frame=16 id=left label=Left person v=[-0.475, 0.179, 0.861] yaw=-28.9 pitch=-10.3
2025-12-19 15:42:12,080 - INFO - BuildTower - OpenPoseThread: Gaze3D frame=16 id=right label=Right person v=[-0.386, -0.182, 0.904] yaw=-23.1 pitch=10.5
2025-12-19 15:42:12,740 - INFO - BuildTower - OpenPoseThread: gaze frame_idx=24 ts=2025-12-19T15:42:12.701681Z people=2
2025-12-19 15:42:12,740 - INFO - BuildTower - OpenPoseThread: Gaze3D frame=24 id=left label=Left person v=[-0.430, 0.279, 0.858] yaw=-26.6 pitch=-16.2
2025-12-19 15:42:12,740 - INFO - BuildTower - OpenPoseThread: Gaze3D frame=24 id=right label=Right person v=[-0.330, -0.098, 0.939] yaw=-19.3 pitch=5.6
2025-12-19 15:42:13,395 - INFO - BuildTower - OpenPoseThread: gaze frame_idx=32 ts=2025-12-19T15:42:13.362209Z people=2
2025-12-19 15:42:13,395 - INFO - BuildTower - OpenPoseThread: Gaze3D frame=32 id=left label=Left person v=[-0.459, 0.222, 0.860] yaw=-28.1 pitch=-12.8
2025-12-19 15:42:13,395 - INFO - BuildTower - OpenPoseThread: Gaze3D frame=32 id=right label=Right person v=[-0.334, -0.065, 0.940] yaw=-19.6 pitch=3.7
2025-12-19 15:42:14,056 - INFO - BuildTower - OpenPoseThread: gaze frame_idx=40 ts=2025-12-19T15:42:14.054971Z people=2
2025-12-19 15:42:14,056 - INFO - BuildTower - OpenPoseThread: Gaze3D frame=40 id=left label=Left person v=[-0.520, 0.270, 0.810] yaw=-32.7 pitch=-15.7
2025-12-19 15:42:14,056 - INFO - BuildTower - OpenPoseThread: Gaze3D frame=40 id=right label=Right person v=[-0.355, -0.126, 0.926] yaw=-21.0 pitch=7.2
2025-12-19 15:42:14,824 - INFO - BuildTower - OpenPoseThread: gaze frame_idx=48 ts=2025-12-19T15:42:14.732914Z people=2
2025-12-19 15:42:14,824 - INFO - BuildTower - OpenPoseThread: Gaze3D frame=48 id=left label=Left person v=[-0.500, 0.309, 0.809] yaw=-31.7 pitch=-18.0
2025-12-19 15:42:14,824 - INFO - BuildTower - OpenPoseThread: Gaze3D frame=48 id=right label=Right person v=[-0.367, -0.083, 0.926] yaw=-21.6 pitch=4.8
2025-12-19 15:42:15,482 - INFO - BuildTower - OpenPoseThread: gaze frame_idx=56 ts=2025-12-19T15:42:15.428949Z people=2
2025-12-19 15:42:15,482 - INFO - BuildTower - OpenPoseThread: Gaze3D frame=56 id=left label=Left person v=[-0.441, 0.244, 0.864] yaw=-27.0 pitch=-14.1
2025-12-19 15:42:15,482 - INFO - BuildTower - OpenPoseThread: Gaze3D frame=56 id=right label=Right person v=[-0.425, -0.100, 0.900] yaw=-25.3 pitch=5.8
2025-12-19 15:42:16,134 - INFO - BuildTower - OpenPoseThread: gaze frame_idx=64 ts=2025-12-19T15:42:16.119924Z people=2
2025-12-19 15:42:16,134 - INFO - BuildTower - OpenPoseThread: Gaze3D frame=64 id=left label=Left person v=[-0.509, 0.145, 0.849] yaw=-30.9 pitch=-8.3
2025-12-19 15:42:16,135 - INFO - BuildTower - OpenPoseThread: Gaze3D frame=64 id=right label=Right person v=[-0.368, -0.145, 0.918] yaw=-21.9 pitch=8.4
2025-12-19 15:42:16,899 - INFO - BuildTower - OpenPoseThread: gaze frame_idx=72 ts=2025-12-19T15:42:16.831679Z people=2
2025-12-19 15:42:16,899 - INFO - BuildTower - OpenPoseThread: Gaze3D frame=72 id=left label=Left person v=[-0.477, 0.279, 0.833] yaw=-29.8 pitch=-16.2
2025-12-19 15:42:16,899 - INFO - BuildTower - OpenPoseThread: Gaze3D frame=72 id=right label=Right person v=[-0.406, -0.079, 0.911] yaw=-24.0 pitch=4.6
2025-12-19 15:42:17,552 - INFO - BuildTower - OpenPoseThread: gaze frame_idx=80 ts=2025-12-19T15:42:17.504484Z people=2
2025-12-19 15:42:17,552 - INFO - BuildTower - OpenPoseThread: Gaze3D frame=80 id=left label=Left person v=[-0.469, 0.305, 0.829] yaw=-29.5 pitch=-17.7
2025-12-19 15:42:17,552 - INFO - BuildTower - OpenPoseThread: Gaze3D frame=80 id=right label=Right person v=[-0.423, -0.098, 0.901] yaw=-25.2 pitch=5.6
2025-12-19 15:42:18,207 - INFO - BuildTower - OpenPoseThread: gaze frame_idx=88 ts=2025-12-19T15:42:18.197596Z people=2
2025-12-19 15:42:18,208 - INFO - BuildTower - OpenPoseThread: Gaze3D frame=88 id=left label=Left person v=[-0.462, 0.324, 0.825] yaw=-29.2 pitch=-18.9
2025-12-19 15:42:18,208 - INFO - BuildTower - OpenPoseThread: Gaze3D frame=88 id=right label=Right person v=[-0.385, -0.247, 0.889] yaw=-23.4 pitch=14.3
2025-12-19 15:42:18,875 - INFO - BuildTower - OpenPoseThread: gaze frame_idx=96 ts=2025-12-19T15:42:18.872324Z people=2
2025-12-19 15:42:18,875 - INFO - BuildTower - OpenPoseThread: Gaze3D frame=96 id=left label=Left person v=[-0.432, 0.352, 0.830] yaw=-27.5 pitch=-20.6
2025-12-19 15:42:18,875 - INFO - BuildTower - OpenPoseThread: Gaze3D frame=96 id=right label=Right person v=[-0.351, -0.096, 0.932] yaw=-20.6 pitch=5.5
2025-12-19 15:42:19,643 - INFO - BuildTower - OpenPoseThread: gaze frame_idx=104 ts=2025-12-19T15:42:19.551051Z people=2
2025-12-19 15:42:19,643 - INFO - BuildTower - OpenPoseThread: Gaze3D frame=104 id=left label=Left person v=[-0.473, 0.368, 0.801] yaw=-30.6 pitch=-21.6
2025-12-19 15:42:19,643 - INFO - BuildTower - OpenPoseThread: Gaze3D frame=104 id=right label=Right person v=[-0.396, -0.169, 0.903] yaw=-23.7 pitch=9.7
2025-12-19 15:42:19,914 - INFO - BuildTower - Calibration done: yaw_bias=-26.034 deg, pitch_bias=-3.062 deg
2025-12-19 15:42:19,915 - INFO - BuildTower - Executing turn 0 out of 9.
2025-12-19 15:42:19,915 - INFO - BuildTower - Moving block from start 0.28 to target 0.307. Turn: 0, Block Shape: 1
2025-12-19 15:42:19,917 - INFO - BuildTower - Sending gripper command: value=0
2025-12-19 15:42:20,303 - INFO - BuildTower - OpenPoseThread: gaze frame_idx=112 ts=2025-12-19T15:42:20.279628Z people=2
2025-12-19 15:42:20,303 - INFO - BuildTower - OpenPoseThread: Gaze3D frame=112 id=left label=Left person v=[-0.475, 0.325, 0.818] yaw=-30.2 pitch=-19.0
2025-12-19 15:42:20,303 - INFO - BuildTower - OpenPoseThread: Gaze3D frame=112 id=right label=Right person v=[-0.357, -0.156, 0.921] yaw=-21.2 pitch=9.0
2025-12-19 15:42:20,443 - INFO - BuildTower - Gripper command 0 sent successfully.
2025-12-19 15:42:20,446 - INFO - BuildTower - Attempting to go to position: x=0.47, y=0.18, z=0.325, theta_x=100.0, theta_y=0.0, theta_z=90.0
2025-12-19 15:42:20,446 - DEBUG - BuildTower - Set speed for pose: translation=1, orientation=100
2025-12-19 15:42:20,465 - INFO - BuildTower - Pose action initiated, waiting for completion.
2025-12-19 15:42:21,078 - INFO - BuildTower - OpenPoseThread: gaze frame_idx=120 ts=2025-12-19T15:42:20.978468Z people=2
2025-12-19 15:42:21,078 - INFO - BuildTower - OpenPoseThread: Gaze3D frame=120 id=left label=Left person v=[-0.460, 0.214, 0.862] yaw=-28.1 pitch=-12.4
2025-12-19 15:42:21,078 - INFO - BuildTower - OpenPoseThread: Gaze3D frame=120 id=right label=Right person v=[-0.443, -0.165, 0.881] yaw=-26.7 pitch=9.5
2025-12-19 15:42:21,730 - INFO - BuildTower - OpenPoseThread: gaze frame_idx=128 ts=2025-12-19T15:42:21.656371Z people=2
2025-12-19 15:42:21,730 - INFO - BuildTower - OpenPoseThread: Gaze3D frame=128 id=left label=Left person v=[-0.530, 0.238, 0.814] yaw=-33.1 pitch=-13.8
2025-12-19 15:42:21,730 - INFO - BuildTower - OpenPoseThread: Gaze3D frame=128 id=right label=Right person v=[-0.450, -0.264, 0.853] yaw=-27.8 pitch=15.3
2025-12-19 15:42:22,388 - INFO - BuildTower - OpenPoseThread: gaze frame_idx=136 ts=2025-12-19T15:42:22.333610Z people=2
2025-12-19 15:42:22,388 - INFO - BuildTower - OpenPoseThread: Gaze3D frame=136 id=left label=Left person v=[-0.505, 0.238, 0.830] yaw=-31.3 pitch=-13.8
2025-12-19 15:42:22,388 - INFO - BuildTower - OpenPoseThread: Gaze3D frame=136 id=right label=Right person v=[-0.454, -0.173, 0.874] yaw=-27.5 pitch=10.0
2025-12-19 15:42:23,042 - INFO - BuildTower - OpenPoseThread: gaze frame_idx=144 ts=2025-12-19T15:42:23.001195Z people=2
2025-12-19 15:42:23,042 - INFO - BuildTower - OpenPoseThread: Gaze3D frame=144 id=left label=Left person v=[-0.509, 0.024, 0.861] yaw=-30.6 pitch=-1.4
2025-12-19 15:42:23,042 - INFO - BuildTower - OpenPoseThread: Gaze3D frame=144 id=right label=Right person v=[-0.340, -0.245, 0.908] yaw=-20.5 pitch=14.2
2025-12-19 15:42:23,093 - INFO - BuildTower - Robot action ended.
2025-12-19 15:42:23,093 - INFO - BuildTower - Attempting to go to position: x=0.47, y=0.18, z=0.28, theta_x=100.0, theta_y=0.0, theta_z=90.0
2025-12-19 15:42:23,093 - DEBUG - BuildTower - Set speed for pose: translation=1, orientation=100
2025-12-19 15:42:23,116 - INFO - BuildTower - Pose action initiated, waiting for completion.
2025-12-19 15:42:23,710 - INFO - BuildTower - OpenPoseThread: gaze frame_idx=152 ts=2025-12-19T15:42:23.709093Z people=2
2025-12-19 15:42:23,710 - INFO - BuildTower - OpenPoseThread: Gaze3D frame=152 id=left label=Left person v=[-0.553, 0.138, 0.821] yaw=-34.0 pitch=-8.0
2025-12-19 15:42:23,710 - INFO - BuildTower - OpenPoseThread: Gaze3D frame=152 id=right label=Right person v=[-0.459, -0.136, 0.878] yaw=-27.6 pitch=7.8
2025-12-19 15:42:23,850 - INFO - BuildTower - Robot action ended.
2025-12-19 15:42:23,852 - INFO - BuildTower - Sending gripper command: value=0.075
2025-12-19 15:42:24,371 - INFO - BuildTower - Gripper command 0.075 sent successfully.
2025-12-19 15:42:24,376 - INFO - BuildTower - Attempting to go to position: x=0.47, y=0.18, z=0.325, theta_x=100.0, theta_y=0.0, theta_z=90.0
2025-12-19 15:42:24,376 - DEBUG - BuildTower - Set speed for pose: translation=1, orientation=100
2025-12-19 15:42:24,390 - INFO - BuildTower - Pose action initiated, waiting for completion.
2025-12-19 15:42:24,473 - INFO - BuildTower - OpenPoseThread: gaze frame_idx=160 ts=2025-12-19T15:42:24.392955Z people=2
2025-12-19 15:42:24,473 - INFO - BuildTower - OpenPoseThread: Gaze3D frame=160 id=left label=Left person v=[-0.515, -0.008, 0.857] yaw=-31.0 pitch=0.4
2025-12-19 15:42:24,473 - INFO - BuildTower - OpenPoseThread: Gaze3D frame=160 id=right label=Right person v=[-0.441, -0.221, 0.870] yaw=-26.9 pitch=12.8
2025-12-19 15:42:25,120 - INFO - BuildTower - Robot action ended.
2025-12-19 15:42:25,120 - INFO - BuildTower - Attempting to go to position: x=0.735, y=0.0, z=0.352, theta_x=100.0, theta_y=0.0, theta_z=90.0
2025-12-19 15:42:25,120 - DEBUG - BuildTower - Set speed for pose: translation=1, orientation=100
2025-12-19 15:42:25,127 - INFO - BuildTower - OpenPoseThread: gaze frame_idx=168 ts=2025-12-19T15:42:25.060392Z people=2
2025-12-19 15:42:25,127 - INFO - BuildTower - OpenPoseThread: Gaze3D frame=168 id=left label=Left person v=[-0.516, 0.087, 0.852] yaw=-31.2 pitch=-5.0
2025-12-19 15:42:25,128 - INFO - BuildTower - OpenPoseThread: Gaze3D frame=168 id=right label=Right person v=[-0.502, -0.146, 0.853] yaw=-30.5 pitch=8.4
2025-12-19 15:42:25,141 - INFO - BuildTower - Pose action initiated, waiting for completion.
2025-12-19 15:42:25,782 - INFO - BuildTower - OpenPoseThread: gaze frame_idx=176 ts=2025-12-19T15:42:25.757673Z people=2
2025-12-19 15:42:25,782 - INFO - BuildTower - OpenPoseThread: Gaze3D frame=176 id=left label=Left person v=[-0.559, -0.034, 0.828] yaw=-34.0 pitch=1.9
2025-12-19 15:42:25,782 - INFO - BuildTower - OpenPoseThread: Gaze3D frame=176 id=right label=Right person v=[-0.427, -0.155, 0.891] yaw=-25.6 pitch=8.9
2025-12-19 15:42:26,550 - INFO - BuildTower - OpenPoseThread: gaze frame_idx=184 ts=2025-12-19T15:42:26.448975Z people=2
2025-12-19 15:42:26,550 - INFO - BuildTower - OpenPoseThread: Gaze3D frame=184 id=left label=Left person v=[-0.522, 0.245, 0.817] yaw=-32.5 pitch=-14.2
2025-12-19 15:42:26,550 - INFO - BuildTower - OpenPoseThread: Gaze3D frame=184 id=right label=Right person v=[-0.191, -0.384, 0.903] yaw=-12.0 pitch=22.6
2025-12-19 15:42:27,202 - INFO - BuildTower - OpenPoseThread: gaze frame_idx=192 ts=2025-12-19T15:42:27.158941Z people=2
2025-12-19 15:42:27,203 - INFO - BuildTower - OpenPoseThread: Gaze3D frame=192 id=left label=Left person v=[-0.513, 0.381, 0.769] yaw=-33.7 pitch=-22.4
2025-12-19 15:42:27,203 - INFO - BuildTower - OpenPoseThread: Gaze3D frame=192 id=right label=Right person v=[-0.495, -0.164, 0.853] yaw=-30.1 pitch=9.5
2025-12-19 15:42:27,972 - INFO - BuildTower - OpenPoseThread: gaze frame_idx=200 ts=2025-12-19T15:42:27.872324Z people=2
2025-12-19 15:42:27,972 - INFO - BuildTower - OpenPoseThread: Gaze3D frame=200 id=left label=Left person v=[-0.482, 0.324, 0.814] yaw=-30.6 pitch=-18.9
2025-12-19 15:42:27,972 - INFO - BuildTower - OpenPoseThread: Gaze3D frame=200 id=right label=Right person v=[-0.444, -0.188, 0.876] yaw=-26.9 pitch=10.8
2025-12-19 15:42:28,623 - INFO - BuildTower - Robot action ended.
2025-12-19 15:42:28,624 - INFO - BuildTower - Attempting to go to position: x=0.735, y=0.0, z=0.307, theta_x=100.0, theta_y=0.0, theta_z=90.0
2025-12-19 15:42:28,624 - DEBUG - BuildTower - Set speed for pose: translation=1, orientation=100
2025-12-19 15:42:28,625 - INFO - BuildTower - OpenPoseThread: gaze frame_idx=208 ts=2025-12-19T15:42:28.577043Z people=2
2025-12-19 15:42:28,626 - INFO - BuildTower - OpenPoseThread: Gaze3D frame=208 id=left label=Left person v=[-0.499, 0.328, 0.803] yaw=-31.9 pitch=-19.1
2025-12-19 15:42:28,626 - INFO - BuildTower - OpenPoseThread: Gaze3D frame=208 id=right label=Right person v=[-0.507, -0.225, 0.832] yaw=-31.4 pitch=13.0
2025-12-19 15:42:28,666 - INFO - BuildTower - Pose action initiated, waiting for completion.
2025-12-19 15:42:29,284 - INFO - BuildTower - OpenPoseThread: gaze frame_idx=216 ts=2025-12-19T15:42:29.249127Z people=2
2025-12-19 15:42:29,284 - INFO - BuildTower - OpenPoseThread: Gaze3D frame=216 id=left label=Left person v=[-0.531, 0.188, 0.826] yaw=-32.7 pitch=-10.9
2025-12-19 15:42:29,284 - INFO - BuildTower - OpenPoseThread: Gaze3D frame=216 id=right label=Right person v=[-0.507, -0.258, 0.823] yaw=-31.6 pitch=15.0
2025-12-19 15:42:29,399 - INFO - BuildTower - Robot action ended.
2025-12-19 15:42:29,401 - INFO - BuildTower - Sending gripper command: value=0
2025-12-19 15:42:29,918 - INFO - BuildTower - Gripper command 0 sent successfully.
2025-12-19 15:42:29,920 - INFO - BuildTower - Attempting to go to position: x=0.735, y=0.0, z=0.352, theta_x=100.0, theta_y=0.0, theta_z=90.0
2025-12-19 15:42:29,920 - DEBUG - BuildTower - Set speed for pose: translation=1, orientation=100
2025-12-19 15:42:29,941 - INFO - BuildTower - Pose action initiated, waiting for completion.
2025-12-19 15:42:30,051 - INFO - BuildTower - OpenPoseThread: gaze frame_idx=224 ts=2025-12-19T15:42:29.959592Z people=2
2025-12-19 15:42:30,051 - INFO - BuildTower - OpenPoseThread: Gaze3D frame=224 id=left label=Left person v=[-0.558, 0.239, 0.794] yaw=-35.1 pitch=-13.8
2025-12-19 15:42:30,051 - INFO - BuildTower - OpenPoseThread: Gaze3D frame=224 id=right label=Right person v=[-0.570, -0.248, 0.784] yaw=-36.0 pitch=14.3
2025-12-19 15:42:30,672 - INFO - BuildTower - Robot action ended.
2025-12-19 15:42:30,672 - INFO - BuildTower - Robot completed its turn. Robot turn count: 1
2025-12-19 15:42:30,672 - INFO - BuildTower - Executing turn 1 out of 9.
2025-12-19 15:42:30,673 - INFO - BuildTower - look_once_from_latest_gaze: target=left
2025-12-19 15:42:30,673 - INFO - BuildTower - Robot moving to look at person on the left.
2025-12-19 15:42:30,673 - INFO - BuildTower - Attempting to go to position: x=0.5, y=-0.08, z=0.5, theta_x=80, theta_y=0, theta_z=75
2025-12-19 15:42:30,673 - DEBUG - BuildTower - Set speed for pose: translation=1, orientation=100
2025-12-19 15:42:30,689 - INFO - BuildTower - Pose sent (non-blocking).
2025-12-19 15:42:30,690 - INFO - BuildTower - Sending to OpenPose (via thread): PL: Arm Extended Check
2025-12-19 15:42:30,690 - INFO - BuildTower - OpenPoseThread: sending cmd: PL: Arm Extended Check
2025-12-19 15:42:30,691 - INFO - BuildTower - OpenPoseThread: gaze frame_idx=232 ts=2025-12-19T15:42:30.636930Z people=2
2025-12-19 15:42:30,691 - INFO - BuildTower - OpenPoseThread: Gaze3D frame=232 id=left label=Left person v=[-0.568, 0.315, 0.760] yaw=-36.8 pitch=-18.4
2025-12-19 15:42:30,691 - INFO - BuildTower - OpenPoseThread: Gaze3D frame=232 id=right label=Right person v=[-0.606, -0.092, 0.790] yaw=-37.5 pitch=5.3
2025-12-19 15:42:31,312 - INFO - BuildTower - OpenPoseThread: gaze frame_idx=240 ts=2025-12-19T15:42:31.310399Z people=2
2025-12-19 15:42:31,312 - INFO - BuildTower - OpenPoseThread: Gaze3D frame=240 id=left label=Left person v=[-0.534, 0.281, 0.798] yaw=-33.8 pitch=-16.3
2025-12-19 15:42:31,312 - INFO - BuildTower - OpenPoseThread: Gaze3D frame=240 id=right label=Right person v=[-0.507, -0.328, 0.797] yaw=-32.4 pitch=19.1
2025-12-19 15:42:31,987 - INFO - BuildTower - OpenPoseThread: gaze frame_idx=248 ts=2025-12-19T15:42:31.986326Z people=2
2025-12-19 15:42:31,987 - INFO - BuildTower - OpenPoseThread: Gaze3D frame=248 id=left label=Left person v=[-0.544, 0.268, 0.795] yaw=-34.4 pitch=-15.5
2025-12-19 15:42:31,988 - INFO - BuildTower - OpenPoseThread: Gaze3D frame=248 id=right label=Right person v=[-0.451, -0.373, 0.811] yaw=-29.0 pitch=21.9
2025-12-19 15:42:32,637 - INFO - BuildTower - OpenPoseThread: gaze frame_idx=256 ts=2025-12-19T15:42:32.632741Z people=2
2025-12-19 15:42:32,637 - INFO - BuildTower - OpenPoseThread: Gaze3D frame=256 id=left label=Left person v=[-0.542, 0.336, 0.770] yaw=-35.1 pitch=-19.7
2025-12-19 15:42:32,637 - INFO - BuildTower - OpenPoseThread: Gaze3D frame=256 id=right label=Right person v=[-0.456, -0.167, 0.874] yaw=-27.6 pitch=9.6
2025-12-19 15:42:33,313 - INFO - BuildTower - OpenPoseThread: gaze frame_idx=264 ts=2025-12-19T15:42:33.312027Z people=2
2025-12-19 15:42:33,313 - INFO - BuildTower - OpenPoseThread: Gaze3D frame=264 id=left label=Left person v=[-0.647, 0.160, 0.745] yaw=-41.0 pitch=-9.2
2025-12-19 15:42:33,313 - INFO - BuildTower - OpenPoseThread: Gaze3D frame=264 id=right label=Right person v=[-0.436, -0.121, 0.892] yaw=-26.1 pitch=6.9
2025-12-19 15:42:34,002 - INFO - BuildTower - OpenPoseThread: gaze frame_idx=272 ts=2025-12-19T15:42:34.001109Z people=2
2025-12-19 15:42:34,002 - INFO - BuildTower - OpenPoseThread: Gaze3D frame=272 id=left label=Left person v=[-0.621, 0.243, 0.745] yaw=-39.8 pitch=-14.1
2025-12-19 15:42:34,002 - INFO - BuildTower - OpenPoseThread: Gaze3D frame=272 id=right label=Right person v=[-0.371, -0.099, 0.923] yaw=-21.9 pitch=5.7
2025-12-19 15:42:34,704 - INFO - BuildTower - OpenPoseThread: gaze frame_idx=280 ts=2025-12-19T15:42:34.703186Z people=2
2025-12-19 15:42:34,704 - INFO - BuildTower - OpenPoseThread: Gaze3D frame=280 id=left label=Left person v=[-0.460, 0.225, 0.859] yaw=-28.2 pitch=-13.0
2025-12-19 15:42:34,704 - INFO - BuildTower - OpenPoseThread: Gaze3D frame=280 id=right label=Right person v=[-0.342, 0.019, 0.940] yaw=-20.0 pitch=-1.1
2025-12-19 15:42:35,388 - INFO - BuildTower - OpenPoseThread: gaze frame_idx=288 ts=2025-12-19T15:42:35.386665Z people=2
2025-12-19 15:42:35,388 - INFO - BuildTower - OpenPoseThread: Gaze3D frame=288 id=left label=Left person v=[-0.435, 0.258, 0.863] yaw=-26.8 pitch=-14.9
2025-12-19 15:42:35,388 - INFO - BuildTower - OpenPoseThread: Gaze3D frame=288 id=right label=Right person v=[-0.206, -0.024, 0.978] yaw=-11.9 pitch=1.4
2025-12-19 15:42:36,056 - INFO - BuildTower - OpenPoseThread: gaze frame_idx=296 ts=2025-12-19T15:42:36.055737Z people=2
2025-12-19 15:42:36,056 - INFO - BuildTower - OpenPoseThread: Gaze3D frame=296 id=left label=Left person v=[-0.477, 0.358, 0.803] yaw=-30.7 pitch=-21.0
2025-12-19 15:42:36,056 - INFO - BuildTower - OpenPoseThread: Gaze3D frame=296 id=right label=Right person v=[-0.333, -0.039, 0.942] yaw=-19.5 pitch=2.3
2025-12-19 15:42:36,497 - INFO - BuildTower - OpenPoseThread: received reply: Left: Arm Extended
2025-12-19 15:42:36,497 - INFO - BuildTower - look_once_from_latest_gaze: target=right
2025-12-19 15:42:36,497 - INFO - BuildTower - Robot moving to look at person on the right.
2025-12-19 15:42:36,498 - INFO - BuildTower - Attempting to go to position: x=0.5, y=0.08, z=0.5, theta_x=80, theta_y=0, theta_z=105
2025-12-19 15:42:36,498 - DEBUG - BuildTower - Set speed for pose: translation=1, orientation=100
2025-12-19 15:42:36,514 - INFO - BuildTower - Pose sent (non-blocking).
2025-12-19 15:42:36,515 - INFO - BuildTower - Sending to OpenPose (via thread): PL: Arm Retracted Check
2025-12-19 15:42:36,515 - INFO - BuildTower - OpenPoseThread: sending cmd: PL: Arm Retracted Check
2025-12-19 15:42:36,748 - INFO - BuildTower - OpenPoseThread: gaze frame_idx=304 ts=2025-12-19T15:42:36.747724Z people=2
2025-12-19 15:42:36,748 - INFO - BuildTower - OpenPoseThread: Gaze3D frame=304 id=left label=Left person v=[-0.494, -0.305, 0.814] yaw=-31.3 pitch=17.8
2025-12-19 15:42:36,749 - INFO - BuildTower - OpenPoseThread: Gaze3D frame=304 id=right label=Right person v=[-0.116, -0.208, 0.971] yaw=-6.8 pitch=12.0
2025-12-19 15:42:36,933 - INFO - BuildTower - OpenPoseThread: received reply: Left: Arm Retracted
2025-12-19 15:42:36,934 - INFO - BuildTower - Executing turn 2 out of 9.
2025-12-19 15:42:36,934 - INFO - BuildTower - Moving block from start 0.3 to target 0.387. Turn: 2, Block Shape: 4
2025-12-19 15:42:36,937 - INFO - BuildTower - Sending gripper command: value=0
2025-12-19 15:42:37,465 - INFO - BuildTower - Gripper command 0 sent successfully.
2025-12-19 15:42:37,468 - INFO - BuildTower - Attempting to go to position: x=0.3, y=0.3, z=0.345, theta_x=100.0, theta_y=0.0, theta_z=90.0
2025-12-19 15:42:37,468 - DEBUG - BuildTower - Set speed for pose: translation=1, orientation=100
2025-12-19 15:42:37,482 - INFO - BuildTower - OpenPoseThread: gaze frame_idx=312 ts=2025-12-19T15:42:37.437365Z people=2
2025-12-19 15:42:37,482 - INFO - BuildTower - OpenPoseThread: Gaze3D frame=312 id=left label=Left person v=[-0.315, 0.471, 0.824] yaw=-20.9 pitch=-28.1
2025-12-19 15:42:37,482 - INFO - BuildTower - OpenPoseThread: Gaze3D frame=312 id=right label=Right person v=[-0.433, -0.506, 0.746] yaw=-30.1 pitch=30.4
2025-12-19 15:42:37,492 - INFO - BuildTower - Pose action initiated, waiting for completion.
2025-12-19 15:42:38,145 - INFO - BuildTower - OpenPoseThread: gaze frame_idx=320 ts=2025-12-19T15:42:38.113787Z people=2
2025-12-19 15:42:38,146 - INFO - BuildTower - OpenPoseThread: Gaze3D frame=320 id=left label=Left person v=[-0.397, -0.290, 0.871] yaw=-24.5 pitch=16.8
2025-12-19 15:42:38,146 - INFO - BuildTower - OpenPoseThread: Gaze3D frame=320 id=right label=Right person v=[-0.042, -0.372, 0.927] yaw=-2.6 pitch=21.8
2025-12-19 15:42:38,908 - INFO - BuildTower - OpenPoseThread: gaze frame_idx=328 ts=2025-12-19T15:42:38.809719Z people=2
2025-12-19 15:42:38,909 - INFO - BuildTower - OpenPoseThread: Gaze3D frame=328 id=left label=Left person v=[-0.459, 0.075, 0.886] yaw=-27.4 pitch=-4.3
2025-12-19 15:42:38,909 - INFO - BuildTower - OpenPoseThread: Gaze3D frame=328 id=right label=Right person v=[-0.462, -0.194, 0.866] yaw=-28.1 pitch=11.2
2025-12-19 15:42:39,564 - INFO - BuildTower - OpenPoseThread: gaze frame_idx=336 ts=2025-12-19T15:42:39.502031Z people=2
2025-12-19 15:42:39,564 - INFO - BuildTower - OpenPoseThread: Gaze3D frame=336 id=left label=Left person v=[-0.443, 0.246, 0.862] yaw=-27.2 pitch=-14.3
2025-12-19 15:42:39,564 - INFO - BuildTower - OpenPoseThread: Gaze3D frame=336 id=right label=Right person v=[-0.416, -0.117, 0.902] yaw=-24.8 pitch=6.7
2025-12-19 15:42:40,217 - INFO - BuildTower - OpenPoseThread: gaze frame_idx=344 ts=2025-12-19T15:42:40.211627Z people=2
2025-12-19 15:42:40,218 - INFO - BuildTower - OpenPoseThread: Gaze3D frame=344 id=left label=Left person v=[-0.386, -0.219, 0.896] yaw=-23.3 pitch=12.7
2025-12-19 15:42:40,218 - INFO - BuildTower - OpenPoseThread: Gaze3D frame=344 id=right label=Right person v=[-0.397, -0.300, 0.868] yaw=-24.6 pitch=17.4
2025-12-19 15:42:40,980 - INFO - BuildTower - OpenPoseThread: gaze frame_idx=352 ts=2025-12-19T15:42:40.921914Z people=2
2025-12-19 15:42:40,980 - INFO - BuildTower - OpenPoseThread: Gaze3D frame=352 id=left label=Left person v=[-0.491, 0.104, 0.865] yaw=-29.6 pitch=-6.0
2025-12-19 15:42:40,980 - INFO - BuildTower - OpenPoseThread: Gaze3D frame=352 id=right label=Right person v=[-0.377, -0.207, 0.903] yaw=-22.7 pitch=12.0
2025-12-19 15:42:41,634 - INFO - BuildTower - OpenPoseThread: gaze frame_idx=360 ts=2025-12-19T15:42:41.633176Z people=2
2025-12-19 15:42:41,634 - INFO - BuildTower - OpenPoseThread: Gaze3D frame=360 id=left label=Left person v=[-0.477, -0.061, 0.877] yaw=-28.5 pitch=3.5
2025-12-19 15:42:41,634 - INFO - BuildTower - OpenPoseThread: Gaze3D frame=360 id=right label=Right person v=[-0.417, -0.175, 0.892] yaw=-25.0 pitch=10.1
2025-12-19 15:42:42,125 - INFO - BuildTower - Robot action ended.
2025-12-19 15:42:42,125 - INFO - BuildTower - Attempting to go to position: x=0.3, y=0.3, z=0.3, theta_x=100.0, theta_y=0.0, theta_z=90.0
2025-12-19 15:42:42,125 - DEBUG - BuildTower - Set speed for pose: translation=1, orientation=100
2025-12-19 15:42:42,141 - INFO - BuildTower - Pose action initiated, waiting for completion.
2025-12-19 15:42:42,397 - INFO - BuildTower - OpenPoseThread: gaze frame_idx=368 ts=2025-12-19T15:42:42.344109Z people=2
2025-12-19 15:42:42,397 - INFO - BuildTower - OpenPoseThread: Gaze3D frame=368 id=left label=Left person v=[-0.470, -0.049, 0.881] yaw=-28.1 pitch=2.8
2025-12-19 15:42:42,397 - INFO - BuildTower - OpenPoseThread: Gaze3D frame=368 id=right label=Right person v=[-0.424, -0.146, 0.894] yaw=-25.4 pitch=8.4
2025-12-19 15:42:42,870 - INFO - BuildTower - Robot action ended.
2025-12-19 15:42:42,872 - INFO - BuildTower - Sending gripper command: value=0.7
2025-12-19 15:42:43,171 - INFO - BuildTower - OpenPoseThread: gaze frame_idx=376 ts=2025-12-19T15:42:43.066701Z people=2
2025-12-19 15:42:43,172 - INFO - BuildTower - OpenPoseThread: Gaze3D frame=376 id=left label=Left person v=[-0.515, -0.112, 0.850] yaw=-31.2 pitch=6.5
2025-12-19 15:42:43,172 - INFO - BuildTower - OpenPoseThread: Gaze3D frame=376 id=right label=Right person v=[-0.407, -0.219, 0.887] yaw=-24.6 pitch=12.7
2025-12-19 15:42:43,399 - INFO - BuildTower - Gripper command 0.7 sent successfully.
2025-12-19 15:42:43,402 - INFO - BuildTower - Attempting to go to position: x=0.3, y=0.3, z=0.435, theta_x=100.0, theta_y=0.0, theta_z=90.0
2025-12-19 15:42:43,402 - DEBUG - BuildTower - Set speed for pose: translation=1, orientation=100
2025-12-19 15:42:43,420 - INFO - BuildTower - Pose action initiated, waiting for completion.
2025-12-19 15:42:43,830 - INFO - BuildTower - OpenPoseThread: gaze frame_idx=384 ts=2025-12-19T15:42:43.758057Z people=2
2025-12-19 15:42:43,830 - INFO - BuildTower - OpenPoseThread: Gaze3D frame=384 id=left label=Left person v=[-0.446, -0.127, 0.886] yaw=-26.7 pitch=7.3
2025-12-19 15:42:43,830 - INFO - BuildTower - OpenPoseThread: Gaze3D frame=384 id=right label=Right person v=[-0.408, -0.204, 0.890] yaw=-24.6 pitch=11.8
2025-12-19 15:42:44,483 - INFO - BuildTower - OpenPoseThread: gaze frame_idx=392 ts=2025-12-19T15:42:44.465344Z people=2
2025-12-19 15:42:44,483 - INFO - BuildTower - OpenPoseThread: Gaze3D frame=392 id=left label=Left person v=[-0.397, -0.077, 0.915] yaw=-23.5 pitch=4.4
2025-12-19 15:42:44,483 - INFO - BuildTower - OpenPoseThread: Gaze3D frame=392 id=right label=Right person v=[-0.380, -0.191, 0.905] yaw=-22.8 pitch=11.0
2025-12-19 15:42:45,046 - INFO - BuildTower - Robot action ended.
2025-12-19 15:42:45,046 - INFO - BuildTower - Attempting to go to position: x=0.735, y=0.0, z=0.432, theta_x=100.0, theta_y=0.0, theta_z=90.0
2025-12-19 15:42:45,047 - DEBUG - BuildTower - Set speed for pose: translation=1, orientation=100
2025-12-19 15:42:45,069 - INFO - BuildTower - Pose action initiated, waiting for completion.
2025-12-19 15:42:45,248 - INFO - BuildTower - OpenPoseThread: gaze frame_idx=400 ts=2025-12-19T15:42:45.180115Z people=2
2025-12-19 15:42:45,248 - INFO - BuildTower - OpenPoseThread: Gaze3D frame=400 id=left label=Left person v=[-0.443, -0.038, 0.896] yaw=-26.3 pitch=2.2
2025-12-19 15:42:45,248 - INFO - BuildTower - OpenPoseThread: Gaze3D frame=400 id=right label=Right person v=[-0.440, -0.261, 0.859] yaw=-27.1 pitch=15.1
2025-12-19 15:42:45,900 - INFO - BuildTower - OpenPoseThread: gaze frame_idx=408 ts=2025-12-19T15:42:45.885154Z people=2
2025-12-19 15:42:45,901 - INFO - BuildTower - OpenPoseThread: Gaze3D frame=408 id=left label=Left person v=[-0.444, -0.115, 0.889] yaw=-26.5 pitch=6.6
2025-12-19 15:42:45,901 - INFO - BuildTower - OpenPoseThread: Gaze3D frame=408 id=right label=Right person v=[-0.448, -0.190, 0.874] yaw=-27.2 pitch=10.9
2025-12-19 15:42:46,558 - INFO - BuildTower - OpenPoseThread: gaze frame_idx=416 ts=2025-12-19T15:42:46.519250Z people=2
2025-12-19 15:42:46,558 - INFO - BuildTower - OpenPoseThread: Gaze3D frame=416 id=left label=Left person v=[-0.512, -0.085, 0.855] yaw=-30.9 pitch=4.9
2025-12-19 15:42:46,558 - INFO - BuildTower - OpenPoseThread: Gaze3D frame=416 id=right label=Right person v=[-0.552, -0.181, 0.814] yaw=-34.2 pitch=10.4
2025-12-19 15:42:47,223 - INFO - BuildTower - OpenPoseThread: gaze frame_idx=424 ts=2025-12-19T15:42:47.221596Z people=2
2025-12-19 15:42:47,223 - INFO - BuildTower - OpenPoseThread: Gaze3D frame=424 id=left label=Left person v=[-0.463, -0.008, 0.886] yaw=-27.6 pitch=0.5
2025-12-19 15:42:47,223 - INFO - BuildTower - OpenPoseThread: Gaze3D frame=424 id=right label=Right person v=[-0.560, -0.269, 0.784] yaw=-35.5 pitch=15.6
2025-12-19 15:42:47,986 - INFO - BuildTower - OpenPoseThread: gaze frame_idx=432 ts=2025-12-19T15:42:47.901422Z people=2
2025-12-19 15:42:47,986 - INFO - BuildTower - OpenPoseThread: Gaze3D frame=432 id=left label=Left person v=[-0.522, -0.035, 0.853] yaw=-31.5 pitch=2.0
2025-12-19 15:42:47,986 - INFO - BuildTower - OpenPoseThread: Gaze3D frame=432 id=right label=Right person v=[-0.557, -0.108, 0.823] yaw=-34.1 pitch=6.2
2025-12-19 15:42:48,638 - INFO - BuildTower - OpenPoseThread: gaze frame_idx=440 ts=2025-12-19T15:42:48.590813Z people=2
2025-12-19 15:42:48,638 - INFO - BuildTower - OpenPoseThread: Gaze3D frame=440 id=left label=Left person v=[-0.510, 0.281, 0.813] yaw=-32.1 pitch=-16.3
2025-12-19 15:42:48,638 - INFO - BuildTower - OpenPoseThread: Gaze3D frame=440 id=right label=Right person v=[-0.551, -0.255, 0.795] yaw=-34.7 pitch=14.8
2025-12-19 15:42:49,407 - INFO - BuildTower - OpenPoseThread: gaze frame_idx=448 ts=2025-12-19T15:42:49.306196Z people=2
2025-12-19 15:42:49,407 - INFO - BuildTower - OpenPoseThread: Gaze3D frame=448 id=left label=Left person v=[-0.456, 0.371, 0.809] yaw=-29.4 pitch=-21.8
2025-12-19 15:42:49,407 - INFO - BuildTower - OpenPoseThread: Gaze3D frame=448 id=right label=Right person v=[-0.593, -0.222, 0.774] yaw=-37.5 pitch=12.8
2025-12-19 15:42:50,064 - INFO - BuildTower - OpenPoseThread: gaze frame_idx=456 ts=2025-12-19T15:42:50.004468Z people=2
2025-12-19 15:42:50,064 - INFO - BuildTower - OpenPoseThread: Gaze3D frame=456 id=left label=Left person v=[-0.482, 0.131, 0.866] yaw=-29.1 pitch=-7.5
2025-12-19 15:42:50,064 - INFO - BuildTower - OpenPoseThread: Gaze3D frame=456 id=right label=Right person v=[-0.554, -0.160, 0.817] yaw=-34.1 pitch=9.2
2025-12-19 15:42:50,621 - INFO - BuildTower - Robot action ended.
2025-12-19 15:42:50,621 - INFO - BuildTower - Attempting to go to position: x=0.735, y=0.0, z=0.387, theta_x=100.0, theta_y=0.0, theta_z=90.0
2025-12-19 15:42:50,621 - DEBUG - BuildTower - Set speed for pose: translation=1, orientation=100
2025-12-19 15:42:50,642 - INFO - BuildTower - Pose action initiated, waiting for completion.
2025-12-19 15:42:50,720 - INFO - BuildTower - OpenPoseThread: gaze frame_idx=464 ts=2025-12-19T15:42:50.693814Z people=2
2025-12-19 15:42:50,720 - INFO - BuildTower - OpenPoseThread: Gaze3D frame=464 id=left label=Left person v=[-0.483, 0.045, 0.875] yaw=-28.9 pitch=-2.6
2025-12-19 15:42:50,720 - INFO - BuildTower - OpenPoseThread: Gaze3D frame=464 id=right label=Right person v=[-0.513, -0.326, 0.794] yaw=-32.9 pitch=19.0
2025-12-19 15:42:51,377 - INFO - BuildTower - Robot action ended.
2025-12-19 15:42:51,378 - INFO - BuildTower - Sending gripper command: value=0
2025-12-19 15:42:51,484 - INFO - BuildTower - OpenPoseThread: gaze frame_idx=472 ts=2025-12-19T15:42:51.425205Z people=2
2025-12-19 15:42:51,484 - INFO - BuildTower - OpenPoseThread: Gaze3D frame=472 id=left label=Left person v=[-0.429, 0.290, 0.856] yaw=-26.6 pitch=-16.9
2025-12-19 15:42:51,484 - INFO - BuildTower - OpenPoseThread: Gaze3D frame=472 id=right label=Right person v=[-0.555, -0.264, 0.789] yaw=-35.1 pitch=15.3
2025-12-19 15:42:51,895 - INFO - BuildTower - Gripper command 0 sent successfully.
2025-12-19 15:42:51,898 - INFO - BuildTower - Attempting to go to position: x=0.735, y=0.0, z=0.432, theta_x=100.0, theta_y=0.0, theta_z=90.0
2025-12-19 15:42:51,898 - DEBUG - BuildTower - Set speed for pose: translation=1, orientation=100
2025-12-19 15:42:51,918 - INFO - BuildTower - Pose action initiated, waiting for completion.
2025-12-19 15:42:52,143 - INFO - BuildTower - OpenPoseThread: gaze frame_idx=480 ts=2025-12-19T15:42:52.142139Z people=2
2025-12-19 15:42:52,143 - INFO - BuildTower - OpenPoseThread: Gaze3D frame=480 id=left label=Left person v=[-0.464, 0.142, 0.874] yaw=-28.0 pitch=-8.1
2025-12-19 15:42:52,143 - INFO - BuildTower - OpenPoseThread: Gaze3D frame=480 id=right label=Right person v=[-0.536, -0.108, 0.837] yaw=-32.6 pitch=6.2
2025-12-19 15:42:52,644 - INFO - BuildTower - Robot action ended.
2025-12-19 15:42:52,644 - INFO - BuildTower - Robot completed its turn. Robot turn count: 2
2025-12-19 15:42:52,644 - INFO - BuildTower - Executing turn 3 out of 9.
2025-12-19 15:42:52,644 - INFO - BuildTower - look_once_from_latest_gaze: target=left
2025-12-19 15:42:52,644 - INFO - BuildTower - Robot moving to look at person on the left.
2025-12-19 15:42:52,645 - INFO - BuildTower - Attempting to go to position: x=0.5, y=-0.08, z=0.5, theta_x=80, theta_y=0, theta_z=75
2025-12-19 15:42:52,645 - DEBUG - BuildTower - Set speed for pose: translation=1, orientation=100
2025-12-19 15:42:52,667 - INFO - BuildTower - Pose sent (non-blocking).
2025-12-19 15:42:52,667 - INFO - BuildTower - Sending to OpenPose (via thread): PR: Arm Extended Check
2025-12-19 15:42:52,667 - INFO - BuildTower - OpenPoseThread: sending cmd: PR: Arm Extended Check
2025-12-19 15:42:52,841 - INFO - BuildTower - OpenPoseThread: gaze frame_idx=488 ts=2025-12-19T15:42:52.840458Z people=2
2025-12-19 15:42:52,841 - INFO - BuildTower - OpenPoseThread: Gaze3D frame=488 id=left label=Left person v=[-0.486, 0.125, 0.865] yaw=-29.3 pitch=-7.2
2025-12-19 15:42:52,841 - INFO - BuildTower - OpenPoseThread: Gaze3D frame=488 id=right label=Right person v=[-0.511, -0.340, 0.789] yaw=-33.0 pitch=19.9
2025-12-19 15:42:53,533 - INFO - BuildTower - OpenPoseThread: gaze frame_idx=496 ts=2025-12-19T15:42:53.531798Z people=2
2025-12-19 15:42:53,533 - INFO - BuildTower - OpenPoseThread: Gaze3D frame=496 id=left label=Left person v=[-0.456, 0.286, 0.843] yaw=-28.4 pitch=-16.6
2025-12-19 15:42:53,533 - INFO - BuildTower - OpenPoseThread: Gaze3D frame=496 id=right label=Right person v=[-0.261, -0.331, 0.907] yaw=-16.1 pitch=19.4
2025-12-19 15:42:54,239 - INFO - BuildTower - OpenPoseThread: gaze frame_idx=504 ts=2025-12-19T15:42:54.237174Z people=2
2025-12-19 15:42:54,239 - INFO - BuildTower - OpenPoseThread: Gaze3D frame=504 id=left label=Left person v=[-0.456, 0.296, 0.839] yaw=-28.5 pitch=-17.2
2025-12-19 15:42:54,239 - INFO - BuildTower - OpenPoseThread: Gaze3D frame=504 id=right label=Right person v=[-0.692, -0.233, 0.683] yaw=-45.3 pitch=13.5
2025-12-19 15:42:54,947 - INFO - BuildTower - OpenPoseThread: gaze frame_idx=512 ts=2025-12-19T15:42:54.946209Z people=2
2025-12-19 15:42:54,947 - INFO - BuildTower - OpenPoseThread: Gaze3D frame=512 id=left label=Left person v=[-0.481, 0.327, 0.814] yaw=-30.6 pitch=-19.1
2025-12-19 15:42:54,947 - INFO - BuildTower - OpenPoseThread: Gaze3D frame=512 id=right label=Right person v=[-0.567, -0.224, 0.793] yaw=-35.6 pitch=12.9
2025-12-19 15:42:55,623 - INFO - BuildTower - OpenPoseThread: gaze frame_idx=520 ts=2025-12-19T15:42:55.622218Z people=2
2025-12-19 15:42:55,623 - INFO - BuildTower - OpenPoseThread: Gaze3D frame=520 id=left label=Left person v=[-0.442, 0.166, 0.882] yaw=-26.6 pitch=-9.6
2025-12-19 15:42:55,623 - INFO - BuildTower - OpenPoseThread: Gaze3D frame=520 id=right label=Right person v=[-0.583, -0.025, 0.812] yaw=-35.7 pitch=1.4
2025-12-19 15:42:56,302 - INFO - BuildTower - OpenPoseThread: gaze frame_idx=528 ts=2025-12-19T15:42:56.301785Z people=2
2025-12-19 15:42:56,302 - INFO - BuildTower - OpenPoseThread: Gaze3D frame=528 id=left label=Left person v=[-0.369, 0.006, 0.930] yaw=-21.6 pitch=-0.3
2025-12-19 15:42:56,302 - INFO - BuildTower - OpenPoseThread: Gaze3D frame=528 id=right label=Right person v=[-0.382, -0.082, 0.921] yaw=-22.5 pitch=4.7
2025-12-19 15:42:56,963 - INFO - BuildTower - OpenPoseThread: gaze frame_idx=536 ts=2025-12-19T15:42:56.962112Z people=2
2025-12-19 15:42:56,963 - INFO - BuildTower - OpenPoseThread: Gaze3D frame=536 id=left label=Left person v=[-0.392, 0.162, 0.906] yaw=-23.4 pitch=-9.3
2025-12-19 15:42:56,963 - INFO - BuildTower - OpenPoseThread: Gaze3D frame=536 id=right label=Right person v=[-0.378, 0.009, 0.926] yaw=-22.2 pitch=-0.5
2025-12-19 15:42:57,657 - INFO - BuildTower - OpenPoseThread: gaze frame_idx=544 ts=2025-12-19T15:42:57.656234Z people=2
2025-12-19 15:42:57,657 - INFO - BuildTower - OpenPoseThread: Gaze3D frame=544 id=left label=Left person v=[-0.382, 0.166, 0.909] yaw=-22.8 pitch=-9.5
2025-12-19 15:42:57,657 - INFO - BuildTower - OpenPoseThread: Gaze3D frame=544 id=right label=Right person v=[-0.613, -0.045, 0.789] yaw=-37.8 pitch=2.6
2025-12-19 15:42:57,893 - INFO - BuildTower - OpenPoseThread: received reply: Right: Arm Extended
2025-12-19 15:42:57,893 - INFO - BuildTower - look_once_from_latest_gaze: target=left
2025-12-19 15:42:57,893 - INFO - BuildTower - Robot moving to look at person on the left.
2025-12-19 15:42:57,894 - INFO - BuildTower - Attempting to go to position: x=0.5, y=-0.08, z=0.5, theta_x=80, theta_y=0, theta_z=75
2025-12-19 15:42:57,894 - DEBUG - BuildTower - Set speed for pose: translation=1, orientation=100
2025-12-19 15:42:57,919 - INFO - BuildTower - Pose sent (non-blocking).
2025-12-19 15:42:57,919 - INFO - BuildTower - Sending to OpenPose (via thread): PR: Arm Retracted Check
2025-12-19 15:42:57,920 - INFO - BuildTower - OpenPoseThread: sending cmd: PR: Arm Retracted Check
2025-12-19 15:42:57,966 - INFO - BuildTower - OpenPoseThread: received reply: Right: Arm Retracted
2025-12-19 15:42:57,967 - INFO - BuildTower - Executing turn 4 out of 9.
2025-12-19 15:42:57,967 - INFO - BuildTower - look_once_from_latest_gaze: target=left
2025-12-19 15:42:57,967 - INFO - BuildTower - Robot moving to look at person on the left.
2025-12-19 15:42:57,967 - INFO - BuildTower - Attempting to go to position: x=0.5, y=-0.08, z=0.5, theta_x=80, theta_y=0, theta_z=75
2025-12-19 15:42:57,968 - DEBUG - BuildTower - Set speed for pose: translation=1, orientation=100
2025-12-19 15:42:57,995 - INFO - BuildTower - Pose sent (non-blocking).
2025-12-19 15:42:57,995 - INFO - BuildTower - Sending to OpenPose (via thread): PL: Arm Extended Check
2025-12-19 15:42:57,996 - INFO - BuildTower - OpenPoseThread: sending cmd: PL: Arm Extended Check
2025-12-19 15:42:58,359 - INFO - BuildTower - OpenPoseThread: gaze frame_idx=552 ts=2025-12-19T15:42:58.358029Z people=2
2025-12-19 15:42:58,359 - INFO - BuildTower - OpenPoseThread: Gaze3D frame=552 id=left label=Left person v=[-0.413, 0.179, 0.893] yaw=-24.8 pitch=-10.3
2025-12-19 15:42:58,359 - INFO - BuildTower - OpenPoseThread: Gaze3D frame=552 id=right label=Right person v=[-0.513, -0.448, 0.732] yaw=-35.0 pitch=26.6
2025-12-19 15:42:59,077 - INFO - BuildTower - OpenPoseThread: gaze frame_idx=560 ts=2025-12-19T15:42:59.076561Z people=2
2025-12-19 15:42:59,077 - INFO - BuildTower - OpenPoseThread: Gaze3D frame=560 id=left label=Left person v=[-0.537, 0.148, 0.830] yaw=-32.9 pitch=-8.5
2025-12-19 15:42:59,077 - INFO - BuildTower - OpenPoseThread: Gaze3D frame=560 id=right label=Right person v=[-0.474, -0.347, 0.809] yaw=-30.4 pitch=20.3
2025-12-19 15:42:59,784 - INFO - BuildTower - OpenPoseThread: gaze frame_idx=568 ts=2025-12-19T15:42:59.775533Z people=2
2025-12-19 15:42:59,784 - INFO - BuildTower - OpenPoseThread: Gaze3D frame=568 id=left label=Left person v=[-0.634, -0.132, 0.762] yaw=-39.8 pitch=7.6
2025-12-19 15:42:59,784 - INFO - BuildTower - OpenPoseThread: Gaze3D frame=568 id=right label=Right person v=[-0.377, -0.046, 0.925] yaw=-22.2 pitch=2.6
2025-12-19 15:43:00,484 - INFO - BuildTower - OpenPoseThread: gaze frame_idx=576 ts=2025-12-19T15:43:00.483344Z people=2
2025-12-19 15:43:00,484 - INFO - BuildTower - OpenPoseThread: Gaze3D frame=576 id=left label=Left person v=[-0.603, 0.124, 0.788] yaw=-37.4 pitch=-7.1
2025-12-19 15:43:00,484 - INFO - BuildTower - OpenPoseThread: Gaze3D frame=576 id=right label=Right person v=[-0.264, -0.322, 0.909] yaw=-16.2 pitch=18.8
2025-12-19 15:43:00,549 - INFO - BuildTower - OpenPoseThread: received reply: Left: Arm Extended
2025-12-19 15:43:00,550 - INFO - BuildTower - Sending to OpenPose (via thread): PL: Arm Retracted Check
2025-12-19 15:43:00,550 - INFO - BuildTower - OpenPoseThread: sending cmd: PL: Arm Retracted Check
2025-12-19 15:43:00,614 - INFO - BuildTower - OpenPoseThread: received reply: Left: Arm Retracted
2025-12-19 15:43:00,614 - INFO - BuildTower - Executing turn 5 out of 9.
2025-12-19 15:43:00,615 - INFO - BuildTower - look_once_from_latest_gaze: target=left
2025-12-19 15:43:00,615 - INFO - BuildTower - Robot moving to look at person on the left.
2025-12-19 15:43:00,615 - INFO - BuildTower - Attempting to go to position: x=0.5, y=-0.08, z=0.5, theta_x=80, theta_y=0, theta_z=75
2025-12-19 15:43:00,615 - DEBUG - BuildTower - Set speed for pose: translation=1, orientation=100
2025-12-19 15:43:00,642 - INFO - BuildTower - Pose sent (non-blocking).
2025-12-19 15:43:00,642 - INFO - BuildTower - Sending to OpenPose (via thread): PR: Arm Extended Check
2025-12-19 15:43:00,642 - INFO - BuildTower - OpenPoseThread: sending cmd: PR: Arm Extended Check
2025-12-19 15:43:01,199 - INFO - BuildTower - OpenPoseThread: gaze frame_idx=584 ts=2025-12-19T15:43:01.198228Z people=2
2025-12-19 15:43:01,199 - INFO - BuildTower - OpenPoseThread: Gaze3D frame=584 id=left label=Left person v=[-0.570, 0.160, 0.806] yaw=-35.3 pitch=-9.2
2025-12-19 15:43:01,199 - INFO - BuildTower - OpenPoseThread: Gaze3D frame=584 id=right label=Right person v=[-0.422, -0.230, 0.877] yaw=-25.7 pitch=13.3
2025-12-19 15:43:01,929 - INFO - BuildTower - OpenPoseThread: gaze frame_idx=592 ts=2025-12-19T15:43:01.928081Z people=2
2025-12-19 15:43:01,929 - INFO - BuildTower - OpenPoseThread: Gaze3D frame=592 id=left label=Left person v=[-0.497, 0.098, 0.862] yaw=-30.0 pitch=-5.6
2025-12-19 15:43:01,929 - INFO - BuildTower - OpenPoseThread: Gaze3D frame=592 id=right label=Right person v=[-0.350, -0.061, 0.935] yaw=-20.6 pitch=3.5
2025-12-19 15:43:02,643 - INFO - BuildTower - OpenPoseThread: gaze frame_idx=600 ts=2025-12-19T15:43:02.642175Z people=2
2025-12-19 15:43:02,643 - INFO - BuildTower - OpenPoseThread: Gaze3D frame=600 id=left label=Left person v=[-0.431, 0.217, 0.876] yaw=-26.2 pitch=-12.5
2025-12-19 15:43:02,643 - INFO - BuildTower - OpenPoseThread: Gaze3D frame=600 id=right label=Right person v=[-0.122, -0.375, 0.919] yaw=-7.6 pitch=22.0
2025-12-19 15:43:03,330 - INFO - BuildTower - OpenPoseThread: gaze frame_idx=608 ts=2025-12-19T15:43:03.329288Z people=2
2025-12-19 15:43:03,330 - INFO - BuildTower - OpenPoseThread: Gaze3D frame=608 id=left label=Left person v=[-0.422, -0.256, 0.870] yaw=-25.9 pitch=14.8
2025-12-19 15:43:03,330 - INFO - BuildTower - OpenPoseThread: Gaze3D frame=608 id=right label=Right person v=[-0.255, -0.353, 0.900] yaw=-15.8 pitch=20.7
2025-12-19 15:43:04,002 - INFO - BuildTower - OpenPoseThread: gaze frame_idx=616 ts=2025-12-19T15:43:04.000959Z people=2
2025-12-19 15:43:04,002 - INFO - BuildTower - OpenPoseThread: Gaze3D frame=616 id=left label=Left person v=[-0.476, 0.472, 0.742] yaw=-32.7 pitch=-28.2
2025-12-19 15:43:04,002 - INFO - BuildTower - OpenPoseThread: Gaze3D frame=616 id=right label=Right person v=[-0.282, -0.714, 0.641] yaw=-23.7 pitch=45.5
2025-12-19 15:43:04,698 - INFO - BuildTower - OpenPoseThread: gaze frame_idx=624 ts=2025-12-19T15:43:04.697470Z people=2
2025-12-19 15:43:04,699 - INFO - BuildTower - OpenPoseThread: Gaze3D frame=624 id=left label=Left person v=[-0.455, 0.036, 0.890] yaw=-27.1 pitch=-2.1
2025-12-19 15:43:04,699 - INFO - BuildTower - OpenPoseThread: Gaze3D frame=624 id=right label=Right person v=[0.001, -0.393, 0.920] yaw=0.0 pitch=23.1
2025-12-19 15:43:05,392 - INFO - BuildTower - OpenPoseThread: gaze frame_idx=632 ts=2025-12-19T15:43:05.390831Z people=2
2025-12-19 15:43:05,392 - INFO - BuildTower - OpenPoseThread: Gaze3D frame=632 id=left label=Left person v=[-0.458, -0.004, 0.889] yaw=-27.3 pitch=0.2
2025-12-19 15:43:05,392 - INFO - BuildTower - OpenPoseThread: Gaze3D frame=632 id=right label=Right person v=[-0.315, -0.389, 0.866] yaw=-20.0 pitch=22.9
2025-12-19 15:43:06,065 - INFO - BuildTower - OpenPoseThread: gaze frame_idx=640 ts=2025-12-19T15:43:06.063843Z people=2
2025-12-19 15:43:06,065 - INFO - BuildTower - OpenPoseThread: Gaze3D frame=640 id=left label=Left person v=[-0.429, -0.047, 0.902] yaw=-25.4 pitch=2.7
2025-12-19 15:43:06,065 - INFO - BuildTower - OpenPoseThread: Gaze3D frame=640 id=right label=Right person v=[-0.399, -0.198, 0.895] yaw=-24.0 pitch=11.4
2025-12-19 15:43:06,747 - INFO - BuildTower - OpenPoseThread: gaze frame_idx=648 ts=2025-12-19T15:43:06.746591Z people=2
2025-12-19 15:43:06,748 - INFO - BuildTower - OpenPoseThread: Gaze3D frame=648 id=left label=Left person v=[-0.417, -0.428, 0.802] yaw=-27.5 pitch=25.3
2025-12-19 15:43:06,748 - INFO - BuildTower - OpenPoseThread: Gaze3D frame=648 id=right label=Right person v=[-0.330, -0.266, 0.906] yaw=-20.0 pitch=15.4
2025-12-19 15:43:07,447 - INFO - BuildTower - OpenPoseThread: gaze frame_idx=656 ts=2025-12-19T15:43:07.446574Z people=2
2025-12-19 15:43:07,448 - INFO - BuildTower - OpenPoseThread: Gaze3D frame=656 id=left label=Left person v=[-0.364, 0.246, 0.898] yaw=-22.1 pitch=-14.3
2025-12-19 15:43:07,448 - INFO - BuildTower - OpenPoseThread: Gaze3D frame=656 id=right label=Right person v=[-0.040, -0.261, 0.965] yaw=-2.3 pitch=15.1
2025-12-19 15:43:08,158 - INFO - BuildTower - OpenPoseThread: gaze frame_idx=664 ts=2025-12-19T15:43:08.157595Z people=2
2025-12-19 15:43:08,159 - INFO - BuildTower - OpenPoseThread: Gaze3D frame=664 id=left label=Left person v=[-0.451, 0.231, 0.862] yaw=-27.6 pitch=-13.4
2025-12-19 15:43:08,159 - INFO - BuildTower - OpenPoseThread: Gaze3D frame=664 id=right label=Right person v=[-0.459, -0.199, 0.866] yaw=-27.9 pitch=11.5
2025-12-19 15:43:08,615 - INFO - BuildTower - OpenPoseThread: received reply: Right: Arm Extended
2025-12-19 15:43:08,616 - INFO - BuildTower - look_once_from_latest_gaze: target=left
2025-12-19 15:43:08,616 - INFO - BuildTower - Robot moving to look at person on the left.
2025-12-19 15:43:08,616 - INFO - BuildTower - Attempting to go to position: x=0.5, y=-0.08, z=0.5, theta_x=80, theta_y=0, theta_z=75
2025-12-19 15:43:08,616 - DEBUG - BuildTower - Set speed for pose: translation=1, orientation=100
2025-12-19 15:43:08,646 - INFO - BuildTower - Pose sent (non-blocking).
2025-12-19 15:43:08,647 - INFO - BuildTower - Sending to OpenPose (via thread): PR: Arm Retracted Check
2025-12-19 15:43:08,647 - INFO - BuildTower - OpenPoseThread: sending cmd: PR: Arm Retracted Check
2025-12-19 15:43:08,874 - INFO - BuildTower - OpenPoseThread: gaze frame_idx=672 ts=2025-12-19T15:43:08.873142Z people=2
2025-12-19 15:43:08,874 - INFO - BuildTower - OpenPoseThread: Gaze3D frame=672 id=left label=Left person v=[-0.406, 0.400, 0.822] yaw=-26.3 pitch=-23.6
2025-12-19 15:43:08,875 - INFO - BuildTower - OpenPoseThread: Gaze3D frame=672 id=right label=Right person v=[-0.455, -0.230, 0.860] yaw=-27.9 pitch=13.3
2025-12-19 15:43:08,875 - INFO - BuildTower - OpenPoseThread: received reply: Right: Arm Retracted
2025-12-19 15:43:08,875 - INFO - BuildTower - Executing turn 6 out of 9.
2025-12-19 15:43:08,875 - INFO - BuildTower - look_once_from_latest_gaze: target=None
2025-12-19 15:43:08,876 - INFO - BuildTower - Robot moving to look at tower.
2025-12-19 15:43:08,876 - INFO - BuildTower - Attempting to go to position: x=0.5, y=0, z=0.3, theta_x=110, theta_y=0, theta_z=90
2025-12-19 15:43:08,876 - DEBUG - BuildTower - Set speed for pose: translation=1, orientation=100
2025-12-19 15:43:08,892 - INFO - BuildTower - Pose sent (non-blocking).
2025-12-19 15:43:08,892 - INFO - BuildTower - Sending to OpenPose (via thread): PL: Arm Extended Check
2025-12-19 15:43:08,893 - INFO - BuildTower - OpenPoseThread: sending cmd: PL: Arm Extended Check
2025-12-19 15:43:09,124 - INFO - BuildTower - OpenPoseThread: received reply: Left: Arm Extended
2025-12-19 15:43:09,124 - INFO - BuildTower - Sending to OpenPose (via thread): PL: Arm Retracted Check
2025-12-19 15:43:09,124 - INFO - BuildTower - OpenPoseThread: sending cmd: PL: Arm Retracted Check
2025-12-19 15:43:09,184 - INFO - BuildTower - OpenPoseThread: received reply: Left: Arm Retracted
2025-12-19 15:43:09,184 - INFO - BuildTower - Executing turn 7 out of 9.
2025-12-19 15:43:09,184 - INFO - BuildTower - look_once_from_latest_gaze: target=None
2025-12-19 15:43:09,184 - INFO - BuildTower - Robot moving to look at tower.
2025-12-19 15:43:09,185 - INFO - BuildTower - Attempting to go to position: x=0.5, y=0, z=0.3, theta_x=110, theta_y=0, theta_z=90
2025-12-19 15:43:09,185 - DEBUG - BuildTower - Set speed for pose: translation=1, orientation=100
2025-12-19 15:43:09,193 - INFO - BuildTower - Pose sent (non-blocking).
2025-12-19 15:43:09,193 - INFO - BuildTower - Sending to OpenPose (via thread): PR: Arm Extended Check
2025-12-19 15:43:09,193 - INFO - BuildTower - OpenPoseThread: sending cmd: PR: Arm Extended Check
2025-12-19 15:43:09,249 - INFO - BuildTower - OpenPoseThread: received reply: Right: Arm Extended
2025-12-19 15:43:09,249 - INFO - BuildTower - Sending to OpenPose (via thread): PR: Arm Retracted Check
2025-12-19 15:43:09,250 - INFO - BuildTower - OpenPoseThread: sending cmd: PR: Arm Retracted Check
2025-12-19 15:43:09,312 - INFO - BuildTower - OpenPoseThread: received reply: Right: Arm Retracted
2025-12-19 15:43:09,313 - INFO - BuildTower - Executing turn 8 out of 9.
2025-12-19 15:43:09,313 - INFO - BuildTower - Moving block from start 0.28 to target 0.643. Turn: 8, Block Shape: 3
2025-12-19 15:43:09,316 - INFO - BuildTower - Sending gripper command: value=0
2025-12-19 15:43:09,634 - INFO - BuildTower - OpenPoseThread: gaze frame_idx=680 ts=2025-12-19T15:43:09.569252Z people=2
2025-12-19 15:43:09,634 - INFO - BuildTower - OpenPoseThread: Gaze3D frame=680 id=left label=Left person v=[-0.511, 0.120, 0.851] yaw=-31.0 pitch=-6.9
2025-12-19 15:43:09,634 - INFO - BuildTower - OpenPoseThread: Gaze3D frame=680 id=right label=Right person v=[-0.521, -0.445, 0.729] yaw=-35.6 pitch=26.4
2025-12-19 15:43:09,843 - INFO - BuildTower - Gripper command 0 sent successfully.
2025-12-19 15:43:09,845 - INFO - BuildTower - Attempting to go to position: x=0.5, y=-0.2, z=0.325, theta_x=100.0, theta_y=0.0, theta_z=90.0
2025-12-19 15:43:09,846 - DEBUG - BuildTower - Set speed for pose: translation=1, orientation=100
2025-12-19 15:43:09,870 - INFO - BuildTower - Pose action initiated, waiting for completion.
2025-12-19 15:43:10,290 - INFO - BuildTower - OpenPoseThread: gaze frame_idx=688 ts=2025-12-19T15:43:10.259065Z people=2
2025-12-19 15:43:10,290 - INFO - BuildTower - OpenPoseThread: Gaze3D frame=688 id=left label=Left person v=[-0.459, 0.214, 0.862] yaw=-28.0 pitch=-12.3
2025-12-19 15:43:10,290 - INFO - BuildTower - OpenPoseThread: Gaze3D frame=688 id=right label=Right person v=[-0.397, -0.629, 0.668] yaw=-30.7 pitch=39.0
2025-12-19 15:43:10,942 - INFO - BuildTower - OpenPoseThread: gaze frame_idx=696 ts=2025-12-19T15:43:10.916920Z people=2
2025-12-19 15:43:10,942 - INFO - BuildTower - OpenPoseThread: Gaze3D frame=696 id=left label=Left person v=[-0.486, 0.157, 0.860] yaw=-29.5 pitch=-9.0
2025-12-19 15:43:10,942 - INFO - BuildTower - OpenPoseThread: Gaze3D frame=696 id=right label=Right person v=[-0.038, -0.411, 0.911] yaw=-2.4 pitch=24.2
2025-12-19 15:43:11,602 - INFO - BuildTower - OpenPoseThread: gaze frame_idx=704 ts=2025-12-19T15:43:11.569646Z people=2
2025-12-19 15:43:11,602 - INFO - BuildTower - OpenPoseThread: Gaze3D frame=704 id=left label=Left person v=[-0.490, 0.204, 0.848] yaw=-30.0 pitch=-11.8
2025-12-19 15:43:11,603 - INFO - BuildTower - OpenPoseThread: Gaze3D frame=704 id=right label=Right person v=[-0.596, -0.130, 0.792] yaw=-37.0 pitch=7.5
2025-12-19 15:43:12,255 - INFO - BuildTower - OpenPoseThread: gaze frame_idx=712 ts=2025-12-19T15:43:12.239667Z people=2
2025-12-19 15:43:12,255 - INFO - BuildTower - OpenPoseThread: Gaze3D frame=712 id=left label=Left person v=[-0.318, -0.244, 0.916] yaw=-19.2 pitch=14.1
2025-12-19 15:43:12,255 - INFO - BuildTower - OpenPoseThread: Gaze3D frame=712 id=right label=Right person v=[-0.528, -0.373, 0.763] yaw=-34.6 pitch=21.9
2025-12-19 15:43:13,020 - INFO - BuildTower - OpenPoseThread: gaze frame_idx=720 ts=2025-12-19T15:43:12.951247Z people=2
2025-12-19 15:43:13,020 - INFO - BuildTower - OpenPoseThread: Gaze3D frame=720 id=left label=Left person v=[-0.449, 0.417, 0.791] yaw=-29.6 pitch=-24.6
2025-12-19 15:43:13,020 - INFO - BuildTower - OpenPoseThread: Gaze3D frame=720 id=right label=Right person v=[-0.110, -0.337, 0.935] yaw=-6.7 pitch=19.7
2025-12-19 15:43:13,684 - INFO - BuildTower - OpenPoseThread: gaze frame_idx=728 ts=2025-12-19T15:43:13.622778Z people=2
2025-12-19 15:43:13,684 - INFO - BuildTower - OpenPoseThread: Gaze3D frame=728 id=left label=Left person v=[-0.484, -0.029, 0.874] yaw=-29.0 pitch=1.7
2025-12-19 15:43:13,684 - INFO - BuildTower - OpenPoseThread: Gaze3D frame=728 id=right label=Right person v=[-0.284, -0.125, 0.951] yaw=-16.6 pitch=7.2
2025-12-19 15:43:13,774 - INFO - BuildTower - Robot action ended.
2025-12-19 15:43:13,774 - INFO - BuildTower - Attempting to go to position: x=0.5, y=-0.2, z=0.28, theta_x=100.0, theta_y=0.0, theta_z=90.0
2025-12-19 15:43:13,775 - DEBUG - BuildTower - Set speed for pose: translation=1, orientation=100
2025-12-19 15:43:13,804 - INFO - BuildTower - Pose action initiated, waiting for completion.
2025-12-19 15:43:14,339 - INFO - BuildTower - OpenPoseThread: gaze frame_idx=736 ts=2025-12-19T15:43:14.308367Z people=2
2025-12-19 15:43:14,339 - INFO - BuildTower - OpenPoseThread: Gaze3D frame=736 id=left label=Left person v=[-0.349, -0.239, 0.906] yaw=-21.0 pitch=13.8
2025-12-19 15:43:14,339 - INFO - BuildTower - OpenPoseThread: Gaze3D frame=736 id=right label=Right person v=[-0.227, -0.125, 0.966] yaw=-13.2 pitch=7.2
2025-12-19 15:43:14,524 - INFO - BuildTower - Robot action ended.
2025-12-19 15:43:14,526 - INFO - BuildTower - Sending gripper command: value=0.2
2025-12-19 15:43:14,995 - INFO - BuildTower - OpenPoseThread: gaze frame_idx=744 ts=2025-12-19T15:43:14.970108Z people=2
2025-12-19 15:43:14,995 - INFO - BuildTower - OpenPoseThread: Gaze3D frame=744 id=left label=Left person v=[-0.399, -0.339, 0.852] yaw=-25.1 pitch=19.8
2025-12-19 15:43:14,996 - INFO - BuildTower - OpenPoseThread: Gaze3D frame=744 id=right label=Right person v=[-0.238, -0.086, 0.967] yaw=-13.8 pitch=4.9
2025-12-19 15:43:15,043 - INFO - BuildTower - Gripper command 0.2 sent successfully.
2025-12-19 15:43:15,046 - INFO - BuildTower - Attempting to go to position: x=0.5, y=-0.2, z=0.685, theta_x=100.0, theta_y=0.0, theta_z=90.0
2025-12-19 15:43:15,046 - DEBUG - BuildTower - Set speed for pose: translation=1, orientation=100
2025-12-19 15:43:15,074 - INFO - BuildTower - Pose action initiated, waiting for completion.
2025-12-19 15:43:15,759 - INFO - BuildTower - OpenPoseThread: gaze frame_idx=752 ts=2025-12-19T15:43:15.657070Z people=2
2025-12-19 15:43:15,759 - INFO - BuildTower - OpenPoseThread: Gaze3D frame=752 id=left label=Left person v=[-0.376, -0.395, 0.838] yaw=-24.2 pitch=23.3
2025-12-19 15:43:15,760 - INFO - BuildTower - OpenPoseThread: Gaze3D frame=752 id=right label=Right person v=[-0.181, -0.171, 0.969] yaw=-10.6 pitch=9.8
2025-12-19 15:43:16,415 - INFO - BuildTower - OpenPoseThread: gaze frame_idx=760 ts=2025-12-19T15:43:16.384388Z people=2
2025-12-19 15:43:16,415 - INFO - BuildTower - OpenPoseThread: Gaze3D frame=760 id=left label=Left person v=[-0.436, -0.344, 0.831] yaw=-27.7 pitch=20.1
2025-12-19 15:43:16,416 - INFO - BuildTower - OpenPoseThread: Gaze3D frame=760 id=right label=Right person v=[-0.466, -0.409, 0.784] yaw=-30.7 pitch=24.2
2025-12-19 15:43:17,072 - INFO - BuildTower - OpenPoseThread: gaze frame_idx=768 ts=2025-12-19T15:43:17.049001Z people=2
2025-12-19 15:43:17,072 - INFO - BuildTower - OpenPoseThread: Gaze3D frame=768 id=left label=Left person v=[-0.379, 0.171, 0.909] yaw=-22.6 pitch=-9.8
2025-12-19 15:43:17,072 - INFO - BuildTower - OpenPoseThread: Gaze3D frame=768 id=right label=Right person v=[-0.511, -0.601, 0.614] yaw=-39.8 pitch=37.0
2025-12-19 15:43:17,724 - INFO - BuildTower - OpenPoseThread: gaze frame_idx=776 ts=2025-12-19T15:43:17.705303Z people=2
2025-12-19 15:43:17,725 - INFO - BuildTower - OpenPoseThread: Gaze3D frame=776 id=left label=Left person v=[-0.301, 0.254, 0.919] yaw=-18.1 pitch=-14.7
2025-12-19 15:43:17,725 - INFO - BuildTower - OpenPoseThread: Gaze3D frame=776 id=right label=Right person v=[-0.522, -0.549, 0.653] yaw=-38.7 pitch=33.3
2025-12-19 15:43:18,491 - INFO - BuildTower - OpenPoseThread: gaze frame_idx=784 ts=2025-12-19T15:43:18.391890Z people=2
2025-12-19 15:43:18,491 - INFO - BuildTower - OpenPoseThread: Gaze3D frame=784 id=left label=Left person v=[-0.289, 0.351, 0.891] yaw=-18.0 pitch=-20.6
2025-12-19 15:43:18,492 - INFO - BuildTower - OpenPoseThread: Gaze3D frame=784 id=right label=Right person v=[-0.625, -0.245, 0.741] yaw=-40.1 pitch=14.2
2025-12-19 15:43:19,152 - INFO - BuildTower - OpenPoseThread: gaze frame_idx=792 ts=2025-12-19T15:43:19.079466Z people=2
2025-12-19 15:43:19,152 - INFO - BuildTower - OpenPoseThread: Gaze3D frame=792 id=left label=Left person v=[-0.347, 0.186, 0.919] yaw=-20.7 pitch=-10.7
2025-12-19 15:43:19,153 - INFO - BuildTower - OpenPoseThread: Gaze3D frame=792 id=right label=Right person v=[-0.322, -0.008, 0.947] yaw=-18.8 pitch=0.5
2025-12-19 15:43:19,405 - INFO - BuildTower - Robot action ended.
2025-12-19 15:43:19,405 - INFO - BuildTower - Attempting to go to position: x=0.737, y=0.0, z=0.6880000000000001, theta_x=100.0, theta_y=0.0, theta_z=90.0
2025-12-19 15:43:19,405 - DEBUG - BuildTower - Set speed for pose: translation=1, orientation=100
2025-12-19 15:43:19,420 - INFO - BuildTower - Pose action initiated, waiting for completion.
2025-12-19 15:43:19,805 - INFO - BuildTower - OpenPoseThread: gaze frame_idx=800 ts=2025-12-19T15:43:19.776496Z people=2
2025-12-19 15:43:19,805 - INFO - BuildTower - OpenPoseThread: Gaze3D frame=800 id=left label=Left person v=[-0.306, 0.267, 0.914] yaw=-18.5 pitch=-15.5
2025-12-19 15:43:19,805 - INFO - BuildTower - OpenPoseThread: Gaze3D frame=800 id=right label=Right person v=[-0.119, -0.086, 0.989] yaw=-6.8 pitch=4.9
2025-12-19 15:43:20,567 - INFO - BuildTower - OpenPoseThread: gaze frame_idx=808 ts=2025-12-19T15:43:20.512084Z people=2
2025-12-19 15:43:20,567 - INFO - BuildTower - OpenPoseThread: Gaze3D frame=808 id=left label=Left person v=[-0.373, 0.289, 0.882] yaw=-22.9 pitch=-16.8
2025-12-19 15:43:20,568 - INFO - BuildTower - OpenPoseThread: Gaze3D frame=808 id=right label=Right person v=[-0.315, -0.225, 0.922] yaw=-18.8 pitch=13.0
2025-12-19 15:43:21,220 - INFO - BuildTower - OpenPoseThread: gaze frame_idx=816 ts=2025-12-19T15:43:21.212428Z people=2
2025-12-19 15:43:21,220 - INFO - BuildTower - OpenPoseThread: Gaze3D frame=816 id=left label=Left person v=[-0.476, 0.101, 0.874] yaw=-28.6 pitch=-5.8
2025-12-19 15:43:21,220 - INFO - BuildTower - OpenPoseThread: Gaze3D frame=816 id=right label=Right person v=[-0.172, -0.067, 0.983] yaw=-9.9 pitch=3.9
2025-12-19 15:43:21,987 - INFO - BuildTower - OpenPoseThread: gaze frame_idx=824 ts=2025-12-19T15:43:21.894021Z people=2
2025-12-19 15:43:21,988 - INFO - BuildTower - OpenPoseThread: Gaze3D frame=824 id=left label=Left person v=[-0.429, 0.200, 0.881] yaw=-26.0 pitch=-11.5
2025-12-19 15:43:21,988 - INFO - BuildTower - OpenPoseThread: Gaze3D frame=824 id=right label=Right person v=[-0.106, -0.168, 0.980] yaw=-6.2 pitch=9.7
2025-12-19 15:43:22,646 - INFO - BuildTower - OpenPoseThread: gaze frame_idx=832 ts=2025-12-19T15:43:22.611531Z people=2
2025-12-19 15:43:22,646 - INFO - BuildTower - OpenPoseThread: Gaze3D frame=832 id=left label=Left person v=[-0.479, 0.089, 0.873] yaw=-28.8 pitch=-5.1
2025-12-19 15:43:22,646 - INFO - BuildTower - OpenPoseThread: Gaze3D frame=832 id=right label=Right person v=[-0.100, -0.182, 0.978] yaw=-5.8 pitch=10.5
2025-12-19 15:43:22,808 - INFO - BuildTower - Robot action ended.
2025-12-19 15:43:22,808 - INFO - BuildTower - Attempting to go to position: x=0.737, y=0.0, z=0.643, theta_x=100.0, theta_y=0.0, theta_z=90.0
2025-12-19 15:43:22,808 - DEBUG - BuildTower - Set speed for pose: translation=1, orientation=100
2025-12-19 15:43:22,820 - INFO - BuildTower - Pose action initiated, waiting for completion.
2025-12-19 15:43:23,304 - INFO - BuildTower - OpenPoseThread: gaze frame_idx=840 ts=2025-12-19T15:43:23.303309Z people=2
2025-12-19 15:43:23,304 - INFO - BuildTower - OpenPoseThread: Gaze3D frame=840 id=left label=Left person v=[-0.472, 0.104, 0.875] yaw=-28.3 pitch=-6.0
2025-12-19 15:43:23,304 - INFO - BuildTower - OpenPoseThread: Gaze3D frame=840 id=right label=Right person v=[-0.041, 0.038, 0.998] yaw=-2.4 pitch=-2.2
2025-12-19 15:43:23,529 - INFO - BuildTower - Robot action ended.
2025-12-19 15:43:23,531 - INFO - BuildTower - Sending gripper command: value=0
2025-12-19 15:43:24,044 - INFO - BuildTower - Gripper command 0 sent successfully.
2025-12-19 15:43:24,047 - INFO - BuildTower - Attempting to go to position: x=0.737, y=0.0, z=0.6880000000000001, theta_x=100.0, theta_y=0.0, theta_z=90.0
2025-12-19 15:43:24,047 - DEBUG - BuildTower - Set speed for pose: translation=1, orientation=100
2025-12-19 15:43:24,071 - INFO - BuildTower - Pose action initiated, waiting for completion.
2025-12-19 15:43:24,071 - INFO - BuildTower - OpenPoseThread: gaze frame_idx=848 ts=2025-12-19T15:43:24.008811Z people=2
2025-12-19 15:43:24,072 - INFO - BuildTower - OpenPoseThread: Gaze3D frame=848 id=left label=Left person v=[-0.541, 0.163, 0.825] yaw=-33.2 pitch=-9.4
2025-12-19 15:43:24,072 - INFO - BuildTower - OpenPoseThread: Gaze3D frame=848 id=right label=Right person v=[-0.093, -0.041, 0.995] yaw=-5.3 pitch=2.4
2025-12-19 15:43:24,728 - INFO - BuildTower - OpenPoseThread: gaze frame_idx=856 ts=2025-12-19T15:43:24.639656Z people=2
2025-12-19 15:43:24,728 - INFO - BuildTower - OpenPoseThread: Gaze3D frame=856 id=left label=Left person v=[-0.509, 0.128, 0.851] yaw=-30.9 pitch=-7.4
2025-12-19 15:43:24,728 - INFO - BuildTower - OpenPoseThread: Gaze3D frame=856 id=right label=Right person v=[-0.063, -0.221, 0.973] yaw=-3.7 pitch=12.8
2025-12-19 15:43:24,803 - INFO - BuildTower - Robot action ended.
2025-12-19 15:43:24,803 - INFO - BuildTower - Robot completed its turn. Robot turn count: 3
2025-12-19 15:43:24,803 - INFO - BuildTower - Configuration number 1 finished.
2025-12-19 15:43:24,804 - INFO - BuildTower - OpenPoseThread: sending cmd: Configuration finished
2025-12-19 15:43:24,809 - INFO - BuildTower - OpenPoseThread: received reply: Received
2025-12-19 15:43:24,809 - INFO - BuildTower - Received reply from OpenPose server: Received
2025-12-19 15:43:46,547 - INFO - BuildTower - User pressed Enter. Continuing with configuration 2
