2025-12-18 17:12:03,544 - INFO - BuildTower - Pinned current thread to core 0
2025-12-18 17:12:03,545 - INFO - BuildTower - Main BuildTower thread pinned to core 0.
2025-12-18 17:12:03,699 - INFO - BuildTower - Robot parameters: robot_name=my_gen3, dof=7, gripper_present=True
2025-12-18 17:12:03,703 - INFO - BuildTower - Service initialized: /my_gen3/base/clear_faults
2025-12-18 17:12:03,705 - INFO - BuildTower - Service initialized: /my_gen3/base/read_action
2025-12-18 17:12:03,707 - INFO - BuildTower - Service initialized: /my_gen3/base/execute_action
2025-12-18 17:12:03,708 - INFO - BuildTower - Service initialized: /my_gen3/control_config/set_cartesian_reference_frame
2025-12-18 17:12:03,710 - INFO - BuildTower - Service initialized: /my_gen3/base/activate_publishing_of_action_topic
2025-12-18 17:12:03,711 - INFO - BuildTower - Service initialized: /my_gen3/base/send_gripper_command
2025-12-18 17:12:03,712 - INFO - BuildTower - OpenPoseThread started (core 1).
2025-12-18 17:12:03,712 - INFO - BuildTower - BuildTower class initialized successfully.
2025-12-18 17:12:03,712 - INFO - BuildTower - Pinned current thread to core 1
2025-12-18 17:12:03,713 - INFO - BuildTower - OpenPoseThread: Connected REQ to tcp://localhost:5555
2025-12-18 17:12:03,713 - INFO - BuildTower - OpenPoseThread: Connected SUB to tcp://localhost:5556
2025-12-18 17:12:03,713 - INFO - BuildTower - ROS parameter /kortex_examples_test_results/cartesian_poses_with_notifications_python did not exist or could not be deleted.
2025-12-18 17:12:03,714 - INFO - BuildTower - Starting main robot control loop.
2025-12-18 17:12:03,724 - INFO - BuildTower - Robot faults cleared successfully.
2025-12-18 17:12:06,250 - INFO - BuildTower - Cartesian reference frame set successfully.
2025-12-18 17:12:06,509 - INFO - BuildTower - Activating action notifications.
2025-12-18 17:12:06,514 - INFO - BuildTower - Action Notifications successfully activated.
2025-12-18 17:12:07,532 - INFO - BuildTower - Sending robot to home position.
2025-12-18 17:12:15,503 - INFO - BuildTower - User pressed Enter. Continuing with configuration 1
2025-12-18 17:12:15,503 - INFO - BuildTower - Parsing information from file: config2
2025-12-18 17:12:15,504 - INFO - BuildTower - Parsed turn_order: ybypbpbpy

2025-12-18 17:12:15,504 - INFO - BuildTower - Parsed object_order: 143

2025-12-18 17:12:15,504 - INFO - BuildTower - Sent turn_order and waiting for response from OpenPose server.
2025-12-18 17:12:15,504 - INFO - BuildTower - Sending turn order to OpenPose server: ybypbpbpy

2025-12-18 17:12:15,510 - INFO - BuildTower - OpenPoseThread: sending cmd: ybypbpbpy

2025-12-18 17:12:15,511 - INFO - BuildTower - OpenPoseThread: received reply: Order Received
2025-12-18 17:12:15,512 - INFO - BuildTower - Received reply from OpenPose server: Order Received
2025-12-18 17:12:15,512 - INFO - BuildTower - Starting mutual gaze calibration for 10.0 seconds
2025-12-18 17:12:16,274 - INFO - BuildTower - OpenPoseThread: gaze frame_idx=0 ts=2025-12-18T17:12:16.229507Z people=1
2025-12-18 17:12:16,274 - INFO - BuildTower - OpenPoseThread: Gaze3D frame=0 id=None label=None v=[-0.498, 0.263, 0.827] yaw=-31.0 pitch=-15.2
2025-12-18 17:12:16,485 - INFO - BuildTower - OpenPoseThread: gaze frame_idx=0 ts=2025-12-18T17:12:16.425312Z people=1
2025-12-18 17:12:16,485 - INFO - BuildTower - OpenPoseThread: Gaze3D frame=0 id=None label=None v=[-0.416, -0.063, 0.907] yaw=-24.6 pitch=3.6
2025-12-18 17:12:16,696 - INFO - BuildTower - OpenPoseThread: gaze frame_idx=0 ts=2025-12-18T17:12:16.607172Z people=1
2025-12-18 17:12:16,696 - INFO - BuildTower - OpenPoseThread: Gaze3D frame=0 id=None label=None v=[-0.382, -0.362, 0.850] yaw=-24.2 pitch=21.3
2025-12-18 17:12:16,908 - INFO - BuildTower - OpenPoseThread: gaze frame_idx=0 ts=2025-12-18T17:12:16.868506Z people=2
2025-12-18 17:12:16,908 - INFO - BuildTower - OpenPoseThread: Gaze3D frame=0 id=None label=None v=[-0.301, -0.141, 0.943] yaw=-17.7 pitch=8.1
2025-12-18 17:12:16,908 - INFO - BuildTower - OpenPoseThread: Gaze3D frame=0 id=None label=None v=[-0.276, 0.260, 0.925] yaw=-16.6 pitch=-15.1
2025-12-18 17:12:17,119 - INFO - BuildTower - OpenPoseThread: gaze frame_idx=0 ts=2025-12-18T17:12:17.111934Z people=2
2025-12-18 17:12:17,119 - INFO - BuildTower - OpenPoseThread: Gaze3D frame=0 id=None label=None v=[-0.270, -0.683, 0.679] yaw=-21.7 pitch=43.1
2025-12-18 17:12:17,119 - INFO - BuildTower - OpenPoseThread: Gaze3D frame=0 id=None label=None v=[-0.124, 0.624, 0.772] yaw=-9.1 pitch=-38.6
2025-12-18 17:12:17,441 - INFO - BuildTower - OpenPoseThread: gaze frame_idx=0 ts=2025-12-18T17:12:17.390000Z people=2
2025-12-18 17:12:17,441 - INFO - BuildTower - OpenPoseThread: Gaze3D frame=0 id=left label=Left person v=[-0.123, 0.487, 0.865] yaw=-8.1 pitch=-29.1
2025-12-18 17:12:17,442 - INFO - BuildTower - OpenPoseThread: Gaze3D frame=0 id=right label=Right person v=[-0.172, -0.518, 0.838] yaw=-11.6 pitch=31.2
2025-12-18 17:12:18,094 - INFO - BuildTower - OpenPoseThread: gaze frame_idx=8 ts=2025-12-18T17:12:18.087290Z people=2
2025-12-18 17:12:18,094 - INFO - BuildTower - OpenPoseThread: Gaze3D frame=8 id=left label=Left person v=[-0.296, 0.344, 0.891] yaw=-18.4 pitch=-20.1
2025-12-18 17:12:18,094 - INFO - BuildTower - OpenPoseThread: Gaze3D frame=8 id=right label=Right person v=[-0.424, 0.424, 0.800] yaw=-27.9 pitch=-25.1
2025-12-18 17:12:18,856 - INFO - BuildTower - OpenPoseThread: gaze frame_idx=16 ts=2025-12-18T17:12:18.797720Z people=2
2025-12-18 17:12:18,856 - INFO - BuildTower - OpenPoseThread: Gaze3D frame=16 id=left label=Left person v=[-0.223, 0.445, 0.867] yaw=-14.4 pitch=-26.4
2025-12-18 17:12:18,857 - INFO - BuildTower - OpenPoseThread: Gaze3D frame=16 id=right label=Right person v=[-0.460, 0.248, 0.852] yaw=-28.4 pitch=-14.3
2025-12-18 17:12:19,509 - INFO - BuildTower - OpenPoseThread: gaze frame_idx=24 ts=2025-12-18T17:12:19.489696Z people=2
2025-12-18 17:12:19,509 - INFO - BuildTower - OpenPoseThread: Gaze3D frame=24 id=left label=Left person v=[-0.242, 0.352, 0.904] yaw=-15.0 pitch=-20.6
2025-12-18 17:12:19,509 - INFO - BuildTower - OpenPoseThread: Gaze3D frame=24 id=right label=Right person v=[-0.399, 0.441, 0.804] yaw=-26.4 pitch=-26.2
2025-12-18 17:12:20,271 - INFO - BuildTower - OpenPoseThread: gaze frame_idx=32 ts=2025-12-18T17:12:20.210101Z people=2
2025-12-18 17:12:20,271 - INFO - BuildTower - OpenPoseThread: Gaze3D frame=32 id=left label=Left person v=[-0.329, -0.297, 0.897] yaw=-20.1 pitch=17.3
2025-12-18 17:12:20,271 - INFO - BuildTower - OpenPoseThread: Gaze3D frame=32 id=right label=Right person v=[-0.224, -0.522, 0.823] yaw=-15.2 pitch=31.4
2025-12-18 17:12:20,923 - INFO - BuildTower - OpenPoseThread: gaze frame_idx=40 ts=2025-12-18T17:12:20.859023Z people=1
2025-12-18 17:12:20,923 - INFO - BuildTower - OpenPoseThread: Gaze3D frame=40 id=left label=Left person v=[-0.390, 0.230, 0.892] yaw=-23.6 pitch=-13.3
2025-12-18 17:12:21,575 - INFO - BuildTower - OpenPoseThread: gaze frame_idx=48 ts=2025-12-18T17:12:21.525223Z people=1
2025-12-18 17:12:21,576 - INFO - BuildTower - OpenPoseThread: Gaze3D frame=48 id=left label=Left person v=[-0.332, 0.437, 0.836] yaw=-21.6 pitch=-25.9
2025-12-18 17:12:22,228 - INFO - BuildTower - OpenPoseThread: gaze frame_idx=56 ts=2025-12-18T17:12:22.214512Z people=2
2025-12-18 17:12:22,228 - INFO - BuildTower - OpenPoseThread: Gaze3D frame=56 id=left label=Left person v=[-0.398, 0.376, 0.837] yaw=-25.4 pitch=-22.1
2025-12-18 17:12:22,228 - INFO - BuildTower - OpenPoseThread: Gaze3D frame=56 id=right label=Right person v=[-0.275, -0.491, 0.826] yaw=-18.4 pitch=29.4
2025-12-18 17:12:23,101 - INFO - BuildTower - OpenPoseThread: gaze frame_idx=64 ts=2025-12-18T17:12:23.014972Z people=2
2025-12-18 17:12:23,101 - INFO - BuildTower - OpenPoseThread: Gaze3D frame=64 id=left label=Left person v=[-0.308, 0.179, 0.935] yaw=-18.2 pitch=-10.3
2025-12-18 17:12:23,101 - INFO - BuildTower - OpenPoseThread: Gaze3D frame=64 id=right label=Right person v=[-0.424, 0.113, 0.899] yaw=-25.2 pitch=-6.5
2025-12-18 17:12:23,761 - INFO - BuildTower - OpenPoseThread: gaze frame_idx=72 ts=2025-12-18T17:12:23.760250Z people=2
2025-12-18 17:12:23,761 - INFO - BuildTower - OpenPoseThread: Gaze3D frame=72 id=None label=None v=[-0.482, 0.162, 0.861] yaw=-29.2 pitch=-9.3
2025-12-18 17:12:23,761 - INFO - BuildTower - OpenPoseThread: Gaze3D frame=72 id=None label=None v=[-0.212, 0.493, 0.844] yaw=-14.1 pitch=-29.6
2025-12-18 17:12:24,082 - INFO - BuildTower - OpenPoseThread: gaze frame_idx=72 ts=2025-12-18T17:12:24.025157Z people=2
2025-12-18 17:12:24,083 - INFO - BuildTower - OpenPoseThread: Gaze3D frame=72 id=left label=Left person v=[-0.291, 0.355, 0.888] yaw=-18.1 pitch=-20.8
2025-12-18 17:12:24,083 - INFO - BuildTower - OpenPoseThread: Gaze3D frame=72 id=right label=Right person v=[-0.427, 0.202, 0.881] yaw=-25.8 pitch=-11.7
2025-12-18 17:12:24,845 - INFO - BuildTower - OpenPoseThread: gaze frame_idx=80 ts=2025-12-18T17:12:24.751963Z people=2
2025-12-18 17:12:24,845 - INFO - BuildTower - OpenPoseThread: Gaze3D frame=80 id=left label=Left person v=[-0.280, 0.558, 0.781] yaw=-19.7 pitch=-33.9
2025-12-18 17:12:24,846 - INFO - BuildTower - OpenPoseThread: Gaze3D frame=80 id=right label=Right person v=[-0.122, 0.795, 0.594] yaw=-11.6 pitch=-52.7
2025-12-18 17:12:25,499 - INFO - BuildTower - OpenPoseThread: gaze frame_idx=88 ts=2025-12-18T17:12:25.416629Z people=2
2025-12-18 17:12:25,499 - INFO - BuildTower - OpenPoseThread: Gaze3D frame=88 id=left label=Left person v=[0.108, 0.740, 0.664] yaw=9.3 pitch=-47.7
2025-12-18 17:12:25,499 - INFO - BuildTower - OpenPoseThread: Gaze3D frame=88 id=right label=Right person v=[0.009, 0.780, 0.626] yaw=0.9 pitch=-51.2
2025-12-18 17:12:25,531 - INFO - BuildTower - Calibration done: yaw_bias=-19.900 deg, pitch_bias=-11.258 deg
2025-12-18 17:12:25,531 - INFO - BuildTower - Executing turn 0 out of 9.
2025-12-18 17:12:25,531 - INFO - BuildTower - Moving block from start 0.28 to target 0.307. Turn: 0, Block Shape: 1
2025-12-18 17:12:25,534 - INFO - BuildTower - Sending gripper command: value=0
2025-12-18 17:12:26,050 - INFO - BuildTower - Gripper command 0 sent successfully.
2025-12-18 17:12:26,052 - INFO - BuildTower - Attempting to go to position: x=0.47, y=0.18, z=0.325, theta_x=100.0, theta_y=0.0, theta_z=90.0
2025-12-18 17:12:26,052 - DEBUG - BuildTower - Set speed for pose: translation=1, orientation=100
2025-12-18 17:12:26,076 - INFO - BuildTower - Pose action initiated, waiting for completion.
2025-12-18 17:12:26,261 - INFO - BuildTower - OpenPoseThread: gaze frame_idx=96 ts=2025-12-18T17:12:26.234557Z people=2
2025-12-18 17:12:26,262 - INFO - BuildTower - OpenPoseThread: Gaze3D frame=96 id=None label=None v=[-0.274, 0.784, 0.557] yaw=-26.2 pitch=-51.7
2025-12-18 17:12:26,262 - INFO - BuildTower - OpenPoseThread: Gaze3D frame=96 id=None label=None v=[-0.309, 0.723, 0.618] yaw=-26.5 pitch=-46.3
2025-12-18 17:12:26,584 - INFO - BuildTower - OpenPoseThread: gaze frame_idx=96 ts=2025-12-18T17:12:26.509622Z people=2
2025-12-18 17:12:26,584 - INFO - BuildTower - OpenPoseThread: Gaze3D frame=96 id=left label=Left person v=[-0.319, 0.621, 0.716] yaw=-24.0 pitch=-38.4
2025-12-18 17:12:26,584 - INFO - BuildTower - OpenPoseThread: Gaze3D frame=96 id=right label=Right person v=[-0.380, 0.492, 0.783] yaw=-25.9 pitch=-29.5
2025-12-18 17:12:27,346 - INFO - BuildTower - OpenPoseThread: gaze frame_idx=104 ts=2025-12-18T17:12:27.344826Z people=2
2025-12-18 17:12:27,346 - INFO - BuildTower - OpenPoseThread: Gaze3D frame=104 id=None label=None v=[-0.368, 0.495, 0.787] yaw=-25.1 pitch=-29.7
2025-12-18 17:12:27,346 - INFO - BuildTower - OpenPoseThread: Gaze3D frame=104 id=None label=None v=[-0.258, 0.254, 0.932] yaw=-15.5 pitch=-14.7
2025-12-18 17:12:27,667 - INFO - BuildTower - OpenPoseThread: gaze frame_idx=104 ts=2025-12-18T17:12:27.581767Z people=2
2025-12-18 17:12:27,668 - INFO - BuildTower - OpenPoseThread: Gaze3D frame=104 id=None label=None v=[-0.233, 0.304, 0.924] yaw=-14.1 pitch=-17.7
2025-12-18 17:12:27,668 - INFO - BuildTower - OpenPoseThread: Gaze3D frame=104 id=None label=None v=[-0.464, 0.470, 0.751] yaw=-31.7 pitch=-28.0
2025-12-18 17:12:27,879 - INFO - BuildTower - OpenPoseThread: gaze frame_idx=104 ts=2025-12-18T17:12:27.823934Z people=2
2025-12-18 17:12:27,879 - INFO - BuildTower - OpenPoseThread: Gaze3D frame=104 id=None label=None v=[-0.440, 0.461, 0.770] yaw=-29.8 pitch=-27.5
2025-12-18 17:12:27,879 - INFO - BuildTower - OpenPoseThread: Gaze3D frame=104 id=None label=None v=[-0.100, 0.312, 0.945] yaw=-6.0 pitch=-18.2
2025-12-18 17:12:28,090 - INFO - BuildTower - OpenPoseThread: gaze frame_idx=104 ts=2025-12-18T17:12:28.057816Z people=2
2025-12-18 17:12:28,090 - INFO - BuildTower - OpenPoseThread: Gaze3D frame=104 id=None label=None v=[-0.428, 0.266, 0.864] yaw=-26.4 pitch=-15.5
2025-12-18 17:12:28,090 - INFO - BuildTower - OpenPoseThread: Gaze3D frame=104 id=None label=None v=[-0.240, 0.371, 0.897] yaw=-15.0 pitch=-21.8
2025-12-18 17:12:28,304 - INFO - BuildTower - OpenPoseThread: gaze frame_idx=104 ts=2025-12-18T17:12:28.303758Z people=2
2025-12-18 17:12:28,304 - INFO - BuildTower - OpenPoseThread: Gaze3D frame=104 id=None label=None v=[-0.436, 0.172, 0.883] yaw=-26.3 pitch=-9.9
2025-12-18 17:12:28,304 - INFO - BuildTower - OpenPoseThread: Gaze3D frame=104 id=None label=None v=[-0.145, 0.279, 0.949] yaw=-8.7 pitch=-16.2
2025-12-18 17:12:28,626 - INFO - BuildTower - OpenPoseThread: gaze frame_idx=104 ts=2025-12-18T17:12:28.601162Z people=3
2025-12-18 17:12:28,626 - INFO - BuildTower - OpenPoseThread: Gaze3D frame=104 id=None label=None v=[-0.526, 0.240, 0.816] yaw=-32.8 pitch=-13.9
2025-12-18 17:12:28,626 - INFO - BuildTower - OpenPoseThread: Gaze3D frame=104 id=None label=None v=[-0.242, 0.223, 0.944] yaw=-14.4 pitch=-12.9
2025-12-18 17:12:28,626 - INFO - BuildTower - OpenPoseThread: Gaze3D frame=104 id=None label=None v=[-0.320, -0.429, 0.844] yaw=-20.8 pitch=25.4
2025-12-18 17:12:28,690 - INFO - BuildTower - Robot action ended.
2025-12-18 17:12:28,690 - INFO - BuildTower - Attempting to go to position: x=0.47, y=0.18, z=0.28, theta_x=100.0, theta_y=0.0, theta_z=90.0
2025-12-18 17:12:28,690 - DEBUG - BuildTower - Set speed for pose: translation=1, orientation=100
2025-12-18 17:12:28,702 - INFO - BuildTower - Pose action initiated, waiting for completion.
2025-12-18 17:12:28,948 - INFO - BuildTower - OpenPoseThread: gaze frame_idx=104 ts=2025-12-18T17:12:28.907554Z people=3
2025-12-18 17:12:28,948 - INFO - BuildTower - OpenPoseThread: Gaze3D frame=104 id=None label=None v=[-0.477, 0.370, 0.797] yaw=-30.9 pitch=-21.7
2025-12-18 17:12:28,948 - INFO - BuildTower - OpenPoseThread: Gaze3D frame=104 id=None label=None v=[-0.293, 0.391, 0.873] yaw=-18.6 pitch=-23.0
2025-12-18 17:12:28,948 - INFO - BuildTower - OpenPoseThread: Gaze3D frame=104 id=None label=None v=[-0.368, -0.647, 0.668] yaw=-28.9 pitch=40.3
2025-12-18 17:12:29,162 - INFO - BuildTower - OpenPoseThread: gaze frame_idx=104 ts=2025-12-18T17:12:29.153969Z people=2
2025-12-18 17:12:29,162 - INFO - BuildTower - OpenPoseThread: Gaze3D frame=104 id=None label=None v=[-0.518, 0.252, 0.818] yaw=-32.3 pitch=-14.6
2025-12-18 17:12:29,162 - INFO - BuildTower - OpenPoseThread: Gaze3D frame=104 id=None label=None v=[-0.254, 0.287, 0.924] yaw=-15.4 pitch=-16.7
2025-12-18 17:12:29,409 - INFO - BuildTower - Robot action ended.
2025-12-18 17:12:29,411 - INFO - BuildTower - Sending gripper command: value=0.075
2025-12-18 17:12:29,483 - INFO - BuildTower - OpenPoseThread: gaze frame_idx=104 ts=2025-12-18T17:12:29.416445Z people=2
2025-12-18 17:12:29,483 - INFO - BuildTower - OpenPoseThread: Gaze3D frame=104 id=left label=Left person v=[-0.234, 0.262, 0.936] yaw=-14.1 pitch=-15.2
2025-12-18 17:12:29,483 - INFO - BuildTower - OpenPoseThread: Gaze3D frame=104 id=right label=Right person v=[-0.605, 0.249, 0.756] yaw=-38.6 pitch=-14.4
2025-12-18 17:12:29,925 - INFO - BuildTower - Gripper command 0.075 sent successfully.
2025-12-18 17:12:29,927 - INFO - BuildTower - Attempting to go to position: x=0.47, y=0.18, z=0.325, theta_x=100.0, theta_y=0.0, theta_z=90.0
2025-12-18 17:12:29,927 - DEBUG - BuildTower - Set speed for pose: translation=1, orientation=100
2025-12-18 17:12:29,952 - INFO - BuildTower - Pose action initiated, waiting for completion.
2025-12-18 17:12:30,135 - INFO - BuildTower - OpenPoseThread: gaze frame_idx=112 ts=2025-12-18T17:12:30.108682Z people=2
2025-12-18 17:12:30,135 - INFO - BuildTower - OpenPoseThread: Gaze3D frame=112 id=left label=Left person v=[-0.220, 0.176, 0.959] yaw=-12.9 pitch=-10.2
2025-12-18 17:12:30,135 - INFO - BuildTower - OpenPoseThread: Gaze3D frame=112 id=right label=Right person v=[-0.535, -0.091, 0.840] yaw=-32.5 pitch=5.2
2025-12-18 17:12:30,686 - INFO - BuildTower - Robot action ended.
2025-12-18 17:12:30,686 - INFO - BuildTower - Attempting to go to position: x=0.735, y=0.0, z=0.352, theta_x=100.0, theta_y=0.0, theta_z=90.0
2025-12-18 17:12:30,686 - DEBUG - BuildTower - Set speed for pose: translation=1, orientation=100
2025-12-18 17:12:30,703 - INFO - BuildTower - Pose action initiated, waiting for completion.
2025-12-18 17:12:31,008 - INFO - BuildTower - OpenPoseThread: gaze frame_idx=120 ts=2025-12-18T17:12:30.956951Z people=2
2025-12-18 17:12:31,008 - INFO - BuildTower - OpenPoseThread: Gaze3D frame=120 id=left label=Left person v=[-0.023, 0.349, 0.937] yaw=-1.4 pitch=-20.4
2025-12-18 17:12:31,008 - INFO - BuildTower - OpenPoseThread: Gaze3D frame=120 id=right label=Right person v=[-0.534, -0.332, 0.777] yaw=-34.5 pitch=19.4
2025-12-18 17:12:31,660 - INFO - BuildTower - OpenPoseThread: gaze frame_idx=128 ts=2025-12-18T17:12:31.653105Z people=2
2025-12-18 17:12:31,660 - INFO - BuildTower - OpenPoseThread: Gaze3D frame=128 id=left label=Left person v=[-0.128, 0.528, 0.839] yaw=-8.7 pitch=-31.9
2025-12-18 17:12:31,660 - INFO - BuildTower - OpenPoseThread: Gaze3D frame=128 id=right label=Right person v=[-0.478, -0.160, 0.864] yaw=-28.9 pitch=9.2
2025-12-18 17:12:32,533 - INFO - BuildTower - OpenPoseThread: gaze frame_idx=136 ts=2025-12-18T17:12:32.478711Z people=2
2025-12-18 17:12:32,533 - INFO - BuildTower - OpenPoseThread: Gaze3D frame=136 id=left label=Left person v=[-0.125, 0.466, 0.876] yaw=-8.1 pitch=-27.8
2025-12-18 17:12:32,533 - INFO - BuildTower - OpenPoseThread: Gaze3D frame=136 id=right label=Right person v=[-0.363, -0.164, 0.917] yaw=-21.6 pitch=9.5
2025-12-18 17:12:33,185 - INFO - BuildTower - OpenPoseThread: gaze frame_idx=144 ts=2025-12-18T17:12:33.180211Z people=2
2025-12-18 17:12:33,185 - INFO - BuildTower - OpenPoseThread: Gaze3D frame=144 id=left label=Left person v=[-0.197, 0.549, 0.813] yaw=-13.6 pitch=-33.3
2025-12-18 17:12:33,185 - INFO - BuildTower - OpenPoseThread: Gaze3D frame=144 id=right label=Right person v=[-0.436, -0.126, 0.891] yaw=-26.1 pitch=7.3
2025-12-18 17:12:33,948 - INFO - BuildTower - OpenPoseThread: gaze frame_idx=152 ts=2025-12-18T17:12:33.870848Z people=2
2025-12-18 17:12:33,948 - INFO - BuildTower - OpenPoseThread: Gaze3D frame=152 id=left label=Left person v=[-0.384, 0.417, 0.824] yaw=-25.0 pitch=-24.7
2025-12-18 17:12:33,948 - INFO - BuildTower - OpenPoseThread: Gaze3D frame=152 id=right label=Right person v=[-0.421, -0.039, 0.906] yaw=-24.9 pitch=2.3
2025-12-18 17:12:34,188 - INFO - BuildTower - Robot action ended.
2025-12-18 17:12:34,188 - INFO - BuildTower - Attempting to go to position: x=0.735, y=0.0, z=0.307, theta_x=100.0, theta_y=0.0, theta_z=90.0
2025-12-18 17:12:34,188 - DEBUG - BuildTower - Set speed for pose: translation=1, orientation=100
2025-12-18 17:12:34,201 - INFO - BuildTower - Pose action initiated, waiting for completion.
2025-12-18 17:12:34,600 - INFO - BuildTower - OpenPoseThread: gaze frame_idx=160 ts=2025-12-18T17:12:34.526877Z people=2
2025-12-18 17:12:34,601 - INFO - BuildTower - OpenPoseThread: Gaze3D frame=160 id=left label=Left person v=[-0.306, 0.412, 0.858] yaw=-19.6 pitch=-24.3
2025-12-18 17:12:34,601 - INFO - BuildTower - OpenPoseThread: Gaze3D frame=160 id=right label=Right person v=[-0.491, 0.064, 0.869] yaw=-29.5 pitch=-3.7
2025-12-18 17:12:34,939 - INFO - BuildTower - Robot action ended.
2025-12-18 17:12:34,942 - INFO - BuildTower - Sending gripper command: value=0
2025-12-18 17:12:35,253 - INFO - BuildTower - OpenPoseThread: gaze frame_idx=168 ts=2025-12-18T17:12:35.218636Z people=2
2025-12-18 17:12:35,253 - INFO - BuildTower - OpenPoseThread: Gaze3D frame=168 id=left label=Left person v=[-0.198, 0.497, 0.845] yaw=-13.2 pitch=-29.8
2025-12-18 17:12:35,253 - INFO - BuildTower - OpenPoseThread: Gaze3D frame=168 id=right label=Right person v=[-0.388, -0.188, 0.902] yaw=-23.3 pitch=10.9
2025-12-18 17:12:35,455 - INFO - BuildTower - Gripper command 0 sent successfully.
2025-12-18 17:12:35,457 - INFO - BuildTower - Attempting to go to position: x=0.735, y=0.0, z=0.352, theta_x=100.0, theta_y=0.0, theta_z=90.0
2025-12-18 17:12:35,458 - DEBUG - BuildTower - Set speed for pose: translation=1, orientation=100
2025-12-18 17:12:35,502 - INFO - BuildTower - Pose action initiated, waiting for completion.
2025-12-18 17:12:36,026 - INFO - BuildTower - OpenPoseThread: gaze frame_idx=176 ts=2025-12-18T17:12:36.024278Z people=3
2025-12-18 17:12:36,026 - INFO - BuildTower - OpenPoseThread: Gaze3D frame=176 id=left label=Left person v=[-0.247, 0.257, 0.934] yaw=-14.8 pitch=-14.9
2025-12-18 17:12:36,026 - INFO - BuildTower - OpenPoseThread: Gaze3D frame=176 id=right label=Right person v=[-0.297, 0.042, 0.954] yaw=-17.3 pitch=-2.4
2025-12-18 17:12:36,026 - INFO - BuildTower - OpenPoseThread: Gaze3D frame=176 id=right label=Right person v=[-0.223, 0.591, 0.776] yaw=-16.0 pitch=-36.2
2025-12-18 17:12:36,246 - INFO - BuildTower - Robot action ended.
2025-12-18 17:12:36,246 - INFO - BuildTower - Robot completed its turn. Robot turn count: 1
2025-12-18 17:12:36,246 - INFO - BuildTower - Executing turn 1 out of 9.
2025-12-18 17:12:36,259 - INFO - BuildTower - Sending robot to home position.
2025-12-18 17:12:36,788 - INFO - BuildTower - OpenPoseThread: gaze frame_idx=184 ts=2025-12-18T17:12:36.721330Z people=2
2025-12-18 17:12:36,789 - INFO - BuildTower - OpenPoseThread: Gaze3D frame=184 id=left label=Left person v=[-0.226, 0.260, 0.939] yaw=-13.5 pitch=-15.1
2025-12-18 17:12:36,789 - INFO - BuildTower - OpenPoseThread: Gaze3D frame=184 id=right label=Right person v=[-0.341, -0.142, 0.929] yaw=-20.1 pitch=8.2
2025-12-18 17:12:36,876 - INFO - BuildTower - Sending to OpenPose (via thread): PL: Arm Extended Check
2025-12-18 17:12:36,876 - INFO - BuildTower - OpenPoseThread: sending cmd: PL: Arm Extended Check
2025-12-18 17:12:37,384 - INFO - BuildTower - OpenPoseThread: gaze frame_idx=192 ts=2025-12-18T17:12:37.383129Z people=2
2025-12-18 17:12:37,384 - INFO - BuildTower - OpenPoseThread: Gaze3D frame=192 id=left label=Left person v=[-0.301, 0.264, 0.916] yaw=-18.2 pitch=-15.3
2025-12-18 17:12:37,384 - INFO - BuildTower - OpenPoseThread: Gaze3D frame=192 id=right label=Right person v=[-0.259, -0.549, 0.795] yaw=-18.0 pitch=33.3
2025-12-18 17:12:38,091 - INFO - BuildTower - OpenPoseThread: gaze frame_idx=200 ts=2025-12-18T17:12:38.090539Z people=2
2025-12-18 17:12:38,091 - INFO - BuildTower - OpenPoseThread: Gaze3D frame=200 id=left label=Left person v=[-0.268, 0.420, 0.867] yaw=-17.2 pitch=-24.8
2025-12-18 17:12:38,092 - INFO - BuildTower - OpenPoseThread: Gaze3D frame=200 id=right label=Right person v=[-0.429, 0.162, 0.889] yaw=-25.8 pitch=-9.3
2025-12-18 17:12:38,795 - INFO - BuildTower - OpenPoseThread: gaze frame_idx=208 ts=2025-12-18T17:12:38.787181Z people=2
2025-12-18 17:12:38,795 - INFO - BuildTower - OpenPoseThread: Gaze3D frame=208 id=left label=Left person v=[-0.209, 0.300, 0.931] yaw=-12.6 pitch=-17.5
2025-12-18 17:12:38,795 - INFO - BuildTower - OpenPoseThread: Gaze3D frame=208 id=right label=Right person v=[-0.061, 0.065, 0.996] yaw=-3.5 pitch=-3.7
2025-12-18 17:12:39,572 - INFO - BuildTower - OpenPoseThread: gaze frame_idx=216 ts=2025-12-18T17:12:39.571313Z people=2
2025-12-18 17:12:39,572 - INFO - BuildTower - OpenPoseThread: Gaze3D frame=216 id=left label=Left person v=[-0.356, 0.413, 0.838] yaw=-23.0 pitch=-24.4
2025-12-18 17:12:39,572 - INFO - BuildTower - OpenPoseThread: Gaze3D frame=216 id=right label=Right person v=[-0.130, -0.053, 0.990] yaw=-7.5 pitch=3.1
2025-12-18 17:12:43,426 - INFO - BuildTower - OpenPoseThread: received reply: Left: Arm Extended
2025-12-18 17:12:43,426 - INFO - BuildTower - Sending to OpenPose (via thread): PL: Arm Retracted Check
2025-12-18 17:12:43,426 - INFO - BuildTower - OpenPoseThread: sending cmd: PL: Arm Retracted Check
2025-12-18 17:12:43,495 - INFO - BuildTower - OpenPoseThread: received reply: Left: Arm Retracted
2025-12-18 17:12:43,496 - INFO - BuildTower - Executing turn 2 out of 9.
2025-12-18 17:12:43,496 - INFO - BuildTower - Moving block from start 0.3 to target 0.387. Turn: 2, Block Shape: 4
2025-12-18 17:12:43,498 - INFO - BuildTower - Sending gripper command: value=0
2025-12-18 17:12:43,824 - INFO - BuildTower - OpenPoseThread: gaze frame_idx=224 ts=2025-12-18T17:12:43.753556Z people=2
2025-12-18 17:12:43,824 - INFO - BuildTower - OpenPoseThread: Gaze3D frame=224 id=left label=Left person v=[-0.261, 0.376, 0.889] yaw=-16.3 pitch=-22.1
2025-12-18 17:12:43,824 - INFO - BuildTower - OpenPoseThread: Gaze3D frame=224 id=right label=Right person v=[-0.446, 0.238, 0.863] yaw=-27.3 pitch=-13.8
2025-12-18 17:12:44,026 - INFO - BuildTower - Gripper command 0 sent successfully.
2025-12-18 17:12:44,029 - INFO - BuildTower - Attempting to go to position: x=0.3, y=0.3, z=0.345, theta_x=100.0, theta_y=0.0, theta_z=90.0
2025-12-18 17:12:44,029 - DEBUG - BuildTower - Set speed for pose: translation=1, orientation=100
2025-12-18 17:12:44,053 - INFO - BuildTower - Pose action initiated, waiting for completion.
2025-12-18 17:12:44,476 - INFO - BuildTower - OpenPoseThread: gaze frame_idx=232 ts=2025-12-18T17:12:44.457111Z people=2
2025-12-18 17:12:44,477 - INFO - BuildTower - OpenPoseThread: Gaze3D frame=232 id=left label=Left person v=[-0.307, 0.516, 0.800] yaw=-21.0 pitch=-31.0
2025-12-18 17:12:44,477 - INFO - BuildTower - OpenPoseThread: Gaze3D frame=232 id=right label=Right person v=[-0.445, -0.038, 0.895] yaw=-26.4 pitch=2.2
2025-12-18 17:12:45,129 - INFO - BuildTower - OpenPoseThread: gaze frame_idx=240 ts=2025-12-18T17:12:45.122163Z people=2
2025-12-18 17:12:45,129 - INFO - BuildTower - OpenPoseThread: Gaze3D frame=240 id=left label=Left person v=[-0.299, 0.538, 0.788] yaw=-20.8 pitch=-32.6
2025-12-18 17:12:45,129 - INFO - BuildTower - OpenPoseThread: Gaze3D frame=240 id=right label=Right person v=[-0.500, -0.197, 0.843] yaw=-30.7 pitch=11.3
2025-12-18 17:12:45,892 - INFO - BuildTower - OpenPoseThread: gaze frame_idx=248 ts=2025-12-18T17:12:45.834036Z people=2
2025-12-18 17:12:45,892 - INFO - BuildTower - OpenPoseThread: Gaze3D frame=248 id=left label=Left person v=[-0.304, 0.259, 0.917] yaw=-18.4 pitch=-15.0
2025-12-18 17:12:45,892 - INFO - BuildTower - OpenPoseThread: Gaze3D frame=248 id=right label=Right person v=[-0.540, -0.124, 0.833] yaw=-33.0 pitch=7.1
2025-12-18 17:12:46,663 - INFO - BuildTower - OpenPoseThread: gaze frame_idx=256 ts=2025-12-18T17:12:46.608951Z people=2
2025-12-18 17:12:46,663 - INFO - BuildTower - OpenPoseThread: Gaze3D frame=256 id=left label=Left person v=[-0.169, 0.337, 0.926] yaw=-10.3 pitch=-19.7
2025-12-18 17:12:46,663 - INFO - BuildTower - OpenPoseThread: Gaze3D frame=256 id=right label=Right person v=[-0.354, 0.077, 0.932] yaw=-20.8 pitch=-4.4
2025-12-18 17:12:47,426 - INFO - BuildTower - OpenPoseThread: gaze frame_idx=264 ts=2025-12-18T17:12:47.370428Z people=2
2025-12-18 17:12:47,426 - INFO - BuildTower - OpenPoseThread: Gaze3D frame=264 id=left label=Left person v=[-0.300, 0.279, 0.912] yaw=-18.2 pitch=-16.2
2025-12-18 17:12:47,426 - INFO - BuildTower - OpenPoseThread: Gaze3D frame=264 id=right label=Right person v=[-0.376, -0.112, 0.920] yaw=-22.3 pitch=6.5
2025-12-18 17:12:48,409 - INFO - BuildTower - OpenPoseThread: gaze frame_idx=272 ts=2025-12-18T17:12:48.339806Z people=2
2025-12-18 17:12:48,409 - INFO - BuildTower - OpenPoseThread: Gaze3D frame=272 id=None label=None v=[-0.427, 0.166, 0.889] yaw=-25.6 pitch=-9.6
2025-12-18 17:12:48,409 - INFO - BuildTower - OpenPoseThread: Gaze3D frame=272 id=None label=None v=[-0.318, 0.185, 0.930] yaw=-18.9 pitch=-10.7
2025-12-18 17:12:48,491 - INFO - BuildTower - Robot action ended.
2025-12-18 17:12:48,491 - INFO - BuildTower - Attempting to go to position: x=0.3, y=0.3, z=0.3, theta_x=100.0, theta_y=0.0, theta_z=90.0
2025-12-18 17:12:48,491 - DEBUG - BuildTower - Set speed for pose: translation=1, orientation=100
2025-12-18 17:12:48,509 - INFO - BuildTower - Pose action initiated, waiting for completion.
2025-12-18 17:12:48,620 - INFO - BuildTower - OpenPoseThread: gaze frame_idx=272 ts=2025-12-18T17:12:48.602911Z people=2
2025-12-18 17:12:48,621 - INFO - BuildTower - OpenPoseThread: Gaze3D frame=272 id=left label=Left person v=[-0.330, 0.024, 0.944] yaw=-19.3 pitch=-1.4
2025-12-18 17:12:48,621 - INFO - BuildTower - OpenPoseThread: Gaze3D frame=272 id=right label=Right person v=[-0.421, 0.283, 0.862] yaw=-26.0 pitch=-16.4
2025-12-18 17:12:49,235 - INFO - BuildTower - Robot action ended.
2025-12-18 17:12:49,237 - INFO - BuildTower - Sending gripper command: value=0.7
2025-12-18 17:12:49,494 - INFO - BuildTower - OpenPoseThread: gaze frame_idx=280 ts=2025-12-18T17:12:49.472695Z people=2
2025-12-18 17:12:49,494 - INFO - BuildTower - OpenPoseThread: Gaze3D frame=280 id=None label=None v=[-0.342, 0.134, 0.930] yaw=-20.2 pitch=-7.7
2025-12-18 17:12:49,494 - INFO - BuildTower - OpenPoseThread: Gaze3D frame=280 id=None label=None v=[-0.253, 0.271, 0.929] yaw=-15.2 pitch=-15.7
2025-12-18 17:12:49,752 - INFO - BuildTower - Gripper command 0.7 sent successfully.
2025-12-18 17:12:49,754 - INFO - BuildTower - Attempting to go to position: x=0.3, y=0.3, z=0.435, theta_x=100.0, theta_y=0.0, theta_z=90.0
2025-12-18 17:12:49,755 - DEBUG - BuildTower - Set speed for pose: translation=1, orientation=100
2025-12-18 17:12:49,779 - INFO - BuildTower - Pose action initiated, waiting for completion.
2025-12-18 17:12:49,815 - INFO - BuildTower - OpenPoseThread: gaze frame_idx=280 ts=2025-12-18T17:12:49.740970Z people=2
2025-12-18 17:12:49,816 - INFO - BuildTower - OpenPoseThread: Gaze3D frame=280 id=left label=Left person v=[-0.281, -0.013, 0.960] yaw=-16.3 pitch=0.8
2025-12-18 17:12:49,816 - INFO - BuildTower - OpenPoseThread: Gaze3D frame=280 id=right label=Right person v=[-0.350, 0.279, 0.894] yaw=-21.4 pitch=-16.2
2025-12-18 17:12:50,688 - INFO - BuildTower - OpenPoseThread: gaze frame_idx=288 ts=2025-12-18T17:12:50.652565Z people=2
2025-12-18 17:12:50,688 - INFO - BuildTower - OpenPoseThread: Gaze3D frame=288 id=None label=None v=[-0.356, 0.005, 0.934] yaw=-20.9 pitch=-0.3
2025-12-18 17:12:50,688 - INFO - BuildTower - OpenPoseThread: Gaze3D frame=288 id=None label=None v=[-0.319, 0.069, 0.945] yaw=-18.7 pitch=-4.0
2025-12-18 17:12:50,909 - INFO - BuildTower - OpenPoseThread: gaze frame_idx=288 ts=2025-12-18T17:12:50.908438Z people=2
2025-12-18 17:12:50,909 - INFO - BuildTower - OpenPoseThread: Gaze3D frame=288 id=None label=None v=[-0.269, 0.107, 0.957] yaw=-15.7 pitch=-6.1
2025-12-18 17:12:50,909 - INFO - BuildTower - OpenPoseThread: Gaze3D frame=288 id=None label=None v=[-0.300, 0.304, 0.904] yaw=-18.4 pitch=-17.7
2025-12-18 17:12:51,231 - INFO - BuildTower - OpenPoseThread: gaze frame_idx=288 ts=2025-12-18T17:12:51.172095Z people=2
2025-12-18 17:12:51,231 - INFO - BuildTower - OpenPoseThread: Gaze3D frame=288 id=left label=Left person v=[-0.313, 0.239, 0.919] yaw=-18.8 pitch=-13.8
2025-12-18 17:12:51,231 - INFO - BuildTower - OpenPoseThread: Gaze3D frame=288 id=right label=Right person v=[-0.462, -0.246, 0.852] yaw=-28.5 pitch=14.2
2025-12-18 17:12:51,416 - INFO - BuildTower - Robot action ended.
2025-12-18 17:12:51,416 - INFO - BuildTower - Attempting to go to position: x=0.735, y=0.0, z=0.432, theta_x=100.0, theta_y=0.0, theta_z=90.0
2025-12-18 17:12:51,417 - DEBUG - BuildTower - Set speed for pose: translation=1, orientation=100
2025-12-18 17:12:51,433 - INFO - BuildTower - Pose action initiated, waiting for completion.
2025-12-18 17:12:52,214 - INFO - BuildTower - OpenPoseThread: gaze frame_idx=296 ts=2025-12-18T17:12:52.123064Z people=2
2025-12-18 17:12:52,214 - INFO - BuildTower - OpenPoseThread: Gaze3D frame=296 id=None label=None v=[-0.143, 0.319, 0.937] yaw=-8.7 pitch=-18.6
2025-12-18 17:12:52,214 - INFO - BuildTower - OpenPoseThread: Gaze3D frame=296 id=None label=None v=[-0.394, 0.214, 0.894] yaw=-23.8 pitch=-12.4
2025-12-18 17:12:52,536 - INFO - BuildTower - OpenPoseThread: gaze frame_idx=296 ts=2025-12-18T17:12:52.470980Z people=3
2025-12-18 17:12:52,536 - INFO - BuildTower - OpenPoseThread: Gaze3D frame=296 id=left label=Left person v=[-0.148, 0.277, 0.949] yaw=-8.9 pitch=-16.1
2025-12-18 17:12:52,536 - INFO - BuildTower - OpenPoseThread: Gaze3D frame=296 id=right label=Right person v=[-0.524, 0.032, 0.851] yaw=-31.6 pitch=-1.8
2025-12-18 17:12:52,536 - INFO - BuildTower - OpenPoseThread: Gaze3D frame=296 id=right label=Right person v=[-0.151, 0.524, 0.838] yaw=-10.2 pitch=-31.6
2025-12-18 17:12:53,307 - INFO - BuildTower - OpenPoseThread: gaze frame_idx=304 ts=2025-12-18T17:12:53.306632Z people=2
2025-12-18 17:12:53,307 - INFO - BuildTower - OpenPoseThread: Gaze3D frame=304 id=left label=Left person v=[-0.238, 0.216, 0.947] yaw=-14.1 pitch=-12.5
2025-12-18 17:12:53,308 - INFO - BuildTower - OpenPoseThread: Gaze3D frame=304 id=right label=Right person v=[-0.497, 0.095, 0.863] yaw=-29.9 pitch=-5.5
2025-12-18 17:12:54,180 - INFO - BuildTower - OpenPoseThread: gaze frame_idx=312 ts=2025-12-18T17:12:54.082243Z people=2
2025-12-18 17:12:54,180 - INFO - BuildTower - OpenPoseThread: Gaze3D frame=312 id=left label=Left person v=[-0.275, 0.318, 0.907] yaw=-16.9 pitch=-18.5
2025-12-18 17:12:54,181 - INFO - BuildTower - OpenPoseThread: Gaze3D frame=312 id=right label=Right person v=[-0.565, 0.114, 0.817] yaw=-34.7 pitch=-6.5
2025-12-18 17:12:54,943 - INFO - BuildTower - OpenPoseThread: gaze frame_idx=320 ts=2025-12-18T17:12:54.925763Z people=2
2025-12-18 17:12:54,943 - INFO - BuildTower - OpenPoseThread: Gaze3D frame=320 id=left label=Left person v=[-0.258, 0.346, 0.902] yaw=-16.0 pitch=-20.2
2025-12-18 17:12:54,943 - INFO - BuildTower - OpenPoseThread: Gaze3D frame=320 id=right label=Right person v=[-0.479, -0.185, 0.858] yaw=-29.2 pitch=10.7
2025-12-18 17:12:55,705 - INFO - BuildTower - OpenPoseThread: gaze frame_idx=328 ts=2025-12-18T17:12:55.703321Z people=2
2025-12-18 17:12:55,705 - INFO - BuildTower - OpenPoseThread: Gaze3D frame=328 id=left label=Left person v=[-0.219, 0.356, 0.909] yaw=-13.5 pitch=-20.8
2025-12-18 17:12:55,705 - INFO - BuildTower - OpenPoseThread: Gaze3D frame=328 id=right label=Right person v=[-0.460, -0.101, 0.882] yaw=-27.5 pitch=5.8
2025-12-18 17:12:56,578 - INFO - BuildTower - OpenPoseThread: gaze frame_idx=336 ts=2025-12-18T17:12:56.476944Z people=2
2025-12-18 17:12:56,578 - INFO - BuildTower - OpenPoseThread: Gaze3D frame=336 id=left label=Left person v=[-0.237, 0.438, 0.867] yaw=-15.3 pitch=-26.0
2025-12-18 17:12:56,578 - INFO - BuildTower - OpenPoseThread: Gaze3D frame=336 id=right label=Right person v=[-0.458, 0.109, 0.882] yaw=-27.5 pitch=-6.3
2025-12-18 17:12:56,993 - INFO - BuildTower - Robot action ended.
2025-12-18 17:12:56,993 - INFO - BuildTower - Attempting to go to position: x=0.735, y=0.0, z=0.387, theta_x=100.0, theta_y=0.0, theta_z=90.0
2025-12-18 17:12:56,993 - DEBUG - BuildTower - Set speed for pose: translation=1, orientation=100
2025-12-18 17:12:57,004 - INFO - BuildTower - Pose action initiated, waiting for completion.
2025-12-18 17:12:57,230 - INFO - BuildTower - OpenPoseThread: gaze frame_idx=344 ts=2025-12-18T17:12:57.175175Z people=2
2025-12-18 17:12:57,231 - INFO - BuildTower - OpenPoseThread: Gaze3D frame=344 id=left label=Left person v=[-0.206, 0.507, 0.837] yaw=-13.8 pitch=-30.5
2025-12-18 17:12:57,231 - INFO - BuildTower - OpenPoseThread: Gaze3D frame=344 id=right label=Right person v=[-0.466, 0.084, 0.881] yaw=-27.9 pitch=-4.8
2025-12-18 17:12:57,714 - INFO - BuildTower - Robot action ended.
2025-12-18 17:12:57,716 - INFO - BuildTower - Sending gripper command: value=0
2025-12-18 17:12:57,993 - INFO - BuildTower - OpenPoseThread: gaze frame_idx=352 ts=2025-12-18T17:12:57.922846Z people=2
2025-12-18 17:12:57,993 - INFO - BuildTower - OpenPoseThread: Gaze3D frame=352 id=left label=Left person v=[-0.215, 0.563, 0.798] yaw=-15.1 pitch=-34.3
2025-12-18 17:12:57,993 - INFO - BuildTower - OpenPoseThread: Gaze3D frame=352 id=right label=Right person v=[-0.368, 0.191, 0.910] yaw=-22.0 pitch=-11.0
2025-12-18 17:12:58,228 - INFO - BuildTower - Gripper command 0 sent successfully.
2025-12-18 17:12:58,229 - INFO - BuildTower - Attempting to go to position: x=0.735, y=0.0, z=0.432, theta_x=100.0, theta_y=0.0, theta_z=90.0
2025-12-18 17:12:58,230 - DEBUG - BuildTower - Set speed for pose: translation=1, orientation=100
2025-12-18 17:12:58,254 - INFO - BuildTower - Pose action initiated, waiting for completion.
2025-12-18 17:12:58,756 - INFO - BuildTower - OpenPoseThread: gaze frame_idx=360 ts=2025-12-18T17:12:58.670535Z people=2
2025-12-18 17:12:58,756 - INFO - BuildTower - OpenPoseThread: Gaze3D frame=360 id=left label=Left person v=[-0.297, 0.367, 0.882] yaw=-18.6 pitch=-21.5
2025-12-18 17:12:58,756 - INFO - BuildTower - OpenPoseThread: Gaze3D frame=360 id=right label=Right person v=[-0.474, -0.060, 0.878] yaw=-28.4 pitch=3.5
2025-12-18 17:12:58,985 - INFO - BuildTower - Robot action ended.
2025-12-18 17:12:58,985 - INFO - BuildTower - Robot completed its turn. Robot turn count: 2
2025-12-18 17:12:58,985 - INFO - BuildTower - Executing turn 3 out of 9.
2025-12-18 17:12:59,016 - INFO - BuildTower - Sending robot to home position.
2025-12-18 17:12:59,408 - INFO - BuildTower - OpenPoseThread: gaze frame_idx=368 ts=2025-12-18T17:12:59.383452Z people=2
2025-12-18 17:12:59,409 - INFO - BuildTower - OpenPoseThread: Gaze3D frame=368 id=left label=Left person v=[-0.247, 0.155, 0.957] yaw=-14.5 pitch=-8.9
2025-12-18 17:12:59,409 - INFO - BuildTower - OpenPoseThread: Gaze3D frame=368 id=right label=Right person v=[-0.205, -0.668, 0.716] yaw=-16.0 pitch=41.9
2025-12-18 17:12:59,627 - INFO - BuildTower - Sending to OpenPose (via thread): PR: Arm Extended Check
2025-12-18 17:12:59,630 - INFO - BuildTower - OpenPoseThread: sending cmd: PR: Arm Extended Check
2025-12-18 17:13:00,140 - INFO - BuildTower - OpenPoseThread: gaze frame_idx=376 ts=2025-12-18T17:13:00.132062Z people=2
2025-12-18 17:13:00,140 - INFO - BuildTower - OpenPoseThread: Gaze3D frame=376 id=None label=None v=[-0.221, 0.177, 0.959] yaw=-13.0 pitch=-10.2
2025-12-18 17:13:00,141 - INFO - BuildTower - OpenPoseThread: Gaze3D frame=376 id=None label=None v=[-0.397, -0.351, 0.848] yaw=-25.1 pitch=20.6
2025-12-18 17:13:00,413 - INFO - BuildTower - OpenPoseThread: gaze frame_idx=376 ts=2025-12-18T17:13:00.412807Z people=2
2025-12-18 17:13:00,413 - INFO - BuildTower - OpenPoseThread: Gaze3D frame=376 id=left label=Left person v=[-0.235, 0.118, 0.965] yaw=-13.7 pitch=-6.8
2025-12-18 17:13:00,414 - INFO - BuildTower - OpenPoseThread: Gaze3D frame=376 id=right label=Right person v=[-0.438, 0.025, 0.899] yaw=-26.0 pitch=-1.4
2025-12-18 17:13:01,123 - INFO - BuildTower - OpenPoseThread: gaze frame_idx=384 ts=2025-12-18T17:13:01.122315Z people=2
2025-12-18 17:13:01,123 - INFO - BuildTower - OpenPoseThread: Gaze3D frame=384 id=left label=Left person v=[-0.244, 0.317, 0.917] yaw=-14.9 pitch=-18.5
2025-12-18 17:13:01,124 - INFO - BuildTower - OpenPoseThread: Gaze3D frame=384 id=right label=Right person v=[-0.351, 0.109, 0.930] yaw=-20.7 pitch=-6.2
2025-12-18 17:13:01,924 - INFO - BuildTower - OpenPoseThread: gaze frame_idx=392 ts=2025-12-18T17:13:01.923017Z people=2
2025-12-18 17:13:01,924 - INFO - BuildTower - OpenPoseThread: Gaze3D frame=392 id=left label=Left person v=[-0.265, 0.515, 0.815] yaw=-18.0 pitch=-31.0
2025-12-18 17:13:01,925 - INFO - BuildTower - OpenPoseThread: Gaze3D frame=392 id=right label=Right person v=[-0.309, 0.731, 0.608] yaw=-26.9 pitch=-47.0
2025-12-18 17:13:09,628 - ERROR - BuildTower - OpenPoseThread: timeout waiting for reply for cmd=PR: Arm Extended Check
2025-12-18 17:13:09,628 - INFO - BuildTower - Sending to OpenPose (via thread): PR: Arm Retracted Check
2025-12-18 17:13:18,463 - INFO - BuildTower - OpenPoseThread: gaze frame_idx=400 ts=2025-12-18T17:13:18.462841Z people=2
2025-12-18 17:13:18,463 - INFO - BuildTower - OpenPoseThread: Gaze3D frame=400 id=left label=Left person v=[-0.217, 0.477, 0.852] yaw=-14.3 pitch=-28.5
2025-12-18 17:13:18,464 - INFO - BuildTower - OpenPoseThread: Gaze3D frame=400 id=right label=Right person v=[-0.515, 0.397, 0.760] yaw=-34.1 pitch=-23.4
2025-12-18 17:13:19,178 - INFO - BuildTower - OpenPoseThread: gaze frame_idx=408 ts=2025-12-18T17:13:19.177102Z people=2
2025-12-18 17:13:19,178 - INFO - BuildTower - OpenPoseThread: Gaze3D frame=408 id=left label=Left person v=[-0.138, 0.640, 0.756] yaw=-10.4 pitch=-39.8
2025-12-18 17:13:19,178 - INFO - BuildTower - OpenPoseThread: Gaze3D frame=408 id=right label=Right person v=[-0.474, 0.240, 0.847] yaw=-29.2 pitch=-13.9
2025-12-18 17:13:19,629 - ERROR - BuildTower - OpenPoseThread: timeout waiting for reply for cmd=PR: Arm Retracted Check
2025-12-18 17:13:19,629 - INFO - BuildTower - Executing turn 4 out of 9.
2025-12-18 17:13:19,660 - INFO - BuildTower - Sending robot to home position.
2025-12-18 17:13:19,874 - INFO - BuildTower - OpenPoseThread: gaze frame_idx=416 ts=2025-12-18T17:13:19.873718Z people=2
2025-12-18 17:13:19,875 - INFO - BuildTower - OpenPoseThread: Gaze3D frame=416 id=left label=Left person v=[-0.103, 0.481, 0.871] yaw=-6.8 pitch=-28.8
2025-12-18 17:13:19,875 - INFO - BuildTower - OpenPoseThread: Gaze3D frame=416 id=right label=Right person v=[-0.309, 0.170, 0.936] yaw=-18.3 pitch=-9.8
2025-12-18 17:13:20,102 - INFO - BuildTower - OpenPoseThread: received reply: Right: Arm Extended
2025-12-18 17:13:20,103 - INFO - BuildTower - OpenPoseThread: sending cmd: PR: Arm Retracted Check
2025-12-18 17:13:20,164 - INFO - BuildTower - OpenPoseThread: received reply: Right: Arm Retracted
2025-12-18 17:13:20,280 - INFO - BuildTower - Sending to OpenPose (via thread): PL: Arm Extended Check
2025-12-18 17:13:20,281 - INFO - BuildTower - OpenPoseThread: sending cmd: PL: Arm Extended Check
2025-12-18 17:13:20,281 - INFO - BuildTower - Sending to OpenPose (via thread): PL: Arm Retracted Check
2025-12-18 17:13:20,281 - INFO - BuildTower - Executing turn 5 out of 9.
2025-12-18 17:13:20,314 - INFO - BuildTower - Sending robot to home position.
2025-12-18 17:13:20,543 - INFO - BuildTower - OpenPoseThread: gaze frame_idx=424 ts=2025-12-18T17:13:20.534436Z people=2
2025-12-18 17:13:20,543 - INFO - BuildTower - OpenPoseThread: Gaze3D frame=424 id=left label=Left person v=[-0.129, 0.529, 0.838] yaw=-8.8 pitch=-32.0
2025-12-18 17:13:20,543 - INFO - BuildTower - OpenPoseThread: Gaze3D frame=424 id=right label=Right person v=[-0.450, 0.324, 0.832] yaw=-28.4 pitch=-18.9
2025-12-18 17:13:20,739 - INFO - BuildTower - OpenPoseThread: received reply: Left: Arm Extended
2025-12-18 17:13:20,739 - INFO - BuildTower - OpenPoseThread: sending cmd: PL: Arm Retracted Check
2025-12-18 17:13:20,805 - INFO - BuildTower - OpenPoseThread: received reply: Left: Arm Retracted
2025-12-18 17:13:20,929 - INFO - BuildTower - Sending to OpenPose (via thread): PR: Arm Extended Check
2025-12-18 17:13:20,929 - INFO - BuildTower - Sending to OpenPose (via thread): PR: Arm Retracted Check
2025-12-18 17:13:20,930 - INFO - BuildTower - OpenPoseThread: sending cmd: PR: Arm Extended Check
2025-12-18 17:13:20,930 - INFO - BuildTower - Executing turn 6 out of 9.
2025-12-18 17:13:20,961 - INFO - BuildTower - Sending robot to home position.
2025-12-18 17:13:21,337 - INFO - BuildTower - OpenPoseThread: gaze frame_idx=432 ts=2025-12-18T17:13:21.336481Z people=2
2025-12-18 17:13:21,337 - INFO - BuildTower - OpenPoseThread: Gaze3D frame=432 id=left label=Left person v=[-0.128, 0.390, 0.912] yaw=-8.0 pitch=-23.0
2025-12-18 17:13:21,337 - INFO - BuildTower - OpenPoseThread: Gaze3D frame=432 id=right label=Right person v=[-0.483, 0.049, 0.874] yaw=-28.9 pitch=-2.8
2025-12-18 17:13:21,580 - INFO - BuildTower - Sending to OpenPose (via thread): PL: Arm Extended Check
2025-12-18 17:13:22,063 - INFO - BuildTower - OpenPoseThread: gaze frame_idx=440 ts=2025-12-18T17:13:22.062152Z people=2
2025-12-18 17:13:22,063 - INFO - BuildTower - OpenPoseThread: Gaze3D frame=440 id=left label=Left person v=[-0.241, 0.215, 0.947] yaw=-14.3 pitch=-12.4
2025-12-18 17:13:22,064 - INFO - BuildTower - OpenPoseThread: Gaze3D frame=440 id=right label=Right person v=[-0.459, 0.454, 0.764] yaw=-31.0 pitch=-27.0
2025-12-18 17:13:22,768 - INFO - BuildTower - OpenPoseThread: gaze frame_idx=448 ts=2025-12-18T17:13:22.767577Z people=2
2025-12-18 17:13:22,769 - INFO - BuildTower - OpenPoseThread: Gaze3D frame=448 id=left label=Left person v=[-0.323, 0.344, 0.882] yaw=-20.1 pitch=-20.1
2025-12-18 17:13:22,769 - INFO - BuildTower - OpenPoseThread: Gaze3D frame=448 id=right label=Right person v=[-0.430, 0.371, 0.823] yaw=-27.6 pitch=-21.8
2025-12-18 17:13:23,535 - INFO - BuildTower - OpenPoseThread: gaze frame_idx=456 ts=2025-12-18T17:13:23.534579Z people=2
2025-12-18 17:13:23,536 - INFO - BuildTower - OpenPoseThread: Gaze3D frame=456 id=left label=Left person v=[-0.182, 0.287, 0.941] yaw=-10.9 pitch=-16.7
2025-12-18 17:13:23,536 - INFO - BuildTower - OpenPoseThread: Gaze3D frame=456 id=right label=Right person v=[-0.376, 0.218, 0.901] yaw=-22.6 pitch=-12.6
2025-12-18 17:13:24,327 - INFO - BuildTower - OpenPoseThread: gaze frame_idx=464 ts=2025-12-18T17:13:24.326152Z people=2
2025-12-18 17:13:24,327 - INFO - BuildTower - OpenPoseThread: Gaze3D frame=464 id=left label=Left person v=[-0.187, 0.191, 0.964] yaw=-11.0 pitch=-11.0
2025-12-18 17:13:24,328 - INFO - BuildTower - OpenPoseThread: Gaze3D frame=464 id=right label=Right person v=[-0.471, -0.242, 0.848] yaw=-29.0 pitch=14.0
2025-12-18 17:13:25,032 - INFO - BuildTower - OpenPoseThread: gaze frame_idx=472 ts=2025-12-18T17:13:25.030993Z people=2
2025-12-18 17:13:25,032 - INFO - BuildTower - OpenPoseThread: Gaze3D frame=472 id=left label=Left person v=[-0.177, 0.279, 0.944] yaw=-10.6 pitch=-16.2
2025-12-18 17:13:25,032 - INFO - BuildTower - OpenPoseThread: Gaze3D frame=472 id=right label=Right person v=[-0.410, -0.171, 0.896] yaw=-24.6 pitch=9.8
2025-12-18 17:13:25,747 - INFO - BuildTower - OpenPoseThread: gaze frame_idx=480 ts=2025-12-18T17:13:25.739528Z people=2
2025-12-18 17:13:25,747 - INFO - BuildTower - OpenPoseThread: Gaze3D frame=480 id=left label=Left person v=[-0.159, 0.236, 0.959] yaw=-9.4 pitch=-13.6
2025-12-18 17:13:25,748 - INFO - BuildTower - OpenPoseThread: Gaze3D frame=480 id=right label=Right person v=[-0.458, -0.475, 0.752] yaw=-31.4 pitch=28.3
2025-12-18 17:13:26,446 - INFO - BuildTower - OpenPoseThread: gaze frame_idx=488 ts=2025-12-18T17:13:26.444828Z people=2
2025-12-18 17:13:26,446 - INFO - BuildTower - OpenPoseThread: Gaze3D frame=488 id=left label=Left person v=[-0.252, 0.408, 0.877] yaw=-16.1 pitch=-24.1
2025-12-18 17:13:26,446 - INFO - BuildTower - OpenPoseThread: Gaze3D frame=488 id=right label=Right person v=[-0.446, -0.398, 0.802] yaw=-29.1 pitch=23.5
2025-12-18 17:13:27,126 - INFO - BuildTower - OpenPoseThread: gaze frame_idx=496 ts=2025-12-18T17:13:27.125566Z people=2
2025-12-18 17:13:27,127 - INFO - BuildTower - OpenPoseThread: Gaze3D frame=496 id=left label=Left person v=[-0.287, 0.328, 0.900] yaw=-17.7 pitch=-19.2
2025-12-18 17:13:27,127 - INFO - BuildTower - OpenPoseThread: Gaze3D frame=496 id=right label=Right person v=[-0.422, 0.117, 0.899] yaw=-25.1 pitch=-6.7
2025-12-18 17:13:27,185 - INFO - BuildTower - OpenPoseThread: received reply: Right: Arm Extended
2025-12-18 17:13:27,185 - INFO - BuildTower - OpenPoseThread: sending cmd: PR: Arm Retracted Check
2025-12-18 17:13:27,185 - INFO - BuildTower - Sending to OpenPose (via thread): PL: Arm Retracted Check
2025-12-18 17:13:27,542 - INFO - BuildTower - OpenPoseThread: received reply: Right: Arm Retracted
2025-12-18 17:13:27,543 - INFO - BuildTower - OpenPoseThread: sending cmd: PL: Arm Extended Check
2025-12-18 17:13:27,543 - INFO - BuildTower - Executing turn 7 out of 9.
2025-12-18 17:13:27,559 - INFO - BuildTower - Sending robot to home position.
2025-12-18 17:13:27,901 - INFO - BuildTower - OpenPoseThread: gaze frame_idx=504 ts=2025-12-18T17:13:27.900641Z people=2
2025-12-18 17:13:27,902 - INFO - BuildTower - OpenPoseThread: Gaze3D frame=504 id=left label=Left person v=[-0.207, 0.279, 0.938] yaw=-12.5 pitch=-16.2
2025-12-18 17:13:27,902 - INFO - BuildTower - OpenPoseThread: Gaze3D frame=504 id=right label=Right person v=[-0.417, -0.092, 0.904] yaw=-24.7 pitch=5.3
2025-12-18 17:13:28,180 - INFO - BuildTower - Sending to OpenPose (via thread): PR: Arm Extended Check
2025-12-18 17:13:28,624 - INFO - BuildTower - OpenPoseThread: gaze frame_idx=512 ts=2025-12-18T17:13:28.623060Z people=2
2025-12-18 17:13:28,624 - INFO - BuildTower - OpenPoseThread: Gaze3D frame=512 id=left label=Left person v=[-0.360, 0.144, 0.922] yaw=-21.4 pitch=-8.3
2025-12-18 17:13:28,624 - INFO - BuildTower - OpenPoseThread: Gaze3D frame=512 id=right label=Right person v=[-0.438, -0.215, 0.873] yaw=-26.6 pitch=12.4
2025-12-18 17:13:29,330 - INFO - BuildTower - OpenPoseThread: gaze frame_idx=520 ts=2025-12-18T17:13:29.328901Z people=2
2025-12-18 17:13:29,330 - INFO - BuildTower - OpenPoseThread: Gaze3D frame=520 id=left label=Left person v=[-0.215, 0.284, 0.934] yaw=-13.0 pitch=-16.5
2025-12-18 17:13:29,330 - INFO - BuildTower - OpenPoseThread: Gaze3D frame=520 id=right label=Right person v=[-0.407, -0.202, 0.891] yaw=-24.5 pitch=11.7
2025-12-18 17:13:30,057 - INFO - BuildTower - OpenPoseThread: gaze frame_idx=528 ts=2025-12-18T17:13:30.056652Z people=2
2025-12-18 17:13:30,057 - INFO - BuildTower - OpenPoseThread: Gaze3D frame=528 id=left label=Left person v=[-0.189, 0.266, 0.945] yaw=-11.3 pitch=-15.4
2025-12-18 17:13:30,058 - INFO - BuildTower - OpenPoseThread: Gaze3D frame=528 id=right label=Right person v=[-0.131, -0.670, 0.731] yaw=-10.2 pitch=42.1
2025-12-18 17:13:30,246 - INFO - BuildTower - OpenPoseThread: received reply: Left: Arm Extended
2025-12-18 17:13:30,247 - INFO - BuildTower - OpenPoseThread: sending cmd: PL: Arm Retracted Check
2025-12-18 17:13:30,247 - INFO - BuildTower - Sending to OpenPose (via thread): PR: Arm Retracted Check
2025-12-18 17:13:30,853 - INFO - BuildTower - OpenPoseThread: gaze frame_idx=536 ts=2025-12-18T17:13:30.844755Z people=2
2025-12-18 17:13:30,853 - INFO - BuildTower - OpenPoseThread: Gaze3D frame=536 id=left label=Left person v=[-0.292, 0.072, 0.954] yaw=-17.1 pitch=-4.1
2025-12-18 17:13:30,854 - INFO - BuildTower - OpenPoseThread: Gaze3D frame=536 id=right label=Right person v=[-0.569, -0.398, 0.720] yaw=-38.3 pitch=23.4
2025-12-18 17:13:30,984 - INFO - BuildTower - OpenPoseThread: received reply: Left: Arm Retracted
2025-12-18 17:13:30,985 - INFO - BuildTower - OpenPoseThread: sending cmd: PR: Arm Extended Check
2025-12-18 17:13:30,985 - INFO - BuildTower - Executing turn 8 out of 9.
2025-12-18 17:13:30,985 - INFO - BuildTower - Moving block from start 0.28 to target 0.643. Turn: 8, Block Shape: 3
2025-12-18 17:13:30,987 - INFO - BuildTower - Sending gripper command: value=0
2025-12-18 17:13:31,505 - INFO - BuildTower - Gripper command 0 sent successfully.
2025-12-18 17:13:31,507 - INFO - BuildTower - Attempting to go to position: x=0.5, y=-0.2, z=0.325, theta_x=100.0, theta_y=0.0, theta_z=90.0
2025-12-18 17:13:31,507 - DEBUG - BuildTower - Set speed for pose: translation=1, orientation=100
2025-12-18 17:13:31,536 - INFO - BuildTower - Pose action initiated, waiting for completion.
2025-12-18 17:13:31,550 - INFO - BuildTower - OpenPoseThread: gaze frame_idx=544 ts=2025-12-18T17:13:31.548945Z people=2
2025-12-18 17:13:31,550 - INFO - BuildTower - OpenPoseThread: Gaze3D frame=544 id=left label=Left person v=[-0.083, 0.339, 0.937] yaw=-5.1 pitch=-19.8
2025-12-18 17:13:31,550 - INFO - BuildTower - OpenPoseThread: Gaze3D frame=544 id=right label=Right person v=[-0.275, 0.285, 0.918] yaw=-16.6 pitch=-16.5
2025-12-18 17:13:31,611 - INFO - BuildTower - OpenPoseThread: received reply: Right: Arm Extended
2025-12-18 17:13:31,611 - INFO - BuildTower - OpenPoseThread: sending cmd: PR: Arm Retracted Check
2025-12-18 17:13:31,674 - INFO - BuildTower - OpenPoseThread: received reply: Right: Arm Retracted
2025-12-18 17:13:32,326 - INFO - BuildTower - OpenPoseThread: gaze frame_idx=552 ts=2025-12-18T17:13:32.228502Z people=2
2025-12-18 17:13:32,326 - INFO - BuildTower - OpenPoseThread: Gaze3D frame=552 id=None label=None v=[-0.296, 0.483, 0.824] yaw=-19.8 pitch=-28.9
2025-12-18 17:13:32,327 - INFO - BuildTower - OpenPoseThread: Gaze3D frame=552 id=None label=None v=[-0.166, 0.357, 0.919] yaw=-10.2 pitch=-20.9
2025-12-18 17:13:32,538 - INFO - BuildTower - OpenPoseThread: gaze frame_idx=552 ts=2025-12-18T17:13:32.469443Z people=2
2025-12-18 17:13:32,538 - INFO - BuildTower - OpenPoseThread: Gaze3D frame=552 id=left label=Left person v=[-0.146, 0.251, 0.957] yaw=-8.7 pitch=-14.6
2025-12-18 17:13:32,538 - INFO - BuildTower - OpenPoseThread: Gaze3D frame=552 id=right label=Right person v=[-0.432, 0.242, 0.869] yaw=-26.4 pitch=-14.0
2025-12-18 17:13:33,190 - INFO - BuildTower - OpenPoseThread: gaze frame_idx=560 ts=2025-12-18T17:13:33.182209Z people=2
2025-12-18 17:13:33,190 - INFO - BuildTower - OpenPoseThread: Gaze3D frame=560 id=left label=Left person v=[0.097, 0.769, 0.632] yaw=8.8 pitch=-50.2
2025-12-18 17:13:33,191 - INFO - BuildTower - OpenPoseThread: Gaze3D frame=560 id=right label=Right person v=[-0.484, 0.397, 0.780] yaw=-31.8 pitch=-23.4
2025-12-18 17:13:33,953 - INFO - BuildTower - OpenPoseThread: gaze frame_idx=568 ts=2025-12-18T17:13:33.912628Z people=2
2025-12-18 17:13:33,953 - INFO - BuildTower - OpenPoseThread: Gaze3D frame=568 id=left label=Left person v=[-0.256, 0.594, 0.762] yaw=-18.6 pitch=-36.5
2025-12-18 17:13:33,953 - INFO - BuildTower - OpenPoseThread: Gaze3D frame=568 id=right label=Right person v=[-0.633, 0.124, 0.764] yaw=-39.7 pitch=-7.1
2025-12-18 17:13:34,210 - INFO - BuildTower - Robot action ended.
2025-12-18 17:13:34,210 - INFO - BuildTower - Attempting to go to position: x=0.5, y=-0.2, z=0.28, theta_x=100.0, theta_y=0.0, theta_z=90.0
2025-12-18 17:13:34,211 - DEBUG - BuildTower - Set speed for pose: translation=1, orientation=100
2025-12-18 17:13:34,232 - INFO - BuildTower - Pose action initiated, waiting for completion.
2025-12-18 17:13:34,716 - INFO - BuildTower - OpenPoseThread: gaze frame_idx=576 ts=2025-12-18T17:13:34.618245Z people=2
2025-12-18 17:13:34,716 - INFO - BuildTower - OpenPoseThread: Gaze3D frame=576 id=left label=Left person v=[-0.229, 0.671, 0.705] yaw=-18.0 pitch=-42.2
2025-12-18 17:13:34,716 - INFO - BuildTower - OpenPoseThread: Gaze3D frame=576 id=right label=Right person v=[-0.503, 0.615, 0.608] yaw=-39.6 pitch=-37.9
2025-12-18 17:13:34,961 - INFO - BuildTower - Robot action ended.
2025-12-18 17:13:34,964 - INFO - BuildTower - Sending gripper command: value=0.2
2025-12-18 17:13:35,369 - INFO - BuildTower - OpenPoseThread: gaze frame_idx=584 ts=2025-12-18T17:13:35.313003Z people=2
2025-12-18 17:13:35,369 - INFO - BuildTower - OpenPoseThread: Gaze3D frame=584 id=left label=Left person v=[-0.256, 0.482, 0.838] yaw=-17.0 pitch=-28.8
2025-12-18 17:13:35,369 - INFO - BuildTower - OpenPoseThread: Gaze3D frame=584 id=right label=Right person v=[-0.480, 0.366, 0.797] yaw=-31.0 pitch=-21.5
2025-12-18 17:13:35,481 - INFO - BuildTower - Gripper command 0.2 sent successfully.
2025-12-18 17:13:35,484 - INFO - BuildTower - Attempting to go to position: x=0.5, y=-0.2, z=0.685, theta_x=100.0, theta_y=0.0, theta_z=90.0
2025-12-18 17:13:35,484 - DEBUG - BuildTower - Set speed for pose: translation=1, orientation=100
2025-12-18 17:13:35,508 - INFO - BuildTower - Pose action initiated, waiting for completion.
2025-12-18 17:13:36,021 - INFO - BuildTower - OpenPoseThread: gaze frame_idx=592 ts=2025-12-18T17:13:36.004868Z people=2
2025-12-18 17:13:36,021 - INFO - BuildTower - OpenPoseThread: Gaze3D frame=592 id=left label=Left person v=[-0.274, 0.429, 0.861] yaw=-17.7 pitch=-25.4
2025-12-18 17:13:36,022 - INFO - BuildTower - OpenPoseThread: Gaze3D frame=592 id=right label=Right person v=[-0.290, 0.430, 0.855] yaw=-18.8 pitch=-25.5
2025-12-18 17:13:36,784 - INFO - BuildTower - OpenPoseThread: gaze frame_idx=600 ts=2025-12-18T17:13:36.727617Z people=2
2025-12-18 17:13:36,784 - INFO - BuildTower - OpenPoseThread: Gaze3D frame=600 id=left label=Left person v=[-0.128, 0.405, 0.905] yaw=-8.0 pitch=-23.9
2025-12-18 17:13:36,784 - INFO - BuildTower - OpenPoseThread: Gaze3D frame=600 id=right label=Right person v=[-0.466, 0.487, 0.739] yaw=-32.3 pitch=-29.1
2025-12-18 17:13:37,441 - INFO - BuildTower - OpenPoseThread: gaze frame_idx=608 ts=2025-12-18T17:13:37.440402Z people=2
2025-12-18 17:13:37,441 - INFO - BuildTower - OpenPoseThread: Gaze3D frame=608 id=left label=Left person v=[-0.162, 0.318, 0.934] yaw=-9.8 pitch=-18.6
2025-12-18 17:13:37,441 - INFO - BuildTower - OpenPoseThread: Gaze3D frame=608 id=right label=Right person v=[-0.363, 0.407, 0.838] yaw=-23.4 pitch=-24.0
2025-12-18 17:13:38,203 - INFO - BuildTower - OpenPoseThread: gaze frame_idx=616 ts=2025-12-18T17:13:38.151544Z people=2
2025-12-18 17:13:38,204 - INFO - BuildTower - OpenPoseThread: Gaze3D frame=616 id=left label=Left person v=[-0.185, 0.369, 0.911] yaw=-11.5 pitch=-21.6
2025-12-18 17:13:38,204 - INFO - BuildTower - OpenPoseThread: Gaze3D frame=616 id=right label=Right person v=[-0.459, -0.141, 0.877] yaw=-27.7 pitch=8.1
2025-12-18 17:13:38,863 - INFO - BuildTower - OpenPoseThread: gaze frame_idx=624 ts=2025-12-18T17:13:38.862056Z people=2
2025-12-18 17:13:38,863 - INFO - BuildTower - OpenPoseThread: Gaze3D frame=624 id=left label=Left person v=[-0.180, 0.247, 0.952] yaw=-10.7 pitch=-14.3
2025-12-18 17:13:38,863 - INFO - BuildTower - OpenPoseThread: Gaze3D frame=624 id=right label=Right person v=[-0.448, -0.210, 0.869] yaw=-27.2 pitch=12.1
2025-12-18 17:13:39,625 - INFO - BuildTower - OpenPoseThread: gaze frame_idx=632 ts=2025-12-18T17:13:39.573886Z people=2
2025-12-18 17:13:39,625 - INFO - BuildTower - OpenPoseThread: Gaze3D frame=632 id=left label=Left person v=[-0.113, 0.368, 0.923] yaw=-7.0 pitch=-21.6
2025-12-18 17:13:39,626 - INFO - BuildTower - OpenPoseThread: Gaze3D frame=632 id=right label=Right person v=[-0.468, -0.172, 0.867] yaw=-28.4 pitch=9.9
2025-12-18 17:13:39,842 - INFO - BuildTower - Robot action ended.
2025-12-18 17:13:39,842 - INFO - BuildTower - Attempting to go to position: x=0.737, y=0.0, z=0.6880000000000001, theta_x=100.0, theta_y=0.0, theta_z=90.0
2025-12-18 17:13:39,842 - DEBUG - BuildTower - Set speed for pose: translation=1, orientation=100
2025-12-18 17:13:39,883 - INFO - BuildTower - Pose action initiated, waiting for completion.
2025-12-18 17:13:40,277 - INFO - BuildTower - OpenPoseThread: gaze frame_idx=640 ts=2025-12-18T17:13:40.272786Z people=2
2025-12-18 17:13:40,278 - INFO - BuildTower - OpenPoseThread: Gaze3D frame=640 id=left label=Left person v=[-0.157, 0.379, 0.912] yaw=-9.8 pitch=-22.3
2025-12-18 17:13:40,278 - INFO - BuildTower - OpenPoseThread: Gaze3D frame=640 id=right label=Right person v=[-0.410, -0.366, 0.836] yaw=-26.1 pitch=21.5
2025-12-18 17:13:40,931 - INFO - BuildTower - OpenPoseThread: gaze frame_idx=648 ts=2025-12-18T17:13:40.913742Z people=2
2025-12-18 17:13:40,931 - INFO - BuildTower - OpenPoseThread: Gaze3D frame=648 id=left label=Left person v=[-0.158, 0.442, 0.883] yaw=-10.1 pitch=-26.3
2025-12-18 17:13:40,931 - INFO - BuildTower - OpenPoseThread: Gaze3D frame=648 id=right label=Right person v=[-0.640, -0.124, 0.758] yaw=-40.2 pitch=7.1
2025-12-18 17:13:41,693 - INFO - BuildTower - OpenPoseThread: gaze frame_idx=656 ts=2025-12-18T17:13:41.616247Z people=2
2025-12-18 17:13:41,694 - INFO - BuildTower - OpenPoseThread: Gaze3D frame=656 id=left label=Left person v=[-0.233, 0.446, 0.864] yaw=-15.1 pitch=-26.5
2025-12-18 17:13:41,694 - INFO - BuildTower - OpenPoseThread: Gaze3D frame=656 id=right label=Right person v=[-0.548, -0.319, 0.773] yaw=-35.3 pitch=18.6
2025-12-18 17:13:42,345 - INFO - BuildTower - OpenPoseThread: gaze frame_idx=664 ts=2025-12-18T17:13:42.340999Z people=2
2025-12-18 17:13:42,346 - INFO - BuildTower - OpenPoseThread: Gaze3D frame=664 id=left label=Left person v=[-0.209, 0.256, 0.944] yaw=-12.5 pitch=-14.9
2025-12-18 17:13:42,346 - INFO - BuildTower - OpenPoseThread: Gaze3D frame=664 id=right label=Right person v=[-0.507, -0.167, 0.846] yaw=-31.0 pitch=9.6
2025-12-18 17:13:43,266 - INFO - BuildTower - Robot action ended.
2025-12-18 17:13:43,266 - INFO - BuildTower - Attempting to go to position: x=0.737, y=0.0, z=0.643, theta_x=100.0, theta_y=0.0, theta_z=90.0
2025-12-18 17:13:43,266 - DEBUG - BuildTower - Set speed for pose: translation=1, orientation=100
2025-12-18 17:13:43,282 - INFO - BuildTower - Pose action initiated, waiting for completion.
2025-12-18 17:13:44,002 - INFO - BuildTower - OpenPoseThread: gaze frame_idx=672 ts=2025-12-18T17:13:44.001578Z people=2
2025-12-18 17:13:44,002 - INFO - BuildTower - OpenPoseThread: Gaze3D frame=672 id=left label=Left person v=[-0.189, 0.335, 0.923] yaw=-11.6 pitch=-19.6
2025-12-18 17:13:44,002 - INFO - BuildTower - OpenPoseThread: Gaze3D frame=672 id=right label=Right person v=[-0.501, -0.273, 0.821] yaw=-31.4 pitch=15.8
2025-12-18 17:13:44,010 - INFO - BuildTower - Robot action ended.
2025-12-18 17:13:44,012 - INFO - BuildTower - Sending gripper command: value=0
2025-12-18 17:13:44,531 - INFO - BuildTower - Gripper command 0 sent successfully.
2025-12-18 17:13:44,533 - INFO - BuildTower - Attempting to go to position: x=0.737, y=0.0, z=0.6880000000000001, theta_x=100.0, theta_y=0.0, theta_z=90.0
2025-12-18 17:13:44,534 - DEBUG - BuildTower - Set speed for pose: translation=1, orientation=100
2025-12-18 17:13:44,558 - INFO - BuildTower - Pose action initiated, waiting for completion.
2025-12-18 17:13:44,874 - INFO - BuildTower - OpenPoseThread: gaze frame_idx=680 ts=2025-12-18T17:13:44.829030Z people=2
2025-12-18 17:13:44,874 - INFO - BuildTower - OpenPoseThread: Gaze3D frame=680 id=left label=Left person v=[-0.171, 0.403, 0.899] yaw=-10.8 pitch=-23.8
2025-12-18 17:13:44,875 - INFO - BuildTower - OpenPoseThread: Gaze3D frame=680 id=right label=Right person v=[-0.658, 0.128, 0.742] yaw=-41.6 pitch=-7.4
2025-12-18 17:13:45,285 - INFO - BuildTower - Robot action ended.
2025-12-18 17:13:45,285 - INFO - BuildTower - Robot completed its turn. Robot turn count: 3
2025-12-18 17:13:45,285 - INFO - BuildTower - Configuration number 1 finished.
2025-12-18 17:13:45,285 - INFO - BuildTower - Received reply from OpenPose server: Right: Arm Extended
2025-12-18 17:13:45,285 - INFO - BuildTower - OpenPoseThread: sending cmd: Configuration finished
2025-12-18 17:13:45,549 - INFO - BuildTower - OpenPoseThread: gaze frame_idx=688 ts=2025-12-18T17:13:45.547984Z people=2
2025-12-18 17:13:45,549 - INFO - BuildTower - OpenPoseThread: Gaze3D frame=688 id=left label=Left person v=[-0.119, 0.593, 0.796] yaw=-8.5 pitch=-36.4
2025-12-18 17:13:45,549 - INFO - BuildTower - OpenPoseThread: Gaze3D frame=688 id=right label=Right person v=[-0.437, -0.299, 0.849] yaw=-27.2 pitch=17.4
2025-12-18 17:13:45,549 - INFO - BuildTower - OpenPoseThread: received reply: Received
2025-12-18 17:14:52,613 - INFO - BuildTower - User pressed Enter. Continuing with configuration 2
