2025-11-07 15:58:46,481 - INFO - BuildTower - Connected to OpenPose server
2025-11-07 15:58:46,482 - INFO - BuildTower - Connected to Gaze server
2025-11-07 15:58:46,630 - INFO - BuildTower - Robot parameters: robot_name=my_gen3, dof=7, gripper_present=True
2025-11-07 15:58:46,635 - INFO - BuildTower - Service initialized: /my_gen3/base/clear_faults
2025-11-07 15:58:46,637 - INFO - BuildTower - Service initialized: /my_gen3/base/read_action
2025-11-07 15:58:46,639 - INFO - BuildTower - Service initialized: /my_gen3/base/execute_action
2025-11-07 15:58:46,640 - INFO - BuildTower - Service initialized: /my_gen3/control_config/set_cartesian_reference_frame
2025-11-07 15:58:46,641 - INFO - BuildTower - Service initialized: /my_gen3/base/activate_publishing_of_action_topic
2025-11-07 15:58:46,643 - INFO - BuildTower - Service initialized: /my_gen3/base/send_gripper_command
2025-11-07 15:58:46,643 - INFO - BuildTower - BuildTower class initialized successfully.
2025-11-07 15:58:46,644 - INFO - BuildTower - ROS parameter /kortex_examples_test_results/cartesian_poses_with_notifications_python did not exist or could not be deleted.
2025-11-07 15:58:46,645 - INFO - BuildTower - Starting main robot control loop.
2025-11-07 15:58:46,670 - INFO - BuildTower - Robot faults cleared successfully.
2025-11-07 15:58:49,196 - INFO - BuildTower - Cartesian reference frame set successfully.
2025-11-07 15:58:49,198 - INFO - BuildTower - Activating action notifications.
2025-11-07 15:58:49,203 - INFO - BuildTower - Action Notifications successfully activated.
2025-11-07 15:58:50,224 - INFO - BuildTower - Sending robot to home position.
2025-11-07 15:59:01,827 - INFO - BuildTower - User pressed Enter. Continuing with configuration 1
2025-11-07 15:59:01,827 - INFO - BuildTower - Parsing information from file: config2
2025-11-07 15:59:01,827 - INFO - BuildTower - Parsed turn_order: ybypbpbpy

2025-11-07 15:59:01,827 - INFO - BuildTower - Parsed object_order: 143

2025-11-07 15:59:01,828 - INFO - BuildTower - Sent turn_order and waiting for response from OpenPose server.
2025-11-07 15:59:01,828 - INFO - BuildTower - Sending turn order to OpenPose server: ybypbpbpy

2025-11-07 15:59:01,829 - INFO - BuildTower - Received reply from OpenPose server: Order Received
2025-11-07 15:59:01,829 - INFO - BuildTower - Executing turn 0 out of 9.
2025-11-07 15:59:01,853 - INFO - BuildTower - Sending robot to home position.
2025-11-07 15:59:02,470 - INFO - BuildTower - Moving block from start 0.28 to target 0.307. Turn: 0, Block Shape: 1
2025-11-07 15:59:02,473 - INFO - BuildTower - Sending gripper command: value=0
2025-11-07 15:59:02,995 - INFO - BuildTower - Gripper command 0 sent successfully.
2025-11-07 15:59:02,998 - INFO - BuildTower - Attempting to go to position: x=0.47, y=0.18, z=0.325, theta_x=100.0, theta_y=0.0, theta_z=90.0
2025-11-07 15:59:02,998 - DEBUG - BuildTower - Set speed for pose: translation=1, orientation=100
2025-11-07 15:59:03,026 - INFO - BuildTower - Pose action initiated, waiting for completion.
2025-11-07 15:59:05,659 - INFO - BuildTower - Robot action ended.
2025-11-07 15:59:05,659 - INFO - BuildTower - Attempting to go to position: x=0.47, y=0.18, z=0.28, theta_x=100.0, theta_y=0.0, theta_z=90.0
2025-11-07 15:59:05,659 - DEBUG - BuildTower - Set speed for pose: translation=1, orientation=100
2025-11-07 15:59:05,697 - INFO - BuildTower - Pose action initiated, waiting for completion.
2025-11-07 15:59:06,425 - INFO - BuildTower - Robot action ended.
2025-11-07 15:59:06,428 - INFO - BuildTower - Sending gripper command: value=0.075
2025-11-07 15:59:06,946 - INFO - BuildTower - Gripper command 0.075 sent successfully.
2025-11-07 15:59:06,948 - INFO - BuildTower - Attempting to go to position: x=0.47, y=0.18, z=0.325, theta_x=100.0, theta_y=0.0, theta_z=90.0
2025-11-07 15:59:06,949 - DEBUG - BuildTower - Set speed for pose: translation=1, orientation=100
2025-11-07 15:59:06,973 - INFO - BuildTower - Pose action initiated, waiting for completion.
2025-11-07 15:59:07,711 - INFO - BuildTower - Robot action ended.
2025-11-07 15:59:07,711 - INFO - BuildTower - Attempting to go to position: x=0.735, y=0.0, z=0.352, theta_x=100.0, theta_y=0.0, theta_z=90.0
2025-11-07 15:59:07,711 - DEBUG - BuildTower - Set speed for pose: translation=1, orientation=100
2025-11-07 15:59:07,721 - INFO - BuildTower - Pose action initiated, waiting for completion.
2025-11-07 15:59:11,211 - INFO - BuildTower - Robot action ended.
2025-11-07 15:59:11,212 - INFO - BuildTower - Attempting to go to position: x=0.735, y=0.0, z=0.307, theta_x=100.0, theta_y=0.0, theta_z=90.0
2025-11-07 15:59:11,212 - DEBUG - BuildTower - Set speed for pose: translation=1, orientation=100
2025-11-07 15:59:11,222 - INFO - BuildTower - Pose action initiated, waiting for completion.
2025-11-07 15:59:11,960 - INFO - BuildTower - Robot action ended.
2025-11-07 15:59:11,962 - INFO - BuildTower - Sending gripper command: value=0
2025-11-07 15:59:12,470 - INFO - BuildTower - Gripper command 0 sent successfully.
2025-11-07 15:59:12,473 - INFO - BuildTower - Attempting to go to position: x=0.735, y=0.0, z=0.352, theta_x=100.0, theta_y=0.0, theta_z=90.0
2025-11-07 15:59:12,473 - DEBUG - BuildTower - Set speed for pose: translation=1, orientation=100
2025-11-07 15:59:12,526 - INFO - BuildTower - Pose action initiated, waiting for completion.
2025-11-07 15:59:13,270 - INFO - BuildTower - Robot action ended.
2025-11-07 15:59:13,270 - INFO - BuildTower - Robot completed its turn. Robot turn count: 1
2025-11-07 15:59:13,271 - INFO - BuildTower - Executing turn 1 out of 9.
2025-11-07 15:59:13,300 - INFO - BuildTower - Sending robot to home position.
2025-11-07 15:59:13,922 - INFO - BuildTower - Sent 'PL: Arm Extended Check' to OpenPose server.
2025-11-07 15:59:15,814 - INFO - BuildTower - Received reply from OpenPose: Left: Arm Extended
2025-11-07 15:59:15,815 - INFO - BuildTower - Sent 'PL: Arm Retracted Check' to OpenPose server.
2025-11-07 15:59:15,880 - INFO - BuildTower - Received reply from OpenPose: Left: Arm Retracted
2025-11-07 15:59:15,881 - INFO - BuildTower - Executing turn 2 out of 9.
2025-11-07 15:59:15,901 - INFO - BuildTower - Sending robot to home position.
2025-11-07 15:59:16,522 - INFO - BuildTower - Moving block from start 0.3 to target 0.387. Turn: 2, Block Shape: 4
2025-11-07 15:59:16,524 - INFO - BuildTower - Sending gripper command: value=0
2025-11-07 15:59:17,046 - INFO - BuildTower - Gripper command 0 sent successfully.
2025-11-07 15:59:17,049 - INFO - BuildTower - Attempting to go to position: x=0.3, y=0.3, z=0.345, theta_x=100.0, theta_y=0.0, theta_z=90.0
2025-11-07 15:59:17,049 - DEBUG - BuildTower - Set speed for pose: translation=1, orientation=100
2025-11-07 15:59:17,073 - INFO - BuildTower - Pose action initiated, waiting for completion.
2025-11-07 15:59:21,510 - INFO - BuildTower - Robot action ended.
2025-11-07 15:59:21,510 - INFO - BuildTower - Attempting to go to position: x=0.3, y=0.3, z=0.3, theta_x=100.0, theta_y=0.0, theta_z=90.0
2025-11-07 15:59:21,510 - DEBUG - BuildTower - Set speed for pose: translation=1, orientation=100
2025-11-07 15:59:21,523 - INFO - BuildTower - Pose action initiated, waiting for completion.
2025-11-07 15:59:22,252 - INFO - BuildTower - Robot action ended.
2025-11-07 15:59:22,254 - INFO - BuildTower - Sending gripper command: value=0.7
2025-11-07 15:59:22,772 - INFO - BuildTower - Gripper command 0.7 sent successfully.
2025-11-07 15:59:22,774 - INFO - BuildTower - Attempting to go to position: x=0.3, y=0.3, z=0.435, theta_x=100.0, theta_y=0.0, theta_z=90.0
2025-11-07 15:59:22,775 - DEBUG - BuildTower - Set speed for pose: translation=1, orientation=100
2025-11-07 15:59:22,798 - INFO - BuildTower - Pose action initiated, waiting for completion.
2025-11-07 15:59:24,433 - INFO - BuildTower - Robot action ended.
2025-11-07 15:59:24,434 - INFO - BuildTower - Attempting to go to position: x=0.735, y=0.0, z=0.432, theta_x=100.0, theta_y=0.0, theta_z=90.0
2025-11-07 15:59:24,434 - DEBUG - BuildTower - Set speed for pose: translation=1, orientation=100
2025-11-07 15:59:24,448 - INFO - BuildTower - Pose action initiated, waiting for completion.
2025-11-07 15:59:30,004 - INFO - BuildTower - Robot action ended.
2025-11-07 15:59:30,004 - INFO - BuildTower - Attempting to go to position: x=0.735, y=0.0, z=0.387, theta_x=100.0, theta_y=0.0, theta_z=90.0
2025-11-07 15:59:30,004 - DEBUG - BuildTower - Set speed for pose: translation=1, orientation=100
2025-11-07 15:59:30,028 - INFO - BuildTower - Pose action initiated, waiting for completion.
2025-11-07 15:59:30,755 - INFO - BuildTower - Robot action ended.
2025-11-07 15:59:30,758 - INFO - BuildTower - Sending gripper command: value=0
2025-11-07 15:59:31,273 - INFO - BuildTower - Gripper command 0 sent successfully.
2025-11-07 15:59:31,275 - INFO - BuildTower - Attempting to go to position: x=0.735, y=0.0, z=0.432, theta_x=100.0, theta_y=0.0, theta_z=90.0
2025-11-07 15:59:31,275 - DEBUG - BuildTower - Set speed for pose: translation=1, orientation=100
2025-11-07 15:59:31,299 - INFO - BuildTower - Pose action initiated, waiting for completion.
2025-11-07 15:59:32,028 - INFO - BuildTower - Robot action ended.
2025-11-07 15:59:32,028 - INFO - BuildTower - Robot completed its turn. Robot turn count: 2
2025-11-07 15:59:32,028 - INFO - BuildTower - Executing turn 3 out of 9.
2025-11-07 15:59:32,056 - INFO - BuildTower - Sending robot to home position.
2025-11-07 15:59:32,673 - INFO - BuildTower - Sent 'PR: Arm Extended Check' to OpenPose server.
2025-11-07 15:59:41,971 - INFO - BuildTower - Received reply from OpenPose: Right: Arm Extended
2025-11-07 15:59:41,971 - INFO - BuildTower - Sent 'PR: Arm Retracted Check' to OpenPose server.
2025-11-07 15:59:42,033 - INFO - BuildTower - Received reply from OpenPose: Right: Arm Retracted
2025-11-07 15:59:42,034 - INFO - BuildTower - Executing turn 4 out of 9.
2025-11-07 15:59:42,053 - INFO - BuildTower - Sending robot to home position.
2025-11-07 15:59:42,674 - INFO - BuildTower - Sent 'PL: Arm Extended Check' to OpenPose server.
2025-11-07 15:59:44,916 - INFO - BuildTower - Received reply from OpenPose: Left: Arm Extended
2025-11-07 15:59:44,916 - INFO - BuildTower - Sent 'PL: Arm Retracted Check' to OpenPose server.
2025-11-07 15:59:44,977 - INFO - BuildTower - Received reply from OpenPose: Left: Arm Retracted
2025-11-07 15:59:44,977 - INFO - BuildTower - Executing turn 5 out of 9.
2025-11-07 15:59:45,004 - INFO - BuildTower - Sending robot to home position.
2025-11-07 15:59:45,624 - INFO - BuildTower - Sent 'PR: Arm Extended Check' to OpenPose server.
2025-11-07 15:59:49,319 - INFO - BuildTower - Received reply from OpenPose: Right: Arm Extended
2025-11-07 15:59:49,319 - INFO - BuildTower - Sent 'PR: Arm Retracted Check' to OpenPose server.
2025-11-07 15:59:49,383 - INFO - BuildTower - Received reply from OpenPose: Right: Arm Retracted
2025-11-07 15:59:49,383 - INFO - BuildTower - Executing turn 6 out of 9.
2025-11-07 15:59:49,404 - INFO - BuildTower - Sending robot to home position.
2025-11-07 15:59:50,024 - INFO - BuildTower - Sent 'PL: Arm Extended Check' to OpenPose server.
2025-11-07 15:59:55,209 - INFO - BuildTower - Received reply from OpenPose: Left: Arm Extended
2025-11-07 15:59:55,210 - INFO - BuildTower - Sent 'PL: Arm Retracted Check' to OpenPose server.
2025-11-07 15:59:55,272 - INFO - BuildTower - Received reply from OpenPose: Left: Arm Retracted
2025-11-07 15:59:55,273 - INFO - BuildTower - Executing turn 7 out of 9.
2025-11-07 15:59:55,305 - INFO - BuildTower - Sending robot to home position.
2025-11-07 15:59:55,925 - INFO - BuildTower - Sent 'PR: Arm Extended Check' to OpenPose server.
2025-11-07 16:00:03,735 - INFO - BuildTower - Received reply from OpenPose: Right: Arm Extended
2025-11-07 16:00:03,736 - INFO - BuildTower - Sent 'PR: Arm Retracted Check' to OpenPose server.
2025-11-07 16:00:03,801 - INFO - BuildTower - Received reply from OpenPose: Right: Arm Retracted
2025-11-07 16:00:03,801 - INFO - BuildTower - Executing turn 8 out of 9.
2025-11-07 16:00:03,831 - INFO - BuildTower - Sending robot to home position.
2025-11-07 16:00:04,454 - INFO - BuildTower - Moving block from start 0.28 to target 0.643. Turn: 8, Block Shape: 3
2025-11-07 16:00:04,456 - INFO - BuildTower - Sending gripper command: value=0
2025-11-07 16:00:04,975 - INFO - BuildTower - Gripper command 0 sent successfully.
2025-11-07 16:00:04,978 - INFO - BuildTower - Attempting to go to position: x=0.5, y=-0.2, z=0.325, theta_x=100.0, theta_y=0.0, theta_z=90.0
2025-11-07 16:00:04,978 - DEBUG - BuildTower - Set speed for pose: translation=1, orientation=100
2025-11-07 16:00:05,001 - INFO - BuildTower - Pose action initiated, waiting for completion.
2025-11-07 16:00:07,683 - INFO - BuildTower - Robot action ended.
2025-11-07 16:00:07,683 - INFO - BuildTower - Attempting to go to position: x=0.5, y=-0.2, z=0.28, theta_x=100.0, theta_y=0.0, theta_z=90.0
2025-11-07 16:00:07,683 - DEBUG - BuildTower - Set speed for pose: translation=1, orientation=100
2025-11-07 16:00:07,703 - INFO - BuildTower - Pose action initiated, waiting for completion.
2025-11-07 16:00:08,431 - INFO - BuildTower - Robot action ended.
2025-11-07 16:00:08,433 - INFO - BuildTower - Sending gripper command: value=0.2
2025-11-07 16:00:08,951 - INFO - BuildTower - Gripper command 0.2 sent successfully.
2025-11-07 16:00:08,953 - INFO - BuildTower - Attempting to go to position: x=0.5, y=-0.2, z=0.685, theta_x=100.0, theta_y=0.0, theta_z=90.0
2025-11-07 16:00:08,954 - DEBUG - BuildTower - Set speed for pose: translation=1, orientation=100
2025-11-07 16:00:08,977 - INFO - BuildTower - Pose action initiated, waiting for completion.
2025-11-07 16:00:13,313 - INFO - BuildTower - Robot action ended.
2025-11-07 16:00:13,313 - INFO - BuildTower - Attempting to go to position: x=0.737, y=0.0, z=0.6880000000000001, theta_x=100.0, theta_y=0.0, theta_z=90.0
2025-11-07 16:00:13,313 - DEBUG - BuildTower - Set speed for pose: translation=1, orientation=100
2025-11-07 16:00:13,331 - INFO - BuildTower - Pose action initiated, waiting for completion.
2025-11-07 16:00:16,710 - INFO - BuildTower - Robot action ended.
2025-11-07 16:00:16,711 - INFO - BuildTower - Attempting to go to position: x=0.737, y=0.0, z=0.643, theta_x=100.0, theta_y=0.0, theta_z=90.0
2025-11-07 16:00:16,711 - DEBUG - BuildTower - Set speed for pose: translation=1, orientation=100
2025-11-07 16:00:16,727 - INFO - BuildTower - Pose action initiated, waiting for completion.
2025-11-07 16:00:17,455 - INFO - BuildTower - Robot action ended.
2025-11-07 16:00:17,456 - INFO - BuildTower - Sending gripper command: value=0
2025-11-07 16:00:17,977 - INFO - BuildTower - Gripper command 0 sent successfully.
2025-11-07 16:00:17,978 - INFO - BuildTower - Attempting to go to position: x=0.737, y=0.0, z=0.6880000000000001, theta_x=100.0, theta_y=0.0, theta_z=90.0
2025-11-07 16:00:17,978 - DEBUG - BuildTower - Set speed for pose: translation=1, orientation=100
2025-11-07 16:00:18,007 - INFO - BuildTower - Pose action initiated, waiting for completion.
2025-11-07 16:00:18,736 - INFO - BuildTower - Robot action ended.
2025-11-07 16:00:18,736 - INFO - BuildTower - Robot completed its turn. Robot turn count: 3
2025-11-07 16:00:18,736 - INFO - BuildTower - Configuration number 1 finished.
2025-11-07 16:00:18,737 - INFO - BuildTower - Sent 'Configuration finished' to OpenPose server.
2025-11-07 16:00:18,793 - INFO - BuildTower - Received reply from OpenPose server: Received
2025-11-07 16:16:52,736 - INFO - BuildTower - User pressed Enter. Continuing with configuration 2
