2025-11-14 15:04:37,689 - INFO - BuildTower - Connected to OpenPose server
2025-11-14 15:04:37,697 - INFO - BuildTower - Connected to Gaze server
2025-11-14 15:04:37,844 - INFO - BuildTower - Robot parameters: robot_name=my_gen3, dof=7, gripper_present=True
2025-11-14 15:04:37,849 - INFO - BuildTower - Service initialized: /my_gen3/base/clear_faults
2025-11-14 15:04:37,853 - INFO - BuildTower - Service initialized: /my_gen3/base/read_action
2025-11-14 15:04:37,855 - INFO - BuildTower - Service initialized: /my_gen3/base/execute_action
2025-11-14 15:04:37,857 - INFO - BuildTower - Service initialized: /my_gen3/control_config/set_cartesian_reference_frame
2025-11-14 15:04:37,859 - INFO - BuildTower - Service initialized: /my_gen3/base/activate_publishing_of_action_topic
2025-11-14 15:04:37,860 - INFO - BuildTower - Service initialized: /my_gen3/base/send_gripper_command
2025-11-14 15:04:37,860 - INFO - BuildTower - BuildTower class initialized successfully.
2025-11-14 15:04:37,861 - INFO - BuildTower - ROS parameter /kortex_examples_test_results/cartesian_poses_with_notifications_python did not exist or could not be deleted.
2025-11-14 15:04:37,862 - INFO - BuildTower - Starting main robot control loop.
2025-11-14 15:04:37,889 - INFO - BuildTower - Robot faults cleared successfully.
2025-11-14 15:04:40,414 - INFO - BuildTower - Cartesian reference frame set successfully.
2025-11-14 15:04:40,416 - INFO - BuildTower - Activating action notifications.
2025-11-14 15:04:40,421 - INFO - BuildTower - Action Notifications successfully activated.
2025-11-14 15:04:41,442 - INFO - BuildTower - Sending robot to home position.
2025-11-14 15:04:51,341 - INFO - BuildTower - User pressed Enter. Continuing with configuration 1
2025-11-14 15:04:51,341 - INFO - BuildTower - Parsing information from file: config2
2025-11-14 15:04:51,342 - INFO - BuildTower - Parsed turn_order: ybypbpbpy

2025-11-14 15:04:51,342 - INFO - BuildTower - Parsed object_order: 143

2025-11-14 15:04:51,342 - INFO - BuildTower - Sent turn_order and waiting for response from OpenPose server.
2025-11-14 15:04:51,342 - INFO - BuildTower - Sending turn order to OpenPose server: ybypbpbpy

2025-11-14 15:04:51,343 - DEBUG - BuildTower - Gaze rx: (none available)
2025-11-14 15:04:51,343 - DEBUG - BuildTower - Gaze rx: (none available)
2025-11-14 15:04:51,344 - DEBUG - BuildTower - Gaze rx: (none available)
2025-11-14 15:04:51,344 - INFO - BuildTower - Received reply from OpenPose server: Order Received
2025-11-14 15:04:51,344 - INFO - BuildTower - Executing turn 0 out of 9.
2025-11-14 15:04:51,368 - INFO - BuildTower - Sending robot to home position.
2025-11-14 15:04:51,988 - INFO - BuildTower - Moving block from start 0.28 to target 0.307. Turn: 0, Block Shape: 1
2025-11-14 15:04:51,990 - INFO - BuildTower - Sending gripper command: value=0
2025-11-14 15:04:52,513 - INFO - BuildTower - Gripper command 0 sent successfully.
2025-11-14 15:04:52,516 - INFO - BuildTower - Attempting to go to position: x=0.47, y=0.18, z=0.325, theta_x=100.0, theta_y=0.0, theta_z=90.0
2025-11-14 15:04:52,516 - DEBUG - BuildTower - Set speed for pose: translation=1, orientation=100
2025-11-14 15:04:52,539 - INFO - BuildTower - Pose action initiated, waiting for completion.
2025-11-14 15:04:55,179 - INFO - BuildTower - Robot action ended.
2025-11-14 15:04:55,179 - INFO - BuildTower - Attempting to go to position: x=0.47, y=0.18, z=0.28, theta_x=100.0, theta_y=0.0, theta_z=90.0
2025-11-14 15:04:55,179 - DEBUG - BuildTower - Set speed for pose: translation=1, orientation=100
2025-11-14 15:04:55,189 - INFO - BuildTower - Pose action initiated, waiting for completion.
2025-11-14 15:04:55,927 - INFO - BuildTower - Robot action ended.
2025-11-14 15:04:55,929 - INFO - BuildTower - Sending gripper command: value=0.075
2025-11-14 15:04:56,445 - INFO - BuildTower - Gripper command 0.075 sent successfully.
2025-11-14 15:04:56,447 - INFO - BuildTower - Attempting to go to position: x=0.47, y=0.18, z=0.325, theta_x=100.0, theta_y=0.0, theta_z=90.0
2025-11-14 15:04:56,447 - DEBUG - BuildTower - Set speed for pose: translation=1, orientation=100
2025-11-14 15:04:56,465 - INFO - BuildTower - Pose action initiated, waiting for completion.
2025-11-14 15:04:57,193 - INFO - BuildTower - Robot action ended.
2025-11-14 15:04:57,193 - INFO - BuildTower - Attempting to go to position: x=0.735, y=0.0, z=0.352, theta_x=100.0, theta_y=0.0, theta_z=90.0
2025-11-14 15:04:57,193 - DEBUG - BuildTower - Set speed for pose: translation=1, orientation=100
2025-11-14 15:04:57,215 - INFO - BuildTower - Pose action initiated, waiting for completion.
2025-11-14 15:05:00,695 - INFO - BuildTower - Robot action ended.
2025-11-14 15:05:00,695 - INFO - BuildTower - Attempting to go to position: x=0.735, y=0.0, z=0.307, theta_x=100.0, theta_y=0.0, theta_z=90.0
2025-11-14 15:05:00,695 - DEBUG - BuildTower - Set speed for pose: translation=1, orientation=100
2025-11-14 15:05:00,716 - INFO - BuildTower - Pose action initiated, waiting for completion.
2025-11-14 15:05:01,444 - INFO - BuildTower - Robot action ended.
2025-11-14 15:05:01,445 - INFO - BuildTower - Sending gripper command: value=0
2025-11-14 15:05:01,968 - INFO - BuildTower - Gripper command 0 sent successfully.
2025-11-14 15:05:01,970 - INFO - BuildTower - Attempting to go to position: x=0.735, y=0.0, z=0.352, theta_x=100.0, theta_y=0.0, theta_z=90.0
2025-11-14 15:05:01,970 - DEBUG - BuildTower - Set speed for pose: translation=1, orientation=100
2025-11-14 15:05:01,990 - INFO - BuildTower - Pose action initiated, waiting for completion.
2025-11-14 15:05:02,717 - INFO - BuildTower - Robot action ended.
2025-11-14 15:05:02,717 - INFO - BuildTower - Robot completed its turn. Robot turn count: 1
2025-11-14 15:05:02,717 - INFO - BuildTower - Executing turn 1 out of 9.
2025-11-14 15:05:02,717 - DEBUG - BuildTower - Gaze rx: (none available)
2025-11-14 15:05:02,717 - INFO - BuildTower - No mutual gaze detected -> looking at tower as fallback.
2025-11-14 15:05:02,717 - INFO - BuildTower - Robot moving to look at tower.
2025-11-14 15:05:02,717 - INFO - BuildTower - Attempting to go to position: x=0.5, y=0, z=0.3, theta_x=110, theta_y=0, theta_z=90
2025-11-14 15:05:02,717 - DEBUG - BuildTower - Set speed for pose: translation=1, orientation=100
2025-11-14 15:05:02,740 - INFO - BuildTower - Pose action initiated, waiting for completion.
2025-11-14 15:05:05,424 - INFO - BuildTower - Robot action ended.
2025-11-14 15:05:05,424 - DEBUG - BuildTower - Gaze rx: (none available)
2025-11-14 15:05:05,424 - INFO - BuildTower - Sent 'PL: Arm Extended Check' to OpenPose server.
2025-11-14 15:05:05,424 - DEBUG - BuildTower - Gaze rx: (none available)
2025-11-14 15:05:09,644 - DEBUG - BuildTower - Gaze rx: (none available)
2025-11-14 15:05:09,644 - INFO - BuildTower - Received reply from OpenPose: Left: Arm Extended
2025-11-14 15:05:09,669 - INFO - BuildTower - Sending robot to home position.
2025-11-14 15:05:10,290 - DEBUG - BuildTower - Gaze rx: (none available)
2025-11-14 15:05:10,290 - INFO - BuildTower - Sent 'PL: Arm Retracted Check' to OpenPose server.
2025-11-14 15:05:10,290 - DEBUG - BuildTower - Gaze rx: (none available)
2025-11-14 15:05:10,433 - DEBUG - BuildTower - Gaze rx: (none available)
2025-11-14 15:05:10,433 - INFO - BuildTower - Received reply from OpenPose: Left: Arm Retracted
2025-11-14 15:05:10,443 - INFO - BuildTower - Sending robot to home position.
2025-11-14 15:05:11,065 - INFO - BuildTower - Executing turn 2 out of 9.
2025-11-14 15:05:11,098 - INFO - BuildTower - Sending robot to home position.
2025-11-14 15:05:11,715 - INFO - BuildTower - Moving block from start 0.3 to target 0.387. Turn: 2, Block Shape: 4
2025-11-14 15:05:11,717 - INFO - BuildTower - Sending gripper command: value=0
2025-11-14 15:05:12,240 - INFO - BuildTower - Gripper command 0 sent successfully.
2025-11-14 15:05:12,242 - INFO - BuildTower - Attempting to go to position: x=0.3, y=0.3, z=0.345, theta_x=100.0, theta_y=0.0, theta_z=90.0
2025-11-14 15:05:12,242 - DEBUG - BuildTower - Set speed for pose: translation=1, orientation=100
2025-11-14 15:05:12,270 - INFO - BuildTower - Pose action initiated, waiting for completion.
2025-11-14 15:05:16,698 - INFO - BuildTower - Robot action ended.
2025-11-14 15:05:16,698 - INFO - BuildTower - Attempting to go to position: x=0.3, y=0.3, z=0.3, theta_x=100.0, theta_y=0.0, theta_z=90.0
2025-11-14 15:05:16,698 - DEBUG - BuildTower - Set speed for pose: translation=1, orientation=100
2025-11-14 15:05:16,716 - INFO - BuildTower - Pose action initiated, waiting for completion.
2025-11-14 15:05:17,444 - INFO - BuildTower - Robot action ended.
2025-11-14 15:05:17,447 - INFO - BuildTower - Sending gripper command: value=0.7
2025-11-14 15:05:17,965 - INFO - BuildTower - Gripper command 0.7 sent successfully.
2025-11-14 15:05:17,968 - INFO - BuildTower - Attempting to go to position: x=0.3, y=0.3, z=0.435, theta_x=100.0, theta_y=0.0, theta_z=90.0
2025-11-14 15:05:17,968 - DEBUG - BuildTower - Set speed for pose: translation=1, orientation=100
2025-11-14 15:05:17,991 - INFO - BuildTower - Pose action initiated, waiting for completion.
2025-11-14 15:05:19,626 - INFO - BuildTower - Robot action ended.
2025-11-14 15:05:19,626 - INFO - BuildTower - Attempting to go to position: x=0.735, y=0.0, z=0.432, theta_x=100.0, theta_y=0.0, theta_z=90.0
2025-11-14 15:05:19,626 - DEBUG - BuildTower - Set speed for pose: translation=1, orientation=100
2025-11-14 15:05:19,642 - INFO - BuildTower - Pose action initiated, waiting for completion.
2025-11-14 15:05:25,198 - INFO - BuildTower - Robot action ended.
2025-11-14 15:05:25,198 - INFO - BuildTower - Attempting to go to position: x=0.735, y=0.0, z=0.387, theta_x=100.0, theta_y=0.0, theta_z=90.0
2025-11-14 15:05:25,198 - DEBUG - BuildTower - Set speed for pose: translation=1, orientation=100
2025-11-14 15:05:25,217 - INFO - BuildTower - Pose action initiated, waiting for completion.
2025-11-14 15:05:25,955 - INFO - BuildTower - Robot action ended.
2025-11-14 15:05:25,956 - INFO - BuildTower - Sending gripper command: value=0
2025-11-14 15:05:26,470 - INFO - BuildTower - Gripper command 0 sent successfully.
2025-11-14 15:05:26,480 - INFO - BuildTower - Attempting to go to position: x=0.735, y=0.0, z=0.432, theta_x=100.0, theta_y=0.0, theta_z=90.0
2025-11-14 15:05:26,480 - DEBUG - BuildTower - Set speed for pose: translation=1, orientation=100
2025-11-14 15:05:26,492 - INFO - BuildTower - Pose action initiated, waiting for completion.
2025-11-14 15:05:27,220 - INFO - BuildTower - Robot action ended.
2025-11-14 15:05:27,221 - INFO - BuildTower - Robot completed its turn. Robot turn count: 2
2025-11-14 15:05:27,221 - INFO - BuildTower - Executing turn 3 out of 9.
2025-11-14 15:05:27,221 - DEBUG - BuildTower - Gaze rx: (none available)
2025-11-14 15:05:27,221 - INFO - BuildTower - No mutual gaze detected -> looking at tower as fallback.
2025-11-14 15:05:27,221 - INFO - BuildTower - Robot moving to look at tower.
2025-11-14 15:05:27,221 - INFO - BuildTower - Attempting to go to position: x=0.5, y=0, z=0.3, theta_x=110, theta_y=0, theta_z=90
2025-11-14 15:05:27,222 - DEBUG - BuildTower - Set speed for pose: translation=1, orientation=100
2025-11-14 15:05:27,243 - INFO - BuildTower - Pose action initiated, waiting for completion.
2025-11-14 15:05:30,199 - INFO - BuildTower - Robot action ended.
2025-11-14 15:05:30,199 - DEBUG - BuildTower - Gaze rx: (none available)
2025-11-14 15:05:30,199 - INFO - BuildTower - Sent 'PR: Arm Extended Check' to OpenPose server.
2025-11-14 15:05:30,200 - DEBUG - BuildTower - Gaze rx: (none available)
2025-11-14 15:05:44,428 - DEBUG - BuildTower - Gaze rx: (none available)
2025-11-14 15:05:44,428 - INFO - BuildTower - Received reply from OpenPose: Right: Arm Extended
2025-11-14 15:05:44,447 - INFO - BuildTower - Sending robot to home position.
2025-11-14 15:05:45,068 - DEBUG - BuildTower - Gaze rx: (none available)
2025-11-14 15:05:45,068 - INFO - BuildTower - Sent 'PR: Arm Retracted Check' to OpenPose server.
2025-11-14 15:05:45,068 - DEBUG - BuildTower - Gaze rx: (none available)
2025-11-14 15:05:45,230 - DEBUG - BuildTower - Gaze rx: (none available)
2025-11-14 15:05:45,231 - INFO - BuildTower - Received reply from OpenPose: Right: Arm Retracted
2025-11-14 15:05:45,248 - INFO - BuildTower - Sending robot to home position.
2025-11-14 15:05:45,868 - INFO - BuildTower - Executing turn 4 out of 9.
2025-11-14 15:05:45,868 - DEBUG - BuildTower - Gaze rx: (none available)
2025-11-14 15:05:45,868 - INFO - BuildTower - No mutual gaze detected -> looking at tower as fallback.
2025-11-14 15:05:45,868 - INFO - BuildTower - Robot moving to look at tower.
2025-11-14 15:05:45,868 - INFO - BuildTower - Attempting to go to position: x=0.5, y=0, z=0.3, theta_x=110, theta_y=0, theta_z=90
2025-11-14 15:05:45,869 - DEBUG - BuildTower - Set speed for pose: translation=1, orientation=100
2025-11-14 15:05:45,894 - INFO - BuildTower - Pose action initiated, waiting for completion.
2025-11-14 15:05:49,374 - INFO - BuildTower - Robot action ended.
2025-11-14 15:05:49,375 - DEBUG - BuildTower - Gaze rx: (none available)
2025-11-14 15:05:49,375 - INFO - BuildTower - Sent 'PL: Arm Extended Check' to OpenPose server.
2025-11-14 15:05:49,375 - DEBUG - BuildTower - Gaze rx: (none available)
2025-11-14 15:05:56,343 - DEBUG - BuildTower - Gaze rx: (none available)
2025-11-14 15:05:56,343 - INFO - BuildTower - Received reply from OpenPose: Left: Arm Extended
2025-11-14 15:05:56,373 - INFO - BuildTower - Sending robot to home position.
2025-11-14 15:05:56,994 - DEBUG - BuildTower - Gaze rx: (none available)
2025-11-14 15:05:56,994 - INFO - BuildTower - Sent 'PL: Arm Retracted Check' to OpenPose server.
2025-11-14 15:05:56,995 - DEBUG - BuildTower - Gaze rx: (none available)
2025-11-14 15:05:59,306 - DEBUG - BuildTower - Gaze rx: (none available)
2025-11-14 15:05:59,306 - INFO - BuildTower - Received reply from OpenPose: Left: Arm Retracted
2025-11-14 15:05:59,323 - INFO - BuildTower - Sending robot to home position.
2025-11-14 15:05:59,944 - INFO - BuildTower - Executing turn 5 out of 9.
2025-11-14 15:05:59,945 - DEBUG - BuildTower - Gaze rx: (none available)
2025-11-14 15:05:59,945 - INFO - BuildTower - No mutual gaze detected -> looking at tower as fallback.
2025-11-14 15:05:59,945 - INFO - BuildTower - Robot moving to look at tower.
2025-11-14 15:05:59,945 - INFO - BuildTower - Attempting to go to position: x=0.5, y=0, z=0.3, theta_x=110, theta_y=0, theta_z=90
2025-11-14 15:05:59,946 - DEBUG - BuildTower - Set speed for pose: translation=1, orientation=100
2025-11-14 15:05:59,970 - INFO - BuildTower - Pose action initiated, waiting for completion.
2025-11-14 15:06:03,738 - INFO - BuildTower - Robot action ended.
2025-11-14 15:06:03,738 - DEBUG - BuildTower - Gaze rx: (none available)
2025-11-14 15:06:03,739 - INFO - BuildTower - Sent 'PR: Arm Extended Check' to OpenPose server.
2025-11-14 15:06:03,739 - DEBUG - BuildTower - Gaze rx: (none available)
2025-11-14 15:06:07,575 - DEBUG - BuildTower - Gaze rx: (none available)
2025-11-14 15:06:07,576 - INFO - BuildTower - Received reply from OpenPose: Right: Arm Extended
2025-11-14 15:06:07,598 - INFO - BuildTower - Sending robot to home position.
2025-11-14 15:06:08,220 - DEBUG - BuildTower - Gaze rx: (none available)
2025-11-14 15:06:08,220 - INFO - BuildTower - Sent 'PR: Arm Retracted Check' to OpenPose server.
2025-11-14 15:06:08,220 - DEBUG - BuildTower - Gaze rx: (none available)
2025-11-14 15:06:08,430 - DEBUG - BuildTower - Gaze rx: (none available)
2025-11-14 15:06:08,430 - INFO - BuildTower - Received reply from OpenPose: Right: Arm Retracted
2025-11-14 15:06:08,448 - INFO - BuildTower - Sending robot to home position.
2025-11-14 15:06:09,070 - INFO - BuildTower - Executing turn 6 out of 9.
2025-11-14 15:06:09,070 - DEBUG - BuildTower - Gaze rx: (none available)
2025-11-14 15:06:09,070 - INFO - BuildTower - No mutual gaze detected -> looking at tower as fallback.
2025-11-14 15:06:09,071 - INFO - BuildTower - Robot moving to look at tower.
2025-11-14 15:06:09,071 - INFO - BuildTower - Attempting to go to position: x=0.5, y=0, z=0.3, theta_x=110, theta_y=0, theta_z=90
2025-11-14 15:06:09,071 - DEBUG - BuildTower - Set speed for pose: translation=1, orientation=100
2025-11-14 15:06:09,097 - INFO - BuildTower - Pose action initiated, waiting for completion.
2025-11-14 15:06:12,657 - INFO - BuildTower - Robot action ended.
2025-11-14 15:06:12,658 - DEBUG - BuildTower - Gaze rx: (none available)
2025-11-14 15:06:12,658 - INFO - BuildTower - Sent 'PL: Arm Extended Check' to OpenPose server.
2025-11-14 15:06:12,658 - DEBUG - BuildTower - Gaze rx: (none available)
2025-11-14 15:06:12,671 - DEBUG - BuildTower - Gaze rx: (none available)
2025-11-14 15:06:12,672 - INFO - BuildTower - Received reply from OpenPose: Left: Arm Extended
2025-11-14 15:06:12,700 - INFO - BuildTower - Sending robot to home position.
2025-11-14 15:06:13,320 - DEBUG - BuildTower - Gaze rx: (none available)
2025-11-14 15:06:13,320 - INFO - BuildTower - Sent 'PL: Arm Retracted Check' to OpenPose server.
2025-11-14 15:06:13,321 - DEBUG - BuildTower - Gaze rx: (none available)
2025-11-14 15:06:13,404 - DEBUG - BuildTower - Gaze rx: (none available)
2025-11-14 15:06:13,404 - INFO - BuildTower - Received reply from OpenPose: Left: Arm Retracted
2025-11-14 15:06:13,426 - INFO - BuildTower - Sending robot to home position.
2025-11-14 15:06:14,045 - INFO - BuildTower - Executing turn 7 out of 9.
2025-11-14 15:06:14,053 - DEBUG - BuildTower - Gaze rx: (none available)
2025-11-14 15:06:14,054 - INFO - BuildTower - No mutual gaze detected -> looking at tower as fallback.
2025-11-14 15:06:14,054 - INFO - BuildTower - Robot moving to look at tower.
2025-11-14 15:06:14,054 - INFO - BuildTower - Attempting to go to position: x=0.5, y=0, z=0.3, theta_x=110, theta_y=0, theta_z=90
2025-11-14 15:06:14,054 - DEBUG - BuildTower - Set speed for pose: translation=1, orientation=100
2025-11-14 15:06:14,071 - INFO - BuildTower - Pose action initiated, waiting for completion.
2025-11-14 15:06:17,450 - INFO - BuildTower - Robot action ended.
2025-11-14 15:06:17,450 - DEBUG - BuildTower - Gaze rx: (none available)
2025-11-14 15:06:17,450 - INFO - BuildTower - Sent 'PR: Arm Extended Check' to OpenPose server.
2025-11-14 15:06:17,450 - DEBUG - BuildTower - Gaze rx: (none available)
2025-11-14 15:06:33,219 - DEBUG - BuildTower - Gaze rx: (none available)
2025-11-14 15:06:33,219 - INFO - BuildTower - Received reply from OpenPose: Right: Arm Extended
2025-11-14 15:06:33,250 - INFO - BuildTower - Sending robot to home position.
2025-11-14 15:06:33,872 - DEBUG - BuildTower - Gaze rx: (none available)
2025-11-14 15:06:33,872 - INFO - BuildTower - Sent 'PR: Arm Retracted Check' to OpenPose server.
2025-11-14 15:06:33,872 - DEBUG - BuildTower - Gaze rx: (none available)
2025-11-14 15:06:34,118 - DEBUG - BuildTower - Gaze rx: (none available)
2025-11-14 15:06:34,119 - INFO - BuildTower - Received reply from OpenPose: Right: Arm Retracted
2025-11-14 15:06:34,151 - INFO - BuildTower - Sending robot to home position.
2025-11-14 15:06:34,772 - INFO - BuildTower - Executing turn 8 out of 9.
2025-11-14 15:06:34,802 - INFO - BuildTower - Sending robot to home position.
2025-11-14 15:06:35,425 - INFO - BuildTower - Moving block from start 0.28 to target 0.643. Turn: 8, Block Shape: 3
2025-11-14 15:06:35,428 - INFO - BuildTower - Sending gripper command: value=0
2025-11-14 15:06:35,947 - INFO - BuildTower - Gripper command 0 sent successfully.
2025-11-14 15:06:35,949 - INFO - BuildTower - Attempting to go to position: x=0.5, y=-0.2, z=0.325, theta_x=100.0, theta_y=0.0, theta_z=90.0
2025-11-14 15:06:35,950 - DEBUG - BuildTower - Set speed for pose: translation=1, orientation=100
2025-11-14 15:06:35,977 - INFO - BuildTower - Pose action initiated, waiting for completion.
2025-11-14 15:06:38,652 - INFO - BuildTower - Robot action ended.
2025-11-14 15:06:38,652 - INFO - BuildTower - Attempting to go to position: x=0.5, y=-0.2, z=0.28, theta_x=100.0, theta_y=0.0, theta_z=90.0
2025-11-14 15:06:38,652 - DEBUG - BuildTower - Set speed for pose: translation=1, orientation=100
2025-11-14 15:06:38,674 - INFO - BuildTower - Pose action initiated, waiting for completion.
2025-11-14 15:06:39,402 - INFO - BuildTower - Robot action ended.
2025-11-14 15:06:39,404 - INFO - BuildTower - Sending gripper command: value=0.2
2025-11-14 15:06:39,922 - INFO - BuildTower - Gripper command 0.2 sent successfully.
2025-11-14 15:06:39,924 - INFO - BuildTower - Attempting to go to position: x=0.5, y=-0.2, z=0.685, theta_x=100.0, theta_y=0.0, theta_z=90.0
2025-11-14 15:06:39,925 - DEBUG - BuildTower - Set speed for pose: translation=1, orientation=100
2025-11-14 15:06:39,956 - INFO - BuildTower - Pose action initiated, waiting for completion.
2025-11-14 15:06:44,283 - INFO - BuildTower - Robot action ended.
2025-11-14 15:06:44,283 - INFO - BuildTower - Attempting to go to position: x=0.737, y=0.0, z=0.6880000000000001, theta_x=100.0, theta_y=0.0, theta_z=90.0
2025-11-14 15:06:44,284 - DEBUG - BuildTower - Set speed for pose: translation=1, orientation=100
2025-11-14 15:06:44,303 - INFO - BuildTower - Pose action initiated, waiting for completion.
2025-11-14 15:06:47,683 - INFO - BuildTower - Robot action ended.
2025-11-14 15:06:47,683 - INFO - BuildTower - Attempting to go to position: x=0.737, y=0.0, z=0.643, theta_x=100.0, theta_y=0.0, theta_z=90.0
2025-11-14 15:06:47,683 - DEBUG - BuildTower - Set speed for pose: translation=1, orientation=100
2025-11-14 15:06:47,699 - INFO - BuildTower - Pose action initiated, waiting for completion.
2025-11-14 15:06:48,427 - INFO - BuildTower - Robot action ended.
2025-11-14 15:06:48,430 - INFO - BuildTower - Sending gripper command: value=0
2025-11-14 15:06:48,948 - INFO - BuildTower - Gripper command 0 sent successfully.
2025-11-14 15:06:48,949 - INFO - BuildTower - Attempting to go to position: x=0.737, y=0.0, z=0.6880000000000001, theta_x=100.0, theta_y=0.0, theta_z=90.0
2025-11-14 15:06:48,950 - DEBUG - BuildTower - Set speed for pose: translation=1, orientation=100
2025-11-14 15:06:48,974 - INFO - BuildTower - Pose action initiated, waiting for completion.
2025-11-14 15:06:49,712 - INFO - BuildTower - Robot action ended.
2025-11-14 15:06:49,712 - INFO - BuildTower - Robot completed its turn. Robot turn count: 3
2025-11-14 15:06:49,712 - INFO - BuildTower - Configuration number 1 finished.
2025-11-14 15:06:49,712 - DEBUG - BuildTower - Gaze rx: (none available)
2025-11-14 15:06:49,712 - INFO - BuildTower - Sent 'Configuration finished' to OpenPose server.
2025-11-14 15:06:49,712 - DEBUG - BuildTower - Gaze rx: (none available)
2025-11-14 15:06:49,897 - DEBUG - BuildTower - Gaze rx: (none available)
2025-11-14 15:06:49,897 - INFO - BuildTower - Received reply from OpenPose server: Received
2025-11-14 15:07:22,963 - INFO - BuildTower - User pressed Enter. Continuing with configuration 2
