2025-12-19 15:45:52,197 - INFO - openpose - OpenPose server started and bound to tcp://*:5555
2025-12-19 15:45:52,197 - INFO - openpose - OpenPose server started and bound to tcp://*:5556
2025-12-19 15:45:52,210 - INFO - openpose - Starting OpenPose
2025-12-19 15:45:52,978 - INFO - openpose - OpenPose initialized - waiting for turn_order
2025-12-19 15:46:05,596 - INFO - openpose - Message received: ybypbpbpy

2025-12-19 15:46:06,378 - INFO - openpose - Gaze3D frame=0 id=left label=Left person v=[-0.286, 0.100, 0.953] yaw=-16.7 pitch=-5.7 cx=258.05228424072266
2025-12-19 15:46:06,378 - INFO - openpose - Gaze3D frame=0 id=right label=Right person v=[0.157, -0.436, 0.886] yaw=10.1 pitch=25.8 cx=428.43724060058594
2025-12-19 15:46:06,378 - INFO - openpose - Gaze PUB: people=2, frame_idx=0
2025-12-19 15:46:06,379 - INFO - openpose - Robot's turn detected
2025-12-19 15:46:07,117 - INFO - openpose - Gaze3D frame=8 id=left label=Left person v=[-0.282, 0.085, 0.956] yaw=-16.4 pitch=-4.9 cx=256.5558624267578
2025-12-19 15:46:07,117 - INFO - openpose - Gaze3D frame=8 id=right label=Right person v=[-0.303, -0.091, 0.949] yaw=-17.7 pitch=5.2 cx=430.1232604980469
2025-12-19 15:46:07,117 - INFO - openpose - Gaze PUB: people=2, frame_idx=8
2025-12-19 15:46:07,830 - INFO - openpose - Gaze3D frame=16 id=left label=Left person v=[-0.273, 0.149, 0.950] yaw=-16.0 pitch=-8.6 cx=257.40038299560547
2025-12-19 15:46:07,831 - INFO - openpose - Gaze3D frame=16 id=right label=Right person v=[-0.225, -0.114, 0.968] yaw=-13.1 pitch=6.5 cx=429.3329620361328
2025-12-19 15:46:07,831 - INFO - openpose - Gaze PUB: people=2, frame_idx=16
2025-12-19 15:46:08,461 - INFO - openpose - Gaze3D frame=24 id=left label=Left person v=[-0.255, 0.121, 0.959] yaw=-14.9 pitch=-7.0 cx=254.7733917236328
2025-12-19 15:46:08,461 - INFO - openpose - Gaze3D frame=24 id=right label=Right person v=[-0.371, -0.086, 0.925] yaw=-21.8 pitch=4.9 cx=429.4047088623047
2025-12-19 15:46:08,461 - INFO - openpose - Gaze PUB: people=2, frame_idx=24
2025-12-19 15:46:09,114 - INFO - openpose - Gaze3D frame=32 id=left label=Left person v=[-0.299, 0.100, 0.949] yaw=-17.5 pitch=-5.7 cx=256.2349548339844
2025-12-19 15:46:09,114 - INFO - openpose - Gaze3D frame=32 id=right label=Right person v=[-0.426, -0.050, 0.903] yaw=-25.3 pitch=2.8 cx=430.10894775390625
2025-12-19 15:46:09,114 - INFO - openpose - Gaze PUB: people=2, frame_idx=32
2025-12-19 15:46:09,817 - INFO - openpose - Gaze3D frame=40 id=left label=Left person v=[-0.225, 0.116, 0.967] yaw=-13.1 pitch=-6.7 cx=255.56539154052734
2025-12-19 15:46:09,818 - INFO - openpose - Gaze3D frame=40 id=right label=Right person v=[-0.540, -0.252, 0.803] yaw=-33.9 pitch=14.6 cx=429.35693359375
2025-12-19 15:46:09,818 - INFO - openpose - Gaze PUB: people=2, frame_idx=40
2025-12-19 15:46:10,504 - INFO - openpose - Gaze3D frame=48 id=left label=Left person v=[-0.233, 0.124, 0.965] yaw=-13.6 pitch=-7.1 cx=254.8900909423828
2025-12-19 15:46:10,504 - INFO - openpose - Gaze3D frame=48 id=right label=Right person v=[-0.279, -0.065, 0.958] yaw=-16.3 pitch=3.7 cx=429.3910217285156
2025-12-19 15:46:10,504 - INFO - openpose - Gaze PUB: people=2, frame_idx=48
2025-12-19 15:46:11,170 - INFO - openpose - Gaze3D frame=56 id=left label=Left person v=[-0.231, 0.226, 0.946] yaw=-13.7 pitch=-13.1 cx=254.59415435791016
2025-12-19 15:46:11,171 - INFO - openpose - Gaze3D frame=56 id=right label=Right person v=[-0.299, -0.081, 0.951] yaw=-17.5 pitch=4.7 cx=429.0459442138672
2025-12-19 15:46:11,171 - INFO - openpose - Gaze PUB: people=2, frame_idx=56
2025-12-19 15:46:11,852 - INFO - openpose - Gaze3D frame=64 id=left label=Left person v=[-0.222, 0.138, 0.965] yaw=-12.9 pitch=-7.9 cx=258.63563537597656
2025-12-19 15:46:11,852 - INFO - openpose - Gaze3D frame=64 id=right label=Right person v=[-0.269, -0.081, 0.960] yaw=-15.7 pitch=4.6 cx=429.1191101074219
2025-12-19 15:46:11,852 - INFO - openpose - Gaze PUB: people=2, frame_idx=64
2025-12-19 15:46:12,539 - INFO - openpose - Gaze3D frame=72 id=left label=Left person v=[-0.280, 0.115, 0.953] yaw=-16.4 pitch=-6.6 cx=258.63121032714844
2025-12-19 15:46:12,539 - INFO - openpose - Gaze3D frame=72 id=right label=Right person v=[-0.313, -0.025, 0.949] yaw=-18.2 pitch=1.4 cx=429.09080505371094
2025-12-19 15:46:12,539 - INFO - openpose - Gaze PUB: people=2, frame_idx=72
2025-12-19 15:46:13,228 - INFO - openpose - Gaze3D frame=80 id=left label=Left person v=[-0.250, 0.148, 0.957] yaw=-14.6 pitch=-8.5 cx=257.58851623535156
2025-12-19 15:46:13,228 - INFO - openpose - Gaze3D frame=80 id=right label=Right person v=[-0.328, -0.071, 0.942] yaw=-19.2 pitch=4.1 cx=429.0907745361328
2025-12-19 15:46:13,228 - INFO - openpose - Gaze PUB: people=2, frame_idx=80
2025-12-19 15:46:13,942 - INFO - openpose - Gaze3D frame=88 id=left label=Left person v=[-0.195, 0.131, 0.972] yaw=-11.3 pitch=-7.6 cx=256.3248291015625
2025-12-19 15:46:13,942 - INFO - openpose - Gaze3D frame=88 id=right label=Right person v=[-0.364, -0.082, 0.928] yaw=-21.4 pitch=4.7 cx=429.014892578125
2025-12-19 15:46:13,942 - INFO - openpose - Gaze PUB: people=2, frame_idx=88
2025-12-19 15:46:14,651 - INFO - openpose - Gaze3D frame=96 id=left label=Left person v=[-0.206, 0.255, 0.945] yaw=-12.3 pitch=-14.8 cx=256.01025390625
2025-12-19 15:46:14,651 - INFO - openpose - Gaze3D frame=96 id=right label=Right person v=[-0.357, -0.061, 0.932] yaw=-21.0 pitch=3.5 cx=429.1477508544922
2025-12-19 15:46:14,651 - INFO - openpose - Gaze PUB: people=2, frame_idx=96
2025-12-19 15:46:15,352 - INFO - openpose - Gaze3D frame=104 id=left label=Left person v=[-0.204, 0.151, 0.967] yaw=-11.9 pitch=-8.7 cx=255.4076690673828
2025-12-19 15:46:15,352 - INFO - openpose - Gaze3D frame=104 id=right label=Right person v=[-0.228, -0.159, 0.961] yaw=-13.4 pitch=9.1 cx=429.31849670410156
2025-12-19 15:46:15,352 - INFO - openpose - Gaze PUB: people=2, frame_idx=104
2025-12-19 15:46:16,061 - INFO - openpose - Gaze3D frame=112 id=left label=Left person v=[-0.271, 0.173, 0.947] yaw=-16.0 pitch=-10.0 cx=256.42665100097656
2025-12-19 15:46:16,061 - INFO - openpose - Gaze3D frame=112 id=right label=Right person v=[-0.332, -0.016, 0.943] yaw=-19.4 pitch=0.9 cx=429.1645812988281
2025-12-19 15:46:16,061 - INFO - openpose - Gaze PUB: people=2, frame_idx=112
2025-12-19 15:46:16,769 - INFO - openpose - Gaze3D frame=120 id=left label=Left person v=[-0.242, 0.182, 0.953] yaw=-14.2 pitch=-10.5 cx=255.4649429321289
2025-12-19 15:46:16,769 - INFO - openpose - Gaze3D frame=120 id=right label=Right person v=[-0.322, -0.076, 0.944] yaw=-18.9 pitch=4.3 cx=429.2364501953125
2025-12-19 15:46:16,769 - INFO - openpose - Gaze PUB: people=2, frame_idx=120
2025-12-19 15:46:17,454 - INFO - openpose - Gaze3D frame=128 id=left label=Left person v=[-0.238, 0.068, 0.969] yaw=-13.8 pitch=-3.9 cx=256.74759674072266
2025-12-19 15:46:17,454 - INFO - openpose - Gaze3D frame=128 id=right label=Right person v=[-0.216, -0.187, 0.958] yaw=-12.7 pitch=10.8 cx=429.1814880371094
2025-12-19 15:46:17,454 - INFO - openpose - Gaze PUB: people=2, frame_idx=128
2025-12-19 15:46:18,141 - INFO - openpose - Gaze3D frame=136 id=left label=Left person v=[-0.308, 0.048, 0.950] yaw=-17.9 pitch=-2.8 cx=257.82035064697266
2025-12-19 15:46:18,141 - INFO - openpose - Gaze3D frame=136 id=right label=Right person v=[-0.403, -0.119, 0.907] yaw=-24.0 pitch=6.8 cx=429.1622009277344
2025-12-19 15:46:18,141 - INFO - openpose - Gaze PUB: people=2, frame_idx=136
2025-12-19 15:46:18,843 - INFO - openpose - Gaze3D frame=144 id=left label=Left person v=[-0.302, 0.077, 0.950] yaw=-17.6 pitch=-4.4 cx=255.96121215820312
2025-12-19 15:46:18,843 - INFO - openpose - Gaze3D frame=144 id=right label=Right person v=[-0.450, -0.112, 0.886] yaw=-26.9 pitch=6.4 cx=429.0811309814453
2025-12-19 15:46:18,843 - INFO - openpose - Gaze PUB: people=2, frame_idx=144
2025-12-19 15:46:19,563 - INFO - openpose - Gaze3D frame=152 id=left label=Left person v=[-0.340, 0.055, 0.939] yaw=-19.9 pitch=-3.1 cx=256.4970474243164
2025-12-19 15:46:19,563 - INFO - openpose - Gaze3D frame=152 id=right label=Right person v=[-0.420, -0.081, 0.904] yaw=-24.9 pitch=4.6 cx=429.0931091308594
2025-12-19 15:46:19,563 - INFO - openpose - Gaze PUB: people=2, frame_idx=152
2025-12-19 15:46:20,277 - INFO - openpose - Gaze3D frame=160 id=left label=Left person v=[-0.265, 0.058, 0.963] yaw=-15.4 pitch=-3.3 cx=256.01702880859375
2025-12-19 15:46:20,277 - INFO - openpose - Gaze3D frame=160 id=right label=Right person v=[-0.452, -0.113, 0.885] yaw=-27.1 pitch=6.5 cx=429.2935028076172
2025-12-19 15:46:20,277 - INFO - openpose - Gaze PUB: people=2, frame_idx=160
2025-12-19 15:46:20,958 - INFO - openpose - Gaze3D frame=168 id=left label=Left person v=[-0.365, 0.040, 0.930] yaw=-21.4 pitch=-2.3 cx=256.96741485595703
2025-12-19 15:46:20,958 - INFO - openpose - Gaze3D frame=168 id=right label=Right person v=[-0.561, -0.328, 0.760] yaw=-36.4 pitch=19.2 cx=428.93817138671875
2025-12-19 15:46:20,958 - INFO - openpose - Gaze PUB: people=2, frame_idx=168
2025-12-19 15:46:21,651 - INFO - openpose - Gaze3D frame=176 id=left label=Left person v=[-0.380, 0.138, 0.914] yaw=-22.6 pitch=-7.9 cx=256.38587951660156
2025-12-19 15:46:21,652 - INFO - openpose - Gaze3D frame=176 id=right label=Right person v=[-0.465, -0.164, 0.870] yaw=-28.1 pitch=9.4 cx=429.0727233886719
2025-12-19 15:46:21,652 - INFO - openpose - Gaze PUB: people=2, frame_idx=176
2025-12-19 15:46:22,340 - INFO - openpose - Gaze3D frame=184 id=left label=Left person v=[-0.330, 0.080, 0.941] yaw=-19.3 pitch=-4.6 cx=255.83480072021484
2025-12-19 15:46:22,340 - INFO - openpose - Gaze3D frame=184 id=right label=Right person v=[-0.672, -0.144, 0.727] yaw=-42.7 pitch=8.3 cx=429.16571044921875
2025-12-19 15:46:22,340 - INFO - openpose - Gaze PUB: people=2, frame_idx=184
2025-12-19 15:46:23,010 - INFO - openpose - Gaze3D frame=192 id=left label=Left person v=[-0.344, 0.135, 0.929] yaw=-20.3 pitch=-7.8 cx=262.08848571777344
2025-12-19 15:46:23,010 - INFO - openpose - Gaze3D frame=192 id=right label=Right person v=[-0.565, -0.099, 0.819] yaw=-34.6 pitch=5.7 cx=429.3594207763672
2025-12-19 15:46:23,010 - INFO - openpose - Gaze PUB: people=2, frame_idx=192
2025-12-19 15:46:23,699 - INFO - openpose - Gaze3D frame=200 id=left label=Left person v=[-0.394, 0.304, 0.867] yaw=-24.4 pitch=-17.7 cx=263.2290725708008
2025-12-19 15:46:23,699 - INFO - openpose - Gaze3D frame=200 id=right label=Right person v=[-0.493, -0.347, 0.798] yaw=-31.7 pitch=20.3 cx=428.21258544921875
2025-12-19 15:46:23,699 - INFO - openpose - Gaze PUB: people=2, frame_idx=200
2025-12-19 15:46:24,405 - INFO - openpose - Gaze3D frame=208 id=left label=Left person v=[-0.455, 0.063, 0.888] yaw=-27.1 pitch=-3.6 cx=257.4037780761719
2025-12-19 15:46:24,406 - INFO - openpose - Gaze3D frame=208 id=right label=Right person v=[-0.488, -0.078, 0.869] yaw=-29.3 pitch=4.5 cx=428.2885284423828
2025-12-19 15:46:24,406 - INFO - openpose - Gaze PUB: people=2, frame_idx=208
2025-12-19 15:46:25,061 - INFO - openpose - Gaze3D frame=216 id=left label=Left person v=[-0.225, 0.065, 0.972] yaw=-13.0 pitch=-3.7 cx=259.4033966064453
2025-12-19 15:46:25,061 - INFO - openpose - Gaze3D frame=216 id=right label=Right person v=[-0.430, -0.191, 0.882] yaw=-26.0 pitch=11.0 cx=428.44090270996094
2025-12-19 15:46:25,061 - INFO - openpose - Gaze PUB: people=2, frame_idx=216
2025-12-19 15:46:25,705 - INFO - openpose - Gaze3D frame=224 id=left label=Left person v=[-0.299, 0.144, 0.943] yaw=-17.6 pitch=-8.3 cx=258.89630126953125
2025-12-19 15:46:25,705 - INFO - openpose - Gaze3D frame=224 id=right label=Right person v=[-0.225, -0.348, 0.910] yaw=-13.9 pitch=20.4 cx=428.76609802246094
2025-12-19 15:46:25,705 - INFO - openpose - Gaze PUB: people=2, frame_idx=224
2025-12-19 15:46:26,389 - INFO - openpose - Gaze3D frame=232 id=left label=Left person v=[-0.272, 0.228, 0.935] yaw=-16.2 pitch=-13.2 cx=258.3111877441406
2025-12-19 15:46:26,389 - INFO - openpose - Gaze3D frame=232 id=right label=Right person v=[-0.531, -0.239, 0.813] yaw=-33.1 pitch=13.8 cx=428.7439270019531
2025-12-19 15:46:26,389 - INFO - openpose - Gaze PUB: people=2, frame_idx=232
2025-12-19 15:46:27,085 - INFO - openpose - Gaze3D frame=240 id=left label=Left person v=[-0.161, 0.097, 0.982] yaw=-9.3 pitch=-5.6 cx=258.5559616088867
2025-12-19 15:46:27,085 - INFO - openpose - Gaze3D frame=240 id=right label=Right person v=[-0.460, -0.365, 0.810] yaw=-29.6 pitch=21.4 cx=429.0025177001953
2025-12-19 15:46:27,086 - INFO - openpose - Gaze PUB: people=2, frame_idx=240
2025-12-19 15:46:27,795 - INFO - openpose - Gaze3D frame=248 id=left label=Left person v=[-0.251, 0.044, 0.967] yaw=-14.5 pitch=-2.5 cx=256.1293716430664
2025-12-19 15:46:27,795 - INFO - openpose - Gaze3D frame=248 id=right label=Right person v=[-0.546, -0.209, 0.812] yaw=-33.9 pitch=12.0 cx=433.0425109863281
2025-12-19 15:46:27,795 - INFO - openpose - Gaze PUB: people=2, frame_idx=248
2025-12-19 15:46:28,472 - INFO - openpose - Gaze3D frame=256 id=left label=Left person v=[-0.314, 0.074, 0.947] yaw=-18.3 pitch=-4.3 cx=247.3493194580078
2025-12-19 15:46:28,473 - INFO - openpose - Gaze3D frame=256 id=right label=Right person v=[-0.453, -0.251, 0.855] yaw=-27.9 pitch=14.5 cx=439.2500762939453
2025-12-19 15:46:28,473 - INFO - openpose - Gaze PUB: people=2, frame_idx=256
2025-12-19 15:46:29,144 - INFO - openpose - Gaze3D frame=264 id=left label=Left person v=[-0.220, 0.081, 0.972] yaw=-12.8 pitch=-4.6 cx=239.86207580566406
2025-12-19 15:46:29,144 - INFO - openpose - Gaze3D frame=264 id=right label=Right person v=[-0.463, -0.011, 0.886] yaw=-27.6 pitch=0.6 cx=438.8568115234375
2025-12-19 15:46:29,144 - INFO - openpose - Gaze PUB: people=2, frame_idx=264
2025-12-19 15:46:29,826 - INFO - openpose - Gaze3D frame=272 id=left label=Left person v=[-0.355, 0.220, 0.909] yaw=-21.3 pitch=-12.7 cx=212.8333511352539
2025-12-19 15:46:29,826 - INFO - openpose - Gaze3D frame=272 id=right label=Right person v=[-0.404, 0.019, 0.915] yaw=-23.8 pitch=-1.1 cx=436.8510437011719
2025-12-19 15:46:29,826 - INFO - openpose - Gaze PUB: people=2, frame_idx=272
2025-12-19 15:46:30,508 - INFO - openpose - Gaze3D frame=280 id=left label=Left person v=[-0.333, 0.159, 0.929] yaw=-19.7 pitch=-9.2 cx=257.6722869873047
2025-12-19 15:46:30,508 - INFO - openpose - Gaze3D frame=280 id=right label=Right person v=[-0.432, -0.067, 0.899] yaw=-25.6 pitch=3.9 cx=436.8573455810547
2025-12-19 15:46:30,508 - INFO - openpose - Gaze PUB: people=2, frame_idx=280
2025-12-19 15:46:31,175 - INFO - openpose - Gaze3D frame=288 id=left label=Left person v=[-0.433, 0.120, 0.894] yaw=-25.8 pitch=-6.9 cx=298.0586395263672
2025-12-19 15:46:31,175 - INFO - openpose - Gaze3D frame=288 id=right label=Right person v=[-0.468, -0.234, 0.852] yaw=-28.8 pitch=13.5 cx=442.7400207519531
2025-12-19 15:46:31,175 - INFO - openpose - Gaze PUB: people=2, frame_idx=288
2025-12-19 15:46:31,480 - INFO - openpose - Left person: Arm EXTENDED (depth-plane)
2025-12-19 15:46:31,480 - INFO - openpose - ZMQ Message received (non-blocking): PL: Arm Extended Check
2025-12-19 15:46:31,480 - INFO - openpose - ZMQ Sending: Left: Arm Extended
2025-12-19 15:46:31,544 - INFO - openpose - Left person: Arm RETRACTED (depth-plane)
2025-12-19 15:46:31,544 - INFO - openpose - ZMQ Message received (non-blocking): PL: Arm Retracted Check
2025-12-19 15:46:31,544 - INFO - openpose - ZMQ Sending: Left: Arm Retracted
2025-12-19 15:46:31,608 - INFO - openpose - Robot's turn detected
2025-12-19 15:46:31,865 - INFO - openpose - Gaze3D frame=296 id=left label=Left person v=[-0.397, -0.155, 0.905] yaw=-23.7 pitch=8.9 cx=326.2672119140625
2025-12-19 15:46:31,865 - INFO - openpose - Gaze3D frame=296 id=right label=Right person v=[-0.397, 0.170, 0.902] yaw=-23.7 pitch=-9.8 cx=447.44786071777344
2025-12-19 15:46:31,865 - INFO - openpose - Gaze PUB: people=2, frame_idx=296
2025-12-19 15:46:32,545 - INFO - openpose - Gaze3D frame=304 id=left label=Left person v=[-0.476, 0.592, 0.650] yaw=-36.2 pitch=-36.3 cx=337.1977081298828
2025-12-19 15:46:32,545 - INFO - openpose - Gaze3D frame=304 id=right label=Right person v=[-0.476, 0.081, 0.876] yaw=-28.5 pitch=-4.6 cx=448.5220031738281
2025-12-19 15:46:32,545 - INFO - openpose - Gaze PUB: people=2, frame_idx=304
2025-12-19 15:46:33,252 - INFO - openpose - Gaze3D frame=312 id=left label=Left person v=[-0.324, 0.605, 0.728] yaw=-24.0 pitch=-37.2 cx=333.57789611816406
2025-12-19 15:46:33,252 - INFO - openpose - Gaze3D frame=312 id=right label=Right person v=[-0.405, 0.029, 0.914] yaw=-23.9 pitch=-1.7 cx=448.32249450683594
2025-12-19 15:46:33,252 - INFO - openpose - Gaze PUB: people=2, frame_idx=312
2025-12-19 15:46:33,934 - INFO - openpose - Gaze3D frame=320 id=left label=Left person v=[-0.159, -0.034, 0.987] yaw=-9.1 pitch=1.9 cx=279.44024658203125
2025-12-19 15:46:33,934 - INFO - openpose - Gaze3D frame=320 id=right label=Right person v=[-0.159, -0.368, 0.916] yaw=-9.9 pitch=21.6 cx=444.9697265625
2025-12-19 15:46:33,934 - INFO - openpose - Gaze PUB: people=2, frame_idx=320
2025-12-19 15:46:34,651 - INFO - openpose - Gaze3D frame=328 id=left label=Left person v=[-0.214, 0.026, 0.976] yaw=-12.4 pitch=-1.5 cx=235.62189483642578
2025-12-19 15:46:34,651 - INFO - openpose - Gaze3D frame=328 id=right label=Right person v=[-0.438, -0.289, 0.851] yaw=-27.2 pitch=16.8 cx=437.2319641113281
2025-12-19 15:46:34,651 - INFO - openpose - Gaze PUB: people=2, frame_idx=328
2025-12-19 15:46:35,346 - INFO - openpose - Gaze3D frame=336 id=left label=Left person v=[-0.234, -0.027, 0.972] yaw=-13.5 pitch=1.5 cx=250.9047393798828
2025-12-19 15:46:35,346 - INFO - openpose - Gaze3D frame=336 id=right label=Right person v=[-0.359, -0.211, 0.909] yaw=-21.5 pitch=12.2 cx=437.0484924316406
2025-12-19 15:46:35,346 - INFO - openpose - Gaze PUB: people=2, frame_idx=336
2025-12-19 15:46:36,029 - INFO - openpose - Gaze3D frame=344 id=left label=Left person v=[-0.250, -0.034, 0.968] yaw=-14.5 pitch=1.9 cx=246.01973724365234
2025-12-19 15:46:36,029 - INFO - openpose - Gaze3D frame=344 id=right label=Right person v=[-0.330, -0.190, 0.925] yaw=-19.6 pitch=10.9 cx=437.2266387939453
2025-12-19 15:46:36,029 - INFO - openpose - Gaze PUB: people=2, frame_idx=344
2025-12-19 15:46:36,684 - INFO - openpose - Gaze3D frame=352 id=left label=Left person v=[-0.315, -0.123, 0.941] yaw=-18.5 pitch=7.1 cx=244.35910034179688
2025-12-19 15:46:36,684 - INFO - openpose - Gaze3D frame=352 id=right label=Right person v=[-0.291, -0.182, 0.939] yaw=-17.2 pitch=10.5 cx=437.1135711669922
2025-12-19 15:46:36,684 - INFO - openpose - Gaze PUB: people=2, frame_idx=352
2025-12-19 15:46:37,374 - INFO - openpose - Gaze3D frame=360 id=left label=Left person v=[-0.306, -0.088, 0.948] yaw=-17.9 pitch=5.0 cx=243.45811462402344
2025-12-19 15:46:37,375 - INFO - openpose - Gaze3D frame=360 id=right label=Right person v=[-0.331, -0.247, 0.911] yaw=-19.9 pitch=14.3 cx=436.8199157714844
2025-12-19 15:46:37,375 - INFO - openpose - Gaze PUB: people=2, frame_idx=360
2025-12-19 15:46:38,084 - INFO - openpose - Gaze3D frame=368 id=left label=Left person v=[-0.321, -0.086, 0.943] yaw=-18.8 pitch=4.9 cx=244.4517822265625
2025-12-19 15:46:38,084 - INFO - openpose - Gaze3D frame=368 id=right label=Right person v=[-0.359, -0.105, 0.927] yaw=-21.2 pitch=6.0 cx=436.1868133544922
2025-12-19 15:46:38,084 - INFO - openpose - Gaze PUB: people=2, frame_idx=368
2025-12-19 15:46:38,781 - INFO - openpose - Gaze3D frame=376 id=left label=Left person v=[-0.346, -0.121, 0.931] yaw=-20.4 pitch=6.9 cx=244.34650421142578
2025-12-19 15:46:38,781 - INFO - openpose - Gaze3D frame=376 id=right label=Right person v=[-0.425, -0.661, 0.618] yaw=-34.5 pitch=41.4 cx=436.9507751464844
2025-12-19 15:46:38,789 - INFO - openpose - Gaze PUB: people=2, frame_idx=376
2025-12-19 15:46:39,452 - INFO - openpose - Gaze3D frame=384 id=left label=Left person v=[-0.264, -0.126, 0.956] yaw=-15.4 pitch=7.2 cx=243.4168243408203
2025-12-19 15:46:39,452 - INFO - openpose - Gaze3D frame=384 id=right label=Right person v=[-0.502, -0.508, 0.700] yaw=-35.7 pitch=30.5 cx=439.80755615234375
2025-12-19 15:46:39,452 - INFO - openpose - Gaze PUB: people=2, frame_idx=384
2025-12-19 15:46:40,130 - INFO - openpose - Gaze3D frame=392 id=left label=Left person v=[-0.375, 0.339, 0.863] yaw=-23.5 pitch=-19.8 cx=247.418212890625
2025-12-19 15:46:40,131 - INFO - openpose - Gaze3D frame=392 id=right label=Right person v=[-0.276, -0.124, 0.953] yaw=-16.1 pitch=7.1 cx=437.7965393066406
2025-12-19 15:46:40,131 - INFO - openpose - Gaze PUB: people=2, frame_idx=392
2025-12-19 15:46:40,814 - INFO - openpose - Gaze3D frame=400 id=left label=Left person v=[-0.259, -0.067, 0.964] yaw=-15.0 pitch=3.8 cx=248.01304626464844
2025-12-19 15:46:40,814 - INFO - openpose - Gaze3D frame=400 id=right label=Right person v=[-0.271, -0.244, 0.931] yaw=-16.2 pitch=14.1 cx=437.98475646972656
2025-12-19 15:46:40,814 - INFO - openpose - Gaze PUB: people=2, frame_idx=400
2025-12-19 15:46:41,516 - INFO - openpose - Gaze3D frame=408 id=left label=Left person v=[-0.300, 0.094, 0.949] yaw=-17.5 pitch=-5.4 cx=247.56805419921875
2025-12-19 15:46:41,516 - INFO - openpose - Gaze3D frame=408 id=right label=Right person v=[-0.237, -0.249, 0.939] yaw=-14.2 pitch=14.4 cx=437.56121826171875
2025-12-19 15:46:41,516 - INFO - openpose - Gaze PUB: people=2, frame_idx=408
2025-12-19 15:46:42,205 - INFO - openpose - Gaze3D frame=416 id=left label=Left person v=[-0.287, 0.003, 0.958] yaw=-16.7 pitch=-0.2 cx=246.54885864257812
2025-12-19 15:46:42,205 - INFO - openpose - Gaze3D frame=416 id=right label=Right person v=[-0.089, -0.283, 0.955] yaw=-5.3 pitch=16.4 cx=436.93797302246094
2025-12-19 15:46:42,205 - INFO - openpose - Gaze PUB: people=2, frame_idx=416
2025-12-19 15:46:42,889 - INFO - openpose - Gaze3D frame=424 id=left label=Left person v=[-0.339, 0.056, 0.939] yaw=-19.8 pitch=-3.2 cx=247.63060760498047
2025-12-19 15:46:42,889 - INFO - openpose - Gaze3D frame=424 id=right label=Right person v=[-0.352, -0.195, 0.915] yaw=-21.0 pitch=11.3 cx=434.19627380371094
2025-12-19 15:46:42,889 - INFO - openpose - Gaze PUB: people=2, frame_idx=424
2025-12-19 15:46:43,585 - INFO - openpose - Gaze3D frame=432 id=left label=Left person v=[-0.372, 0.097, 0.923] yaw=-22.0 pitch=-5.6 cx=247.2939224243164
2025-12-19 15:46:43,585 - INFO - openpose - Gaze3D frame=432 id=right label=Right person v=[-0.341, -0.233, 0.911] yaw=-20.5 pitch=13.5 cx=434.84413146972656
2025-12-19 15:46:43,585 - INFO - openpose - Gaze PUB: people=2, frame_idx=432
2025-12-19 15:46:44,271 - INFO - openpose - Gaze3D frame=440 id=left label=Left person v=[-0.307, -0.065, 0.949] yaw=-17.9 pitch=3.7 cx=247.68016815185547
2025-12-19 15:46:44,272 - INFO - openpose - Gaze3D frame=440 id=right label=Right person v=[-0.406, -0.155, 0.901] yaw=-24.3 pitch=8.9 cx=434.70899963378906
2025-12-19 15:46:44,272 - INFO - openpose - Gaze PUB: people=2, frame_idx=440
2025-12-19 15:46:44,971 - INFO - openpose - Gaze3D frame=448 id=left label=Left person v=[-0.317, 0.130, 0.939] yaw=-18.7 pitch=-7.4 cx=248.69542694091797
2025-12-19 15:46:44,971 - INFO - openpose - Gaze3D frame=448 id=right label=Right person v=[-0.533, -0.137, 0.835] yaw=-32.6 pitch=7.9 cx=434.57879638671875
2025-12-19 15:46:44,971 - INFO - openpose - Gaze PUB: people=2, frame_idx=448
2025-12-19 15:46:45,673 - INFO - openpose - Gaze3D frame=456 id=left label=Left person v=[-0.282, 0.116, 0.952] yaw=-16.5 pitch=-6.7 cx=248.71195220947266
2025-12-19 15:46:45,674 - INFO - openpose - Gaze3D frame=456 id=right label=Right person v=[-0.459, -0.291, 0.839] yaw=-28.7 pitch=16.9 cx=434.6802215576172
2025-12-19 15:46:45,674 - INFO - openpose - Gaze PUB: people=2, frame_idx=456
2025-12-19 15:46:46,348 - INFO - openpose - Gaze3D frame=464 id=left label=Left person v=[-0.318, 0.088, 0.944] yaw=-18.6 pitch=-5.1 cx=247.79265594482422
2025-12-19 15:46:46,348 - INFO - openpose - Gaze3D frame=464 id=right label=Right person v=[-0.535, -0.153, 0.831] yaw=-32.8 pitch=8.8 cx=434.97210693359375
2025-12-19 15:46:46,348 - INFO - openpose - Gaze PUB: people=2, frame_idx=464
2025-12-19 15:46:47,012 - INFO - openpose - Gaze3D frame=472 id=left label=Left person v=[-0.311, 0.091, 0.946] yaw=-18.2 pitch=-5.2 cx=247.77536010742188
2025-12-19 15:46:47,012 - INFO - openpose - Gaze3D frame=472 id=right label=Right person v=[-0.241, -0.340, 0.909] yaw=-14.8 pitch=19.9 cx=432.5001525878906
2025-12-19 15:46:47,012 - INFO - openpose - Gaze PUB: people=2, frame_idx=472
2025-12-19 15:46:47,689 - INFO - openpose - Gaze3D frame=480 id=left label=Left person v=[-0.143, -0.261, 0.955] yaw=-8.5 pitch=15.2 cx=247.78431701660156
2025-12-19 15:46:47,689 - INFO - openpose - Gaze3D frame=480 id=right label=Right person v=[-0.513, -0.132, 0.848] yaw=-31.2 pitch=7.6 cx=443.5666046142578
2025-12-19 15:46:47,689 - INFO - openpose - Gaze PUB: people=2, frame_idx=480
2025-12-19 15:46:48,394 - INFO - openpose - Gaze3D frame=488 id=left label=Left person v=[-0.198, -0.202, 0.959] yaw=-11.6 pitch=11.7 cx=251.73468017578125
2025-12-19 15:46:48,394 - INFO - openpose - Gaze3D frame=488 id=right label=Right person v=[-0.380, -0.319, 0.868] yaw=-23.6 pitch=18.6 cx=466.08848571777344
2025-12-19 15:46:48,394 - INFO - openpose - Gaze PUB: people=2, frame_idx=488
2025-12-19 15:46:49,104 - INFO - openpose - Gaze3D frame=496 id=left label=Left person v=[-0.215, 0.167, 0.962] yaw=-12.6 pitch=-9.6 cx=251.74921417236328
2025-12-19 15:46:49,104 - INFO - openpose - Gaze3D frame=496 id=right label=Right person v=[-0.303, -0.057, 0.951] yaw=-17.6 pitch=3.3 cx=462.18006896972656
2025-12-19 15:46:49,104 - INFO - openpose - Gaze PUB: people=2, frame_idx=496
2025-12-19 15:46:49,783 - INFO - openpose - Gaze3D frame=504 id=left label=Left person v=[-0.252, 0.118, 0.961] yaw=-14.7 pitch=-6.7 cx=248.4282989501953
2025-12-19 15:46:49,783 - INFO - openpose - Gaze3D frame=504 id=right label=Right person v=[-0.347, -0.055, 0.936] yaw=-20.3 pitch=3.2 cx=461.8597106933594
2025-12-19 15:46:49,783 - INFO - openpose - Gaze PUB: people=2, frame_idx=504
2025-12-19 15:46:50,450 - INFO - openpose - Gaze3D frame=512 id=left label=Left person v=[-0.225, 0.201, 0.953] yaw=-13.3 pitch=-11.6 cx=248.17535400390625
2025-12-19 15:46:50,450 - INFO - openpose - Gaze3D frame=512 id=right label=Right person v=[-0.250, -0.036, 0.968] yaw=-14.5 pitch=2.1 cx=461.99188232421875
2025-12-19 15:46:50,450 - INFO - openpose - Gaze PUB: people=2, frame_idx=512
2025-12-19 15:46:51,091 - INFO - openpose - Gaze3D frame=520 id=left label=Left person v=[-0.227, 0.158, 0.961] yaw=-13.3 pitch=-9.1 cx=247.08908081054688
2025-12-19 15:46:51,091 - INFO - openpose - Gaze3D frame=520 id=right label=Right person v=[-0.325, -0.004, 0.946] yaw=-19.0 pitch=0.2 cx=461.7761993408203
2025-12-19 15:46:51,091 - INFO - openpose - Gaze PUB: people=2, frame_idx=520
2025-12-19 15:46:51,784 - INFO - openpose - Gaze3D frame=528 id=left label=Left person v=[-0.413, 0.031, 0.910] yaw=-24.4 pitch=-1.8 cx=248.4805450439453
2025-12-19 15:46:51,784 - INFO - openpose - Gaze3D frame=528 id=right label=Right person v=[-0.465, 0.069, 0.883] yaw=-27.8 pitch=-3.9 cx=459.0206756591797
2025-12-19 15:46:51,792 - INFO - openpose - Gaze PUB: people=2, frame_idx=528
2025-12-19 15:46:52,505 - INFO - openpose - Gaze3D frame=536 id=left label=Left person v=[-0.152, -0.251, 0.956] yaw=-9.0 pitch=14.5 cx=251.35221099853516
2025-12-19 15:46:52,505 - INFO - openpose - Gaze3D frame=536 id=right label=Right person v=[-0.409, -0.323, 0.854] yaw=-25.6 pitch=18.8 cx=445.3446502685547
2025-12-19 15:46:52,505 - INFO - openpose - Gaze PUB: people=2, frame_idx=536
2025-12-19 15:46:53,184 - INFO - openpose - Gaze3D frame=544 id=left label=Left person v=[-0.104, -0.195, 0.975] yaw=-6.1 pitch=11.3 cx=263.4447021484375
2025-12-19 15:46:53,184 - INFO - openpose - Gaze3D frame=544 id=right label=Right person v=[-0.564, -0.453, 0.690] yaw=-39.2 pitch=26.9 cx=430.18853759765625
2025-12-19 15:46:53,184 - INFO - openpose - Gaze PUB: people=2, frame_idx=544
2025-12-19 15:46:53,882 - INFO - openpose - Gaze3D frame=552 id=left label=Left person v=[-0.337, 0.143, 0.931] yaw=-19.9 pitch=-8.2 cx=254.74352264404297
2025-12-19 15:46:53,882 - INFO - openpose - Gaze3D frame=552 id=right label=Right person v=[-0.201, -0.917, 0.344] yaw=-30.3 pitch=66.5 cx=427.1378631591797
2025-12-19 15:46:53,882 - INFO - openpose - Gaze PUB: people=2, frame_idx=552
2025-12-19 15:46:54,579 - INFO - openpose - Gaze3D frame=560 id=left label=Left person v=[-0.325, -0.033, 0.945] yaw=-19.0 pitch=1.9 cx=248.2762680053711
2025-12-19 15:46:54,579 - INFO - openpose - Gaze3D frame=560 id=right label=Right person v=[-0.229, -0.576, 0.785] yaw=-16.3 pitch=35.2 cx=428.17413330078125
2025-12-19 15:46:54,579 - INFO - openpose - Gaze PUB: people=2, frame_idx=560
2025-12-19 15:46:55,272 - INFO - openpose - Gaze3D frame=568 id=left label=Left person v=[-0.300, 0.016, 0.954] yaw=-17.5 pitch=-0.9 cx=248.03318786621094
2025-12-19 15:46:55,272 - INFO - openpose - Gaze3D frame=568 id=right label=Right person v=[-0.388, -0.676, 0.626] yaw=-31.8 pitch=42.6 cx=427.8698425292969
2025-12-19 15:46:55,272 - INFO - openpose - Gaze PUB: people=2, frame_idx=568
2025-12-19 15:46:55,963 - INFO - openpose - Gaze3D frame=576 id=left label=Left person v=[-0.288, 0.127, 0.949] yaw=-16.9 pitch=-7.3 cx=249.06265258789062
2025-12-19 15:46:55,963 - INFO - openpose - Gaze3D frame=576 id=right label=Right person v=[-0.384, 0.159, 0.910] yaw=-22.9 pitch=-9.2 cx=448.96946716308594
2025-12-19 15:46:55,963 - INFO - openpose - Gaze PUB: people=2, frame_idx=576
2025-12-19 15:46:56,628 - INFO - openpose - Gaze3D frame=584 id=left label=Left person v=[-0.344, 0.030, 0.939] yaw=-20.1 pitch=-1.7 cx=285.0107879638672
2025-12-19 15:46:56,628 - INFO - openpose - Gaze3D frame=584 id=right label=Right person v=[-0.118, -0.315, 0.942] yaw=-7.2 pitch=18.3 cx=456.27587890625
2025-12-19 15:46:56,628 - INFO - openpose - Gaze PUB: people=2, frame_idx=584
2025-12-19 15:46:57,303 - INFO - openpose - Gaze3D frame=592 id=left label=Left person v=[-0.356, 0.225, 0.907] yaw=-21.4 pitch=-13.0 cx=319.51734924316406
2025-12-19 15:46:57,303 - INFO - openpose - Gaze3D frame=592 id=right label=Right person v=[-0.360, -0.204, 0.910] yaw=-21.6 pitch=11.7 cx=453.54766845703125
2025-12-19 15:46:57,303 - INFO - openpose - Gaze PUB: people=2, frame_idx=592
2025-12-19 15:46:57,990 - INFO - openpose - Gaze3D frame=600 id=left label=Left person v=[-0.418, 0.686, 0.595] yaw=-35.1 pitch=-43.3 cx=320.26470947265625
2025-12-19 15:46:57,990 - INFO - openpose - Gaze3D frame=600 id=right label=Right person v=[-0.148, -0.367, 0.918] yaw=-9.1 pitch=21.5 cx=452.3011169433594
2025-12-19 15:46:57,990 - INFO - openpose - Gaze PUB: people=2, frame_idx=600
2025-12-19 15:46:58,678 - INFO - openpose - Gaze3D frame=608 id=left label=Left person v=[-0.178, -0.204, 0.963] yaw=-10.5 pitch=11.8 cx=309.2235412597656
2025-12-19 15:46:58,678 - INFO - openpose - Gaze3D frame=608 id=right label=Right person v=[-0.306, -0.025, 0.952] yaw=-17.8 pitch=1.5 cx=450.445556640625
2025-12-19 15:46:58,678 - INFO - openpose - Gaze PUB: people=2, frame_idx=608
2025-12-19 15:46:59,386 - INFO - openpose - Gaze3D frame=616 id=left label=Left person v=[-0.380, -0.106, 0.919] yaw=-22.5 pitch=6.1 cx=260.1001968383789
2025-12-19 15:46:59,386 - INFO - openpose - Gaze3D frame=616 id=right label=Right person v=[-0.438, -0.376, 0.816] yaw=-28.2 pitch=22.1 cx=448.6686096191406
2025-12-19 15:46:59,386 - INFO - openpose - Gaze PUB: people=2, frame_idx=616
2025-12-19 15:47:00,075 - INFO - openpose - Gaze3D frame=624 id=left label=Left person v=[-0.330, 0.072, 0.941] yaw=-19.3 pitch=-4.1 cx=249.7393341064453
2025-12-19 15:47:00,075 - INFO - openpose - Gaze3D frame=624 id=right label=Right person v=[-0.457, -0.153, 0.876] yaw=-27.6 pitch=8.8 cx=449.0595245361328
2025-12-19 15:47:00,075 - INFO - openpose - Gaze PUB: people=2, frame_idx=624
2025-12-19 15:47:00,749 - INFO - openpose - Gaze3D frame=632 id=left label=Left person v=[-0.112, -0.226, 0.968] yaw=-6.6 pitch=13.0 cx=256.49566650390625
2025-12-19 15:47:00,749 - INFO - openpose - Gaze3D frame=632 id=right label=Right person v=[-0.484, -0.256, 0.837] yaw=-30.1 pitch=14.8 cx=438.67591857910156
2025-12-19 15:47:00,749 - INFO - openpose - Gaze PUB: people=2, frame_idx=632
2025-12-19 15:47:00,878 - INFO - openpose - Right person: Arm EXTENDED (depth-plane)
2025-12-19 15:47:00,878 - INFO - openpose - ZMQ Message received (non-blocking): PR: Arm Extended Check
2025-12-19 15:47:00,879 - INFO - openpose - ZMQ Sending: Right: Arm Extended
2025-12-19 15:47:00,939 - INFO - openpose - Right person: Arm RETRACTED (depth-plane)
2025-12-19 15:47:00,939 - INFO - openpose - ZMQ Message received (non-blocking): PR: Arm Retracted Check
2025-12-19 15:47:00,939 - INFO - openpose - ZMQ Sending: Right: Arm Retracted
2025-12-19 15:47:01,429 - INFO - openpose - Gaze3D frame=640 id=left label=Left person v=[-0.128, -0.299, 0.945] yaw=-7.7 pitch=17.4 cx=258.32271575927734
2025-12-19 15:47:01,429 - INFO - openpose - Gaze3D frame=640 id=right label=Right person v=[-0.603, -0.151, 0.784] yaw=-37.6 pitch=8.7 cx=420.1831817626953
2025-12-19 15:47:01,429 - INFO - openpose - Gaze PUB: people=2, frame_idx=640
2025-12-19 15:47:02,115 - INFO - openpose - Gaze3D frame=648 id=left label=Left person v=[-0.253, 0.130, 0.959] yaw=-14.8 pitch=-7.5 cx=256.22135162353516
2025-12-19 15:47:02,115 - INFO - openpose - Gaze3D frame=648 id=right label=Right person v=[-0.592, -0.433, 0.680] yaw=-41.1 pitch=25.6 cx=413.61181640625
2025-12-19 15:47:02,115 - INFO - openpose - Gaze PUB: people=2, frame_idx=648
2025-12-19 15:47:02,798 - INFO - openpose - Gaze3D frame=656 id=left label=Left person v=[-0.301, 0.095, 0.949] yaw=-17.6 pitch=-5.4 cx=255.49578857421875
2025-12-19 15:47:02,798 - INFO - openpose - Gaze3D frame=656 id=right label=Right person v=[-0.537, -0.081, 0.839] yaw=-32.6 pitch=4.6 cx=415.1927947998047
2025-12-19 15:47:02,798 - INFO - openpose - Gaze PUB: people=2, frame_idx=656
2025-12-19 15:47:03,528 - INFO - openpose - Gaze3D frame=664 id=left label=Left person v=[-0.222, 0.188, 0.957] yaw=-13.0 pitch=-10.8 cx=255.08456420898438
2025-12-19 15:47:03,528 - INFO - openpose - Gaze3D frame=664 id=right label=Right person v=[-0.509, -0.250, 0.824] yaw=-31.7 pitch=14.5 cx=415.5181121826172
2025-12-19 15:47:03,528 - INFO - openpose - Gaze PUB: people=2, frame_idx=664
2025-12-19 15:47:04,177 - INFO - openpose - Gaze3D frame=672 id=left label=Left person v=[-0.193, 0.261, 0.946] yaw=-11.5 pitch=-15.1 cx=261.86302185058594
2025-12-19 15:47:04,177 - INFO - openpose - Gaze3D frame=672 id=right label=Right person v=[-0.309, 0.014, 0.951] yaw=-18.0 pitch=-0.8 cx=452.405029296875
2025-12-19 15:47:04,177 - INFO - openpose - Gaze PUB: people=2, frame_idx=672
2025-12-19 15:47:04,303 - INFO - openpose - Left person: Arm EXTENDED (depth-plane)
2025-12-19 15:47:04,303 - INFO - openpose - ZMQ Message received (non-blocking): PL: Arm Extended Check
2025-12-19 15:47:04,303 - INFO - openpose - ZMQ Sending: Left: Arm Extended
2025-12-19 15:47:04,366 - INFO - openpose - Left person: Arm RETRACTED (depth-plane)
2025-12-19 15:47:04,366 - INFO - openpose - ZMQ Message received (non-blocking): PL: Arm Retracted Check
2025-12-19 15:47:04,367 - INFO - openpose - ZMQ Sending: Left: Arm Retracted
2025-12-19 15:47:04,892 - INFO - openpose - Gaze3D frame=680 id=left label=Left person v=[-0.352, 0.007, 0.936] yaw=-20.6 pitch=-0.4 cx=296.25770568847656
2025-12-19 15:47:04,892 - INFO - openpose - Gaze3D frame=680 id=right label=Right person v=[-0.263, -0.291, 0.920] yaw=-16.0 pitch=16.9 cx=462.3177490234375
2025-12-19 15:47:04,893 - INFO - openpose - Gaze PUB: people=2, frame_idx=680
2025-12-19 15:47:05,575 - INFO - openpose - Gaze3D frame=688 id=left label=Left person v=[-0.346, 0.116, 0.931] yaw=-20.4 pitch=-6.7 cx=309.30677795410156
2025-12-19 15:47:05,575 - INFO - openpose - Gaze3D frame=688 id=right label=Right person v=[-0.278, -0.270, 0.922] yaw=-16.8 pitch=15.6 cx=463.8852233886719
2025-12-19 15:47:05,575 - INFO - openpose - Gaze PUB: people=2, frame_idx=688
2025-12-19 15:47:06,282 - INFO - openpose - Gaze3D frame=696 id=left label=Left person v=[-0.324, 0.229, 0.918] yaw=-19.4 pitch=-13.3 cx=306.0949249267578
2025-12-19 15:47:06,282 - INFO - openpose - Gaze3D frame=696 id=right label=Right person v=[-0.227, -0.108, 0.968] yaw=-13.2 pitch=6.2 cx=462.6006622314453
2025-12-19 15:47:06,282 - INFO - openpose - Gaze PUB: people=2, frame_idx=696
2025-12-19 15:47:06,965 - INFO - openpose - Gaze3D frame=704 id=left label=Left person v=[-0.139, 0.074, 0.987] yaw=-8.0 pitch=-4.3 cx=267.83116149902344
2025-12-19 15:47:06,965 - INFO - openpose - Gaze3D frame=704 id=right label=Right person v=[-0.265, -0.097, 0.959] yaw=-15.5 pitch=5.6 cx=461.31578063964844
2025-12-19 15:47:06,965 - INFO - openpose - Gaze PUB: people=2, frame_idx=704
2025-12-19 15:47:07,622 - INFO - openpose - Gaze3D frame=712 id=left label=Left person v=[-0.178, 0.101, 0.979] yaw=-10.3 pitch=-5.8 cx=241.74370574951172
2025-12-19 15:47:07,622 - INFO - openpose - Gaze3D frame=712 id=right label=Right person v=[-0.304, -0.013, 0.952] yaw=-17.7 pitch=0.7 cx=460.4501037597656
2025-12-19 15:47:07,622 - INFO - openpose - Gaze PUB: people=2, frame_idx=712
2025-12-19 15:47:08,288 - INFO - openpose - Gaze3D frame=720 id=left label=Left person v=[-0.241, 0.123, 0.963] yaw=-14.1 pitch=-7.1 cx=240.31480407714844
2025-12-19 15:47:08,288 - INFO - openpose - Gaze3D frame=720 id=right label=Right person v=[-0.313, -0.138, 0.940] yaw=-18.5 pitch=7.9 cx=452.03253173828125
2025-12-19 15:47:08,288 - INFO - openpose - Gaze PUB: people=2, frame_idx=720
2025-12-19 15:47:08,978 - INFO - openpose - Gaze3D frame=728 id=left label=Left person v=[-0.223, 0.019, 0.975] yaw=-12.9 pitch=-1.1 cx=240.54397583007812
2025-12-19 15:47:08,979 - INFO - openpose - Gaze3D frame=728 id=right label=Right person v=[-0.385, -0.156, 0.910] yaw=-22.9 pitch=8.9 cx=433.4364013671875
2025-12-19 15:47:08,979 - INFO - openpose - Gaze PUB: people=2, frame_idx=728
2025-12-19 15:47:09,637 - INFO - openpose - Gaze3D frame=736 id=left label=Left person v=[-0.267, 0.094, 0.959] yaw=-15.6 pitch=-5.4 cx=239.26290893554688
2025-12-19 15:47:09,637 - INFO - openpose - Gaze3D frame=736 id=right label=Right person v=[-0.354, -0.161, 0.921] yaw=-21.0 pitch=9.3 cx=432.82713317871094
2025-12-19 15:47:09,637 - INFO - openpose - Gaze PUB: people=2, frame_idx=736
2025-12-19 15:47:10,288 - INFO - openpose - Gaze3D frame=744 id=left label=Left person v=[-0.233, 0.087, 0.969] yaw=-13.5 pitch=-5.0 cx=238.9232635498047
2025-12-19 15:47:10,288 - INFO - openpose - Gaze3D frame=744 id=right label=Right person v=[-0.393, -0.199, 0.898] yaw=-23.6 pitch=11.4 cx=431.9680938720703
2025-12-19 15:47:10,288 - INFO - openpose - Gaze PUB: people=2, frame_idx=744
2025-12-19 15:47:10,988 - INFO - openpose - Gaze3D frame=752 id=left label=Left person v=[-0.163, 0.114, 0.980] yaw=-9.4 pitch=-6.6 cx=235.33352661132812
2025-12-19 15:47:10,988 - INFO - openpose - Gaze3D frame=752 id=right label=Right person v=[-0.542, -0.382, 0.749] yaw=-35.9 pitch=22.5 cx=419.7410583496094
2025-12-19 15:47:10,988 - INFO - openpose - Gaze PUB: people=2, frame_idx=752
2025-12-19 15:47:11,111 - INFO - openpose - Right person: Arm EXTENDED (depth-plane)
2025-12-19 15:47:11,111 - INFO - openpose - ZMQ Message received (non-blocking): PR: Arm Extended Check
2025-12-19 15:47:11,111 - INFO - openpose - ZMQ Sending: Right: Arm Extended
2025-12-19 15:47:11,172 - INFO - openpose - Right person: Arm RETRACTED (depth-plane)
2025-12-19 15:47:11,173 - INFO - openpose - ZMQ Message received (non-blocking): PR: Arm Retracted Check
2025-12-19 15:47:11,173 - INFO - openpose - ZMQ Sending: Right: Arm Retracted
2025-12-19 15:47:11,664 - INFO - openpose - Gaze3D frame=760 id=left label=Left person v=[-0.226, 0.036, 0.973] yaw=-13.1 pitch=-2.1 cx=232.4213409423828
2025-12-19 15:47:11,664 - INFO - openpose - Gaze3D frame=760 id=right label=Right person v=[-0.524, -0.428, 0.736] yaw=-35.5 pitch=25.4 cx=406.0718536376953
2025-12-19 15:47:11,664 - INFO - openpose - Gaze PUB: people=2, frame_idx=760
2025-12-19 15:47:12,371 - INFO - openpose - Gaze3D frame=768 id=left label=Left person v=[-0.290, 0.182, 0.940] yaw=-17.1 pitch=-10.5 cx=233.16434478759766
2025-12-19 15:47:12,371 - INFO - openpose - Gaze3D frame=768 id=right label=Right person v=[-0.652, -0.024, 0.758] yaw=-40.7 pitch=1.4 cx=404.4527893066406
2025-12-19 15:47:12,371 - INFO - openpose - Gaze PUB: people=2, frame_idx=768
2025-12-19 15:47:13,052 - INFO - openpose - Gaze3D frame=776 id=left label=Left person v=[-0.280, 0.162, 0.946] yaw=-16.5 pitch=-9.3 cx=232.7327423095703
2025-12-19 15:47:13,052 - INFO - openpose - Gaze3D frame=776 id=right label=Right person v=[-0.347, -0.055, 0.936] yaw=-20.3 pitch=3.1 cx=404.3002014160156
2025-12-19 15:47:13,052 - INFO - openpose - Gaze PUB: people=2, frame_idx=776
2025-12-19 15:47:13,734 - INFO - openpose - Gaze3D frame=784 id=left label=Left person v=[-0.207, 0.250, 0.946] yaw=-12.3 pitch=-14.5 cx=235.16078186035156
2025-12-19 15:47:13,734 - INFO - openpose - Gaze3D frame=784 id=right label=Right person v=[-0.424, -0.123, 0.897] yaw=-25.3 pitch=7.0 cx=403.6421203613281
2025-12-19 15:47:13,734 - INFO - openpose - Gaze PUB: people=2, frame_idx=784
2025-12-19 15:47:14,406 - INFO - openpose - Gaze3D frame=792 id=left label=Left person v=[-0.217, 0.223, 0.951] yaw=-12.8 pitch=-12.9 cx=234.94425201416016
2025-12-19 15:47:14,406 - INFO - openpose - Gaze3D frame=792 id=right label=Right person v=[-0.313, -0.061, 0.948] yaw=-18.3 pitch=3.5 cx=419.3751525878906
2025-12-19 15:47:14,406 - INFO - openpose - Gaze PUB: people=2, frame_idx=792
2025-12-19 15:47:15,077 - INFO - openpose - Gaze3D frame=800 id=left label=Left person v=[-0.156, 0.269, 0.950] yaw=-9.3 pitch=-15.6 cx=238.6092071533203
2025-12-19 15:47:15,077 - INFO - openpose - Gaze3D frame=800 id=right label=Right person v=[-0.314, 0.007, 0.950] yaw=-18.3 pitch=-0.4 cx=444.1053771972656
2025-12-19 15:47:15,077 - INFO - openpose - Gaze PUB: people=2, frame_idx=800
2025-12-19 15:47:15,740 - INFO - openpose - Gaze3D frame=808 id=left label=Left person v=[-0.167, 0.197, 0.966] yaw=-9.8 pitch=-11.3 cx=237.09078216552734
2025-12-19 15:47:15,741 - INFO - openpose - Gaze3D frame=808 id=right label=Right person v=[-0.083, -0.267, 0.960] yaw=-4.9 pitch=15.5 cx=443.9490966796875
2025-12-19 15:47:15,741 - INFO - openpose - Gaze PUB: people=2, frame_idx=808
2025-12-19 15:47:16,411 - INFO - openpose - Gaze3D frame=816 id=left label=Left person v=[-0.186, 0.202, 0.961] yaw=-10.9 pitch=-11.7 cx=237.74474334716797
2025-12-19 15:47:16,411 - INFO - openpose - Gaze3D frame=816 id=right label=Right person v=[-0.321, 0.014, 0.947] yaw=-18.8 pitch=-0.8 cx=443.3071746826172
2025-12-19 15:47:16,411 - INFO - openpose - Gaze PUB: people=2, frame_idx=816
2025-12-19 15:47:17,117 - INFO - openpose - Gaze3D frame=824 id=left label=Left person v=[-0.162, 0.242, 0.957] yaw=-9.6 pitch=-14.0 cx=239.29061889648438
2025-12-19 15:47:17,117 - INFO - openpose - Gaze3D frame=824 id=right label=Right person v=[-0.303, 0.016, 0.953] yaw=-17.7 pitch=-0.9 cx=444.8199005126953
2025-12-19 15:47:17,117 - INFO - openpose - Gaze PUB: people=2, frame_idx=824
2025-12-19 15:47:17,803 - INFO - openpose - Gaze3D frame=832 id=left label=Left person v=[-0.209, 0.277, 0.938] yaw=-12.5 pitch=-16.1 cx=239.42848205566406
2025-12-19 15:47:17,803 - INFO - openpose - Gaze3D frame=832 id=right label=Right person v=[-0.309, -0.189, 0.932] yaw=-18.3 pitch=10.9 cx=444.9031219482422
2025-12-19 15:47:17,803 - INFO - openpose - Gaze PUB: people=2, frame_idx=832
2025-12-19 15:47:18,478 - INFO - openpose - Gaze3D frame=840 id=left label=Left person v=[-0.212, 0.209, 0.954] yaw=-12.5 pitch=-12.1 cx=239.5752716064453
2025-12-19 15:47:18,478 - INFO - openpose - Gaze3D frame=840 id=right label=Right person v=[-0.484, -0.062, 0.873] yaw=-29.0 pitch=3.5 cx=444.1390686035156
2025-12-19 15:47:18,478 - INFO - openpose - Gaze PUB: people=2, frame_idx=840
2025-12-19 15:47:19,191 - INFO - openpose - Gaze3D frame=848 id=left label=Left person v=[-0.193, 0.323, 0.926] yaw=-11.8 pitch=-18.9 cx=239.939453125
2025-12-19 15:47:19,191 - INFO - openpose - Gaze3D frame=848 id=right label=Right person v=[-0.501, -0.221, 0.837] yaw=-30.9 pitch=12.8 cx=442.04283142089844
2025-12-19 15:47:19,191 - INFO - openpose - Gaze PUB: people=2, frame_idx=848
2025-12-19 15:47:19,919 - INFO - openpose - Gaze3D frame=856 id=left label=Left person v=[-0.201, 0.257, 0.945] yaw=-12.0 pitch=-14.9 cx=240.11156463623047
2025-12-19 15:47:19,919 - INFO - openpose - Gaze3D frame=856 id=right label=Right person v=[-0.407, -0.168, 0.898] yaw=-24.4 pitch=9.6 cx=432.0210266113281
2025-12-19 15:47:19,919 - INFO - openpose - Gaze PUB: people=2, frame_idx=856
2025-12-19 15:47:20,617 - INFO - openpose - Gaze3D frame=864 id=left label=Left person v=[-0.185, 0.237, 0.954] yaw=-11.0 pitch=-13.7 cx=239.01436614990234
2025-12-19 15:47:20,617 - INFO - openpose - Gaze3D frame=864 id=right label=Right person v=[-0.642, 0.097, 0.761] yaw=-40.1 pitch=-5.6 cx=390.4539337158203
2025-12-19 15:47:20,617 - INFO - openpose - Gaze PUB: people=2, frame_idx=864
2025-12-19 15:47:21,325 - INFO - openpose - Gaze3D frame=872 id=left label=Left person v=[-0.196, 0.124, 0.973] yaw=-11.4 pitch=-7.1 cx=239.15206909179688
2025-12-19 15:47:21,325 - INFO - openpose - Gaze3D frame=872 id=right label=Right person v=[-0.486, 0.034, 0.873] yaw=-29.1 pitch=-2.0 cx=429.2323760986328
2025-12-19 15:47:21,325 - INFO - openpose - Gaze PUB: people=2, frame_idx=872
2025-12-19 15:47:22,024 - INFO - openpose - Gaze3D frame=880 id=left label=Left person v=[-0.250, 0.168, 0.953] yaw=-14.7 pitch=-9.7 cx=239.31581115722656
2025-12-19 15:47:22,024 - INFO - openpose - Gaze3D frame=880 id=right label=Right person v=[-0.334, -0.004, 0.942] yaw=-19.5 pitch=0.2 cx=445.6819610595703
2025-12-19 15:47:22,024 - INFO - openpose - Gaze PUB: people=2, frame_idx=880
2025-12-19 15:47:22,739 - INFO - openpose - Gaze3D frame=888 id=left label=Left person v=[-0.213, 0.143, 0.967] yaw=-12.4 pitch=-8.3 cx=248.3943634033203
2025-12-19 15:47:22,739 - INFO - openpose - Gaze3D frame=888 id=right label=Right person v=[-0.293, -0.160, 0.943] yaw=-17.3 pitch=9.2 cx=444.25379943847656
2025-12-19 15:47:22,739 - INFO - openpose - Gaze PUB: people=2, frame_idx=888
2025-12-19 15:47:22,871 - INFO - openpose - Left person: Arm EXTENDED (depth-plane)
2025-12-19 15:47:22,871 - INFO - openpose - ZMQ Message received (non-blocking): PL: Arm Extended Check
2025-12-19 15:47:22,871 - INFO - openpose - ZMQ Sending: Left: Arm Extended
2025-12-19 15:47:22,940 - INFO - openpose - Left person: Arm RETRACTED (depth-plane)
2025-12-19 15:47:22,940 - INFO - openpose - ZMQ Message received (non-blocking): PL: Arm Retracted Check
2025-12-19 15:47:22,940 - INFO - openpose - ZMQ Sending: Left: Arm Retracted
2025-12-19 15:47:23,449 - INFO - openpose - Gaze3D frame=896 id=left label=Left person v=[-0.225, 0.034, 0.974] yaw=-13.0 pitch=-1.9 cx=263.4224319458008
2025-12-19 15:47:23,449 - INFO - openpose - Gaze3D frame=896 id=right label=Right person v=[-0.325, -0.093, 0.941] yaw=-19.0 pitch=5.3 cx=445.03851318359375
2025-12-19 15:47:23,449 - INFO - openpose - Gaze PUB: people=2, frame_idx=896
2025-12-19 15:47:24,138 - INFO - openpose - Gaze3D frame=904 id=left label=Left person v=[-0.167, 0.086, 0.982] yaw=-9.6 pitch=-4.9 cx=251.36378479003906
2025-12-19 15:47:24,138 - INFO - openpose - Gaze3D frame=904 id=right label=Right person v=[-0.343, -0.049, 0.938] yaw=-20.1 pitch=2.8 cx=445.42494201660156
2025-12-19 15:47:24,138 - INFO - openpose - Gaze PUB: people=2, frame_idx=904
2025-12-19 15:47:24,825 - INFO - openpose - Gaze3D frame=912 id=left label=Left person v=[-0.171, 0.232, 0.957] yaw=-10.2 pitch=-13.4 cx=251.47254180908203
2025-12-19 15:47:24,825 - INFO - openpose - Gaze3D frame=912 id=right label=Right person v=[-0.276, -0.118, 0.954] yaw=-16.1 pitch=6.8 cx=446.62144470214844
2025-12-19 15:47:24,825 - INFO - openpose - Gaze PUB: people=2, frame_idx=912
2025-12-19 15:47:25,468 - INFO - openpose - Gaze3D frame=920 id=left label=Left person v=[-0.244, 0.210, 0.947] yaw=-14.4 pitch=-12.1 cx=254.4099349975586
2025-12-19 15:47:25,468 - INFO - openpose - Gaze3D frame=920 id=right label=Right person v=[-0.314, -0.295, 0.902] yaw=-19.2 pitch=17.2 cx=443.40187072753906
2025-12-19 15:47:25,468 - INFO - openpose - Gaze PUB: people=2, frame_idx=920
2025-12-19 15:47:26,140 - INFO - openpose - Gaze3D frame=928 id=left label=Left person v=[-0.233, 0.219, 0.948] yaw=-13.8 pitch=-12.6 cx=254.70387268066406
2025-12-19 15:47:26,140 - INFO - openpose - Gaze3D frame=928 id=right label=Right person v=[-0.429, -0.257, 0.866] yaw=-26.4 pitch=14.9 cx=439.90557861328125
2025-12-19 15:47:26,140 - INFO - openpose - Gaze PUB: people=2, frame_idx=928
2025-12-19 15:47:26,835 - INFO - openpose - Gaze3D frame=936 id=left label=Left person v=[-0.295, 0.184, 0.938] yaw=-17.5 pitch=-10.6 cx=254.79474639892578
2025-12-19 15:47:26,835 - INFO - openpose - Gaze3D frame=936 id=right label=Right person v=[-0.204, -0.345, 0.916] yaw=-12.5 pitch=20.2 cx=440.9635314941406
2025-12-19 15:47:26,835 - INFO - openpose - Gaze PUB: people=2, frame_idx=936
2025-12-19 15:47:27,478 - INFO - openpose - Gaze3D frame=944 id=left label=Left person v=[-0.229, 0.226, 0.947] yaw=-13.6 pitch=-13.1 cx=254.39080810546875
2025-12-19 15:47:27,478 - INFO - openpose - Gaze3D frame=944 id=right label=Right person v=[-0.450, -0.125, 0.884] yaw=-27.0 pitch=7.2 cx=443.3030700683594
2025-12-19 15:47:27,478 - INFO - openpose - Gaze PUB: people=2, frame_idx=944
2025-12-19 15:47:28,188 - INFO - openpose - Gaze3D frame=952 id=left label=Left person v=[-0.310, 0.263, 0.914] yaw=-18.7 pitch=-15.3 cx=254.76002502441406
2025-12-19 15:47:28,188 - INFO - openpose - Gaze3D frame=952 id=right label=Right person v=[-0.518, -0.114, 0.848] yaw=-31.4 pitch=6.6 cx=444.5969696044922
2025-12-19 15:47:28,188 - INFO - openpose - Gaze PUB: people=2, frame_idx=952
2025-12-19 15:47:28,863 - INFO - openpose - Gaze3D frame=960 id=left label=Left person v=[-0.289, 0.269, 0.919] yaw=-17.5 pitch=-15.6 cx=253.93488311767578
2025-12-19 15:47:28,863 - INFO - openpose - Gaze3D frame=960 id=right label=Right person v=[-0.488, -0.036, 0.872] yaw=-29.2 pitch=2.1 cx=445.3426818847656
2025-12-19 15:47:28,864 - INFO - openpose - Gaze PUB: people=2, frame_idx=960
2025-12-19 15:47:29,566 - INFO - openpose - Gaze3D frame=968 id=left label=Left person v=[-0.240, 0.266, 0.934] yaw=-14.4 pitch=-15.4 cx=253.6431655883789
2025-12-19 15:47:29,566 - INFO - openpose - Gaze3D frame=968 id=right label=Right person v=[-0.398, -0.198, 0.896] yaw=-23.9 pitch=11.4 cx=445.58074951171875
2025-12-19 15:47:29,566 - INFO - openpose - Gaze PUB: people=2, frame_idx=968
2025-12-19 15:47:30,289 - INFO - openpose - Gaze3D frame=976 id=left label=Left person v=[-0.294, 0.082, 0.952] yaw=-17.2 pitch=-4.7 cx=253.31747436523438
2025-12-19 15:47:30,289 - INFO - openpose - Gaze3D frame=976 id=right label=Right person v=[-0.237, -0.216, 0.947] yaw=-14.1 pitch=12.4 cx=446.0965881347656
2025-12-19 15:47:30,289 - INFO - openpose - Gaze PUB: people=2, frame_idx=976
2025-12-19 15:47:30,962 - INFO - openpose - Gaze3D frame=984 id=left label=Left person v=[-0.290, 0.217, 0.932] yaw=-17.3 pitch=-12.6 cx=252.76058197021484
2025-12-19 15:47:30,963 - INFO - openpose - Gaze3D frame=984 id=right label=Right person v=[-0.420, -0.281, 0.863] yaw=-25.9 pitch=16.3 cx=446.4111785888672
2025-12-19 15:47:30,963 - INFO - openpose - Gaze PUB: people=2, frame_idx=984
2025-12-19 15:47:31,648 - INFO - openpose - Gaze3D frame=992 id=left label=Left person v=[-0.202, 0.213, 0.956] yaw=-12.0 pitch=-12.3 cx=250.1471939086914
2025-12-19 15:47:31,648 - INFO - openpose - Gaze3D frame=992 id=right label=Right person v=[-0.440, -0.287, 0.851] yaw=-27.4 pitch=16.7 cx=446.7780456542969
2025-12-19 15:47:31,648 - INFO - openpose - Gaze PUB: people=2, frame_idx=992
2025-12-19 15:47:32,326 - INFO - openpose - Gaze3D frame=1000 id=left label=Left person v=[-0.258, 0.207, 0.944] yaw=-15.3 pitch=-12.0 cx=250.33879852294922
2025-12-19 15:47:32,326 - INFO - openpose - Gaze3D frame=1000 id=right label=Right person v=[-0.399, -0.211, 0.892] yaw=-24.1 pitch=12.2 cx=447.191162109375
2025-12-19 15:47:32,326 - INFO - openpose - Gaze PUB: people=2, frame_idx=1000
2025-12-19 15:47:32,998 - INFO - openpose - Gaze3D frame=1008 id=left label=Left person v=[-0.168, 0.283, 0.944] yaw=-10.1 pitch=-16.4 cx=249.98866271972656
2025-12-19 15:47:32,998 - INFO - openpose - Gaze3D frame=1008 id=right label=Right person v=[-0.278, 0.035, 0.960] yaw=-16.2 pitch=-2.0 cx=447.1877136230469
2025-12-19 15:47:32,998 - INFO - openpose - Gaze PUB: people=2, frame_idx=1008
2025-12-19 15:47:33,682 - INFO - openpose - Gaze3D frame=1016 id=left label=Left person v=[-0.081, 0.254, 0.964] yaw=-4.8 pitch=-14.7 cx=250.19742584228516
2025-12-19 15:47:33,682 - INFO - openpose - Gaze3D frame=1016 id=right label=Right person v=[-0.347, -0.267, 0.899] yaw=-21.1 pitch=15.5 cx=447.4059600830078
2025-12-19 15:47:33,682 - INFO - openpose - Gaze PUB: people=2, frame_idx=1016
2025-12-19 15:47:34,363 - INFO - openpose - Gaze3D frame=1024 id=left label=Left person v=[-0.100, 0.321, 0.942] yaw=-6.0 pitch=-18.7 cx=250.87126922607422
2025-12-19 15:47:34,363 - INFO - openpose - Gaze3D frame=1024 id=right label=Right person v=[-0.209, -0.424, 0.881] yaw=-13.4 pitch=25.1 cx=446.6953430175781
2025-12-19 15:47:34,363 - INFO - openpose - Gaze PUB: people=2, frame_idx=1024
2025-12-19 15:47:35,055 - INFO - openpose - Gaze3D frame=1032 id=left label=Left person v=[-0.264, 0.317, 0.911] yaw=-16.1 pitch=-18.5 cx=253.17160034179688
2025-12-19 15:47:35,056 - INFO - openpose - Gaze3D frame=1032 id=right label=Right person v=[-0.259, -0.064, 0.964] yaw=-15.0 pitch=3.7 cx=446.9505310058594
2025-12-19 15:47:35,056 - INFO - openpose - Gaze PUB: people=2, frame_idx=1032
2025-12-19 15:47:35,753 - INFO - openpose - Gaze3D frame=1040 id=left label=Left person v=[0.103, 0.623, 0.775] yaw=7.6 pitch=-38.6 cx=261.1487731933594
2025-12-19 15:47:35,753 - INFO - openpose - Gaze3D frame=1040 id=right label=Right person v=[-0.360, -0.151, 0.920] yaw=-21.4 pitch=8.7 cx=445.85028076171875
2025-12-19 15:47:35,753 - INFO - openpose - Gaze PUB: people=2, frame_idx=1040
2025-12-19 15:47:36,427 - INFO - openpose - Gaze3D frame=1048 id=left label=Left person v=[-0.196, 0.285, 0.938] yaw=-11.8 pitch=-16.5 cx=255.42118072509766
2025-12-19 15:47:36,427 - INFO - openpose - Gaze3D frame=1048 id=right label=Right person v=[-0.323, -0.257, 0.911] yaw=-19.5 pitch=14.9 cx=445.1769561767578
2025-12-19 15:47:36,427 - INFO - openpose - Gaze PUB: people=2, frame_idx=1048
2025-12-19 15:47:37,072 - INFO - openpose - Gaze3D frame=1056 id=left label=Left person v=[-0.222, 0.322, 0.920] yaw=-13.6 pitch=-18.8 cx=255.13629913330078
2025-12-19 15:47:37,072 - INFO - openpose - Gaze3D frame=1056 id=right label=Right person v=[-0.273, -0.406, 0.872] yaw=-17.4 pitch=23.9 cx=444.7224426269531
2025-12-19 15:47:37,072 - INFO - openpose - Gaze PUB: people=2, frame_idx=1056
2025-12-19 15:47:37,742 - INFO - openpose - Gaze3D frame=1064 id=left label=Left person v=[-0.233, 0.257, 0.938] yaw=-14.0 pitch=-14.9 cx=255.56749725341797
2025-12-19 15:47:37,742 - INFO - openpose - Gaze3D frame=1064 id=right label=Right person v=[-0.346, -0.407, 0.845] yaw=-22.3 pitch=24.0 cx=444.14231872558594
2025-12-19 15:47:37,742 - INFO - openpose - Gaze PUB: people=2, frame_idx=1064
2025-12-19 15:47:38,456 - INFO - openpose - Gaze3D frame=1072 id=left label=Left person v=[-0.229, 0.155, 0.961] yaw=-13.4 pitch=-8.9 cx=255.4307632446289
2025-12-19 15:47:38,457 - INFO - openpose - Gaze3D frame=1072 id=right label=Right person v=[-0.055, -0.867, 0.495] yaw=-6.4 pitch=60.1 cx=437.3424987792969
2025-12-19 15:47:38,457 - INFO - openpose - Gaze PUB: people=2, frame_idx=1072
2025-12-19 15:47:39,149 - INFO - openpose - Gaze3D frame=1080 id=left label=Left person v=[-0.219, 0.183, 0.958] yaw=-12.9 pitch=-10.5 cx=255.35830688476562
2025-12-19 15:47:39,149 - INFO - openpose - Gaze3D frame=1080 id=right label=Right person v=[0.003, -0.826, 0.564] yaw=0.3 pitch=55.7 cx=438.2826232910156
2025-12-19 15:47:39,149 - INFO - openpose - Gaze PUB: people=2, frame_idx=1080
2025-12-19 15:47:39,866 - INFO - openpose - Gaze3D frame=1088 id=left label=Left person v=[-0.104, 0.120, 0.987] yaw=-6.0 pitch=-6.9 cx=255.13629150390625
2025-12-19 15:47:39,866 - INFO - openpose - Gaze3D frame=1088 id=right label=Right person v=[-0.063, -0.869, 0.491] yaw=-7.3 pitch=60.3 cx=433.44114685058594
2025-12-19 15:47:39,866 - INFO - openpose - Gaze PUB: people=2, frame_idx=1088
2025-12-19 15:47:40,552 - INFO - openpose - Gaze3D frame=1096 id=left label=Left person v=[-0.282, 0.308, 0.909] yaw=-17.2 pitch=-17.9 cx=255.18759155273438
2025-12-19 15:47:40,552 - INFO - openpose - Gaze3D frame=1096 id=right label=Right person v=[0.016, -0.766, 0.643] yaw=1.5 pitch=50.0 cx=434.197265625
2025-12-19 15:47:40,552 - INFO - openpose - Gaze PUB: people=2, frame_idx=1096
2025-12-19 15:47:41,250 - INFO - openpose - Gaze3D frame=1104 id=left label=Left person v=[0.100, 0.710, 0.698] yaw=8.2 pitch=-45.2 cx=262.8495330810547
2025-12-19 15:47:41,250 - INFO - openpose - Gaze3D frame=1104 id=right label=Right person v=[-0.250, -0.596, 0.763] yaw=-18.2 pitch=36.6 cx=442.6033477783203
2025-12-19 15:47:41,250 - INFO - openpose - Gaze PUB: people=2, frame_idx=1104
2025-12-19 15:47:41,683 - INFO - openpose - Right person: Arm EXTENDED (depth-plane)
2025-12-19 15:47:41,683 - INFO - openpose - ZMQ Message received (non-blocking): PR: Arm Extended Check
2025-12-19 15:47:41,684 - INFO - openpose - ZMQ Sending: Right: Arm Extended
2025-12-19 15:47:41,941 - INFO - openpose - Gaze3D frame=1112 id=left label=Left person v=[0.071, 0.749, 0.659] yaw=6.1 pitch=-48.5 cx=263.71815490722656
2025-12-19 15:47:41,941 - INFO - openpose - Gaze3D frame=1112 id=right label=Right person v=[-0.380, -0.328, 0.865] yaw=-23.7 pitch=19.1 cx=436.7033233642578
2025-12-19 15:47:41,941 - INFO - openpose - Gaze PUB: people=2, frame_idx=1112
2025-12-19 15:47:41,942 - INFO - openpose - Right person: Arm RETRACTED (depth-plane)
2025-12-19 15:47:41,942 - INFO - openpose - ZMQ Message received (non-blocking): PR: Arm Retracted Check
2025-12-19 15:47:41,943 - INFO - openpose - ZMQ Sending: Right: Arm Retracted
2025-12-19 15:47:42,005 - INFO - openpose - Robot's turn detected
2025-12-19 15:47:42,058 - INFO - openpose - ZMQ Message received (non-blocking): Configuration finished
2025-12-19 15:47:42,059 - INFO - openpose - Configuration finished. Waiting for next configuration
2025-12-19 15:47:42,059 - INFO - openpose - OpenPose initialized - waiting for turn_order
