2025-12-19 15:45:52,444 - INFO - BuildTower - Pinned current thread to core 0
2025-12-19 15:45:52,445 - INFO - BuildTower - Main BuildTower thread pinned to core 0.
2025-12-19 15:45:52,593 - INFO - BuildTower - Robot parameters: robot_name=my_gen3, dof=7, gripper_present=True
2025-12-19 15:45:52,596 - INFO - BuildTower - Service initialized: /my_gen3/base/clear_faults
2025-12-19 15:45:52,598 - INFO - BuildTower - Service initialized: /my_gen3/base/read_action
2025-12-19 15:45:52,599 - INFO - BuildTower - Service initialized: /my_gen3/base/execute_action
2025-12-19 15:45:52,601 - INFO - BuildTower - Service initialized: /my_gen3/control_config/set_cartesian_reference_frame
2025-12-19 15:45:52,602 - INFO - BuildTower - Service initialized: /my_gen3/base/activate_publishing_of_action_topic
2025-12-19 15:45:52,604 - INFO - BuildTower - Service initialized: /my_gen3/base/send_gripper_command
2025-12-19 15:45:52,604 - INFO - BuildTower - OpenPoseThread started (core 1).
2025-12-19 15:45:52,604 - INFO - BuildTower - BuildTower class initialized successfully.
2025-12-19 15:45:52,605 - INFO - BuildTower - Pinned current thread to core 1
2025-12-19 15:45:52,606 - INFO - BuildTower - OpenPoseThread: Connected REQ to tcp://localhost:5555
2025-12-19 15:45:52,606 - INFO - BuildTower - ROS parameter /kortex_examples_test_results/cartesian_poses_with_notifications_python did not exist or could not be deleted.
2025-12-19 15:45:52,606 - INFO - BuildTower - OpenPoseThread: Connected SUB to tcp://localhost:5556
2025-12-19 15:45:52,606 - INFO - BuildTower - Starting main robot control loop.
2025-12-19 15:45:52,634 - INFO - BuildTower - Robot faults cleared successfully.
2025-12-19 15:45:55,158 - INFO - BuildTower - Cartesian reference frame set successfully.
2025-12-19 15:45:55,410 - INFO - BuildTower - Activating action notifications.
2025-12-19 15:45:55,416 - INFO - BuildTower - Action Notifications successfully activated.
2025-12-19 15:45:56,436 - INFO - BuildTower - Sending robot to home position.
2025-12-19 15:46:05,593 - INFO - BuildTower - User pressed Enter. Continuing with configuration 1
2025-12-19 15:46:05,594 - INFO - BuildTower - Parsing information from file: config2
2025-12-19 15:46:05,594 - INFO - BuildTower - Parsed turn_order: ybypbpbpy

2025-12-19 15:46:05,594 - INFO - BuildTower - Parsed object_order: 143

2025-12-19 15:46:05,595 - INFO - BuildTower - Sent turn_order and waiting for response from OpenPose server.
2025-12-19 15:46:05,595 - INFO - BuildTower - Sending turn order to OpenPose server: ybypbpbpy

2025-12-19 15:46:05,595 - INFO - BuildTower - OpenPoseThread: sending cmd: ybypbpbpy

2025-12-19 15:46:05,596 - INFO - BuildTower - OpenPoseThread: received reply: Order Received
2025-12-19 15:46:05,596 - INFO - BuildTower - Received reply from OpenPose server: Order Received
2025-12-19 15:46:05,597 - INFO - BuildTower - Starting mutual gaze calibration for 10.0 seconds
2025-12-19 15:46:06,476 - INFO - BuildTower - OpenPoseThread: gaze frame_idx=0 ts=2025-12-19T15:46:06.377840Z people=2
2025-12-19 15:46:06,476 - INFO - BuildTower - OpenPoseThread: Gaze3D frame=0 id=left label=Left person v=[-0.286, 0.100, 0.953] yaw=-16.7 pitch=-5.7
2025-12-19 15:46:06,476 - INFO - BuildTower - OpenPoseThread: Gaze3D frame=0 id=right label=Right person v=[0.157, -0.436, 0.886] yaw=10.1 pitch=25.8
2025-12-19 15:46:07,134 - INFO - BuildTower - OpenPoseThread: gaze frame_idx=8 ts=2025-12-19T15:46:07.117048Z people=2
2025-12-19 15:46:07,135 - INFO - BuildTower - OpenPoseThread: Gaze3D frame=8 id=left label=Left person v=[-0.282, 0.085, 0.956] yaw=-16.4 pitch=-4.9
2025-12-19 15:46:07,135 - INFO - BuildTower - OpenPoseThread: Gaze3D frame=8 id=right label=Right person v=[-0.303, -0.091, 0.949] yaw=-17.7 pitch=5.2
2025-12-19 15:46:07,899 - INFO - BuildTower - OpenPoseThread: gaze frame_idx=16 ts=2025-12-19T15:46:07.830707Z people=2
2025-12-19 15:46:07,899 - INFO - BuildTower - OpenPoseThread: Gaze3D frame=16 id=left label=Left person v=[-0.273, 0.149, 0.950] yaw=-16.0 pitch=-8.6
2025-12-19 15:46:07,900 - INFO - BuildTower - OpenPoseThread: Gaze3D frame=16 id=right label=Right person v=[-0.225, -0.114, 0.968] yaw=-13.1 pitch=6.5
2025-12-19 15:46:08,462 - INFO - BuildTower - OpenPoseThread: gaze frame_idx=24 ts=2025-12-19T15:46:08.460953Z people=2
2025-12-19 15:46:08,462 - INFO - BuildTower - OpenPoseThread: Gaze3D frame=24 id=left label=Left person v=[-0.255, 0.121, 0.959] yaw=-14.9 pitch=-7.0
2025-12-19 15:46:08,462 - INFO - BuildTower - OpenPoseThread: Gaze3D frame=24 id=right label=Right person v=[-0.371, -0.086, 0.925] yaw=-21.8 pitch=4.9
2025-12-19 15:46:09,115 - INFO - BuildTower - OpenPoseThread: gaze frame_idx=32 ts=2025-12-19T15:46:09.114478Z people=2
2025-12-19 15:46:09,115 - INFO - BuildTower - OpenPoseThread: Gaze3D frame=32 id=left label=Left person v=[-0.299, 0.100, 0.949] yaw=-17.5 pitch=-5.7
2025-12-19 15:46:09,115 - INFO - BuildTower - OpenPoseThread: Gaze3D frame=32 id=right label=Right person v=[-0.426, -0.050, 0.903] yaw=-25.3 pitch=2.8
2025-12-19 15:46:09,878 - INFO - BuildTower - OpenPoseThread: gaze frame_idx=40 ts=2025-12-19T15:46:09.817706Z people=2
2025-12-19 15:46:09,878 - INFO - BuildTower - OpenPoseThread: Gaze3D frame=40 id=left label=Left person v=[-0.225, 0.116, 0.967] yaw=-13.1 pitch=-6.7
2025-12-19 15:46:09,878 - INFO - BuildTower - OpenPoseThread: Gaze3D frame=40 id=right label=Right person v=[-0.540, -0.252, 0.803] yaw=-33.9 pitch=14.6
2025-12-19 15:46:10,531 - INFO - BuildTower - OpenPoseThread: gaze frame_idx=48 ts=2025-12-19T15:46:10.504517Z people=2
2025-12-19 15:46:10,531 - INFO - BuildTower - OpenPoseThread: Gaze3D frame=48 id=left label=Left person v=[-0.233, 0.124, 0.965] yaw=-13.6 pitch=-7.1
2025-12-19 15:46:10,532 - INFO - BuildTower - OpenPoseThread: Gaze3D frame=48 id=right label=Right person v=[-0.279, -0.065, 0.958] yaw=-16.3 pitch=3.7
2025-12-19 15:46:11,189 - INFO - BuildTower - OpenPoseThread: gaze frame_idx=56 ts=2025-12-19T15:46:11.170637Z people=2
2025-12-19 15:46:11,189 - INFO - BuildTower - OpenPoseThread: Gaze3D frame=56 id=left label=Left person v=[-0.231, 0.226, 0.946] yaw=-13.7 pitch=-13.1
2025-12-19 15:46:11,189 - INFO - BuildTower - OpenPoseThread: Gaze3D frame=56 id=right label=Right person v=[-0.299, -0.081, 0.951] yaw=-17.5 pitch=4.7
2025-12-19 15:46:11,853 - INFO - BuildTower - OpenPoseThread: gaze frame_idx=64 ts=2025-12-19T15:46:11.852329Z people=2
2025-12-19 15:46:11,853 - INFO - BuildTower - OpenPoseThread: Gaze3D frame=64 id=left label=Left person v=[-0.222, 0.138, 0.965] yaw=-12.9 pitch=-7.9
2025-12-19 15:46:11,853 - INFO - BuildTower - OpenPoseThread: Gaze3D frame=64 id=right label=Right person v=[-0.269, -0.081, 0.960] yaw=-15.7 pitch=4.6
2025-12-19 15:46:12,617 - INFO - BuildTower - OpenPoseThread: gaze frame_idx=72 ts=2025-12-19T15:46:12.539243Z people=2
2025-12-19 15:46:12,618 - INFO - BuildTower - OpenPoseThread: Gaze3D frame=72 id=left label=Left person v=[-0.280, 0.115, 0.953] yaw=-16.4 pitch=-6.6
2025-12-19 15:46:12,618 - INFO - BuildTower - OpenPoseThread: Gaze3D frame=72 id=right label=Right person v=[-0.313, -0.025, 0.949] yaw=-18.2 pitch=1.4
2025-12-19 15:46:13,276 - INFO - BuildTower - OpenPoseThread: gaze frame_idx=80 ts=2025-12-19T15:46:13.228528Z people=2
2025-12-19 15:46:13,276 - INFO - BuildTower - OpenPoseThread: Gaze3D frame=80 id=left label=Left person v=[-0.250, 0.148, 0.957] yaw=-14.6 pitch=-8.5
2025-12-19 15:46:13,276 - INFO - BuildTower - OpenPoseThread: Gaze3D frame=80 id=right label=Right person v=[-0.328, -0.071, 0.942] yaw=-19.2 pitch=4.1
2025-12-19 15:46:13,943 - INFO - BuildTower - OpenPoseThread: gaze frame_idx=88 ts=2025-12-19T15:46:13.942168Z people=2
2025-12-19 15:46:13,943 - INFO - BuildTower - OpenPoseThread: Gaze3D frame=88 id=left label=Left person v=[-0.195, 0.131, 0.972] yaw=-11.3 pitch=-7.6
2025-12-19 15:46:13,943 - INFO - BuildTower - OpenPoseThread: Gaze3D frame=88 id=right label=Right person v=[-0.364, -0.082, 0.928] yaw=-21.4 pitch=4.7
2025-12-19 15:46:14,706 - INFO - BuildTower - OpenPoseThread: gaze frame_idx=96 ts=2025-12-19T15:46:14.651412Z people=2
2025-12-19 15:46:14,706 - INFO - BuildTower - OpenPoseThread: Gaze3D frame=96 id=left label=Left person v=[-0.206, 0.255, 0.945] yaw=-12.3 pitch=-14.8
2025-12-19 15:46:14,706 - INFO - BuildTower - OpenPoseThread: Gaze3D frame=96 id=right label=Right person v=[-0.357, -0.061, 0.932] yaw=-21.0 pitch=3.5
2025-12-19 15:46:15,366 - INFO - BuildTower - OpenPoseThread: gaze frame_idx=104 ts=2025-12-19T15:46:15.352094Z people=2
2025-12-19 15:46:15,366 - INFO - BuildTower - OpenPoseThread: Gaze3D frame=104 id=left label=Left person v=[-0.204, 0.151, 0.967] yaw=-11.9 pitch=-8.7
2025-12-19 15:46:15,366 - INFO - BuildTower - OpenPoseThread: Gaze3D frame=104 id=right label=Right person v=[-0.228, -0.159, 0.961] yaw=-13.4 pitch=9.1
2025-12-19 15:46:15,605 - INFO - BuildTower - Calibration done: yaw_bias=-16.134 deg, pitch_bias=-0.696 deg
2025-12-19 15:46:15,606 - INFO - BuildTower - Executing turn 0 out of 9.
2025-12-19 15:46:15,606 - INFO - BuildTower - Moving block from start 0.28 to target 0.307. Turn: 0, Block Shape: 1
2025-12-19 15:46:15,608 - INFO - BuildTower - Sending gripper command: value=0
2025-12-19 15:46:16,112 - INFO - BuildTower - Gripper command 0 sent successfully.
2025-12-19 15:46:16,115 - INFO - BuildTower - Attempting to go to position: x=0.47, y=0.18, z=0.325, theta_x=100.0, theta_y=0.0, theta_z=90.0
2025-12-19 15:46:16,115 - DEBUG - BuildTower - Set speed for pose: translation=1, orientation=100
2025-12-19 15:46:16,130 - INFO - BuildTower - OpenPoseThread: gaze frame_idx=112 ts=2025-12-19T15:46:16.060835Z people=2
2025-12-19 15:46:16,130 - INFO - BuildTower - OpenPoseThread: Gaze3D frame=112 id=left label=Left person v=[-0.271, 0.173, 0.947] yaw=-16.0 pitch=-10.0
2025-12-19 15:46:16,130 - INFO - BuildTower - OpenPoseThread: Gaze3D frame=112 id=right label=Right person v=[-0.332, -0.016, 0.943] yaw=-19.4 pitch=0.9
2025-12-19 15:46:16,160 - INFO - BuildTower - Pose action initiated, waiting for completion.
2025-12-19 15:46:16,785 - INFO - BuildTower - OpenPoseThread: gaze frame_idx=120 ts=2025-12-19T15:46:16.769426Z people=2
2025-12-19 15:46:16,785 - INFO - BuildTower - OpenPoseThread: Gaze3D frame=120 id=left label=Left person v=[-0.242, 0.182, 0.953] yaw=-14.2 pitch=-10.5
2025-12-19 15:46:16,785 - INFO - BuildTower - OpenPoseThread: Gaze3D frame=120 id=right label=Right person v=[-0.322, -0.076, 0.944] yaw=-18.9 pitch=4.3
2025-12-19 15:46:17,548 - INFO - BuildTower - OpenPoseThread: gaze frame_idx=128 ts=2025-12-19T15:46:17.453952Z people=2
2025-12-19 15:46:17,548 - INFO - BuildTower - OpenPoseThread: Gaze3D frame=128 id=left label=Left person v=[-0.238, 0.068, 0.969] yaw=-13.8 pitch=-3.9
2025-12-19 15:46:17,548 - INFO - BuildTower - OpenPoseThread: Gaze3D frame=128 id=right label=Right person v=[-0.216, -0.187, 0.958] yaw=-12.7 pitch=10.8
2025-12-19 15:46:18,206 - INFO - BuildTower - OpenPoseThread: gaze frame_idx=136 ts=2025-12-19T15:46:18.141262Z people=2
2025-12-19 15:46:18,206 - INFO - BuildTower - OpenPoseThread: Gaze3D frame=136 id=left label=Left person v=[-0.308, 0.048, 0.950] yaw=-17.9 pitch=-2.8
2025-12-19 15:46:18,206 - INFO - BuildTower - OpenPoseThread: Gaze3D frame=136 id=right label=Right person v=[-0.403, -0.119, 0.907] yaw=-24.0 pitch=6.8
2025-12-19 15:46:18,796 - INFO - BuildTower - Robot action ended.
2025-12-19 15:46:18,796 - INFO - BuildTower - Attempting to go to position: x=0.47, y=0.18, z=0.28, theta_x=100.0, theta_y=0.0, theta_z=90.0
2025-12-19 15:46:18,796 - DEBUG - BuildTower - Set speed for pose: translation=1, orientation=100
2025-12-19 15:46:18,810 - INFO - BuildTower - Pose action initiated, waiting for completion.
2025-12-19 15:46:18,866 - INFO - BuildTower - OpenPoseThread: gaze frame_idx=144 ts=2025-12-19T15:46:18.842934Z people=2
2025-12-19 15:46:18,866 - INFO - BuildTower - OpenPoseThread: Gaze3D frame=144 id=left label=Left person v=[-0.302, 0.077, 0.950] yaw=-17.6 pitch=-4.4
2025-12-19 15:46:18,866 - INFO - BuildTower - OpenPoseThread: Gaze3D frame=144 id=right label=Right person v=[-0.450, -0.112, 0.886] yaw=-26.9 pitch=6.4
2025-12-19 15:46:19,545 - INFO - BuildTower - Robot action ended.
2025-12-19 15:46:19,548 - INFO - BuildTower - Sending gripper command: value=0.075
2025-12-19 15:46:19,630 - INFO - BuildTower - OpenPoseThread: gaze frame_idx=152 ts=2025-12-19T15:46:19.563227Z people=2
2025-12-19 15:46:19,630 - INFO - BuildTower - OpenPoseThread: Gaze3D frame=152 id=left label=Left person v=[-0.340, 0.055, 0.939] yaw=-19.9 pitch=-3.1
2025-12-19 15:46:19,630 - INFO - BuildTower - OpenPoseThread: Gaze3D frame=152 id=right label=Right person v=[-0.420, -0.081, 0.904] yaw=-24.9 pitch=4.6
2025-12-19 15:46:20,063 - INFO - BuildTower - Gripper command 0.075 sent successfully.
2025-12-19 15:46:20,066 - INFO - BuildTower - Attempting to go to position: x=0.47, y=0.18, z=0.325, theta_x=100.0, theta_y=0.0, theta_z=90.0
2025-12-19 15:46:20,066 - DEBUG - BuildTower - Set speed for pose: translation=1, orientation=100
2025-12-19 15:46:20,085 - INFO - BuildTower - Pose action initiated, waiting for completion.
2025-12-19 15:46:20,287 - INFO - BuildTower - OpenPoseThread: gaze frame_idx=160 ts=2025-12-19T15:46:20.277081Z people=2
2025-12-19 15:46:20,287 - INFO - BuildTower - OpenPoseThread: Gaze3D frame=160 id=left label=Left person v=[-0.265, 0.058, 0.963] yaw=-15.4 pitch=-3.3
2025-12-19 15:46:20,288 - INFO - BuildTower - OpenPoseThread: Gaze3D frame=160 id=right label=Right person v=[-0.452, -0.113, 0.885] yaw=-27.1 pitch=6.5
2025-12-19 15:46:20,822 - INFO - BuildTower - Robot action ended.
2025-12-19 15:46:20,822 - INFO - BuildTower - Attempting to go to position: x=0.735, y=0.0, z=0.352, theta_x=100.0, theta_y=0.0, theta_z=90.0
2025-12-19 15:46:20,822 - DEBUG - BuildTower - Set speed for pose: translation=1, orientation=100
2025-12-19 15:46:20,834 - INFO - BuildTower - Pose action initiated, waiting for completion.
2025-12-19 15:46:21,055 - INFO - BuildTower - OpenPoseThread: gaze frame_idx=168 ts=2025-12-19T15:46:20.958163Z people=2
2025-12-19 15:46:21,055 - INFO - BuildTower - OpenPoseThread: Gaze3D frame=168 id=left label=Left person v=[-0.365, 0.040, 0.930] yaw=-21.4 pitch=-2.3
2025-12-19 15:46:21,055 - INFO - BuildTower - OpenPoseThread: Gaze3D frame=168 id=right label=Right person v=[-0.561, -0.328, 0.760] yaw=-36.4 pitch=19.2
2025-12-19 15:46:21,718 - INFO - BuildTower - OpenPoseThread: gaze frame_idx=176 ts=2025-12-19T15:46:21.651645Z people=2
2025-12-19 15:46:21,718 - INFO - BuildTower - OpenPoseThread: Gaze3D frame=176 id=left label=Left person v=[-0.380, 0.138, 0.914] yaw=-22.6 pitch=-7.9
2025-12-19 15:46:21,718 - INFO - BuildTower - OpenPoseThread: Gaze3D frame=176 id=right label=Right person v=[-0.465, -0.164, 0.870] yaw=-28.1 pitch=9.4
2025-12-19 15:46:22,378 - INFO - BuildTower - OpenPoseThread: gaze frame_idx=184 ts=2025-12-19T15:46:22.339879Z people=2
2025-12-19 15:46:22,378 - INFO - BuildTower - OpenPoseThread: Gaze3D frame=184 id=left label=Left person v=[-0.330, 0.080, 0.941] yaw=-19.3 pitch=-4.6
2025-12-19 15:46:22,378 - INFO - BuildTower - OpenPoseThread: Gaze3D frame=184 id=right label=Right person v=[-0.672, -0.144, 0.727] yaw=-42.7 pitch=8.3
2025-12-19 15:46:23,031 - INFO - BuildTower - OpenPoseThread: gaze frame_idx=192 ts=2025-12-19T15:46:23.010413Z people=2
2025-12-19 15:46:23,031 - INFO - BuildTower - OpenPoseThread: Gaze3D frame=192 id=left label=Left person v=[-0.344, 0.135, 0.929] yaw=-20.3 pitch=-7.8
2025-12-19 15:46:23,031 - INFO - BuildTower - OpenPoseThread: Gaze3D frame=192 id=right label=Right person v=[-0.565, -0.099, 0.819] yaw=-34.6 pitch=5.7
2025-12-19 15:46:23,796 - INFO - BuildTower - OpenPoseThread: gaze frame_idx=200 ts=2025-12-19T15:46:23.699150Z people=2
2025-12-19 15:46:23,796 - INFO - BuildTower - OpenPoseThread: Gaze3D frame=200 id=left label=Left person v=[-0.394, 0.304, 0.867] yaw=-24.4 pitch=-17.7
2025-12-19 15:46:23,797 - INFO - BuildTower - OpenPoseThread: Gaze3D frame=200 id=right label=Right person v=[-0.493, -0.347, 0.798] yaw=-31.7 pitch=20.3
2025-12-19 15:46:24,317 - INFO - BuildTower - Robot action ended.
2025-12-19 15:46:24,317 - INFO - BuildTower - Attempting to go to position: x=0.735, y=0.0, z=0.307, theta_x=100.0, theta_y=0.0, theta_z=90.0
2025-12-19 15:46:24,317 - DEBUG - BuildTower - Set speed for pose: translation=1, orientation=100
2025-12-19 15:46:24,335 - INFO - BuildTower - Pose action initiated, waiting for completion.
2025-12-19 15:46:24,449 - INFO - BuildTower - OpenPoseThread: gaze frame_idx=208 ts=2025-12-19T15:46:24.405713Z people=2
2025-12-19 15:46:24,449 - INFO - BuildTower - OpenPoseThread: Gaze3D frame=208 id=left label=Left person v=[-0.455, 0.063, 0.888] yaw=-27.1 pitch=-3.6
2025-12-19 15:46:24,449 - INFO - BuildTower - OpenPoseThread: Gaze3D frame=208 id=right label=Right person v=[-0.488, -0.078, 0.869] yaw=-29.3 pitch=4.5
2025-12-19 15:46:25,067 - INFO - BuildTower - Robot action ended.
2025-12-19 15:46:25,068 - INFO - BuildTower - Sending gripper command: value=0
2025-12-19 15:46:25,107 - INFO - BuildTower - OpenPoseThread: gaze frame_idx=216 ts=2025-12-19T15:46:25.061404Z people=2
2025-12-19 15:46:25,108 - INFO - BuildTower - OpenPoseThread: Gaze3D frame=216 id=left label=Left person v=[-0.225, 0.065, 0.972] yaw=-13.0 pitch=-3.7
2025-12-19 15:46:25,108 - INFO - BuildTower - OpenPoseThread: Gaze3D frame=216 id=right label=Right person v=[-0.430, -0.191, 0.882] yaw=-26.0 pitch=11.0
2025-12-19 15:46:25,584 - INFO - BuildTower - Gripper command 0 sent successfully.
2025-12-19 15:46:25,586 - INFO - BuildTower - Attempting to go to position: x=0.735, y=0.0, z=0.352, theta_x=100.0, theta_y=0.0, theta_z=90.0
2025-12-19 15:46:25,586 - DEBUG - BuildTower - Set speed for pose: translation=1, orientation=100
2025-12-19 15:46:25,610 - INFO - BuildTower - Pose action initiated, waiting for completion.
2025-12-19 15:46:25,760 - INFO - BuildTower - OpenPoseThread: gaze frame_idx=224 ts=2025-12-19T15:46:25.705387Z people=2
2025-12-19 15:46:25,760 - INFO - BuildTower - OpenPoseThread: Gaze3D frame=224 id=left label=Left person v=[-0.299, 0.144, 0.943] yaw=-17.6 pitch=-8.3
2025-12-19 15:46:25,760 - INFO - BuildTower - OpenPoseThread: Gaze3D frame=224 id=right label=Right person v=[-0.225, -0.348, 0.910] yaw=-13.9 pitch=20.4
2025-12-19 15:46:26,338 - INFO - BuildTower - Robot action ended.
2025-12-19 15:46:26,338 - INFO - BuildTower - Robot completed its turn. Robot turn count: 1
2025-12-19 15:46:26,338 - INFO - BuildTower - Executing turn 1 out of 9.
2025-12-19 15:46:26,338 - INFO - BuildTower - look_once_from_latest_gaze: target=left
2025-12-19 15:46:26,339 - INFO - BuildTower - Robot moving to look at person on the left.
2025-12-19 15:46:26,339 - INFO - BuildTower - Attempting to go to position: x=0.5, y=-0.08, z=0.5, theta_x=80, theta_y=0, theta_z=75
2025-12-19 15:46:26,339 - DEBUG - BuildTower - Set speed for pose: translation=1, orientation=100
2025-12-19 15:46:26,359 - INFO - BuildTower - Pose sent (non-blocking).
2025-12-19 15:46:26,359 - INFO - BuildTower - Sending to OpenPose (via thread): PL: Arm Extended Check
2025-12-19 15:46:26,360 - INFO - BuildTower - OpenPoseThread: sending cmd: PL: Arm Extended Check
2025-12-19 15:46:26,390 - INFO - BuildTower - OpenPoseThread: gaze frame_idx=232 ts=2025-12-19T15:46:26.389486Z people=2
2025-12-19 15:46:26,390 - INFO - BuildTower - OpenPoseThread: Gaze3D frame=232 id=left label=Left person v=[-0.272, 0.228, 0.935] yaw=-16.2 pitch=-13.2
2025-12-19 15:46:26,390 - INFO - BuildTower - OpenPoseThread: Gaze3D frame=232 id=right label=Right person v=[-0.531, -0.239, 0.813] yaw=-33.1 pitch=13.8
2025-12-19 15:46:27,087 - INFO - BuildTower - OpenPoseThread: gaze frame_idx=240 ts=2025-12-19T15:46:27.085562Z people=2
2025-12-19 15:46:27,087 - INFO - BuildTower - OpenPoseThread: Gaze3D frame=240 id=left label=Left person v=[-0.161, 0.097, 0.982] yaw=-9.3 pitch=-5.6
2025-12-19 15:46:27,087 - INFO - BuildTower - OpenPoseThread: Gaze3D frame=240 id=right label=Right person v=[-0.460, -0.365, 0.810] yaw=-29.6 pitch=21.4
2025-12-19 15:46:27,796 - INFO - BuildTower - OpenPoseThread: gaze frame_idx=248 ts=2025-12-19T15:46:27.794775Z people=2
2025-12-19 15:46:27,796 - INFO - BuildTower - OpenPoseThread: Gaze3D frame=248 id=left label=Left person v=[-0.251, 0.044, 0.967] yaw=-14.5 pitch=-2.5
2025-12-19 15:46:27,796 - INFO - BuildTower - OpenPoseThread: Gaze3D frame=248 id=right label=Right person v=[-0.546, -0.209, 0.812] yaw=-33.9 pitch=12.0
2025-12-19 15:46:28,473 - INFO - BuildTower - OpenPoseThread: gaze frame_idx=256 ts=2025-12-19T15:46:28.472665Z people=2
2025-12-19 15:46:28,474 - INFO - BuildTower - OpenPoseThread: Gaze3D frame=256 id=left label=Left person v=[-0.314, 0.074, 0.947] yaw=-18.3 pitch=-4.3
2025-12-19 15:46:28,474 - INFO - BuildTower - OpenPoseThread: Gaze3D frame=256 id=right label=Right person v=[-0.453, -0.251, 0.855] yaw=-27.9 pitch=14.5
2025-12-19 15:46:29,145 - INFO - BuildTower - OpenPoseThread: gaze frame_idx=264 ts=2025-12-19T15:46:29.144110Z people=2
2025-12-19 15:46:29,145 - INFO - BuildTower - OpenPoseThread: Gaze3D frame=264 id=left label=Left person v=[-0.220, 0.081, 0.972] yaw=-12.8 pitch=-4.6
2025-12-19 15:46:29,145 - INFO - BuildTower - OpenPoseThread: Gaze3D frame=264 id=right label=Right person v=[-0.463, -0.011, 0.886] yaw=-27.6 pitch=0.6
2025-12-19 15:46:29,827 - INFO - BuildTower - OpenPoseThread: gaze frame_idx=272 ts=2025-12-19T15:46:29.826435Z people=2
2025-12-19 15:46:29,827 - INFO - BuildTower - OpenPoseThread: Gaze3D frame=272 id=left label=Left person v=[-0.355, 0.220, 0.909] yaw=-21.3 pitch=-12.7
2025-12-19 15:46:29,827 - INFO - BuildTower - OpenPoseThread: Gaze3D frame=272 id=right label=Right person v=[-0.404, 0.019, 0.915] yaw=-23.8 pitch=-1.1
2025-12-19 15:46:30,508 - INFO - BuildTower - OpenPoseThread: gaze frame_idx=280 ts=2025-12-19T15:46:30.507794Z people=2
2025-12-19 15:46:30,508 - INFO - BuildTower - OpenPoseThread: Gaze3D frame=280 id=left label=Left person v=[-0.333, 0.159, 0.929] yaw=-19.7 pitch=-9.2
2025-12-19 15:46:30,508 - INFO - BuildTower - OpenPoseThread: Gaze3D frame=280 id=right label=Right person v=[-0.432, -0.067, 0.899] yaw=-25.6 pitch=3.9
2025-12-19 15:46:31,175 - INFO - BuildTower - OpenPoseThread: gaze frame_idx=288 ts=2025-12-19T15:46:31.174892Z people=2
2025-12-19 15:46:31,176 - INFO - BuildTower - OpenPoseThread: Gaze3D frame=288 id=left label=Left person v=[-0.433, 0.120, 0.894] yaw=-25.8 pitch=-6.9
2025-12-19 15:46:31,176 - INFO - BuildTower - OpenPoseThread: Gaze3D frame=288 id=right label=Right person v=[-0.468, -0.234, 0.852] yaw=-28.8 pitch=13.5
2025-12-19 15:46:31,481 - INFO - BuildTower - OpenPoseThread: received reply: Left: Arm Extended
2025-12-19 15:46:31,481 - INFO - BuildTower - look_once_from_latest_gaze: target=left
2025-12-19 15:46:31,481 - INFO - BuildTower - Robot moving to look at person on the left.
2025-12-19 15:46:31,481 - INFO - BuildTower - Attempting to go to position: x=0.5, y=-0.08, z=0.5, theta_x=80, theta_y=0, theta_z=75
2025-12-19 15:46:31,482 - DEBUG - BuildTower - Set speed for pose: translation=1, orientation=100
2025-12-19 15:46:31,513 - INFO - BuildTower - Pose sent (non-blocking).
2025-12-19 15:46:31,513 - INFO - BuildTower - Sending to OpenPose (via thread): PL: Arm Retracted Check
2025-12-19 15:46:31,514 - INFO - BuildTower - OpenPoseThread: sending cmd: PL: Arm Retracted Check
2025-12-19 15:46:31,544 - INFO - BuildTower - OpenPoseThread: received reply: Left: Arm Retracted
2025-12-19 15:46:31,545 - INFO - BuildTower - Executing turn 2 out of 9.
2025-12-19 15:46:31,545 - INFO - BuildTower - Moving block from start 0.3 to target 0.387. Turn: 2, Block Shape: 4
2025-12-19 15:46:31,547 - INFO - BuildTower - Sending gripper command: value=0
2025-12-19 15:46:31,866 - INFO - BuildTower - OpenPoseThread: gaze frame_idx=296 ts=2025-12-19T15:46:31.864923Z people=2
2025-12-19 15:46:31,866 - INFO - BuildTower - OpenPoseThread: Gaze3D frame=296 id=left label=Left person v=[-0.397, -0.155, 0.905] yaw=-23.7 pitch=8.9
2025-12-19 15:46:31,866 - INFO - BuildTower - OpenPoseThread: Gaze3D frame=296 id=right label=Right person v=[-0.397, 0.170, 0.902] yaw=-23.7 pitch=-9.8
2025-12-19 15:46:32,059 - INFO - BuildTower - Gripper command 0 sent successfully.
2025-12-19 15:46:32,061 - INFO - BuildTower - Attempting to go to position: x=0.3, y=0.3, z=0.345, theta_x=100.0, theta_y=0.0, theta_z=90.0
2025-12-19 15:46:32,061 - DEBUG - BuildTower - Set speed for pose: translation=1, orientation=100
2025-12-19 15:46:32,086 - INFO - BuildTower - Pose action initiated, waiting for completion.
2025-12-19 15:46:32,632 - INFO - BuildTower - OpenPoseThread: gaze frame_idx=304 ts=2025-12-19T15:46:32.545313Z people=2
2025-12-19 15:46:32,632 - INFO - BuildTower - OpenPoseThread: Gaze3D frame=304 id=left label=Left person v=[-0.476, 0.592, 0.650] yaw=-36.2 pitch=-36.3
2025-12-19 15:46:32,632 - INFO - BuildTower - OpenPoseThread: Gaze3D frame=304 id=right label=Right person v=[-0.476, 0.081, 0.876] yaw=-28.5 pitch=-4.6
2025-12-19 15:46:33,286 - INFO - BuildTower - OpenPoseThread: gaze frame_idx=312 ts=2025-12-19T15:46:33.252057Z people=2
2025-12-19 15:46:33,286 - INFO - BuildTower - OpenPoseThread: Gaze3D frame=312 id=left label=Left person v=[-0.324, 0.605, 0.728] yaw=-24.0 pitch=-37.2
2025-12-19 15:46:33,287 - INFO - BuildTower - OpenPoseThread: Gaze3D frame=312 id=right label=Right person v=[-0.405, 0.029, 0.914] yaw=-23.9 pitch=-1.7
2025-12-19 15:46:33,942 - INFO - BuildTower - OpenPoseThread: gaze frame_idx=320 ts=2025-12-19T15:46:33.933986Z people=2
2025-12-19 15:46:33,942 - INFO - BuildTower - OpenPoseThread: Gaze3D frame=320 id=left label=Left person v=[-0.159, -0.034, 0.987] yaw=-9.1 pitch=1.9
2025-12-19 15:46:33,942 - INFO - BuildTower - OpenPoseThread: Gaze3D frame=320 id=right label=Right person v=[-0.159, -0.368, 0.916] yaw=-9.9 pitch=21.6
2025-12-19 15:46:34,710 - INFO - BuildTower - OpenPoseThread: gaze frame_idx=328 ts=2025-12-19T15:46:34.651455Z people=2
2025-12-19 15:46:34,710 - INFO - BuildTower - OpenPoseThread: Gaze3D frame=328 id=left label=Left person v=[-0.214, 0.026, 0.976] yaw=-12.4 pitch=-1.5
2025-12-19 15:46:34,710 - INFO - BuildTower - OpenPoseThread: Gaze3D frame=328 id=right label=Right person v=[-0.438, -0.289, 0.851] yaw=-27.2 pitch=16.8
2025-12-19 15:46:35,368 - INFO - BuildTower - OpenPoseThread: gaze frame_idx=336 ts=2025-12-19T15:46:35.346378Z people=2
2025-12-19 15:46:35,368 - INFO - BuildTower - OpenPoseThread: Gaze3D frame=336 id=left label=Left person v=[-0.234, -0.027, 0.972] yaw=-13.5 pitch=1.5
2025-12-19 15:46:35,369 - INFO - BuildTower - OpenPoseThread: Gaze3D frame=336 id=right label=Right person v=[-0.359, -0.211, 0.909] yaw=-21.5 pitch=12.2
2025-12-19 15:46:36,030 - INFO - BuildTower - OpenPoseThread: gaze frame_idx=344 ts=2025-12-19T15:46:36.028947Z people=2
2025-12-19 15:46:36,030 - INFO - BuildTower - OpenPoseThread: Gaze3D frame=344 id=left label=Left person v=[-0.250, -0.034, 0.968] yaw=-14.5 pitch=1.9
2025-12-19 15:46:36,030 - INFO - BuildTower - OpenPoseThread: Gaze3D frame=344 id=right label=Right person v=[-0.330, -0.190, 0.925] yaw=-19.6 pitch=10.9
2025-12-19 15:46:36,685 - INFO - BuildTower - OpenPoseThread: gaze frame_idx=352 ts=2025-12-19T15:46:36.683853Z people=2
2025-12-19 15:46:36,685 - INFO - BuildTower - OpenPoseThread: Gaze3D frame=352 id=left label=Left person v=[-0.315, -0.123, 0.941] yaw=-18.5 pitch=7.1
2025-12-19 15:46:36,685 - INFO - BuildTower - OpenPoseThread: Gaze3D frame=352 id=right label=Right person v=[-0.291, -0.182, 0.939] yaw=-17.2 pitch=10.5
2025-12-19 15:46:36,923 - INFO - BuildTower - Robot action ended.
2025-12-19 15:46:36,923 - INFO - BuildTower - Attempting to go to position: x=0.3, y=0.3, z=0.3, theta_x=100.0, theta_y=0.0, theta_z=90.0
2025-12-19 15:46:36,923 - DEBUG - BuildTower - Set speed for pose: translation=1, orientation=100
2025-12-19 15:46:36,936 - INFO - BuildTower - Pose action initiated, waiting for completion.
2025-12-19 15:46:37,447 - INFO - BuildTower - OpenPoseThread: gaze frame_idx=360 ts=2025-12-19T15:46:37.374502Z people=2
2025-12-19 15:46:37,448 - INFO - BuildTower - OpenPoseThread: Gaze3D frame=360 id=left label=Left person v=[-0.306, -0.088, 0.948] yaw=-17.9 pitch=5.0
2025-12-19 15:46:37,448 - INFO - BuildTower - OpenPoseThread: Gaze3D frame=360 id=right label=Right person v=[-0.331, -0.247, 0.911] yaw=-19.9 pitch=14.3
2025-12-19 15:46:37,644 - INFO - BuildTower - Robot action ended.
2025-12-19 15:46:37,647 - INFO - BuildTower - Sending gripper command: value=0.7
2025-12-19 15:46:38,100 - INFO - BuildTower - OpenPoseThread: gaze frame_idx=368 ts=2025-12-19T15:46:38.083978Z people=2
2025-12-19 15:46:38,101 - INFO - BuildTower - OpenPoseThread: Gaze3D frame=368 id=left label=Left person v=[-0.321, -0.086, 0.943] yaw=-18.8 pitch=4.9
2025-12-19 15:46:38,101 - INFO - BuildTower - OpenPoseThread: Gaze3D frame=368 id=right label=Right person v=[-0.359, -0.105, 0.927] yaw=-21.2 pitch=6.0
2025-12-19 15:46:38,160 - INFO - BuildTower - Gripper command 0.7 sent successfully.
2025-12-19 15:46:38,162 - INFO - BuildTower - Attempting to go to position: x=0.3, y=0.3, z=0.435, theta_x=100.0, theta_y=0.0, theta_z=90.0
2025-12-19 15:46:38,162 - DEBUG - BuildTower - Set speed for pose: translation=1, orientation=100
2025-12-19 15:46:38,187 - INFO - BuildTower - Pose action initiated, waiting for completion.
2025-12-19 15:46:38,877 - INFO - BuildTower - OpenPoseThread: gaze frame_idx=376 ts=2025-12-19T15:46:38.781281Z people=2
2025-12-19 15:46:38,877 - INFO - BuildTower - OpenPoseThread: Gaze3D frame=376 id=left label=Left person v=[-0.346, -0.121, 0.931] yaw=-20.4 pitch=6.9
2025-12-19 15:46:38,877 - INFO - BuildTower - OpenPoseThread: Gaze3D frame=376 id=right label=Right person v=[-0.425, -0.661, 0.618] yaw=-34.5 pitch=41.4
2025-12-19 15:46:39,535 - INFO - BuildTower - OpenPoseThread: gaze frame_idx=384 ts=2025-12-19T15:46:39.452319Z people=2
2025-12-19 15:46:39,535 - INFO - BuildTower - OpenPoseThread: Gaze3D frame=384 id=left label=Left person v=[-0.264, -0.126, 0.956] yaw=-15.4 pitch=7.2
2025-12-19 15:46:39,536 - INFO - BuildTower - OpenPoseThread: Gaze3D frame=384 id=right label=Right person v=[-0.502, -0.508, 0.700] yaw=-35.7 pitch=30.5
2025-12-19 15:46:39,816 - INFO - BuildTower - Robot action ended.
2025-12-19 15:46:39,816 - INFO - BuildTower - Attempting to go to position: x=0.735, y=0.0, z=0.432, theta_x=100.0, theta_y=0.0, theta_z=90.0
2025-12-19 15:46:39,817 - DEBUG - BuildTower - Set speed for pose: translation=1, orientation=100
2025-12-19 15:46:39,845 - INFO - BuildTower - Pose action initiated, waiting for completion.
2025-12-19 15:46:40,194 - INFO - BuildTower - OpenPoseThread: gaze frame_idx=392 ts=2025-12-19T15:46:40.130626Z people=2
2025-12-19 15:46:40,194 - INFO - BuildTower - OpenPoseThread: Gaze3D frame=392 id=left label=Left person v=[-0.375, 0.339, 0.863] yaw=-23.5 pitch=-19.8
2025-12-19 15:46:40,194 - INFO - BuildTower - OpenPoseThread: Gaze3D frame=392 id=right label=Right person v=[-0.276, -0.124, 0.953] yaw=-16.1 pitch=7.1
2025-12-19 15:46:40,847 - INFO - BuildTower - OpenPoseThread: gaze frame_idx=400 ts=2025-12-19T15:46:40.814508Z people=2
2025-12-19 15:46:40,848 - INFO - BuildTower - OpenPoseThread: Gaze3D frame=400 id=left label=Left person v=[-0.259, -0.067, 0.964] yaw=-15.0 pitch=3.8
2025-12-19 15:46:40,848 - INFO - BuildTower - OpenPoseThread: Gaze3D frame=400 id=right label=Right person v=[-0.271, -0.244, 0.931] yaw=-16.2 pitch=14.1
2025-12-19 15:46:41,610 - INFO - BuildTower - OpenPoseThread: gaze frame_idx=408 ts=2025-12-19T15:46:41.516080Z people=2
2025-12-19 15:46:41,610 - INFO - BuildTower - OpenPoseThread: Gaze3D frame=408 id=left label=Left person v=[-0.300, 0.094, 0.949] yaw=-17.5 pitch=-5.4
2025-12-19 15:46:41,610 - INFO - BuildTower - OpenPoseThread: Gaze3D frame=408 id=right label=Right person v=[-0.237, -0.249, 0.939] yaw=-14.2 pitch=14.4
2025-12-19 15:46:42,269 - INFO - BuildTower - OpenPoseThread: gaze frame_idx=416 ts=2025-12-19T15:46:42.205080Z people=2
2025-12-19 15:46:42,270 - INFO - BuildTower - OpenPoseThread: Gaze3D frame=416 id=left label=Left person v=[-0.287, 0.003, 0.958] yaw=-16.7 pitch=-0.2
2025-12-19 15:46:42,270 - INFO - BuildTower - OpenPoseThread: Gaze3D frame=416 id=right label=Right person v=[-0.089, -0.283, 0.955] yaw=-5.3 pitch=16.4
2025-12-19 15:46:42,927 - INFO - BuildTower - OpenPoseThread: gaze frame_idx=424 ts=2025-12-19T15:46:42.889346Z people=2
2025-12-19 15:46:42,927 - INFO - BuildTower - OpenPoseThread: Gaze3D frame=424 id=left label=Left person v=[-0.339, 0.056, 0.939] yaw=-19.8 pitch=-3.2
2025-12-19 15:46:42,928 - INFO - BuildTower - OpenPoseThread: Gaze3D frame=424 id=right label=Right person v=[-0.352, -0.195, 0.915] yaw=-21.0 pitch=11.3
2025-12-19 15:46:43,587 - INFO - BuildTower - OpenPoseThread: gaze frame_idx=432 ts=2025-12-19T15:46:43.584775Z people=2
2025-12-19 15:46:43,588 - INFO - BuildTower - OpenPoseThread: Gaze3D frame=432 id=left label=Left person v=[-0.372, 0.097, 0.923] yaw=-22.0 pitch=-5.6
2025-12-19 15:46:43,588 - INFO - BuildTower - OpenPoseThread: Gaze3D frame=432 id=right label=Right person v=[-0.341, -0.233, 0.911] yaw=-20.5 pitch=13.5
2025-12-19 15:46:44,354 - INFO - BuildTower - OpenPoseThread: gaze frame_idx=440 ts=2025-12-19T15:46:44.271707Z people=2
2025-12-19 15:46:44,354 - INFO - BuildTower - OpenPoseThread: Gaze3D frame=440 id=left label=Left person v=[-0.307, -0.065, 0.949] yaw=-17.9 pitch=3.7
2025-12-19 15:46:44,354 - INFO - BuildTower - OpenPoseThread: Gaze3D frame=440 id=right label=Right person v=[-0.406, -0.155, 0.901] yaw=-24.3 pitch=8.9
2025-12-19 15:46:45,010 - INFO - BuildTower - OpenPoseThread: gaze frame_idx=448 ts=2025-12-19T15:46:44.970926Z people=2
2025-12-19 15:46:45,010 - INFO - BuildTower - OpenPoseThread: Gaze3D frame=448 id=left label=Left person v=[-0.317, 0.130, 0.939] yaw=-18.7 pitch=-7.4
2025-12-19 15:46:45,010 - INFO - BuildTower - OpenPoseThread: Gaze3D frame=448 id=right label=Right person v=[-0.533, -0.137, 0.835] yaw=-32.6 pitch=7.9
2025-12-19 15:46:45,396 - INFO - BuildTower - Robot action ended.
2025-12-19 15:46:45,396 - INFO - BuildTower - Attempting to go to position: x=0.735, y=0.0, z=0.387, theta_x=100.0, theta_y=0.0, theta_z=90.0
2025-12-19 15:46:45,396 - DEBUG - BuildTower - Set speed for pose: translation=1, orientation=100
2025-12-19 15:46:45,437 - INFO - BuildTower - Pose action initiated, waiting for completion.
2025-12-19 15:46:45,774 - INFO - BuildTower - OpenPoseThread: gaze frame_idx=456 ts=2025-12-19T15:46:45.673607Z people=2
2025-12-19 15:46:45,774 - INFO - BuildTower - OpenPoseThread: Gaze3D frame=456 id=left label=Left person v=[-0.282, 0.116, 0.952] yaw=-16.5 pitch=-6.7
2025-12-19 15:46:45,774 - INFO - BuildTower - OpenPoseThread: Gaze3D frame=456 id=right label=Right person v=[-0.459, -0.291, 0.839] yaw=-28.7 pitch=16.9
2025-12-19 15:46:46,174 - INFO - BuildTower - Robot action ended.
2025-12-19 15:46:46,177 - INFO - BuildTower - Sending gripper command: value=0
2025-12-19 15:46:46,435 - INFO - BuildTower - OpenPoseThread: gaze frame_idx=464 ts=2025-12-19T15:46:46.348280Z people=2
2025-12-19 15:46:46,435 - INFO - BuildTower - OpenPoseThread: Gaze3D frame=464 id=left label=Left person v=[-0.318, 0.088, 0.944] yaw=-18.6 pitch=-5.1
2025-12-19 15:46:46,436 - INFO - BuildTower - OpenPoseThread: Gaze3D frame=464 id=right label=Right person v=[-0.535, -0.153, 0.831] yaw=-32.8 pitch=8.8
2025-12-19 15:46:46,686 - INFO - BuildTower - Gripper command 0 sent successfully.
2025-12-19 15:46:46,689 - INFO - BuildTower - Attempting to go to position: x=0.735, y=0.0, z=0.432, theta_x=100.0, theta_y=0.0, theta_z=90.0
2025-12-19 15:46:46,689 - DEBUG - BuildTower - Set speed for pose: translation=1, orientation=100
2025-12-19 15:46:46,737 - INFO - BuildTower - Pose action initiated, waiting for completion.
2025-12-19 15:46:47,096 - INFO - BuildTower - OpenPoseThread: gaze frame_idx=472 ts=2025-12-19T15:46:47.012336Z people=2
2025-12-19 15:46:47,096 - INFO - BuildTower - OpenPoseThread: Gaze3D frame=472 id=left label=Left person v=[-0.311, 0.091, 0.946] yaw=-18.2 pitch=-5.2
2025-12-19 15:46:47,096 - INFO - BuildTower - OpenPoseThread: Gaze3D frame=472 id=right label=Right person v=[-0.241, -0.340, 0.909] yaw=-14.8 pitch=19.9
2025-12-19 15:46:47,469 - INFO - BuildTower - Robot action ended.
2025-12-19 15:46:47,469 - INFO - BuildTower - Robot completed its turn. Robot turn count: 2
2025-12-19 15:46:47,469 - INFO - BuildTower - Executing turn 3 out of 9.
2025-12-19 15:46:47,469 - INFO - BuildTower - look_once_from_latest_gaze: target=left
2025-12-19 15:46:47,470 - INFO - BuildTower - Robot moving to look at person on the left.
2025-12-19 15:46:47,470 - INFO - BuildTower - Attempting to go to position: x=0.5, y=-0.08, z=0.5, theta_x=80, theta_y=0, theta_z=75
2025-12-19 15:46:47,470 - DEBUG - BuildTower - Set speed for pose: translation=1, orientation=100
2025-12-19 15:46:47,485 - INFO - BuildTower - Pose sent (non-blocking).
2025-12-19 15:46:47,486 - INFO - BuildTower - Sending to OpenPose (via thread): PR: Arm Extended Check
2025-12-19 15:46:47,486 - INFO - BuildTower - OpenPoseThread: sending cmd: PR: Arm Extended Check
2025-12-19 15:46:47,689 - INFO - BuildTower - OpenPoseThread: gaze frame_idx=480 ts=2025-12-19T15:46:47.688709Z people=2
2025-12-19 15:46:47,689 - INFO - BuildTower - OpenPoseThread: Gaze3D frame=480 id=left label=Left person v=[-0.143, -0.261, 0.955] yaw=-8.5 pitch=15.2
2025-12-19 15:46:47,689 - INFO - BuildTower - OpenPoseThread: Gaze3D frame=480 id=right label=Right person v=[-0.513, -0.132, 0.848] yaw=-31.2 pitch=7.6
2025-12-19 15:46:48,397 - INFO - BuildTower - OpenPoseThread: gaze frame_idx=488 ts=2025-12-19T15:46:48.394046Z people=2
2025-12-19 15:46:48,397 - INFO - BuildTower - OpenPoseThread: Gaze3D frame=488 id=left label=Left person v=[-0.198, -0.202, 0.959] yaw=-11.6 pitch=11.7
2025-12-19 15:46:48,397 - INFO - BuildTower - OpenPoseThread: Gaze3D frame=488 id=right label=Right person v=[-0.380, -0.319, 0.868] yaw=-23.6 pitch=18.6
2025-12-19 15:46:49,105 - INFO - BuildTower - OpenPoseThread: gaze frame_idx=496 ts=2025-12-19T15:46:49.104237Z people=2
2025-12-19 15:46:49,105 - INFO - BuildTower - OpenPoseThread: Gaze3D frame=496 id=left label=Left person v=[-0.215, 0.167, 0.962] yaw=-12.6 pitch=-9.6
2025-12-19 15:46:49,105 - INFO - BuildTower - OpenPoseThread: Gaze3D frame=496 id=right label=Right person v=[-0.303, -0.057, 0.951] yaw=-17.6 pitch=3.3
2025-12-19 15:46:49,784 - INFO - BuildTower - OpenPoseThread: gaze frame_idx=504 ts=2025-12-19T15:46:49.782858Z people=2
2025-12-19 15:46:49,784 - INFO - BuildTower - OpenPoseThread: Gaze3D frame=504 id=left label=Left person v=[-0.252, 0.118, 0.961] yaw=-14.7 pitch=-6.7
2025-12-19 15:46:49,784 - INFO - BuildTower - OpenPoseThread: Gaze3D frame=504 id=right label=Right person v=[-0.347, -0.055, 0.936] yaw=-20.3 pitch=3.2
2025-12-19 15:46:50,451 - INFO - BuildTower - OpenPoseThread: gaze frame_idx=512 ts=2025-12-19T15:46:50.450077Z people=2
2025-12-19 15:46:50,451 - INFO - BuildTower - OpenPoseThread: Gaze3D frame=512 id=left label=Left person v=[-0.225, 0.201, 0.953] yaw=-13.3 pitch=-11.6
2025-12-19 15:46:50,451 - INFO - BuildTower - OpenPoseThread: Gaze3D frame=512 id=right label=Right person v=[-0.250, -0.036, 0.968] yaw=-14.5 pitch=2.1
2025-12-19 15:46:51,092 - INFO - BuildTower - OpenPoseThread: gaze frame_idx=520 ts=2025-12-19T15:46:51.091301Z people=2
2025-12-19 15:46:51,092 - INFO - BuildTower - OpenPoseThread: Gaze3D frame=520 id=left label=Left person v=[-0.227, 0.158, 0.961] yaw=-13.3 pitch=-9.1
2025-12-19 15:46:51,092 - INFO - BuildTower - OpenPoseThread: Gaze3D frame=520 id=right label=Right person v=[-0.325, -0.004, 0.946] yaw=-19.0 pitch=0.2
2025-12-19 15:46:51,793 - INFO - BuildTower - OpenPoseThread: gaze frame_idx=528 ts=2025-12-19T15:46:51.784288Z people=2
2025-12-19 15:46:51,793 - INFO - BuildTower - OpenPoseThread: Gaze3D frame=528 id=left label=Left person v=[-0.413, 0.031, 0.910] yaw=-24.4 pitch=-1.8
2025-12-19 15:46:51,793 - INFO - BuildTower - OpenPoseThread: Gaze3D frame=528 id=right label=Right person v=[-0.465, 0.069, 0.883] yaw=-27.8 pitch=-3.9
2025-12-19 15:46:52,506 - INFO - BuildTower - OpenPoseThread: gaze frame_idx=536 ts=2025-12-19T15:46:52.504919Z people=2
2025-12-19 15:46:52,506 - INFO - BuildTower - OpenPoseThread: Gaze3D frame=536 id=left label=Left person v=[-0.152, -0.251, 0.956] yaw=-9.0 pitch=14.5
2025-12-19 15:46:52,506 - INFO - BuildTower - OpenPoseThread: Gaze3D frame=536 id=right label=Right person v=[-0.409, -0.323, 0.854] yaw=-25.6 pitch=18.8
2025-12-19 15:46:53,185 - INFO - BuildTower - OpenPoseThread: gaze frame_idx=544 ts=2025-12-19T15:46:53.184172Z people=2
2025-12-19 15:46:53,185 - INFO - BuildTower - OpenPoseThread: Gaze3D frame=544 id=left label=Left person v=[-0.104, -0.195, 0.975] yaw=-6.1 pitch=11.3
2025-12-19 15:46:53,185 - INFO - BuildTower - OpenPoseThread: Gaze3D frame=544 id=right label=Right person v=[-0.564, -0.453, 0.690] yaw=-39.2 pitch=26.9
2025-12-19 15:46:53,883 - INFO - BuildTower - OpenPoseThread: gaze frame_idx=552 ts=2025-12-19T15:46:53.881951Z people=2
2025-12-19 15:46:53,883 - INFO - BuildTower - OpenPoseThread: Gaze3D frame=552 id=left label=Left person v=[-0.337, 0.143, 0.931] yaw=-19.9 pitch=-8.2
2025-12-19 15:46:53,883 - INFO - BuildTower - OpenPoseThread: Gaze3D frame=552 id=right label=Right person v=[-0.201, -0.917, 0.344] yaw=-30.3 pitch=66.5
2025-12-19 15:46:54,580 - INFO - BuildTower - OpenPoseThread: gaze frame_idx=560 ts=2025-12-19T15:46:54.579236Z people=2
2025-12-19 15:46:54,580 - INFO - BuildTower - OpenPoseThread: Gaze3D frame=560 id=left label=Left person v=[-0.325, -0.033, 0.945] yaw=-19.0 pitch=1.9
2025-12-19 15:46:54,580 - INFO - BuildTower - OpenPoseThread: Gaze3D frame=560 id=right label=Right person v=[-0.229, -0.576, 0.785] yaw=-16.3 pitch=35.2
2025-12-19 15:46:55,273 - INFO - BuildTower - OpenPoseThread: gaze frame_idx=568 ts=2025-12-19T15:46:55.272382Z people=2
2025-12-19 15:46:55,273 - INFO - BuildTower - OpenPoseThread: Gaze3D frame=568 id=left label=Left person v=[-0.300, 0.016, 0.954] yaw=-17.5 pitch=-0.9
2025-12-19 15:46:55,273 - INFO - BuildTower - OpenPoseThread: Gaze3D frame=568 id=right label=Right person v=[-0.388, -0.676, 0.626] yaw=-31.8 pitch=42.6
2025-12-19 15:46:55,964 - INFO - BuildTower - OpenPoseThread: gaze frame_idx=576 ts=2025-12-19T15:46:55.963109Z people=2
2025-12-19 15:46:55,964 - INFO - BuildTower - OpenPoseThread: Gaze3D frame=576 id=left label=Left person v=[-0.288, 0.127, 0.949] yaw=-16.9 pitch=-7.3
2025-12-19 15:46:55,964 - INFO - BuildTower - OpenPoseThread: Gaze3D frame=576 id=right label=Right person v=[-0.384, 0.159, 0.910] yaw=-22.9 pitch=-9.2
2025-12-19 15:46:56,628 - INFO - BuildTower - OpenPoseThread: gaze frame_idx=584 ts=2025-12-19T15:46:56.627866Z people=2
2025-12-19 15:46:56,629 - INFO - BuildTower - OpenPoseThread: Gaze3D frame=584 id=left label=Left person v=[-0.344, 0.030, 0.939] yaw=-20.1 pitch=-1.7
2025-12-19 15:46:56,629 - INFO - BuildTower - OpenPoseThread: Gaze3D frame=584 id=right label=Right person v=[-0.118, -0.315, 0.942] yaw=-7.2 pitch=18.3
2025-12-19 15:46:57,304 - INFO - BuildTower - OpenPoseThread: gaze frame_idx=592 ts=2025-12-19T15:46:57.303425Z people=2
2025-12-19 15:46:57,304 - INFO - BuildTower - OpenPoseThread: Gaze3D frame=592 id=left label=Left person v=[-0.356, 0.225, 0.907] yaw=-21.4 pitch=-13.0
2025-12-19 15:46:57,304 - INFO - BuildTower - OpenPoseThread: Gaze3D frame=592 id=right label=Right person v=[-0.360, -0.204, 0.910] yaw=-21.6 pitch=11.7
2025-12-19 15:46:57,486 - ERROR - BuildTower - OpenPoseThread: timeout waiting for reply for cmd=PR: Arm Extended Check
2025-12-19 15:46:57,486 - INFO - BuildTower - Sending to OpenPose (via thread): PR: Arm Retracted Check
2025-12-19 15:46:57,991 - INFO - BuildTower - OpenPoseThread: gaze frame_idx=600 ts=2025-12-19T15:46:57.990143Z people=2
2025-12-19 15:46:57,991 - INFO - BuildTower - OpenPoseThread: Gaze3D frame=600 id=left label=Left person v=[-0.418, 0.686, 0.595] yaw=-35.1 pitch=-43.3
2025-12-19 15:46:57,992 - INFO - BuildTower - OpenPoseThread: Gaze3D frame=600 id=right label=Right person v=[-0.148, -0.367, 0.918] yaw=-9.1 pitch=21.5
2025-12-19 15:46:58,679 - INFO - BuildTower - OpenPoseThread: gaze frame_idx=608 ts=2025-12-19T15:46:58.678408Z people=2
2025-12-19 15:46:58,679 - INFO - BuildTower - OpenPoseThread: Gaze3D frame=608 id=left label=Left person v=[-0.178, -0.204, 0.963] yaw=-10.5 pitch=11.8
2025-12-19 15:46:58,680 - INFO - BuildTower - OpenPoseThread: Gaze3D frame=608 id=right label=Right person v=[-0.306, -0.025, 0.952] yaw=-17.8 pitch=1.5
2025-12-19 15:46:59,387 - INFO - BuildTower - OpenPoseThread: gaze frame_idx=616 ts=2025-12-19T15:46:59.385876Z people=2
2025-12-19 15:46:59,387 - INFO - BuildTower - OpenPoseThread: Gaze3D frame=616 id=left label=Left person v=[-0.380, -0.106, 0.919] yaw=-22.5 pitch=6.1
2025-12-19 15:46:59,387 - INFO - BuildTower - OpenPoseThread: Gaze3D frame=616 id=right label=Right person v=[-0.438, -0.376, 0.816] yaw=-28.2 pitch=22.1
2025-12-19 15:47:00,076 - INFO - BuildTower - OpenPoseThread: gaze frame_idx=624 ts=2025-12-19T15:47:00.074949Z people=2
2025-12-19 15:47:00,076 - INFO - BuildTower - OpenPoseThread: Gaze3D frame=624 id=left label=Left person v=[-0.330, 0.072, 0.941] yaw=-19.3 pitch=-4.1
2025-12-19 15:47:00,076 - INFO - BuildTower - OpenPoseThread: Gaze3D frame=624 id=right label=Right person v=[-0.457, -0.153, 0.876] yaw=-27.6 pitch=8.8
2025-12-19 15:47:00,750 - INFO - BuildTower - OpenPoseThread: gaze frame_idx=632 ts=2025-12-19T15:47:00.748848Z people=2
2025-12-19 15:47:00,750 - INFO - BuildTower - OpenPoseThread: Gaze3D frame=632 id=left label=Left person v=[-0.112, -0.226, 0.968] yaw=-6.6 pitch=13.0
2025-12-19 15:47:00,750 - INFO - BuildTower - OpenPoseThread: Gaze3D frame=632 id=right label=Right person v=[-0.484, -0.256, 0.837] yaw=-30.1 pitch=14.8
2025-12-19 15:47:00,879 - INFO - BuildTower - OpenPoseThread: received reply: Right: Arm Extended
2025-12-19 15:47:00,879 - INFO - BuildTower - OpenPoseThread: sending cmd: PR: Arm Retracted Check
2025-12-19 15:47:00,879 - INFO - BuildTower - look_once_from_latest_gaze: target=left
2025-12-19 15:47:00,880 - INFO - BuildTower - Robot moving to look at person on the left.
2025-12-19 15:47:00,880 - INFO - BuildTower - Attempting to go to position: x=0.5, y=-0.08, z=0.5, theta_x=80, theta_y=0, theta_z=75
2025-12-19 15:47:00,880 - DEBUG - BuildTower - Set speed for pose: translation=1, orientation=100
2025-12-19 15:47:00,886 - INFO - BuildTower - Pose sent (non-blocking).
2025-12-19 15:47:00,887 - INFO - BuildTower - Executing turn 4 out of 9.
2025-12-19 15:47:00,887 - INFO - BuildTower - look_once_from_latest_gaze: target=left
2025-12-19 15:47:00,887 - INFO - BuildTower - Robot moving to look at person on the left.
2025-12-19 15:47:00,887 - INFO - BuildTower - Attempting to go to position: x=0.5, y=-0.08, z=0.5, theta_x=80, theta_y=0, theta_z=75
2025-12-19 15:47:00,887 - DEBUG - BuildTower - Set speed for pose: translation=1, orientation=100
2025-12-19 15:47:00,912 - INFO - BuildTower - Pose sent (non-blocking).
2025-12-19 15:47:00,912 - INFO - BuildTower - Sending to OpenPose (via thread): PL: Arm Extended Check
2025-12-19 15:47:00,939 - INFO - BuildTower - OpenPoseThread: received reply: Right: Arm Retracted
2025-12-19 15:47:00,940 - INFO - BuildTower - OpenPoseThread: sending cmd: PL: Arm Extended Check
2025-12-19 15:47:00,947 - INFO - BuildTower - Sending to OpenPose (via thread): PL: Arm Retracted Check
2025-12-19 15:47:01,430 - INFO - BuildTower - OpenPoseThread: gaze frame_idx=640 ts=2025-12-19T15:47:01.428951Z people=2
2025-12-19 15:47:01,430 - INFO - BuildTower - OpenPoseThread: Gaze3D frame=640 id=left label=Left person v=[-0.128, -0.299, 0.945] yaw=-7.7 pitch=17.4
2025-12-19 15:47:01,430 - INFO - BuildTower - OpenPoseThread: Gaze3D frame=640 id=right label=Right person v=[-0.603, -0.151, 0.784] yaw=-37.6 pitch=8.7
2025-12-19 15:47:02,116 - INFO - BuildTower - OpenPoseThread: gaze frame_idx=648 ts=2025-12-19T15:47:02.115292Z people=2
2025-12-19 15:47:02,116 - INFO - BuildTower - OpenPoseThread: Gaze3D frame=648 id=left label=Left person v=[-0.253, 0.130, 0.959] yaw=-14.8 pitch=-7.5
2025-12-19 15:47:02,116 - INFO - BuildTower - OpenPoseThread: Gaze3D frame=648 id=right label=Right person v=[-0.592, -0.433, 0.680] yaw=-41.1 pitch=25.6
2025-12-19 15:47:02,799 - INFO - BuildTower - OpenPoseThread: gaze frame_idx=656 ts=2025-12-19T15:47:02.798032Z people=2
2025-12-19 15:47:02,800 - INFO - BuildTower - OpenPoseThread: Gaze3D frame=656 id=left label=Left person v=[-0.301, 0.095, 0.949] yaw=-17.6 pitch=-5.4
2025-12-19 15:47:02,800 - INFO - BuildTower - OpenPoseThread: Gaze3D frame=656 id=right label=Right person v=[-0.537, -0.081, 0.839] yaw=-32.6 pitch=4.6
2025-12-19 15:47:03,529 - INFO - BuildTower - OpenPoseThread: gaze frame_idx=664 ts=2025-12-19T15:47:03.528555Z people=2
2025-12-19 15:47:03,529 - INFO - BuildTower - OpenPoseThread: Gaze3D frame=664 id=left label=Left person v=[-0.222, 0.188, 0.957] yaw=-13.0 pitch=-10.8
2025-12-19 15:47:03,529 - INFO - BuildTower - OpenPoseThread: Gaze3D frame=664 id=right label=Right person v=[-0.509, -0.250, 0.824] yaw=-31.7 pitch=14.5
2025-12-19 15:47:04,178 - INFO - BuildTower - OpenPoseThread: gaze frame_idx=672 ts=2025-12-19T15:47:04.176845Z people=2
2025-12-19 15:47:04,178 - INFO - BuildTower - OpenPoseThread: Gaze3D frame=672 id=left label=Left person v=[-0.193, 0.261, 0.946] yaw=-11.5 pitch=-15.1
2025-12-19 15:47:04,178 - INFO - BuildTower - OpenPoseThread: Gaze3D frame=672 id=right label=Right person v=[-0.309, 0.014, 0.951] yaw=-18.0 pitch=-0.8
2025-12-19 15:47:04,303 - INFO - BuildTower - OpenPoseThread: received reply: Left: Arm Extended
2025-12-19 15:47:04,304 - INFO - BuildTower - OpenPoseThread: sending cmd: PL: Arm Retracted Check
2025-12-19 15:47:04,304 - INFO - BuildTower - look_once_from_latest_gaze: target=right
2025-12-19 15:47:04,304 - INFO - BuildTower - Robot moving to look at person on the right.
2025-12-19 15:47:04,304 - INFO - BuildTower - Attempting to go to position: x=0.5, y=0.08, z=0.5, theta_x=80, theta_y=0, theta_z=105
2025-12-19 15:47:04,304 - DEBUG - BuildTower - Set speed for pose: translation=1, orientation=100
2025-12-19 15:47:04,312 - INFO - BuildTower - Pose sent (non-blocking).
2025-12-19 15:47:04,312 - INFO - BuildTower - Executing turn 5 out of 9.
2025-12-19 15:47:04,312 - INFO - BuildTower - look_once_from_latest_gaze: target=right
2025-12-19 15:47:04,313 - INFO - BuildTower - Robot moving to look at person on the right.
2025-12-19 15:47:04,313 - INFO - BuildTower - Attempting to go to position: x=0.5, y=0.08, z=0.5, theta_x=80, theta_y=0, theta_z=105
2025-12-19 15:47:04,313 - DEBUG - BuildTower - Set speed for pose: translation=1, orientation=100
2025-12-19 15:47:04,341 - INFO - BuildTower - Pose sent (non-blocking).
2025-12-19 15:47:04,341 - INFO - BuildTower - Sending to OpenPose (via thread): PR: Arm Extended Check
2025-12-19 15:47:04,367 - INFO - BuildTower - OpenPoseThread: received reply: Left: Arm Retracted
2025-12-19 15:47:04,367 - INFO - BuildTower - OpenPoseThread: sending cmd: PR: Arm Extended Check
2025-12-19 15:47:04,368 - INFO - BuildTower - Sending to OpenPose (via thread): PR: Arm Retracted Check
2025-12-19 15:47:04,893 - INFO - BuildTower - OpenPoseThread: gaze frame_idx=680 ts=2025-12-19T15:47:04.892580Z people=2
2025-12-19 15:47:04,893 - INFO - BuildTower - OpenPoseThread: Gaze3D frame=680 id=left label=Left person v=[-0.352, 0.007, 0.936] yaw=-20.6 pitch=-0.4
2025-12-19 15:47:04,894 - INFO - BuildTower - OpenPoseThread: Gaze3D frame=680 id=right label=Right person v=[-0.263, -0.291, 0.920] yaw=-16.0 pitch=16.9
2025-12-19 15:47:05,576 - INFO - BuildTower - OpenPoseThread: gaze frame_idx=688 ts=2025-12-19T15:47:05.575162Z people=2
2025-12-19 15:47:05,576 - INFO - BuildTower - OpenPoseThread: Gaze3D frame=688 id=left label=Left person v=[-0.346, 0.116, 0.931] yaw=-20.4 pitch=-6.7
2025-12-19 15:47:05,576 - INFO - BuildTower - OpenPoseThread: Gaze3D frame=688 id=right label=Right person v=[-0.278, -0.270, 0.922] yaw=-16.8 pitch=15.6
2025-12-19 15:47:06,282 - INFO - BuildTower - OpenPoseThread: gaze frame_idx=696 ts=2025-12-19T15:47:06.281801Z people=2
2025-12-19 15:47:06,283 - INFO - BuildTower - OpenPoseThread: Gaze3D frame=696 id=left label=Left person v=[-0.324, 0.229, 0.918] yaw=-19.4 pitch=-13.3
2025-12-19 15:47:06,283 - INFO - BuildTower - OpenPoseThread: Gaze3D frame=696 id=right label=Right person v=[-0.227, -0.108, 0.968] yaw=-13.2 pitch=6.2
2025-12-19 15:47:06,966 - INFO - BuildTower - OpenPoseThread: gaze frame_idx=704 ts=2025-12-19T15:47:06.965283Z people=2
2025-12-19 15:47:06,966 - INFO - BuildTower - OpenPoseThread: Gaze3D frame=704 id=left label=Left person v=[-0.139, 0.074, 0.987] yaw=-8.0 pitch=-4.3
2025-12-19 15:47:06,966 - INFO - BuildTower - OpenPoseThread: Gaze3D frame=704 id=right label=Right person v=[-0.265, -0.097, 0.959] yaw=-15.5 pitch=5.6
2025-12-19 15:47:07,623 - INFO - BuildTower - OpenPoseThread: gaze frame_idx=712 ts=2025-12-19T15:47:07.622272Z people=2
2025-12-19 15:47:07,623 - INFO - BuildTower - OpenPoseThread: Gaze3D frame=712 id=left label=Left person v=[-0.178, 0.101, 0.979] yaw=-10.3 pitch=-5.8
2025-12-19 15:47:07,623 - INFO - BuildTower - OpenPoseThread: Gaze3D frame=712 id=right label=Right person v=[-0.304, -0.013, 0.952] yaw=-17.7 pitch=0.7
2025-12-19 15:47:08,289 - INFO - BuildTower - OpenPoseThread: gaze frame_idx=720 ts=2025-12-19T15:47:08.288050Z people=2
2025-12-19 15:47:08,289 - INFO - BuildTower - OpenPoseThread: Gaze3D frame=720 id=left label=Left person v=[-0.241, 0.123, 0.963] yaw=-14.1 pitch=-7.1
2025-12-19 15:47:08,289 - INFO - BuildTower - OpenPoseThread: Gaze3D frame=720 id=right label=Right person v=[-0.313, -0.138, 0.940] yaw=-18.5 pitch=7.9
2025-12-19 15:47:08,979 - INFO - BuildTower - OpenPoseThread: gaze frame_idx=728 ts=2025-12-19T15:47:08.978712Z people=2
2025-12-19 15:47:08,979 - INFO - BuildTower - OpenPoseThread: Gaze3D frame=728 id=left label=Left person v=[-0.223, 0.019, 0.975] yaw=-12.9 pitch=-1.1
2025-12-19 15:47:08,980 - INFO - BuildTower - OpenPoseThread: Gaze3D frame=728 id=right label=Right person v=[-0.385, -0.156, 0.910] yaw=-22.9 pitch=8.9
2025-12-19 15:47:09,638 - INFO - BuildTower - OpenPoseThread: gaze frame_idx=736 ts=2025-12-19T15:47:09.636931Z people=2
2025-12-19 15:47:09,638 - INFO - BuildTower - OpenPoseThread: Gaze3D frame=736 id=left label=Left person v=[-0.267, 0.094, 0.959] yaw=-15.6 pitch=-5.4
2025-12-19 15:47:09,638 - INFO - BuildTower - OpenPoseThread: Gaze3D frame=736 id=right label=Right person v=[-0.354, -0.161, 0.921] yaw=-21.0 pitch=9.3
2025-12-19 15:47:10,289 - INFO - BuildTower - OpenPoseThread: gaze frame_idx=744 ts=2025-12-19T15:47:10.288106Z people=2
2025-12-19 15:47:10,289 - INFO - BuildTower - OpenPoseThread: Gaze3D frame=744 id=left label=Left person v=[-0.233, 0.087, 0.969] yaw=-13.5 pitch=-5.0
2025-12-19 15:47:10,289 - INFO - BuildTower - OpenPoseThread: Gaze3D frame=744 id=right label=Right person v=[-0.393, -0.199, 0.898] yaw=-23.6 pitch=11.4
2025-12-19 15:47:10,989 - INFO - BuildTower - OpenPoseThread: gaze frame_idx=752 ts=2025-12-19T15:47:10.988301Z people=2
2025-12-19 15:47:10,989 - INFO - BuildTower - OpenPoseThread: Gaze3D frame=752 id=left label=Left person v=[-0.163, 0.114, 0.980] yaw=-9.4 pitch=-6.6
2025-12-19 15:47:10,989 - INFO - BuildTower - OpenPoseThread: Gaze3D frame=752 id=right label=Right person v=[-0.542, -0.382, 0.749] yaw=-35.9 pitch=22.5
2025-12-19 15:47:11,111 - INFO - BuildTower - OpenPoseThread: received reply: Right: Arm Extended
2025-12-19 15:47:11,112 - INFO - BuildTower - OpenPoseThread: sending cmd: PR: Arm Retracted Check
2025-12-19 15:47:11,112 - INFO - BuildTower - look_once_from_latest_gaze: target=left
2025-12-19 15:47:11,113 - INFO - BuildTower - Robot moving to look at person on the left.
2025-12-19 15:47:11,113 - INFO - BuildTower - Attempting to go to position: x=0.5, y=-0.08, z=0.5, theta_x=80, theta_y=0, theta_z=75
2025-12-19 15:47:11,113 - DEBUG - BuildTower - Set speed for pose: translation=1, orientation=100
2025-12-19 15:47:11,138 - INFO - BuildTower - Pose sent (non-blocking).
2025-12-19 15:47:11,138 - INFO - BuildTower - Executing turn 6 out of 9.
2025-12-19 15:47:11,138 - INFO - BuildTower - look_once_from_latest_gaze: target=left
2025-12-19 15:47:11,138 - INFO - BuildTower - Robot moving to look at person on the left.
2025-12-19 15:47:11,139 - INFO - BuildTower - Attempting to go to position: x=0.5, y=-0.08, z=0.5, theta_x=80, theta_y=0, theta_z=75
2025-12-19 15:47:11,139 - DEBUG - BuildTower - Set speed for pose: translation=1, orientation=100
2025-12-19 15:47:11,163 - INFO - BuildTower - Pose sent (non-blocking).
2025-12-19 15:47:11,163 - INFO - BuildTower - Sending to OpenPose (via thread): PL: Arm Extended Check
2025-12-19 15:47:11,173 - INFO - BuildTower - OpenPoseThread: received reply: Right: Arm Retracted
2025-12-19 15:47:11,173 - INFO - BuildTower - OpenPoseThread: sending cmd: PL: Arm Extended Check
2025-12-19 15:47:11,174 - INFO - BuildTower - Sending to OpenPose (via thread): PL: Arm Retracted Check
2025-12-19 15:47:11,665 - INFO - BuildTower - OpenPoseThread: gaze frame_idx=760 ts=2025-12-19T15:47:11.663733Z people=2
2025-12-19 15:47:11,665 - INFO - BuildTower - OpenPoseThread: Gaze3D frame=760 id=left label=Left person v=[-0.226, 0.036, 0.973] yaw=-13.1 pitch=-2.1
2025-12-19 15:47:11,665 - INFO - BuildTower - OpenPoseThread: Gaze3D frame=760 id=right label=Right person v=[-0.524, -0.428, 0.736] yaw=-35.5 pitch=25.4
2025-12-19 15:47:12,372 - INFO - BuildTower - OpenPoseThread: gaze frame_idx=768 ts=2025-12-19T15:47:12.371092Z people=2
2025-12-19 15:47:12,372 - INFO - BuildTower - OpenPoseThread: Gaze3D frame=768 id=left label=Left person v=[-0.290, 0.182, 0.940] yaw=-17.1 pitch=-10.5
2025-12-19 15:47:12,372 - INFO - BuildTower - OpenPoseThread: Gaze3D frame=768 id=right label=Right person v=[-0.652, -0.024, 0.758] yaw=-40.7 pitch=1.4
2025-12-19 15:47:13,053 - INFO - BuildTower - OpenPoseThread: gaze frame_idx=776 ts=2025-12-19T15:47:13.051985Z people=2
2025-12-19 15:47:13,053 - INFO - BuildTower - OpenPoseThread: Gaze3D frame=776 id=left label=Left person v=[-0.280, 0.162, 0.946] yaw=-16.5 pitch=-9.3
2025-12-19 15:47:13,053 - INFO - BuildTower - OpenPoseThread: Gaze3D frame=776 id=right label=Right person v=[-0.347, -0.055, 0.936] yaw=-20.3 pitch=3.1
2025-12-19 15:47:13,735 - INFO - BuildTower - OpenPoseThread: gaze frame_idx=784 ts=2025-12-19T15:47:13.733799Z people=2
2025-12-19 15:47:13,735 - INFO - BuildTower - OpenPoseThread: Gaze3D frame=784 id=left label=Left person v=[-0.207, 0.250, 0.946] yaw=-12.3 pitch=-14.5
2025-12-19 15:47:13,735 - INFO - BuildTower - OpenPoseThread: Gaze3D frame=784 id=right label=Right person v=[-0.424, -0.123, 0.897] yaw=-25.3 pitch=7.0
2025-12-19 15:47:14,406 - INFO - BuildTower - OpenPoseThread: gaze frame_idx=792 ts=2025-12-19T15:47:14.405831Z people=2
2025-12-19 15:47:14,406 - INFO - BuildTower - OpenPoseThread: Gaze3D frame=792 id=left label=Left person v=[-0.217, 0.223, 0.951] yaw=-12.8 pitch=-12.9
2025-12-19 15:47:14,407 - INFO - BuildTower - OpenPoseThread: Gaze3D frame=792 id=right label=Right person v=[-0.313, -0.061, 0.948] yaw=-18.3 pitch=3.5
2025-12-19 15:47:15,078 - INFO - BuildTower - OpenPoseThread: gaze frame_idx=800 ts=2025-12-19T15:47:15.077475Z people=2
2025-12-19 15:47:15,078 - INFO - BuildTower - OpenPoseThread: Gaze3D frame=800 id=left label=Left person v=[-0.156, 0.269, 0.950] yaw=-9.3 pitch=-15.6
2025-12-19 15:47:15,078 - INFO - BuildTower - OpenPoseThread: Gaze3D frame=800 id=right label=Right person v=[-0.314, 0.007, 0.950] yaw=-18.3 pitch=-0.4
2025-12-19 15:47:15,741 - INFO - BuildTower - OpenPoseThread: gaze frame_idx=808 ts=2025-12-19T15:47:15.740688Z people=2
2025-12-19 15:47:15,742 - INFO - BuildTower - OpenPoseThread: Gaze3D frame=808 id=left label=Left person v=[-0.167, 0.197, 0.966] yaw=-9.8 pitch=-11.3
2025-12-19 15:47:15,742 - INFO - BuildTower - OpenPoseThread: Gaze3D frame=808 id=right label=Right person v=[-0.083, -0.267, 0.960] yaw=-4.9 pitch=15.5
2025-12-19 15:47:16,412 - INFO - BuildTower - OpenPoseThread: gaze frame_idx=816 ts=2025-12-19T15:47:16.411352Z people=2
2025-12-19 15:47:16,412 - INFO - BuildTower - OpenPoseThread: Gaze3D frame=816 id=left label=Left person v=[-0.186, 0.202, 0.961] yaw=-10.9 pitch=-11.7
2025-12-19 15:47:16,412 - INFO - BuildTower - OpenPoseThread: Gaze3D frame=816 id=right label=Right person v=[-0.321, 0.014, 0.947] yaw=-18.8 pitch=-0.8
2025-12-19 15:47:17,118 - INFO - BuildTower - OpenPoseThread: gaze frame_idx=824 ts=2025-12-19T15:47:17.117290Z people=2
2025-12-19 15:47:17,118 - INFO - BuildTower - OpenPoseThread: Gaze3D frame=824 id=left label=Left person v=[-0.162, 0.242, 0.957] yaw=-9.6 pitch=-14.0
2025-12-19 15:47:17,118 - INFO - BuildTower - OpenPoseThread: Gaze3D frame=824 id=right label=Right person v=[-0.303, 0.016, 0.953] yaw=-17.7 pitch=-0.9
2025-12-19 15:47:17,804 - INFO - BuildTower - OpenPoseThread: gaze frame_idx=832 ts=2025-12-19T15:47:17.802884Z people=2
2025-12-19 15:47:17,804 - INFO - BuildTower - OpenPoseThread: Gaze3D frame=832 id=left label=Left person v=[-0.209, 0.277, 0.938] yaw=-12.5 pitch=-16.1
2025-12-19 15:47:17,804 - INFO - BuildTower - OpenPoseThread: Gaze3D frame=832 id=right label=Right person v=[-0.309, -0.189, 0.932] yaw=-18.3 pitch=10.9
2025-12-19 15:47:18,479 - INFO - BuildTower - OpenPoseThread: gaze frame_idx=840 ts=2025-12-19T15:47:18.477802Z people=2
2025-12-19 15:47:18,479 - INFO - BuildTower - OpenPoseThread: Gaze3D frame=840 id=left label=Left person v=[-0.212, 0.209, 0.954] yaw=-12.5 pitch=-12.1
2025-12-19 15:47:18,479 - INFO - BuildTower - OpenPoseThread: Gaze3D frame=840 id=right label=Right person v=[-0.484, -0.062, 0.873] yaw=-29.0 pitch=3.5
2025-12-19 15:47:19,192 - INFO - BuildTower - OpenPoseThread: gaze frame_idx=848 ts=2025-12-19T15:47:19.191280Z people=2
2025-12-19 15:47:19,192 - INFO - BuildTower - OpenPoseThread: Gaze3D frame=848 id=left label=Left person v=[-0.193, 0.323, 0.926] yaw=-11.8 pitch=-18.9
2025-12-19 15:47:19,192 - INFO - BuildTower - OpenPoseThread: Gaze3D frame=848 id=right label=Right person v=[-0.501, -0.221, 0.837] yaw=-30.9 pitch=12.8
2025-12-19 15:47:19,923 - INFO - BuildTower - OpenPoseThread: gaze frame_idx=856 ts=2025-12-19T15:47:19.919261Z people=2
2025-12-19 15:47:19,923 - INFO - BuildTower - OpenPoseThread: Gaze3D frame=856 id=left label=Left person v=[-0.201, 0.257, 0.945] yaw=-12.0 pitch=-14.9
2025-12-19 15:47:19,923 - INFO - BuildTower - OpenPoseThread: Gaze3D frame=856 id=right label=Right person v=[-0.407, -0.168, 0.898] yaw=-24.4 pitch=9.6
2025-12-19 15:47:20,618 - INFO - BuildTower - OpenPoseThread: gaze frame_idx=864 ts=2025-12-19T15:47:20.617055Z people=2
2025-12-19 15:47:20,618 - INFO - BuildTower - OpenPoseThread: Gaze3D frame=864 id=left label=Left person v=[-0.185, 0.237, 0.954] yaw=-11.0 pitch=-13.7
2025-12-19 15:47:20,618 - INFO - BuildTower - OpenPoseThread: Gaze3D frame=864 id=right label=Right person v=[-0.642, 0.097, 0.761] yaw=-40.1 pitch=-5.6
2025-12-19 15:47:21,174 - ERROR - BuildTower - OpenPoseThread: timeout waiting for reply for cmd=PL: Arm Retracted Check
2025-12-19 15:47:21,175 - INFO - BuildTower - Executing turn 7 out of 9.
2025-12-19 15:47:21,175 - INFO - BuildTower - look_once_from_latest_gaze: target=left
2025-12-19 15:47:21,175 - INFO - BuildTower - Robot moving to look at person on the left.
2025-12-19 15:47:21,175 - INFO - BuildTower - Attempting to go to position: x=0.5, y=-0.08, z=0.5, theta_x=80, theta_y=0, theta_z=75
2025-12-19 15:47:21,176 - DEBUG - BuildTower - Set speed for pose: translation=1, orientation=100
2025-12-19 15:47:21,214 - INFO - BuildTower - Pose sent (non-blocking).
2025-12-19 15:47:21,214 - INFO - BuildTower - Sending to OpenPose (via thread): PR: Arm Extended Check
2025-12-19 15:47:21,326 - INFO - BuildTower - OpenPoseThread: gaze frame_idx=872 ts=2025-12-19T15:47:21.325091Z people=2
2025-12-19 15:47:21,326 - INFO - BuildTower - OpenPoseThread: Gaze3D frame=872 id=left label=Left person v=[-0.196, 0.124, 0.973] yaw=-11.4 pitch=-7.1
2025-12-19 15:47:21,326 - INFO - BuildTower - OpenPoseThread: Gaze3D frame=872 id=right label=Right person v=[-0.486, 0.034, 0.873] yaw=-29.1 pitch=-2.0
2025-12-19 15:47:22,025 - INFO - BuildTower - OpenPoseThread: gaze frame_idx=880 ts=2025-12-19T15:47:22.024038Z people=2
2025-12-19 15:47:22,025 - INFO - BuildTower - OpenPoseThread: Gaze3D frame=880 id=left label=Left person v=[-0.250, 0.168, 0.953] yaw=-14.7 pitch=-9.7
2025-12-19 15:47:22,025 - INFO - BuildTower - OpenPoseThread: Gaze3D frame=880 id=right label=Right person v=[-0.334, -0.004, 0.942] yaw=-19.5 pitch=0.2
2025-12-19 15:47:22,740 - INFO - BuildTower - OpenPoseThread: gaze frame_idx=888 ts=2025-12-19T15:47:22.738638Z people=2
2025-12-19 15:47:22,740 - INFO - BuildTower - OpenPoseThread: Gaze3D frame=888 id=left label=Left person v=[-0.213, 0.143, 0.967] yaw=-12.4 pitch=-8.3
2025-12-19 15:47:22,741 - INFO - BuildTower - OpenPoseThread: Gaze3D frame=888 id=right label=Right person v=[-0.293, -0.160, 0.943] yaw=-17.3 pitch=9.2
2025-12-19 15:47:22,875 - INFO - BuildTower - OpenPoseThread: received reply: Left: Arm Extended
2025-12-19 15:47:22,876 - INFO - BuildTower - OpenPoseThread: sending cmd: PL: Arm Retracted Check
2025-12-19 15:47:22,876 - INFO - BuildTower - Sending to OpenPose (via thread): PR: Arm Retracted Check
2025-12-19 15:47:22,941 - INFO - BuildTower - OpenPoseThread: received reply: Left: Arm Retracted
2025-12-19 15:47:22,941 - INFO - BuildTower - OpenPoseThread: sending cmd: PR: Arm Extended Check
2025-12-19 15:47:22,941 - INFO - BuildTower - Executing turn 8 out of 9.
2025-12-19 15:47:22,941 - INFO - BuildTower - Moving block from start 0.28 to target 0.643. Turn: 8, Block Shape: 3
2025-12-19 15:47:22,945 - INFO - BuildTower - Sending gripper command: value=0
2025-12-19 15:47:23,450 - INFO - BuildTower - OpenPoseThread: gaze frame_idx=896 ts=2025-12-19T15:47:23.449371Z people=2
2025-12-19 15:47:23,450 - INFO - BuildTower - OpenPoseThread: Gaze3D frame=896 id=left label=Left person v=[-0.225, 0.034, 0.974] yaw=-13.0 pitch=-1.9
2025-12-19 15:47:23,450 - INFO - BuildTower - OpenPoseThread: Gaze3D frame=896 id=right label=Right person v=[-0.325, -0.093, 0.941] yaw=-19.0 pitch=5.3
2025-12-19 15:47:23,464 - INFO - BuildTower - Gripper command 0 sent successfully.
2025-12-19 15:47:23,466 - INFO - BuildTower - Attempting to go to position: x=0.5, y=-0.2, z=0.325, theta_x=100.0, theta_y=0.0, theta_z=90.0
2025-12-19 15:47:23,467 - DEBUG - BuildTower - Set speed for pose: translation=1, orientation=100
2025-12-19 15:47:23,491 - INFO - BuildTower - Pose action initiated, waiting for completion.
2025-12-19 15:47:24,139 - INFO - BuildTower - OpenPoseThread: gaze frame_idx=904 ts=2025-12-19T15:47:24.137899Z people=2
2025-12-19 15:47:24,139 - INFO - BuildTower - OpenPoseThread: Gaze3D frame=904 id=left label=Left person v=[-0.167, 0.086, 0.982] yaw=-9.6 pitch=-4.9
2025-12-19 15:47:24,139 - INFO - BuildTower - OpenPoseThread: Gaze3D frame=904 id=right label=Right person v=[-0.343, -0.049, 0.938] yaw=-20.1 pitch=2.8
2025-12-19 15:47:24,826 - INFO - BuildTower - OpenPoseThread: gaze frame_idx=912 ts=2025-12-19T15:47:24.824896Z people=2
2025-12-19 15:47:24,826 - INFO - BuildTower - OpenPoseThread: Gaze3D frame=912 id=left label=Left person v=[-0.171, 0.232, 0.957] yaw=-10.2 pitch=-13.4
2025-12-19 15:47:24,826 - INFO - BuildTower - OpenPoseThread: Gaze3D frame=912 id=right label=Right person v=[-0.276, -0.118, 0.954] yaw=-16.1 pitch=6.8
2025-12-19 15:47:25,468 - INFO - BuildTower - OpenPoseThread: gaze frame_idx=920 ts=2025-12-19T15:47:25.467762Z people=2
2025-12-19 15:47:25,468 - INFO - BuildTower - OpenPoseThread: Gaze3D frame=920 id=left label=Left person v=[-0.244, 0.210, 0.947] yaw=-14.4 pitch=-12.1
2025-12-19 15:47:25,469 - INFO - BuildTower - OpenPoseThread: Gaze3D frame=920 id=right label=Right person v=[-0.314, -0.295, 0.902] yaw=-19.2 pitch=17.2
2025-12-19 15:47:26,141 - INFO - BuildTower - OpenPoseThread: gaze frame_idx=928 ts=2025-12-19T15:47:26.139835Z people=2
2025-12-19 15:47:26,141 - INFO - BuildTower - OpenPoseThread: Gaze3D frame=928 id=left label=Left person v=[-0.233, 0.219, 0.948] yaw=-13.8 pitch=-12.6
2025-12-19 15:47:26,141 - INFO - BuildTower - OpenPoseThread: Gaze3D frame=928 id=right label=Right person v=[-0.429, -0.257, 0.866] yaw=-26.4 pitch=14.9
2025-12-19 15:47:26,836 - INFO - BuildTower - OpenPoseThread: gaze frame_idx=936 ts=2025-12-19T15:47:26.835078Z people=2
2025-12-19 15:47:26,836 - INFO - BuildTower - OpenPoseThread: Gaze3D frame=936 id=left label=Left person v=[-0.295, 0.184, 0.938] yaw=-17.5 pitch=-10.6
2025-12-19 15:47:26,836 - INFO - BuildTower - OpenPoseThread: Gaze3D frame=936 id=right label=Right person v=[-0.204, -0.345, 0.916] yaw=-12.5 pitch=20.2
2025-12-19 15:47:27,479 - INFO - BuildTower - OpenPoseThread: gaze frame_idx=944 ts=2025-12-19T15:47:27.477910Z people=2
2025-12-19 15:47:27,479 - INFO - BuildTower - OpenPoseThread: Gaze3D frame=944 id=left label=Left person v=[-0.229, 0.226, 0.947] yaw=-13.6 pitch=-13.1
2025-12-19 15:47:27,479 - INFO - BuildTower - OpenPoseThread: Gaze3D frame=944 id=right label=Right person v=[-0.450, -0.125, 0.884] yaw=-27.0 pitch=7.2
2025-12-19 15:47:28,120 - INFO - BuildTower - Robot action ended.
2025-12-19 15:47:28,120 - INFO - BuildTower - Attempting to go to position: x=0.5, y=-0.2, z=0.28, theta_x=100.0, theta_y=0.0, theta_z=90.0
2025-12-19 15:47:28,120 - DEBUG - BuildTower - Set speed for pose: translation=1, orientation=100
2025-12-19 15:47:28,141 - INFO - BuildTower - Pose action initiated, waiting for completion.
2025-12-19 15:47:28,189 - INFO - BuildTower - OpenPoseThread: gaze frame_idx=952 ts=2025-12-19T15:47:28.187772Z people=2
2025-12-19 15:47:28,189 - INFO - BuildTower - OpenPoseThread: Gaze3D frame=952 id=left label=Left person v=[-0.310, 0.263, 0.914] yaw=-18.7 pitch=-15.3
2025-12-19 15:47:28,189 - INFO - BuildTower - OpenPoseThread: Gaze3D frame=952 id=right label=Right person v=[-0.518, -0.114, 0.848] yaw=-31.4 pitch=6.6
2025-12-19 15:47:28,859 - INFO - BuildTower - Robot action ended.
2025-12-19 15:47:28,861 - INFO - BuildTower - Sending gripper command: value=0.2
2025-12-19 15:47:28,864 - INFO - BuildTower - OpenPoseThread: gaze frame_idx=960 ts=2025-12-19T15:47:28.863464Z people=2
2025-12-19 15:47:28,864 - INFO - BuildTower - OpenPoseThread: Gaze3D frame=960 id=left label=Left person v=[-0.289, 0.269, 0.919] yaw=-17.5 pitch=-15.6
2025-12-19 15:47:28,864 - INFO - BuildTower - OpenPoseThread: Gaze3D frame=960 id=right label=Right person v=[-0.488, -0.036, 0.872] yaw=-29.2 pitch=2.1
2025-12-19 15:47:29,364 - INFO - BuildTower - Gripper command 0.2 sent successfully.
2025-12-19 15:47:29,366 - INFO - BuildTower - Attempting to go to position: x=0.5, y=-0.2, z=0.685, theta_x=100.0, theta_y=0.0, theta_z=90.0
2025-12-19 15:47:29,366 - DEBUG - BuildTower - Set speed for pose: translation=1, orientation=100
2025-12-19 15:47:29,421 - INFO - BuildTower - Pose action initiated, waiting for completion.
2025-12-19 15:47:29,567 - INFO - BuildTower - OpenPoseThread: gaze frame_idx=968 ts=2025-12-19T15:47:29.565994Z people=2
2025-12-19 15:47:29,567 - INFO - BuildTower - OpenPoseThread: Gaze3D frame=968 id=left label=Left person v=[-0.240, 0.266, 0.934] yaw=-14.4 pitch=-15.4
2025-12-19 15:47:29,567 - INFO - BuildTower - OpenPoseThread: Gaze3D frame=968 id=right label=Right person v=[-0.398, -0.198, 0.896] yaw=-23.9 pitch=11.4
2025-12-19 15:47:30,290 - INFO - BuildTower - OpenPoseThread: gaze frame_idx=976 ts=2025-12-19T15:47:30.289496Z people=2
2025-12-19 15:47:30,290 - INFO - BuildTower - OpenPoseThread: Gaze3D frame=976 id=left label=Left person v=[-0.294, 0.082, 0.952] yaw=-17.2 pitch=-4.7
2025-12-19 15:47:30,290 - INFO - BuildTower - OpenPoseThread: Gaze3D frame=976 id=right label=Right person v=[-0.237, -0.216, 0.947] yaw=-14.1 pitch=12.4
2025-12-19 15:47:30,963 - INFO - BuildTower - OpenPoseThread: gaze frame_idx=984 ts=2025-12-19T15:47:30.962598Z people=2
2025-12-19 15:47:30,963 - INFO - BuildTower - OpenPoseThread: Gaze3D frame=984 id=left label=Left person v=[-0.290, 0.217, 0.932] yaw=-17.3 pitch=-12.6
2025-12-19 15:47:30,964 - INFO - BuildTower - OpenPoseThread: Gaze3D frame=984 id=right label=Right person v=[-0.420, -0.281, 0.863] yaw=-25.9 pitch=16.3
2025-12-19 15:47:31,649 - INFO - BuildTower - OpenPoseThread: gaze frame_idx=992 ts=2025-12-19T15:47:31.647866Z people=2
2025-12-19 15:47:31,649 - INFO - BuildTower - OpenPoseThread: Gaze3D frame=992 id=left label=Left person v=[-0.202, 0.213, 0.956] yaw=-12.0 pitch=-12.3
2025-12-19 15:47:31,649 - INFO - BuildTower - OpenPoseThread: Gaze3D frame=992 id=right label=Right person v=[-0.440, -0.287, 0.851] yaw=-27.4 pitch=16.7
2025-12-19 15:47:32,327 - INFO - BuildTower - OpenPoseThread: gaze frame_idx=1000 ts=2025-12-19T15:47:32.326287Z people=2
2025-12-19 15:47:32,327 - INFO - BuildTower - OpenPoseThread: Gaze3D frame=1000 id=left label=Left person v=[-0.258, 0.207, 0.944] yaw=-15.3 pitch=-12.0
2025-12-19 15:47:32,327 - INFO - BuildTower - OpenPoseThread: Gaze3D frame=1000 id=right label=Right person v=[-0.399, -0.211, 0.892] yaw=-24.1 pitch=12.2
2025-12-19 15:47:32,999 - INFO - BuildTower - OpenPoseThread: gaze frame_idx=1008 ts=2025-12-19T15:47:32.998404Z people=2
2025-12-19 15:47:32,999 - INFO - BuildTower - OpenPoseThread: Gaze3D frame=1008 id=left label=Left person v=[-0.168, 0.283, 0.944] yaw=-10.1 pitch=-16.4
2025-12-19 15:47:32,999 - INFO - BuildTower - OpenPoseThread: Gaze3D frame=1008 id=right label=Right person v=[-0.278, 0.035, 0.960] yaw=-16.2 pitch=-2.0
2025-12-19 15:47:33,683 - INFO - BuildTower - OpenPoseThread: gaze frame_idx=1016 ts=2025-12-19T15:47:33.682109Z people=2
2025-12-19 15:47:33,683 - INFO - BuildTower - OpenPoseThread: Gaze3D frame=1016 id=left label=Left person v=[-0.081, 0.254, 0.964] yaw=-4.8 pitch=-14.7
2025-12-19 15:47:33,683 - INFO - BuildTower - OpenPoseThread: Gaze3D frame=1016 id=right label=Right person v=[-0.347, -0.267, 0.899] yaw=-21.1 pitch=15.5
2025-12-19 15:47:33,746 - INFO - BuildTower - Robot action ended.
2025-12-19 15:47:33,746 - INFO - BuildTower - Attempting to go to position: x=0.737, y=0.0, z=0.6880000000000001, theta_x=100.0, theta_y=0.0, theta_z=90.0
2025-12-19 15:47:33,746 - DEBUG - BuildTower - Set speed for pose: translation=1, orientation=100
2025-12-19 15:47:33,767 - INFO - BuildTower - Pose action initiated, waiting for completion.
2025-12-19 15:47:34,364 - INFO - BuildTower - OpenPoseThread: gaze frame_idx=1024 ts=2025-12-19T15:47:34.363199Z people=2
2025-12-19 15:47:34,364 - INFO - BuildTower - OpenPoseThread: Gaze3D frame=1024 id=left label=Left person v=[-0.100, 0.321, 0.942] yaw=-6.0 pitch=-18.7
2025-12-19 15:47:34,364 - INFO - BuildTower - OpenPoseThread: Gaze3D frame=1024 id=right label=Right person v=[-0.209, -0.424, 0.881] yaw=-13.4 pitch=25.1
2025-12-19 15:47:35,056 - INFO - BuildTower - OpenPoseThread: gaze frame_idx=1032 ts=2025-12-19T15:47:35.055669Z people=2
2025-12-19 15:47:35,057 - INFO - BuildTower - OpenPoseThread: Gaze3D frame=1032 id=left label=Left person v=[-0.264, 0.317, 0.911] yaw=-16.1 pitch=-18.5
2025-12-19 15:47:35,057 - INFO - BuildTower - OpenPoseThread: Gaze3D frame=1032 id=right label=Right person v=[-0.259, -0.064, 0.964] yaw=-15.0 pitch=3.7
2025-12-19 15:47:35,753 - INFO - BuildTower - OpenPoseThread: gaze frame_idx=1040 ts=2025-12-19T15:47:35.752797Z people=2
2025-12-19 15:47:35,754 - INFO - BuildTower - OpenPoseThread: Gaze3D frame=1040 id=left label=Left person v=[0.103, 0.623, 0.775] yaw=7.6 pitch=-38.6
2025-12-19 15:47:35,754 - INFO - BuildTower - OpenPoseThread: Gaze3D frame=1040 id=right label=Right person v=[-0.360, -0.151, 0.920] yaw=-21.4 pitch=8.7
2025-12-19 15:47:36,428 - INFO - BuildTower - OpenPoseThread: gaze frame_idx=1048 ts=2025-12-19T15:47:36.426850Z people=2
2025-12-19 15:47:36,428 - INFO - BuildTower - OpenPoseThread: Gaze3D frame=1048 id=left label=Left person v=[-0.196, 0.285, 0.938] yaw=-11.8 pitch=-16.5
2025-12-19 15:47:36,428 - INFO - BuildTower - OpenPoseThread: Gaze3D frame=1048 id=right label=Right person v=[-0.323, -0.257, 0.911] yaw=-19.5 pitch=14.9
2025-12-19 15:47:37,075 - INFO - BuildTower - OpenPoseThread: gaze frame_idx=1056 ts=2025-12-19T15:47:37.072013Z people=2
2025-12-19 15:47:37,075 - INFO - BuildTower - OpenPoseThread: Gaze3D frame=1056 id=left label=Left person v=[-0.222, 0.322, 0.920] yaw=-13.6 pitch=-18.8
2025-12-19 15:47:37,075 - INFO - BuildTower - OpenPoseThread: Gaze3D frame=1056 id=right label=Right person v=[-0.273, -0.406, 0.872] yaw=-17.4 pitch=23.9
2025-12-19 15:47:37,156 - INFO - BuildTower - Robot action ended.
2025-12-19 15:47:37,156 - INFO - BuildTower - Attempting to go to position: x=0.737, y=0.0, z=0.643, theta_x=100.0, theta_y=0.0, theta_z=90.0
2025-12-19 15:47:37,156 - DEBUG - BuildTower - Set speed for pose: translation=1, orientation=100
2025-12-19 15:47:37,166 - INFO - BuildTower - Pose action initiated, waiting for completion.
2025-12-19 15:47:37,743 - INFO - BuildTower - OpenPoseThread: gaze frame_idx=1064 ts=2025-12-19T15:47:37.742345Z people=2
2025-12-19 15:47:37,743 - INFO - BuildTower - OpenPoseThread: Gaze3D frame=1064 id=left label=Left person v=[-0.233, 0.257, 0.938] yaw=-14.0 pitch=-14.9
2025-12-19 15:47:37,743 - INFO - BuildTower - OpenPoseThread: Gaze3D frame=1064 id=right label=Right person v=[-0.346, -0.407, 0.845] yaw=-22.3 pitch=24.0
2025-12-19 15:47:37,878 - INFO - BuildTower - Robot action ended.
2025-12-19 15:47:37,880 - INFO - BuildTower - Sending gripper command: value=0
2025-12-19 15:47:38,390 - INFO - BuildTower - Gripper command 0 sent successfully.
2025-12-19 15:47:38,391 - INFO - BuildTower - Attempting to go to position: x=0.737, y=0.0, z=0.6880000000000001, theta_x=100.0, theta_y=0.0, theta_z=90.0
2025-12-19 15:47:38,391 - DEBUG - BuildTower - Set speed for pose: translation=1, orientation=100
2025-12-19 15:47:38,417 - INFO - BuildTower - Pose action initiated, waiting for completion.
2025-12-19 15:47:38,459 - INFO - BuildTower - OpenPoseThread: gaze frame_idx=1072 ts=2025-12-19T15:47:38.456736Z people=2
2025-12-19 15:47:38,459 - INFO - BuildTower - OpenPoseThread: Gaze3D frame=1072 id=left label=Left person v=[-0.229, 0.155, 0.961] yaw=-13.4 pitch=-8.9
2025-12-19 15:47:38,459 - INFO - BuildTower - OpenPoseThread: Gaze3D frame=1072 id=right label=Right person v=[-0.055, -0.867, 0.495] yaw=-6.4 pitch=60.1
2025-12-19 15:47:39,148 - INFO - BuildTower - Robot action ended.
2025-12-19 15:47:39,148 - INFO - BuildTower - Robot completed its turn. Robot turn count: 3
2025-12-19 15:47:39,148 - INFO - BuildTower - Configuration number 1 finished.
2025-12-19 15:47:39,151 - INFO - BuildTower - OpenPoseThread: gaze frame_idx=1080 ts=2025-12-19T15:47:39.149316Z people=2
2025-12-19 15:47:39,151 - INFO - BuildTower - OpenPoseThread: Gaze3D frame=1080 id=left label=Left person v=[-0.219, 0.183, 0.958] yaw=-12.9 pitch=-10.5
2025-12-19 15:47:39,152 - INFO - BuildTower - OpenPoseThread: Gaze3D frame=1080 id=right label=Right person v=[0.003, -0.826, 0.564] yaw=0.3 pitch=55.7
2025-12-19 15:47:39,867 - INFO - BuildTower - OpenPoseThread: gaze frame_idx=1088 ts=2025-12-19T15:47:39.866336Z people=2
2025-12-19 15:47:39,867 - INFO - BuildTower - OpenPoseThread: Gaze3D frame=1088 id=left label=Left person v=[-0.104, 0.120, 0.987] yaw=-6.0 pitch=-6.9
2025-12-19 15:47:39,867 - INFO - BuildTower - OpenPoseThread: Gaze3D frame=1088 id=right label=Right person v=[-0.063, -0.869, 0.491] yaw=-7.3 pitch=60.3
2025-12-19 15:47:40,553 - INFO - BuildTower - OpenPoseThread: gaze frame_idx=1096 ts=2025-12-19T15:47:40.551886Z people=2
2025-12-19 15:47:40,553 - INFO - BuildTower - OpenPoseThread: Gaze3D frame=1096 id=left label=Left person v=[-0.282, 0.308, 0.909] yaw=-17.2 pitch=-17.9
2025-12-19 15:47:40,553 - INFO - BuildTower - OpenPoseThread: Gaze3D frame=1096 id=right label=Right person v=[0.016, -0.766, 0.643] yaw=1.5 pitch=50.0
2025-12-19 15:47:41,251 - INFO - BuildTower - OpenPoseThread: gaze frame_idx=1104 ts=2025-12-19T15:47:41.249819Z people=2
2025-12-19 15:47:41,251 - INFO - BuildTower - OpenPoseThread: Gaze3D frame=1104 id=left label=Left person v=[0.100, 0.710, 0.698] yaw=8.2 pitch=-45.2
2025-12-19 15:47:41,251 - INFO - BuildTower - OpenPoseThread: Gaze3D frame=1104 id=right label=Right person v=[-0.250, -0.596, 0.763] yaw=-18.2 pitch=36.6
2025-12-19 15:47:41,684 - INFO - BuildTower - OpenPoseThread: received reply: Right: Arm Extended
2025-12-19 15:47:41,684 - INFO - BuildTower - OpenPoseThread: sending cmd: PR: Arm Retracted Check
2025-12-19 15:47:41,684 - INFO - BuildTower - Received reply from OpenPose server: Right: Arm Extended
2025-12-19 15:47:41,942 - INFO - BuildTower - OpenPoseThread: gaze frame_idx=1112 ts=2025-12-19T15:47:41.940847Z people=2
2025-12-19 15:47:41,942 - INFO - BuildTower - OpenPoseThread: Gaze3D frame=1112 id=left label=Left person v=[0.071, 0.749, 0.659] yaw=6.1 pitch=-48.5
2025-12-19 15:47:41,942 - INFO - BuildTower - OpenPoseThread: Gaze3D frame=1112 id=right label=Right person v=[-0.380, -0.328, 0.865] yaw=-23.7 pitch=19.1
2025-12-19 15:47:41,943 - INFO - BuildTower - OpenPoseThread: received reply: Right: Arm Retracted
2025-12-19 15:47:41,943 - INFO - BuildTower - OpenPoseThread: sending cmd: Configuration finished
2025-12-19 15:47:42,060 - INFO - BuildTower - OpenPoseThread: received reply: Received
2025-12-19 15:48:12,136 - INFO - BuildTower - User pressed Enter. Continuing with configuration 2
