2025-11-14 10:28:10,043 - INFO - openpose - OpenPose server started and bound to tcp://*:5555
2025-11-14 10:28:10,043 - INFO - openpose - OpenPose server started and bound to tcp://*:5556
2025-11-14 10:28:10,057 - INFO - openpose - Starting OpenPose
2025-11-14 10:28:11,004 - INFO - openpose - OpenPose initialized - waiting for turn_order
2025-11-14 10:29:20,845 - INFO - openpose - Message received: ybypbpbpy

2025-11-14 10:29:21,679 - INFO - openpose - Gaze PUB: people=0, frame_idx=0
2025-11-14 10:29:21,875 - INFO - openpose - Gaze PUB: people=0, frame_idx=0
2025-11-14 10:29:22,065 - INFO - openpose - Gaze PUB: people=0, frame_idx=0
2025-11-14 10:29:22,065 - INFO - openpose - Robot's turn detected
2025-11-14 10:29:22,471 - INFO - openpose - Gaze PUB: people=0, frame_idx=4
2025-11-14 10:29:22,731 - INFO - openpose - Gaze PUB: people=0, frame_idx=4
2025-11-14 10:29:22,995 - INFO - openpose - Gaze PUB: people=0, frame_idx=4
2025-11-14 10:29:23,443 - INFO - openpose - Gaze PUB: people=0, frame_idx=8
2025-11-14 10:29:23,899 - INFO - openpose - Gaze PUB: people=0, frame_idx=12
2025-11-14 10:29:24,356 - INFO - openpose - Gaze PUB: people=0, frame_idx=16
2025-11-14 10:29:24,803 - INFO - openpose - Gaze PUB: people=0, frame_idx=20
2025-11-14 10:29:25,246 - INFO - openpose - Gaze PUB: people=0, frame_idx=24
2025-11-14 10:29:25,701 - INFO - openpose - Gaze PUB: people=0, frame_idx=28
2025-11-14 10:29:26,148 - INFO - openpose - Gaze PUB: people=0, frame_idx=32
2025-11-14 10:29:26,569 - INFO - openpose - Gaze PUB: people=0, frame_idx=36
2025-11-14 10:29:26,981 - INFO - openpose - Gaze PUB: people=0, frame_idx=40
2025-11-14 10:29:27,421 - INFO - openpose - Gaze PUB: people=0, frame_idx=44
2025-11-14 10:29:27,866 - INFO - openpose - Gaze PUB: people=0, frame_idx=48
2025-11-14 10:29:28,051 - INFO - openpose - Gaze PUB: people=0, frame_idx=48
2025-11-14 10:29:28,248 - INFO - openpose - Gaze PUB: people=0, frame_idx=48
2025-11-14 10:29:28,420 - INFO - openpose - Gaze PUB: people=0, frame_idx=48
2025-11-14 10:29:28,588 - INFO - openpose - Gaze PUB: people=0, frame_idx=48
2025-11-14 10:29:28,760 - INFO - openpose - Gaze PUB: people=0, frame_idx=48
2025-11-14 10:29:29,001 - INFO - openpose - Gaze PUB: people=0, frame_idx=48
2025-11-14 10:29:29,233 - INFO - openpose - Gaze PUB: people=0, frame_idx=48
2025-11-14 10:29:29,471 - INFO - openpose - Gaze PUB: people=0, frame_idx=48
2025-11-14 10:29:29,917 - INFO - openpose - Gaze PUB: people=0, frame_idx=52
2025-11-14 10:29:30,382 - INFO - openpose - Gaze PUB: people=0, frame_idx=56
2025-11-14 10:29:30,810 - INFO - openpose - Gaze PUB: people=0, frame_idx=60
2025-11-14 10:29:31,272 - INFO - openpose - Gaze PUB: people=0, frame_idx=64
2025-11-14 10:29:31,737 - INFO - openpose - Gaze PUB: people=0, frame_idx=68
2025-11-14 10:29:32,200 - INFO - openpose - Gaze PUB: people=0, frame_idx=72
2025-11-14 10:29:32,630 - INFO - openpose - Gaze PUB: people=0, frame_idx=76
2025-11-14 10:29:33,076 - INFO - openpose - Gaze PUB: people=0, frame_idx=80
2025-11-14 10:29:33,522 - INFO - openpose - Gaze PUB: people=0, frame_idx=84
2025-11-14 10:29:33,979 - INFO - openpose - Gaze PUB: people=0, frame_idx=88
2025-11-14 10:29:34,434 - INFO - openpose - Gaze PUB: people=0, frame_idx=92
2025-11-14 10:29:34,896 - INFO - openpose - Gaze PUB: people=0, frame_idx=96
2025-11-14 10:29:35,340 - INFO - openpose - Gaze PUB: people=0, frame_idx=100
2025-11-14 10:29:35,791 - INFO - openpose - Gaze PUB: people=0, frame_idx=104
2025-11-14 10:29:36,223 - INFO - openpose - Gaze PUB: people=0, frame_idx=108
2025-11-14 10:29:36,644 - INFO - openpose - Gaze PUB: people=0, frame_idx=112
2025-11-14 10:29:37,077 - INFO - openpose - Gaze PUB: people=0, frame_idx=116
2025-11-14 10:29:37,516 - INFO - openpose - Gaze PUB: people=0, frame_idx=120
2025-11-14 10:29:37,881 - INFO - openpose - Gaze PUB: people=0, frame_idx=124
2025-11-14 10:29:38,058 - INFO - openpose - Gaze PUB: people=0, frame_idx=124
2025-11-14 10:29:38,425 - INFO - openpose - Gaze PUB: people=0, frame_idx=128
2025-11-14 10:29:38,791 - INFO - openpose - Gaze PUB: people=0, frame_idx=132
2025-11-14 10:29:39,151 - INFO - openpose - Gaze PUB: people=0, frame_idx=136
2025-11-14 10:29:39,668 - INFO - openpose - Gaze PUB: people=0, frame_idx=140
2025-11-14 10:29:40,113 - INFO - openpose - Gaze PUB: people=0, frame_idx=144
2025-11-14 10:29:40,550 - INFO - openpose - Gaze PUB: people=0, frame_idx=148
2025-11-14 10:29:40,909 - INFO - openpose - Gaze PUB: people=0, frame_idx=152
2025-11-14 10:29:41,259 - INFO - openpose - Gaze PUB: people=0, frame_idx=156
2025-11-14 10:29:41,629 - INFO - openpose - Gaze PUB: people=0, frame_idx=160
2025-11-14 10:29:41,990 - INFO - openpose - Gaze PUB: people=0, frame_idx=164
2025-11-14 10:29:42,359 - INFO - openpose - Gaze PUB: people=0, frame_idx=168
2025-11-14 10:29:42,811 - INFO - openpose - Gaze PUB: people=0, frame_idx=172
2025-11-14 10:29:43,253 - INFO - openpose - Gaze PUB: people=0, frame_idx=176
2025-11-14 10:29:43,701 - INFO - openpose - Gaze PUB: people=0, frame_idx=180
2025-11-14 10:29:44,129 - INFO - openpose - Gaze PUB: people=0, frame_idx=184
2025-11-14 10:29:44,585 - INFO - openpose - Gaze PUB: people=0, frame_idx=188
2025-11-14 10:29:45,058 - INFO - openpose - Gaze PUB: people=0, frame_idx=192
2025-11-14 10:29:45,581 - INFO - openpose - Gaze PUB: people=0, frame_idx=196
2025-11-14 10:29:46,023 - INFO - openpose - Gaze PUB: people=0, frame_idx=200
2025-11-14 10:29:46,465 - INFO - openpose - Gaze PUB: people=0, frame_idx=204
2025-11-14 10:29:46,904 - INFO - openpose - Gaze PUB: people=0, frame_idx=208
2025-11-14 10:29:47,346 - INFO - openpose - Gaze PUB: people=0, frame_idx=212
2025-11-14 10:29:47,771 - INFO - openpose - Gaze PUB: people=0, frame_idx=216
2025-11-14 10:29:48,635 - INFO - openpose - Gaze PUB: people=0, frame_idx=220
2025-11-14 10:29:49,074 - INFO - openpose - Gaze PUB: people=0, frame_idx=224
2025-11-14 10:29:49,531 - INFO - openpose - Gaze PUB: people=0, frame_idx=228
2025-11-14 10:29:49,978 - INFO - openpose - Gaze PUB: people=0, frame_idx=232
2025-11-14 10:29:50,111 - INFO - openpose - Left person: Arm EXTENDED (depth-plane)
2025-11-14 10:29:50,111 - INFO - openpose - ZMQ Message received (non-blocking): PL: Arm Extended Check
2025-11-14 10:29:50,111 - INFO - openpose - ZMQ Sending: Left: Arm Extended
2025-11-14 10:29:50,434 - INFO - openpose - Gaze PUB: people=0, frame_idx=236
2025-11-14 10:29:50,876 - INFO - openpose - Gaze PUB: people=0, frame_idx=240
2025-11-14 10:29:51,064 - INFO - openpose - Left person: Arm RETRACTED (depth-plane)
2025-11-14 10:29:51,064 - INFO - openpose - ZMQ Message received (non-blocking): PL: Arm Retracted Check
2025-11-14 10:29:51,064 - INFO - openpose - ZMQ Sending: Left: Arm Retracted
2025-11-14 10:29:51,127 - INFO - openpose - Robot's turn detected
2025-11-14 10:29:51,395 - INFO - openpose - Gaze PUB: people=0, frame_idx=244
2025-11-14 10:29:51,868 - INFO - openpose - Gaze PUB: people=0, frame_idx=248
2025-11-14 10:29:52,059 - INFO - openpose - Right person: Arm EXTENDED (depth-plane)
2025-11-14 10:29:52,311 - INFO - openpose - Gaze PUB: people=0, frame_idx=252
2025-11-14 10:29:52,771 - INFO - openpose - Gaze PUB: people=0, frame_idx=256
2025-11-14 10:29:53,237 - INFO - openpose - Gaze PUB: people=0, frame_idx=260
2025-11-14 10:29:53,370 - INFO - openpose - Right person: Arm RETRACTED (depth-plane)
2025-11-14 10:29:53,696 - INFO - openpose - Gaze PUB: people=0, frame_idx=264
2025-11-14 10:29:54,162 - INFO - openpose - Gaze PUB: people=0, frame_idx=268
2025-11-14 10:29:54,427 - INFO - openpose - Gaze PUB: people=0, frame_idx=268
2025-11-14 10:29:54,874 - INFO - openpose - Gaze PUB: people=0, frame_idx=272
2025-11-14 10:29:55,298 - INFO - openpose - Gaze PUB: people=0, frame_idx=276
2025-11-14 10:29:55,741 - INFO - openpose - Gaze PUB: people=0, frame_idx=280
2025-11-14 10:29:56,261 - INFO - openpose - Gaze PUB: people=0, frame_idx=284
2025-11-14 10:29:56,707 - INFO - openpose - Gaze PUB: people=0, frame_idx=288
2025-11-14 10:29:57,161 - INFO - openpose - Gaze PUB: people=0, frame_idx=292
2025-11-14 10:29:57,586 - INFO - openpose - Gaze PUB: people=0, frame_idx=296
2025-11-14 10:29:58,018 - INFO - openpose - Gaze PUB: people=0, frame_idx=300
2025-11-14 10:29:58,484 - INFO - openpose - Gaze PUB: people=0, frame_idx=304
2025-11-14 10:29:58,917 - INFO - openpose - Gaze PUB: people=0, frame_idx=308
2025-11-14 10:29:59,447 - INFO - openpose - Gaze PUB: people=0, frame_idx=312
2025-11-14 10:29:59,881 - INFO - openpose - Gaze PUB: people=0, frame_idx=316
2025-11-14 10:30:00,346 - INFO - openpose - Gaze PUB: people=0, frame_idx=320
2025-11-14 10:30:00,815 - INFO - openpose - Gaze PUB: people=0, frame_idx=324
2025-11-14 10:30:01,244 - INFO - openpose - Gaze PUB: people=0, frame_idx=328
2025-11-14 10:30:01,688 - INFO - openpose - Gaze PUB: people=0, frame_idx=332
2025-11-14 10:30:02,113 - INFO - openpose - Gaze PUB: people=0, frame_idx=336
2025-11-14 10:30:02,552 - INFO - openpose - Gaze PUB: people=0, frame_idx=340
2025-11-14 10:30:02,988 - INFO - openpose - Gaze PUB: people=0, frame_idx=344
2025-11-14 10:30:03,423 - INFO - openpose - Gaze PUB: people=0, frame_idx=348
2025-11-14 10:30:03,848 - INFO - openpose - Gaze PUB: people=0, frame_idx=352
2025-11-14 10:30:04,317 - INFO - openpose - Gaze PUB: people=0, frame_idx=356
2025-11-14 10:30:04,767 - INFO - openpose - Gaze PUB: people=0, frame_idx=360
2025-11-14 10:30:05,228 - INFO - openpose - Gaze PUB: people=0, frame_idx=364
2025-11-14 10:30:05,674 - INFO - openpose - Gaze PUB: people=0, frame_idx=368
2025-11-14 10:30:06,129 - INFO - openpose - Gaze PUB: people=0, frame_idx=372
2025-11-14 10:30:06,598 - INFO - openpose - Gaze PUB: people=0, frame_idx=376
2025-11-14 10:30:07,043 - INFO - openpose - Gaze PUB: people=0, frame_idx=380
2025-11-14 10:30:07,490 - INFO - openpose - Gaze PUB: people=0, frame_idx=384
2025-11-14 10:30:07,913 - INFO - openpose - Gaze PUB: people=0, frame_idx=388
2025-11-14 10:30:07,915 - INFO - openpose - ZMQ Message received (non-blocking): PR: Arm Extended Check
2025-11-14 10:30:07,915 - INFO - openpose - ZMQ Sending: Right: Arm Extended
2025-11-14 10:30:07,969 - INFO - openpose - ZMQ Message received (non-blocking): PR: Arm Retracted Check
2025-11-14 10:30:07,970 - INFO - openpose - ZMQ Sending: Right: Arm Retracted
2025-11-14 10:30:08,332 - INFO - openpose - Gaze PUB: people=0, frame_idx=392
2025-11-14 10:30:08,748 - INFO - openpose - Gaze PUB: people=0, frame_idx=396
2025-11-14 10:30:09,173 - INFO - openpose - Gaze PUB: people=0, frame_idx=400
2025-11-14 10:30:09,623 - INFO - openpose - Gaze PUB: people=0, frame_idx=404
2025-11-14 10:30:10,065 - INFO - openpose - Gaze PUB: people=0, frame_idx=408
2025-11-14 10:30:10,454 - INFO - openpose - Gaze PUB: people=0, frame_idx=412
2025-11-14 10:30:10,841 - INFO - openpose - Gaze PUB: people=0, frame_idx=416
2025-11-14 10:30:11,431 - INFO - openpose - Gaze PUB: people=0, frame_idx=420
2025-11-14 10:30:12,142 - INFO - openpose - Gaze PUB: people=0, frame_idx=424
2025-11-14 10:30:12,665 - INFO - openpose - Gaze PUB: people=0, frame_idx=428
2025-11-14 10:30:12,916 - INFO - openpose - Gaze PUB: people=0, frame_idx=428
2025-11-14 10:30:13,368 - INFO - openpose - Gaze PUB: people=0, frame_idx=432
2025-11-14 10:30:13,629 - INFO - openpose - Gaze PUB: people=0, frame_idx=432
2025-11-14 10:30:13,750 - INFO - openpose - Left person: Arm EXTENDED (depth-plane)
2025-11-14 10:30:13,750 - INFO - openpose - ZMQ Message received (non-blocking): PL: Arm Extended Check
2025-11-14 10:30:13,750 - INFO - openpose - ZMQ Sending: Left: Arm Extended
2025-11-14 10:30:13,815 - INFO - openpose - Left person: Arm RETRACTED (depth-plane)
2025-11-14 10:30:13,816 - INFO - openpose - ZMQ Message received (non-blocking): PL: Arm Retracted Check
2025-11-14 10:30:13,816 - INFO - openpose - ZMQ Sending: Left: Arm Retracted
2025-11-14 10:30:14,079 - INFO - openpose - Gaze PUB: people=0, frame_idx=436
2025-11-14 10:30:14,542 - INFO - openpose - Gaze PUB: people=0, frame_idx=440
2025-11-14 10:30:14,989 - INFO - openpose - Gaze PUB: people=0, frame_idx=444
2025-11-14 10:30:15,446 - INFO - openpose - Gaze PUB: people=0, frame_idx=448
2025-11-14 10:30:15,879 - INFO - openpose - Gaze PUB: people=0, frame_idx=452
2025-11-14 10:30:16,313 - INFO - openpose - Gaze PUB: people=0, frame_idx=456
2025-11-14 10:30:16,736 - INFO - openpose - Gaze PUB: people=0, frame_idx=460
2025-11-14 10:30:17,175 - INFO - openpose - Gaze PUB: people=0, frame_idx=464
2025-11-14 10:30:17,632 - INFO - openpose - Gaze PUB: people=0, frame_idx=468
2025-11-14 10:30:18,088 - INFO - openpose - Gaze PUB: people=0, frame_idx=472
2025-11-14 10:30:18,540 - INFO - openpose - Gaze PUB: people=0, frame_idx=476
2025-11-14 10:30:18,990 - INFO - openpose - Gaze PUB: people=0, frame_idx=480
2025-11-14 10:30:19,441 - INFO - openpose - Gaze PUB: people=0, frame_idx=484
2025-11-14 10:30:19,900 - INFO - openpose - Gaze PUB: people=0, frame_idx=488
2025-11-14 10:30:20,338 - INFO - openpose - Gaze PUB: people=0, frame_idx=492
2025-11-14 10:30:20,339 - INFO - openpose - Right person: Arm EXTENDED (depth-plane)
2025-11-14 10:30:20,340 - INFO - openpose - ZMQ Message received (non-blocking): PR: Arm Extended Check
2025-11-14 10:30:20,340 - INFO - openpose - ZMQ Sending: Right: Arm Extended
2025-11-14 10:30:20,406 - INFO - openpose - Right person: Arm RETRACTED (depth-plane)
2025-11-14 10:30:20,407 - INFO - openpose - ZMQ Message received (non-blocking): PR: Arm Retracted Check
2025-11-14 10:30:20,407 - INFO - openpose - ZMQ Sending: Right: Arm Retracted
2025-11-14 10:30:20,760 - INFO - openpose - Gaze PUB: people=0, frame_idx=496
2025-11-14 10:30:21,194 - INFO - openpose - Gaze PUB: people=0, frame_idx=500
2025-11-14 10:30:21,628 - INFO - openpose - Gaze PUB: people=0, frame_idx=504
2025-11-14 10:30:22,037 - INFO - openpose - Gaze PUB: people=0, frame_idx=508
2025-11-14 10:30:22,475 - INFO - openpose - Gaze PUB: people=0, frame_idx=512
2025-11-14 10:30:22,938 - INFO - openpose - Gaze PUB: people=0, frame_idx=516
2025-11-14 10:30:23,388 - INFO - openpose - Gaze PUB: people=0, frame_idx=520
2025-11-14 10:30:23,836 - INFO - openpose - Gaze PUB: people=0, frame_idx=524
2025-11-14 10:30:24,270 - INFO - openpose - Gaze PUB: people=0, frame_idx=528
2025-11-14 10:30:24,729 - INFO - openpose - Gaze PUB: people=0, frame_idx=532
2025-11-14 10:30:25,302 - INFO - openpose - Gaze PUB: people=0, frame_idx=536
2025-11-14 10:30:25,766 - INFO - openpose - Gaze PUB: people=0, frame_idx=540
2025-11-14 10:30:25,962 - INFO - openpose - Left person: Arm EXTENDED (depth-plane)
2025-11-14 10:30:25,962 - INFO - openpose - ZMQ Message received (non-blocking): PL: Arm Extended Check
2025-11-14 10:30:25,962 - INFO - openpose - ZMQ Sending: Left: Arm Extended
2025-11-14 10:30:26,029 - INFO - openpose - Left person: Arm RETRACTED (depth-plane)
2025-11-14 10:30:26,029 - INFO - openpose - ZMQ Message received (non-blocking): PL: Arm Retracted Check
2025-11-14 10:30:26,029 - INFO - openpose - ZMQ Sending: Left: Arm Retracted
2025-11-14 10:30:26,312 - INFO - openpose - Gaze PUB: people=0, frame_idx=544
2025-11-14 10:30:26,756 - INFO - openpose - Gaze PUB: people=0, frame_idx=548
2025-11-14 10:30:27,200 - INFO - openpose - Gaze PUB: people=0, frame_idx=552
2025-11-14 10:30:27,648 - INFO - openpose - Gaze PUB: people=0, frame_idx=556
2025-11-14 10:30:28,096 - INFO - openpose - Gaze PUB: people=0, frame_idx=560
2025-11-14 10:30:28,530 - INFO - openpose - Gaze PUB: people=0, frame_idx=564
2025-11-14 10:30:28,982 - INFO - openpose - Gaze PUB: people=0, frame_idx=568
2025-11-14 10:30:29,246 - INFO - openpose - Gaze PUB: people=0, frame_idx=568
2025-11-14 10:30:29,761 - INFO - openpose - Gaze PUB: people=0, frame_idx=572
2025-11-14 10:30:29,887 - INFO - openpose - Right person: Arm EXTENDED (depth-plane)
2025-11-14 10:30:29,887 - INFO - openpose - ZMQ Message received (non-blocking): PR: Arm Extended Check
2025-11-14 10:30:29,887 - INFO - openpose - ZMQ Sending: Right: Arm Extended
2025-11-14 10:30:30,010 - INFO - openpose - Right person: Arm RETRACTED (depth-plane)
2025-11-14 10:30:30,010 - INFO - openpose - ZMQ Message received (non-blocking): PR: Arm Retracted Check
2025-11-14 10:30:30,010 - INFO - openpose - ZMQ Sending: Right: Arm Retracted
2025-11-14 10:30:30,264 - INFO - openpose - Gaze PUB: people=0, frame_idx=576
2025-11-14 10:30:30,527 - INFO - openpose - Gaze PUB: people=0, frame_idx=576
2025-11-14 10:30:30,527 - INFO - openpose - Robot's turn detected
2025-11-14 10:30:31,085 - INFO - openpose - Gaze PUB: people=0, frame_idx=580
2025-11-14 10:30:31,533 - INFO - openpose - Gaze PUB: people=0, frame_idx=584
2025-11-14 10:30:31,961 - INFO - openpose - Gaze PUB: people=0, frame_idx=588
2025-11-14 10:30:32,391 - INFO - openpose - Gaze PUB: people=0, frame_idx=592
2025-11-14 10:30:32,844 - INFO - openpose - Gaze PUB: people=0, frame_idx=596
2025-11-14 10:30:33,296 - INFO - openpose - Gaze PUB: people=0, frame_idx=600
2025-11-14 10:30:33,733 - INFO - openpose - Gaze PUB: people=0, frame_idx=604
2025-11-14 10:30:34,244 - INFO - openpose - Gaze PUB: people=0, frame_idx=608
2025-11-14 10:30:34,677 - INFO - openpose - Gaze PUB: people=0, frame_idx=612
2025-11-14 10:30:35,120 - INFO - openpose - Gaze PUB: people=0, frame_idx=616
2025-11-14 10:30:35,561 - INFO - openpose - Gaze PUB: people=0, frame_idx=620
2025-11-14 10:30:35,961 - INFO - openpose - Gaze PUB: people=0, frame_idx=624
2025-11-14 10:30:36,405 - INFO - openpose - Gaze PUB: people=0, frame_idx=628
2025-11-14 10:30:36,881 - INFO - openpose - Gaze PUB: people=0, frame_idx=632
2025-11-14 10:30:37,333 - INFO - openpose - Gaze PUB: people=0, frame_idx=636
2025-11-14 10:30:37,955 - INFO - openpose - Gaze PUB: people=0, frame_idx=640
2025-11-14 10:30:38,451 - INFO - openpose - Gaze PUB: people=0, frame_idx=644
2025-11-14 10:30:38,899 - INFO - openpose - Gaze PUB: people=0, frame_idx=648
2025-11-14 10:30:39,397 - INFO - openpose - Gaze PUB: people=0, frame_idx=652
2025-11-14 10:30:39,845 - INFO - openpose - Gaze PUB: people=0, frame_idx=656
2025-11-14 10:30:40,279 - INFO - openpose - Gaze PUB: people=0, frame_idx=660
