2025-12-02 16:54:16,096 - INFO - BuildTower - Connected to OpenPose server
2025-12-02 16:54:16,096 - INFO - BuildTower - Connected to Gaze server
2025-12-02 16:54:16,243 - INFO - BuildTower - Robot parameters: robot_name=my_gen3, dof=7, gripper_present=True
2025-12-02 16:54:16,247 - INFO - BuildTower - Service initialized: /my_gen3/base/clear_faults
2025-12-02 16:54:16,250 - INFO - BuildTower - Service initialized: /my_gen3/base/read_action
2025-12-02 16:54:16,252 - INFO - BuildTower - Service initialized: /my_gen3/base/execute_action
2025-12-02 16:54:16,255 - INFO - BuildTower - Service initialized: /my_gen3/control_config/set_cartesian_reference_frame
2025-12-02 16:54:16,257 - INFO - BuildTower - Service initialized: /my_gen3/base/activate_publishing_of_action_topic
2025-12-02 16:54:16,259 - INFO - BuildTower - Service initialized: /my_gen3/base/send_gripper_command
2025-12-02 16:54:16,259 - INFO - BuildTower - BuildTower class initialized successfully.
2025-12-02 16:54:16,260 - INFO - BuildTower - ROS parameter /kortex_examples_test_results/cartesian_poses_with_notifications_python did not exist or could not be deleted.
2025-12-02 16:54:16,260 - INFO - BuildTower - Starting main robot control loop.
2025-12-02 16:54:16,284 - INFO - BuildTower - Robot faults cleared successfully.
2025-12-02 16:54:18,816 - INFO - BuildTower - Cartesian reference frame set successfully.
2025-12-02 16:54:18,818 - INFO - BuildTower - Activating action notifications.
2025-12-02 16:54:18,825 - INFO - BuildTower - Action Notifications successfully activated.
2025-12-02 16:54:19,837 - INFO - BuildTower - Sending robot to home position.
2025-12-02 16:54:32,095 - INFO - BuildTower - User pressed Enter. Continuing with configuration 1
2025-12-02 16:54:32,095 - INFO - BuildTower - Parsing information from file: config2
2025-12-02 16:54:32,095 - INFO - BuildTower - Parsed turn_order: ybypbpbpy

2025-12-02 16:54:32,096 - INFO - BuildTower - Parsed object_order: 143

2025-12-02 16:54:32,096 - INFO - BuildTower - Sent turn_order and waiting for response from OpenPose server.
2025-12-02 16:54:32,096 - INFO - BuildTower - Sending turn order to OpenPose server: ybypbpbpy

2025-12-02 16:54:32,096 - DEBUG - BuildTower - Gaze rx: (none available)
2025-12-02 16:54:32,097 - DEBUG - BuildTower - Gaze rx: (none available)
2025-12-02 16:54:32,097 - DEBUG - BuildTower - Gaze rx: (none available)
2025-12-02 16:54:32,098 - INFO - BuildTower - Received reply from OpenPose server: Order Received
2025-12-02 16:54:32,098 - INFO - BuildTower - Starting mutual gaze calibration for 10.0 seconds
2025-12-02 16:54:42,114 - WARNING - BuildTower - Calibration collected only 28 samples (< 30). Bias may be noisy.
2025-12-02 16:54:42,114 - INFO - BuildTower - Calibration done: yaw_bias=-32.398 deg, pitch_bias=-11.515 deg
2025-12-02 16:54:42,114 - INFO - BuildTower - Executing turn 0 out of 9.
2025-12-02 16:54:42,140 - INFO - BuildTower - Sending robot to home position.
2025-12-02 16:54:42,759 - INFO - BuildTower - Moving block from start 0.28 to target 0.307. Turn: 0, Block Shape: 1
2025-12-02 16:54:42,762 - INFO - BuildTower - Sending gripper command: value=0
2025-12-02 16:54:43,284 - INFO - BuildTower - Gripper command 0 sent successfully.
2025-12-02 16:54:43,287 - INFO - BuildTower - Attempting to go to position: x=0.47, y=0.18, z=0.325, theta_x=100.0, theta_y=0.0, theta_z=90.0
2025-12-02 16:54:43,287 - DEBUG - BuildTower - Set speed for pose: translation=1, orientation=100
2025-12-02 16:54:43,311 - INFO - BuildTower - Pose action initiated, waiting for completion.
2025-12-02 16:54:45,924 - INFO - BuildTower - Robot action ended.
2025-12-02 16:54:45,924 - INFO - BuildTower - Attempting to go to position: x=0.47, y=0.18, z=0.28, theta_x=100.0, theta_y=0.0, theta_z=90.0
2025-12-02 16:54:45,924 - DEBUG - BuildTower - Set speed for pose: translation=1, orientation=100
2025-12-02 16:54:45,936 - INFO - BuildTower - Pose action initiated, waiting for completion.
2025-12-02 16:54:46,650 - INFO - BuildTower - Robot action ended.
2025-12-02 16:54:46,652 - INFO - BuildTower - Sending gripper command: value=0.075
2025-12-02 16:54:47,160 - INFO - BuildTower - Gripper command 0.075 sent successfully.
2025-12-02 16:54:47,162 - INFO - BuildTower - Attempting to go to position: x=0.47, y=0.18, z=0.325, theta_x=100.0, theta_y=0.0, theta_z=90.0
2025-12-02 16:54:47,162 - DEBUG - BuildTower - Set speed for pose: translation=1, orientation=100
2025-12-02 16:54:47,186 - INFO - BuildTower - Pose action initiated, waiting for completion.
2025-12-02 16:54:47,914 - INFO - BuildTower - Robot action ended.
2025-12-02 16:54:47,914 - INFO - BuildTower - Attempting to go to position: x=0.735, y=0.0, z=0.352, theta_x=100.0, theta_y=0.0, theta_z=90.0
2025-12-02 16:54:47,914 - DEBUG - BuildTower - Set speed for pose: translation=1, orientation=100
2025-12-02 16:54:47,937 - INFO - BuildTower - Pose action initiated, waiting for completion.
2025-12-02 16:54:51,416 - INFO - BuildTower - Robot action ended.
2025-12-02 16:54:51,416 - INFO - BuildTower - Attempting to go to position: x=0.735, y=0.0, z=0.307, theta_x=100.0, theta_y=0.0, theta_z=90.0
2025-12-02 16:54:51,417 - DEBUG - BuildTower - Set speed for pose: translation=1, orientation=100
2025-12-02 16:54:51,436 - INFO - BuildTower - Pose action initiated, waiting for completion.
2025-12-02 16:54:52,164 - INFO - BuildTower - Robot action ended.
2025-12-02 16:54:52,165 - INFO - BuildTower - Sending gripper command: value=0
2025-12-02 16:54:52,689 - INFO - BuildTower - Gripper command 0 sent successfully.
2025-12-02 16:54:52,691 - INFO - BuildTower - Attempting to go to position: x=0.735, y=0.0, z=0.352, theta_x=100.0, theta_y=0.0, theta_z=90.0
2025-12-02 16:54:52,691 - DEBUG - BuildTower - Set speed for pose: translation=1, orientation=100
2025-12-02 16:54:52,712 - INFO - BuildTower - Pose action initiated, waiting for completion.
2025-12-02 16:54:53,440 - INFO - BuildTower - Robot action ended.
2025-12-02 16:54:53,440 - INFO - BuildTower - Robot completed its turn. Robot turn count: 1
2025-12-02 16:54:53,440 - INFO - BuildTower - Executing turn 1 out of 9.
2025-12-02 16:54:53,441 - INFO - BuildTower - Gaze rx: frame_idx=168 ts=2025-12-02T16:54:53.418589Z people=2
2025-12-02 16:54:53,441 - INFO - BuildTower - Gaze3D rx frame=168 id=left label=Left person v=[-0.524, 0.448, 0.724] yaw=-35.9 pitch=-26.6
2025-12-02 16:54:53,441 - INFO - BuildTower - Gaze3D rx frame=168 id=right label=Right person v=[-0.429, -0.254, 0.867] yaw=-26.3 pitch=14.7
2025-12-02 16:54:53,441 - INFO - BuildTower - Sending to OpenPose with gaze tracking: PL: Arm Extended Check
2025-12-02 16:54:56,866 - INFO - BuildTower - Gaze rx: frame_idx=200 ts=2025-12-02T16:54:56.865676Z people=2
2025-12-02 16:54:56,866 - INFO - BuildTower - Gaze3D rx frame=200 id=None label=None v=[-0.634, -0.017, 0.773] yaw=-39.4 pitch=1.0
2025-12-02 16:54:56,866 - INFO - BuildTower - Gaze3D rx frame=200 id=None label=None v=[-0.476, -0.274, 0.836] yaw=-29.7 pitch=15.9
2025-12-02 16:54:59,904 - INFO - BuildTower - Gaze rx: frame_idx=216 ts=2025-12-02T16:54:59.903299Z people=2
2025-12-02 16:54:59,904 - INFO - BuildTower - Gaze3D rx frame=216 id=None label=None v=[-0.434, -0.202, 0.878] yaw=-26.3 pitch=11.6
2025-12-02 16:54:59,904 - INFO - BuildTower - Gaze3D rx frame=216 id=None label=None v=[-0.435, 0.123, 0.892] yaw=-26.0 pitch=-7.1
2025-12-02 16:55:03,149 - INFO - BuildTower - Received reply from OpenPose (with gaze tracking): Left: Arm Extended
2025-12-02 16:55:03,167 - INFO - BuildTower - Sending robot to home position.
2025-12-02 16:55:03,786 - INFO - BuildTower - Sending to OpenPose with gaze tracking: PL: Arm Retracted Check
2025-12-02 16:55:03,786 - INFO - BuildTower - Gaze rx: frame_idx=232 ts=2025-12-02T16:55:03.656281Z people=2
2025-12-02 16:55:03,787 - INFO - BuildTower - Gaze3D rx frame=232 id=left label=Left person v=[-0.013, 0.214, 0.977] yaw=-0.8 pitch=-12.4
2025-12-02 16:55:03,787 - INFO - BuildTower - Gaze3D rx frame=232 id=right label=Right person v=[-0.362, -0.240, 0.901] yaw=-21.9 pitch=13.9
2025-12-02 16:55:03,853 - INFO - BuildTower - Received reply from OpenPose (with gaze tracking): Left: Arm Retracted
2025-12-02 16:55:03,868 - INFO - BuildTower - Sending robot to home position.
2025-12-02 16:55:04,486 - INFO - BuildTower - Executing turn 2 out of 9.
2025-12-02 16:55:04,516 - INFO - BuildTower - Sending robot to home position.
2025-12-02 16:55:05,136 - INFO - BuildTower - Moving block from start 0.3 to target 0.387. Turn: 2, Block Shape: 4
2025-12-02 16:55:05,139 - INFO - BuildTower - Sending gripper command: value=0
2025-12-02 16:55:05,665 - INFO - BuildTower - Gripper command 0 sent successfully.
2025-12-02 16:55:05,668 - INFO - BuildTower - Attempting to go to position: x=0.3, y=0.3, z=0.345, theta_x=100.0, theta_y=0.0, theta_z=90.0
2025-12-02 16:55:05,668 - DEBUG - BuildTower - Set speed for pose: translation=1, orientation=100
2025-12-02 16:55:05,688 - INFO - BuildTower - Pose action initiated, waiting for completion.
2025-12-02 16:55:10,123 - INFO - BuildTower - Robot action ended.
2025-12-02 16:55:10,123 - INFO - BuildTower - Attempting to go to position: x=0.3, y=0.3, z=0.3, theta_x=100.0, theta_y=0.0, theta_z=90.0
2025-12-02 16:55:10,123 - DEBUG - BuildTower - Set speed for pose: translation=1, orientation=100
2025-12-02 16:55:10,140 - INFO - BuildTower - Pose action initiated, waiting for completion.
2025-12-02 16:55:10,878 - INFO - BuildTower - Robot action ended.
2025-12-02 16:55:10,879 - INFO - BuildTower - Sending gripper command: value=0.7
2025-12-02 16:55:11,386 - INFO - BuildTower - Gripper command 0.7 sent successfully.
2025-12-02 16:55:11,388 - INFO - BuildTower - Attempting to go to position: x=0.3, y=0.3, z=0.435, theta_x=100.0, theta_y=0.0, theta_z=90.0
2025-12-02 16:55:11,388 - DEBUG - BuildTower - Set speed for pose: translation=1, orientation=100
2025-12-02 16:55:11,414 - INFO - BuildTower - Pose action initiated, waiting for completion.
2025-12-02 16:55:13,048 - INFO - BuildTower - Robot action ended.
2025-12-02 16:55:13,048 - INFO - BuildTower - Attempting to go to position: x=0.735, y=0.0, z=0.432, theta_x=100.0, theta_y=0.0, theta_z=90.0
2025-12-02 16:55:13,048 - DEBUG - BuildTower - Set speed for pose: translation=1, orientation=100
2025-12-02 16:55:13,063 - INFO - BuildTower - Pose action initiated, waiting for completion.
2025-12-02 16:55:18,619 - INFO - BuildTower - Robot action ended.
2025-12-02 16:55:18,619 - INFO - BuildTower - Attempting to go to position: x=0.735, y=0.0, z=0.387, theta_x=100.0, theta_y=0.0, theta_z=90.0
2025-12-02 16:55:18,619 - DEBUG - BuildTower - Set speed for pose: translation=1, orientation=100
2025-12-02 16:55:18,640 - INFO - BuildTower - Pose action initiated, waiting for completion.
2025-12-02 16:55:19,374 - INFO - BuildTower - Robot action ended.
2025-12-02 16:55:19,377 - INFO - BuildTower - Sending gripper command: value=0
2025-12-02 16:55:19,887 - INFO - BuildTower - Gripper command 0 sent successfully.
2025-12-02 16:55:19,889 - INFO - BuildTower - Attempting to go to position: x=0.735, y=0.0, z=0.432, theta_x=100.0, theta_y=0.0, theta_z=90.0
2025-12-02 16:55:19,889 - DEBUG - BuildTower - Set speed for pose: translation=1, orientation=100
2025-12-02 16:55:19,914 - INFO - BuildTower - Pose action initiated, waiting for completion.
2025-12-02 16:55:20,642 - INFO - BuildTower - Robot action ended.
2025-12-02 16:55:20,642 - INFO - BuildTower - Robot completed its turn. Robot turn count: 2
2025-12-02 16:55:20,643 - INFO - BuildTower - Executing turn 3 out of 9.
2025-12-02 16:55:20,643 - INFO - BuildTower - Gaze rx: frame_idx=392 ts=2025-12-02T16:55:20.149063Z people=2
2025-12-02 16:55:20,643 - INFO - BuildTower - Gaze3D rx frame=392 id=left label=Left person v=[-0.535, 0.669, 0.516] yaw=-46.0 pitch=-42.0
2025-12-02 16:55:20,643 - INFO - BuildTower - Gaze3D rx frame=392 id=right label=Right person v=[-0.447, 0.015, 0.894] yaw=-26.6 pitch=-0.9
2025-12-02 16:55:20,643 - INFO - BuildTower - Mutual gaze with RIGHT person -> looking at person 1.
2025-12-02 16:55:20,643 - INFO - BuildTower - Robot moving to look at person in the right.
2025-12-02 16:55:20,644 - INFO - BuildTower - Attempting to go to position: x=0.5, y=0.08, z=0.5, theta_x=80, theta_y=0, theta_z=105
2025-12-02 16:55:20,644 - DEBUG - BuildTower - Set speed for pose: translation=1, orientation=100
2025-12-02 16:55:20,664 - INFO - BuildTower - Pose action initiated, waiting for completion.
2025-12-02 16:55:25,303 - INFO - BuildTower - Robot action ended.
2025-12-02 16:55:25,303 - INFO - BuildTower - Sending to OpenPose with gaze tracking: PR: Arm Extended Check
2025-12-02 16:55:27,416 - INFO - BuildTower - Received reply from OpenPose (with gaze tracking): Right: Arm Extended
2025-12-02 16:55:27,443 - INFO - BuildTower - Sending robot to home position.
2025-12-02 16:55:28,063 - INFO - BuildTower - Sending to OpenPose with gaze tracking: PR: Arm Retracted Check
2025-12-02 16:55:28,465 - INFO - BuildTower - Gaze rx: frame_idx=456 ts=2025-12-02T16:55:28.464495Z people=2
2025-12-02 16:55:28,465 - INFO - BuildTower - Gaze3D rx frame=456 id=left label=Left person v=[-0.623, 0.395, 0.675] yaw=-42.7 pitch=-23.2
2025-12-02 16:55:28,465 - INFO - BuildTower - Gaze3D rx frame=456 id=right label=Right person v=[-0.516, 0.128, 0.847] yaw=-31.4 pitch=-7.3
2025-12-02 16:55:28,466 - INFO - BuildTower - Received reply from OpenPose (with gaze tracking): Right: Arm Retracted
2025-12-02 16:55:28,518 - INFO - BuildTower - Sending robot to home position.
2025-12-02 16:55:29,138 - INFO - BuildTower - Executing turn 4 out of 9.
2025-12-02 16:55:29,139 - DEBUG - BuildTower - Gaze rx: (none available)
2025-12-02 16:55:29,139 - INFO - BuildTower - Sending to OpenPose with gaze tracking: PL: Arm Extended Check
2025-12-02 16:55:29,162 - INFO - BuildTower - Received reply from OpenPose (with gaze tracking): Left: Arm Extended
2025-12-02 16:55:29,193 - INFO - BuildTower - Sending robot to home position.
2025-12-02 16:55:29,814 - INFO - BuildTower - Sending to OpenPose with gaze tracking: PL: Arm Retracted Check
2025-12-02 16:55:29,860 - INFO - BuildTower - Received reply from OpenPose (with gaze tracking): Left: Arm Retracted
2025-12-02 16:55:29,894 - INFO - BuildTower - Sending robot to home position.
2025-12-02 16:55:30,514 - INFO - BuildTower - Executing turn 5 out of 9.
2025-12-02 16:55:30,515 - DEBUG - BuildTower - Gaze rx: (none available)
2025-12-02 16:55:30,515 - INFO - BuildTower - Sending to OpenPose with gaze tracking: PR: Arm Extended Check
2025-12-02 16:55:34,133 - INFO - BuildTower - Gaze rx: frame_idx=488 ts=2025-12-02T16:55:34.132231Z people=2
2025-12-02 16:55:34,133 - INFO - BuildTower - Gaze3D rx frame=488 id=left label=Left person v=[-0.455, 0.357, 0.816] yaw=-29.1 pitch=-20.9
2025-12-02 16:55:34,133 - INFO - BuildTower - Gaze3D rx frame=488 id=right label=Right person v=[-0.385, 0.269, 0.883] yaw=-23.6 pitch=-15.6
2025-12-02 16:55:34,133 - INFO - BuildTower - Switching mutual gaze target -> LEFT person.
2025-12-02 16:55:34,134 - INFO - BuildTower - Robot moving to look at person in the left.
2025-12-02 16:55:34,134 - INFO - BuildTower - Attempting to go to position: x=0.5, y=-0.08, z=0.5, theta_x=80, theta_y=0, theta_z=75
2025-12-02 16:55:34,134 - DEBUG - BuildTower - Set speed for pose: translation=1, orientation=100
2025-12-02 16:55:34,165 - INFO - BuildTower - Pose action initiated, waiting for completion.
2025-12-02 16:55:37,574 - INFO - BuildTower - Robot action ended.
2025-12-02 16:55:37,575 - INFO - BuildTower - Gaze rx: frame_idx=496 ts=2025-12-02T16:55:36.124941Z people=2
2025-12-02 16:55:37,575 - INFO - BuildTower - Gaze3D rx frame=496 id=left label=Left person v=[-0.412, 0.429, 0.804] yaw=-27.1 pitch=-25.4
2025-12-02 16:55:37,575 - INFO - BuildTower - Gaze3D rx frame=496 id=right label=Right person v=[-0.471, 0.051, 0.881] yaw=-28.1 pitch=-2.9
2025-12-02 16:55:37,575 - INFO - BuildTower - Switching mutual gaze target -> RIGHT person.
2025-12-02 16:55:37,576 - INFO - BuildTower - Robot moving to look at person in the right.
2025-12-02 16:55:37,576 - INFO - BuildTower - Attempting to go to position: x=0.5, y=0.08, z=0.5, theta_x=80, theta_y=0, theta_z=105
2025-12-02 16:55:37,576 - DEBUG - BuildTower - Set speed for pose: translation=1, orientation=100
2025-12-02 16:55:37,591 - INFO - BuildTower - Pose action initiated, waiting for completion.
2025-12-02 16:55:43,097 - INFO - BuildTower - Robot action ended.
2025-12-02 16:55:43,097 - INFO - BuildTower - Gaze rx: frame_idx=520 ts=2025-12-02T16:55:42.122851Z people=2
2025-12-02 16:55:43,097 - INFO - BuildTower - Gaze3D rx frame=520 id=left label=Left person v=[-0.485, 0.424, 0.765] yaw=-32.3 pitch=-25.1
2025-12-02 16:55:43,097 - INFO - BuildTower - Gaze3D rx frame=520 id=right label=Right person v=[-0.502, -0.007, 0.865] yaw=-30.1 pitch=0.4
2025-12-02 16:55:43,098 - INFO - BuildTower - Switching mutual gaze target -> LEFT person.
2025-12-02 16:55:43,098 - INFO - BuildTower - Robot moving to look at person in the left.
2025-12-02 16:55:43,098 - INFO - BuildTower - Attempting to go to position: x=0.5, y=-0.08, z=0.5, theta_x=80, theta_y=0, theta_z=75
2025-12-02 16:55:43,098 - DEBUG - BuildTower - Set speed for pose: translation=1, orientation=100
2025-12-02 16:55:43,116 - INFO - BuildTower - Pose action initiated, waiting for completion.
2025-12-02 16:55:48,621 - INFO - BuildTower - Robot action ended.
2025-12-02 16:55:48,622 - INFO - BuildTower - Received reply from OpenPose (with gaze tracking): Right: Arm Extended
2025-12-02 16:55:48,645 - INFO - BuildTower - Sending robot to home position.
2025-12-02 16:55:49,265 - INFO - BuildTower - Sending to OpenPose with gaze tracking: PR: Arm Retracted Check
2025-12-02 16:55:49,265 - INFO - BuildTower - Gaze rx: frame_idx=560 ts=2025-12-02T16:55:48.094252Z people=2
2025-12-02 16:55:49,265 - INFO - BuildTower - Gaze3D rx frame=560 id=left label=Left person v=[-0.309, -0.502, 0.808] yaw=-20.9 pitch=30.2
2025-12-02 16:55:49,265 - INFO - BuildTower - Gaze3D rx frame=560 id=right label=Right person v=[-0.477, 0.089, 0.875] yaw=-28.6 pitch=-5.1
2025-12-02 16:55:49,265 - INFO - BuildTower - Switching mutual gaze target -> RIGHT person.
2025-12-02 16:55:49,265 - INFO - BuildTower - Robot moving to look at person in the right.
2025-12-02 16:55:49,265 - INFO - BuildTower - Attempting to go to position: x=0.5, y=0.08, z=0.5, theta_x=80, theta_y=0, theta_z=105
2025-12-02 16:55:49,266 - DEBUG - BuildTower - Set speed for pose: translation=1, orientation=100
2025-12-02 16:55:49,291 - INFO - BuildTower - Pose action initiated, waiting for completion.
2025-12-02 16:55:53,153 - INFO - BuildTower - Robot action ended.
2025-12-02 16:55:53,153 - INFO - BuildTower - Received reply from OpenPose (with gaze tracking): Right: Arm Retracted
2025-12-02 16:55:53,171 - INFO - BuildTower - Sending robot to home position.
2025-12-02 16:55:53,791 - INFO - BuildTower - Executing turn 6 out of 9.
2025-12-02 16:55:53,792 - INFO - BuildTower - Gaze rx: frame_idx=608 ts=2025-12-02T16:55:53.311838Z people=2
2025-12-02 16:55:53,792 - INFO - BuildTower - Gaze3D rx frame=608 id=left label=Left person v=[-0.380, 0.542, 0.749] yaw=-26.9 pitch=-32.8
2025-12-02 16:55:53,792 - INFO - BuildTower - Gaze3D rx frame=608 id=right label=Right person v=[-0.413, -0.008, 0.911] yaw=-24.4 pitch=0.4
2025-12-02 16:55:53,792 - INFO - BuildTower - Sending to OpenPose with gaze tracking: PL: Arm Extended Check
2025-12-02 16:55:54,021 - INFO - BuildTower - Received reply from OpenPose (with gaze tracking): Left: Arm Extended
2025-12-02 16:55:54,069 - INFO - BuildTower - Sending robot to home position.
2025-12-02 16:55:54,691 - INFO - BuildTower - Sending to OpenPose with gaze tracking: PL: Arm Retracted Check
2025-12-02 16:55:55,053 - INFO - BuildTower - Received reply from OpenPose (with gaze tracking): Left: Arm Retracted
2025-12-02 16:55:55,070 - INFO - BuildTower - Sending robot to home position.
2025-12-02 16:55:55,691 - INFO - BuildTower - Executing turn 7 out of 9.
2025-12-02 16:55:55,691 - DEBUG - BuildTower - Gaze rx: (none available)
2025-12-02 16:55:55,691 - INFO - BuildTower - Sending to OpenPose with gaze tracking: PR: Arm Extended Check
2025-12-02 16:55:59,222 - INFO - BuildTower - Gaze rx: frame_idx=664 ts=2025-12-02T16:55:59.221749Z people=2
2025-12-02 16:55:59,222 - INFO - BuildTower - Gaze3D rx frame=664 id=None label=None v=[-0.332, 0.644, 0.689] yaw=-25.7 pitch=-40.1
2025-12-02 16:55:59,223 - INFO - BuildTower - Gaze3D rx frame=664 id=None label=None v=[-0.470, -0.011, 0.883] yaw=-28.0 pitch=0.7
2025-12-02 16:55:59,223 - INFO - BuildTower - No mutual gaze detected -> looking at tower.
2025-12-02 16:55:59,223 - INFO - BuildTower - Robot moving to look at tower.
2025-12-02 16:55:59,223 - INFO - BuildTower - Attempting to go to position: x=0.5, y=0, z=0.3, theta_x=110, theta_y=0, theta_z=90
2025-12-02 16:55:59,223 - DEBUG - BuildTower - Set speed for pose: translation=1, orientation=100
2025-12-02 16:55:59,272 - INFO - BuildTower - Pose action initiated, waiting for completion.
2025-12-02 16:56:03,023 - INFO - BuildTower - Robot action ended.
2025-12-02 16:56:03,024 - INFO - BuildTower - Gaze rx: frame_idx=696 ts=2025-12-02T16:56:02.633950Z people=2
2025-12-02 16:56:03,024 - INFO - BuildTower - Gaze3D rx frame=696 id=left label=Left person v=[-0.497, 0.542, 0.677] yaw=-36.3 pitch=-32.9
2025-12-02 16:56:03,024 - INFO - BuildTower - Gaze3D rx frame=696 id=right label=Right person v=[-0.566, -0.028, 0.824] yaw=-34.5 pitch=1.6
2025-12-02 16:56:03,024 - INFO - BuildTower - Mutual gaze with RIGHT person -> looking at person 1.
2025-12-02 16:56:03,025 - INFO - BuildTower - Robot moving to look at person in the right.
2025-12-02 16:56:03,025 - INFO - BuildTower - Attempting to go to position: x=0.5, y=0.08, z=0.5, theta_x=80, theta_y=0, theta_z=105
2025-12-02 16:56:03,025 - DEBUG - BuildTower - Set speed for pose: translation=1, orientation=100
2025-12-02 16:56:03,042 - INFO - BuildTower - Pose action initiated, waiting for completion.
2025-12-02 16:56:09,151 - INFO - BuildTower - Robot action ended.
2025-12-02 16:56:09,152 - INFO - BuildTower - Gaze rx: frame_idx=752 ts=2025-12-02T16:56:08.965834Z people=2
2025-12-02 16:56:09,152 - INFO - BuildTower - Gaze3D rx frame=752 id=left label=Left person v=[-0.454, -0.509, 0.731] yaw=-31.8 pitch=30.6
2025-12-02 16:56:09,152 - INFO - BuildTower - Gaze3D rx frame=752 id=right label=Right person v=[-0.209, -0.548, 0.810] yaw=-14.5 pitch=33.2
2025-12-02 16:56:09,152 - INFO - BuildTower - No mutual gaze detected -> looking at tower.
2025-12-02 16:56:09,153 - INFO - BuildTower - Robot moving to look at tower.
2025-12-02 16:56:09,153 - INFO - BuildTower - Attempting to go to position: x=0.5, y=0, z=0.3, theta_x=110, theta_y=0, theta_z=90
2025-12-02 16:56:09,153 - DEBUG - BuildTower - Set speed for pose: translation=1, orientation=100
2025-12-02 16:56:09,168 - INFO - BuildTower - Pose action initiated, waiting for completion.
2025-12-02 16:56:15,279 - INFO - BuildTower - Robot action ended.
2025-12-02 16:56:15,280 - INFO - BuildTower - Received reply from OpenPose (with gaze tracking): Right: Arm Extended
2025-12-02 16:56:15,297 - INFO - BuildTower - Sending robot to home position.
2025-12-02 16:56:15,921 - INFO - BuildTower - Sending to OpenPose with gaze tracking: PR: Arm Retracted Check
2025-12-02 16:56:15,922 - INFO - BuildTower - Gaze rx: frame_idx=800 ts=2025-12-02T16:56:15.138838Z people=2
2025-12-02 16:56:15,922 - INFO - BuildTower - Gaze3D rx frame=800 id=left label=Left person v=[-0.597, 0.512, 0.618] yaw=-44.0 pitch=-30.8
2025-12-02 16:56:15,922 - INFO - BuildTower - Gaze3D rx frame=800 id=right label=Right person v=[-0.518, -0.171, 0.838] yaw=-31.7 pitch=9.9
2025-12-02 16:56:15,931 - INFO - BuildTower - Received reply from OpenPose (with gaze tracking): Right: Arm Retracted
2025-12-02 16:56:15,946 - INFO - BuildTower - Sending robot to home position.
2025-12-02 16:56:16,567 - INFO - BuildTower - Executing turn 8 out of 9.
2025-12-02 16:56:16,597 - INFO - BuildTower - Sending robot to home position.
2025-12-02 16:56:17,217 - INFO - BuildTower - Moving block from start 0.28 to target 0.643. Turn: 8, Block Shape: 3
2025-12-02 16:56:17,221 - INFO - BuildTower - Sending gripper command: value=0
2025-12-02 16:56:17,742 - INFO - BuildTower - Gripper command 0 sent successfully.
2025-12-02 16:56:17,744 - INFO - BuildTower - Attempting to go to position: x=0.5, y=-0.2, z=0.325, theta_x=100.0, theta_y=0.0, theta_z=90.0
2025-12-02 16:56:17,744 - DEBUG - BuildTower - Set speed for pose: translation=1, orientation=100
2025-12-02 16:56:17,769 - INFO - BuildTower - Pose action initiated, waiting for completion.
2025-12-02 16:56:20,454 - INFO - BuildTower - Robot action ended.
2025-12-02 16:56:20,454 - INFO - BuildTower - Attempting to go to position: x=0.5, y=-0.2, z=0.28, theta_x=100.0, theta_y=0.0, theta_z=90.0
2025-12-02 16:56:20,454 - DEBUG - BuildTower - Set speed for pose: translation=1, orientation=100
2025-12-02 16:56:20,469 - INFO - BuildTower - Pose action initiated, waiting for completion.
2025-12-02 16:56:21,196 - INFO - BuildTower - Robot action ended.
2025-12-02 16:56:21,198 - INFO - BuildTower - Sending gripper command: value=0.2
2025-12-02 16:56:21,718 - INFO - BuildTower - Gripper command 0.2 sent successfully.
2025-12-02 16:56:21,721 - INFO - BuildTower - Attempting to go to position: x=0.5, y=-0.2, z=0.685, theta_x=100.0, theta_y=0.0, theta_z=90.0
2025-12-02 16:56:21,721 - DEBUG - BuildTower - Set speed for pose: translation=1, orientation=100
2025-12-02 16:56:21,748 - INFO - BuildTower - Pose action initiated, waiting for completion.
2025-12-02 16:56:26,075 - INFO - BuildTower - Robot action ended.
2025-12-02 16:56:26,075 - INFO - BuildTower - Attempting to go to position: x=0.737, y=0.0, z=0.6880000000000001, theta_x=100.0, theta_y=0.0, theta_z=90.0
2025-12-02 16:56:26,076 - DEBUG - BuildTower - Set speed for pose: translation=1, orientation=100
2025-12-02 16:56:26,095 - INFO - BuildTower - Pose action initiated, waiting for completion.
2025-12-02 16:56:29,485 - INFO - BuildTower - Robot action ended.
2025-12-02 16:56:29,485 - INFO - BuildTower - Attempting to go to position: x=0.737, y=0.0, z=0.643, theta_x=100.0, theta_y=0.0, theta_z=90.0
2025-12-02 16:56:29,485 - DEBUG - BuildTower - Set speed for pose: translation=1, orientation=100
2025-12-02 16:56:29,495 - INFO - BuildTower - Pose action initiated, waiting for completion.
2025-12-02 16:56:30,202 - INFO - BuildTower - Robot action ended.
2025-12-02 16:56:30,202 - INFO - BuildTower - Sending gripper command: value=0
2025-12-02 16:56:30,719 - INFO - BuildTower - Gripper command 0 sent successfully.
2025-12-02 16:56:30,721 - INFO - BuildTower - Attempting to go to position: x=0.737, y=0.0, z=0.6880000000000001, theta_x=100.0, theta_y=0.0, theta_z=90.0
2025-12-02 16:56:30,721 - DEBUG - BuildTower - Set speed for pose: translation=1, orientation=100
2025-12-02 16:56:30,745 - INFO - BuildTower - Pose action initiated, waiting for completion.
2025-12-02 16:56:31,474 - INFO - BuildTower - Robot action ended.
2025-12-02 16:56:31,474 - INFO - BuildTower - Robot completed its turn. Robot turn count: 3
2025-12-02 16:56:31,474 - INFO - BuildTower - Configuration number 1 finished.
2025-12-02 16:56:31,474 - INFO - BuildTower - Gaze rx: frame_idx=952 ts=2025-12-02T16:56:31.411900Z people=2
2025-12-02 16:56:31,475 - INFO - BuildTower - Gaze3D rx frame=952 id=left label=Left person v=[-0.372, -0.426, 0.824] yaw=-24.3 pitch=25.2
2025-12-02 16:56:31,475 - INFO - BuildTower - Gaze3D rx frame=952 id=right label=Right person v=[-0.227, -0.662, 0.715] yaw=-17.6 pitch=41.4
2025-12-02 16:56:31,475 - INFO - BuildTower - Sent 'Configuration finished' to OpenPose server.
2025-12-02 16:56:31,475 - DEBUG - BuildTower - Gaze rx: (none available)
2025-12-02 16:56:31,525 - DEBUG - BuildTower - Gaze rx: (none available)
2025-12-02 16:56:31,526 - INFO - BuildTower - Received reply from OpenPose server: Received
2025-12-02 16:57:10,653 - INFO - BuildTower - User pressed Enter. Continuing with configuration 2
