2025-12-19 15:34:04,271 - INFO - BuildTower - Pinned current thread to core 0
2025-12-19 15:34:04,271 - INFO - BuildTower - Main BuildTower thread pinned to core 0.
2025-12-19 15:34:04,417 - INFO - BuildTower - Robot parameters: robot_name=my_gen3, dof=7, gripper_present=True
2025-12-19 15:34:04,420 - INFO - BuildTower - Service initialized: /my_gen3/base/clear_faults
2025-12-19 15:34:04,422 - INFO - BuildTower - Service initialized: /my_gen3/base/read_action
2025-12-19 15:34:04,424 - INFO - BuildTower - Service initialized: /my_gen3/base/execute_action
2025-12-19 15:34:04,425 - INFO - BuildTower - Service initialized: /my_gen3/control_config/set_cartesian_reference_frame
2025-12-19 15:34:04,427 - INFO - BuildTower - Service initialized: /my_gen3/base/activate_publishing_of_action_topic
2025-12-19 15:34:04,428 - INFO - BuildTower - Service initialized: /my_gen3/base/send_gripper_command
2025-12-19 15:34:04,429 - INFO - BuildTower - OpenPoseThread started (core 1).
2025-12-19 15:34:04,429 - INFO - BuildTower - BuildTower class initialized successfully.
2025-12-19 15:34:04,429 - INFO - BuildTower - Pinned current thread to core 1
2025-12-19 15:34:04,430 - INFO - BuildTower - OpenPoseThread: Connected REQ to tcp://localhost:5555
2025-12-19 15:34:04,430 - INFO - BuildTower - ROS parameter /kortex_examples_test_results/cartesian_poses_with_notifications_python did not exist or could not be deleted.
2025-12-19 15:34:04,430 - INFO - BuildTower - OpenPoseThread: Connected SUB to tcp://localhost:5556
2025-12-19 15:34:04,430 - INFO - BuildTower - Starting main robot control loop.
2025-12-19 15:34:04,447 - INFO - BuildTower - Robot faults cleared successfully.
2025-12-19 15:34:06,976 - INFO - BuildTower - Cartesian reference frame set successfully.
2025-12-19 15:34:07,229 - INFO - BuildTower - Activating action notifications.
2025-12-19 15:34:07,234 - INFO - BuildTower - Action Notifications successfully activated.
2025-12-19 15:34:08,250 - INFO - BuildTower - Sending robot to home position.
2025-12-19 15:34:21,840 - INFO - BuildTower - User pressed Enter. Continuing with configuration 1
2025-12-19 15:34:21,840 - INFO - BuildTower - Parsing information from file: config2
2025-12-19 15:34:21,840 - INFO - BuildTower - Parsed turn_order: ybypbpbpy

2025-12-19 15:34:21,840 - INFO - BuildTower - Parsed object_order: 143

2025-12-19 15:34:21,841 - INFO - BuildTower - Sent turn_order and waiting for response from OpenPose server.
2025-12-19 15:34:21,841 - INFO - BuildTower - Sending turn order to OpenPose server: ybypbpbpy

2025-12-19 15:34:21,841 - INFO - BuildTower - OpenPoseThread: sending cmd: ybypbpbpy

2025-12-19 15:34:21,842 - INFO - BuildTower - OpenPoseThread: received reply: Order Received
2025-12-19 15:34:21,843 - INFO - BuildTower - Received reply from OpenPose server: Order Received
2025-12-19 15:34:21,843 - INFO - BuildTower - Starting mutual gaze calibration for 10.0 seconds
2025-12-19 15:34:22,715 - INFO - BuildTower - OpenPoseThread: gaze frame_idx=0 ts=2025-12-19T15:34:22.644535Z people=2
2025-12-19 15:34:22,715 - INFO - BuildTower - OpenPoseThread: Gaze3D frame=0 id=left label=Left person v=[-0.278, -0.554, 0.785] yaw=-19.5 pitch=33.6
2025-12-19 15:34:22,715 - INFO - BuildTower - OpenPoseThread: Gaze3D frame=0 id=right label=Right person v=[-0.291, -0.370, 0.882] yaw=-18.2 pitch=21.7
2025-12-19 15:34:24,585 - INFO - BuildTower - OpenPoseThread: gaze frame_idx=8 ts=2025-12-19T15:34:24.584361Z people=2
2025-12-19 15:34:24,585 - INFO - BuildTower - OpenPoseThread: Gaze3D frame=8 id=left label=Left person v=[-0.398, 0.195, 0.896] yaw=-23.9 pitch=-11.3
2025-12-19 15:34:24,586 - INFO - BuildTower - OpenPoseThread: Gaze3D frame=8 id=right label=Right person v=[-0.607, 0.210, 0.767] yaw=-38.4 pitch=-12.1
2025-12-19 15:34:25,348 - INFO - BuildTower - OpenPoseThread: gaze frame_idx=16 ts=2025-12-19T15:34:25.344364Z people=2
2025-12-19 15:34:25,348 - INFO - BuildTower - OpenPoseThread: Gaze3D frame=16 id=left label=Left person v=[-0.397, 0.165, 0.903] yaw=-23.7 pitch=-9.5
2025-12-19 15:34:25,348 - INFO - BuildTower - OpenPoseThread: Gaze3D frame=16 id=right label=Right person v=[-0.441, 0.157, 0.883] yaw=-26.5 pitch=-9.0
2025-12-19 15:34:26,772 - INFO - BuildTower - OpenPoseThread: gaze frame_idx=24 ts=2025-12-19T15:34:26.733816Z people=2
2025-12-19 15:34:26,772 - INFO - BuildTower - OpenPoseThread: Gaze3D frame=24 id=left label=Left person v=[-0.421, 0.080, 0.904] yaw=-25.0 pitch=-4.6
2025-12-19 15:34:26,772 - INFO - BuildTower - OpenPoseThread: Gaze3D frame=24 id=right label=Right person v=[-0.305, -0.048, 0.951] yaw=-17.8 pitch=2.7
2025-12-19 15:34:27,434 - INFO - BuildTower - OpenPoseThread: gaze frame_idx=32 ts=2025-12-19T15:34:27.432670Z people=2
2025-12-19 15:34:27,434 - INFO - BuildTower - OpenPoseThread: Gaze3D frame=32 id=left label=Left person v=[-0.417, 0.216, 0.883] yaw=-25.3 pitch=-12.5
2025-12-19 15:34:27,434 - INFO - BuildTower - OpenPoseThread: Gaze3D frame=32 id=right label=Right person v=[-0.253, -0.314, 0.915] yaw=-15.5 pitch=18.3
2025-12-19 15:34:28,197 - INFO - BuildTower - OpenPoseThread: gaze frame_idx=40 ts=2025-12-19T15:34:28.124284Z people=2
2025-12-19 15:34:28,197 - INFO - BuildTower - OpenPoseThread: Gaze3D frame=40 id=left label=Left person v=[-0.420, 0.188, 0.888] yaw=-25.3 pitch=-10.8
2025-12-19 15:34:28,197 - INFO - BuildTower - OpenPoseThread: Gaze3D frame=40 id=right label=Right person v=[-0.240, -0.232, 0.943] yaw=-14.3 pitch=13.4
2025-12-19 15:34:28,850 - INFO - BuildTower - OpenPoseThread: gaze frame_idx=48 ts=2025-12-19T15:34:28.799374Z people=2
2025-12-19 15:34:28,850 - INFO - BuildTower - OpenPoseThread: Gaze3D frame=48 id=left label=Left person v=[-0.446, 0.148, 0.883] yaw=-26.8 pitch=-8.5
2025-12-19 15:34:28,850 - INFO - BuildTower - OpenPoseThread: Gaze3D frame=48 id=right label=Right person v=[-0.295, -0.096, 0.951] yaw=-17.2 pitch=5.5
2025-12-19 15:34:29,502 - INFO - BuildTower - OpenPoseThread: gaze frame_idx=56 ts=2025-12-19T15:34:29.471260Z people=2
2025-12-19 15:34:29,503 - INFO - BuildTower - OpenPoseThread: Gaze3D frame=56 id=left label=Left person v=[-0.472, 0.208, 0.857] yaw=-28.8 pitch=-12.0
2025-12-19 15:34:29,503 - INFO - BuildTower - OpenPoseThread: Gaze3D frame=56 id=right label=Right person v=[-0.266, -0.089, 0.960] yaw=-15.5 pitch=5.1
2025-12-19 15:34:30,265 - INFO - BuildTower - OpenPoseThread: gaze frame_idx=64 ts=2025-12-19T15:34:30.173396Z people=2
2025-12-19 15:34:30,265 - INFO - BuildTower - OpenPoseThread: Gaze3D frame=64 id=left label=Left person v=[-0.513, 0.253, 0.820] yaw=-32.0 pitch=-14.6
2025-12-19 15:34:30,265 - INFO - BuildTower - OpenPoseThread: Gaze3D frame=64 id=right label=Right person v=[-0.132, -0.141, 0.981] yaw=-7.7 pitch=8.1
2025-12-19 15:34:30,917 - INFO - BuildTower - OpenPoseThread: gaze frame_idx=72 ts=2025-12-19T15:34:30.875251Z people=2
2025-12-19 15:34:30,918 - INFO - BuildTower - OpenPoseThread: Gaze3D frame=72 id=left label=Left person v=[-0.465, 0.171, 0.868] yaw=-28.2 pitch=-9.8
2025-12-19 15:34:30,918 - INFO - BuildTower - OpenPoseThread: Gaze3D frame=72 id=right label=Right person v=[-0.201, -0.047, 0.979] yaw=-11.6 pitch=2.7
2025-12-19 15:34:31,579 - INFO - BuildTower - OpenPoseThread: gaze frame_idx=80 ts=2025-12-19T15:34:31.578238Z people=2
2025-12-19 15:34:31,579 - INFO - BuildTower - OpenPoseThread: Gaze3D frame=80 id=left label=Left person v=[-0.453, 0.257, 0.854] yaw=-28.0 pitch=-14.9
2025-12-19 15:34:31,579 - INFO - BuildTower - OpenPoseThread: Gaze3D frame=80 id=right label=Right person v=[-0.159, -0.185, 0.970] yaw=-9.3 pitch=10.7
2025-12-19 15:34:31,858 - INFO - BuildTower - Calibration done: yaw_bias=-21.866 deg, pitch_bias=2.598 deg
2025-12-19 15:34:31,859 - INFO - BuildTower - Executing turn 0 out of 9.
2025-12-19 15:34:31,859 - INFO - BuildTower - Moving block from start 0.28 to target 0.307. Turn: 0, Block Shape: 1
2025-12-19 15:34:31,860 - INFO - BuildTower - Sending gripper command: value=0
2025-12-19 15:34:32,342 - INFO - BuildTower - OpenPoseThread: gaze frame_idx=88 ts=2025-12-19T15:34:32.289438Z people=2
2025-12-19 15:34:32,342 - INFO - BuildTower - OpenPoseThread: Gaze3D frame=88 id=left label=Left person v=[-0.442, 0.284, 0.851] yaw=-27.4 pitch=-16.5
2025-12-19 15:34:32,342 - INFO - BuildTower - OpenPoseThread: Gaze3D frame=88 id=right label=Right person v=[-0.159, -0.155, 0.975] yaw=-9.2 pitch=8.9
2025-12-19 15:34:32,373 - INFO - BuildTower - Gripper command 0 sent successfully.
2025-12-19 15:34:32,376 - INFO - BuildTower - Attempting to go to position: x=0.47, y=0.18, z=0.325, theta_x=100.0, theta_y=0.0, theta_z=90.0
2025-12-19 15:34:32,376 - DEBUG - BuildTower - Set speed for pose: translation=1, orientation=100
2025-12-19 15:34:32,400 - INFO - BuildTower - Pose action initiated, waiting for completion.
2025-12-19 15:34:32,994 - INFO - BuildTower - OpenPoseThread: gaze frame_idx=96 ts=2025-12-19T15:34:32.976748Z people=2
2025-12-19 15:34:32,995 - INFO - BuildTower - OpenPoseThread: Gaze3D frame=96 id=left label=Left person v=[-0.432, 0.257, 0.864] yaw=-26.6 pitch=-14.9
2025-12-19 15:34:32,995 - INFO - BuildTower - OpenPoseThread: Gaze3D frame=96 id=right label=Right person v=[-0.191, -0.130, 0.973] yaw=-11.1 pitch=7.5
2025-12-19 15:34:33,757 - INFO - BuildTower - OpenPoseThread: gaze frame_idx=104 ts=2025-12-19T15:34:33.675050Z people=2
2025-12-19 15:34:33,757 - INFO - BuildTower - OpenPoseThread: Gaze3D frame=104 id=left label=Left person v=[-0.470, 0.213, 0.857] yaw=-28.7 pitch=-12.3
2025-12-19 15:34:33,757 - INFO - BuildTower - OpenPoseThread: Gaze3D frame=104 id=right label=Right person v=[-0.364, -0.227, 0.903] yaw=-22.0 pitch=13.1
2025-12-19 15:34:34,410 - INFO - BuildTower - OpenPoseThread: gaze frame_idx=112 ts=2025-12-19T15:34:34.362828Z people=2
2025-12-19 15:34:34,410 - INFO - BuildTower - OpenPoseThread: Gaze3D frame=112 id=left label=Left person v=[-0.507, 0.091, 0.857] yaw=-30.6 pitch=-5.2
2025-12-19 15:34:34,411 - INFO - BuildTower - OpenPoseThread: Gaze3D frame=112 id=right label=Right person v=[-0.374, -0.250, 0.893] yaw=-22.7 pitch=14.5
2025-12-19 15:34:35,030 - INFO - BuildTower - Robot action ended.
2025-12-19 15:34:35,030 - INFO - BuildTower - Attempting to go to position: x=0.47, y=0.18, z=0.28, theta_x=100.0, theta_y=0.0, theta_z=90.0
2025-12-19 15:34:35,030 - DEBUG - BuildTower - Set speed for pose: translation=1, orientation=100
2025-12-19 15:34:35,049 - INFO - BuildTower - Pose action initiated, waiting for completion.
2025-12-19 15:34:35,063 - INFO - BuildTower - OpenPoseThread: gaze frame_idx=120 ts=2025-12-19T15:34:35.046863Z people=2
2025-12-19 15:34:35,063 - INFO - BuildTower - OpenPoseThread: Gaze3D frame=120 id=left label=Left person v=[-0.516, 0.121, 0.848] yaw=-31.3 pitch=-6.9
2025-12-19 15:34:35,063 - INFO - BuildTower - OpenPoseThread: Gaze3D frame=120 id=right label=Right person v=[-0.334, -0.226, 0.915] yaw=-20.1 pitch=13.0
2025-12-19 15:34:35,777 - INFO - BuildTower - Robot action ended.
2025-12-19 15:34:35,779 - INFO - BuildTower - Sending gripper command: value=0.075
2025-12-19 15:34:35,826 - INFO - BuildTower - OpenPoseThread: gaze frame_idx=128 ts=2025-12-19T15:34:35.760168Z people=2
2025-12-19 15:34:35,826 - INFO - BuildTower - OpenPoseThread: Gaze3D frame=128 id=left label=Left person v=[-0.472, 0.029, 0.881] yaw=-28.2 pitch=-1.7
2025-12-19 15:34:35,826 - INFO - BuildTower - OpenPoseThread: Gaze3D frame=128 id=right label=Right person v=[-0.306, -0.321, 0.896] yaw=-18.8 pitch=18.7
2025-12-19 15:34:36,299 - INFO - BuildTower - Gripper command 0.075 sent successfully.
2025-12-19 15:34:36,301 - INFO - BuildTower - Attempting to go to position: x=0.47, y=0.18, z=0.325, theta_x=100.0, theta_y=0.0, theta_z=90.0
2025-12-19 15:34:36,301 - DEBUG - BuildTower - Set speed for pose: translation=1, orientation=100
2025-12-19 15:34:36,326 - INFO - BuildTower - Pose action initiated, waiting for completion.
2025-12-19 15:34:36,478 - INFO - BuildTower - OpenPoseThread: gaze frame_idx=136 ts=2025-12-19T15:34:36.433605Z people=2
2025-12-19 15:34:36,478 - INFO - BuildTower - OpenPoseThread: Gaze3D frame=136 id=left label=Left person v=[-0.490, -0.013, 0.872] yaw=-29.4 pitch=0.8
2025-12-19 15:34:36,478 - INFO - BuildTower - OpenPoseThread: Gaze3D frame=136 id=right label=Right person v=[-0.296, -0.448, 0.843] yaw=-19.4 pitch=26.6
2025-12-19 15:34:37,035 - INFO - BuildTower - Robot action ended.
2025-12-19 15:34:37,036 - INFO - BuildTower - Attempting to go to position: x=0.735, y=0.0, z=0.352, theta_x=100.0, theta_y=0.0, theta_z=90.0
2025-12-19 15:34:37,036 - DEBUG - BuildTower - Set speed for pose: translation=1, orientation=100
2025-12-19 15:34:37,050 - INFO - BuildTower - Pose action initiated, waiting for completion.
2025-12-19 15:34:37,130 - INFO - BuildTower - OpenPoseThread: gaze frame_idx=144 ts=2025-12-19T15:34:37.129070Z people=2
2025-12-19 15:34:37,131 - INFO - BuildTower - OpenPoseThread: Gaze3D frame=144 id=left label=Left person v=[-0.504, 0.171, 0.846] yaw=-30.8 pitch=-9.8
2025-12-19 15:34:37,131 - INFO - BuildTower - OpenPoseThread: Gaze3D frame=144 id=right label=Right person v=[-0.069, -0.366, 0.928] yaw=-4.2 pitch=21.5
2025-12-19 15:34:37,893 - INFO - BuildTower - OpenPoseThread: gaze frame_idx=152 ts=2025-12-19T15:34:37.825874Z people=2
2025-12-19 15:34:37,893 - INFO - BuildTower - OpenPoseThread: Gaze3D frame=152 id=left label=Left person v=[-0.479, 0.212, 0.851] yaw=-29.4 pitch=-12.3
2025-12-19 15:34:37,893 - INFO - BuildTower - OpenPoseThread: Gaze3D frame=152 id=right label=Right person v=[-0.272, -0.526, 0.806] yaw=-18.6 pitch=31.8
2025-12-19 15:34:38,545 - INFO - BuildTower - OpenPoseThread: gaze frame_idx=160 ts=2025-12-19T15:34:38.527768Z people=2
2025-12-19 15:34:38,545 - INFO - BuildTower - OpenPoseThread: Gaze3D frame=160 id=left label=Left person v=[-0.439, 0.426, 0.791] yaw=-29.1 pitch=-25.2
2025-12-19 15:34:38,545 - INFO - BuildTower - OpenPoseThread: Gaze3D frame=160 id=right label=Right person v=[-0.332, -0.446, 0.831] yaw=-21.8 pitch=26.5
2025-12-19 15:34:39,308 - INFO - BuildTower - OpenPoseThread: gaze frame_idx=168 ts=2025-12-19T15:34:39.236522Z people=2
2025-12-19 15:34:39,308 - INFO - BuildTower - OpenPoseThread: Gaze3D frame=168 id=left label=Left person v=[-0.347, -0.008, 0.938] yaw=-20.3 pitch=0.4
2025-12-19 15:34:39,308 - INFO - BuildTower - OpenPoseThread: Gaze3D frame=168 id=right label=Right person v=[-0.353, -0.426, 0.833] yaw=-23.0 pitch=25.2
2025-12-19 15:34:39,960 - INFO - BuildTower - OpenPoseThread: gaze frame_idx=176 ts=2025-12-19T15:34:39.907744Z people=2
2025-12-19 15:34:39,960 - INFO - BuildTower - OpenPoseThread: Gaze3D frame=176 id=left label=Left person v=[-0.456, 0.445, 0.771] yaw=-30.6 pitch=-26.4
2025-12-19 15:34:39,960 - INFO - BuildTower - OpenPoseThread: Gaze3D frame=176 id=right label=Right person v=[-0.317, -0.212, 0.924] yaw=-19.0 pitch=12.2
2025-12-19 15:34:40,540 - INFO - BuildTower - Robot action ended.
2025-12-19 15:34:40,540 - INFO - BuildTower - Attempting to go to position: x=0.735, y=0.0, z=0.307, theta_x=100.0, theta_y=0.0, theta_z=90.0
2025-12-19 15:34:40,540 - DEBUG - BuildTower - Set speed for pose: translation=1, orientation=100
2025-12-19 15:34:40,575 - INFO - BuildTower - Pose action initiated, waiting for completion.
2025-12-19 15:34:40,612 - INFO - BuildTower - OpenPoseThread: gaze frame_idx=184 ts=2025-12-19T15:34:40.577132Z people=2
2025-12-19 15:34:40,613 - INFO - BuildTower - OpenPoseThread: Gaze3D frame=184 id=left label=Left person v=[-0.473, 0.581, 0.662] yaw=-35.6 pitch=-35.5
2025-12-19 15:34:40,613 - INFO - BuildTower - OpenPoseThread: Gaze3D frame=184 id=right label=Right person v=[-0.297, -0.302, 0.906] yaw=-18.2 pitch=17.6
2025-12-19 15:34:41,265 - INFO - BuildTower - OpenPoseThread: gaze frame_idx=192 ts=2025-12-19T15:34:41.236011Z people=2
2025-12-19 15:34:41,265 - INFO - BuildTower - OpenPoseThread: Gaze3D frame=192 id=left label=Left person v=[-0.450, 0.449, 0.772] yaw=-30.2 pitch=-26.7
2025-12-19 15:34:41,265 - INFO - BuildTower - OpenPoseThread: Gaze3D frame=192 id=right label=Right person v=[-0.278, -0.552, 0.786] yaw=-19.5 pitch=33.5
2025-12-19 15:34:41,306 - INFO - BuildTower - Robot action ended.
2025-12-19 15:34:41,308 - INFO - BuildTower - Sending gripper command: value=0
2025-12-19 15:34:41,824 - INFO - BuildTower - Gripper command 0 sent successfully.
2025-12-19 15:34:41,828 - INFO - BuildTower - Attempting to go to position: x=0.735, y=0.0, z=0.352, theta_x=100.0, theta_y=0.0, theta_z=90.0
2025-12-19 15:34:41,828 - DEBUG - BuildTower - Set speed for pose: translation=1, orientation=100
2025-12-19 15:34:41,850 - INFO - BuildTower - Pose action initiated, waiting for completion.
2025-12-19 15:34:42,027 - INFO - BuildTower - OpenPoseThread: gaze frame_idx=200 ts=2025-12-19T15:34:41.946499Z people=2
2025-12-19 15:34:42,028 - INFO - BuildTower - OpenPoseThread: Gaze3D frame=200 id=left label=Left person v=[-0.475, 0.373, 0.797] yaw=-30.8 pitch=-21.9
2025-12-19 15:34:42,028 - INFO - BuildTower - OpenPoseThread: Gaze3D frame=200 id=right label=Right person v=[-0.296, -0.196, 0.935] yaw=-17.6 pitch=11.3
2025-12-19 15:34:42,568 - INFO - BuildTower - Robot action ended.
2025-12-19 15:34:42,568 - INFO - BuildTower - Robot completed its turn. Robot turn count: 1
2025-12-19 15:34:42,568 - INFO - BuildTower - Executing turn 1 out of 9.
2025-12-19 15:34:42,579 - INFO - BuildTower - Sending robot to home position.
2025-12-19 15:34:42,680 - INFO - BuildTower - OpenPoseThread: gaze frame_idx=208 ts=2025-12-19T15:34:42.670788Z people=2
2025-12-19 15:34:42,680 - INFO - BuildTower - OpenPoseThread: Gaze3D frame=208 id=left label=Left person v=[-0.502, 0.313, 0.806] yaw=-31.9 pitch=-18.3
2025-12-19 15:34:42,680 - INFO - BuildTower - OpenPoseThread: Gaze3D frame=208 id=right label=Right person v=[-0.365, -0.432, 0.825] yaw=-23.9 pitch=25.6
2025-12-19 15:34:43,199 - INFO - BuildTower - Sending to OpenPose (via thread): PL: Arm Extended Check
2025-12-19 15:34:43,200 - INFO - BuildTower - OpenPoseThread: sending cmd: PL: Arm Extended Check
2025-12-19 15:34:43,355 - INFO - BuildTower - OpenPoseThread: gaze frame_idx=216 ts=2025-12-19T15:34:43.353974Z people=2
2025-12-19 15:34:43,355 - INFO - BuildTower - OpenPoseThread: Gaze3D frame=216 id=left label=Left person v=[-0.517, 0.325, 0.792] yaw=-33.1 pitch=-19.0
2025-12-19 15:34:43,355 - INFO - BuildTower - OpenPoseThread: Gaze3D frame=216 id=right label=Right person v=[-0.353, -0.459, 0.815] yaw=-23.4 pitch=27.3
2025-12-19 15:34:44,022 - INFO - BuildTower - OpenPoseThread: gaze frame_idx=224 ts=2025-12-19T15:34:44.013146Z people=2
2025-12-19 15:34:44,022 - INFO - BuildTower - OpenPoseThread: Gaze3D frame=224 id=left label=Left person v=[-0.458, 0.210, 0.864] yaw=-27.9 pitch=-12.1
2025-12-19 15:34:44,022 - INFO - BuildTower - OpenPoseThread: Gaze3D frame=224 id=right label=Right person v=[-0.277, -0.166, 0.946] yaw=-16.3 pitch=9.6
2025-12-19 15:34:44,707 - INFO - BuildTower - OpenPoseThread: gaze frame_idx=232 ts=2025-12-19T15:34:44.706164Z people=2
2025-12-19 15:34:44,707 - INFO - BuildTower - OpenPoseThread: Gaze3D frame=232 id=left label=Left person v=[-0.413, 0.201, 0.888] yaw=-24.9 pitch=-11.6
2025-12-19 15:34:44,707 - INFO - BuildTower - OpenPoseThread: Gaze3D frame=232 id=right label=Right person v=[-0.115, -0.255, 0.960] yaw=-6.8 pitch=14.7
2025-12-19 15:34:45,405 - INFO - BuildTower - OpenPoseThread: gaze frame_idx=240 ts=2025-12-19T15:34:45.404147Z people=2
2025-12-19 15:34:45,405 - INFO - BuildTower - OpenPoseThread: Gaze3D frame=240 id=left label=Left person v=[-0.491, 0.269, 0.828] yaw=-30.7 pitch=-15.6
2025-12-19 15:34:45,405 - INFO - BuildTower - OpenPoseThread: Gaze3D frame=240 id=right label=Right person v=[-0.164, -0.364, 0.917] yaw=-10.2 pitch=21.4
2025-12-19 15:34:45,532 - INFO - BuildTower - OpenPoseThread: received reply: Left: Arm Extended
2025-12-19 15:34:45,533 - INFO - BuildTower - Sending to OpenPose (via thread): PL: Arm Retracted Check
2025-12-19 15:34:45,533 - INFO - BuildTower - OpenPoseThread: sending cmd: PL: Arm Retracted Check
2025-12-19 15:34:45,597 - INFO - BuildTower - OpenPoseThread: received reply: Left: Arm Retracted
2025-12-19 15:34:45,598 - INFO - BuildTower - Executing turn 2 out of 9.
2025-12-19 15:34:45,598 - INFO - BuildTower - Moving block from start 0.3 to target 0.387. Turn: 2, Block Shape: 4
2025-12-19 15:34:45,601 - INFO - BuildTower - Sending gripper command: value=0
2025-12-19 15:34:46,128 - INFO - BuildTower - Gripper command 0 sent successfully.
2025-12-19 15:34:46,131 - INFO - BuildTower - Attempting to go to position: x=0.3, y=0.3, z=0.345, theta_x=100.0, theta_y=0.0, theta_z=90.0
2025-12-19 15:34:46,131 - DEBUG - BuildTower - Set speed for pose: translation=1, orientation=100
2025-12-19 15:34:46,139 - INFO - BuildTower - OpenPoseThread: gaze frame_idx=248 ts=2025-12-19T15:34:46.101317Z people=2
2025-12-19 15:34:46,139 - INFO - BuildTower - OpenPoseThread: Gaze3D frame=248 id=left label=Left person v=[-0.460, -0.221, 0.860] yaw=-28.2 pitch=12.8
2025-12-19 15:34:46,139 - INFO - BuildTower - OpenPoseThread: Gaze3D frame=248 id=right label=Right person v=[-0.200, -0.267, 0.943] yaw=-12.0 pitch=15.5
2025-12-19 15:34:46,151 - INFO - BuildTower - Pose action initiated, waiting for completion.
2025-12-19 15:34:46,902 - INFO - BuildTower - OpenPoseThread: gaze frame_idx=256 ts=2025-12-19T15:34:46.804417Z people=2
2025-12-19 15:34:46,902 - INFO - BuildTower - OpenPoseThread: Gaze3D frame=256 id=left label=Left person v=[-0.439, -0.591, 0.677] yaw=-33.0 pitch=36.2
2025-12-19 15:34:46,902 - INFO - BuildTower - OpenPoseThread: Gaze3D frame=256 id=right label=Right person v=[-0.162, -0.331, 0.930] yaw=-9.9 pitch=19.3
2025-12-19 15:34:47,453 - INFO - BuildTower - OpenPoseThread: gaze frame_idx=264 ts=2025-12-19T15:34:47.452671Z people=2
2025-12-19 15:34:47,454 - INFO - BuildTower - OpenPoseThread: Gaze3D frame=264 id=left label=Left person v=[-0.461, -0.199, 0.865] yaw=-28.0 pitch=11.5
2025-12-19 15:34:47,454 - INFO - BuildTower - OpenPoseThread: Gaze3D frame=264 id=right label=Right person v=[-0.154, -0.460, 0.874] yaw=-10.0 pitch=27.4
2025-12-19 15:34:48,216 - INFO - BuildTower - OpenPoseThread: gaze frame_idx=272 ts=2025-12-19T15:34:48.117707Z people=2
2025-12-19 15:34:48,216 - INFO - BuildTower - OpenPoseThread: Gaze3D frame=272 id=left label=Left person v=[-0.365, -0.156, 0.918] yaw=-21.7 pitch=9.0
2025-12-19 15:34:48,216 - INFO - BuildTower - OpenPoseThread: Gaze3D frame=272 id=right label=Right person v=[-0.334, -0.264, 0.905] yaw=-20.2 pitch=15.3
2025-12-19 15:34:48,868 - INFO - BuildTower - OpenPoseThread: gaze frame_idx=280 ts=2025-12-19T15:34:48.817764Z people=2
2025-12-19 15:34:48,868 - INFO - BuildTower - OpenPoseThread: Gaze3D frame=280 id=left label=Left person v=[-0.540, 0.215, 0.814] yaw=-33.6 pitch=-12.4
2025-12-19 15:34:48,868 - INFO - BuildTower - OpenPoseThread: Gaze3D frame=280 id=right label=Right person v=[-0.414, -0.699, 0.583] yaw=-35.4 pitch=44.4
2025-12-19 15:34:49,631 - INFO - BuildTower - OpenPoseThread: gaze frame_idx=288 ts=2025-12-19T15:34:49.541017Z people=2
2025-12-19 15:34:49,631 - INFO - BuildTower - OpenPoseThread: Gaze3D frame=288 id=left label=Left person v=[-0.395, 0.073, 0.916] yaw=-23.3 pitch=-4.2
2025-12-19 15:34:49,631 - INFO - BuildTower - OpenPoseThread: Gaze3D frame=288 id=right label=Right person v=[-0.062, -0.411, 0.909] yaw=-3.9 pitch=24.3
2025-12-19 15:34:50,283 - INFO - BuildTower - OpenPoseThread: gaze frame_idx=296 ts=2025-12-19T15:34:50.223369Z people=2
2025-12-19 15:34:50,283 - INFO - BuildTower - OpenPoseThread: Gaze3D frame=296 id=left label=Left person v=[-0.488, 0.081, 0.869] yaw=-29.3 pitch=-4.6
2025-12-19 15:34:50,283 - INFO - BuildTower - OpenPoseThread: Gaze3D frame=296 id=right label=Right person v=[-0.312, -0.241, 0.919] yaw=-18.8 pitch=13.9
2025-12-19 15:34:50,588 - INFO - BuildTower - Robot action ended.
2025-12-19 15:34:50,588 - INFO - BuildTower - Attempting to go to position: x=0.3, y=0.3, z=0.3, theta_x=100.0, theta_y=0.0, theta_z=90.0
2025-12-19 15:34:50,588 - DEBUG - BuildTower - Set speed for pose: translation=1, orientation=100
2025-12-19 15:34:50,601 - INFO - BuildTower - Pose action initiated, waiting for completion.
2025-12-19 15:34:50,935 - INFO - BuildTower - OpenPoseThread: gaze frame_idx=304 ts=2025-12-19T15:34:50.921266Z people=2
2025-12-19 15:34:50,936 - INFO - BuildTower - OpenPoseThread: Gaze3D frame=304 id=left label=Left person v=[-0.498, 0.162, 0.852] yaw=-30.3 pitch=-9.3
2025-12-19 15:34:50,936 - INFO - BuildTower - OpenPoseThread: Gaze3D frame=304 id=right label=Right person v=[-0.607, -0.300, 0.736] yaw=-39.5 pitch=17.5
2025-12-19 15:34:51,309 - INFO - BuildTower - Robot action ended.
2025-12-19 15:34:51,311 - INFO - BuildTower - Sending gripper command: value=0.7
2025-12-19 15:34:51,698 - INFO - BuildTower - OpenPoseThread: gaze frame_idx=312 ts=2025-12-19T15:34:51.627114Z people=2
2025-12-19 15:34:51,698 - INFO - BuildTower - OpenPoseThread: Gaze3D frame=312 id=left label=Left person v=[-0.437, 0.136, 0.889] yaw=-26.1 pitch=-7.8
2025-12-19 15:34:51,699 - INFO - BuildTower - OpenPoseThread: Gaze3D frame=312 id=right label=Right person v=[-0.425, -0.678, 0.600] yaw=-35.3 pitch=42.7
2025-12-19 15:34:51,825 - INFO - BuildTower - Gripper command 0.7 sent successfully.
2025-12-19 15:34:51,827 - INFO - BuildTower - Attempting to go to position: x=0.3, y=0.3, z=0.435, theta_x=100.0, theta_y=0.0, theta_z=90.0
2025-12-19 15:34:51,827 - DEBUG - BuildTower - Set speed for pose: translation=1, orientation=100
2025-12-19 15:34:51,852 - INFO - BuildTower - Pose action initiated, waiting for completion.
2025-12-19 15:34:52,350 - INFO - BuildTower - OpenPoseThread: gaze frame_idx=320 ts=2025-12-19T15:34:52.331279Z people=2
2025-12-19 15:34:52,351 - INFO - BuildTower - OpenPoseThread: Gaze3D frame=320 id=left label=Left person v=[-0.475, 0.154, 0.866] yaw=-28.8 pitch=-8.9
2025-12-19 15:34:52,351 - INFO - BuildTower - OpenPoseThread: Gaze3D frame=320 id=right label=Right person v=[-0.262, -0.529, 0.808] yaw=-18.0 pitch=31.9
2025-12-19 15:34:53,113 - INFO - BuildTower - OpenPoseThread: gaze frame_idx=328 ts=2025-12-19T15:34:53.054842Z people=2
2025-12-19 15:34:53,113 - INFO - BuildTower - OpenPoseThread: Gaze3D frame=328 id=left label=Left person v=[-0.471, 0.135, 0.872] yaw=-28.4 pitch=-7.8
2025-12-19 15:34:53,113 - INFO - BuildTower - OpenPoseThread: Gaze3D frame=328 id=right label=Right person v=[-0.252, -0.307, 0.918] yaw=-15.4 pitch=17.9
2025-12-19 15:34:53,481 - INFO - BuildTower - Robot action ended.
2025-12-19 15:34:53,481 - INFO - BuildTower - Attempting to go to position: x=0.735, y=0.0, z=0.432, theta_x=100.0, theta_y=0.0, theta_z=90.0
2025-12-19 15:34:53,481 - DEBUG - BuildTower - Set speed for pose: translation=1, orientation=100
2025-12-19 15:34:53,527 - INFO - BuildTower - Pose action initiated, waiting for completion.
2025-12-19 15:34:53,767 - INFO - BuildTower - OpenPoseThread: gaze frame_idx=336 ts=2025-12-19T15:34:53.741863Z people=2
2025-12-19 15:34:53,767 - INFO - BuildTower - OpenPoseThread: Gaze3D frame=336 id=left label=Left person v=[-0.403, 0.182, 0.897] yaw=-24.2 pitch=-10.5
2025-12-19 15:34:53,767 - INFO - BuildTower - OpenPoseThread: Gaze3D frame=336 id=right label=Right person v=[-0.226, -0.176, 0.958] yaw=-13.3 pitch=10.1
2025-12-19 15:34:54,420 - INFO - BuildTower - OpenPoseThread: gaze frame_idx=344 ts=2025-12-19T15:34:54.401480Z people=2
2025-12-19 15:34:54,420 - INFO - BuildTower - OpenPoseThread: Gaze3D frame=344 id=left label=Left person v=[-0.402, 0.071, 0.913] yaw=-23.7 pitch=-4.1
2025-12-19 15:34:54,420 - INFO - BuildTower - OpenPoseThread: Gaze3D frame=344 id=right label=Right person v=[-0.173, -0.381, 0.908] yaw=-10.8 pitch=22.4
2025-12-19 15:34:55,183 - INFO - BuildTower - OpenPoseThread: gaze frame_idx=352 ts=2025-12-19T15:34:55.105044Z people=2
2025-12-19 15:34:55,183 - INFO - BuildTower - OpenPoseThread: Gaze3D frame=352 id=left label=Left person v=[-0.463, 0.192, 0.866] yaw=-28.1 pitch=-11.1
2025-12-19 15:34:55,183 - INFO - BuildTower - OpenPoseThread: Gaze3D frame=352 id=right label=Right person v=[-0.243, -0.328, 0.913] yaw=-14.9 pitch=19.1
2025-12-19 15:34:55,836 - INFO - BuildTower - OpenPoseThread: gaze frame_idx=360 ts=2025-12-19T15:34:55.807237Z people=2
2025-12-19 15:34:55,836 - INFO - BuildTower - OpenPoseThread: Gaze3D frame=360 id=left label=Left person v=[-0.470, 0.208, 0.858] yaw=-28.7 pitch=-12.0
2025-12-19 15:34:55,836 - INFO - BuildTower - OpenPoseThread: Gaze3D frame=360 id=right label=Right person v=[-0.260, -0.282, 0.924] yaw=-15.7 pitch=16.4
2025-12-19 15:34:56,599 - INFO - BuildTower - OpenPoseThread: gaze frame_idx=368 ts=2025-12-19T15:34:56.505056Z people=2
2025-12-19 15:34:56,599 - INFO - BuildTower - OpenPoseThread: Gaze3D frame=368 id=left label=Left person v=[-0.477, 0.243, 0.845] yaw=-29.5 pitch=-14.1
2025-12-19 15:34:56,599 - INFO - BuildTower - OpenPoseThread: Gaze3D frame=368 id=right label=Right person v=[-0.078, -0.360, 0.930] yaw=-4.8 pitch=21.1
2025-12-19 15:34:57,251 - INFO - BuildTower - OpenPoseThread: gaze frame_idx=376 ts=2025-12-19T15:34:57.213076Z people=2
2025-12-19 15:34:57,252 - INFO - BuildTower - OpenPoseThread: Gaze3D frame=376 id=left label=Left person v=[-0.468, 0.198, 0.861] yaw=-28.5 pitch=-11.4
2025-12-19 15:34:57,252 - INFO - BuildTower - OpenPoseThread: Gaze3D frame=376 id=right label=Right person v=[-0.354, -0.268, 0.896] yaw=-21.6 pitch=15.6
2025-12-19 15:34:57,905 - INFO - BuildTower - OpenPoseThread: gaze frame_idx=384 ts=2025-12-19T15:34:57.903196Z people=2
2025-12-19 15:34:57,905 - INFO - BuildTower - OpenPoseThread: Gaze3D frame=384 id=left label=Left person v=[-0.516, 0.478, 0.711] yaw=-36.0 pitch=-28.5
2025-12-19 15:34:57,905 - INFO - BuildTower - OpenPoseThread: Gaze3D frame=384 id=right label=Right person v=[-0.355, -0.296, 0.887] yaw=-21.8 pitch=17.2
2025-12-19 15:34:58,667 - INFO - BuildTower - OpenPoseThread: gaze frame_idx=392 ts=2025-12-19T15:34:58.605794Z people=2
2025-12-19 15:34:58,667 - INFO - BuildTower - OpenPoseThread: Gaze3D frame=392 id=left label=Left person v=[-0.462, 0.356, 0.813] yaw=-29.6 pitch=-20.8
2025-12-19 15:34:58,668 - INFO - BuildTower - OpenPoseThread: Gaze3D frame=392 id=right label=Right person v=[-0.392, -0.212, 0.895] yaw=-23.7 pitch=12.2
2025-12-19 15:34:59,088 - INFO - BuildTower - Robot action ended.
2025-12-19 15:34:59,088 - INFO - BuildTower - Attempting to go to position: x=0.735, y=0.0, z=0.387, theta_x=100.0, theta_y=0.0, theta_z=90.0
2025-12-19 15:34:59,088 - DEBUG - BuildTower - Set speed for pose: translation=1, orientation=100
2025-12-19 15:34:59,103 - INFO - BuildTower - Pose action initiated, waiting for completion.
2025-12-19 15:34:59,319 - INFO - BuildTower - OpenPoseThread: gaze frame_idx=400 ts=2025-12-19T15:34:59.301574Z people=2
2025-12-19 15:34:59,319 - INFO - BuildTower - OpenPoseThread: Gaze3D frame=400 id=left label=Left person v=[-0.482, 0.513, 0.711] yaw=-34.1 pitch=-30.8
2025-12-19 15:34:59,319 - INFO - BuildTower - OpenPoseThread: Gaze3D frame=400 id=right label=Right person v=[-0.214, -0.263, 0.941] yaw=-12.8 pitch=15.3
2025-12-19 15:34:59,840 - INFO - BuildTower - Robot action ended.
2025-12-19 15:34:59,843 - INFO - BuildTower - Sending gripper command: value=0
2025-12-19 15:35:00,082 - INFO - BuildTower - OpenPoseThread: gaze frame_idx=408 ts=2025-12-19T15:34:59.988432Z people=2
2025-12-19 15:35:00,082 - INFO - BuildTower - OpenPoseThread: Gaze3D frame=408 id=left label=Left person v=[-0.458, 0.505, 0.732] yaw=-32.0 pitch=-30.3
2025-12-19 15:35:00,082 - INFO - BuildTower - OpenPoseThread: Gaze3D frame=408 id=right label=Right person v=[-0.496, -0.338, 0.800] yaw=-31.8 pitch=19.8
2025-12-19 15:35:00,351 - INFO - BuildTower - Gripper command 0 sent successfully.
2025-12-19 15:35:00,353 - INFO - BuildTower - Attempting to go to position: x=0.735, y=0.0, z=0.432, theta_x=100.0, theta_y=0.0, theta_z=90.0
2025-12-19 15:35:00,353 - DEBUG - BuildTower - Set speed for pose: translation=1, orientation=100
2025-12-19 15:35:00,377 - INFO - BuildTower - Pose action initiated, waiting for completion.
2025-12-19 15:35:00,734 - INFO - BuildTower - OpenPoseThread: gaze frame_idx=416 ts=2025-12-19T15:35:00.647555Z people=2
2025-12-19 15:35:00,734 - INFO - BuildTower - OpenPoseThread: Gaze3D frame=416 id=left label=Left person v=[-0.487, 0.397, 0.778] yaw=-32.0 pitch=-23.4
2025-12-19 15:35:00,735 - INFO - BuildTower - OpenPoseThread: Gaze3D frame=416 id=right label=Right person v=[-0.414, -0.412, 0.812] yaw=-27.0 pitch=24.3
2025-12-19 15:35:01,084 - INFO - BuildTower - Robot action ended.
2025-12-19 15:35:01,085 - INFO - BuildTower - Robot completed its turn. Robot turn count: 2
2025-12-19 15:35:01,085 - INFO - BuildTower - Executing turn 3 out of 9.
2025-12-19 15:35:01,105 - INFO - BuildTower - Sending robot to home position.
2025-12-19 15:35:01,387 - INFO - BuildTower - OpenPoseThread: gaze frame_idx=424 ts=2025-12-19T15:35:01.316500Z people=2
2025-12-19 15:35:01,387 - INFO - BuildTower - OpenPoseThread: Gaze3D frame=424 id=left label=Left person v=[-0.446, 0.446, 0.777] yaw=-29.8 pitch=-26.5
2025-12-19 15:35:01,388 - INFO - BuildTower - OpenPoseThread: Gaze3D frame=424 id=right label=Right person v=[-0.388, -0.767, 0.510] yaw=-37.3 pitch=50.1
2025-12-19 15:35:01,726 - INFO - BuildTower - Sending to OpenPose (via thread): PR: Arm Extended Check
2025-12-19 15:35:01,726 - INFO - BuildTower - OpenPoseThread: sending cmd: PR: Arm Extended Check
2025-12-19 15:35:02,014 - INFO - BuildTower - OpenPoseThread: gaze frame_idx=432 ts=2025-12-19T15:35:02.012824Z people=2
2025-12-19 15:35:02,014 - INFO - BuildTower - OpenPoseThread: Gaze3D frame=432 id=left label=Left person v=[-0.457, 0.234, 0.858] yaw=-28.0 pitch=-13.5
2025-12-19 15:35:02,014 - INFO - BuildTower - OpenPoseThread: Gaze3D frame=432 id=right label=Right person v=[-0.384, -0.358, 0.851] yaw=-24.3 pitch=21.0
2025-12-19 15:35:02,683 - INFO - BuildTower - OpenPoseThread: gaze frame_idx=440 ts=2025-12-19T15:35:02.682589Z people=2
2025-12-19 15:35:02,683 - INFO - BuildTower - OpenPoseThread: Gaze3D frame=440 id=left label=Left person v=[-0.466, 0.319, 0.825] yaw=-29.4 pitch=-18.6
2025-12-19 15:35:02,683 - INFO - BuildTower - OpenPoseThread: Gaze3D frame=440 id=right label=Right person v=[-0.419, -0.128, 0.899] yaw=-25.0 pitch=7.3
2025-12-19 15:35:03,407 - INFO - BuildTower - OpenPoseThread: gaze frame_idx=448 ts=2025-12-19T15:35:03.406581Z people=2
2025-12-19 15:35:03,407 - INFO - BuildTower - OpenPoseThread: Gaze3D frame=448 id=left label=Left person v=[-0.423, 0.284, 0.861] yaw=-26.2 pitch=-16.5
2025-12-19 15:35:03,408 - INFO - BuildTower - OpenPoseThread: Gaze3D frame=448 id=right label=Right person v=[-0.313, -0.184, 0.932] yaw=-18.5 pitch=10.6
2025-12-19 15:35:03,534 - INFO - BuildTower - OpenPoseThread: received reply: Right: Arm Extended
2025-12-19 15:35:03,535 - INFO - BuildTower - Sending to OpenPose (via thread): PR: Arm Retracted Check
2025-12-19 15:35:03,535 - INFO - BuildTower - OpenPoseThread: sending cmd: PR: Arm Retracted Check
2025-12-19 15:35:04,103 - INFO - BuildTower - OpenPoseThread: gaze frame_idx=456 ts=2025-12-19T15:35:04.102046Z people=2
2025-12-19 15:35:04,103 - INFO - BuildTower - OpenPoseThread: Gaze3D frame=456 id=left label=Left person v=[-0.255, -0.166, 0.953] yaw=-15.0 pitch=9.6
2025-12-19 15:35:04,103 - INFO - BuildTower - OpenPoseThread: Gaze3D frame=456 id=right label=Right person v=[-0.289, -0.192, 0.938] yaw=-17.1 pitch=11.1
2025-12-19 15:35:04,794 - INFO - BuildTower - OpenPoseThread: gaze frame_idx=464 ts=2025-12-19T15:35:04.793687Z people=2
2025-12-19 15:35:04,794 - INFO - BuildTower - OpenPoseThread: Gaze3D frame=464 id=left label=Left person v=[-0.468, 0.283, 0.837] yaw=-29.2 pitch=-16.4
2025-12-19 15:35:04,795 - INFO - BuildTower - OpenPoseThread: Gaze3D frame=464 id=right label=Right person v=[-0.190, -0.540, 0.820] yaw=-13.0 pitch=32.7
2025-12-19 15:35:05,523 - INFO - BuildTower - OpenPoseThread: gaze frame_idx=472 ts=2025-12-19T15:35:05.521711Z people=2
2025-12-19 15:35:05,523 - INFO - BuildTower - OpenPoseThread: Gaze3D frame=472 id=left label=Left person v=[-0.459, 0.258, 0.850] yaw=-28.4 pitch=-14.9
2025-12-19 15:35:05,523 - INFO - BuildTower - OpenPoseThread: Gaze3D frame=472 id=right label=Right person v=[-0.268, -0.699, 0.663] yaw=-22.0 pitch=44.4
2025-12-19 15:35:05,524 - INFO - BuildTower - OpenPoseThread: received reply: Right: Arm Retracted
2025-12-19 15:35:05,524 - INFO - BuildTower - Executing turn 4 out of 9.
2025-12-19 15:35:05,556 - INFO - BuildTower - Sending robot to home position.
2025-12-19 15:35:06,176 - INFO - BuildTower - Sending to OpenPose (via thread): PL: Arm Extended Check
2025-12-19 15:35:06,185 - INFO - BuildTower - OpenPoseThread: sending cmd: PL: Arm Extended Check
2025-12-19 15:35:06,226 - INFO - BuildTower - OpenPoseThread: gaze frame_idx=480 ts=2025-12-19T15:35:06.225005Z people=2
2025-12-19 15:35:06,226 - INFO - BuildTower - OpenPoseThread: Gaze3D frame=480 id=left label=Left person v=[-0.450, 0.380, 0.808] yaw=-29.1 pitch=-22.3
2025-12-19 15:35:06,226 - INFO - BuildTower - OpenPoseThread: Gaze3D frame=480 id=right label=Right person v=[-0.166, 0.013, 0.986] yaw=-9.6 pitch=-0.7
2025-12-19 15:35:06,610 - INFO - BuildTower - OpenPoseThread: received reply: Left: Arm Extended
2025-12-19 15:35:06,610 - INFO - BuildTower - Sending to OpenPose (via thread): PL: Arm Retracted Check
2025-12-19 15:35:06,611 - INFO - BuildTower - OpenPoseThread: sending cmd: PL: Arm Retracted Check
2025-12-19 15:35:06,670 - INFO - BuildTower - OpenPoseThread: received reply: Left: Arm Retracted
2025-12-19 15:35:06,670 - INFO - BuildTower - Executing turn 5 out of 9.
2025-12-19 15:35:06,681 - INFO - BuildTower - Sending robot to home position.
2025-12-19 15:35:06,991 - INFO - BuildTower - OpenPoseThread: gaze frame_idx=488 ts=2025-12-19T15:35:06.905108Z people=2
2025-12-19 15:35:06,991 - INFO - BuildTower - OpenPoseThread: Gaze3D frame=488 id=left label=Left person v=[-0.419, -0.145, 0.897] yaw=-25.0 pitch=8.3
2025-12-19 15:35:06,992 - INFO - BuildTower - OpenPoseThread: Gaze3D frame=488 id=right label=Right person v=[0.000, -0.528, 0.849] yaw=0.0 pitch=31.9
2025-12-19 15:35:07,302 - INFO - BuildTower - Sending to OpenPose (via thread): PR: Arm Extended Check
2025-12-19 15:35:07,302 - INFO - BuildTower - OpenPoseThread: sending cmd: PR: Arm Extended Check
2025-12-19 15:35:07,589 - INFO - BuildTower - OpenPoseThread: gaze frame_idx=496 ts=2025-12-19T15:35:07.587985Z people=2
2025-12-19 15:35:07,589 - INFO - BuildTower - OpenPoseThread: Gaze3D frame=496 id=left label=Left person v=[-0.426, -0.286, 0.858] yaw=-26.4 pitch=16.6
2025-12-19 15:35:07,589 - INFO - BuildTower - OpenPoseThread: Gaze3D frame=496 id=right label=Right person v=[-0.152, -0.366, 0.918] yaw=-9.4 pitch=21.5
2025-12-19 15:35:08,295 - INFO - BuildTower - OpenPoseThread: gaze frame_idx=504 ts=2025-12-19T15:35:08.294874Z people=2
2025-12-19 15:35:08,295 - INFO - BuildTower - OpenPoseThread: Gaze3D frame=504 id=left label=Left person v=[-0.412, -0.374, 0.831] yaw=-26.3 pitch=22.0
2025-12-19 15:35:08,296 - INFO - BuildTower - OpenPoseThread: Gaze3D frame=504 id=right label=Right person v=[-0.011, -0.537, 0.843] yaw=-0.8 pitch=32.5
2025-12-19 15:35:08,973 - INFO - BuildTower - OpenPoseThread: gaze frame_idx=512 ts=2025-12-19T15:35:08.972106Z people=2
2025-12-19 15:35:08,973 - INFO - BuildTower - OpenPoseThread: Gaze3D frame=512 id=left label=Left person v=[-0.456, 0.377, 0.806] yaw=-29.5 pitch=-22.2
2025-12-19 15:35:08,973 - INFO - BuildTower - OpenPoseThread: Gaze3D frame=512 id=right label=Right person v=[-0.218, -0.298, 0.929] yaw=-13.2 pitch=17.3
2025-12-19 15:35:09,675 - INFO - BuildTower - OpenPoseThread: gaze frame_idx=520 ts=2025-12-19T15:35:09.673953Z people=2
2025-12-19 15:35:09,675 - INFO - BuildTower - OpenPoseThread: Gaze3D frame=520 id=left label=Left person v=[-0.455, 0.382, 0.804] yaw=-29.5 pitch=-22.4
2025-12-19 15:35:09,675 - INFO - BuildTower - OpenPoseThread: Gaze3D frame=520 id=right label=Right person v=[-0.030, -0.449, 0.893] yaw=-2.0 pitch=26.7
2025-12-19 15:35:10,366 - INFO - BuildTower - OpenPoseThread: gaze frame_idx=528 ts=2025-12-19T15:35:10.365471Z people=2
2025-12-19 15:35:10,366 - INFO - BuildTower - OpenPoseThread: Gaze3D frame=528 id=left label=Left person v=[-0.420, 0.476, 0.772] yaw=-28.6 pitch=-28.4
2025-12-19 15:35:10,366 - INFO - BuildTower - OpenPoseThread: Gaze3D frame=528 id=right label=Right person v=[-0.359, -0.390, 0.848] yaw=-23.0 pitch=23.0
2025-12-19 15:35:11,094 - INFO - BuildTower - OpenPoseThread: gaze frame_idx=536 ts=2025-12-19T15:35:11.092844Z people=2
2025-12-19 15:35:11,094 - INFO - BuildTower - OpenPoseThread: Gaze3D frame=536 id=left label=Left person v=[-0.385, 0.326, 0.863] yaw=-24.1 pitch=-19.1
2025-12-19 15:35:11,094 - INFO - BuildTower - OpenPoseThread: Gaze3D frame=536 id=right label=Right person v=[-0.372, -0.041, 0.927] yaw=-21.8 pitch=2.3
2025-12-19 15:35:11,224 - INFO - BuildTower - OpenPoseThread: received reply: Right: Arm Extended
2025-12-19 15:35:11,224 - INFO - BuildTower - Sending to OpenPose (via thread): PR: Arm Retracted Check
2025-12-19 15:35:11,225 - INFO - BuildTower - OpenPoseThread: sending cmd: PR: Arm Retracted Check
2025-12-19 15:35:11,801 - INFO - BuildTower - OpenPoseThread: gaze frame_idx=544 ts=2025-12-19T15:35:11.800608Z people=2
2025-12-19 15:35:11,802 - INFO - BuildTower - OpenPoseThread: Gaze3D frame=544 id=left label=Left person v=[-0.437, 0.196, 0.878] yaw=-26.5 pitch=-11.3
2025-12-19 15:35:11,802 - INFO - BuildTower - OpenPoseThread: Gaze3D frame=544 id=right label=Right person v=[-0.504, -0.202, 0.840] yaw=-30.9 pitch=11.6
2025-12-19 15:35:12,505 - INFO - BuildTower - OpenPoseThread: gaze frame_idx=552 ts=2025-12-19T15:35:12.504352Z people=2
2025-12-19 15:35:12,505 - INFO - BuildTower - OpenPoseThread: Gaze3D frame=552 id=left label=Left person v=[-0.441, 0.266, 0.857] yaw=-27.2 pitch=-15.4
2025-12-19 15:35:12,505 - INFO - BuildTower - OpenPoseThread: Gaze3D frame=552 id=right label=Right person v=[-0.404, -0.325, 0.855] yaw=-25.3 pitch=19.0
2025-12-19 15:35:13,190 - INFO - BuildTower - OpenPoseThread: gaze frame_idx=560 ts=2025-12-19T15:35:13.189243Z people=2
2025-12-19 15:35:13,190 - INFO - BuildTower - OpenPoseThread: Gaze3D frame=560 id=left label=Left person v=[-0.475, 0.220, 0.852] yaw=-29.1 pitch=-12.7
2025-12-19 15:35:13,190 - INFO - BuildTower - OpenPoseThread: Gaze3D frame=560 id=right label=Right person v=[-0.428, 0.070, 0.901] yaw=-25.4 pitch=-4.0
2025-12-19 15:35:13,901 - INFO - BuildTower - OpenPoseThread: gaze frame_idx=568 ts=2025-12-19T15:35:13.899325Z people=2
2025-12-19 15:35:13,901 - INFO - BuildTower - OpenPoseThread: Gaze3D frame=568 id=left label=Left person v=[-0.503, 0.122, 0.855] yaw=-30.5 pitch=-7.0
2025-12-19 15:35:13,901 - INFO - BuildTower - OpenPoseThread: Gaze3D frame=568 id=right label=Right person v=[-0.348, -0.055, 0.936] yaw=-20.4 pitch=3.1
2025-12-19 15:35:14,097 - INFO - BuildTower - OpenPoseThread: received reply: Right: Arm Retracted
2025-12-19 15:35:14,098 - INFO - BuildTower - Executing turn 6 out of 9.
2025-12-19 15:35:14,132 - INFO - BuildTower - Sending robot to home position.
2025-12-19 15:35:14,639 - INFO - BuildTower - OpenPoseThread: gaze frame_idx=576 ts=2025-12-19T15:35:14.613771Z people=2
2025-12-19 15:35:14,640 - INFO - BuildTower - OpenPoseThread: Gaze3D frame=576 id=left label=Left person v=[-0.279, -0.165, 0.946] yaw=-16.4 pitch=9.5
2025-12-19 15:35:14,640 - INFO - BuildTower - OpenPoseThread: Gaze3D frame=576 id=right label=Right person v=[-0.333, -0.361, 0.871] yaw=-20.9 pitch=21.2
2025-12-19 15:35:14,752 - INFO - BuildTower - Sending to OpenPose (via thread): PL: Arm Extended Check
2025-12-19 15:35:14,753 - INFO - BuildTower - OpenPoseThread: sending cmd: PL: Arm Extended Check
2025-12-19 15:35:14,823 - INFO - BuildTower - OpenPoseThread: received reply: Left: Arm Extended
2025-12-19 15:35:14,824 - INFO - BuildTower - Sending to OpenPose (via thread): PL: Arm Retracted Check
2025-12-19 15:35:14,824 - INFO - BuildTower - OpenPoseThread: sending cmd: PL: Arm Retracted Check
2025-12-19 15:35:14,891 - INFO - BuildTower - OpenPoseThread: received reply: Left: Arm Retracted
2025-12-19 15:35:14,891 - INFO - BuildTower - Executing turn 7 out of 9.
2025-12-19 15:35:14,918 - INFO - BuildTower - Sending robot to home position.
2025-12-19 15:35:15,440 - INFO - BuildTower - OpenPoseThread: gaze frame_idx=584 ts=2025-12-19T15:35:15.334552Z people=2
2025-12-19 15:35:15,441 - INFO - BuildTower - OpenPoseThread: Gaze3D frame=584 id=left label=Left person v=[-0.455, 0.286, 0.843] yaw=-28.4 pitch=-16.6
2025-12-19 15:35:15,441 - INFO - BuildTower - OpenPoseThread: Gaze3D frame=584 id=right label=Right person v=[0.007, -0.406, 0.914] yaw=0.4 pitch=24.0
2025-12-19 15:35:15,532 - INFO - BuildTower - Sending to OpenPose (via thread): PR: Arm Extended Check
2025-12-19 15:35:15,532 - INFO - BuildTower - OpenPoseThread: sending cmd: PR: Arm Extended Check
2025-12-19 15:35:16,003 - INFO - BuildTower - OpenPoseThread: gaze frame_idx=592 ts=2025-12-19T15:35:16.001848Z people=2
2025-12-19 15:35:16,003 - INFO - BuildTower - OpenPoseThread: Gaze3D frame=592 id=left label=Left person v=[-0.432, 0.304, 0.849] yaw=-27.0 pitch=-17.7
2025-12-19 15:35:16,003 - INFO - BuildTower - OpenPoseThread: Gaze3D frame=592 id=right label=Right person v=[-0.084, -0.365, 0.927] yaw=-5.2 pitch=21.4
2025-12-19 15:35:16,707 - INFO - BuildTower - OpenPoseThread: gaze frame_idx=600 ts=2025-12-19T15:35:16.705800Z people=2
2025-12-19 15:35:16,707 - INFO - BuildTower - OpenPoseThread: Gaze3D frame=600 id=left label=Left person v=[-0.459, -0.120, 0.880] yaw=-27.5 pitch=6.9
2025-12-19 15:35:16,707 - INFO - BuildTower - OpenPoseThread: Gaze3D frame=600 id=right label=Right person v=[-0.202, -0.382, 0.902] yaw=-12.6 pitch=22.5
2025-12-19 15:35:17,396 - INFO - BuildTower - OpenPoseThread: gaze frame_idx=608 ts=2025-12-19T15:35:17.395176Z people=2
2025-12-19 15:35:17,396 - INFO - BuildTower - OpenPoseThread: Gaze3D frame=608 id=left label=Left person v=[-0.315, -0.149, 0.937] yaw=-18.6 pitch=8.5
2025-12-19 15:35:17,397 - INFO - BuildTower - OpenPoseThread: Gaze3D frame=608 id=right label=Right person v=[-0.075, -0.431, 0.899] yaw=-4.8 pitch=25.6
2025-12-19 15:35:18,101 - INFO - BuildTower - OpenPoseThread: gaze frame_idx=616 ts=2025-12-19T15:35:18.099977Z people=2
2025-12-19 15:35:18,101 - INFO - BuildTower - OpenPoseThread: Gaze3D frame=616 id=left label=Left person v=[-0.324, -0.291, 0.900] yaw=-19.8 pitch=16.9
2025-12-19 15:35:18,101 - INFO - BuildTower - OpenPoseThread: Gaze3D frame=616 id=right label=Right person v=[-0.420, -0.170, 0.892] yaw=-25.2 pitch=9.8
2025-12-19 15:35:18,748 - INFO - BuildTower - OpenPoseThread: gaze frame_idx=624 ts=2025-12-19T15:35:18.747743Z people=2
2025-12-19 15:35:18,749 - INFO - BuildTower - OpenPoseThread: Gaze3D frame=624 id=left label=Left person v=[-0.440, 0.120, 0.890] yaw=-26.3 pitch=-6.9
2025-12-19 15:35:18,749 - INFO - BuildTower - OpenPoseThread: Gaze3D frame=624 id=right label=Right person v=[-0.241, -0.569, 0.786] yaw=-17.0 pitch=34.7
2025-12-19 15:35:19,411 - INFO - BuildTower - OpenPoseThread: gaze frame_idx=632 ts=2025-12-19T15:35:19.410479Z people=2
2025-12-19 15:35:19,412 - INFO - BuildTower - OpenPoseThread: Gaze3D frame=632 id=left label=Left person v=[-0.471, 0.136, 0.872] yaw=-28.4 pitch=-7.8
2025-12-19 15:35:19,412 - INFO - BuildTower - OpenPoseThread: Gaze3D frame=632 id=right label=Right person v=[-0.224, -0.214, 0.951] yaw=-13.3 pitch=12.3
2025-12-19 15:35:20,085 - INFO - BuildTower - OpenPoseThread: gaze frame_idx=640 ts=2025-12-19T15:35:20.083994Z people=2
2025-12-19 15:35:20,085 - INFO - BuildTower - OpenPoseThread: Gaze3D frame=640 id=left label=Left person v=[-0.411, 0.439, 0.799] yaw=-27.2 pitch=-26.0
2025-12-19 15:35:20,085 - INFO - BuildTower - OpenPoseThread: Gaze3D frame=640 id=right label=Right person v=[-0.290, -0.504, 0.814] yaw=-19.6 pitch=30.2
2025-12-19 15:35:20,211 - INFO - BuildTower - OpenPoseThread: received reply: Right: Arm Extended
2025-12-19 15:35:20,211 - INFO - BuildTower - Sending to OpenPose (via thread): PR: Arm Retracted Check
2025-12-19 15:35:20,211 - INFO - BuildTower - OpenPoseThread: sending cmd: PR: Arm Retracted Check
2025-12-19 15:35:20,796 - INFO - BuildTower - OpenPoseThread: gaze frame_idx=648 ts=2025-12-19T15:35:20.787003Z people=2
2025-12-19 15:35:20,796 - INFO - BuildTower - OpenPoseThread: Gaze3D frame=648 id=left label=Left person v=[-0.439, 0.223, 0.870] yaw=-26.8 pitch=-12.9
2025-12-19 15:35:20,796 - INFO - BuildTower - OpenPoseThread: Gaze3D frame=648 id=right label=Right person v=[-0.456, -0.364, 0.813] yaw=-29.3 pitch=21.3
2025-12-19 15:35:21,503 - INFO - BuildTower - OpenPoseThread: gaze frame_idx=656 ts=2025-12-19T15:35:21.501948Z people=2
2025-12-19 15:35:21,503 - INFO - BuildTower - OpenPoseThread: Gaze3D frame=656 id=left label=Left person v=[-0.457, 0.107, 0.883] yaw=-27.3 pitch=-6.1
2025-12-19 15:35:21,503 - INFO - BuildTower - OpenPoseThread: Gaze3D frame=656 id=right label=Right person v=[-0.367, -0.552, 0.748] yaw=-26.2 pitch=33.5
2025-12-19 15:35:22,214 - INFO - BuildTower - OpenPoseThread: gaze frame_idx=664 ts=2025-12-19T15:35:22.212707Z people=2
2025-12-19 15:35:22,214 - INFO - BuildTower - OpenPoseThread: Gaze3D frame=664 id=left label=Left person v=[-0.436, 0.219, 0.873] yaw=-26.6 pitch=-12.6
2025-12-19 15:35:22,214 - INFO - BuildTower - OpenPoseThread: Gaze3D frame=664 id=right label=Right person v=[-0.360, -0.394, 0.846] yaw=-23.1 pitch=23.2
2025-12-19 15:35:22,325 - INFO - BuildTower - OpenPoseThread: received reply: Right: Arm Retracted
2025-12-19 15:35:22,325 - INFO - BuildTower - Executing turn 8 out of 9.
2025-12-19 15:35:22,325 - INFO - BuildTower - Moving block from start 0.28 to target 0.643. Turn: 8, Block Shape: 3
2025-12-19 15:35:22,328 - INFO - BuildTower - Sending gripper command: value=0
2025-12-19 15:35:22,853 - INFO - BuildTower - Gripper command 0 sent successfully.
2025-12-19 15:35:22,854 - INFO - BuildTower - Attempting to go to position: x=0.5, y=-0.2, z=0.325, theta_x=100.0, theta_y=0.0, theta_z=90.0
2025-12-19 15:35:22,854 - DEBUG - BuildTower - Set speed for pose: translation=1, orientation=100
2025-12-19 15:35:22,867 - INFO - BuildTower - OpenPoseThread: gaze frame_idx=672 ts=2025-12-19T15:35:22.861622Z people=2
2025-12-19 15:35:22,867 - INFO - BuildTower - OpenPoseThread: Gaze3D frame=672 id=left label=Left person v=[-0.413, 0.363, 0.835] yaw=-26.3 pitch=-21.3
2025-12-19 15:35:22,867 - INFO - BuildTower - OpenPoseThread: Gaze3D frame=672 id=right label=Right person v=[-0.234, -0.176, 0.956] yaw=-13.8 pitch=10.1
2025-12-19 15:35:22,879 - INFO - BuildTower - Pose action initiated, waiting for completion.
2025-12-19 15:35:23,629 - INFO - BuildTower - OpenPoseThread: gaze frame_idx=680 ts=2025-12-19T15:35:23.549592Z people=2
2025-12-19 15:35:23,629 - INFO - BuildTower - OpenPoseThread: Gaze3D frame=680 id=left label=Left person v=[-0.419, 0.257, 0.870] yaw=-25.7 pitch=-14.9
2025-12-19 15:35:23,629 - INFO - BuildTower - OpenPoseThread: Gaze3D frame=680 id=right label=Right person v=[-0.127, -0.423, 0.897] yaw=-8.0 pitch=25.0
2025-12-19 15:35:24,282 - INFO - BuildTower - OpenPoseThread: gaze frame_idx=688 ts=2025-12-19T15:35:24.256687Z people=2
2025-12-19 15:35:24,282 - INFO - BuildTower - OpenPoseThread: Gaze3D frame=688 id=left label=Left person v=[-0.423, 0.311, 0.851] yaw=-26.5 pitch=-18.1
2025-12-19 15:35:24,282 - INFO - BuildTower - OpenPoseThread: Gaze3D frame=688 id=right label=Right person v=[-0.181, -0.199, 0.963] yaw=-10.7 pitch=11.5
2025-12-19 15:35:25,044 - INFO - BuildTower - OpenPoseThread: gaze frame_idx=696 ts=2025-12-19T15:35:24.945514Z people=2
2025-12-19 15:35:25,044 - INFO - BuildTower - OpenPoseThread: Gaze3D frame=696 id=left label=Left person v=[-0.453, 0.365, 0.813] yaw=-29.1 pitch=-21.4
2025-12-19 15:35:25,044 - INFO - BuildTower - OpenPoseThread: Gaze3D frame=696 id=right label=Right person v=[-0.226, -0.101, 0.969] yaw=-13.1 pitch=5.8
2025-12-19 15:35:25,564 - INFO - BuildTower - Robot action ended.
2025-12-19 15:35:25,564 - INFO - BuildTower - Attempting to go to position: x=0.5, y=-0.2, z=0.28, theta_x=100.0, theta_y=0.0, theta_z=90.0
2025-12-19 15:35:25,565 - DEBUG - BuildTower - Set speed for pose: translation=1, orientation=100
2025-12-19 15:35:25,583 - INFO - BuildTower - Pose action initiated, waiting for completion.
2025-12-19 15:35:25,696 - INFO - BuildTower - OpenPoseThread: gaze frame_idx=704 ts=2025-12-19T15:35:25.613741Z people=2
2025-12-19 15:35:25,697 - INFO - BuildTower - OpenPoseThread: Gaze3D frame=704 id=left label=Left person v=[-0.461, 0.429, 0.777] yaw=-30.7 pitch=-25.4
2025-12-19 15:35:25,697 - INFO - BuildTower - OpenPoseThread: Gaze3D frame=704 id=right label=Right person v=[-0.300, 0.031, 0.953] yaw=-17.5 pitch=-1.8
2025-12-19 15:35:26,248 - INFO - BuildTower - OpenPoseThread: gaze frame_idx=712 ts=2025-12-19T15:35:26.247006Z people=2
2025-12-19 15:35:26,248 - INFO - BuildTower - OpenPoseThread: Gaze3D frame=712 id=left label=Left person v=[-0.441, 0.445, 0.779] yaw=-29.5 pitch=-26.4
2025-12-19 15:35:26,248 - INFO - BuildTower - OpenPoseThread: Gaze3D frame=712 id=right label=Right person v=[-0.322, 0.133, 0.937] yaw=-19.0 pitch=-7.6
2025-12-19 15:35:26,313 - INFO - BuildTower - Robot action ended.
2025-12-19 15:35:26,315 - INFO - BuildTower - Sending gripper command: value=0.2
2025-12-19 15:35:26,828 - INFO - BuildTower - Gripper command 0.2 sent successfully.
2025-12-19 15:35:26,831 - INFO - BuildTower - Attempting to go to position: x=0.5, y=-0.2, z=0.685, theta_x=100.0, theta_y=0.0, theta_z=90.0
2025-12-19 15:35:26,831 - DEBUG - BuildTower - Set speed for pose: translation=1, orientation=100
2025-12-19 15:35:26,855 - INFO - BuildTower - Pose action initiated, waiting for completion.
2025-12-19 15:35:27,010 - INFO - BuildTower - OpenPoseThread: gaze frame_idx=720 ts=2025-12-19T15:35:26.922817Z people=2
2025-12-19 15:35:27,010 - INFO - BuildTower - OpenPoseThread: Gaze3D frame=720 id=left label=Left person v=[-0.491, 0.399, 0.775] yaw=-32.4 pitch=-23.5
2025-12-19 15:35:27,010 - INFO - BuildTower - OpenPoseThread: Gaze3D frame=720 id=right label=Right person v=[-0.236, 0.018, 0.972] yaw=-13.6 pitch=-1.0
2025-12-19 15:35:27,662 - INFO - BuildTower - OpenPoseThread: gaze frame_idx=728 ts=2025-12-19T15:35:27.593175Z people=2
2025-12-19 15:35:27,663 - INFO - BuildTower - OpenPoseThread: Gaze3D frame=728 id=left label=Left person v=[-0.473, 0.403, 0.783] yaw=-31.2 pitch=-23.8
2025-12-19 15:35:27,663 - INFO - BuildTower - OpenPoseThread: Gaze3D frame=728 id=right label=Right person v=[-0.311, -0.121, 0.943] yaw=-18.3 pitch=7.0
2025-12-19 15:35:28,315 - INFO - BuildTower - OpenPoseThread: gaze frame_idx=736 ts=2025-12-19T15:35:28.256949Z people=2
2025-12-19 15:35:28,315 - INFO - BuildTower - OpenPoseThread: Gaze3D frame=736 id=left label=Left person v=[-0.478, 0.389, 0.788] yaw=-31.3 pitch=-22.9
2025-12-19 15:35:28,315 - INFO - BuildTower - OpenPoseThread: Gaze3D frame=736 id=right label=Right person v=[-0.204, -0.286, 0.936] yaw=-12.3 pitch=16.6
2025-12-19 15:35:28,967 - INFO - BuildTower - OpenPoseThread: gaze frame_idx=744 ts=2025-12-19T15:35:28.955565Z people=2
2025-12-19 15:35:28,967 - INFO - BuildTower - OpenPoseThread: Gaze3D frame=744 id=left label=Left person v=[-0.402, 0.357, 0.843] yaw=-25.5 pitch=-20.9
2025-12-19 15:35:28,968 - INFO - BuildTower - OpenPoseThread: Gaze3D frame=744 id=right label=Right person v=[-0.107, -0.166, 0.980] yaw=-6.2 pitch=9.6
2025-12-19 15:35:29,730 - INFO - BuildTower - OpenPoseThread: gaze frame_idx=752 ts=2025-12-19T15:35:29.666581Z people=2
2025-12-19 15:35:29,730 - INFO - BuildTower - OpenPoseThread: Gaze3D frame=752 id=left label=Left person v=[-0.359, 0.284, 0.889] yaw=-22.0 pitch=-16.5
2025-12-19 15:35:29,731 - INFO - BuildTower - OpenPoseThread: Gaze3D frame=752 id=right label=Right person v=[-0.202, -0.189, 0.961] yaw=-11.9 pitch=10.9
2025-12-19 15:35:30,383 - INFO - BuildTower - OpenPoseThread: gaze frame_idx=760 ts=2025-12-19T15:35:30.380581Z people=2
2025-12-19 15:35:30,383 - INFO - BuildTower - OpenPoseThread: Gaze3D frame=760 id=left label=Left person v=[-0.452, 0.289, 0.844] yaw=-28.2 pitch=-16.8
2025-12-19 15:35:30,383 - INFO - BuildTower - OpenPoseThread: Gaze3D frame=760 id=right label=Right person v=[-0.063, 0.021, 0.998] yaw=-3.6 pitch=-1.2
2025-12-19 15:35:31,145 - INFO - BuildTower - OpenPoseThread: gaze frame_idx=768 ts=2025-12-19T15:35:31.089090Z people=2
2025-12-19 15:35:31,146 - INFO - BuildTower - OpenPoseThread: Gaze3D frame=768 id=left label=Left person v=[-0.360, 0.294, 0.885] yaw=-22.1 pitch=-17.1
2025-12-19 15:35:31,146 - INFO - BuildTower - OpenPoseThread: Gaze3D frame=768 id=right label=Right person v=[-0.113, 0.002, 0.994] yaw=-6.5 pitch=-0.1
2025-12-19 15:35:31,191 - INFO - BuildTower - Robot action ended.
2025-12-19 15:35:31,191 - INFO - BuildTower - Attempting to go to position: x=0.737, y=0.0, z=0.6880000000000001, theta_x=100.0, theta_y=0.0, theta_z=90.0
2025-12-19 15:35:31,191 - DEBUG - BuildTower - Set speed for pose: translation=1, orientation=100
2025-12-19 15:35:31,205 - INFO - BuildTower - Pose action initiated, waiting for completion.
2025-12-19 15:35:31,798 - INFO - BuildTower - OpenPoseThread: gaze frame_idx=776 ts=2025-12-19T15:35:31.730722Z people=2
2025-12-19 15:35:31,798 - INFO - BuildTower - OpenPoseThread: Gaze3D frame=776 id=left label=Left person v=[-0.337, 0.336, 0.880] yaw=-21.0 pitch=-19.6
2025-12-19 15:35:31,798 - INFO - BuildTower - OpenPoseThread: Gaze3D frame=776 id=right label=Right person v=[-0.149, -0.241, 0.959] yaw=-8.8 pitch=14.0
2025-12-19 15:35:32,450 - INFO - BuildTower - OpenPoseThread: gaze frame_idx=784 ts=2025-12-19T15:35:32.427345Z people=2
2025-12-19 15:35:32,450 - INFO - BuildTower - OpenPoseThread: Gaze3D frame=784 id=left label=Left person v=[-0.392, 0.251, 0.885] yaw=-23.9 pitch=-14.6
2025-12-19 15:35:32,450 - INFO - BuildTower - OpenPoseThread: Gaze3D frame=784 id=right label=Right person v=[-0.128, -0.310, 0.942] yaw=-7.7 pitch=18.1
2025-12-19 15:35:33,102 - INFO - BuildTower - OpenPoseThread: gaze frame_idx=792 ts=2025-12-19T15:35:33.049920Z people=2
2025-12-19 15:35:33,102 - INFO - BuildTower - OpenPoseThread: Gaze3D frame=792 id=left label=Left person v=[-0.480, 0.205, 0.853] yaw=-29.4 pitch=-11.9
2025-12-19 15:35:33,103 - INFO - BuildTower - OpenPoseThread: Gaze3D frame=792 id=right label=Right person v=[-0.143, -0.178, 0.974] yaw=-8.4 pitch=10.2
2025-12-19 15:35:33,754 - INFO - BuildTower - OpenPoseThread: gaze frame_idx=800 ts=2025-12-19T15:35:33.751607Z people=2
2025-12-19 15:35:33,754 - INFO - BuildTower - OpenPoseThread: Gaze3D frame=800 id=left label=Left person v=[-0.403, 0.277, 0.872] yaw=-24.8 pitch=-16.1
2025-12-19 15:35:33,755 - INFO - BuildTower - OpenPoseThread: Gaze3D frame=800 id=right label=Right person v=[-0.097, -0.293, 0.951] yaw=-5.8 pitch=17.0
2025-12-19 15:35:34,517 - INFO - BuildTower - OpenPoseThread: gaze frame_idx=808 ts=2025-12-19T15:35:34.438066Z people=2
2025-12-19 15:35:34,517 - INFO - BuildTower - OpenPoseThread: Gaze3D frame=808 id=left label=Left person v=[-0.378, 0.274, 0.884] yaw=-23.1 pitch=-15.9
2025-12-19 15:35:34,517 - INFO - BuildTower - OpenPoseThread: Gaze3D frame=808 id=right label=Right person v=[-0.066, -0.409, 0.910] yaw=-4.2 pitch=24.1
2025-12-19 15:35:34,590 - INFO - BuildTower - Robot action ended.
2025-12-19 15:35:34,590 - INFO - BuildTower - Attempting to go to position: x=0.737, y=0.0, z=0.643, theta_x=100.0, theta_y=0.0, theta_z=90.0
2025-12-19 15:35:34,590 - DEBUG - BuildTower - Set speed for pose: translation=1, orientation=100
2025-12-19 15:35:34,605 - INFO - BuildTower - Pose action initiated, waiting for completion.
2025-12-19 15:35:35,169 - INFO - BuildTower - OpenPoseThread: gaze frame_idx=816 ts=2025-12-19T15:35:35.164082Z people=2
2025-12-19 15:35:35,169 - INFO - BuildTower - OpenPoseThread: Gaze3D frame=816 id=left label=Left person v=[-0.439, 0.270, 0.857] yaw=-27.1 pitch=-15.7
2025-12-19 15:35:35,169 - INFO - BuildTower - OpenPoseThread: Gaze3D frame=816 id=right label=Right person v=[-0.086, -0.290, 0.953] yaw=-5.2 pitch=16.9
2025-12-19 15:35:35,333 - INFO - BuildTower - Robot action ended.
2025-12-19 15:35:35,335 - INFO - BuildTower - Sending gripper command: value=0
2025-12-19 15:35:35,858 - INFO - BuildTower - Gripper command 0 sent successfully.
2025-12-19 15:35:35,860 - INFO - BuildTower - Attempting to go to position: x=0.737, y=0.0, z=0.6880000000000001, theta_x=100.0, theta_y=0.0, theta_z=90.0
2025-12-19 15:35:35,860 - DEBUG - BuildTower - Set speed for pose: translation=1, orientation=100
2025-12-19 15:35:35,879 - INFO - BuildTower - Pose action initiated, waiting for completion.
2025-12-19 15:35:35,934 - INFO - BuildTower - OpenPoseThread: gaze frame_idx=824 ts=2025-12-19T15:35:35.852772Z people=2
2025-12-19 15:35:35,934 - INFO - BuildTower - OpenPoseThread: Gaze3D frame=824 id=left label=Left person v=[-0.446, 0.241, 0.862] yaw=-27.4 pitch=-13.9
2025-12-19 15:35:35,935 - INFO - BuildTower - OpenPoseThread: Gaze3D frame=824 id=right label=Right person v=[-0.111, -0.378, 0.919] yaw=-6.9 pitch=22.2
2025-12-19 15:35:36,587 - INFO - BuildTower - OpenPoseThread: gaze frame_idx=832 ts=2025-12-19T15:35:36.525330Z people=2
2025-12-19 15:35:36,587 - INFO - BuildTower - OpenPoseThread: Gaze3D frame=832 id=left label=Left person v=[-0.405, 0.312, 0.860] yaw=-25.2 pitch=-18.2
2025-12-19 15:35:36,587 - INFO - BuildTower - OpenPoseThread: Gaze3D frame=832 id=right label=Right person v=[-0.142, -0.119, 0.983] yaw=-8.2 pitch=6.8
2025-12-19 15:35:36,613 - INFO - BuildTower - Robot action ended.
2025-12-19 15:35:36,614 - INFO - BuildTower - Robot completed its turn. Robot turn count: 3
2025-12-19 15:35:36,614 - INFO - BuildTower - Configuration number 1 finished.
2025-12-19 15:35:36,614 - INFO - BuildTower - OpenPoseThread: sending cmd: Configuration finished
2025-12-19 15:35:36,639 - INFO - BuildTower - OpenPoseThread: received reply: Received
2025-12-19 15:35:36,640 - INFO - BuildTower - Received reply from OpenPose server: Received
2025-12-19 15:36:25,984 - INFO - BuildTower - User pressed Enter. Continuing with configuration 2
