2026-01-09 14:18:29,409 - INFO - openpose - OpenPose server started and bound to tcp://*:5555
2026-01-09 14:18:29,409 - INFO - openpose - OpenPose server started and bound to tcp://*:5556
2026-01-09 14:18:29,421 - INFO - openpose - Starting OpenPose
2026-01-09 14:18:30,188 - INFO - openpose - OpenPose initialized - waiting for turn_order
2026-01-09 14:18:49,010 - INFO - openpose - Message received: ybypbpbpy

2026-01-09 14:18:49,796 - INFO - openpose - Gaze3D frame=0 id=None label=None v=[-0.524, 0.203, 0.827] yaw=-32.4 pitch=-11.7 cx=322.5244903564453
2026-01-09 14:18:49,796 - INFO - openpose - Gaze3D frame=0 id=None label=None v=[-0.388, -0.330, 0.861] yaw=-24.3 pitch=19.2 cx=463.3126678466797
2026-01-09 14:18:49,796 - INFO - openpose - Gaze PUB: people=2, frame_idx=0
2026-01-09 14:18:50,063 - INFO - openpose - Gaze3D frame=0 id=None label=None v=[-0.398, -0.248, 0.883] yaw=-24.3 pitch=14.4 cx=457.839111328125
2026-01-09 14:18:50,064 - INFO - openpose - Gaze3D frame=0 id=None label=None v=[-0.569, 0.054, 0.821] yaw=-34.7 pitch=-3.1 cx=322.728759765625
2026-01-09 14:18:50,064 - INFO - openpose - Gaze PUB: people=2, frame_idx=0
2026-01-09 14:18:50,320 - INFO - openpose - Gaze3D frame=0 id=None label=None v=[-0.361, -0.262, 0.895] yaw=-21.9 pitch=15.2 cx=457.5203552246094
2026-01-09 14:18:50,320 - INFO - openpose - Gaze3D frame=0 id=None label=None v=[-0.556, 0.224, 0.800] yaw=-34.8 pitch=-12.9 cx=323.1406555175781
2026-01-09 14:18:50,320 - INFO - openpose - Gaze PUB: people=2, frame_idx=0
2026-01-09 14:18:50,581 - INFO - openpose - Gaze3D frame=0 id=None label=None v=[-0.394, -0.207, 0.895] yaw=-23.7 pitch=12.0 cx=457.5471649169922
2026-01-09 14:18:50,581 - INFO - openpose - Gaze3D frame=0 id=None label=None v=[-0.549, -0.018, 0.836] yaw=-33.3 pitch=1.0 cx=322.4877624511719
2026-01-09 14:18:50,581 - INFO - openpose - Gaze PUB: people=2, frame_idx=0
2026-01-09 14:18:50,834 - INFO - openpose - Gaze3D frame=0 id=left label=Left person v=[-0.540, 0.189, 0.820] yaw=-33.3 pitch=-10.9 cx=322.83685302734375
2026-01-09 14:18:50,834 - INFO - openpose - Gaze3D frame=0 id=right label=Right person v=[-0.357, -0.227, 0.906] yaw=-21.5 pitch=13.1 cx=457.67616271972656
2026-01-09 14:18:50,834 - INFO - openpose - Gaze PUB: people=2, frame_idx=0
2026-01-09 14:18:50,834 - INFO - openpose - Robot's turn detected
2026-01-09 14:18:51,923 - INFO - openpose - Gaze3D frame=8 id=None label=None v=[-0.442, -0.224, 0.869] yaw=-27.0 pitch=12.9 cx=460.4580078125
2026-01-09 14:18:51,923 - INFO - openpose - Gaze3D frame=8 id=None label=None v=[-0.547, 0.089, 0.833] yaw=-33.3 pitch=-5.1 cx=324.2578125
2026-01-09 14:18:51,923 - INFO - openpose - Gaze PUB: people=2, frame_idx=8
2026-01-09 14:18:52,148 - INFO - openpose - Gaze3D frame=8 id=left label=Left person v=[-0.523, 0.144, 0.840] yaw=-31.9 pitch=-8.3 cx=323.9544982910156
2026-01-09 14:18:52,148 - INFO - openpose - Gaze3D frame=8 id=right label=Right person v=[-0.418, -0.244, 0.875] yaw=-25.5 pitch=14.1 cx=459.93885803222656
2026-01-09 14:18:52,148 - INFO - openpose - Gaze PUB: people=2, frame_idx=8
2026-01-09 14:18:53,154 - INFO - openpose - Gaze3D frame=16 id=left label=Left person v=[-0.582, 0.160, 0.797] yaw=-36.1 pitch=-9.2 cx=322.7886199951172
2026-01-09 14:18:53,154 - INFO - openpose - Gaze3D frame=16 id=right label=Right person v=[-0.442, -0.247, 0.862] yaw=-27.2 pitch=14.3 cx=459.4875183105469
2026-01-09 14:18:53,154 - INFO - openpose - Gaze PUB: people=2, frame_idx=16
2026-01-09 14:18:54,370 - INFO - openpose - Gaze3D frame=24 id=left label=Left person v=[-0.547, 0.314, 0.776] yaw=-35.2 pitch=-18.3 cx=323.77857971191406
2026-01-09 14:18:54,370 - INFO - openpose - Gaze3D frame=24 id=right label=Right person v=[-0.391, -0.302, 0.869] yaw=-24.2 pitch=17.6 cx=460.3330993652344
2026-01-09 14:18:54,370 - INFO - openpose - Gaze PUB: people=2, frame_idx=24
2026-01-09 14:18:55,306 - INFO - openpose - Gaze3D frame=32 id=left label=Left person v=[-0.583, -0.188, 0.790] yaw=-36.4 pitch=10.8 cx=322.0065002441406
2026-01-09 14:18:55,306 - INFO - openpose - Gaze3D frame=32 id=right label=Right person v=[-0.446, -0.258, 0.857] yaw=-27.5 pitch=14.9 cx=460.38720703125
2026-01-09 14:18:55,306 - INFO - openpose - Gaze PUB: people=2, frame_idx=32
2026-01-09 14:18:57,985 - INFO - openpose - Gaze3D frame=40 id=None label=None v=[-0.600, 0.098, 0.794] yaw=-37.0 pitch=-5.6 cx=321.9914245605469
2026-01-09 14:18:57,985 - INFO - openpose - Gaze3D frame=40 id=None label=None v=[-0.453, -0.289, 0.843] yaw=-28.2 pitch=16.8 cx=458.730224609375
2026-01-09 14:18:57,985 - INFO - openpose - Gaze PUB: people=2, frame_idx=40
2026-01-09 14:18:58,230 - INFO - openpose - Gaze3D frame=40 id=None label=None v=[-0.608, 0.165, 0.777] yaw=-38.0 pitch=-9.5 cx=321.4336700439453
2026-01-09 14:18:58,230 - INFO - openpose - Gaze3D frame=40 id=None label=None v=[-0.453, -0.306, 0.837] yaw=-28.4 pitch=17.8 cx=459.2093505859375
2026-01-09 14:18:58,230 - INFO - openpose - Gaze PUB: people=2, frame_idx=40
2026-01-09 14:18:58,481 - INFO - openpose - Gaze3D frame=40 id=None label=None v=[-0.486, -0.418, 0.768] yaw=-32.3 pitch=24.7 cx=459.37464904785156
2026-01-09 14:18:58,481 - INFO - openpose - Gaze3D frame=40 id=None label=None v=[-0.578, 0.049, 0.815] yaw=-35.3 pitch=-2.8 cx=321.35589599609375
2026-01-09 14:18:58,489 - INFO - openpose - Gaze PUB: people=2, frame_idx=40
2026-01-09 14:18:58,731 - INFO - openpose - Gaze3D frame=40 id=None label=None v=[-0.465, -0.318, 0.826] yaw=-29.4 pitch=18.6 cx=460.0514678955078
2026-01-09 14:18:58,731 - INFO - openpose - Gaze3D frame=40 id=None label=None v=[-0.652, -0.030, 0.758] yaw=-40.7 pitch=1.7 cx=321.55987548828125
2026-01-09 14:18:58,731 - INFO - openpose - Gaze PUB: people=2, frame_idx=40
2026-01-09 14:18:59,000 - INFO - openpose - Gaze3D frame=40 id=None label=None v=[-0.436, -0.309, 0.845] yaw=-27.3 pitch=18.0 cx=460.86448669433594
2026-01-09 14:18:59,001 - INFO - openpose - Gaze3D frame=40 id=None label=None v=[-0.615, 0.124, 0.779] yaw=-38.3 pitch=-7.1 cx=322.7522430419922
2026-01-09 14:18:59,001 - INFO - openpose - Gaze PUB: people=2, frame_idx=40
2026-01-09 14:18:59,245 - INFO - openpose - Gaze3D frame=40 id=None label=None v=[-0.596, 0.114, 0.795] yaw=-36.9 pitch=-6.6 cx=321.9741668701172
2026-01-09 14:18:59,245 - INFO - openpose - Gaze3D frame=40 id=None label=None v=[-0.481, -0.188, 0.857] yaw=-29.3 pitch=10.8 cx=461.212890625
2026-01-09 14:18:59,245 - INFO - openpose - Gaze PUB: people=2, frame_idx=40
2026-01-09 14:18:59,500 - INFO - openpose - Gaze3D frame=40 id=left label=Left person v=[-0.533, 0.170, 0.829] yaw=-32.8 pitch=-9.8 cx=322.10882568359375
2026-01-09 14:18:59,500 - INFO - openpose - Gaze3D frame=40 id=right label=Right person v=[-0.511, -0.274, 0.815] yaw=-32.1 pitch=15.9 cx=461.52964782714844
2026-01-09 14:18:59,500 - INFO - openpose - Gaze PUB: people=2, frame_idx=40
2026-01-09 14:19:00,483 - INFO - openpose - Gaze3D frame=48 id=left label=Left person v=[-0.660, -0.116, 0.742] yaw=-41.7 pitch=6.7 cx=323.02093505859375
2026-01-09 14:19:00,483 - INFO - openpose - Gaze3D frame=48 id=right label=Right person v=[-0.451, -0.317, 0.834] yaw=-28.4 pitch=18.5 cx=463.888916015625
2026-01-09 14:19:00,483 - INFO - openpose - Gaze PUB: people=2, frame_idx=48
2026-01-09 14:19:03,042 - INFO - openpose - Gaze3D frame=56 id=left label=Left person v=[-0.654, -0.038, 0.756] yaw=-40.9 pitch=2.2 cx=320.8788604736328
2026-01-09 14:19:03,042 - INFO - openpose - Gaze3D frame=56 id=right label=Right person v=[-0.485, -0.268, 0.833] yaw=-30.2 pitch=15.5 cx=460.033203125
2026-01-09 14:19:03,042 - INFO - openpose - Gaze PUB: people=2, frame_idx=56
2026-01-09 14:19:04,479 - INFO - openpose - Gaze3D frame=64 id=left label=Left person v=[-0.646, 0.142, 0.750] yaw=-40.8 pitch=-8.2 cx=318.86590576171875
2026-01-09 14:19:04,479 - INFO - openpose - Gaze3D frame=64 id=right label=Right person v=[-0.419, -0.242, 0.875] yaw=-25.6 pitch=14.0 cx=455.7837829589844
2026-01-09 14:19:04,479 - INFO - openpose - Gaze PUB: people=2, frame_idx=64
2026-01-09 14:19:05,253 - INFO - openpose - Gaze3D frame=72 id=left label=Left person v=[-0.547, 0.252, 0.798] yaw=-34.4 pitch=-14.6 cx=318.73704528808594
2026-01-09 14:19:05,253 - INFO - openpose - Gaze3D frame=72 id=right label=Right person v=[-0.457, -0.266, 0.849] yaw=-28.3 pitch=15.4 cx=455.8260803222656
2026-01-09 14:19:05,253 - INFO - openpose - Gaze PUB: people=2, frame_idx=72
2026-01-09 14:19:07,028 - INFO - openpose - Gaze3D frame=80 id=left label=Left person v=[-0.574, 0.393, 0.718] yaw=-38.6 pitch=-23.2 cx=319.34278869628906
2026-01-09 14:19:07,028 - INFO - openpose - Gaze3D frame=80 id=right label=Right person v=[-0.482, -0.324, 0.814] yaw=-30.6 pitch=18.9 cx=454.65806579589844
2026-01-09 14:19:07,029 - INFO - openpose - Gaze PUB: people=2, frame_idx=80
2026-01-09 14:19:09,241 - INFO - openpose - Gaze3D frame=88 id=left label=Left person v=[-0.671, 0.097, 0.735] yaw=-42.4 pitch=-5.6 cx=321.9442901611328
2026-01-09 14:19:09,241 - INFO - openpose - Gaze3D frame=88 id=right label=Right person v=[-0.516, -0.189, 0.835] yaw=-31.7 pitch=10.9 cx=454.1770324707031
2026-01-09 14:19:09,241 - INFO - openpose - Gaze PUB: people=2, frame_idx=88
2026-01-09 14:19:11,726 - INFO - openpose - Gaze3D frame=96 id=None label=None v=[-0.543, -0.420, 0.727] yaw=-36.7 pitch=24.8 cx=468.3565673828125
2026-01-09 14:19:11,726 - INFO - openpose - Gaze3D frame=96 id=None label=None v=[-0.727, -0.047, 0.685] yaw=-46.7 pitch=2.7 cx=321.0635070800781
2026-01-09 14:19:11,726 - INFO - openpose - Gaze PUB: people=2, frame_idx=96
2026-01-09 14:19:11,951 - INFO - openpose - Gaze3D frame=96 id=None label=None v=[-0.241, -0.377, 0.894] yaw=-15.1 pitch=22.2 cx=465.97772216796875
2026-01-09 14:19:11,951 - INFO - openpose - Gaze3D frame=96 id=None label=None v=[-0.592, 0.443, 0.673] yaw=-41.3 pitch=-26.3 cx=320.6427307128906
2026-01-09 14:19:11,951 - INFO - openpose - Gaze PUB: people=2, frame_idx=96
2026-01-09 14:19:12,213 - INFO - openpose - Gaze3D frame=96 id=None label=None v=[-0.486, -0.251, 0.837] yaw=-30.1 pitch=14.5 cx=319.2391357421875
2026-01-09 14:19:12,213 - INFO - openpose - Gaze3D frame=96 id=None label=None v=[-0.341, -0.304, 0.890] yaw=-21.0 pitch=17.7 cx=463.55360412597656
2026-01-09 14:19:12,213 - INFO - openpose - Gaze PUB: people=2, frame_idx=96
2026-01-09 14:19:12,449 - INFO - openpose - Gaze3D frame=96 id=None label=None v=[-0.454, -0.314, 0.834] yaw=-28.6 pitch=18.3 cx=319.42962646484375
2026-01-09 14:19:12,449 - INFO - openpose - Gaze3D frame=96 id=None label=None v=[-0.302, -0.420, 0.856] yaw=-19.4 pitch=24.8 cx=459.66175842285156
2026-01-09 14:19:12,449 - INFO - openpose - Gaze PUB: people=2, frame_idx=96
2026-01-09 14:19:12,684 - INFO - openpose - Gaze3D frame=96 id=None label=None v=[-0.754, -0.165, 0.636] yaw=-49.8 pitch=9.5 cx=320.9391174316406
2026-01-09 14:19:12,684 - INFO - openpose - Gaze3D frame=96 id=None label=None v=[-0.263, -0.418, 0.869] yaw=-16.9 pitch=24.7 cx=458.1884307861328
2026-01-09 14:19:12,684 - INFO - openpose - Gaze PUB: people=2, frame_idx=96
2026-01-09 14:19:12,906 - INFO - openpose - Gaze3D frame=96 id=left label=Left person v=[-0.844, 0.002, 0.536] yaw=-57.6 pitch=-0.1 cx=323.25274658203125
2026-01-09 14:19:12,906 - INFO - openpose - Gaze3D frame=96 id=right label=Right person v=[-0.291, -0.334, 0.897] yaw=-18.0 pitch=19.5 cx=458.5132751464844
2026-01-09 14:19:12,906 - INFO - openpose - Gaze PUB: people=2, frame_idx=96
2026-01-09 14:19:13,553 - INFO - openpose - Gaze3D frame=104 id=left label=Left person v=[-0.701, -0.449, 0.554] yaw=-51.7 pitch=26.7 cx=340.61915588378906
2026-01-09 14:19:13,553 - INFO - openpose - Gaze3D frame=104 id=right label=Right person v=[-0.203, -0.587, 0.784] yaw=-14.5 pitch=35.9 cx=457.4054870605469
2026-01-09 14:19:13,561 - INFO - openpose - Gaze PUB: people=2, frame_idx=104
2026-01-09 14:19:14,503 - INFO - openpose - Gaze3D frame=112 id=left label=Left person v=[-0.222, -0.785, 0.578] yaw=-21.0 pitch=51.7 cx=331.8296203613281
2026-01-09 14:19:14,503 - INFO - openpose - Gaze3D frame=112 id=right label=Right person v=[-0.571, -0.441, 0.692] yaw=-39.5 pitch=26.1 cx=463.4066925048828
2026-01-09 14:19:14,503 - INFO - openpose - Gaze PUB: people=2, frame_idx=112
2026-01-09 14:19:15,964 - INFO - openpose - Gaze3D frame=120 id=left label=Left person v=[-0.589, -0.137, 0.797] yaw=-36.5 pitch=7.9 cx=333.64500427246094
2026-01-09 14:19:15,965 - INFO - openpose - Gaze3D frame=120 id=right label=Right person v=[-0.415, -0.185, 0.891] yaw=-25.0 pitch=10.7 cx=468.4478302001953
2026-01-09 14:19:15,965 - INFO - openpose - Gaze PUB: people=2, frame_idx=120
2026-01-09 14:19:16,945 - INFO - openpose - Gaze3D frame=128 id=None label=None v=[-0.370, -0.613, 0.698] yaw=-27.9 pitch=37.8 cx=349.0861358642578
2026-01-09 14:19:16,945 - INFO - openpose - Gaze3D frame=128 id=None label=None v=[-0.376, -0.444, 0.813] yaw=-24.8 pitch=26.4 cx=464.05975341796875
2026-01-09 14:19:16,946 - INFO - openpose - Gaze PUB: people=2, frame_idx=128
2026-01-09 14:19:17,209 - INFO - openpose - Gaze3D frame=128 id=None label=None v=[-0.707, 0.055, 0.705] yaw=-45.0 pitch=-3.2 cx=348.23609924316406
2026-01-09 14:19:17,209 - INFO - openpose - Gaze3D frame=128 id=None label=None v=[-0.136, -0.682, 0.719] yaw=-10.7 pitch=43.0 cx=463.65269470214844
2026-01-09 14:19:17,209 - INFO - openpose - Gaze PUB: people=2, frame_idx=128
2026-01-09 14:19:17,468 - INFO - openpose - Gaze3D frame=128 id=left label=Left person v=[-0.707, 0.305, 0.638] yaw=-47.9 pitch=-17.8 cx=341.06597900390625
2026-01-09 14:19:17,468 - INFO - openpose - Gaze3D frame=128 id=right label=Right person v=[-0.365, -0.284, 0.887] yaw=-22.4 pitch=16.5 cx=464.91522216796875
2026-01-09 14:19:17,468 - INFO - openpose - Gaze PUB: people=2, frame_idx=128
2026-01-09 14:19:17,599 - INFO - openpose - Left person: Arm EXTENDED (depth-plane)
2026-01-09 14:19:17,600 - INFO - openpose - ZMQ Message received (non-blocking): PL: Arm Extended Check
2026-01-09 14:19:17,600 - INFO - openpose - ZMQ Sending: Left: Arm Extended
2026-01-09 14:19:19,091 - INFO - openpose - Gaze3D frame=136 id=left label=Left person v=[-0.484, 0.296, 0.824] yaw=-30.4 pitch=-17.2 cx=366.3606872558594
2026-01-09 14:19:19,091 - INFO - openpose - Gaze3D frame=136 id=right label=Right person v=[-0.579, -0.401, 0.710] yaw=-39.2 pitch=23.6 cx=467.05335998535156
2026-01-09 14:19:19,091 - INFO - openpose - Gaze PUB: people=2, frame_idx=136
2026-01-09 14:19:21,260 - INFO - openpose - Gaze3D frame=144 id=left label=Left person v=[-0.398, -0.260, 0.880] yaw=-24.3 pitch=15.0 cx=368.4156951904297
2026-01-09 14:19:21,260 - INFO - openpose - Gaze3D frame=144 id=right label=Right person v=[-0.194, -0.677, 0.710] yaw=-15.3 pitch=42.6 cx=463.25099182128906
2026-01-09 14:19:21,260 - INFO - openpose - Gaze PUB: people=2, frame_idx=144
2026-01-09 14:19:21,379 - INFO - openpose - Left person: Arm RETRACTED (depth-plane)
2026-01-09 14:19:21,379 - INFO - openpose - ZMQ Message received (non-blocking): PL: Arm Retracted Check
2026-01-09 14:19:21,379 - INFO - openpose - ZMQ Sending: Left: Arm Retracted
2026-01-09 14:19:21,442 - INFO - openpose - Robot's turn detected
2026-01-09 14:19:22,032 - INFO - openpose - Gaze3D frame=152 id=None label=None v=[-0.598, -0.445, 0.667] yaw=-41.9 pitch=26.4 cx=336.48045349121094
2026-01-09 14:19:22,032 - INFO - openpose - Gaze3D frame=152 id=None label=None v=[-0.451, -0.294, 0.843] yaw=-28.1 pitch=17.1 cx=462.4071350097656
2026-01-09 14:19:22,032 - INFO - openpose - Gaze PUB: people=2, frame_idx=152
2026-01-09 14:19:22,301 - INFO - openpose - Gaze3D frame=152 id=left label=Left person v=[-0.729, 0.248, 0.638] yaw=-48.8 pitch=-14.4 cx=336.51336669921875
2026-01-09 14:19:22,301 - INFO - openpose - Gaze3D frame=152 id=right label=Right person v=[-0.336, -0.315, 0.888] yaw=-20.7 pitch=18.4 cx=460.7329406738281
2026-01-09 14:19:22,301 - INFO - openpose - Gaze PUB: people=2, frame_idx=152
2026-01-09 14:19:23,013 - INFO - openpose - Gaze3D frame=160 id=left label=Left person v=[-0.436, 0.204, 0.876] yaw=-26.5 pitch=-11.8 cx=330.01373291015625
2026-01-09 14:19:23,013 - INFO - openpose - Gaze3D frame=160 id=right label=Right person v=[-0.358, -0.275, 0.892] yaw=-21.9 pitch=16.0 cx=461.55799865722656
2026-01-09 14:19:23,013 - INFO - openpose - Gaze PUB: people=2, frame_idx=160
2026-01-09 14:19:23,883 - INFO - openpose - Gaze3D frame=168 id=left label=Left person v=[-0.517, -0.018, 0.856] yaw=-31.1 pitch=1.0 cx=323.8464050292969
2026-01-09 14:19:23,883 - INFO - openpose - Gaze3D frame=168 id=right label=Right person v=[-0.350, -0.322, 0.880] yaw=-21.7 pitch=18.8 cx=460.49830627441406
2026-01-09 14:19:23,883 - INFO - openpose - Gaze PUB: people=2, frame_idx=168
2026-01-09 14:19:24,670 - INFO - openpose - Gaze3D frame=176 id=None label=None v=[-0.445, -0.521, 0.728] yaw=-31.4 pitch=31.4 cx=320.8083190917969
2026-01-09 14:19:24,670 - INFO - openpose - Gaze3D frame=176 id=None label=None v=[-0.457, -0.219, 0.862] yaw=-27.9 pitch=12.6 cx=461.5168151855469
2026-01-09 14:19:24,670 - INFO - openpose - Gaze PUB: people=2, frame_idx=176
2026-01-09 14:19:24,912 - INFO - openpose - Gaze3D frame=176 id=None label=None v=[-0.345, -0.667, 0.660] yaw=-27.6 pitch=41.9 cx=318.6051940917969
2026-01-09 14:19:24,912 - INFO - openpose - Gaze3D frame=176 id=None label=None v=[-0.447, -0.320, 0.835] yaw=-28.2 pitch=18.7 cx=461.9528503417969
2026-01-09 14:19:24,912 - INFO - openpose - Gaze PUB: people=2, frame_idx=176
2026-01-09 14:19:25,138 - INFO - openpose - Gaze3D frame=176 id=left label=Left person v=[-0.117, -0.649, 0.752] yaw=-8.8 pitch=40.5 cx=318.19879150390625
2026-01-09 14:19:25,138 - INFO - openpose - Gaze3D frame=176 id=right label=Right person v=[-0.443, -0.285, 0.850] yaw=-27.5 pitch=16.5 cx=462.35089111328125
2026-01-09 14:19:25,138 - INFO - openpose - Gaze PUB: people=2, frame_idx=176
2026-01-09 14:19:25,897 - INFO - openpose - Gaze3D frame=184 id=None label=None v=[-0.483, -0.181, 0.857] yaw=-29.4 pitch=10.4 cx=320.90264892578125
2026-01-09 14:19:25,898 - INFO - openpose - Gaze3D frame=184 id=None label=None v=[-0.474, -0.330, 0.817] yaw=-30.1 pitch=19.2 cx=462.1988220214844
2026-01-09 14:19:25,898 - INFO - openpose - Gaze PUB: people=2, frame_idx=184
2026-01-09 14:19:26,124 - INFO - openpose - Gaze3D frame=184 id=None label=None v=[-0.488, -0.371, 0.790] yaw=-31.7 pitch=21.8 cx=321.73533630371094
2026-01-09 14:19:26,124 - INFO - openpose - Gaze3D frame=184 id=None label=None v=[-0.448, -0.337, 0.828] yaw=-28.4 pitch=19.7 cx=462.23944091796875
2026-01-09 14:19:26,124 - INFO - openpose - Gaze PUB: people=2, frame_idx=184
2026-01-09 14:19:26,370 - INFO - openpose - Gaze3D frame=184 id=None label=None v=[-0.539, -0.338, 0.772] yaw=-34.9 pitch=19.7 cx=321.2326354980469
2026-01-09 14:19:26,370 - INFO - openpose - Gaze3D frame=184 id=None label=None v=[-0.424, -0.253, 0.869] yaw=-26.0 pitch=14.7 cx=462.1542663574219
2026-01-09 14:19:26,370 - INFO - openpose - Gaze PUB: people=2, frame_idx=184
2026-01-09 14:19:26,618 - INFO - openpose - Gaze3D frame=184 id=None label=None v=[-0.458, -0.253, 0.852] yaw=-28.2 pitch=14.6 cx=461.9912872314453
2026-01-09 14:19:26,618 - INFO - openpose - Gaze3D frame=184 id=None label=None v=[-0.503, -0.163, 0.849] yaw=-30.7 pitch=9.4 cx=321.04994201660156
2026-01-09 14:19:26,618 - INFO - openpose - Gaze PUB: people=2, frame_idx=184
2026-01-09 14:19:26,897 - INFO - openpose - Gaze3D frame=184 id=None label=None v=[-0.553, 0.033, 0.832] yaw=-33.6 pitch=-1.9 cx=321.9077453613281
2026-01-09 14:19:26,898 - INFO - openpose - Gaze3D frame=184 id=None label=None v=[-0.455, -0.266, 0.850] yaw=-28.2 pitch=15.4 cx=461.7166748046875
2026-01-09 14:19:26,898 - INFO - openpose - Gaze PUB: people=2, frame_idx=184
2026-01-09 14:19:27,159 - INFO - openpose - Gaze3D frame=184 id=None label=None v=[-0.498, -0.218, 0.839] yaw=-30.7 pitch=12.6 cx=323.0860137939453
2026-01-09 14:19:27,159 - INFO - openpose - Gaze3D frame=184 id=None label=None v=[-0.417, -0.308, 0.855] yaw=-26.0 pitch=17.9 cx=461.1781311035156
2026-01-09 14:19:27,159 - INFO - openpose - Gaze PUB: people=2, frame_idx=184
2026-01-09 14:19:27,492 - INFO - openpose - Gaze3D frame=184 id=None label=None v=[-0.470, -0.268, 0.841] yaw=-29.2 pitch=15.5 cx=324.0526428222656
2026-01-09 14:19:27,492 - INFO - openpose - Gaze3D frame=184 id=None label=None v=[-0.413, -0.262, 0.872] yaw=-25.4 pitch=15.2 cx=460.9077453613281
2026-01-09 14:19:27,492 - INFO - openpose - Gaze3D frame=184 id=None label=None v=[-0.081, 0.425, 0.901] yaw=-5.1 pitch=-25.2 cx=15.503403902053833
2026-01-09 14:19:27,492 - INFO - openpose - Gaze PUB: people=3, frame_idx=184
2026-01-09 14:19:27,796 - INFO - openpose - Gaze3D frame=184 id=None label=None v=[-0.409, -0.264, 0.874] yaw=-25.1 pitch=15.3 cx=460.5547332763672
2026-01-09 14:19:27,796 - INFO - openpose - Gaze3D frame=184 id=None label=None v=[-0.482, -0.255, 0.838] yaw=-29.9 pitch=14.8 cx=324.8248748779297
2026-01-09 14:19:27,796 - INFO - openpose - Gaze3D frame=184 id=None label=None v=[-0.066, 0.363, 0.929] yaw=-4.1 pitch=-21.3 cx=13.76628065109253
2026-01-09 14:19:27,796 - INFO - openpose - Gaze PUB: people=3, frame_idx=184
2026-01-09 14:19:28,023 - INFO - openpose - Gaze3D frame=184 id=left label=Left person v=[-0.504, -0.168, 0.847] yaw=-30.8 pitch=9.7 cx=325.00904846191406
2026-01-09 14:19:28,023 - INFO - openpose - Gaze3D frame=184 id=right label=Right person v=[-0.465, -0.328, 0.822] yaw=-29.5 pitch=19.2 cx=460.56858825683594
2026-01-09 14:19:28,023 - INFO - openpose - Gaze PUB: people=2, frame_idx=184
2026-01-09 14:19:29,539 - INFO - openpose - Gaze3D frame=192 id=left label=Left person v=[-0.555, -0.155, 0.817] yaw=-34.2 pitch=8.9 cx=325.19227600097656
2026-01-09 14:19:29,539 - INFO - openpose - Gaze3D frame=192 id=right label=Right person v=[-0.380, -0.249, 0.891] yaw=-23.1 pitch=14.4 cx=460.2066650390625
2026-01-09 14:19:29,539 - INFO - openpose - Gaze PUB: people=2, frame_idx=192
2026-01-09 14:19:30,197 - INFO - openpose - Gaze3D frame=200 id=left label=Left person v=[-0.589, 0.271, 0.761] yaw=-37.7 pitch=-15.7 cx=325.6208190917969
2026-01-09 14:19:30,198 - INFO - openpose - Gaze3D frame=200 id=right label=Right person v=[-0.391, -0.268, 0.881] yaw=-23.9 pitch=15.5 cx=460.4539031982422
2026-01-09 14:19:30,198 - INFO - openpose - Gaze PUB: people=2, frame_idx=200
2026-01-09 14:19:30,884 - INFO - openpose - Gaze3D frame=208 id=left label=Left person v=[-0.629, 0.254, 0.734] yaw=-40.6 pitch=-14.7 cx=325.13087463378906
2026-01-09 14:19:30,884 - INFO - openpose - Gaze3D frame=208 id=right label=Right person v=[-0.301, -0.289, 0.909] yaw=-18.3 pitch=16.8 cx=460.44493103027344
2026-01-09 14:19:30,884 - INFO - openpose - Gaze PUB: people=2, frame_idx=208
2026-01-09 14:19:31,812 - INFO - openpose - Gaze3D frame=216 id=left label=Left person v=[-0.634, 0.042, 0.772] yaw=-39.4 pitch=-2.4 cx=324.8650817871094
2026-01-09 14:19:31,813 - INFO - openpose - Gaze3D frame=216 id=right label=Right person v=[-0.413, -0.265, 0.872] yaw=-25.3 pitch=15.4 cx=461.21295166015625
2026-01-09 14:19:31,813 - INFO - openpose - Gaze PUB: people=2, frame_idx=216
2026-01-09 14:19:32,579 - INFO - openpose - Gaze3D frame=224 id=left label=Left person v=[-0.705, 0.460, 0.539] yaw=-52.6 pitch=-27.4 cx=327.8473663330078
2026-01-09 14:19:32,579 - INFO - openpose - Gaze3D frame=224 id=right label=Right person v=[-0.491, -0.347, 0.799] yaw=-31.5 pitch=20.3 cx=462.1659393310547
2026-01-09 14:19:32,579 - INFO - openpose - Gaze PUB: people=2, frame_idx=224
2026-01-09 14:19:33,352 - INFO - openpose - Gaze3D frame=232 id=None label=None v=[-0.669, -0.104, 0.736] yaw=-42.3 pitch=6.0 cx=328.8061981201172
2026-01-09 14:19:33,352 - INFO - openpose - Gaze3D frame=232 id=None label=None v=[-0.515, -0.289, 0.807] yaw=-32.6 pitch=16.8 cx=463.5784454345703
2026-01-09 14:19:33,352 - INFO - openpose - Gaze PUB: people=2, frame_idx=232
2026-01-09 14:19:33,618 - INFO - openpose - Gaze3D frame=232 id=left label=Left person v=[-0.688, -0.000, 0.726] yaw=-43.5 pitch=0.0 cx=328.39964294433594
2026-01-09 14:19:33,618 - INFO - openpose - Gaze3D frame=232 id=right label=Right person v=[-0.559, -0.318, 0.766] yaw=-36.2 pitch=18.5 cx=464.1230773925781
2026-01-09 14:19:33,618 - INFO - openpose - Gaze PUB: people=2, frame_idx=232
2026-01-09 14:19:34,478 - INFO - openpose - Gaze3D frame=240 id=left label=Left person v=[-0.687, 0.214, 0.694] yaw=-44.7 pitch=-12.4 cx=328.9476623535156
2026-01-09 14:19:34,478 - INFO - openpose - Gaze3D frame=240 id=right label=Right person v=[-0.525, -0.311, 0.792] yaw=-33.5 pitch=18.1 cx=463.7375183105469
2026-01-09 14:19:34,478 - INFO - openpose - Gaze PUB: people=2, frame_idx=240
2026-01-09 14:19:35,176 - INFO - openpose - Gaze3D frame=248 id=None label=None v=[-0.594, 0.347, 0.725] yaw=-39.3 pitch=-20.3 cx=329.8191375732422
2026-01-09 14:19:35,176 - INFO - openpose - Gaze3D frame=248 id=None label=None v=[-0.534, -0.379, 0.756] yaw=-35.2 pitch=22.3 cx=463.9898681640625
2026-01-09 14:19:35,176 - INFO - openpose - Gaze PUB: people=2, frame_idx=248
2026-01-09 14:19:35,439 - INFO - openpose - Gaze3D frame=248 id=left label=Left person v=[-0.618, 0.373, 0.692] yaw=-41.7 pitch=-21.9 cx=330.06947326660156
2026-01-09 14:19:35,440 - INFO - openpose - Gaze3D frame=248 id=right label=Right person v=[-0.484, -0.366, 0.795] yaw=-31.4 pitch=21.5 cx=463.6731719970703
2026-01-09 14:19:35,440 - INFO - openpose - Gaze PUB: people=2, frame_idx=248
2026-01-09 14:19:36,370 - INFO - openpose - Gaze3D frame=256 id=left label=Left person v=[-0.628, 0.169, 0.760] yaw=-39.6 pitch=-9.7 cx=329.6160888671875
2026-01-09 14:19:36,370 - INFO - openpose - Gaze3D frame=256 id=right label=Right person v=[-0.502, -0.304, 0.809] yaw=-31.8 pitch=17.7 cx=463.5803680419922
2026-01-09 14:19:36,370 - INFO - openpose - Gaze PUB: people=2, frame_idx=256
2026-01-09 14:19:38,871 - INFO - openpose - Gaze3D frame=264 id=left label=Left person v=[-0.456, -0.078, 0.887] yaw=-27.2 pitch=4.4 cx=325.29833984375
2026-01-09 14:19:38,871 - INFO - openpose - Gaze3D frame=264 id=right label=Right person v=[-0.435, -0.253, 0.864] yaw=-26.7 pitch=14.7 cx=461.88380432128906
2026-01-09 14:19:38,871 - INFO - openpose - Gaze PUB: people=2, frame_idx=264
2026-01-09 14:19:41,752 - INFO - openpose - Gaze3D frame=272 id=None label=None v=[-0.395, -0.240, 0.887] yaw=-24.0 pitch=13.9 cx=457.6704559326172
2026-01-09 14:19:41,752 - INFO - openpose - Gaze3D frame=272 id=None label=None v=[-0.605, 0.169, 0.778] yaw=-37.9 pitch=-9.7 cx=332.35032653808594
2026-01-09 14:19:41,752 - INFO - openpose - Gaze PUB: people=2, frame_idx=272
2026-01-09 14:19:42,005 - INFO - openpose - Gaze3D frame=272 id=None label=None v=[-0.615, 0.021, 0.788] yaw=-38.0 pitch=-1.2 cx=332.7972412109375
2026-01-09 14:19:42,005 - INFO - openpose - Gaze3D frame=272 id=None label=None v=[-0.552, -0.283, 0.784] yaw=-35.1 pitch=16.4 cx=457.0093536376953
2026-01-09 14:19:42,005 - INFO - openpose - Gaze PUB: people=2, frame_idx=272
2026-01-09 14:19:42,243 - INFO - openpose - Gaze3D frame=272 id=left label=Left person v=[-0.621, -0.001, 0.784] yaw=-38.4 pitch=0.1 cx=334.35321044921875
2026-01-09 14:19:42,244 - INFO - openpose - Gaze3D frame=272 id=right label=Right person v=[-0.483, -0.272, 0.833] yaw=-30.1 pitch=15.8 cx=456.4137725830078
2026-01-09 14:19:42,244 - INFO - openpose - Gaze PUB: people=2, frame_idx=272
2026-01-09 14:19:44,155 - INFO - openpose - Gaze3D frame=280 id=left label=Left person v=[-0.657, -0.161, 0.737] yaw=-41.7 pitch=9.3 cx=328.24517822265625
2026-01-09 14:19:44,155 - INFO - openpose - Gaze3D frame=280 id=right label=Right person v=[-0.332, -0.394, 0.857] yaw=-21.1 pitch=23.2 cx=463.3101348876953
2026-01-09 14:19:44,155 - INFO - openpose - Gaze PUB: people=2, frame_idx=280
2026-01-09 14:19:44,837 - INFO - openpose - Gaze3D frame=288 id=left label=Left person v=[-0.727, -0.257, 0.637] yaw=-48.8 pitch=14.9 cx=330.9790802001953
2026-01-09 14:19:44,838 - INFO - openpose - Gaze3D frame=288 id=right label=Right person v=[-0.549, -0.433, 0.715] yaw=-37.5 pitch=25.7 cx=428.9507293701172
2026-01-09 14:19:44,838 - INFO - openpose - Gaze PUB: people=2, frame_idx=288
2026-01-09 14:19:46,399 - INFO - openpose - Right person: Arm EXTENDED (depth-plane)
2026-01-09 14:19:46,399 - INFO - openpose - ZMQ Message received (non-blocking): PR: Arm Extended Check
2026-01-09 14:19:46,399 - INFO - openpose - ZMQ Sending: Right: Arm Extended
2026-01-09 14:19:47,027 - INFO - openpose - Gaze3D frame=296 id=left label=Left person v=[-0.588, 0.596, 0.547] yaw=-47.1 pitch=-36.6 cx=324.7747802734375
2026-01-09 14:19:47,027 - INFO - openpose - Gaze3D frame=296 id=right label=Right person v=[-0.084, -0.137, 0.987] yaw=-4.9 pitch=7.9 cx=398.1863250732422
2026-01-09 14:19:47,027 - INFO - openpose - Gaze PUB: people=2, frame_idx=296
2026-01-09 14:19:47,733 - INFO - openpose - Gaze3D frame=304 id=left label=Left person v=[-0.633, 0.327, 0.701] yaw=-42.1 pitch=-19.1 cx=325.51409912109375
2026-01-09 14:19:47,733 - INFO - openpose - Gaze3D frame=304 id=right label=Right person v=[-0.016, -0.212, 0.977] yaw=-0.9 pitch=12.2 cx=402.3933410644531
2026-01-09 14:19:47,733 - INFO - openpose - Gaze PUB: people=2, frame_idx=304
2026-01-09 14:19:48,385 - INFO - openpose - Gaze3D frame=312 id=left label=Left person v=[-0.657, 0.203, 0.726] yaw=-42.1 pitch=-11.7 cx=324.806640625
2026-01-09 14:19:48,385 - INFO - openpose - Gaze3D frame=312 id=right label=Right person v=[-0.329, -0.514, 0.792] yaw=-22.6 pitch=30.9 cx=422.25762939453125
2026-01-09 14:19:48,386 - INFO - openpose - Gaze PUB: people=2, frame_idx=312
2026-01-09 14:19:48,448 - INFO - openpose - Right person: Arm RETRACTED (depth-plane)
2026-01-09 14:19:48,448 - INFO - openpose - ZMQ Message received (non-blocking): PR: Arm Retracted Check
2026-01-09 14:19:48,449 - INFO - openpose - ZMQ Sending: Right: Arm Retracted
2026-01-09 14:19:49,064 - INFO - openpose - Gaze3D frame=320 id=left label=Left person v=[-0.633, 0.401, 0.662] yaw=-43.7 pitch=-23.6 cx=325.48915100097656
2026-01-09 14:19:49,064 - INFO - openpose - Gaze3D frame=320 id=right label=Right person v=[-0.452, -0.183, 0.873] yaw=-27.3 pitch=10.5 cx=452.8974914550781
2026-01-09 14:19:49,064 - INFO - openpose - Gaze PUB: people=2, frame_idx=320
2026-01-09 14:19:49,724 - INFO - openpose - Gaze3D frame=328 id=left label=Left person v=[-0.768, 0.020, 0.641] yaw=-50.2 pitch=-1.2 cx=326.5894012451172
2026-01-09 14:19:49,724 - INFO - openpose - Gaze3D frame=328 id=right label=Right person v=[-0.484, -0.336, 0.808] yaw=-30.9 pitch=19.6 cx=489.923583984375
2026-01-09 14:19:49,724 - INFO - openpose - Gaze PUB: people=2, frame_idx=328
2026-01-09 14:19:50,369 - INFO - openpose - Gaze3D frame=336 id=left label=Left person v=[-0.730, 0.087, 0.678] yaw=-47.1 pitch=-5.0 cx=327.528564453125
2026-01-09 14:19:50,370 - INFO - openpose - Gaze3D frame=336 id=right label=Right person v=[-0.391, -0.331, 0.858] yaw=-24.5 pitch=19.4 cx=462.7253112792969
2026-01-09 14:19:50,370 - INFO - openpose - Gaze PUB: people=2, frame_idx=336
2026-01-09 14:19:51,073 - INFO - openpose - Gaze3D frame=344 id=left label=Left person v=[-0.729, 0.256, 0.635] yaw=-49.0 pitch=-14.8 cx=327.5711364746094
2026-01-09 14:19:51,073 - INFO - openpose - Gaze3D frame=344 id=right label=Right person v=[-0.515, -0.295, 0.805] yaw=-32.6 pitch=17.2 cx=471.8576965332031
2026-01-09 14:19:51,073 - INFO - openpose - Gaze PUB: people=2, frame_idx=344
2026-01-09 14:19:51,759 - INFO - openpose - Gaze3D frame=352 id=left label=Left person v=[-0.684, 0.239, 0.689] yaw=-44.8 pitch=-13.8 cx=327.9585723876953
2026-01-09 14:19:51,759 - INFO - openpose - Gaze3D frame=352 id=right label=Right person v=[-0.351, -0.398, 0.848] yaw=-22.5 pitch=23.5 cx=472.56199645996094
2026-01-09 14:19:51,759 - INFO - openpose - Gaze PUB: people=2, frame_idx=352
2026-01-09 14:19:52,455 - INFO - openpose - Gaze3D frame=360 id=left label=Left person v=[-0.698, -0.023, 0.715] yaw=-44.3 pitch=1.3 cx=328.53350830078125
2026-01-09 14:19:52,455 - INFO - openpose - Gaze3D frame=360 id=right label=Right person v=[-0.544, -0.593, 0.593] yaw=-42.5 pitch=36.4 cx=471.90757751464844
2026-01-09 14:19:52,455 - INFO - openpose - Gaze PUB: people=2, frame_idx=360
2026-01-09 14:19:53,160 - INFO - openpose - Gaze3D frame=368 id=left label=Left person v=[-0.707, 0.224, 0.670] yaw=-46.5 pitch=-12.9 cx=328.3759002685547
2026-01-09 14:19:53,160 - INFO - openpose - Gaze3D frame=368 id=right label=Right person v=[-0.594, -0.419, 0.687] yaw=-40.8 pitch=24.7 cx=470.4286193847656
2026-01-09 14:19:53,160 - INFO - openpose - Gaze PUB: people=2, frame_idx=368
2026-01-09 14:19:53,815 - INFO - openpose - Gaze3D frame=376 id=left label=Left person v=[-0.695, 0.273, 0.665] yaw=-46.3 pitch=-15.8 cx=328.542236328125
2026-01-09 14:19:53,815 - INFO - openpose - Gaze3D frame=376 id=right label=Right person v=[-0.379, -0.388, 0.840] yaw=-24.3 pitch=22.8 cx=470.5888214111328
2026-01-09 14:19:53,815 - INFO - openpose - Gaze PUB: people=2, frame_idx=376
2026-01-09 14:19:54,509 - INFO - openpose - Gaze3D frame=384 id=left label=Left person v=[-0.657, 0.294, 0.694] yaw=-43.4 pitch=-17.1 cx=328.64825439453125
2026-01-09 14:19:54,509 - INFO - openpose - Gaze3D frame=384 id=right label=Right person v=[-0.057, -0.670, 0.740] yaw=-4.4 pitch=42.1 cx=470.0560302734375
2026-01-09 14:19:54,509 - INFO - openpose - Gaze PUB: people=2, frame_idx=384
2026-01-09 14:19:55,190 - INFO - openpose - Gaze3D frame=392 id=left label=Left person v=[-0.297, -0.627, 0.720] yaw=-22.4 pitch=38.8 cx=321.89170837402344
2026-01-09 14:19:55,190 - INFO - openpose - Gaze3D frame=392 id=right label=Right person v=[-0.303, -0.604, 0.737] yaw=-22.3 pitch=37.2 cx=471.1024475097656
2026-01-09 14:19:55,190 - INFO - openpose - Gaze PUB: people=2, frame_idx=392
2026-01-09 14:19:55,904 - INFO - openpose - Gaze3D frame=400 id=left label=Left person v=[-0.774, -0.115, 0.623] yaw=-51.2 pitch=6.6 cx=325.9913787841797
2026-01-09 14:19:55,905 - INFO - openpose - Gaze3D frame=400 id=right label=Right person v=[-0.069, -0.745, 0.664] yaw=-5.9 pitch=48.1 cx=467.75987243652344
2026-01-09 14:19:55,905 - INFO - openpose - Gaze PUB: people=2, frame_idx=400
2026-01-09 14:19:56,603 - INFO - openpose - Gaze3D frame=408 id=left label=Left person v=[-0.529, -0.455, 0.717] yaw=-36.4 pitch=27.1 cx=330.54237365722656
2026-01-09 14:19:56,603 - INFO - openpose - Gaze3D frame=408 id=right label=Right person v=[-0.058, -0.708, 0.704] yaw=-4.7 pitch=45.1 cx=469.4887237548828
2026-01-09 14:19:56,603 - INFO - openpose - Gaze PUB: people=2, frame_idx=408
2026-01-09 14:19:57,310 - INFO - openpose - Gaze3D frame=416 id=left label=Left person v=[-0.455, -0.500, 0.737] yaw=-31.7 pitch=30.0 cx=328.102294921875
2026-01-09 14:19:57,310 - INFO - openpose - Gaze3D frame=416 id=right label=Right person v=[-0.314, -0.478, 0.820] yaw=-21.0 pitch=28.6 cx=472.4823303222656
2026-01-09 14:19:57,310 - INFO - openpose - Gaze PUB: people=2, frame_idx=416
2026-01-09 14:19:58,074 - INFO - openpose - Gaze3D frame=424 id=left label=Left person v=[-0.550, -0.543, 0.634] yaw=-40.9 pitch=32.9 cx=326.731689453125
2026-01-09 14:19:58,074 - INFO - openpose - Gaze3D frame=424 id=right label=Right person v=[-0.321, -0.390, 0.863] yaw=-20.4 pitch=23.0 cx=470.44110107421875
2026-01-09 14:19:58,074 - INFO - openpose - Gaze PUB: people=2, frame_idx=424
2026-01-09 14:19:58,756 - INFO - openpose - Gaze3D frame=432 id=left label=Left person v=[-0.600, 0.467, 0.649] yaw=-42.8 pitch=-27.8 cx=330.2120056152344
2026-01-09 14:19:58,757 - INFO - openpose - Gaze3D frame=432 id=right label=Right person v=[-0.356, -0.715, 0.602] yaw=-30.6 pitch=45.6 cx=470.9102325439453
2026-01-09 14:19:58,757 - INFO - openpose - Gaze PUB: people=2, frame_idx=432
2026-01-09 14:19:59,489 - INFO - openpose - Gaze3D frame=440 id=left label=Left person v=[-0.545, -0.166, 0.822] yaw=-33.5 pitch=9.6 cx=363.2705993652344
2026-01-09 14:19:59,489 - INFO - openpose - Gaze3D frame=440 id=right label=Right person v=[-0.266, -0.658, 0.705] yaw=-20.7 pitch=41.1 cx=481.2057647705078
2026-01-09 14:19:59,490 - INFO - openpose - Gaze PUB: people=2, frame_idx=440
2026-01-09 14:20:00,201 - INFO - openpose - Gaze3D frame=448 id=left label=Left person v=[-0.496, -0.586, 0.641] yaw=-37.7 pitch=35.9 cx=348.09661865234375
2026-01-09 14:20:00,201 - INFO - openpose - Gaze3D frame=448 id=right label=Right person v=[-0.454, -0.437, 0.777] yaw=-30.3 pitch=25.9 cx=482.2063751220703
2026-01-09 14:20:00,201 - INFO - openpose - Gaze PUB: people=2, frame_idx=448
2026-01-09 14:20:00,202 - INFO - openpose - Left person: Arm EXTENDED (depth-plane)
2026-01-09 14:20:00,202 - INFO - openpose - ZMQ Message received (non-blocking): PL: Arm Extended Check
2026-01-09 14:20:00,203 - INFO - openpose - ZMQ Sending: Left: Arm Extended
2026-01-09 14:20:00,888 - INFO - openpose - Gaze3D frame=456 id=None label=None v=[-0.294, -0.466, 0.834] yaw=-19.4 pitch=27.8 cx=499.84478759765625
2026-01-09 14:20:00,888 - INFO - openpose - Gaze3D frame=456 id=None label=None v=[-0.507, -0.053, 0.860] yaw=-30.5 pitch=3.0 cx=352.7041015625
2026-01-09 14:20:00,888 - INFO - openpose - Gaze PUB: people=2, frame_idx=456
2026-01-09 14:20:01,117 - INFO - openpose - Gaze3D frame=456 id=None label=None v=[-0.413, -0.416, 0.810] yaw=-27.0 pitch=24.6 cx=506.1069030761719
2026-01-09 14:20:01,117 - INFO - openpose - Gaze3D frame=456 id=None label=None v=[-0.430, 0.333, 0.839] yaw=-27.1 pitch=-19.4 cx=358.9687805175781
2026-01-09 14:20:01,117 - INFO - openpose - Gaze PUB: people=2, frame_idx=456
2026-01-09 14:20:01,389 - INFO - openpose - Gaze3D frame=456 id=left label=Left person v=[-0.368, 0.243, 0.897] yaw=-22.3 pitch=-14.1 cx=365.3328399658203
2026-01-09 14:20:01,389 - INFO - openpose - Gaze3D frame=456 id=right label=Right person v=[-0.426, -0.585, 0.690] yaw=-31.7 pitch=35.8 cx=500.76104736328125
2026-01-09 14:20:01,389 - INFO - openpose - Gaze PUB: people=2, frame_idx=456
2026-01-09 14:20:02,072 - INFO - openpose - Gaze3D frame=464 id=left label=Left person v=[-0.239, -0.017, 0.971] yaw=-13.8 pitch=0.9 cx=373.8047637939453
2026-01-09 14:20:02,072 - INFO - openpose - Gaze3D frame=464 id=right label=Right person v=[-0.475, -0.350, 0.808] yaw=-30.5 pitch=20.5 cx=471.5197296142578
2026-01-09 14:20:02,072 - INFO - openpose - Gaze PUB: people=2, frame_idx=464
2026-01-09 14:20:02,742 - INFO - openpose - Gaze3D frame=472 id=left label=Left person v=[-0.306, -0.057, 0.950] yaw=-17.9 pitch=3.3 cx=375.18983459472656
2026-01-09 14:20:02,742 - INFO - openpose - Gaze3D frame=472 id=right label=Right person v=[-0.095, -0.256, 0.962] yaw=-5.6 pitch=14.8 cx=474.4989471435547
2026-01-09 14:20:02,742 - INFO - openpose - Gaze PUB: people=2, frame_idx=472
2026-01-09 14:20:03,474 - INFO - openpose - Gaze3D frame=480 id=left label=Left person v=[-0.475, -0.133, 0.870] yaw=-28.6 pitch=7.7 cx=374.51612854003906
2026-01-09 14:20:03,474 - INFO - openpose - Gaze3D frame=480 id=right label=Right person v=[-0.228, -0.263, 0.937] yaw=-13.7 pitch=15.3 cx=485.2107238769531
2026-01-09 14:20:03,474 - INFO - openpose - Gaze PUB: people=2, frame_idx=480
2026-01-09 14:20:04,189 - INFO - openpose - Gaze3D frame=488 id=left label=Left person v=[-0.298, -0.434, 0.850] yaw=-19.3 pitch=25.7 cx=370.7576141357422
2026-01-09 14:20:04,189 - INFO - openpose - Gaze3D frame=488 id=right label=Right person v=[-0.338, -0.123, 0.933] yaw=-19.9 pitch=7.1 cx=479.6513214111328
2026-01-09 14:20:04,189 - INFO - openpose - Gaze PUB: people=2, frame_idx=488
2026-01-09 14:20:04,562 - INFO - openpose - Left person: Arm RETRACTED (depth-plane)
2026-01-09 14:20:04,562 - INFO - openpose - ZMQ Message received (non-blocking): PL: Arm Retracted Check
2026-01-09 14:20:04,562 - INFO - openpose - ZMQ Sending: Left: Arm Retracted
2026-01-09 14:20:04,865 - INFO - openpose - Gaze3D frame=496 id=left label=Left person v=[-0.392, -0.187, 0.901] yaw=-23.5 pitch=10.8 cx=367.4483337402344
2026-01-09 14:20:04,865 - INFO - openpose - Gaze3D frame=496 id=right label=Right person v=[-0.416, -0.407, 0.813] yaw=-27.1 pitch=24.0 cx=477.2229461669922
2026-01-09 14:20:04,865 - INFO - openpose - Gaze PUB: people=2, frame_idx=496
2026-01-09 14:20:05,747 - INFO - openpose - Gaze3D frame=504 id=left label=Left person v=[-0.597, 0.227, 0.770] yaw=-37.8 pitch=-13.1 cx=356.9250183105469
2026-01-09 14:20:05,747 - INFO - openpose - Gaze3D frame=504 id=right label=Right person v=[-0.431, -0.343, 0.834] yaw=-27.3 pitch=20.1 cx=461.565185546875
2026-01-09 14:20:05,747 - INFO - openpose - Gaze PUB: people=2, frame_idx=504
2026-01-09 14:20:06,460 - INFO - openpose - Gaze3D frame=512 id=left label=Left person v=[-0.690, 0.107, 0.716] yaw=-44.0 pitch=-6.2 cx=335.9327697753906
2026-01-09 14:20:06,461 - INFO - openpose - Gaze3D frame=512 id=right label=Right person v=[-0.546, -0.437, 0.715] yaw=-37.4 pitch=25.9 cx=484.99070739746094
2026-01-09 14:20:06,461 - INFO - openpose - Gaze PUB: people=2, frame_idx=512
2026-01-09 14:20:07,168 - INFO - openpose - Gaze3D frame=520 id=left label=Left person v=[-0.580, 0.240, 0.778] yaw=-36.7 pitch=-13.9 cx=328.4833679199219
2026-01-09 14:20:07,168 - INFO - openpose - Gaze3D frame=520 id=right label=Right person v=[-0.437, -0.116, 0.892] yaw=-26.1 pitch=6.7 cx=455.28721618652344
2026-01-09 14:20:07,168 - INFO - openpose - Gaze PUB: people=2, frame_idx=520
2026-01-09 14:20:08,390 - INFO - openpose - Gaze3D frame=528 id=None label=None v=[-0.476, -0.109, 0.873] yaw=-28.6 pitch=6.2 cx=449.83140563964844
2026-01-09 14:20:08,390 - INFO - openpose - Gaze3D frame=528 id=None label=None v=[-0.538, -0.096, 0.837] yaw=-32.7 pitch=5.5 cx=325.5651550292969
2026-01-09 14:20:08,390 - INFO - openpose - Gaze PUB: people=2, frame_idx=528
2026-01-09 14:20:08,633 - INFO - openpose - Gaze3D frame=528 id=left label=Left person v=[-0.535, 0.240, 0.810] yaw=-33.5 pitch=-13.9 cx=328.2409973144531
2026-01-09 14:20:08,633 - INFO - openpose - Gaze3D frame=528 id=right label=Right person v=[-0.484, -0.239, 0.842] yaw=-29.9 pitch=13.8 cx=446.70823669433594
2026-01-09 14:20:08,633 - INFO - openpose - Gaze PUB: people=2, frame_idx=528
2026-01-09 14:20:11,638 - INFO - openpose - Gaze3D frame=536 id=None label=None v=[-0.474, -0.142, 0.869] yaw=-28.6 pitch=8.2 cx=407.240478515625
2026-01-09 14:20:11,639 - INFO - openpose - Gaze3D frame=536 id=None label=None v=[-0.595, -0.198, 0.779] yaw=-37.4 pitch=11.4 cx=325.1863098144531
2026-01-09 14:20:11,639 - INFO - openpose - Gaze PUB: people=2, frame_idx=536
2026-01-09 14:20:11,880 - INFO - openpose - Gaze3D frame=536 id=None label=None v=[-0.457, -0.663, 0.593] yaw=-37.6 pitch=41.6 cx=405.7828674316406
2026-01-09 14:20:11,880 - INFO - openpose - Gaze3D frame=536 id=None label=None v=[-0.252, -0.746, 0.617] yaw=-22.2 pitch=48.2 cx=321.6649932861328
2026-01-09 14:20:11,880 - INFO - openpose - Gaze PUB: people=2, frame_idx=536
2026-01-09 14:20:12,122 - INFO - openpose - Gaze3D frame=536 id=left label=Left person v=[-0.323, -0.643, 0.694] yaw=-25.0 pitch=40.0 cx=320.2855529785156
2026-01-09 14:20:12,122 - INFO - openpose - Gaze3D frame=536 id=right label=Right person v=[-0.317, -0.725, 0.611] yaw=-27.4 pitch=46.5 cx=412.9035949707031
2026-01-09 14:20:12,122 - INFO - openpose - Gaze PUB: people=2, frame_idx=536
2026-01-09 14:20:13,092 - INFO - openpose - Gaze3D frame=544 id=left label=Left person v=[-0.076, -0.706, 0.704] yaw=-6.2 pitch=44.9 cx=318.0508270263672
2026-01-09 14:20:13,092 - INFO - openpose - Gaze3D frame=544 id=right label=Right person v=[-0.318, -0.359, 0.877] yaw=-19.9 pitch=21.0 cx=459.51719665527344
2026-01-09 14:20:13,092 - INFO - openpose - Gaze PUB: people=2, frame_idx=544
2026-01-09 14:20:13,785 - INFO - openpose - Gaze3D frame=552 id=left label=Left person v=[-0.539, -0.209, 0.816] yaw=-33.5 pitch=12.0 cx=323.9228820800781
2026-01-09 14:20:13,785 - INFO - openpose - Gaze3D frame=552 id=right label=Right person v=[-0.057, -0.458, 0.887] yaw=-3.7 pitch=27.2 cx=479.8747863769531
2026-01-09 14:20:13,785 - INFO - openpose - Gaze PUB: people=2, frame_idx=552
2026-01-09 14:20:14,804 - INFO - openpose - Gaze3D frame=560 id=left label=Left person v=[-0.393, -0.358, 0.847] yaw=-24.9 pitch=21.0 cx=325.7941436767578
2026-01-09 14:20:14,804 - INFO - openpose - Gaze3D frame=560 id=right label=Right person v=[-0.482, -0.218, 0.849] yaw=-29.6 pitch=12.6 cx=441.4935607910156
2026-01-09 14:20:14,804 - INFO - openpose - Gaze PUB: people=2, frame_idx=560
2026-01-09 14:20:15,976 - INFO - openpose - Gaze3D frame=568 id=left label=Left person v=[-0.623, 0.116, 0.774] yaw=-38.8 pitch=-6.6 cx=328.5094757080078
2026-01-09 14:20:15,976 - INFO - openpose - Gaze3D frame=568 id=right label=Right person v=[-0.676, 0.169, 0.717] yaw=-43.3 pitch=-9.7 cx=401.72576904296875
2026-01-09 14:20:15,976 - INFO - openpose - Gaze PUB: people=2, frame_idx=568
2026-01-09 14:20:16,731 - INFO - openpose - Gaze3D frame=576 id=None label=None v=[-0.485, -0.257, 0.836] yaw=-30.1 pitch=14.9 cx=404.389892578125
2026-01-09 14:20:16,731 - INFO - openpose - Gaze3D frame=576 id=None label=None v=[-0.647, 0.197, 0.737] yaw=-41.3 pitch=-11.4 cx=328.47779846191406
2026-01-09 14:20:16,731 - INFO - openpose - Gaze PUB: people=2, frame_idx=576
2026-01-09 14:20:16,984 - INFO - openpose - Gaze3D frame=576 id=None label=None v=[-0.605, 0.067, 0.794] yaw=-37.3 pitch=-3.8 cx=328.5585479736328
2026-01-09 14:20:16,984 - INFO - openpose - Gaze3D frame=576 id=None label=None v=[-0.473, 0.417, 0.776] yaw=-31.3 pitch=-24.6 cx=405.49205017089844
2026-01-09 14:20:16,985 - INFO - openpose - Gaze PUB: people=2, frame_idx=576
2026-01-09 14:20:17,246 - INFO - openpose - Gaze3D frame=576 id=None label=None v=[-0.690, 0.098, 0.717] yaw=-43.9 pitch=-5.6 cx=328.0706481933594
2026-01-09 14:20:17,246 - INFO - openpose - Gaze3D frame=576 id=None label=None v=[-0.554, 0.108, 0.825] yaw=-33.9 pitch=-6.2 cx=405.5085906982422
2026-01-09 14:20:17,246 - INFO - openpose - Gaze PUB: people=2, frame_idx=576
2026-01-09 14:20:17,508 - INFO - openpose - Gaze3D frame=576 id=left label=Left person v=[-0.584, 0.145, 0.799] yaw=-36.2 pitch=-8.3 cx=327.9562683105469
2026-01-09 14:20:17,508 - INFO - openpose - Gaze3D frame=576 id=right label=Right person v=[-0.323, -0.293, 0.900] yaw=-19.8 pitch=17.0 cx=405.5218963623047
2026-01-09 14:20:17,508 - INFO - openpose - Gaze PUB: people=2, frame_idx=576
2026-01-09 14:20:18,414 - INFO - openpose - Gaze3D frame=584 id=left label=Left person v=[-0.464, 0.168, 0.870] yaw=-28.1 pitch=-9.7 cx=327.40989685058594
2026-01-09 14:20:18,414 - INFO - openpose - Gaze3D frame=584 id=right label=Right person v=[-0.341, -0.536, 0.772] yaw=-23.8 pitch=32.4 cx=426.6267547607422
2026-01-09 14:20:18,414 - INFO - openpose - Gaze PUB: people=2, frame_idx=584
2026-01-09 14:20:22,385 - INFO - openpose - Gaze3D frame=592 id=left label=Left person v=[-0.508, 0.095, 0.856] yaw=-30.7 pitch=-5.5 cx=334.1587371826172
2026-01-09 14:20:22,385 - INFO - openpose - Gaze3D frame=592 id=right label=Right person v=[-0.482, -0.299, 0.824] yaw=-30.3 pitch=17.4 cx=466.89251708984375
2026-01-09 14:20:22,385 - INFO - openpose - Gaze PUB: people=2, frame_idx=592
2026-01-09 14:20:23,161 - INFO - openpose - Gaze3D frame=600 id=left label=Left person v=[-0.453, -0.115, 0.884] yaw=-27.2 pitch=6.6 cx=321.3926086425781
2026-01-09 14:20:23,161 - INFO - openpose - Gaze3D frame=600 id=right label=Right person v=[-0.437, -0.310, 0.844] yaw=-27.4 pitch=18.0 cx=471.3228302001953
2026-01-09 14:20:23,161 - INFO - openpose - Gaze PUB: people=2, frame_idx=600
2026-01-09 14:20:25,518 - INFO - openpose - Gaze3D frame=608 id=left label=Left person v=[-0.411, -0.534, 0.739] yaw=-29.1 pitch=32.3 cx=351.9795684814453
2026-01-09 14:20:25,518 - INFO - openpose - Gaze3D frame=608 id=right label=Right person v=[-0.427, -0.348, 0.834] yaw=-27.1 pitch=20.4 cx=472.53050231933594
2026-01-09 14:20:25,518 - INFO - openpose - Gaze PUB: people=2, frame_idx=608
2026-01-09 14:20:26,356 - INFO - openpose - Gaze3D frame=616 id=left label=Left person v=[-0.619, 0.165, 0.768] yaw=-38.9 pitch=-9.5 cx=351.7399597167969
2026-01-09 14:20:26,357 - INFO - openpose - Gaze3D frame=616 id=right label=Right person v=[-0.364, -0.386, 0.848] yaw=-23.2 pitch=22.7 cx=474.1643524169922
2026-01-09 14:20:26,357 - INFO - openpose - Gaze PUB: people=2, frame_idx=616
2026-01-09 14:20:27,615 - INFO - openpose - Gaze3D frame=624 id=None label=None v=[-0.163, -0.229, 0.960] yaw=-9.7 pitch=13.2 cx=362.8258514404297
2026-01-09 14:20:27,615 - INFO - openpose - Gaze3D frame=624 id=None label=None v=[-0.377, -0.544, 0.750] yaw=-26.7 pitch=32.9 cx=468.41468811035156
2026-01-09 14:20:27,615 - INFO - openpose - Gaze PUB: people=2, frame_idx=624
2026-01-09 14:20:27,860 - INFO - openpose - Gaze3D frame=624 id=None label=None v=[0.098, -0.433, 0.896] yaw=6.2 pitch=25.6 cx=460.9871368408203
2026-01-09 14:20:27,860 - INFO - openpose - Gaze3D frame=624 id=None label=None v=[-0.141, -0.040, 0.989] yaw=-8.1 pitch=2.3 cx=363.89527893066406
2026-01-09 14:20:27,860 - INFO - openpose - Gaze PUB: people=2, frame_idx=624
2026-01-09 14:20:28,100 - INFO - openpose - Gaze3D frame=624 id=None label=None v=[0.082, -0.499, 0.862] yaw=5.5 pitch=30.0 cx=458.9802703857422
2026-01-09 14:20:28,100 - INFO - openpose - Gaze3D frame=624 id=None label=None v=[-0.231, -0.159, 0.960] yaw=-13.5 pitch=9.1 cx=363.1422576904297
2026-01-09 14:20:28,100 - INFO - openpose - Gaze PUB: people=2, frame_idx=624
2026-01-09 14:20:28,354 - INFO - openpose - Gaze3D frame=624 id=left label=Left person v=[-0.178, -0.148, 0.973] yaw=-10.4 pitch=8.5 cx=362.83717346191406
2026-01-09 14:20:28,354 - INFO - openpose - Gaze3D frame=624 id=right label=Right person v=[-0.048, -0.648, 0.760] yaw=-3.6 pitch=40.4 cx=459.97515869140625
2026-01-09 14:20:28,354 - INFO - openpose - Gaze PUB: people=2, frame_idx=624
2026-01-09 14:20:33,313 - INFO - openpose - Right person: Arm EXTENDED (depth-plane)
2026-01-09 14:20:33,314 - INFO - openpose - ZMQ Message received (non-blocking): PR: Arm Extended Check
2026-01-09 14:20:33,314 - INFO - openpose - ZMQ Sending: Right: Arm Extended
2026-01-09 14:20:34,100 - INFO - openpose - Gaze3D frame=632 id=left label=Left person v=[-0.433, -0.050, 0.900] yaw=-25.7 pitch=2.9 cx=327.1748504638672
2026-01-09 14:20:34,100 - INFO - openpose - Gaze3D frame=632 id=right label=Right person v=[-0.379, 0.113, 0.918] yaw=-22.4 pitch=-6.5 cx=408.3126525878906
2026-01-09 14:20:34,101 - INFO - openpose - Gaze PUB: people=2, frame_idx=632
2026-01-09 14:20:34,226 - INFO - openpose - Right person: Arm RETRACTED (depth-plane)
2026-01-09 14:20:34,226 - INFO - openpose - ZMQ Message received (non-blocking): PR: Arm Retracted Check
2026-01-09 14:20:34,226 - INFO - openpose - ZMQ Sending: Right: Arm Retracted
2026-01-09 14:20:35,275 - INFO - openpose - Gaze3D frame=640 id=None label=None v=[-0.413, 0.611, 0.675] yaw=-31.4 pitch=-37.7 cx=328.4786834716797
2026-01-09 14:20:35,275 - INFO - openpose - Gaze3D frame=640 id=None label=None v=[-0.354, -0.178, 0.918] yaw=-21.1 pitch=10.2 cx=446.7278594970703
2026-01-09 14:20:35,275 - INFO - openpose - Gaze PUB: people=2, frame_idx=640
2026-01-09 14:20:35,537 - INFO - openpose - Gaze3D frame=640 id=left label=Left person v=[-0.330, 0.301, 0.895] yaw=-20.2 pitch=-17.5 cx=328.9281005859375
2026-01-09 14:20:35,537 - INFO - openpose - Gaze3D frame=640 id=right label=Right person v=[-0.353, -0.193, 0.916] yaw=-21.1 pitch=11.1 cx=468.62867736816406
2026-01-09 14:20:35,537 - INFO - openpose - Gaze PUB: people=2, frame_idx=640
2026-01-09 14:20:36,219 - INFO - openpose - Gaze3D frame=648 id=left label=Left person v=[-0.380, 0.220, 0.898] yaw=-22.9 pitch=-12.7 cx=331.12416076660156
2026-01-09 14:20:36,219 - INFO - openpose - Gaze3D frame=648 id=right label=Right person v=[-0.377, -0.237, 0.895] yaw=-22.8 pitch=13.7 cx=474.57533264160156
2026-01-09 14:20:36,219 - INFO - openpose - Gaze PUB: people=2, frame_idx=648
2026-01-09 14:20:37,304 - INFO - openpose - Gaze3D frame=656 id=left label=Left person v=[-0.475, 0.140, 0.869] yaw=-28.6 pitch=-8.1 cx=336.76104736328125
2026-01-09 14:20:37,304 - INFO - openpose - Gaze3D frame=656 id=right label=Right person v=[-0.210, -0.601, 0.771] yaw=-15.3 pitch=36.9 cx=463.27423095703125
2026-01-09 14:20:37,304 - INFO - openpose - Gaze PUB: people=2, frame_idx=656
2026-01-09 14:20:38,190 - INFO - openpose - Gaze3D frame=664 id=None label=None v=[-0.139, -0.571, 0.809] yaw=-9.8 pitch=34.8 cx=465.8821563720703
2026-01-09 14:20:38,190 - INFO - openpose - Gaze3D frame=664 id=None label=None v=[-0.443, 0.644, 0.624] yaw=-35.4 pitch=-40.1 cx=337.96775817871094
2026-01-09 14:20:38,190 - INFO - openpose - Gaze PUB: people=2, frame_idx=664
2026-01-09 14:20:38,468 - INFO - openpose - Gaze3D frame=664 id=left label=Left person v=[-0.603, 0.203, 0.772] yaw=-38.0 pitch=-11.7 cx=338.1645050048828
2026-01-09 14:20:38,469 - INFO - openpose - Gaze3D frame=664 id=right label=Right person v=[-0.130, -0.537, 0.833] yaw=-8.9 pitch=32.5 cx=467.51373291015625
2026-01-09 14:20:38,469 - INFO - openpose - Gaze PUB: people=2, frame_idx=664
2026-01-09 14:20:39,553 - INFO - openpose - Gaze3D frame=672 id=None label=None v=[-0.462, -0.131, 0.877] yaw=-27.8 pitch=7.5 cx=333.1264190673828
2026-01-09 14:20:39,554 - INFO - openpose - Gaze3D frame=672 id=None label=None v=[-0.160, -0.556, 0.815] yaw=-11.1 pitch=33.8 cx=467.5696105957031
2026-01-09 14:20:39,554 - INFO - openpose - Gaze PUB: people=2, frame_idx=672
2026-01-09 14:20:39,803 - INFO - openpose - Gaze3D frame=672 id=None label=None v=[-0.124, -0.565, 0.816] yaw=-8.7 pitch=34.4 cx=464.6779327392578
2026-01-09 14:20:39,803 - INFO - openpose - Gaze3D frame=672 id=None label=None v=[-0.303, -0.680, 0.668] yaw=-24.4 pitch=42.8 cx=330.3273468017578
2026-01-09 14:20:39,804 - INFO - openpose - Gaze PUB: people=2, frame_idx=672
2026-01-09 14:20:40,057 - INFO - openpose - Gaze3D frame=672 id=None label=None v=[-0.304, -0.776, 0.553] yaw=-28.8 pitch=50.9 cx=328.2033233642578
2026-01-09 14:20:40,057 - INFO - openpose - Gaze3D frame=672 id=None label=None v=[-0.143, -0.578, 0.803] yaw=-10.1 pitch=35.3 cx=467.49658203125
2026-01-09 14:20:40,057 - INFO - openpose - Gaze PUB: people=2, frame_idx=672
2026-01-09 14:20:40,332 - INFO - openpose - Gaze3D frame=672 id=left label=Left person v=[-0.205, -0.782, 0.588] yaw=-19.2 pitch=51.5 cx=327.05413818359375
2026-01-09 14:20:40,333 - INFO - openpose - Gaze3D frame=672 id=right label=Right person v=[-0.471, -0.277, 0.838] yaw=-29.4 pitch=16.1 cx=469.11138916015625
2026-01-09 14:20:40,333 - INFO - openpose - Gaze PUB: people=2, frame_idx=672
2026-01-09 14:20:41,332 - INFO - openpose - Gaze3D frame=680 id=None label=None v=[-0.467, -0.339, 0.817] yaw=-29.8 pitch=19.8 cx=438.0375213623047
2026-01-09 14:20:41,332 - INFO - openpose - Gaze3D frame=680 id=None label=None v=[-0.474, -0.059, 0.878] yaw=-28.4 pitch=3.4 cx=331.148193359375
2026-01-09 14:20:41,332 - INFO - openpose - Gaze PUB: people=2, frame_idx=680
2026-01-09 14:20:41,590 - INFO - openpose - Gaze3D frame=680 id=left label=Left person v=[-0.389, -0.036, 0.921] yaw=-22.9 pitch=2.0 cx=331.1853332519531
2026-01-09 14:20:41,591 - INFO - openpose - Gaze3D frame=680 id=right label=Right person v=[-0.448, -0.234, 0.863] yaw=-27.5 pitch=13.5 cx=436.07933044433594
2026-01-09 14:20:41,591 - INFO - openpose - Gaze PUB: people=2, frame_idx=680
2026-01-09 14:20:43,152 - INFO - openpose - Gaze3D frame=688 id=None label=None v=[-0.143, -0.619, 0.772] yaw=-10.5 pitch=38.2 cx=430.09271240234375
2026-01-09 14:20:43,152 - INFO - openpose - Gaze3D frame=688 id=None label=None v=[-0.461, 0.151, 0.874] yaw=-27.8 pitch=-8.7 cx=328.69500732421875
2026-01-09 14:20:43,152 - INFO - openpose - Gaze PUB: people=2, frame_idx=688
2026-01-09 14:20:43,399 - INFO - openpose - Gaze3D frame=688 id=None label=None v=[-0.112, -0.646, 0.755] yaw=-8.4 pitch=40.3 cx=430.10328674316406
2026-01-09 14:20:43,400 - INFO - openpose - Gaze3D frame=688 id=None label=None v=[-0.475, 0.016, 0.880] yaw=-28.4 pitch=-0.9 cx=329.34605407714844
2026-01-09 14:20:43,400 - INFO - openpose - Gaze PUB: people=2, frame_idx=688
2026-01-09 14:20:43,656 - INFO - openpose - Gaze3D frame=688 id=left label=Left person v=[-0.350, 0.191, 0.917] yaw=-20.9 pitch=-11.0 cx=330.5667419433594
2026-01-09 14:20:43,657 - INFO - openpose - Gaze3D frame=688 id=right label=Right person v=[-0.150, -0.621, 0.770] yaw=-11.0 pitch=38.4 cx=430.1547088623047
2026-01-09 14:20:43,657 - INFO - openpose - Gaze PUB: people=2, frame_idx=688
2026-01-09 14:20:45,492 - INFO - openpose - Gaze3D frame=696 id=None label=None v=[-0.532, 0.368, 0.763] yaw=-34.9 pitch=-21.6 cx=330.91554260253906
2026-01-09 14:20:45,492 - INFO - openpose - Gaze3D frame=696 id=None label=None v=[-0.013, -0.406, 0.914] yaw=-0.8 pitch=23.9 cx=431.3019714355469
2026-01-09 14:20:45,492 - INFO - openpose - Gaze PUB: people=2, frame_idx=696
2026-01-09 14:20:45,758 - INFO - openpose - Gaze3D frame=696 id=None label=None v=[-0.441, 0.692, 0.571] yaw=-37.7 pitch=-43.8 cx=329.97222900390625
2026-01-09 14:20:45,758 - INFO - openpose - Gaze3D frame=696 id=None label=None v=[-0.031, -0.408, 0.912] yaw=-2.0 pitch=24.1 cx=431.0150146484375
2026-01-09 14:20:45,758 - INFO - openpose - Gaze PUB: people=2, frame_idx=696
2026-01-09 14:20:46,021 - INFO - openpose - Gaze3D frame=696 id=None label=None v=[-0.595, 0.370, 0.714] yaw=-39.8 pitch=-21.7 cx=330.4464111328125
2026-01-09 14:20:46,021 - INFO - openpose - Gaze3D frame=696 id=None label=None v=[0.020, -0.191, 0.981] yaw=1.1 pitch=11.0 cx=431.4980010986328
2026-01-09 14:20:46,021 - INFO - openpose - Gaze PUB: people=2, frame_idx=696
2026-01-09 14:20:46,281 - INFO - openpose - Gaze3D frame=696 id=None label=None v=[-0.507, 0.576, 0.641] yaw=-38.3 pitch=-35.2 cx=331.08604431152344
2026-01-09 14:20:46,282 - INFO - openpose - Gaze3D frame=696 id=None label=None v=[0.132, -0.196, 0.972] yaw=7.8 pitch=11.3 cx=436.27288818359375
2026-01-09 14:20:46,282 - INFO - openpose - Gaze PUB: people=2, frame_idx=696
2026-01-09 14:20:46,550 - INFO - openpose - Gaze3D frame=696 id=left label=Left person v=[-0.572, 0.497, 0.652] yaw=-41.2 pitch=-29.8 cx=331.5839080810547
2026-01-09 14:20:46,551 - INFO - openpose - Gaze3D frame=696 id=right label=Right person v=[0.450, -0.105, 0.887] yaw=26.9 pitch=6.0 cx=440.9156494140625
2026-01-09 14:20:46,551 - INFO - openpose - Gaze PUB: people=2, frame_idx=696
2026-01-09 14:20:47,764 - INFO - openpose - Gaze3D frame=704 id=left label=Left person v=[-0.565, 0.488, 0.666] yaw=-40.3 pitch=-29.2 cx=330.3720245361328
2026-01-09 14:20:47,764 - INFO - openpose - Gaze3D frame=704 id=right label=Right person v=[-0.524, -0.196, 0.829] yaw=-32.3 pitch=11.3 cx=456.2785339355469
2026-01-09 14:20:47,764 - INFO - openpose - Gaze PUB: people=2, frame_idx=704
2026-01-09 14:20:50,538 - INFO - openpose - Gaze3D frame=712 id=left label=Left person v=[-0.564, 0.402, 0.721] yaw=-38.0 pitch=-23.7 cx=333.3659362792969
2026-01-09 14:20:50,539 - INFO - openpose - Gaze3D frame=712 id=right label=Right person v=[-0.565, -0.047, 0.824] yaw=-34.4 pitch=2.7 cx=458.0476989746094
2026-01-09 14:20:50,539 - INFO - openpose - Gaze PUB: people=2, frame_idx=712
2026-01-09 14:20:51,206 - INFO - openpose - Gaze3D frame=720 id=left label=Left person v=[-0.649, 0.284, 0.706] yaw=-42.6 pitch=-16.5 cx=330.4405517578125
2026-01-09 14:20:51,206 - INFO - openpose - Gaze3D frame=720 id=right label=Right person v=[-0.546, -0.149, 0.824] yaw=-33.5 pitch=8.5 cx=455.64862060546875
2026-01-09 14:20:51,206 - INFO - openpose - Gaze PUB: people=2, frame_idx=720
2026-01-09 14:20:52,182 - INFO - openpose - Gaze3D frame=728 id=left label=Left person v=[-0.510, 0.407, 0.758] yaw=-34.0 pitch=-24.0 cx=327.9992980957031
2026-01-09 14:20:52,182 - INFO - openpose - Gaze3D frame=728 id=right label=Right person v=[-0.454, -0.078, 0.887] yaw=-27.1 pitch=4.5 cx=452.9648132324219
2026-01-09 14:20:52,182 - INFO - openpose - Gaze PUB: people=2, frame_idx=728
2026-01-09 14:20:54,665 - INFO - openpose - Gaze3D frame=736 id=left label=Left person v=[-0.280, -0.824, 0.492] yaw=-29.6 pitch=55.5 cx=323.70623779296875
2026-01-09 14:20:54,665 - INFO - openpose - Gaze3D frame=736 id=right label=Right person v=[-0.357, -0.141, 0.924] yaw=-21.1 pitch=8.1 cx=453.87158203125
2026-01-09 14:20:54,665 - INFO - openpose - Gaze PUB: people=2, frame_idx=736
2026-01-09 14:20:55,366 - INFO - openpose - Gaze3D frame=744 id=left label=Left person v=[-0.577, -0.115, 0.809] yaw=-35.5 pitch=6.6 cx=325.9461975097656
2026-01-09 14:20:55,366 - INFO - openpose - Gaze3D frame=744 id=right label=Right person v=[-0.390, -0.241, 0.889] yaw=-23.7 pitch=14.0 cx=455.5349426269531
2026-01-09 14:20:55,366 - INFO - openpose - Gaze PUB: people=2, frame_idx=744
2026-01-09 14:20:57,278 - INFO - openpose - Gaze3D frame=752 id=None label=None v=[-0.375, -0.278, 0.885] yaw=-22.9 pitch=16.1 cx=453.08717346191406
2026-01-09 14:20:57,278 - INFO - openpose - Gaze3D frame=752 id=None label=None v=[-0.518, 0.167, 0.839] yaw=-31.7 pitch=-9.6 cx=329.86915588378906
2026-01-09 14:20:57,278 - INFO - openpose - Gaze PUB: people=2, frame_idx=752
2026-01-09 14:20:57,530 - INFO - openpose - Gaze3D frame=752 id=left label=Left person v=[-0.557, 0.093, 0.825] yaw=-34.0 pitch=-5.3 cx=329.75611877441406
2026-01-09 14:20:57,530 - INFO - openpose - Gaze3D frame=752 id=right label=Right person v=[-0.343, -0.309, 0.887] yaw=-21.2 pitch=18.0 cx=453.43011474609375
2026-01-09 14:20:57,530 - INFO - openpose - Gaze PUB: people=2, frame_idx=752
2026-01-09 14:20:59,643 - INFO - openpose - Gaze3D frame=760 id=left label=Left person v=[-0.550, 0.092, 0.830] yaw=-33.5 pitch=-5.3 cx=329.8321228027344
2026-01-09 14:20:59,643 - INFO - openpose - Gaze3D frame=760 id=right label=Right person v=[-0.370, -0.117, 0.921] yaw=-21.9 pitch=6.7 cx=454.9761047363281
2026-01-09 14:20:59,643 - INFO - openpose - Gaze PUB: people=2, frame_idx=760
2026-01-09 14:21:00,272 - INFO - openpose - Gaze3D frame=768 id=left label=Left person v=[-0.549, 0.190, 0.814] yaw=-34.0 pitch=-10.9 cx=329.68333435058594
2026-01-09 14:21:00,272 - INFO - openpose - Gaze3D frame=768 id=right label=Right person v=[-0.447, -0.259, 0.856] yaw=-27.5 pitch=15.0 cx=456.71705627441406
2026-01-09 14:21:00,272 - INFO - openpose - Gaze PUB: people=2, frame_idx=768
2026-01-09 14:21:00,936 - INFO - openpose - Gaze3D frame=776 id=left label=Left person v=[-0.569, 0.065, 0.820] yaw=-34.8 pitch=-3.7 cx=329.2237854003906
2026-01-09 14:21:00,936 - INFO - openpose - Gaze3D frame=776 id=right label=Right person v=[-0.433, -0.273, 0.859] yaw=-26.7 pitch=15.8 cx=457.587890625
2026-01-09 14:21:00,936 - INFO - openpose - Gaze PUB: people=2, frame_idx=776
2026-01-09 14:21:04,207 - INFO - openpose - Gaze3D frame=784 id=left label=Left person v=[-0.254, -0.716, 0.651] yaw=-21.4 pitch=45.7 cx=324.29962158203125
2026-01-09 14:21:04,207 - INFO - openpose - Gaze3D frame=784 id=right label=Right person v=[-0.490, -0.359, 0.795] yaw=-31.7 pitch=21.0 cx=453.89544677734375
2026-01-09 14:21:04,207 - INFO - openpose - Gaze PUB: people=2, frame_idx=784
2026-01-09 14:21:04,900 - INFO - openpose - Gaze3D frame=792 id=left label=Left person v=[-0.506, -0.335, 0.795] yaw=-32.4 pitch=19.6 cx=326.1288757324219
2026-01-09 14:21:04,900 - INFO - openpose - Gaze3D frame=792 id=right label=Right person v=[-0.141, -0.630, 0.764] yaw=-10.4 pitch=39.0 cx=456.0643005371094
2026-01-09 14:21:04,900 - INFO - openpose - Gaze PUB: people=2, frame_idx=792
2026-01-09 14:21:05,859 - INFO - openpose - Gaze3D frame=800 id=left label=Left person v=[-0.616, 0.017, 0.787] yaw=-38.0 pitch=-1.0 cx=327.5479278564453
2026-01-09 14:21:05,859 - INFO - openpose - Gaze3D frame=800 id=right label=Right person v=[-0.448, -0.269, 0.853] yaw=-27.7 pitch=15.6 cx=462.958251953125
2026-01-09 14:21:05,859 - INFO - openpose - Gaze PUB: people=2, frame_idx=800
2026-01-09 14:21:06,674 - INFO - openpose - Gaze3D frame=808 id=left label=Left person v=[-0.585, 0.029, 0.811] yaw=-35.8 pitch=-1.7 cx=328.6799621582031
2026-01-09 14:21:06,674 - INFO - openpose - Gaze3D frame=808 id=right label=Right person v=[-0.403, -0.310, 0.861] yaw=-25.1 pitch=18.0 cx=461.6504364013672
2026-01-09 14:21:06,674 - INFO - openpose - Gaze PUB: people=2, frame_idx=808
2026-01-09 14:21:07,560 - INFO - openpose - Gaze3D frame=816 id=left label=Left person v=[-0.156, -0.777, 0.610] yaw=-14.3 pitch=50.9 cx=323.7570495605469
2026-01-09 14:21:07,560 - INFO - openpose - Gaze3D frame=816 id=right label=Right person v=[-0.379, -0.264, 0.887] yaw=-23.2 pitch=15.3 cx=461.2830810546875
2026-01-09 14:21:07,560 - INFO - openpose - Gaze PUB: people=2, frame_idx=816
2026-01-09 14:21:08,774 - INFO - openpose - Gaze3D frame=824 id=None label=None v=[-0.412, -0.379, 0.828] yaw=-26.5 pitch=22.3 cx=459.164794921875
2026-01-09 14:21:08,774 - INFO - openpose - Gaze3D frame=824 id=None label=None v=[-0.282, -0.665, 0.691] yaw=-22.2 pitch=41.7 cx=315.68280029296875
2026-01-09 14:21:08,774 - INFO - openpose - Gaze PUB: people=2, frame_idx=824
2026-01-09 14:21:09,002 - INFO - openpose - Gaze3D frame=824 id=None label=None v=[-0.343, -0.394, 0.853] yaw=-21.9 pitch=23.2 cx=462.03797912597656
2026-01-09 14:21:09,002 - INFO - openpose - Gaze3D frame=824 id=None label=None v=[-0.332, -0.440, 0.834] yaw=-21.7 pitch=26.1 cx=315.9555206298828
2026-01-09 14:21:09,002 - INFO - openpose - Gaze PUB: people=2, frame_idx=824
2026-01-09 14:21:09,226 - INFO - openpose - Gaze3D frame=824 id=None label=None v=[-0.172, -0.471, 0.865] yaw=-11.2 pitch=28.1 cx=463.6347961425781
2026-01-09 14:21:09,226 - INFO - openpose - Gaze3D frame=824 id=None label=None v=[-0.296, -0.717, 0.631] yaw=-25.2 pitch=45.8 cx=316.0195007324219
2026-01-09 14:21:09,226 - INFO - openpose - Gaze PUB: people=2, frame_idx=824
2026-01-09 14:21:09,477 - INFO - openpose - Gaze3D frame=824 id=None label=None v=[-0.144, -0.471, 0.871] yaw=-9.4 pitch=28.1 cx=468.8380432128906
2026-01-09 14:21:09,477 - INFO - openpose - Gaze3D frame=824 id=None label=None v=[-0.235, -0.754, 0.614] yaw=-21.0 pitch=48.9 cx=313.0894470214844
2026-01-09 14:21:09,477 - INFO - openpose - Gaze PUB: people=2, frame_idx=824
2026-01-09 14:21:09,725 - INFO - openpose - Gaze3D frame=824 id=None label=None v=[-0.300, -0.500, 0.812] yaw=-20.3 pitch=30.0 cx=471.7182312011719
2026-01-09 14:21:09,725 - INFO - openpose - Gaze3D frame=824 id=None label=None v=[-0.174, -0.868, 0.465] yaw=-20.5 pitch=60.3 cx=310.5066833496094
2026-01-09 14:21:09,725 - INFO - openpose - Gaze PUB: people=2, frame_idx=824
2026-01-09 14:21:09,999 - INFO - openpose - Gaze3D frame=824 id=None label=None v=[-0.466, -0.403, 0.788] yaw=-30.6 pitch=23.8 cx=473.4452209472656
2026-01-09 14:21:10,000 - INFO - openpose - Gaze3D frame=824 id=None label=None v=[-0.507, -0.325, 0.798] yaw=-32.4 pitch=19.0 cx=303.1783447265625
2026-01-09 14:21:10,000 - INFO - openpose - Gaze PUB: people=2, frame_idx=824
2026-01-09 14:21:10,266 - INFO - openpose - Gaze3D frame=824 id=None label=None v=[-0.420, -0.268, 0.867] yaw=-25.9 pitch=15.6 cx=472.6689758300781
2026-01-09 14:21:10,266 - INFO - openpose - Gaze3D frame=824 id=None label=None v=[-0.642, 0.094, 0.761] yaw=-40.2 pitch=-5.4 cx=292.38555908203125
2026-01-09 14:21:10,266 - INFO - openpose - Gaze PUB: people=2, frame_idx=824
2026-01-09 14:21:10,506 - INFO - openpose - Gaze3D frame=824 id=None label=None v=[-0.452, -0.482, 0.750] yaw=-31.1 pitch=28.8 cx=470.3445129394531
2026-01-09 14:21:10,506 - INFO - openpose - Gaze3D frame=824 id=None label=None v=[-0.499, -0.090, 0.862] yaw=-30.1 pitch=5.2 cx=298.9293212890625
2026-01-09 14:21:10,506 - INFO - openpose - Gaze PUB: people=2, frame_idx=824
2026-01-09 14:21:10,773 - INFO - openpose - Gaze3D frame=824 id=None label=None v=[-0.433, -0.625, 0.649] yaw=-33.7 pitch=38.7 cx=466.7621765136719
2026-01-09 14:21:10,773 - INFO - openpose - Gaze3D frame=824 id=None label=None v=[-0.571, 0.148, 0.808] yaw=-35.2 pitch=-8.5 cx=306.6018981933594
2026-01-09 14:21:10,773 - INFO - openpose - Gaze PUB: people=2, frame_idx=824
2026-01-09 14:21:11,047 - INFO - openpose - Gaze3D frame=824 id=left label=Left person v=[-0.679, 0.032, 0.734] yaw=-42.8 pitch=-1.8 cx=316.57611083984375
2026-01-09 14:21:11,047 - INFO - openpose - Gaze3D frame=824 id=right label=Right person v=[-0.546, -0.212, 0.811] yaw=-33.9 pitch=12.3 cx=468.4252014160156
2026-01-09 14:21:11,047 - INFO - openpose - Gaze PUB: people=2, frame_idx=824
2026-01-09 14:21:11,886 - INFO - openpose - Gaze3D frame=832 id=left label=Left person v=[-0.656, 0.149, 0.739] yaw=-41.6 pitch=-8.6 cx=324.1778564453125
2026-01-09 14:21:11,886 - INFO - openpose - Gaze3D frame=832 id=right label=Right person v=[-0.532, -0.345, 0.774] yaw=-34.5 pitch=20.2 cx=467.44862365722656
2026-01-09 14:21:11,886 - INFO - openpose - Gaze PUB: people=2, frame_idx=832
2026-01-09 14:21:12,923 - INFO - openpose - Gaze3D frame=840 id=None label=None v=[-0.701, 0.241, 0.672] yaw=-46.2 pitch=-14.0 cx=320.8634948730469
2026-01-09 14:21:12,923 - INFO - openpose - Gaze3D frame=840 id=None label=None v=[-0.530, -0.120, 0.839] yaw=-32.3 pitch=6.9 cx=464.25611877441406
2026-01-09 14:21:12,923 - INFO - openpose - Gaze PUB: people=2, frame_idx=840
2026-01-09 14:21:13,176 - INFO - openpose - Gaze3D frame=840 id=None label=None v=[-0.714, -0.146, 0.685] yaw=-46.2 pitch=8.4 cx=320.19480895996094
2026-01-09 14:21:13,176 - INFO - openpose - Gaze3D frame=840 id=None label=None v=[-0.465, -0.194, 0.864] yaw=-28.3 pitch=11.2 cx=464.09429931640625
2026-01-09 14:21:13,176 - INFO - openpose - Gaze PUB: people=2, frame_idx=840
2026-01-09 14:21:13,433 - INFO - openpose - Gaze3D frame=840 id=None label=None v=[-0.432, -0.441, 0.787] yaw=-28.8 pitch=26.2 cx=461.51475524902344
2026-01-09 14:21:13,433 - INFO - openpose - Gaze3D frame=840 id=None label=None v=[-0.670, 0.045, 0.741] yaw=-42.1 pitch=-2.6 cx=320.78675842285156
2026-01-09 14:21:13,433 - INFO - openpose - Gaze PUB: people=2, frame_idx=840
2026-01-09 14:21:13,693 - INFO - openpose - Gaze3D frame=840 id=left label=Left person v=[-0.633, -0.147, 0.760] yaw=-39.8 pitch=8.5 cx=320.70726013183594
2026-01-09 14:21:13,693 - INFO - openpose - Gaze3D frame=840 id=right label=Right person v=[-0.490, -0.008, 0.872] yaw=-29.3 pitch=0.5 cx=460.62559509277344
2026-01-09 14:21:13,693 - INFO - openpose - Gaze PUB: people=2, frame_idx=840
2026-01-09 14:21:14,384 - INFO - openpose - Gaze3D frame=848 id=left label=Left person v=[-0.666, -0.293, 0.687] yaw=-44.1 pitch=17.0 cx=321.51441955566406
2026-01-09 14:21:14,384 - INFO - openpose - Gaze3D frame=848 id=right label=Right person v=[-0.399, 0.242, 0.884] yaw=-24.3 pitch=-14.0 cx=461.17059326171875
2026-01-09 14:21:14,384 - INFO - openpose - Gaze PUB: people=2, frame_idx=848
2026-01-09 14:21:15,747 - INFO - openpose - Gaze3D frame=856 id=None label=None v=[-0.261, -0.696, 0.668] yaw=-21.3 pitch=44.1 cx=317.1349792480469
2026-01-09 14:21:15,747 - INFO - openpose - Gaze3D frame=856 id=None label=None v=[-0.465, 0.107, 0.879] yaw=-27.9 pitch=-6.2 cx=459.4145202636719
2026-01-09 14:21:15,747 - INFO - openpose - Gaze PUB: people=2, frame_idx=856
2026-01-09 14:21:15,992 - INFO - openpose - Gaze3D frame=856 id=None label=None v=[-0.322, -0.638, 0.700] yaw=-24.7 pitch=39.6 cx=309.533935546875
2026-01-09 14:21:15,992 - INFO - openpose - Gaze3D frame=856 id=None label=None v=[-0.326, -0.189, 0.926] yaw=-19.4 pitch=10.9 cx=458.8079833984375
2026-01-09 14:21:15,992 - INFO - openpose - Gaze PUB: people=2, frame_idx=856
2026-01-09 14:21:16,258 - INFO - openpose - Gaze3D frame=856 id=None label=None v=[-0.294, -0.657, 0.694] yaw=-23.0 pitch=41.1 cx=288.03025817871094
2026-01-09 14:21:16,259 - INFO - openpose - Gaze3D frame=856 id=None label=None v=[-0.359, -0.211, 0.909] yaw=-21.5 pitch=12.2 cx=458.2742919921875
2026-01-09 14:21:16,259 - INFO - openpose - Gaze PUB: people=2, frame_idx=856
2026-01-09 14:21:16,500 - INFO - openpose - Gaze3D frame=856 id=None label=None v=[-0.484, -0.352, 0.801] yaw=-31.1 pitch=20.6 cx=269.5577850341797
2026-01-09 14:21:16,500 - INFO - openpose - Gaze3D frame=856 id=None label=None v=[-0.303, -0.052, 0.952] yaw=-17.7 pitch=3.0 cx=459.4858703613281
2026-01-09 14:21:16,500 - INFO - openpose - Gaze PUB: people=2, frame_idx=856
2026-01-09 14:21:16,762 - INFO - openpose - Gaze3D frame=856 id=None label=None v=[-0.365, -0.686, 0.629] yaw=-30.2 pitch=43.3 cx=265.0749206542969
2026-01-09 14:21:16,762 - INFO - openpose - Gaze3D frame=856 id=None label=None v=[-0.327, 0.041, 0.944] yaw=-19.1 pitch=-2.4 cx=459.3871765136719
2026-01-09 14:21:16,762 - INFO - openpose - Gaze PUB: people=2, frame_idx=856
2026-01-09 14:21:17,002 - INFO - openpose - Gaze3D frame=856 id=None label=None v=[-0.321, -0.518, 0.793] yaw=-22.0 pitch=31.2 cx=268.4860382080078
2026-01-09 14:21:17,002 - INFO - openpose - Gaze3D frame=856 id=None label=None v=[-0.279, -0.254, 0.926] yaw=-16.7 pitch=14.7 cx=459.4501953125
2026-01-09 14:21:17,002 - INFO - openpose - Gaze PUB: people=2, frame_idx=856
2026-01-09 14:21:17,237 - INFO - openpose - Gaze3D frame=856 id=None label=None v=[-0.258, -0.590, 0.765] yaw=-18.7 pitch=36.2 cx=269.52967834472656
2026-01-09 14:21:17,237 - INFO - openpose - Gaze3D frame=856 id=None label=None v=[-0.390, -0.031, 0.920] yaw=-23.0 pitch=1.8 cx=459.2079162597656
2026-01-09 14:21:17,237 - INFO - openpose - Gaze PUB: people=2, frame_idx=856
2026-01-09 14:21:17,470 - INFO - openpose - Gaze3D frame=856 id=None label=None v=[-0.251, -0.527, 0.812] yaw=-17.2 pitch=31.8 cx=270.0043640136719
2026-01-09 14:21:17,471 - INFO - openpose - Gaze3D frame=856 id=None label=None v=[-0.340, -0.165, 0.926] yaw=-20.2 pitch=9.5 cx=459.3616027832031
2026-01-09 14:21:17,471 - INFO - openpose - Gaze PUB: people=2, frame_idx=856
2026-01-09 14:21:17,722 - INFO - openpose - Gaze3D frame=856 id=None label=None v=[-0.423, -0.601, 0.678] yaw=-31.9 pitch=37.0 cx=268.1062469482422
2026-01-09 14:21:17,722 - INFO - openpose - Gaze3D frame=856 id=None label=None v=[-0.351, -0.132, 0.927] yaw=-20.8 pitch=7.6 cx=459.03472900390625
2026-01-09 14:21:17,723 - INFO - openpose - Gaze PUB: people=2, frame_idx=856
2026-01-09 14:21:17,955 - INFO - openpose - Gaze3D frame=856 id=left label=Left person v=[-0.457, -0.666, 0.589] yaw=-37.8 pitch=41.8 cx=265.6039352416992
2026-01-09 14:21:17,955 - INFO - openpose - Gaze3D frame=856 id=right label=Right person v=[-0.370, -0.109, 0.923] yaw=-21.8 pitch=6.3 cx=459.2310485839844
2026-01-09 14:21:17,955 - INFO - openpose - Gaze PUB: people=2, frame_idx=856
2026-01-09 14:25:43,839 - INFO - openpose - Gaze3D frame=864 id=left label=Left person v=[-0.270, -0.540, 0.797] yaw=-18.7 pitch=32.7 cx=14.229287981987
2026-01-09 14:25:43,839 - INFO - openpose - Gaze3D frame=864 id=right label=Right person v=[-0.740, 0.136, 0.659] yaw=-48.3 pitch=-7.8 cx=336.3075408935547
2026-01-09 14:25:43,839 - INFO - openpose - Gaze PUB: people=2, frame_idx=864
2026-01-09 14:26:00,023 - INFO - openpose - Gaze3D frame=872 id=None label=None v=[-0.633, 0.508, 0.584] yaw=-47.3 pitch=-30.5 cx=586.19775390625
2026-01-09 14:26:00,023 - INFO - openpose - Gaze3D frame=872 id=None label=None v=[-0.127, 0.150, 0.980] yaw=-7.4 pitch=-8.6 cx=70.82428169250488
2026-01-09 14:26:00,023 - INFO - openpose - Gaze PUB: people=2, frame_idx=872
2026-01-09 14:26:00,268 - INFO - openpose - Gaze3D frame=872 id=left label=Left person v=[-0.124, 0.896, 0.427] yaw=-16.2 pitch=-63.6 cx=103.50379943847656
2026-01-09 14:26:00,269 - INFO - openpose - Gaze3D frame=872 id=right label=Right person v=[-0.721, -0.246, 0.648] yaw=-48.1 pitch=14.2 cx=599.5751037597656
2026-01-09 14:26:00,269 - INFO - openpose - Gaze PUB: people=2, frame_idx=872
2026-01-09 14:26:30,117 - INFO - openpose - Gaze3D frame=880 id=None label=None v=[-0.615, -0.242, 0.750] yaw=-39.3 pitch=14.0 cx=566.8837280273438
2026-01-09 14:26:30,117 - INFO - openpose - Gaze3D frame=880 id=None label=None v=[-0.516, 0.291, 0.806] yaw=-32.7 pitch=-16.9 cx=339.34886169433594
2026-01-09 14:26:30,117 - INFO - openpose - Gaze PUB: people=2, frame_idx=880
2026-01-09 14:26:30,355 - INFO - openpose - Gaze3D frame=880 id=None label=None v=[-0.551, 0.162, 0.818] yaw=-34.0 pitch=-9.3 cx=340.1934814453125
2026-01-09 14:26:30,355 - INFO - openpose - Gaze3D frame=880 id=None label=None v=[-0.404, -0.276, 0.872] yaw=-24.8 pitch=16.0 cx=598.4815673828125
2026-01-09 14:26:30,356 - INFO - openpose - Gaze PUB: people=2, frame_idx=880
2026-01-09 14:26:30,606 - INFO - openpose - Gaze3D frame=880 id=None label=None v=[-0.593, 0.115, 0.797] yaw=-36.6 pitch=-6.6 cx=345.62359619140625
2026-01-09 14:26:30,606 - INFO - openpose - Gaze3D frame=880 id=None label=None v=[-0.155, -0.564, 0.811] yaw=-10.8 pitch=34.3 cx=555.8602294921875
2026-01-09 14:26:30,606 - INFO - openpose - Gaze PUB: people=2, frame_idx=880
2026-01-09 14:26:30,867 - INFO - openpose - Gaze3D frame=880 id=None label=None v=[-0.256, -0.282, 0.925] yaw=-15.4 pitch=16.4 cx=535.7764892578125
2026-01-09 14:26:30,867 - INFO - openpose - Gaze3D frame=880 id=None label=None v=[-0.509, 0.246, 0.825] yaw=-31.7 pitch=-14.2 cx=356.64105224609375
2026-01-09 14:26:30,868 - INFO - openpose - Gaze PUB: people=2, frame_idx=880
2026-01-09 14:26:31,217 - INFO - openpose - Gaze3D frame=880 id=None label=None v=[-0.297, -0.349, 0.889] yaw=-18.5 pitch=20.4 cx=530.2030944824219
2026-01-09 14:26:31,218 - INFO - openpose - Gaze3D frame=880 id=None label=None v=[-0.532, 0.237, 0.813] yaw=-33.2 pitch=-13.7 cx=379.4704284667969
2026-01-09 14:26:31,218 - INFO - openpose - Gaze3D frame=880 id=None label=None v=[0.041, 0.700, 0.713] yaw=3.3 pitch=-44.4 cx=583.8699951171875
2026-01-09 14:26:31,218 - INFO - openpose - Gaze PUB: people=3, frame_idx=880
2026-01-09 14:26:31,470 - INFO - openpose - Gaze3D frame=880 id=None label=None v=[-0.450, -0.041, 0.892] yaw=-26.8 pitch=2.4 cx=391.82037353515625
2026-01-09 14:26:31,470 - INFO - openpose - Gaze3D frame=880 id=None label=None v=[0.188, 0.144, 0.972] yaw=10.9 pitch=-8.3 cx=530.1596374511719
2026-01-09 14:26:31,470 - INFO - openpose - Gaze PUB: people=2, frame_idx=880
2026-01-09 14:26:31,642 - INFO - openpose - Gaze3D frame=880 id=None label=None v=[-0.472, -0.034, 0.881] yaw=-28.2 pitch=1.9 cx=389.83323669433594
2026-01-09 14:26:31,642 - INFO - openpose - Gaze PUB: people=1, frame_idx=880
2026-01-09 14:26:31,918 - INFO - openpose - Gaze3D frame=880 id=None label=None v=[-0.545, 0.354, 0.760] yaw=-35.6 pitch=-20.7 cx=388.8441467285156
2026-01-09 14:26:31,918 - INFO - openpose - Gaze3D frame=880 id=None label=None v=[0.129, 0.440, 0.889] yaw=8.3 pitch=-26.1 cx=548.7227478027344
2026-01-09 14:26:31,918 - INFO - openpose - Gaze PUB: people=2, frame_idx=880
2026-01-09 14:26:32,107 - INFO - openpose - Gaze3D frame=880 id=None label=None v=[-0.479, 0.466, 0.744] yaw=-32.8 pitch=-27.8 cx=387.89259338378906
2026-01-09 14:26:32,107 - INFO - openpose - Gaze PUB: people=1, frame_idx=880
2026-01-09 14:26:32,365 - INFO - openpose - Gaze3D frame=880 id=None label=None v=[-0.535, 0.166, 0.828] yaw=-32.9 pitch=-9.6 cx=389.2507629394531
2026-01-09 14:26:32,365 - INFO - openpose - Gaze3D frame=880 id=None label=None v=[-0.098, -0.442, 0.892] yaw=-6.3 pitch=26.2 cx=522.0777587890625
2026-01-09 14:26:32,365 - INFO - openpose - Gaze PUB: people=2, frame_idx=880
2026-01-09 14:26:32,637 - INFO - openpose - Gaze3D frame=880 id=None label=None v=[-0.459, -0.078, 0.885] yaw=-27.4 pitch=4.5 cx=394.91883850097656
2026-01-09 14:26:32,637 - INFO - openpose - Gaze3D frame=880 id=None label=None v=[-0.145, -0.479, 0.866] yaw=-9.5 pitch=28.6 cx=522.4111938476562
2026-01-09 14:26:32,637 - INFO - openpose - Gaze PUB: people=2, frame_idx=880
2026-01-09 14:26:32,966 - INFO - openpose - Gaze3D frame=880 id=None label=None v=[-0.268, -0.500, 0.824] yaw=-18.0 pitch=30.0 cx=590.9446105957031
2026-01-09 14:26:32,966 - INFO - openpose - Gaze3D frame=880 id=None label=None v=[-0.412, 0.191, 0.891] yaw=-24.8 pitch=-11.0 cx=394.0118103027344
2026-01-09 14:26:32,967 - INFO - openpose - Gaze3D frame=880 id=None label=None v=[-0.313, -0.645, 0.697] yaw=-24.2 pitch=40.2 cx=534.7671051025391
2026-01-09 14:26:32,967 - INFO - openpose - Gaze PUB: people=3, frame_idx=880
2026-01-09 14:26:33,240 - INFO - openpose - Gaze3D frame=880 id=None label=None v=[-0.360, -0.442, 0.821] yaw=-23.7 pitch=26.3 cx=546.4865264892578
2026-01-09 14:26:33,241 - INFO - openpose - Gaze3D frame=880 id=None label=None v=[-0.285, 0.778, 0.560] yaw=-27.0 pitch=-51.0 cx=619.9155883789062
2026-01-09 14:26:33,241 - INFO - openpose - Gaze PUB: people=2, frame_idx=880
2026-01-09 14:26:33,423 - INFO - openpose - Gaze3D frame=880 id=right label=Right person v=[-0.416, -0.182, 0.891] yaw=-25.0 pitch=10.5 cx=548.3500671386719
2026-01-09 14:26:33,423 - INFO - openpose - Gaze PUB: people=1, frame_idx=880
2026-01-09 14:26:34,565 - INFO - openpose - Gaze3D frame=888 id=right label=Right person v=[-0.372, -0.230, 0.899] yaw=-22.5 pitch=13.3 cx=546.9014892578125
2026-01-09 14:26:34,565 - INFO - openpose - Gaze PUB: people=1, frame_idx=888
2026-01-09 14:26:35,664 - INFO - openpose - Left person: Arm EXTENDED (depth-plane)
2026-01-09 14:26:35,672 - INFO - openpose - ZMQ Message received (non-blocking): PL: Arm Extended Check
2026-01-09 14:26:35,672 - INFO - openpose - ZMQ Sending: Left: Arm Extended
2026-01-09 14:26:38,648 - INFO - openpose - Left person: Arm RETRACTED (depth-plane)
2026-01-09 14:26:38,648 - INFO - openpose - ZMQ Message received (non-blocking): PL: Arm Retracted Check
2026-01-09 14:26:38,648 - INFO - openpose - ZMQ Sending: Left: Arm Retracted
2026-01-09 14:26:38,914 - INFO - openpose - Gaze3D frame=896 id=None label=None v=[-0.463, -0.651, 0.601] yaw=-37.6 pitch=40.6 cx=549.2155151367188
2026-01-09 14:26:38,914 - INFO - openpose - Gaze3D frame=896 id=None label=None v=[-0.663, -0.054, 0.747] yaw=-41.6 pitch=3.1 cx=344.9027557373047
2026-01-09 14:26:38,914 - INFO - openpose - Gaze PUB: people=2, frame_idx=896
2026-01-09 14:26:39,154 - INFO - openpose - Gaze3D frame=896 id=None label=None v=[-0.591, -0.340, 0.731] yaw=-38.9 pitch=19.9 cx=534.8255462646484
2026-01-09 14:26:39,154 - INFO - openpose - Gaze3D frame=896 id=None label=None v=[-0.389, -0.362, 0.847] yaw=-24.7 pitch=21.3 cx=331.9470672607422
2026-01-09 14:26:39,154 - INFO - openpose - Gaze PUB: people=2, frame_idx=896
2026-01-09 14:26:39,404 - INFO - openpose - Gaze3D frame=896 id=None label=None v=[-0.337, -0.802, 0.493] yaw=-34.4 pitch=53.3 cx=531.5063781738281
2026-01-09 14:26:39,404 - INFO - openpose - Gaze3D frame=896 id=None label=None v=[-0.201, -0.227, 0.953] yaw=-11.9 pitch=13.1 cx=327.32017517089844
2026-01-09 14:26:39,405 - INFO - openpose - Gaze PUB: people=2, frame_idx=896
2026-01-09 14:26:39,652 - INFO - openpose - Gaze3D frame=896 id=None label=None v=[-0.326, -0.705, 0.630] yaw=-27.3 pitch=44.9 cx=528.8265075683594
2026-01-09 14:26:39,652 - INFO - openpose - Gaze3D frame=896 id=None label=None v=[-0.366, -0.069, 0.928] yaw=-21.5 pitch=4.0 cx=344.54930114746094
2026-01-09 14:26:39,652 - INFO - openpose - Gaze PUB: people=2, frame_idx=896
2026-01-09 14:26:39,912 - INFO - openpose - Gaze3D frame=896 id=None label=None v=[-0.455, -0.570, 0.684] yaw=-33.6 pitch=34.7 cx=528.7323913574219
2026-01-09 14:26:39,913 - INFO - openpose - Gaze3D frame=896 id=None label=None v=[-0.291, -0.693, 0.660] yaw=-23.8 pitch=43.8 cx=358.76255798339844
2026-01-09 14:26:39,913 - INFO - openpose - Gaze PUB: people=2, frame_idx=896
2026-01-09 14:26:40,172 - INFO - openpose - Gaze3D frame=896 id=None label=None v=[-0.360, -0.525, 0.771] yaw=-25.1 pitch=31.7 cx=528.3022003173828
2026-01-09 14:26:40,173 - INFO - openpose - Gaze3D frame=896 id=None label=None v=[-0.273, -0.531, 0.802] yaw=-18.8 pitch=32.1 cx=355.82066345214844
2026-01-09 14:26:40,173 - INFO - openpose - Gaze PUB: people=2, frame_idx=896
2026-01-09 14:26:40,428 - INFO - openpose - Gaze3D frame=896 id=None label=None v=[-0.494, -0.579, 0.649] yaw=-37.3 pitch=35.4 cx=525.9208374023438
2026-01-09 14:26:40,428 - INFO - openpose - Gaze3D frame=896 id=None label=None v=[-0.119, -0.837, 0.534] yaw=-12.5 pitch=56.8 cx=326.6600036621094
2026-01-09 14:26:40,428 - INFO - openpose - Gaze PUB: people=2, frame_idx=896
2026-01-09 14:26:40,688 - INFO - openpose - Gaze3D frame=896 id=None label=None v=[-0.578, -0.158, 0.800] yaw=-35.9 pitch=9.1 cx=529.0285797119141
2026-01-09 14:26:40,688 - INFO - openpose - Gaze3D frame=896 id=None label=None v=[-0.050, -0.823, 0.566] yaw=-5.0 pitch=55.4 cx=259.20760345458984
2026-01-09 14:26:40,696 - INFO - openpose - Gaze PUB: people=2, frame_idx=896
2026-01-09 14:26:40,930 - INFO - openpose - Gaze3D frame=896 id=None label=None v=[-0.377, -0.410, 0.831] yaw=-24.4 pitch=24.2 cx=539.5711212158203
2026-01-09 14:26:40,930 - INFO - openpose - Gaze3D frame=896 id=None label=None v=[-0.195, -0.375, 0.906] yaw=-12.1 pitch=22.0 cx=180.88964080810547
2026-01-09 14:26:40,930 - INFO - openpose - Gaze PUB: people=2, frame_idx=896
2026-01-09 14:26:41,186 - INFO - openpose - Gaze3D frame=896 id=None label=None v=[-0.535, -0.452, 0.713] yaw=-36.9 pitch=26.9 cx=547.1389465332031
2026-01-09 14:26:41,186 - INFO - openpose - Gaze3D frame=896 id=None label=None v=[-0.128, -0.569, 0.812] yaw=-8.9 pitch=34.7 cx=143.75682067871094
2026-01-09 14:26:41,186 - INFO - openpose - Gaze PUB: people=2, frame_idx=896
2026-01-09 14:26:41,432 - INFO - openpose - Gaze3D frame=896 id=None label=None v=[-0.464, -0.632, 0.621] yaw=-36.8 pitch=39.2 cx=551.4833374023438
2026-01-09 14:26:41,432 - INFO - openpose - Gaze3D frame=896 id=None label=None v=[-0.068, -0.764, 0.642] yaw=-6.0 pitch=49.8 cx=112.4163703918457
2026-01-09 14:26:41,432 - INFO - openpose - Gaze PUB: people=2, frame_idx=896
2026-01-09 14:26:41,700 - INFO - openpose - Gaze3D frame=896 id=left label=Left person v=[-0.106, -0.896, 0.431] yaw=-13.9 pitch=63.7 cx=32.596609115600586
2026-01-09 14:26:41,700 - INFO - openpose - Gaze3D frame=896 id=right label=Right person v=[-0.506, -0.486, 0.712] yaw=-35.4 pitch=29.1 cx=545.5143737792969
2026-01-09 14:26:41,700 - INFO - openpose - Gaze PUB: people=2, frame_idx=896
2026-01-09 14:26:42,682 - INFO - openpose - Gaze3D frame=904 id=left label=Left person v=[-0.374, -0.528, 0.762] yaw=-26.2 pitch=31.9 cx=430.63746643066406
2026-01-09 14:26:42,682 - INFO - openpose - Gaze3D frame=904 id=right label=Right person v=[-0.140, -0.885, 0.444] yaw=-17.5 pitch=62.2 cx=555.6700744628906
2026-01-09 14:26:42,682 - INFO - openpose - Gaze PUB: people=2, frame_idx=904
2026-01-09 14:26:45,772 - INFO - openpose - Gaze3D frame=912 id=None label=None v=[-0.322, -0.632, 0.705] yaw=-24.6 pitch=39.2 cx=509.3502502441406
2026-01-09 14:26:45,780 - INFO - openpose - Gaze3D frame=912 id=None label=None v=[-0.249, -0.847, 0.469] yaw=-28.0 pitch=57.9 cx=316.7493438720703
2026-01-09 14:26:45,780 - INFO - openpose - Gaze PUB: people=2, frame_idx=912
2026-01-09 14:26:46,031 - INFO - openpose - Gaze3D frame=912 id=None label=None v=[-0.229, -0.514, 0.827] yaw=-15.5 pitch=30.9 cx=503.9552917480469
2026-01-09 14:26:46,032 - INFO - openpose - Gaze3D frame=912 id=None label=None v=[-0.364, -0.463, 0.808] yaw=-24.3 pitch=27.6 cx=327.81153869628906
2026-01-09 14:26:46,032 - INFO - openpose - Gaze PUB: people=2, frame_idx=912
2026-01-09 14:26:46,297 - INFO - openpose - Gaze3D frame=912 id=None label=None v=[-0.301, -0.538, 0.787] yaw=-20.9 pitch=32.5 cx=492.7133483886719
2026-01-09 14:26:46,297 - INFO - openpose - Gaze3D frame=912 id=None label=None v=[-0.421, -0.608, 0.673] yaw=-32.1 pitch=37.5 cx=351.2792510986328
2026-01-09 14:26:46,297 - INFO - openpose - Gaze PUB: people=2, frame_idx=912
2026-01-09 14:26:46,549 - INFO - openpose - Gaze3D frame=912 id=left label=Left person v=[-0.411, -0.655, 0.635] yaw=-32.9 pitch=40.9 cx=368.7727813720703
2026-01-09 14:26:46,549 - INFO - openpose - Gaze3D frame=912 id=right label=Right person v=[-0.379, -0.510, 0.772] yaw=-26.2 pitch=30.7 cx=475.4857940673828
2026-01-09 14:26:46,549 - INFO - openpose - Gaze PUB: people=2, frame_idx=912
