2025-12-19 14:20:04,239 - INFO - PoseRunner - Pinned current thread to core 0
2025-12-19 14:20:12,219 - INFO - PoseRunner - Pinned current thread to core 0
2025-12-19 14:20:12,365 - INFO - PoseRunner - Robot parameters: robot_name=my_gen3, dof=7, gripper=True
2025-12-19 14:20:12,374 - INFO - PoseRunner - All Kortex services initialized.
2025-12-19 14:20:12,374 - INFO - PoseRunner - Running pose sequence from config: config2
2025-12-19 14:20:14,884 - INFO - PoseRunner - Faults cleared.
2025-12-19 14:20:15,158 - INFO - PoseRunner - Cartesian reference frame set.
2025-12-19 14:20:16,162 - INFO - PoseRunner - Action notifications activated.
2025-12-19 14:20:16,810 - INFO - PoseRunner - Going to B1 start: x=0.470 y=0.180 z=0.280 rx=100.0 ry=0.0 rz=90.0
2025-12-19 14:20:19,691 - INFO - PoseRunner - Received ACTION_END
2025-12-19 14:20:19,693 - INFO - PoseRunner - Reached B1 start. Dwell 10.0s.
2025-12-19 14:20:29,705 - INFO - PoseRunner - Going to B1 target: x=0.735 y=0.000 z=0.307 rx=100.0 ry=0.0 rz=90.0
2025-12-19 14:20:33,215 - INFO - PoseRunner - Received ACTION_END
2025-12-19 14:20:33,217 - INFO - PoseRunner - Reached B1 target. Dwell 10.0s.
2025-12-19 14:20:43,229 - INFO - PoseRunner - Going to B2 start: x=0.300 y=0.300 z=0.300 rx=100.0 ry=0.0 rz=90.0
2025-12-19 14:20:48,788 - INFO - PoseRunner - Received ACTION_END
2025-12-19 14:20:48,790 - INFO - PoseRunner - Reached B2 start. Dwell 10.0s.
2025-12-19 14:20:58,803 - INFO - PoseRunner - Going to B2 target: x=0.735 y=0.000 z=0.387 rx=100.0 ry=0.0 rz=90.0
2025-12-19 14:21:04,444 - INFO - PoseRunner - Received ACTION_END
2025-12-19 14:21:04,446 - INFO - PoseRunner - Reached B2 target. Dwell 10.0s.
2025-12-19 14:21:14,459 - INFO - PoseRunner - Going to B3 start: x=0.500 y=-0.200 z=0.280 rx=100.0 ry=0.0 rz=90.0
2025-12-19 14:21:18,015 - INFO - PoseRunner - Received ACTION_END
2025-12-19 14:21:18,018 - INFO - PoseRunner - Reached B3 start. Dwell 10.0s.
2025-12-19 14:21:28,020 - INFO - PoseRunner - Completed all poses.
