2025-11-27 16:26:18,958 - INFO - BuildTower - Connected to OpenPose server
2025-11-27 16:26:18,958 - INFO - BuildTower - Connected to Gaze server
2025-11-27 16:26:19,109 - INFO - BuildTower - Robot parameters: robot_name=my_gen3, dof=7, gripper_present=True
2025-11-27 16:26:19,114 - INFO - BuildTower - Service initialized: /my_gen3/base/clear_faults
2025-11-27 16:26:19,117 - INFO - BuildTower - Service initialized: /my_gen3/base/read_action
2025-11-27 16:26:19,118 - INFO - BuildTower - Service initialized: /my_gen3/base/execute_action
2025-11-27 16:26:19,120 - INFO - BuildTower - Service initialized: /my_gen3/control_config/set_cartesian_reference_frame
2025-11-27 16:26:19,121 - INFO - BuildTower - Service initialized: /my_gen3/base/activate_publishing_of_action_topic
2025-11-27 16:26:19,123 - INFO - BuildTower - Service initialized: /my_gen3/base/send_gripper_command
2025-11-27 16:26:19,123 - INFO - BuildTower - BuildTower class initialized successfully.
2025-11-27 16:26:19,124 - INFO - BuildTower - ROS parameter /kortex_examples_test_results/cartesian_poses_with_notifications_python did not exist or could not be deleted.
2025-11-27 16:26:19,124 - INFO - BuildTower - Starting main robot control loop.
2025-11-27 16:26:19,156 - INFO - BuildTower - Robot faults cleared successfully.
2025-11-27 16:26:21,678 - INFO - BuildTower - Cartesian reference frame set successfully.
2025-11-27 16:26:21,680 - INFO - BuildTower - Activating action notifications.
2025-11-27 16:26:21,709 - INFO - BuildTower - Action Notifications successfully activated.
2025-11-27 16:26:22,733 - INFO - BuildTower - Sending robot to home position.
2025-11-27 16:26:26,398 - INFO - BuildTower - User pressed Enter. Continuing with configuration 1
2025-11-27 16:26:26,398 - INFO - BuildTower - Parsing information from file: config2
2025-11-27 16:26:26,399 - INFO - BuildTower - Parsed turn_order: ybypbpbpy

2025-11-27 16:26:26,399 - INFO - BuildTower - Parsed object_order: 143

2025-11-27 16:26:26,399 - INFO - BuildTower - Sent turn_order and waiting for response from OpenPose server.
2025-11-27 16:26:26,400 - INFO - BuildTower - Sending turn order to OpenPose server: ybypbpbpy

2025-11-27 16:26:26,400 - DEBUG - BuildTower - Gaze rx: (none available)
2025-11-27 16:26:26,400 - DEBUG - BuildTower - Gaze rx: (none available)
2025-11-27 16:26:26,401 - DEBUG - BuildTower - Gaze rx: (none available)
2025-11-27 16:26:26,401 - INFO - BuildTower - Received reply from OpenPose server: Order Received
2025-11-27 16:26:26,401 - INFO - BuildTower - Starting mutual gaze calibration for 5.0 seconds
2025-11-27 16:26:31,419 - INFO - BuildTower - Calibration finished loop: msgs_seen=0, person_samples=0
2025-11-27 16:26:31,420 - ERROR - BuildTower - Calibration failed: no valid gaze samples collected.
2025-11-27 16:26:31,420 - INFO - BuildTower - Robot moving to look at person in the right.
2025-11-27 16:26:31,420 - INFO - BuildTower - Attempting to go to position: x=0.5, y=0.08, z=0.5, theta_x=80, theta_y=0, theta_z=105
2025-11-27 16:26:31,420 - DEBUG - BuildTower - Set speed for pose: translation=1, orientation=100
2025-11-27 16:26:31,430 - INFO - BuildTower - Pose action initiated, waiting for completion.
2025-11-27 16:26:34,838 - INFO - BuildTower - Robot action ended.
2025-11-27 16:26:38,839 - INFO - BuildTower - Robot moving to look at person in the left.
2025-11-27 16:26:38,839 - INFO - BuildTower - Attempting to go to position: x=0.5, y=-0.08, z=0.5, theta_x=80, theta_y=0, theta_z=75
2025-11-27 16:26:38,839 - DEBUG - BuildTower - Set speed for pose: translation=1, orientation=100
2025-11-27 16:26:38,854 - INFO - BuildTower - Pose action initiated, waiting for completion.
2025-11-27 16:26:44,361 - INFO - BuildTower - Robot action ended.
2025-11-27 16:26:48,383 - INFO - BuildTower - Sending robot to home position.
2025-11-27 16:26:49,003 - INFO - BuildTower - Executing turn 0 out of 9.
2025-11-27 16:26:49,034 - INFO - BuildTower - Sending robot to home position.
2025-11-27 16:26:49,654 - INFO - BuildTower - Moving block from start 0.28 to target 0.307. Turn: 0, Block Shape: 1
2025-11-27 16:26:49,656 - INFO - BuildTower - Sending gripper command: value=0
2025-11-27 16:26:50,179 - INFO - BuildTower - Gripper command 0 sent successfully.
2025-11-27 16:26:50,181 - INFO - BuildTower - Attempting to go to position: x=0.47, y=0.18, z=0.325, theta_x=100.0, theta_y=0.0, theta_z=90.0
2025-11-27 16:26:50,181 - DEBUG - BuildTower - Set speed for pose: translation=1, orientation=100
2025-11-27 16:26:50,209 - INFO - BuildTower - Pose action initiated, waiting for completion.
2025-11-27 16:26:53,064 - INFO - BuildTower - Robot action ended.
2025-11-27 16:26:53,064 - INFO - BuildTower - Attempting to go to position: x=0.47, y=0.18, z=0.28, theta_x=100.0, theta_y=0.0, theta_z=90.0
2025-11-27 16:26:53,064 - DEBUG - BuildTower - Set speed for pose: translation=1, orientation=100
2025-11-27 16:26:53,079 - INFO - BuildTower - Pose action initiated, waiting for completion.
2025-11-27 16:26:53,807 - INFO - BuildTower - Robot action ended.
2025-11-27 16:26:53,809 - INFO - BuildTower - Sending gripper command: value=0.075
2025-11-27 16:26:54,343 - INFO - BuildTower - Gripper command 0.075 sent successfully.
2025-11-27 16:26:54,345 - INFO - BuildTower - Attempting to go to position: x=0.47, y=0.18, z=0.325, theta_x=100.0, theta_y=0.0, theta_z=90.0
2025-11-27 16:26:54,345 - DEBUG - BuildTower - Set speed for pose: translation=1, orientation=100
2025-11-27 16:26:54,356 - INFO - BuildTower - Pose action initiated, waiting for completion.
2025-11-27 16:26:55,094 - INFO - BuildTower - Robot action ended.
2025-11-27 16:26:55,094 - INFO - BuildTower - Attempting to go to position: x=0.735, y=0.0, z=0.352, theta_x=100.0, theta_y=0.0, theta_z=90.0
2025-11-27 16:26:55,094 - DEBUG - BuildTower - Set speed for pose: translation=1, orientation=100
2025-11-27 16:26:55,106 - INFO - BuildTower - Pose action initiated, waiting for completion.
2025-11-27 16:26:58,588 - INFO - BuildTower - Robot action ended.
2025-11-27 16:26:58,589 - INFO - BuildTower - Attempting to go to position: x=0.735, y=0.0, z=0.307, theta_x=100.0, theta_y=0.0, theta_z=90.0
2025-11-27 16:26:58,589 - DEBUG - BuildTower - Set speed for pose: translation=1, orientation=100
2025-11-27 16:26:58,605 - INFO - BuildTower - Pose action initiated, waiting for completion.
2025-11-27 16:26:59,343 - INFO - BuildTower - Robot action ended.
2025-11-27 16:26:59,344 - INFO - BuildTower - Sending gripper command: value=0
2025-11-27 16:26:59,853 - INFO - BuildTower - Gripper command 0 sent successfully.
2025-11-27 16:26:59,856 - INFO - BuildTower - Attempting to go to position: x=0.735, y=0.0, z=0.352, theta_x=100.0, theta_y=0.0, theta_z=90.0
2025-11-27 16:26:59,856 - DEBUG - BuildTower - Set speed for pose: translation=1, orientation=100
2025-11-27 16:26:59,881 - INFO - BuildTower - Pose action initiated, waiting for completion.
2025-11-27 16:27:00,610 - INFO - BuildTower - Robot action ended.
2025-11-27 16:27:00,610 - INFO - BuildTower - Robot completed its turn. Robot turn count: 1
2025-11-27 16:27:00,610 - INFO - BuildTower - Executing turn 1 out of 9.
2025-11-27 16:27:00,610 - DEBUG - BuildTower - Gaze rx: (none available)
2025-11-27 16:27:00,611 - INFO - BuildTower - No mutual gaze detected -> looking at tower as fallback.
2025-11-27 16:27:00,611 - INFO - BuildTower - Robot moving to look at tower.
2025-11-27 16:27:00,611 - INFO - BuildTower - Attempting to go to position: x=0.5, y=0, z=0.3, theta_x=110, theta_y=0, theta_z=90
2025-11-27 16:27:00,611 - DEBUG - BuildTower - Set speed for pose: translation=1, orientation=100
2025-11-27 16:27:00,632 - INFO - BuildTower - Pose action initiated, waiting for completion.
2025-11-27 16:27:03,316 - INFO - BuildTower - Robot action ended.
2025-11-27 16:27:03,317 - DEBUG - BuildTower - Gaze rx: (none available)
2025-11-27 16:27:03,317 - INFO - BuildTower - Sent 'PL: Arm Extended Check' to OpenPose server.
2025-11-27 16:27:03,317 - DEBUG - BuildTower - Gaze rx: (none available)
