2025-11-27 16:26:15,636 - INFO - openpose - OpenPose server started and bound to tcp://*:5555
2025-11-27 16:26:15,636 - INFO - openpose - OpenPose server started and bound to tcp://*:5556
2025-11-27 16:26:15,651 - INFO - openpose - Starting OpenPose
2025-11-27 16:26:16,458 - INFO - openpose - OpenPose initialized - waiting for turn_order
2025-11-27 16:26:26,400 - INFO - openpose - Message received: ybypbpbpy

2025-11-27 16:26:27,100 - INFO - openpose - Gaze3D frame=0 id=None label=None v=[-0.411, -0.031, 0.911] yaw=-24.3 pitch=1.8 cx=361.3613586425781
2025-11-27 16:26:27,100 - INFO - openpose - Gaze PUB: people=1, frame_idx=0
2025-11-27 16:26:27,297 - INFO - openpose - Gaze3D frame=0 id=None label=None v=[-0.457, 0.202, 0.866] yaw=-27.8 pitch=-11.7 cx=361.0228729248047
2025-11-27 16:26:27,297 - INFO - openpose - Gaze PUB: people=1, frame_idx=0
2025-11-27 16:26:27,490 - INFO - openpose - Gaze3D frame=0 id=None label=None v=[-0.357, 0.342, 0.869] yaw=-22.3 pitch=-20.0 cx=359.8203582763672
2025-11-27 16:26:27,490 - INFO - openpose - Gaze PUB: people=1, frame_idx=0
2025-11-27 16:26:27,676 - INFO - openpose - Gaze3D frame=0 id=None label=None v=[-0.316, 0.565, 0.762] yaw=-22.5 pitch=-34.4 cx=361.04736328125
2025-11-27 16:26:27,676 - INFO - openpose - Gaze PUB: people=1, frame_idx=0
2025-11-27 16:26:27,864 - INFO - openpose - Gaze3D frame=0 id=None label=None v=[-0.171, 0.229, 0.958] yaw=-10.1 pitch=-13.2 cx=360.5031433105469
2025-11-27 16:26:27,865 - INFO - openpose - Gaze PUB: people=1, frame_idx=0
2025-11-27 16:26:28,058 - INFO - openpose - Gaze3D frame=0 id=None label=None v=[-0.255, 0.083, 0.963] yaw=-14.8 pitch=-4.8 cx=356.74549865722656
2025-11-27 16:26:28,058 - INFO - openpose - Gaze PUB: people=1, frame_idx=0
2025-11-27 16:26:28,250 - INFO - openpose - Gaze3D frame=0 id=None label=None v=[-0.297, -0.006, 0.955] yaw=-17.3 pitch=0.3 cx=350.99005126953125
2025-11-27 16:26:28,251 - INFO - openpose - Gaze PUB: people=1, frame_idx=0
2025-11-27 16:26:28,440 - INFO - openpose - Gaze3D frame=0 id=None label=None v=[-0.293, 0.022, 0.956] yaw=-17.1 pitch=-1.3 cx=350.13072204589844
2025-11-27 16:26:28,440 - INFO - openpose - Gaze PUB: people=1, frame_idx=0
2025-11-27 16:26:28,635 - INFO - openpose - Gaze3D frame=0 id=None label=None v=[-0.174, -0.132, 0.976] yaw=-10.1 pitch=7.6 cx=349.5157165527344
2025-11-27 16:26:28,635 - INFO - openpose - Gaze PUB: people=1, frame_idx=0
2025-11-27 16:26:28,827 - INFO - openpose - Gaze3D frame=0 id=None label=None v=[-0.334, 0.047, 0.942] yaw=-19.5 pitch=-2.7 cx=349.01116943359375
2025-11-27 16:26:28,827 - INFO - openpose - Gaze PUB: people=1, frame_idx=0
2025-11-27 16:26:29,017 - INFO - openpose - Gaze3D frame=0 id=None label=None v=[-0.084, 0.050, 0.995] yaw=-4.8 pitch=-2.9 cx=347.96119689941406
2025-11-27 16:26:29,017 - INFO - openpose - Gaze PUB: people=1, frame_idx=0
2025-11-27 16:26:29,206 - INFO - openpose - Gaze3D frame=0 id=None label=None v=[-0.143, -0.198, 0.970] yaw=-8.4 pitch=11.4 cx=341.407470703125
2025-11-27 16:26:29,206 - INFO - openpose - Gaze PUB: people=1, frame_idx=0
2025-11-27 16:26:29,394 - INFO - openpose - Gaze3D frame=0 id=None label=None v=[-0.191, -0.239, 0.952] yaw=-11.4 pitch=13.8 cx=340.21258544921875
2025-11-27 16:26:29,394 - INFO - openpose - Gaze PUB: people=1, frame_idx=0
2025-11-27 16:26:29,584 - INFO - openpose - Gaze3D frame=0 id=None label=None v=[-0.235, -0.204, 0.950] yaw=-13.9 pitch=11.8 cx=340.4521026611328
2025-11-27 16:26:29,584 - INFO - openpose - Gaze PUB: people=1, frame_idx=0
2025-11-27 16:26:29,761 - INFO - openpose - Gaze3D frame=0 id=None label=None v=[-0.300, -0.239, 0.924] yaw=-18.0 pitch=13.8 cx=341.1764373779297
2025-11-27 16:26:29,762 - INFO - openpose - Gaze PUB: people=1, frame_idx=0
2025-11-27 16:26:29,932 - INFO - openpose - Gaze3D frame=0 id=None label=None v=[-0.328, 0.150, 0.933] yaw=-19.4 pitch=-8.6 cx=344.3682403564453
2025-11-27 16:26:29,932 - INFO - openpose - Gaze PUB: people=1, frame_idx=0
2025-11-27 16:26:30,126 - INFO - openpose - Gaze3D frame=0 id=None label=None v=[-0.319, -0.148, 0.936] yaw=-18.8 pitch=8.5 cx=350.1986541748047
2025-11-27 16:26:30,126 - INFO - openpose - Gaze PUB: people=1, frame_idx=0
2025-11-27 16:26:30,343 - INFO - openpose - Gaze3D frame=0 id=None label=None v=[-0.258, 0.211, 0.943] yaw=-15.3 pitch=-12.2 cx=349.85691833496094
2025-11-27 16:26:30,343 - INFO - openpose - Gaze PUB: people=1, frame_idx=0
2025-11-27 16:26:30,611 - INFO - openpose - Gaze3D frame=0 id=None label=None v=[-0.383, 0.159, 0.910] yaw=-22.8 pitch=-9.1 cx=348.8141174316406
2025-11-27 16:26:30,611 - INFO - openpose - Gaze3D frame=0 id=None label=None v=[0.042, 0.007, 0.999] yaw=2.4 pitch=-0.4 cx=412.28904724121094
2025-11-27 16:26:30,611 - INFO - openpose - Gaze PUB: people=2, frame_idx=0
2025-11-27 16:26:30,787 - INFO - openpose - Gaze3D frame=0 id=None label=None v=[-0.416, -0.045, 0.908] yaw=-24.6 pitch=2.6 cx=351.18031311035156
2025-11-27 16:26:30,787 - INFO - openpose - Gaze PUB: people=1, frame_idx=0
2025-11-27 16:26:30,959 - INFO - openpose - Gaze3D frame=0 id=None label=None v=[-0.229, -0.033, 0.973] yaw=-13.2 pitch=1.9 cx=361.59661865234375
2025-11-27 16:26:30,959 - INFO - openpose - Gaze PUB: people=1, frame_idx=0
2025-11-27 16:26:31,139 - INFO - openpose - Gaze3D frame=0 id=None label=None v=[-0.156, 0.086, 0.984] yaw=-9.0 pitch=-4.9 cx=371.37709045410156
2025-11-27 16:26:31,139 - INFO - openpose - Gaze PUB: people=1, frame_idx=0
2025-11-27 16:26:31,311 - INFO - openpose - Gaze3D frame=0 id=None label=None v=[-0.046, 0.077, 0.996] yaw=-2.7 pitch=-4.4 cx=381.81117248535156
2025-11-27 16:26:31,311 - INFO - openpose - Gaze PUB: people=1, frame_idx=0
2025-11-27 16:26:31,497 - INFO - openpose - Gaze3D frame=0 id=None label=None v=[-0.278, 0.054, 0.959] yaw=-16.2 pitch=-3.1 cx=388.8361053466797
2025-11-27 16:26:31,497 - INFO - openpose - Gaze PUB: people=1, frame_idx=0
2025-11-27 16:26:31,671 - INFO - openpose - Gaze3D frame=0 id=None label=None v=[-0.031, -0.156, 0.987] yaw=-1.8 pitch=9.0 cx=390.14593505859375
2025-11-27 16:26:31,671 - INFO - openpose - Gaze PUB: people=1, frame_idx=0
2025-11-27 16:26:31,843 - INFO - openpose - Gaze3D frame=0 id=None label=None v=[0.116, 0.133, 0.984] yaw=6.7 pitch=-7.6 cx=388.55946350097656
2025-11-27 16:26:31,843 - INFO - openpose - Gaze PUB: people=1, frame_idx=0
2025-11-27 16:26:32,028 - INFO - openpose - Gaze3D frame=0 id=None label=None v=[-0.240, 0.093, 0.966] yaw=-13.9 pitch=-5.3 cx=387.5623321533203
2025-11-27 16:26:32,029 - INFO - openpose - Gaze PUB: people=1, frame_idx=0
2025-11-27 16:26:32,212 - INFO - openpose - Gaze3D frame=0 id=None label=None v=[-0.175, 0.020, 0.984] yaw=-10.1 pitch=-1.2 cx=385.9181671142578
2025-11-27 16:26:32,212 - INFO - openpose - Gaze PUB: people=1, frame_idx=0
2025-11-27 16:26:32,412 - INFO - openpose - Gaze3D frame=0 id=None label=None v=[-0.348, 0.107, 0.932] yaw=-20.5 pitch=-6.1 cx=384.50193786621094
2025-11-27 16:26:32,412 - INFO - openpose - Gaze PUB: people=1, frame_idx=0
2025-11-27 16:26:32,588 - INFO - openpose - Gaze3D frame=0 id=None label=None v=[-0.320, 0.017, 0.947] yaw=-18.7 pitch=-1.0 cx=384.7206726074219
2025-11-27 16:26:32,588 - INFO - openpose - Gaze PUB: people=1, frame_idx=0
2025-11-27 16:26:32,767 - INFO - openpose - Gaze3D frame=0 id=None label=None v=[-0.318, 0.138, 0.938] yaw=-18.7 pitch=-7.9 cx=384.95355224609375
2025-11-27 16:26:32,767 - INFO - openpose - Gaze PUB: people=1, frame_idx=0
2025-11-27 16:26:32,950 - INFO - openpose - Gaze3D frame=0 id=None label=None v=[-0.313, 0.074, 0.947] yaw=-18.3 pitch=-4.3 cx=385.10826110839844
2025-11-27 16:26:32,950 - INFO - openpose - Gaze PUB: people=1, frame_idx=0
2025-11-27 16:26:33,132 - INFO - openpose - Gaze3D frame=0 id=None label=None v=[-0.343, 0.012, 0.939] yaw=-20.0 pitch=-0.7 cx=385.2664031982422
2025-11-27 16:26:33,132 - INFO - openpose - Gaze PUB: people=1, frame_idx=0
2025-11-27 16:26:33,303 - INFO - openpose - Gaze3D frame=0 id=None label=None v=[-0.285, 0.049, 0.957] yaw=-16.6 pitch=-2.8 cx=385.59730529785156
2025-11-27 16:26:33,304 - INFO - openpose - Gaze PUB: people=1, frame_idx=0
2025-11-27 16:26:33,476 - INFO - openpose - Gaze3D frame=0 id=None label=None v=[-0.290, -0.002, 0.957] yaw=-16.8 pitch=0.1 cx=386.737060546875
2025-11-27 16:26:33,476 - INFO - openpose - Gaze PUB: people=1, frame_idx=0
2025-11-27 16:26:33,651 - INFO - openpose - Gaze3D frame=0 id=None label=None v=[-0.294, 0.084, 0.952] yaw=-17.2 pitch=-4.8 cx=387.90830993652344
2025-11-27 16:26:33,651 - INFO - openpose - Gaze PUB: people=1, frame_idx=0
2025-11-27 16:26:33,875 - INFO - openpose - Gaze3D frame=0 id=None label=None v=[-0.420, -0.001, 0.907] yaw=-24.9 pitch=0.1 cx=388.2051544189453
2025-11-27 16:26:33,875 - INFO - openpose - Gaze PUB: people=1, frame_idx=0
2025-11-27 16:26:34,053 - INFO - openpose - Gaze3D frame=0 id=None label=None v=[-0.269, 0.156, 0.951] yaw=-15.8 pitch=-9.0 cx=388.12579345703125
2025-11-27 16:26:34,053 - INFO - openpose - Gaze PUB: people=1, frame_idx=0
2025-11-27 16:26:34,229 - INFO - openpose - Gaze3D frame=0 id=None label=None v=[-0.194, 0.051, 0.980] yaw=-11.2 pitch=-2.9 cx=388.1486511230469
2025-11-27 16:26:34,229 - INFO - openpose - Gaze PUB: people=1, frame_idx=0
2025-11-27 16:26:34,409 - INFO - openpose - Gaze3D frame=0 id=None label=None v=[-0.104, 0.293, 0.950] yaw=-6.3 pitch=-17.1 cx=388.0028991699219
2025-11-27 16:26:34,409 - INFO - openpose - Gaze PUB: people=1, frame_idx=0
2025-11-27 16:26:34,588 - INFO - openpose - Gaze3D frame=0 id=None label=None v=[-0.217, 0.197, 0.956] yaw=-12.8 pitch=-11.3 cx=388.2468566894531
2025-11-27 16:26:34,588 - INFO - openpose - Gaze PUB: people=1, frame_idx=0
2025-11-27 16:26:34,764 - INFO - openpose - Gaze3D frame=0 id=None label=None v=[-0.201, 0.084, 0.976] yaw=-11.6 pitch=-4.8 cx=389.0051574707031
2025-11-27 16:26:34,764 - INFO - openpose - Gaze PUB: people=1, frame_idx=0
2025-11-27 16:26:34,940 - INFO - openpose - Gaze3D frame=0 id=None label=None v=[-0.271, 0.031, 0.962] yaw=-15.8 pitch=-1.8 cx=389.5986022949219
2025-11-27 16:26:34,940 - INFO - openpose - Gaze PUB: people=1, frame_idx=0
2025-11-27 16:26:35,104 - INFO - openpose - Gaze3D frame=0 id=None label=None v=[-0.262, 0.123, 0.957] yaw=-15.3 pitch=-7.1 cx=390.65130615234375
2025-11-27 16:26:35,104 - INFO - openpose - Gaze PUB: people=1, frame_idx=0
2025-11-27 16:26:35,278 - INFO - openpose - Gaze3D frame=0 id=None label=None v=[-0.295, 0.043, 0.954] yaw=-17.2 pitch=-2.4 cx=391.6314239501953
2025-11-27 16:26:35,278 - INFO - openpose - Gaze PUB: people=1, frame_idx=0
2025-11-27 16:26:35,463 - INFO - openpose - Gaze3D frame=0 id=None label=None v=[-0.246, 0.045, 0.968] yaw=-14.3 pitch=-2.6 cx=391.87940979003906
2025-11-27 16:26:35,463 - INFO - openpose - Gaze PUB: people=1, frame_idx=0
2025-11-27 16:26:35,637 - INFO - openpose - Gaze3D frame=0 id=None label=None v=[-0.183, 0.060, 0.981] yaw=-10.5 pitch=-3.5 cx=391.32745361328125
2025-11-27 16:26:35,637 - INFO - openpose - Gaze PUB: people=1, frame_idx=0
2025-11-27 16:26:35,813 - INFO - openpose - Gaze3D frame=0 id=None label=None v=[-0.250, 0.066, 0.966] yaw=-14.5 pitch=-3.8 cx=390.9576110839844
2025-11-27 16:26:35,813 - INFO - openpose - Gaze PUB: people=1, frame_idx=0
2025-11-27 16:26:35,979 - INFO - openpose - Gaze3D frame=0 id=None label=None v=[-0.276, 0.067, 0.959] yaw=-16.0 pitch=-3.8 cx=389.758056640625
2025-11-27 16:26:35,979 - INFO - openpose - Gaze PUB: people=1, frame_idx=0
2025-11-27 16:26:36,154 - INFO - openpose - Gaze3D frame=0 id=None label=None v=[-0.321, 0.047, 0.946] yaw=-18.7 pitch=-2.7 cx=389.3810272216797
2025-11-27 16:26:36,154 - INFO - openpose - Gaze PUB: people=1, frame_idx=0
2025-11-27 16:26:36,320 - INFO - openpose - Gaze3D frame=0 id=None label=None v=[-0.240, 0.019, 0.971] yaw=-13.9 pitch=-1.1 cx=388.5152282714844
2025-11-27 16:26:36,320 - INFO - openpose - Gaze PUB: people=1, frame_idx=0
2025-11-27 16:26:36,472 - INFO - openpose - Gaze3D frame=0 id=None label=None v=[-0.125, 0.185, 0.975] yaw=-7.3 pitch=-10.7 cx=388.17071533203125
2025-11-27 16:26:36,472 - INFO - openpose - Gaze PUB: people=1, frame_idx=0
2025-11-27 16:26:36,658 - INFO - openpose - Gaze3D frame=0 id=None label=None v=[-0.266, 0.027, 0.964] yaw=-15.4 pitch=-1.5 cx=388.29193115234375
2025-11-27 16:26:36,658 - INFO - openpose - Gaze PUB: people=1, frame_idx=0
2025-11-27 16:26:36,833 - INFO - openpose - Gaze3D frame=0 id=None label=None v=[-0.307, 0.119, 0.944] yaw=-18.0 pitch=-6.8 cx=388.6018981933594
2025-11-27 16:26:36,833 - INFO - openpose - Gaze PUB: people=1, frame_idx=0
2025-11-27 16:26:37,007 - INFO - openpose - Gaze3D frame=0 id=None label=None v=[-0.353, -0.027, 0.935] yaw=-20.7 pitch=1.5 cx=388.7653503417969
2025-11-27 16:26:37,008 - INFO - openpose - Gaze PUB: people=1, frame_idx=0
2025-11-27 16:26:37,187 - INFO - openpose - Gaze3D frame=0 id=None label=None v=[-0.242, 0.064, 0.968] yaw=-14.0 pitch=-3.7 cx=388.7015380859375
2025-11-27 16:26:37,187 - INFO - openpose - Gaze PUB: people=1, frame_idx=0
2025-11-27 16:26:37,369 - INFO - openpose - Gaze3D frame=0 id=None label=None v=[-0.323, 0.075, 0.944] yaw=-18.9 pitch=-4.3 cx=388.55914306640625
2025-11-27 16:26:37,369 - INFO - openpose - Gaze PUB: people=1, frame_idx=0
2025-11-27 16:26:37,561 - INFO - openpose - Gaze3D frame=0 id=None label=None v=[-0.302, 0.120, 0.946] yaw=-17.7 pitch=-6.9 cx=388.32090759277344
2025-11-27 16:26:37,561 - INFO - openpose - Gaze PUB: people=1, frame_idx=0
2025-11-27 16:26:37,741 - INFO - openpose - Gaze3D frame=0 id=None label=None v=[-0.181, 0.281, 0.943] yaw=-10.8 pitch=-16.3 cx=388.0285186767578
2025-11-27 16:26:37,741 - INFO - openpose - Gaze PUB: people=1, frame_idx=0
2025-11-27 16:26:37,914 - INFO - openpose - Gaze3D frame=0 id=None label=None v=[-0.168, 0.099, 0.981] yaw=-9.7 pitch=-5.7 cx=388.0263366699219
2025-11-27 16:26:37,914 - INFO - openpose - Gaze PUB: people=1, frame_idx=0
2025-11-27 16:26:38,080 - INFO - openpose - Gaze3D frame=0 id=None label=None v=[-0.230, 0.274, 0.934] yaw=-13.8 pitch=-15.9 cx=387.9768981933594
2025-11-27 16:26:38,080 - INFO - openpose - Gaze PUB: people=1, frame_idx=0
2025-11-27 16:26:38,256 - INFO - openpose - Gaze3D frame=0 id=None label=None v=[-0.317, 0.009, 0.948] yaw=-18.5 pitch=-0.5 cx=388.1587829589844
2025-11-27 16:26:38,256 - INFO - openpose - Gaze PUB: people=1, frame_idx=0
2025-11-27 16:26:38,442 - INFO - openpose - Gaze3D frame=0 id=None label=None v=[-0.276, 0.140, 0.951] yaw=-16.2 pitch=-8.1 cx=388.50694274902344
2025-11-27 16:26:38,442 - INFO - openpose - Gaze PUB: people=1, frame_idx=0
2025-11-27 16:26:38,617 - INFO - openpose - Gaze3D frame=0 id=None label=None v=[-0.327, -0.010, 0.945] yaw=-19.1 pitch=0.6 cx=388.78759765625
2025-11-27 16:26:38,617 - INFO - openpose - Gaze PUB: people=1, frame_idx=0
2025-11-27 16:26:38,793 - INFO - openpose - Gaze3D frame=0 id=None label=None v=[-0.297, 0.075, 0.952] yaw=-17.3 pitch=-4.3 cx=388.9779815673828
2025-11-27 16:26:38,794 - INFO - openpose - Gaze PUB: people=1, frame_idx=0
2025-11-27 16:26:38,980 - INFO - openpose - Gaze3D frame=0 id=None label=None v=[-0.277, 0.211, 0.937] yaw=-16.4 pitch=-12.2 cx=388.9056396484375
2025-11-27 16:26:38,980 - INFO - openpose - Gaze PUB: people=1, frame_idx=0
2025-11-27 16:26:39,151 - INFO - openpose - Gaze3D frame=0 id=None label=None v=[-0.276, -0.067, 0.959] yaw=-16.0 pitch=3.9 cx=389.51661682128906
2025-11-27 16:26:39,151 - INFO - openpose - Gaze PUB: people=1, frame_idx=0
2025-11-27 16:26:39,322 - INFO - openpose - Gaze3D frame=0 id=None label=None v=[-0.139, 0.168, 0.976] yaw=-8.1 pitch=-9.6 cx=391.62232971191406
2025-11-27 16:26:39,323 - INFO - openpose - Gaze PUB: people=1, frame_idx=0
2025-11-27 16:26:39,504 - INFO - openpose - Gaze3D frame=0 id=None label=None v=[-0.066, -0.116, 0.991] yaw=-3.8 pitch=6.7 cx=394.5437927246094
2025-11-27 16:26:39,504 - INFO - openpose - Gaze PUB: people=1, frame_idx=0
2025-11-27 16:26:39,680 - INFO - openpose - Gaze3D frame=0 id=None label=None v=[-0.045, -0.113, 0.993] yaw=-2.6 pitch=6.5 cx=395.4740753173828
2025-11-27 16:26:39,680 - INFO - openpose - Gaze PUB: people=1, frame_idx=0
2025-11-27 16:26:39,852 - INFO - openpose - Gaze3D frame=0 id=None label=None v=[-0.050, -0.122, 0.991] yaw=-2.9 pitch=7.0 cx=395.83868408203125
2025-11-27 16:26:39,852 - INFO - openpose - Gaze PUB: people=1, frame_idx=0
2025-11-27 16:26:40,031 - INFO - openpose - Gaze3D frame=0 id=None label=None v=[-0.104, 0.120, 0.987] yaw=-6.0 pitch=-6.9 cx=396.3741760253906
2025-11-27 16:26:40,032 - INFO - openpose - Gaze PUB: people=1, frame_idx=0
2025-11-27 16:26:40,211 - INFO - openpose - Gaze3D frame=0 id=None label=None v=[-0.253, 0.195, 0.948] yaw=-14.9 pitch=-11.3 cx=392.9468688964844
2025-11-27 16:26:40,211 - INFO - openpose - Gaze PUB: people=1, frame_idx=0
2025-11-27 16:26:40,376 - INFO - openpose - Gaze3D frame=0 id=None label=None v=[-0.259, 0.246, 0.934] yaw=-15.5 pitch=-14.3 cx=390.8653564453125
2025-11-27 16:26:40,376 - INFO - openpose - Gaze PUB: people=1, frame_idx=0
2025-11-27 16:26:40,531 - INFO - openpose - Gaze3D frame=0 id=None label=None v=[-0.302, 0.189, 0.934] yaw=-17.9 pitch=-10.9 cx=389.9939270019531
2025-11-27 16:26:40,531 - INFO - openpose - Gaze PUB: people=1, frame_idx=0
2025-11-27 16:26:40,693 - INFO - openpose - Gaze3D frame=0 id=None label=None v=[-0.218, 0.105, 0.970] yaw=-12.6 pitch=-6.0 cx=389.2084197998047
2025-11-27 16:26:40,693 - INFO - openpose - Gaze PUB: people=1, frame_idx=0
2025-11-27 16:26:40,865 - INFO - openpose - Gaze3D frame=0 id=None label=None v=[-0.150, 0.007, 0.989] yaw=-8.6 pitch=-0.4 cx=388.4197082519531
2025-11-27 16:26:40,866 - INFO - openpose - Gaze PUB: people=1, frame_idx=0
2025-11-27 16:26:41,028 - INFO - openpose - Gaze3D frame=0 id=None label=None v=[-0.208, -0.101, 0.973] yaw=-12.1 pitch=5.8 cx=387.2303771972656
2025-11-27 16:26:41,028 - INFO - openpose - Gaze PUB: people=1, frame_idx=0
2025-11-27 16:26:41,187 - INFO - openpose - Gaze3D frame=0 id=None label=None v=[-0.391, 0.049, 0.919] yaw=-23.0 pitch=-2.8 cx=387.3434753417969
2025-11-27 16:26:41,187 - INFO - openpose - Gaze PUB: people=1, frame_idx=0
2025-11-27 16:26:41,357 - INFO - openpose - Gaze3D frame=0 id=None label=None v=[-0.341, 0.046, 0.939] yaw=-20.0 pitch=-2.7 cx=387.26605224609375
2025-11-27 16:26:41,357 - INFO - openpose - Gaze PUB: people=1, frame_idx=0
2025-11-27 16:26:41,535 - INFO - openpose - Gaze3D frame=0 id=None label=None v=[-0.290, 0.109, 0.951] yaw=-16.9 pitch=-6.3 cx=387.9507293701172
2025-11-27 16:26:41,535 - INFO - openpose - Gaze PUB: people=1, frame_idx=0
2025-11-27 16:26:41,701 - INFO - openpose - Gaze3D frame=0 id=None label=None v=[-0.329, 0.107, 0.938] yaw=-19.3 pitch=-6.2 cx=388.8870086669922
2025-11-27 16:26:41,701 - INFO - openpose - Gaze PUB: people=1, frame_idx=0
2025-11-27 16:26:41,867 - INFO - openpose - Gaze3D frame=0 id=None label=None v=[-0.367, 0.034, 0.930] yaw=-21.5 pitch=-1.9 cx=389.26373291015625
2025-11-27 16:26:41,867 - INFO - openpose - Gaze PUB: people=1, frame_idx=0
2025-11-27 16:26:42,046 - INFO - openpose - Gaze3D frame=0 id=None label=None v=[-0.254, 0.015, 0.967] yaw=-14.7 pitch=-0.9 cx=390.03257751464844
2025-11-27 16:26:42,046 - INFO - openpose - Gaze PUB: people=1, frame_idx=0
2025-11-27 16:26:42,216 - INFO - openpose - Gaze3D frame=0 id=None label=None v=[-0.357, 0.062, 0.932] yaw=-21.0 pitch=-3.5 cx=390.8724822998047
2025-11-27 16:26:42,216 - INFO - openpose - Gaze PUB: people=1, frame_idx=0
2025-11-27 16:26:42,380 - INFO - openpose - Gaze3D frame=0 id=None label=None v=[-0.299, 0.018, 0.954] yaw=-17.4 pitch=-1.0 cx=391.02369689941406
2025-11-27 16:26:42,380 - INFO - openpose - Gaze PUB: people=1, frame_idx=0
2025-11-27 16:26:42,552 - INFO - openpose - Gaze3D frame=0 id=None label=None v=[-0.264, 0.163, 0.951] yaw=-15.5 pitch=-9.4 cx=390.24664306640625
2025-11-27 16:26:42,552 - INFO - openpose - Gaze PUB: people=1, frame_idx=0
2025-11-27 16:26:42,716 - INFO - openpose - Gaze3D frame=0 id=None label=None v=[-0.345, -0.107, 0.933] yaw=-20.3 pitch=6.1 cx=389.81642150878906
2025-11-27 16:26:42,716 - INFO - openpose - Gaze PUB: people=1, frame_idx=0
2025-11-27 16:26:42,889 - INFO - openpose - Gaze3D frame=0 id=None label=None v=[-0.295, 0.114, 0.949] yaw=-17.3 pitch=-6.6 cx=390.79563903808594
2025-11-27 16:26:42,889 - INFO - openpose - Gaze PUB: people=1, frame_idx=0
2025-11-27 16:26:43,061 - INFO - openpose - Gaze3D frame=0 id=None label=None v=[-0.335, -0.008, 0.942] yaw=-19.5 pitch=0.4 cx=391.07110595703125
2025-11-27 16:26:43,061 - INFO - openpose - Gaze PUB: people=1, frame_idx=0
2025-11-27 16:26:43,235 - INFO - openpose - Gaze3D frame=0 id=None label=None v=[-0.265, 0.186, 0.946] yaw=-15.7 pitch=-10.7 cx=391.24122619628906
2025-11-27 16:26:43,235 - INFO - openpose - Gaze PUB: people=1, frame_idx=0
2025-11-27 16:26:43,412 - INFO - openpose - Gaze3D frame=0 id=None label=None v=[-0.298, 0.196, 0.934] yaw=-17.7 pitch=-11.3 cx=391.24330139160156
2025-11-27 16:26:43,412 - INFO - openpose - Gaze PUB: people=1, frame_idx=0
2025-11-27 16:26:43,588 - INFO - openpose - Gaze3D frame=0 id=None label=None v=[-0.263, 0.198, 0.944] yaw=-15.5 pitch=-11.4 cx=391.5941619873047
2025-11-27 16:26:43,589 - INFO - openpose - Gaze PUB: people=1, frame_idx=0
2025-11-27 16:26:43,761 - INFO - openpose - Gaze3D frame=0 id=None label=None v=[-0.248, 0.200, 0.948] yaw=-14.7 pitch=-11.6 cx=391.6301574707031
2025-11-27 16:26:43,761 - INFO - openpose - Gaze PUB: people=1, frame_idx=0
2025-11-27 16:26:43,943 - INFO - openpose - Gaze3D frame=0 id=None label=None v=[-0.147, 0.007, 0.989] yaw=-8.4 pitch=-0.4 cx=391.2635498046875
2025-11-27 16:26:43,943 - INFO - openpose - Gaze PUB: people=1, frame_idx=0
2025-11-27 16:26:44,121 - INFO - openpose - Gaze3D frame=0 id=None label=None v=[-0.220, -0.021, 0.975] yaw=-12.7 pitch=1.2 cx=390.9441680908203
2025-11-27 16:26:44,121 - INFO - openpose - Gaze PUB: people=1, frame_idx=0
2025-11-27 16:26:44,301 - INFO - openpose - Gaze3D frame=0 id=None label=None v=[-0.092, 0.024, 0.995] yaw=-5.3 pitch=-1.3 cx=390.96624755859375
2025-11-27 16:26:44,301 - INFO - openpose - Gaze PUB: people=1, frame_idx=0
2025-11-27 16:26:44,482 - INFO - openpose - Gaze3D frame=0 id=None label=None v=[-0.073, 0.010, 0.997] yaw=-4.2 pitch=-0.6 cx=391.95396423339844
2025-11-27 16:26:44,482 - INFO - openpose - Gaze PUB: people=1, frame_idx=0
2025-11-27 16:26:44,669 - INFO - openpose - Gaze3D frame=0 id=None label=None v=[-0.123, 0.042, 0.992] yaw=-7.1 pitch=-2.4 cx=392.248046875
2025-11-27 16:26:44,669 - INFO - openpose - Gaze PUB: people=1, frame_idx=0
2025-11-27 16:26:44,845 - INFO - openpose - Gaze3D frame=0 id=None label=None v=[-0.049, 0.093, 0.994] yaw=-2.8 pitch=-5.3 cx=392.0417938232422
2025-11-27 16:26:44,845 - INFO - openpose - Gaze PUB: people=1, frame_idx=0
2025-11-27 16:26:45,023 - INFO - openpose - Gaze3D frame=0 id=None label=None v=[-0.133, 0.035, 0.990] yaw=-7.7 pitch=-2.0 cx=392.3161163330078
2025-11-27 16:26:45,023 - INFO - openpose - Gaze PUB: people=1, frame_idx=0
2025-11-27 16:26:45,211 - INFO - openpose - Gaze3D frame=0 id=None label=None v=[-0.116, 0.064, 0.991] yaw=-6.7 pitch=-3.7 cx=392.3937683105469
2025-11-27 16:26:45,211 - INFO - openpose - Gaze PUB: people=1, frame_idx=0
2025-11-27 16:26:45,389 - INFO - openpose - Gaze3D frame=0 id=None label=None v=[-0.137, 0.076, 0.988] yaw=-7.9 pitch=-4.3 cx=392.38844299316406
2025-11-27 16:26:45,389 - INFO - openpose - Gaze PUB: people=1, frame_idx=0
2025-11-27 16:26:45,568 - INFO - openpose - Gaze3D frame=0 id=None label=None v=[-0.072, -0.024, 0.997] yaw=-4.1 pitch=1.4 cx=392.11456298828125
2025-11-27 16:26:45,568 - INFO - openpose - Gaze PUB: people=1, frame_idx=0
2025-11-27 16:26:45,754 - INFO - openpose - Gaze3D frame=0 id=None label=None v=[-0.222, 0.047, 0.974] yaw=-12.9 pitch=-2.7 cx=391.72520446777344
2025-11-27 16:26:45,754 - INFO - openpose - Gaze PUB: people=1, frame_idx=0
2025-11-27 16:26:45,930 - INFO - openpose - Gaze3D frame=0 id=None label=None v=[-0.205, 0.007, 0.979] yaw=-11.8 pitch=-0.4 cx=391.81141662597656
2025-11-27 16:26:45,930 - INFO - openpose - Gaze PUB: people=1, frame_idx=0
2025-11-27 16:26:46,104 - INFO - openpose - Gaze3D frame=0 id=None label=None v=[-0.237, 0.073, 0.969] yaw=-13.8 pitch=-4.2 cx=392.26646423339844
2025-11-27 16:26:46,104 - INFO - openpose - Gaze PUB: people=1, frame_idx=0
2025-11-27 16:26:46,289 - INFO - openpose - Gaze3D frame=0 id=None label=None v=[-0.182, 0.128, 0.975] yaw=-10.6 pitch=-7.4 cx=392.6215515136719
2025-11-27 16:26:46,289 - INFO - openpose - Gaze PUB: people=1, frame_idx=0
2025-11-27 16:26:46,470 - INFO - openpose - Gaze3D frame=0 id=None label=None v=[-0.166, 0.079, 0.983] yaw=-9.6 pitch=-4.5 cx=392.73321533203125
2025-11-27 16:26:46,470 - INFO - openpose - Gaze PUB: people=1, frame_idx=0
2025-11-27 16:26:46,639 - INFO - openpose - Gaze3D frame=0 id=None label=None v=[-0.251, -0.007, 0.968] yaw=-14.5 pitch=0.4 cx=392.85968017578125
2025-11-27 16:26:46,639 - INFO - openpose - Gaze PUB: people=1, frame_idx=0
2025-11-27 16:26:46,824 - INFO - openpose - Gaze3D frame=0 id=None label=None v=[-0.283, 0.041, 0.958] yaw=-16.4 pitch=-2.3 cx=392.6545867919922
2025-11-27 16:26:46,824 - INFO - openpose - Gaze PUB: people=1, frame_idx=0
2025-11-27 16:26:47,014 - INFO - openpose - Gaze3D frame=0 id=None label=None v=[-0.253, 0.057, 0.966] yaw=-14.7 pitch=-3.3 cx=392.5554656982422
2025-11-27 16:26:47,014 - INFO - openpose - Gaze PUB: people=1, frame_idx=0
2025-11-27 16:26:47,185 - INFO - openpose - Gaze3D frame=0 id=None label=None v=[-0.101, 0.022, 0.995] yaw=-5.8 pitch=-1.3 cx=392.41387939453125
2025-11-27 16:26:47,185 - INFO - openpose - Gaze PUB: people=1, frame_idx=0
2025-11-27 16:26:47,357 - INFO - openpose - Gaze3D frame=0 id=None label=None v=[-0.116, 0.199, 0.973] yaw=-6.8 pitch=-11.5 cx=392.4380187988281
2025-11-27 16:26:47,357 - INFO - openpose - Gaze PUB: people=1, frame_idx=0
2025-11-27 16:26:47,536 - INFO - openpose - Gaze3D frame=0 id=None label=None v=[-0.230, 0.041, 0.972] yaw=-13.3 pitch=-2.4 cx=391.62042236328125
2025-11-27 16:26:47,536 - INFO - openpose - Gaze PUB: people=1, frame_idx=0
2025-11-27 16:26:47,719 - INFO - openpose - Gaze3D frame=0 id=None label=None v=[-0.362, 0.075, 0.929] yaw=-21.3 pitch=-4.3 cx=391.1421813964844
2025-11-27 16:26:47,720 - INFO - openpose - Gaze PUB: people=1, frame_idx=0
2025-11-27 16:26:47,898 - INFO - openpose - Gaze3D frame=0 id=None label=None v=[-0.292, 0.026, 0.956] yaw=-17.0 pitch=-1.5 cx=390.5500030517578
2025-11-27 16:26:47,898 - INFO - openpose - Gaze PUB: people=1, frame_idx=0
2025-11-27 16:26:48,074 - INFO - openpose - Gaze3D frame=0 id=None label=None v=[-0.227, 0.128, 0.965] yaw=-13.2 pitch=-7.4 cx=390.994384765625
2025-11-27 16:26:48,074 - INFO - openpose - Gaze PUB: people=1, frame_idx=0
2025-11-27 16:26:48,240 - INFO - openpose - Gaze3D frame=0 id=None label=None v=[-0.371, 0.056, 0.927] yaw=-21.8 pitch=-3.2 cx=390.4003448486328
2025-11-27 16:26:48,240 - INFO - openpose - Gaze PUB: people=1, frame_idx=0
2025-11-27 16:26:48,416 - INFO - openpose - Gaze3D frame=0 id=None label=None v=[-0.313, 0.057, 0.948] yaw=-18.3 pitch=-3.3 cx=390.3036193847656
2025-11-27 16:26:48,416 - INFO - openpose - Gaze PUB: people=1, frame_idx=0
2025-11-27 16:26:48,591 - INFO - openpose - Gaze3D frame=0 id=None label=None v=[-0.213, 0.131, 0.968] yaw=-12.4 pitch=-7.5 cx=390.50311279296875
2025-11-27 16:26:48,591 - INFO - openpose - Gaze PUB: people=1, frame_idx=0
2025-11-27 16:26:48,765 - INFO - openpose - Gaze3D frame=0 id=None label=None v=[-0.247, 0.113, 0.963] yaw=-14.4 pitch=-6.5 cx=391.56593322753906
2025-11-27 16:26:48,765 - INFO - openpose - Gaze PUB: people=1, frame_idx=0
2025-11-27 16:26:48,949 - INFO - openpose - Gaze3D frame=0 id=None label=None v=[-0.169, 0.064, 0.983] yaw=-9.8 pitch=-3.7 cx=392.865234375
2025-11-27 16:26:48,949 - INFO - openpose - Gaze PUB: people=1, frame_idx=0
2025-11-27 16:26:49,121 - INFO - openpose - Gaze3D frame=0 id=None label=None v=[-0.220, 0.059, 0.974] yaw=-12.7 pitch=-3.4 cx=393.5742950439453
2025-11-27 16:26:49,121 - INFO - openpose - Gaze PUB: people=1, frame_idx=0
2025-11-27 16:26:49,299 - INFO - openpose - Gaze3D frame=0 id=None label=None v=[-0.240, 0.164, 0.957] yaw=-14.1 pitch=-9.4 cx=394.31068420410156
2025-11-27 16:26:49,299 - INFO - openpose - Gaze PUB: people=1, frame_idx=0
2025-11-27 16:26:49,457 - INFO - openpose - Gaze3D frame=0 id=None label=None v=[-0.117, 0.037, 0.992] yaw=-6.7 pitch=-2.1 cx=394.2802429199219
2025-11-27 16:26:49,457 - INFO - openpose - Gaze PUB: people=1, frame_idx=0
2025-11-27 16:26:49,633 - INFO - openpose - Gaze3D frame=0 id=None label=None v=[-0.267, 0.053, 0.962] yaw=-15.5 pitch=-3.1 cx=393.2480010986328
2025-11-27 16:26:49,633 - INFO - openpose - Gaze PUB: people=1, frame_idx=0
2025-11-27 16:26:49,818 - INFO - openpose - Gaze3D frame=0 id=None label=None v=[-0.375, 0.042, 0.926] yaw=-22.0 pitch=-2.4 cx=391.75579833984375
2025-11-27 16:26:49,818 - INFO - openpose - Gaze PUB: people=1, frame_idx=0
2025-11-27 16:26:49,989 - INFO - openpose - Gaze3D frame=0 id=None label=None v=[-0.432, 0.044, 0.901] yaw=-25.6 pitch=-2.5 cx=390.78265380859375
2025-11-27 16:26:49,989 - INFO - openpose - Gaze PUB: people=1, frame_idx=0
2025-11-27 16:26:50,154 - INFO - openpose - Gaze3D frame=0 id=None label=None v=[-0.290, 0.003, 0.957] yaw=-16.9 pitch=-0.2 cx=390.38397216796875
2025-11-27 16:26:50,155 - INFO - openpose - Gaze PUB: people=1, frame_idx=0
2025-11-27 16:26:50,321 - INFO - openpose - Gaze3D frame=0 id=None label=None v=[-0.308, -0.018, 0.951] yaw=-17.9 pitch=1.1 cx=389.6559753417969
2025-11-27 16:26:50,321 - INFO - openpose - Gaze PUB: people=1, frame_idx=0
2025-11-27 16:26:50,499 - INFO - openpose - Gaze3D frame=0 id=None label=None v=[-0.309, -0.018, 0.951] yaw=-18.0 pitch=1.0 cx=389.1155700683594
2025-11-27 16:26:50,499 - INFO - openpose - Gaze PUB: people=1, frame_idx=0
2025-11-27 16:26:50,689 - INFO - openpose - Gaze3D frame=0 id=None label=None v=[-0.304, 0.055, 0.951] yaw=-17.7 pitch=-3.2 cx=389.0662536621094
2025-11-27 16:26:50,689 - INFO - openpose - Gaze PUB: people=1, frame_idx=0
2025-11-27 16:26:50,875 - INFO - openpose - Gaze3D frame=0 id=None label=None v=[-0.300, 0.032, 0.953] yaw=-17.5 pitch=-1.8 cx=389.2535400390625
2025-11-27 16:26:50,875 - INFO - openpose - Gaze PUB: people=1, frame_idx=0
2025-11-27 16:26:51,056 - INFO - openpose - Gaze3D frame=0 id=None label=None v=[-0.346, -0.086, 0.934] yaw=-20.3 pitch=4.9 cx=389.4134826660156
2025-11-27 16:26:51,056 - INFO - openpose - Gaze PUB: people=1, frame_idx=0
2025-11-27 16:26:51,235 - INFO - openpose - Gaze3D frame=0 id=None label=None v=[-0.216, -0.068, 0.974] yaw=-12.5 pitch=3.9 cx=389.0774383544922
2025-11-27 16:26:51,235 - INFO - openpose - Gaze PUB: people=1, frame_idx=0
2025-11-27 16:26:51,416 - INFO - openpose - Gaze3D frame=0 id=None label=None v=[-0.241, -0.026, 0.970] yaw=-14.0 pitch=1.5 cx=388.92710876464844
2025-11-27 16:26:51,416 - INFO - openpose - Gaze PUB: people=1, frame_idx=0
2025-11-27 16:26:51,585 - INFO - openpose - Gaze3D frame=0 id=None label=None v=[-0.172, -0.164, 0.971] yaw=-10.0 pitch=9.5 cx=388.9793395996094
2025-11-27 16:26:51,585 - INFO - openpose - Gaze PUB: people=1, frame_idx=0
2025-11-27 16:26:51,749 - INFO - openpose - Gaze3D frame=0 id=None label=None v=[-0.283, -0.210, 0.936] yaw=-16.8 pitch=12.1 cx=389.5357360839844
2025-11-27 16:26:51,749 - INFO - openpose - Gaze PUB: people=1, frame_idx=0
2025-11-27 16:26:51,921 - INFO - openpose - Gaze3D frame=0 id=None label=None v=[-0.299, -0.145, 0.943] yaw=-17.6 pitch=8.4 cx=389.90911865234375
2025-11-27 16:26:51,921 - INFO - openpose - Gaze PUB: people=1, frame_idx=0
2025-11-27 16:26:52,088 - INFO - openpose - Gaze3D frame=0 id=None label=None v=[-0.318, -0.218, 0.923] yaw=-19.0 pitch=12.6 cx=389.9234924316406
2025-11-27 16:26:52,088 - INFO - openpose - Gaze PUB: people=1, frame_idx=0
2025-11-27 16:26:52,249 - INFO - openpose - Gaze3D frame=0 id=None label=None v=[-0.271, -0.125, 0.954] yaw=-15.9 pitch=7.2 cx=389.60003662109375
2025-11-27 16:26:52,249 - INFO - openpose - Gaze PUB: people=1, frame_idx=0
2025-11-27 16:26:52,424 - INFO - openpose - Gaze3D frame=0 id=None label=None v=[-0.303, -0.082, 0.949] yaw=-17.7 pitch=4.7 cx=388.74388122558594
2025-11-27 16:26:52,425 - INFO - openpose - Gaze PUB: people=1, frame_idx=0
2025-11-27 16:26:52,610 - INFO - openpose - Gaze3D frame=0 id=None label=None v=[-0.213, -0.127, 0.969] yaw=-12.4 pitch=7.3 cx=387.6610870361328
2025-11-27 16:26:52,610 - INFO - openpose - Gaze PUB: people=1, frame_idx=0
2025-11-27 16:26:52,779 - INFO - openpose - Gaze3D frame=0 id=None label=None v=[-0.298, 0.059, 0.953] yaw=-17.4 pitch=-3.4 cx=386.005615234375
2025-11-27 16:26:52,779 - INFO - openpose - Gaze PUB: people=1, frame_idx=0
2025-11-27 16:26:52,960 - INFO - openpose - Gaze3D frame=0 id=None label=None v=[-0.390, 0.011, 0.921] yaw=-23.0 pitch=-0.6 cx=386.04644775390625
2025-11-27 16:26:52,960 - INFO - openpose - Gaze PUB: people=1, frame_idx=0
2025-11-27 16:26:53,138 - INFO - openpose - Gaze3D frame=0 id=None label=None v=[-0.261, 0.076, 0.962] yaw=-15.2 pitch=-4.4 cx=386.8125
2025-11-27 16:26:53,139 - INFO - openpose - Gaze PUB: people=1, frame_idx=0
2025-11-27 16:26:53,321 - INFO - openpose - Gaze3D frame=0 id=None label=None v=[-0.337, -0.010, 0.942] yaw=-19.7 pitch=0.6 cx=387.8018493652344
2025-11-27 16:26:53,321 - INFO - openpose - Gaze PUB: people=1, frame_idx=0
2025-11-27 16:26:53,498 - INFO - openpose - Gaze3D frame=0 id=None label=None v=[-0.437, -0.032, 0.899] yaw=-25.9 pitch=1.8 cx=389.1177673339844
2025-11-27 16:26:53,499 - INFO - openpose - Gaze PUB: people=1, frame_idx=0
2025-11-27 16:26:53,670 - INFO - openpose - Gaze3D frame=0 id=None label=None v=[-0.454, -0.004, 0.891] yaw=-27.0 pitch=0.3 cx=389.7599639892578
2025-11-27 16:26:53,670 - INFO - openpose - Gaze PUB: people=1, frame_idx=0
2025-11-27 16:26:53,843 - INFO - openpose - Gaze3D frame=0 id=None label=None v=[-0.369, 0.058, 0.928] yaw=-21.7 pitch=-3.3 cx=389.71038818359375
2025-11-27 16:26:53,843 - INFO - openpose - Gaze PUB: people=1, frame_idx=0
2025-11-27 16:26:54,022 - INFO - openpose - Gaze3D frame=0 id=None label=None v=[-0.439, 0.106, 0.892] yaw=-26.2 pitch=-6.1 cx=389.2652893066406
2025-11-27 16:26:54,022 - INFO - openpose - Gaze PUB: people=1, frame_idx=0
2025-11-27 16:26:54,196 - INFO - openpose - Gaze3D frame=0 id=None label=None v=[-0.394, 0.038, 0.919] yaw=-23.2 pitch=-2.2 cx=388.62986755371094
2025-11-27 16:26:54,196 - INFO - openpose - Gaze PUB: people=1, frame_idx=0
2025-11-27 16:26:54,368 - INFO - openpose - Gaze3D frame=0 id=None label=None v=[-0.416, 0.013, 0.909] yaw=-24.6 pitch=-0.7 cx=388.7383117675781
2025-11-27 16:26:54,368 - INFO - openpose - Gaze PUB: people=1, frame_idx=0
2025-11-27 16:26:54,546 - INFO - openpose - Gaze3D frame=0 id=None label=None v=[-0.331, 0.116, 0.936] yaw=-19.5 pitch=-6.7 cx=389.52378845214844
2025-11-27 16:26:54,546 - INFO - openpose - Gaze PUB: people=1, frame_idx=0
2025-11-27 16:26:54,726 - INFO - openpose - Gaze3D frame=0 id=None label=None v=[-0.362, -0.036, 0.931] yaw=-21.2 pitch=2.1 cx=389.73011779785156
2025-11-27 16:26:54,726 - INFO - openpose - Gaze PUB: people=1, frame_idx=0
2025-11-27 16:26:54,889 - INFO - openpose - Gaze3D frame=0 id=None label=None v=[-0.332, -0.083, 0.940] yaw=-19.5 pitch=4.8 cx=389.9447784423828
2025-11-27 16:26:54,890 - INFO - openpose - Gaze PUB: people=1, frame_idx=0
2025-11-27 16:26:55,059 - INFO - openpose - Gaze3D frame=0 id=None label=None v=[-0.368, -0.099, 0.925] yaw=-21.7 pitch=5.7 cx=390.5713653564453
2025-11-27 16:26:55,059 - INFO - openpose - Gaze PUB: people=1, frame_idx=0
2025-11-27 16:26:55,246 - INFO - openpose - Gaze3D frame=0 id=None label=None v=[-0.359, -0.098, 0.928] yaw=-21.1 pitch=5.6 cx=391.03887939453125
2025-11-27 16:26:55,246 - INFO - openpose - Gaze PUB: people=1, frame_idx=0
2025-11-27 16:26:55,427 - INFO - openpose - Gaze3D frame=0 id=None label=None v=[-0.134, -0.208, 0.969] yaw=-7.9 pitch=12.0 cx=391.10107421875
2025-11-27 16:26:55,427 - INFO - openpose - Gaze PUB: people=1, frame_idx=0
2025-11-27 16:26:55,609 - INFO - openpose - Gaze3D frame=0 id=None label=None v=[-0.101, -0.030, 0.994] yaw=-5.8 pitch=1.7 cx=389.83221435546875
2025-11-27 16:26:55,609 - INFO - openpose - Gaze PUB: people=1, frame_idx=0
2025-11-27 16:26:55,782 - INFO - openpose - Gaze3D frame=0 id=None label=None v=[-0.085, -0.180, 0.980] yaw=-4.9 pitch=10.4 cx=389.4902801513672
2025-11-27 16:26:55,782 - INFO - openpose - Gaze PUB: people=1, frame_idx=0
2025-11-27 16:26:55,971 - INFO - openpose - Gaze3D frame=0 id=None label=None v=[-0.136, -0.120, 0.983] yaw=-7.9 pitch=6.9 cx=389.62591552734375
2025-11-27 16:26:55,971 - INFO - openpose - Gaze PUB: people=1, frame_idx=0
2025-11-27 16:26:56,152 - INFO - openpose - Gaze3D frame=0 id=None label=None v=[-0.205, -0.257, 0.944] yaw=-12.3 pitch=14.9 cx=389.63319396972656
2025-11-27 16:26:56,152 - INFO - openpose - Gaze PUB: people=1, frame_idx=0
2025-11-27 16:26:56,328 - INFO - openpose - Gaze3D frame=0 id=None label=None v=[-0.160, -0.166, 0.973] yaw=-9.3 pitch=9.5 cx=389.6826477050781
2025-11-27 16:26:56,328 - INFO - openpose - Gaze PUB: people=1, frame_idx=0
2025-11-27 16:26:56,494 - INFO - openpose - Gaze3D frame=0 id=None label=None v=[-0.319, -0.130, 0.939] yaw=-18.8 pitch=7.5 cx=389.6099395751953
2025-11-27 16:26:56,494 - INFO - openpose - Gaze PUB: people=1, frame_idx=0
2025-11-27 16:26:56,686 - INFO - openpose - Gaze3D frame=0 id=None label=None v=[-0.368, 0.040, 0.929] yaw=-21.6 pitch=-2.3 cx=389.1977081298828
2025-11-27 16:26:56,686 - INFO - openpose - Gaze PUB: people=1, frame_idx=0
2025-11-27 16:26:56,866 - INFO - openpose - Gaze3D frame=0 id=None label=None v=[-0.232, -0.070, 0.970] yaw=-13.5 pitch=4.0 cx=388.50254821777344
2025-11-27 16:26:56,866 - INFO - openpose - Gaze PUB: people=1, frame_idx=0
2025-11-27 16:26:57,043 - INFO - openpose - Gaze3D frame=0 id=None label=None v=[-0.200, 0.040, 0.979] yaw=-11.5 pitch=-2.3 cx=388.5638122558594
2025-11-27 16:26:57,043 - INFO - openpose - Gaze PUB: people=1, frame_idx=0
2025-11-27 16:26:57,232 - INFO - openpose - Gaze3D frame=0 id=None label=None v=[-0.407, -0.156, 0.900] yaw=-24.4 pitch=9.0 cx=388.51853942871094
2025-11-27 16:26:57,232 - INFO - openpose - Gaze PUB: people=1, frame_idx=0
2025-11-27 16:26:57,409 - INFO - openpose - Gaze3D frame=0 id=None label=None v=[-0.340, -0.181, 0.923] yaw=-20.2 pitch=10.4 cx=388.7937774658203
2025-11-27 16:26:57,409 - INFO - openpose - Gaze PUB: people=1, frame_idx=0
2025-11-27 16:26:57,587 - INFO - openpose - Gaze3D frame=0 id=None label=None v=[-0.304, -0.075, 0.950] yaw=-17.8 pitch=4.3 cx=388.90283203125
2025-11-27 16:26:57,588 - INFO - openpose - Gaze PUB: people=1, frame_idx=0
2025-11-27 16:26:57,748 - INFO - openpose - Gaze3D frame=0 id=None label=None v=[-0.394, -0.180, 0.901] yaw=-23.6 pitch=10.3 cx=388.5448303222656
2025-11-27 16:26:57,748 - INFO - openpose - Gaze PUB: people=1, frame_idx=0
2025-11-27 16:26:57,932 - INFO - openpose - Gaze3D frame=0 id=None label=None v=[-0.427, -0.104, 0.899] yaw=-25.4 pitch=5.9 cx=387.9483184814453
2025-11-27 16:26:57,933 - INFO - openpose - Gaze PUB: people=1, frame_idx=0
2025-11-27 16:26:58,112 - INFO - openpose - Gaze3D frame=0 id=None label=None v=[-0.520, -0.001, 0.854] yaw=-31.3 pitch=0.1 cx=387.1961669921875
2025-11-27 16:26:58,112 - INFO - openpose - Gaze PUB: people=1, frame_idx=0
2025-11-27 16:26:58,286 - INFO - openpose - Gaze3D frame=0 id=None label=None v=[-0.487, 0.076, 0.870] yaw=-29.2 pitch=-4.3 cx=386.77244567871094
2025-11-27 16:26:58,287 - INFO - openpose - Gaze PUB: people=1, frame_idx=0
2025-11-27 16:26:58,466 - INFO - openpose - Gaze3D frame=0 id=None label=None v=[-0.352, 0.281, 0.893] yaw=-21.5 pitch=-16.3 cx=386.6853485107422
2025-11-27 16:26:58,466 - INFO - openpose - Gaze PUB: people=1, frame_idx=0
2025-11-27 16:26:58,649 - INFO - openpose - Gaze3D frame=0 id=None label=None v=[-0.466, 0.142, 0.873] yaw=-28.1 pitch=-8.2 cx=386.50567626953125
2025-11-27 16:26:58,649 - INFO - openpose - Gaze PUB: people=1, frame_idx=0
2025-11-27 16:26:58,830 - INFO - openpose - Gaze3D frame=0 id=None label=None v=[-0.405, 0.079, 0.911] yaw=-24.0 pitch=-4.5 cx=385.9413146972656
2025-11-27 16:26:58,830 - INFO - openpose - Gaze PUB: people=1, frame_idx=0
2025-11-27 16:26:59,016 - INFO - openpose - Gaze3D frame=0 id=None label=None v=[-0.397, 0.172, 0.901] yaw=-23.8 pitch=-9.9 cx=384.9127502441406
2025-11-27 16:26:59,017 - INFO - openpose - Gaze PUB: people=1, frame_idx=0
2025-11-27 16:26:59,184 - INFO - openpose - Gaze3D frame=0 id=None label=None v=[-0.586, 0.162, 0.794] yaw=-36.4 pitch=-9.3 cx=384.23712158203125
2025-11-27 16:26:59,184 - INFO - openpose - Gaze PUB: people=1, frame_idx=0
2025-11-27 16:26:59,349 - INFO - openpose - Gaze3D frame=0 id=None label=None v=[-0.510, -0.087, 0.856] yaw=-30.8 pitch=5.0 cx=383.85626220703125
2025-11-27 16:26:59,349 - INFO - openpose - Gaze PUB: people=1, frame_idx=0
2025-11-27 16:26:59,524 - INFO - openpose - Gaze3D frame=0 id=None label=None v=[-0.565, 0.267, 0.781] yaw=-35.9 pitch=-15.5 cx=384.1499328613281
2025-11-27 16:26:59,524 - INFO - openpose - Gaze PUB: people=1, frame_idx=0
2025-11-27 16:26:59,705 - INFO - openpose - Gaze3D frame=0 id=None label=None v=[-0.323, 0.090, 0.942] yaw=-18.9 pitch=-5.2 cx=385.70928955078125
2025-11-27 16:26:59,705 - INFO - openpose - Gaze PUB: people=1, frame_idx=0
2025-11-27 16:26:59,897 - INFO - openpose - Gaze3D frame=0 id=None label=None v=[-0.467, 0.106, 0.878] yaw=-28.0 pitch=-6.1 cx=386.36358642578125
2025-11-27 16:26:59,897 - INFO - openpose - Gaze PUB: people=1, frame_idx=0
2025-11-27 16:27:00,075 - INFO - openpose - Gaze3D frame=0 id=None label=None v=[-0.435, -0.107, 0.894] yaw=-25.9 pitch=6.2 cx=386.64112854003906
2025-11-27 16:27:00,075 - INFO - openpose - Gaze PUB: people=1, frame_idx=0
2025-11-27 16:27:00,260 - INFO - openpose - Gaze3D frame=0 id=None label=None v=[-0.479, -0.029, 0.877] yaw=-28.7 pitch=1.6 cx=387.0195770263672
2025-11-27 16:27:00,260 - INFO - openpose - Gaze PUB: people=1, frame_idx=0
2025-11-27 16:27:00,434 - INFO - openpose - Gaze3D frame=0 id=None label=None v=[-0.555, -0.099, 0.826] yaw=-33.9 pitch=5.7 cx=387.44305419921875
2025-11-27 16:27:00,434 - INFO - openpose - Gaze PUB: people=1, frame_idx=0
2025-11-27 16:27:00,625 - INFO - openpose - Gaze3D frame=0 id=None label=None v=[-0.494, 0.084, 0.866] yaw=-29.7 pitch=-4.8 cx=387.53282165527344
2025-11-27 16:27:00,625 - INFO - openpose - Gaze PUB: people=1, frame_idx=0
2025-11-27 16:27:00,802 - INFO - openpose - Gaze3D frame=0 id=None label=None v=[-0.446, 0.177, 0.877] yaw=-27.0 pitch=-10.2 cx=387.48707580566406
2025-11-27 16:27:00,802 - INFO - openpose - Gaze PUB: people=1, frame_idx=0
2025-11-27 16:27:00,991 - INFO - openpose - Gaze3D frame=0 id=None label=None v=[-0.499, 0.099, 0.861] yaw=-30.1 pitch=-5.7 cx=387.8441619873047
2025-11-27 16:27:00,992 - INFO - openpose - Gaze PUB: people=1, frame_idx=0
2025-11-27 16:27:01,162 - INFO - openpose - Gaze3D frame=0 id=None label=None v=[-0.616, 0.102, 0.781] yaw=-38.3 pitch=-5.9 cx=388.2669982910156
2025-11-27 16:27:01,162 - INFO - openpose - Gaze PUB: people=1, frame_idx=0
2025-11-27 16:27:01,341 - INFO - openpose - Gaze3D frame=0 id=None label=None v=[-0.464, 0.029, 0.885] yaw=-27.7 pitch=-1.6 cx=388.4592742919922
2025-11-27 16:27:01,341 - INFO - openpose - Gaze PUB: people=1, frame_idx=0
2025-11-27 16:27:01,529 - INFO - openpose - Gaze3D frame=0 id=None label=None v=[-0.502, 0.171, 0.848] yaw=-30.6 pitch=-9.8 cx=389.06996154785156
2025-11-27 16:27:01,529 - INFO - openpose - Gaze PUB: people=1, frame_idx=0
2025-11-27 16:27:01,711 - INFO - openpose - Gaze3D frame=0 id=None label=None v=[-0.413, 0.108, 0.904] yaw=-24.6 pitch=-6.2 cx=389.4485778808594
2025-11-27 16:27:01,711 - INFO - openpose - Gaze PUB: people=1, frame_idx=0
2025-11-27 16:27:01,885 - INFO - openpose - Gaze3D frame=0 id=None label=None v=[-0.345, 0.085, 0.935] yaw=-20.2 pitch=-4.9 cx=388.83631896972656
2025-11-27 16:27:01,885 - INFO - openpose - Gaze PUB: people=1, frame_idx=0
2025-11-27 16:27:02,038 - INFO - openpose - Gaze3D frame=0 id=None label=None v=[-0.346, 0.266, 0.900] yaw=-21.1 pitch=-15.4 cx=389.7853088378906
2025-11-27 16:27:02,038 - INFO - openpose - Gaze PUB: people=1, frame_idx=0
2025-11-27 16:27:02,210 - INFO - openpose - Gaze3D frame=0 id=None label=None v=[-0.249, 0.391, 0.886] yaw=-15.7 pitch=-23.0 cx=391.8339385986328
2025-11-27 16:27:02,210 - INFO - openpose - Gaze PUB: people=1, frame_idx=0
2025-11-27 16:27:02,396 - INFO - openpose - Gaze3D frame=0 id=None label=None v=[-0.371, -0.028, 0.928] yaw=-21.8 pitch=1.6 cx=392.4798278808594
2025-11-27 16:27:02,397 - INFO - openpose - Gaze PUB: people=1, frame_idx=0
2025-11-27 16:27:02,576 - INFO - openpose - Gaze3D frame=0 id=None label=None v=[-0.481, -0.052, 0.875] yaw=-28.8 pitch=3.0 cx=392.4243469238281
2025-11-27 16:27:02,577 - INFO - openpose - Gaze PUB: people=1, frame_idx=0
2025-11-27 16:27:02,749 - INFO - openpose - Gaze3D frame=0 id=None label=None v=[-0.308, 0.169, 0.936] yaw=-18.2 pitch=-9.7 cx=391.93116760253906
2025-11-27 16:27:02,749 - INFO - openpose - Gaze PUB: people=1, frame_idx=0
2025-11-27 16:27:02,918 - INFO - openpose - Gaze3D frame=0 id=None label=None v=[-0.379, 0.113, 0.918] yaw=-22.5 pitch=-6.5 cx=389.6432342529297
2025-11-27 16:27:02,918 - INFO - openpose - Gaze PUB: people=1, frame_idx=0
2025-11-27 16:27:03,090 - INFO - openpose - Gaze3D frame=0 id=None label=None v=[-0.403, 0.075, 0.912] yaw=-23.8 pitch=-4.3 cx=388.87889099121094
2025-11-27 16:27:03,090 - INFO - openpose - Gaze PUB: people=1, frame_idx=0
2025-11-27 16:27:03,273 - INFO - openpose - Gaze3D frame=0 id=None label=None v=[-0.471, 0.147, 0.870] yaw=-28.4 pitch=-8.5 cx=389.2054138183594
2025-11-27 16:27:03,274 - INFO - openpose - Gaze PUB: people=1, frame_idx=0
2025-11-27 16:27:03,456 - INFO - openpose - Gaze3D frame=0 id=None label=None v=[-0.409, 0.268, 0.872] yaw=-25.1 pitch=-15.5 cx=390.0138244628906
2025-11-27 16:27:03,456 - INFO - openpose - Gaze PUB: people=1, frame_idx=0
2025-11-27 16:27:03,659 - INFO - openpose - Gaze3D frame=0 id=None label=None v=[-0.462, 0.226, 0.858] yaw=-28.3 pitch=-13.0 cx=391.63983154296875
2025-11-27 16:27:03,659 - INFO - openpose - Gaze PUB: people=1, frame_idx=0
2025-11-27 16:27:03,851 - INFO - openpose - Gaze3D frame=0 id=None label=None v=[-0.284, 0.336, 0.898] yaw=-17.5 pitch=-19.6 cx=391.6536407470703
2025-11-27 16:27:03,851 - INFO - openpose - Gaze PUB: people=1, frame_idx=0
2025-11-27 16:27:04,028 - INFO - openpose - Gaze3D frame=0 id=None label=None v=[-0.513, 0.275, 0.813] yaw=-32.2 pitch=-16.0 cx=394.7646179199219
2025-11-27 16:27:04,028 - INFO - openpose - Gaze PUB: people=1, frame_idx=0
2025-11-27 16:27:04,206 - INFO - openpose - Gaze3D frame=0 id=None label=None v=[-0.495, 0.231, 0.838] yaw=-30.6 pitch=-13.4 cx=395.67945861816406
2025-11-27 16:27:04,207 - INFO - openpose - Gaze PUB: people=1, frame_idx=0
2025-11-27 16:27:04,387 - INFO - openpose - Gaze3D frame=0 id=None label=None v=[-0.397, 0.234, 0.888] yaw=-24.1 pitch=-13.5 cx=392.1893310546875
2025-11-27 16:27:04,388 - INFO - openpose - Gaze PUB: people=1, frame_idx=0
2025-11-27 16:27:04,575 - INFO - openpose - Gaze3D frame=0 id=None label=None v=[-0.514, 0.047, 0.857] yaw=-30.9 pitch=-2.7 cx=382.13356018066406
2025-11-27 16:27:04,575 - INFO - openpose - Gaze PUB: people=1, frame_idx=0
2025-11-27 16:27:04,759 - INFO - openpose - Gaze3D frame=0 id=None label=None v=[-0.348, 0.129, 0.929] yaw=-20.6 pitch=-7.4 cx=370.41139221191406
2025-11-27 16:27:04,760 - INFO - openpose - Gaze PUB: people=1, frame_idx=0
2025-11-27 16:27:04,931 - INFO - openpose - Gaze3D frame=0 id=None label=None v=[-0.481, 0.319, 0.817] yaw=-30.5 pitch=-18.6 cx=362.81585693359375
2025-11-27 16:27:04,931 - INFO - openpose - Gaze PUB: people=1, frame_idx=0
2025-11-27 16:27:05,114 - INFO - openpose - Gaze3D frame=0 id=None label=None v=[-0.430, -0.083, 0.899] yaw=-25.6 pitch=4.7 cx=356.02392578125
2025-11-27 16:27:05,114 - INFO - openpose - Gaze PUB: people=1, frame_idx=0
2025-11-27 16:27:05,304 - INFO - openpose - Gaze3D frame=0 id=None label=None v=[-0.230, -0.428, 0.874] yaw=-14.8 pitch=25.4 cx=345.9464569091797
2025-11-27 16:27:05,304 - INFO - openpose - Gaze PUB: people=1, frame_idx=0
2025-11-27 16:27:05,491 - INFO - openpose - Gaze3D frame=0 id=None label=None v=[-0.382, -0.446, 0.810] yaw=-25.3 pitch=26.5 cx=343.19049072265625
2025-11-27 16:27:05,491 - INFO - openpose - Gaze PUB: people=1, frame_idx=0
2025-11-27 16:27:05,668 - INFO - openpose - Gaze3D frame=0 id=None label=None v=[-0.309, -0.321, 0.895] yaw=-19.1 pitch=18.7 cx=342.2221984863281
2025-11-27 16:27:05,668 - INFO - openpose - Gaze PUB: people=1, frame_idx=0
2025-11-27 16:27:05,850 - INFO - openpose - Gaze3D frame=0 id=None label=None v=[-0.294, -0.336, 0.895] yaw=-18.2 pitch=19.6 cx=341.36778259277344
2025-11-27 16:27:05,850 - INFO - openpose - Gaze PUB: people=1, frame_idx=0
2025-11-27 16:27:06,024 - INFO - openpose - Gaze3D frame=0 id=None label=None v=[-0.407, -0.341, 0.847] yaw=-25.7 pitch=19.9 cx=341.5204620361328
2025-11-27 16:27:06,025 - INFO - openpose - Gaze PUB: people=1, frame_idx=0
2025-11-27 16:27:06,195 - INFO - openpose - Gaze3D frame=0 id=None label=None v=[-0.454, -0.163, 0.876] yaw=-27.4 pitch=9.4 cx=343.0575256347656
2025-11-27 16:27:06,195 - INFO - openpose - Gaze PUB: people=1, frame_idx=0
2025-11-27 16:27:06,375 - INFO - openpose - Gaze3D frame=0 id=None label=None v=[-0.464, 0.023, 0.885] yaw=-27.7 pitch=-1.3 cx=347.0128173828125
2025-11-27 16:27:06,375 - INFO - openpose - Gaze PUB: people=1, frame_idx=0
2025-11-27 16:27:06,547 - INFO - openpose - Gaze3D frame=0 id=None label=None v=[-0.421, 0.098, 0.902] yaw=-25.0 pitch=-5.6 cx=350.42738342285156
2025-11-27 16:27:06,547 - INFO - openpose - Gaze PUB: people=1, frame_idx=0
2025-11-27 16:27:06,716 - INFO - openpose - Gaze3D frame=0 id=None label=None v=[-0.491, -0.108, 0.865] yaw=-29.6 pitch=6.2 cx=352.2092742919922
2025-11-27 16:27:06,716 - INFO - openpose - Gaze PUB: people=1, frame_idx=0
2025-11-27 16:27:06,897 - INFO - openpose - Gaze3D frame=0 id=None label=None v=[-0.557, 0.064, 0.828] yaw=-33.9 pitch=-3.7 cx=353.6587219238281
2025-11-27 16:27:06,897 - INFO - openpose - Gaze PUB: people=1, frame_idx=0
2025-11-27 16:27:07,074 - INFO - openpose - Gaze3D frame=0 id=None label=None v=[-0.593, -0.119, 0.797] yaw=-36.7 pitch=6.8 cx=355.620361328125
2025-11-27 16:27:07,074 - INFO - openpose - Gaze PUB: people=1, frame_idx=0
2025-11-27 16:27:07,252 - INFO - openpose - Gaze3D frame=0 id=None label=None v=[-0.340, -0.307, 0.889] yaw=-20.9 pitch=17.9 cx=357.8694763183594
2025-11-27 16:27:07,252 - INFO - openpose - Gaze PUB: people=1, frame_idx=0
2025-11-27 16:27:07,424 - INFO - openpose - Gaze3D frame=0 id=None label=None v=[-0.379, -0.572, 0.727] yaw=-27.5 pitch=34.9 cx=356.13270568847656
2025-11-27 16:27:07,424 - INFO - openpose - Gaze PUB: people=1, frame_idx=0
2025-11-27 16:27:07,603 - INFO - openpose - Gaze3D frame=0 id=None label=None v=[-0.173, -0.599, 0.782] yaw=-12.4 pitch=36.8 cx=349.4228820800781
2025-11-27 16:27:07,603 - INFO - openpose - Gaze PUB: people=1, frame_idx=0
2025-11-27 16:27:07,799 - INFO - openpose - Gaze3D frame=0 id=None label=None v=[-0.232, -0.635, 0.737] yaw=-17.5 pitch=39.5 cx=340.886962890625
2025-11-27 16:27:07,799 - INFO - openpose - Gaze PUB: people=1, frame_idx=0
2025-11-27 16:27:07,995 - INFO - openpose - Gaze3D frame=0 id=None label=None v=[-0.260, -0.619, 0.741] yaw=-19.4 pitch=38.3 cx=324.2210388183594
2025-11-27 16:27:07,995 - INFO - openpose - Gaze PUB: people=1, frame_idx=0
2025-11-27 16:27:08,173 - INFO - openpose - Gaze3D frame=0 id=None label=None v=[-0.114, -0.534, 0.838] yaw=-7.7 pitch=32.3 cx=300.19940185546875
2025-11-27 16:27:08,173 - INFO - openpose - Gaze PUB: people=1, frame_idx=0
2025-11-27 16:27:08,350 - INFO - openpose - Gaze3D frame=0 id=None label=None v=[-0.160, -0.590, 0.792] yaw=-11.4 pitch=36.1 cx=282.8007354736328
2025-11-27 16:27:08,350 - INFO - openpose - Gaze PUB: people=1, frame_idx=0
2025-11-27 16:27:08,530 - INFO - openpose - Gaze3D frame=0 id=None label=None v=[-0.230, -0.508, 0.830] yaw=-15.5 pitch=30.5 cx=268.7596435546875
2025-11-27 16:27:08,530 - INFO - openpose - Gaze PUB: people=1, frame_idx=0
2025-11-27 16:27:08,706 - INFO - openpose - Gaze3D frame=0 id=None label=None v=[-0.214, -0.705, 0.676] yaw=-17.6 pitch=44.8 cx=260.69727325439453
2025-11-27 16:27:08,706 - INFO - openpose - Gaze PUB: people=1, frame_idx=0
2025-11-27 16:27:08,882 - INFO - openpose - Gaze3D frame=0 id=None label=None v=[-0.119, -0.802, 0.586] yaw=-11.5 pitch=53.3 cx=251.54867553710938
2025-11-27 16:27:08,882 - INFO - openpose - Gaze PUB: people=1, frame_idx=0
2025-11-27 16:27:09,067 - INFO - openpose - Gaze3D frame=0 id=None label=None v=[-0.115, -0.602, 0.791] yaw=-8.3 pitch=37.0 cx=235.96836853027344
2025-11-27 16:27:09,067 - INFO - openpose - Gaze PUB: people=1, frame_idx=0
2025-11-27 16:27:09,258 - INFO - openpose - Gaze3D frame=0 id=None label=None v=[-0.099, -0.778, 0.620] yaw=-9.0 pitch=51.1 cx=214.17525482177734
2025-11-27 16:27:09,258 - INFO - openpose - Gaze PUB: people=1, frame_idx=0
2025-11-27 16:27:09,432 - INFO - openpose - Gaze3D frame=0 id=None label=None v=[-0.085, -0.763, 0.641] yaw=-7.6 pitch=49.7 cx=183.48529815673828
2025-11-27 16:27:09,432 - INFO - openpose - Gaze PUB: people=1, frame_idx=0
2025-11-27 16:27:09,604 - INFO - openpose - Gaze3D frame=0 id=None label=None v=[-0.078, -0.602, 0.795] yaw=-5.6 pitch=37.0 cx=159.54977416992188
2025-11-27 16:27:09,604 - INFO - openpose - Gaze PUB: people=1, frame_idx=0
2025-11-27 16:27:09,787 - INFO - openpose - Gaze3D frame=0 id=None label=None v=[-0.017, -0.698, 0.716] yaw=-1.4 pitch=44.3 cx=136.94926071166992
2025-11-27 16:27:09,787 - INFO - openpose - Gaze PUB: people=1, frame_idx=0
2025-11-27 16:27:09,969 - INFO - openpose - Gaze3D frame=0 id=None label=None v=[-0.022, -0.553, 0.833] yaw=-1.5 pitch=33.6 cx=112.68624877929688
2025-11-27 16:27:09,969 - INFO - openpose - Gaze PUB: people=1, frame_idx=0
2025-11-27 16:27:10,152 - INFO - openpose - Gaze3D frame=0 id=None label=None v=[-0.273, -0.634, 0.723] yaw=-20.7 pitch=39.3 cx=99.30314636230469
2025-11-27 16:27:10,152 - INFO - openpose - Gaze PUB: people=1, frame_idx=0
2025-11-27 16:27:10,335 - INFO - openpose - Gaze3D frame=0 id=None label=None v=[-0.419, -0.485, 0.767] yaw=-28.6 pitch=29.0 cx=78.58928489685059
2025-11-27 16:27:10,335 - INFO - openpose - Gaze PUB: people=1, frame_idx=0
2025-11-27 16:27:10,506 - INFO - openpose - Gaze3D frame=0 id=None label=None v=[-0.379, -0.254, 0.890] yaw=-23.1 pitch=14.7 cx=60.79470443725586
2025-11-27 16:27:10,506 - INFO - openpose - Gaze PUB: people=1, frame_idx=0
2025-11-27 16:27:10,687 - INFO - openpose - Gaze3D frame=0 id=None label=None v=[-0.383, -0.121, 0.916] yaw=-22.7 pitch=6.9 cx=44.98179817199707
2025-11-27 16:27:10,687 - INFO - openpose - Gaze PUB: people=1, frame_idx=0
2025-11-27 16:27:10,855 - INFO - openpose - Gaze3D frame=0 id=None label=None v=[-0.291, -0.174, 0.941] yaw=-17.2 pitch=10.0 cx=25.23384690284729
2025-11-27 16:27:10,855 - INFO - openpose - Gaze PUB: people=1, frame_idx=0
2025-11-27 16:27:11,028 - INFO - openpose - Gaze3D frame=0 id=None label=None v=[-0.168, 0.062, 0.984] yaw=-9.7 pitch=-3.5 cx=15.188628315925598
2025-11-27 16:27:11,028 - INFO - openpose - Gaze PUB: people=1, frame_idx=0
2025-11-27 16:27:11,218 - INFO - openpose - Gaze3D frame=0 id=None label=None v=[-0.235, 0.074, 0.969] yaw=-13.6 pitch=-4.2 cx=10.282489538192749
2025-11-27 16:27:11,218 - INFO - openpose - Gaze PUB: people=1, frame_idx=0
2025-11-27 16:27:11,410 - INFO - openpose - Gaze3D frame=0 id=None label=None v=[-0.019, 0.010, 1.000] yaw=-1.1 pitch=-0.5 cx=10.623212814331055
2025-11-27 16:27:11,410 - INFO - openpose - Gaze PUB: people=1, frame_idx=0
2025-11-27 16:27:11,520 - CRITICAL - openpose - Critical error in openpose_server: need at least one array to stack
Traceback (most recent call last):
  File "openpose_server.py", line 521, in <module>
    gaze_results = gaze_pipeline.step(frame)         # same as demo.py
  File "/home/ines/Desktop/Harmony/L2CS_Net/l2cs/pipeline.py", line 93, in step
    pitch, yaw = self.predict_gaze(np.stack(face_imgs))
  File "<__array_function__ internals>", line 200, in stack
  File "/home/ines/.local/lib/python3.8/site-packages/numpy/core/shape_base.py", line 460, in stack
    raise ValueError('need at least one array to stack')
ValueError: need at least one array to stack
